[2024-02-19T18:00:22.627+0900] {taskinstance.py:1956} INFO - Dependencies all met for dep_context=non-requeueable deps ti=<TaskInstance: Community_Spark_Submit.Community_Spark_task scheduled__2024-02-18T09:00:00+00:00 [queued]>
[2024-02-19T18:00:22.635+0900] {taskinstance.py:1956} INFO - Dependencies all met for dep_context=requeueable deps ti=<TaskInstance: Community_Spark_Submit.Community_Spark_task scheduled__2024-02-18T09:00:00+00:00 [queued]>
[2024-02-19T18:00:22.635+0900] {taskinstance.py:2170} INFO - Starting attempt 1 of 1
[2024-02-19T18:00:22.651+0900] {taskinstance.py:2191} INFO - Executing <Task(SparkSubmitOperator): Community_Spark_task> on 2024-02-18 09:00:00+00:00
[2024-02-19T18:00:22.656+0900] {standard_task_runner.py:60} INFO - Started process 94905 to run task
[2024-02-19T18:00:22.659+0900] {standard_task_runner.py:87} INFO - Running: ['airflow', 'tasks', 'run', 'Community_Spark_Submit', 'Community_Spark_task', 'scheduled__2024-02-18T09:00:00+00:00', '--job-id', '71', '--raw', '--subdir', 'DAGS_FOLDER/community_spark.py', '--cfg-path', '/tmp/tmppkje4p_x']
[2024-02-19T18:00:22.661+0900] {standard_task_runner.py:88} INFO - Job 71: Subtask Community_Spark_task
[2024-02-19T18:00:22.698+0900] {task_command.py:423} INFO - Running <TaskInstance: Community_Spark_Submit.Community_Spark_task scheduled__2024-02-18T09:00:00+00:00 [running]> on host ip-172-31-11-88.ap-northeast-2.compute.internal
[2024-02-19T18:00:22.762+0900] {taskinstance.py:2480} INFO - Exporting env vars: AIRFLOW_CTX_DAG_OWNER='airflow' AIRFLOW_CTX_DAG_ID='Community_Spark_Submit' AIRFLOW_CTX_TASK_ID='Community_Spark_task' AIRFLOW_CTX_EXECUTION_DATE='2024-02-18T09:00:00+00:00' AIRFLOW_CTX_TRY_NUMBER='1' AIRFLOW_CTX_DAG_RUN_ID='scheduled__2024-02-18T09:00:00+00:00'
[2024-02-19T18:00:22.767+0900] {base.py:83} INFO - Using connection ID 'spark_default' for task execution.
[2024-02-19T18:00:22.768+0900] {spark_submit.py:401} INFO - Spark-Submit cmd: spark-submit --master local --name arrow-spark --queue root.default --deploy-mode client /home/ubuntu/spark_file/community_spark.py
[2024-02-19T18:00:25.885+0900] {spark_submit.py:571} INFO - 24/02/19 09:00:25 INFO SparkContext: Running Spark version 3.5.0
[2024-02-19T18:00:25.885+0900] {spark_submit.py:571} INFO - 24/02/19 09:00:25 INFO SparkContext: OS info Linux, 6.2.0-1018-aws, amd64
[2024-02-19T18:00:25.885+0900] {spark_submit.py:571} INFO - 24/02/19 09:00:25 INFO SparkContext: Java version 17.0.9
[2024-02-19T18:00:25.946+0900] {spark_submit.py:571} INFO - 24/02/19 09:00:25 WARN NativeCodeLoader: Unable to load native-hadoop library for your platform... using builtin-java classes where applicable
[2024-02-19T18:00:26.085+0900] {spark_submit.py:571} INFO - 24/02/19 09:00:26 INFO ResourceUtils: ==============================================================
[2024-02-19T18:00:26.086+0900] {spark_submit.py:571} INFO - 24/02/19 09:00:26 INFO ResourceUtils: No custom resources configured for spark.driver.
[2024-02-19T18:00:26.086+0900] {spark_submit.py:571} INFO - 24/02/19 09:00:26 INFO ResourceUtils: ==============================================================
[2024-02-19T18:00:26.087+0900] {spark_submit.py:571} INFO - 24/02/19 09:00:26 INFO SparkContext: Submitted application: CommunityToPostgresql
[2024-02-19T18:00:26.116+0900] {spark_submit.py:571} INFO - 24/02/19 09:00:26 INFO ResourceProfile: Default ResourceProfile created, executor resources: Map(cores -> name: cores, amount: 1, script: , vendor: , memory -> name: memory, amount: 1024, script: , vendor: , offHeap -> name: offHeap, amount: 0, script: , vendor: ), task resources: Map(cpus -> name: cpus, amount: 1.0)
[2024-02-19T18:00:26.126+0900] {spark_submit.py:571} INFO - 24/02/19 09:00:26 INFO ResourceProfile: Limiting resource is cpu
[2024-02-19T18:00:26.126+0900] {spark_submit.py:571} INFO - 24/02/19 09:00:26 INFO ResourceProfileManager: Added ResourceProfile id: 0
[2024-02-19T18:00:26.184+0900] {spark_submit.py:571} INFO - 24/02/19 09:00:26 INFO SecurityManager: Changing view acls to: ubuntu
[2024-02-19T18:00:26.186+0900] {spark_submit.py:571} INFO - 24/02/19 09:00:26 INFO SecurityManager: Changing modify acls to: ubuntu
[2024-02-19T18:00:26.187+0900] {spark_submit.py:571} INFO - 24/02/19 09:00:26 INFO SecurityManager: Changing view acls groups to:
[2024-02-19T18:00:26.187+0900] {spark_submit.py:571} INFO - 24/02/19 09:00:26 INFO SecurityManager: Changing modify acls groups to:
[2024-02-19T18:00:26.188+0900] {spark_submit.py:571} INFO - 24/02/19 09:00:26 INFO SecurityManager: SecurityManager: authentication disabled; ui acls disabled; users with view permissions: ubuntu; groups with view permissions: EMPTY; users with modify permissions: ubuntu; groups with modify permissions: EMPTY
[2024-02-19T18:00:26.464+0900] {spark_submit.py:571} INFO - 24/02/19 09:00:26 INFO Utils: Successfully started service 'sparkDriver' on port 46801.
[2024-02-19T18:00:26.501+0900] {spark_submit.py:571} INFO - 24/02/19 09:00:26 INFO SparkEnv: Registering MapOutputTracker
[2024-02-19T18:00:26.545+0900] {spark_submit.py:571} INFO - 24/02/19 09:00:26 INFO SparkEnv: Registering BlockManagerMaster
[2024-02-19T18:00:26.566+0900] {spark_submit.py:571} INFO - 24/02/19 09:00:26 INFO BlockManagerMasterEndpoint: Using org.apache.spark.storage.DefaultTopologyMapper for getting topology information
[2024-02-19T18:00:26.568+0900] {spark_submit.py:571} INFO - 24/02/19 09:00:26 INFO BlockManagerMasterEndpoint: BlockManagerMasterEndpoint up
[2024-02-19T18:00:26.571+0900] {spark_submit.py:571} INFO - 24/02/19 09:00:26 INFO SparkEnv: Registering BlockManagerMasterHeartbeat
[2024-02-19T18:00:26.596+0900] {spark_submit.py:571} INFO - 24/02/19 09:00:26 INFO DiskBlockManager: Created local directory at /tmp/blockmgr-1206921a-bc14-4a1a-9edb-8fdf92f5c940
[2024-02-19T18:00:26.612+0900] {spark_submit.py:571} INFO - 24/02/19 09:00:26 INFO MemoryStore: MemoryStore started with capacity 434.4 MiB
[2024-02-19T18:00:26.630+0900] {spark_submit.py:571} INFO - 24/02/19 09:00:26 INFO SparkEnv: Registering OutputCommitCoordinator
[2024-02-19T18:00:26.799+0900] {spark_submit.py:571} INFO - 24/02/19 09:00:26 INFO JettyUtils: Start Jetty 0.0.0.0:4040 for SparkUI
[2024-02-19T18:00:26.863+0900] {spark_submit.py:571} INFO - 24/02/19 09:00:26 INFO Utils: Successfully started service 'SparkUI' on port 4040.
[2024-02-19T18:00:27.010+0900] {spark_submit.py:571} INFO - 24/02/19 09:00:27 INFO Executor: Starting executor ID driver on host ip-172-31-11-88.ap-northeast-2.compute.internal
[2024-02-19T18:00:27.011+0900] {spark_submit.py:571} INFO - 24/02/19 09:00:27 INFO Executor: OS info Linux, 6.2.0-1018-aws, amd64
[2024-02-19T18:00:27.011+0900] {spark_submit.py:571} INFO - 24/02/19 09:00:27 INFO Executor: Java version 17.0.9
[2024-02-19T18:00:27.024+0900] {spark_submit.py:571} INFO - 24/02/19 09:00:27 INFO Executor: Starting executor with user classpath (userClassPathFirst = false): ''
[2024-02-19T18:00:27.025+0900] {spark_submit.py:571} INFO - 24/02/19 09:00:27 INFO Executor: Created or updated repl class loader org.apache.spark.util.MutableURLClassLoader@4f5ec76e for default.
[2024-02-19T18:00:27.061+0900] {spark_submit.py:571} INFO - 24/02/19 09:00:27 INFO Utils: Successfully started service 'org.apache.spark.network.netty.NettyBlockTransferService' on port 46727.
[2024-02-19T18:00:27.061+0900] {spark_submit.py:571} INFO - 24/02/19 09:00:27 INFO NettyBlockTransferService: Server created on ip-172-31-11-88.ap-northeast-2.compute.internal:46727
[2024-02-19T18:00:27.061+0900] {spark_submit.py:571} INFO - 24/02/19 09:00:27 INFO BlockManager: Using org.apache.spark.storage.RandomBlockReplicationPolicy for block replication policy
[2024-02-19T18:00:27.066+0900] {spark_submit.py:571} INFO - 24/02/19 09:00:27 INFO BlockManagerMaster: Registering BlockManager BlockManagerId(driver, ip-172-31-11-88.ap-northeast-2.compute.internal, 46727, None)
[2024-02-19T18:00:27.070+0900] {spark_submit.py:571} INFO - 24/02/19 09:00:27 INFO BlockManagerMasterEndpoint: Registering block manager ip-172-31-11-88.ap-northeast-2.compute.internal:46727 with 434.4 MiB RAM, BlockManagerId(driver, ip-172-31-11-88.ap-northeast-2.compute.internal, 46727, None)
[2024-02-19T18:00:27.073+0900] {spark_submit.py:571} INFO - 24/02/19 09:00:27 INFO BlockManagerMaster: Registered BlockManager BlockManagerId(driver, ip-172-31-11-88.ap-northeast-2.compute.internal, 46727, None)
[2024-02-19T18:00:27.075+0900] {spark_submit.py:571} INFO - 24/02/19 09:00:27 INFO BlockManager: Initialized BlockManager: BlockManagerId(driver, ip-172-31-11-88.ap-northeast-2.compute.internal, 46727, None)
[2024-02-19T18:00:27.609+0900] {spark_submit.py:571} INFO - 24/02/19 09:00:27 INFO SharedState: Setting hive.metastore.warehouse.dir ('null') to the value of spark.sql.warehouse.dir.
[2024-02-19T18:00:27.619+0900] {spark_submit.py:571} INFO - 24/02/19 09:00:27 INFO SharedState: Warehouse path is 'file:/home/ubuntu/airflow/spark-warehouse'.
[2024-02-19T18:00:28.536+0900] {spark_submit.py:571} INFO - 24/02/19 09:00:28 WARN MetricsConfig: Cannot locate configuration: tried hadoop-metrics2-s3a-file-system.properties,hadoop-metrics2.properties
[2024-02-19T18:00:28.551+0900] {spark_submit.py:571} INFO - 24/02/19 09:00:28 INFO MetricsSystemImpl: Scheduled Metric snapshot period at 10 second(s).
[2024-02-19T18:00:28.551+0900] {spark_submit.py:571} INFO - 24/02/19 09:00:28 INFO MetricsSystemImpl: s3a-file-system metrics system started
[2024-02-19T18:00:30.064+0900] {spark_submit.py:571} INFO - 24/02/19 09:00:30 INFO InMemoryFileIndex: It took 94 ms to list leaf files for 1 paths.
[2024-02-19T18:00:30.630+0900] {spark_submit.py:571} INFO - 24/02/19 09:00:30 INFO SparkContext: Starting job: parquet at NativeMethodAccessorImpl.java:0
[2024-02-19T18:00:30.649+0900] {spark_submit.py:571} INFO - 24/02/19 09:00:30 INFO DAGScheduler: Got job 0 (parquet at NativeMethodAccessorImpl.java:0) with 1 output partitions
[2024-02-19T18:00:30.650+0900] {spark_submit.py:571} INFO - 24/02/19 09:00:30 INFO DAGScheduler: Final stage: ResultStage 0 (parquet at NativeMethodAccessorImpl.java:0)
[2024-02-19T18:00:30.650+0900] {spark_submit.py:571} INFO - 24/02/19 09:00:30 INFO DAGScheduler: Parents of final stage: List()
[2024-02-19T18:00:30.651+0900] {spark_submit.py:571} INFO - 24/02/19 09:00:30 INFO DAGScheduler: Missing parents: List()
[2024-02-19T18:00:30.668+0900] {spark_submit.py:571} INFO - 24/02/19 09:00:30 INFO DAGScheduler: Submitting ResultStage 0 (MapPartitionsRDD[1] at parquet at NativeMethodAccessorImpl.java:0), which has no missing parents
[2024-02-19T18:00:30.773+0900] {spark_submit.py:571} INFO - 24/02/19 09:00:30 INFO MemoryStore: Block broadcast_0 stored as values in memory (estimated size 103.9 KiB, free 434.3 MiB)
[2024-02-19T18:00:30.814+0900] {spark_submit.py:571} INFO - 24/02/19 09:00:30 INFO MemoryStore: Block broadcast_0_piece0 stored as bytes in memory (estimated size 37.6 KiB, free 434.3 MiB)
[2024-02-19T18:00:30.818+0900] {spark_submit.py:571} INFO - 24/02/19 09:00:30 INFO BlockManagerInfo: Added broadcast_0_piece0 in memory on ip-172-31-11-88.ap-northeast-2.compute.internal:46727 (size: 37.6 KiB, free: 434.4 MiB)
[2024-02-19T18:00:30.821+0900] {spark_submit.py:571} INFO - 24/02/19 09:00:30 INFO SparkContext: Created broadcast 0 from broadcast at DAGScheduler.scala:1580
[2024-02-19T18:00:30.837+0900] {spark_submit.py:571} INFO - 24/02/19 09:00:30 INFO DAGScheduler: Submitting 1 missing tasks from ResultStage 0 (MapPartitionsRDD[1] at parquet at NativeMethodAccessorImpl.java:0) (first 15 tasks are for partitions Vector(0))
[2024-02-19T18:00:30.838+0900] {spark_submit.py:571} INFO - 24/02/19 09:00:30 INFO TaskSchedulerImpl: Adding task set 0.0 with 1 tasks resource profile 0
[2024-02-19T18:00:30.895+0900] {spark_submit.py:571} INFO - 24/02/19 09:00:30 INFO TaskSetManager: Starting task 0.0 in stage 0.0 (TID 0) (ip-172-31-11-88.ap-northeast-2.compute.internal, executor driver, partition 0, PROCESS_LOCAL, 7779 bytes)
[2024-02-19T18:00:30.911+0900] {spark_submit.py:571} INFO - 24/02/19 09:00:30 INFO Executor: Running task 0.0 in stage 0.0 (TID 0)
[2024-02-19T18:00:31.195+0900] {spark_submit.py:571} INFO - 24/02/19 09:00:31 INFO S3AInputStream: Switching to Random IO seek policy
[2024-02-19T18:00:31.429+0900] {spark_submit.py:571} INFO - 24/02/19 09:00:31 INFO Executor: Finished task 0.0 in stage 0.0 (TID 0). 1871 bytes result sent to driver
[2024-02-19T18:00:31.447+0900] {spark_submit.py:571} INFO - 24/02/19 09:00:31 INFO TaskSetManager: Finished task 0.0 in stage 0.0 (TID 0) in 573 ms on ip-172-31-11-88.ap-northeast-2.compute.internal (executor driver) (1/1)
[2024-02-19T18:00:31.462+0900] {spark_submit.py:571} INFO - 24/02/19 09:00:31 INFO DAGScheduler: ResultStage 0 (parquet at NativeMethodAccessorImpl.java:0) finished in 0.766 s
[2024-02-19T18:00:31.470+0900] {spark_submit.py:571} INFO - 24/02/19 09:00:31 INFO TaskSchedulerImpl: Removed TaskSet 0.0, whose tasks have all completed, from pool
[2024-02-19T18:00:31.471+0900] {spark_submit.py:571} INFO - 24/02/19 09:00:31 INFO DAGScheduler: Job 0 is finished. Cancelling potential speculative or zombie tasks for this job
[2024-02-19T18:00:31.472+0900] {spark_submit.py:571} INFO - 24/02/19 09:00:31 INFO TaskSchedulerImpl: Killing all running tasks in stage 0: Stage finished
[2024-02-19T18:00:31.485+0900] {spark_submit.py:571} INFO - 24/02/19 09:00:31 INFO DAGScheduler: Job 0 finished: parquet at NativeMethodAccessorImpl.java:0, took 0.849423 s
[2024-02-19T18:00:33.551+0900] {spark_submit.py:571} INFO - 24/02/19 09:00:33 INFO FileSourceStrategy: Pushed Filters:
[2024-02-19T18:00:33.552+0900] {spark_submit.py:571} INFO - 24/02/19 09:00:33 INFO FileSourceStrategy: Post-Scan Filters: atleastnnonnulls(7, title#0, url#1, datetime#2, content#3, c_author#4, c_datetime#5, c_content#6)
[2024-02-19T18:00:34.077+0900] {spark_submit.py:571} INFO - 24/02/19 09:00:34 INFO CodeGenerator: Code generated in 278.014824 ms
[2024-02-19T18:00:34.112+0900] {spark_submit.py:571} INFO - 24/02/19 09:00:34 INFO MemoryStore: Block broadcast_1 stored as values in memory (estimated size 202.5 KiB, free 434.1 MiB)
[2024-02-19T18:00:34.154+0900] {spark_submit.py:571} INFO - 24/02/19 09:00:34 INFO MemoryStore: Block broadcast_1_piece0 stored as bytes in memory (estimated size 35.3 KiB, free 434.0 MiB)
[2024-02-19T18:00:34.155+0900] {spark_submit.py:571} INFO - 24/02/19 09:00:34 INFO BlockManagerInfo: Added broadcast_1_piece0 in memory on ip-172-31-11-88.ap-northeast-2.compute.internal:46727 (size: 35.3 KiB, free: 434.3 MiB)
[2024-02-19T18:00:34.169+0900] {spark_submit.py:571} INFO - 24/02/19 09:00:34 INFO SparkContext: Created broadcast 1 from save at NativeMethodAccessorImpl.java:0
[2024-02-19T18:00:34.189+0900] {spark_submit.py:571} INFO - 24/02/19 09:00:34 INFO FileSourceScanExec: Planning scan with bin packing, max size: 4255877 bytes, open cost is considered as scanning 4194304 bytes.
[2024-02-19T18:00:34.236+0900] {spark_submit.py:571} INFO - 24/02/19 09:00:34 INFO BlockManagerInfo: Removed broadcast_0_piece0 on ip-172-31-11-88.ap-northeast-2.compute.internal:46727 in memory (size: 37.6 KiB, free: 434.4 MiB)
[2024-02-19T18:00:34.289+0900] {spark_submit.py:571} INFO - 24/02/19 09:00:34 INFO DAGScheduler: Registering RDD 6 (save at NativeMethodAccessorImpl.java:0) as input to shuffle 0
[2024-02-19T18:00:34.298+0900] {spark_submit.py:571} INFO - 24/02/19 09:00:34 INFO DAGScheduler: Got map stage job 1 (save at NativeMethodAccessorImpl.java:0) with 1 output partitions
[2024-02-19T18:00:34.298+0900] {spark_submit.py:571} INFO - 24/02/19 09:00:34 INFO DAGScheduler: Final stage: ShuffleMapStage 1 (save at NativeMethodAccessorImpl.java:0)
[2024-02-19T18:00:34.299+0900] {spark_submit.py:571} INFO - 24/02/19 09:00:34 INFO DAGScheduler: Parents of final stage: List()
[2024-02-19T18:00:34.302+0900] {spark_submit.py:571} INFO - 24/02/19 09:00:34 INFO DAGScheduler: Missing parents: List()
[2024-02-19T18:00:34.310+0900] {spark_submit.py:571} INFO - 24/02/19 09:00:34 INFO DAGScheduler: Submitting ShuffleMapStage 1 (MapPartitionsRDD[6] at save at NativeMethodAccessorImpl.java:0), which has no missing parents
[2024-02-19T18:00:34.350+0900] {spark_submit.py:571} INFO - 24/02/19 09:00:34 INFO CodeGenerator: Code generated in 41.773244 ms
[2024-02-19T18:00:34.398+0900] {spark_submit.py:571} INFO - 24/02/19 09:00:34 INFO MemoryStore: Block broadcast_2 stored as values in memory (estimated size 24.1 KiB, free 434.1 MiB)
[2024-02-19T18:00:34.420+0900] {spark_submit.py:571} INFO - 24/02/19 09:00:34 INFO MemoryStore: Block broadcast_2_piece0 stored as bytes in memory (estimated size 9.2 KiB, free 434.1 MiB)
[2024-02-19T18:00:34.421+0900] {spark_submit.py:571} INFO - 24/02/19 09:00:34 INFO BlockManagerInfo: Added broadcast_2_piece0 in memory on ip-172-31-11-88.ap-northeast-2.compute.internal:46727 (size: 9.2 KiB, free: 434.4 MiB)
[2024-02-19T18:00:34.423+0900] {spark_submit.py:571} INFO - 24/02/19 09:00:34 INFO SparkContext: Created broadcast 2 from broadcast at DAGScheduler.scala:1580
[2024-02-19T18:00:34.427+0900] {spark_submit.py:571} INFO - 24/02/19 09:00:34 INFO DAGScheduler: Submitting 1 missing tasks from ShuffleMapStage 1 (MapPartitionsRDD[6] at save at NativeMethodAccessorImpl.java:0) (first 15 tasks are for partitions Vector(0))
[2024-02-19T18:00:34.428+0900] {spark_submit.py:571} INFO - 24/02/19 09:00:34 INFO TaskSchedulerImpl: Adding task set 1.0 with 1 tasks resource profile 0
[2024-02-19T18:00:34.432+0900] {spark_submit.py:571} INFO - 24/02/19 09:00:34 INFO DAGScheduler: Registering RDD 8 (save at NativeMethodAccessorImpl.java:0) as input to shuffle 1
[2024-02-19T18:00:34.432+0900] {spark_submit.py:571} INFO - 24/02/19 09:00:34 INFO DAGScheduler: Got map stage job 2 (save at NativeMethodAccessorImpl.java:0) with 1 output partitions
[2024-02-19T18:00:34.432+0900] {spark_submit.py:571} INFO - 24/02/19 09:00:34 INFO DAGScheduler: Final stage: ShuffleMapStage 2 (save at NativeMethodAccessorImpl.java:0)
[2024-02-19T18:00:34.433+0900] {spark_submit.py:571} INFO - 24/02/19 09:00:34 INFO DAGScheduler: Parents of final stage: List()
[2024-02-19T18:00:34.433+0900] {spark_submit.py:571} INFO - 24/02/19 09:00:34 INFO DAGScheduler: Missing parents: List()
[2024-02-19T18:00:34.433+0900] {spark_submit.py:571} INFO - 24/02/19 09:00:34 INFO DAGScheduler: Submitting ShuffleMapStage 2 (MapPartitionsRDD[8] at save at NativeMethodAccessorImpl.java:0), which has no missing parents
[2024-02-19T18:00:34.434+0900] {spark_submit.py:571} INFO - 24/02/19 09:00:34 INFO TaskSetManager: Starting task 0.0 in stage 1.0 (TID 1) (ip-172-31-11-88.ap-northeast-2.compute.internal, executor driver, partition 0, PROCESS_LOCAL, 8236 bytes)
[2024-02-19T18:00:34.435+0900] {spark_submit.py:571} INFO - 24/02/19 09:00:34 INFO Executor: Running task 0.0 in stage 1.0 (TID 1)
[2024-02-19T18:00:34.498+0900] {spark_submit.py:571} INFO - 24/02/19 09:00:34 INFO MemoryStore: Block broadcast_3 stored as values in memory (estimated size 13.9 KiB, free 434.1 MiB)
[2024-02-19T18:00:34.499+0900] {spark_submit.py:571} INFO - 24/02/19 09:00:34 INFO MemoryStore: Block broadcast_3_piece0 stored as bytes in memory (estimated size 7.3 KiB, free 434.1 MiB)
[2024-02-19T18:00:34.500+0900] {spark_submit.py:571} INFO - 24/02/19 09:00:34 INFO BlockManagerInfo: Added broadcast_3_piece0 in memory on ip-172-31-11-88.ap-northeast-2.compute.internal:46727 (size: 7.3 KiB, free: 434.3 MiB)
[2024-02-19T18:00:34.503+0900] {spark_submit.py:571} INFO - 24/02/19 09:00:34 INFO SparkContext: Created broadcast 3 from broadcast at DAGScheduler.scala:1580
[2024-02-19T18:00:34.503+0900] {spark_submit.py:571} INFO - 24/02/19 09:00:34 INFO DAGScheduler: Submitting 1 missing tasks from ShuffleMapStage 2 (MapPartitionsRDD[8] at save at NativeMethodAccessorImpl.java:0) (first 15 tasks are for partitions Vector(0))
[2024-02-19T18:00:34.504+0900] {spark_submit.py:571} INFO - 24/02/19 09:00:34 INFO TaskSchedulerImpl: Adding task set 2.0 with 1 tasks resource profile 0
[2024-02-19T18:00:34.578+0900] {spark_submit.py:571} INFO - 24/02/19 09:00:34 INFO CodeGenerator: Code generated in 45.627843 ms
[2024-02-19T18:00:34.642+0900] {spark_submit.py:571} INFO - 24/02/19 09:00:34 INFO CodeGenerator: Code generated in 41.369511 ms
[2024-02-19T18:00:34.657+0900] {spark_submit.py:571} INFO - 24/02/19 09:00:34 INFO FileScanRDD: Reading File path: s3a://hyunwoo-toy-project-bucket/community/20240219_community.parquet, range: 0-61573, partition values: [empty row]
[2024-02-19T18:00:34.736+0900] {spark_submit.py:571} INFO - 24/02/19 09:00:34 INFO S3AInputStream: Switching to Random IO seek policy
[2024-02-19T18:00:34.924+0900] {spark_submit.py:571} INFO - 24/02/19 09:00:34 INFO CodecPool: Got brand-new decompressor [.snappy]
[2024-02-19T18:00:35.265+0900] {spark_submit.py:571} INFO - 24/02/19 09:00:35 INFO Executor: Finished task 0.0 in stage 1.0 (TID 1). 2377 bytes result sent to driver
[2024-02-19T18:00:35.267+0900] {spark_submit.py:571} INFO - 24/02/19 09:00:35 INFO TaskSetManager: Starting task 0.0 in stage 2.0 (TID 2) (ip-172-31-11-88.ap-northeast-2.compute.internal, executor driver, partition 0, PROCESS_LOCAL, 7450 bytes)
[2024-02-19T18:00:35.270+0900] {spark_submit.py:571} INFO - 24/02/19 09:00:35 INFO Executor: Running task 0.0 in stage 2.0 (TID 2)
[2024-02-19T18:00:35.274+0900] {spark_submit.py:571} INFO - 24/02/19 09:00:35 INFO TaskSetManager: Finished task 0.0 in stage 1.0 (TID 1) in 844 ms on ip-172-31-11-88.ap-northeast-2.compute.internal (executor driver) (1/1)
[2024-02-19T18:00:35.276+0900] {spark_submit.py:571} INFO - 24/02/19 09:00:35 INFO DAGScheduler: ShuffleMapStage 1 (save at NativeMethodAccessorImpl.java:0) finished in 0.953 s
[2024-02-19T18:00:35.277+0900] {spark_submit.py:571} INFO - 24/02/19 09:00:35 INFO DAGScheduler: looking for newly runnable stages
[2024-02-19T18:00:35.278+0900] {spark_submit.py:571} INFO - 24/02/19 09:00:35 INFO DAGScheduler: running: Set(ShuffleMapStage 2)
[2024-02-19T18:00:35.282+0900] {spark_submit.py:571} INFO - 24/02/19 09:00:35 INFO DAGScheduler: waiting: Set()
[2024-02-19T18:00:35.283+0900] {spark_submit.py:571} INFO - 24/02/19 09:00:35 INFO DAGScheduler: failed: Set()
[2024-02-19T18:00:35.292+0900] {spark_submit.py:571} INFO - 24/02/19 09:00:35 INFO TaskSchedulerImpl: Removed TaskSet 1.0, whose tasks have all completed, from pool
[2024-02-19T18:00:35.446+0900] {spark_submit.py:571} INFO - 24/02/19 09:00:35 INFO CodeGenerator: Code generated in 21.477208 ms
[2024-02-19T18:00:35.485+0900] {spark_submit.py:571} INFO - 24/02/19 09:00:35 INFO CodeGenerator: Code generated in 29.552241 ms
[2024-02-19T18:00:35.562+0900] {spark_submit.py:571} INFO - 24/02/19 09:00:35 INFO JDBCRDD: closed connection
[2024-02-19T18:00:35.613+0900] {spark_submit.py:571} INFO - 24/02/19 09:00:35 INFO Executor: Finished task 0.0 in stage 2.0 (TID 2). 1984 bytes result sent to driver
[2024-02-19T18:00:35.617+0900] {spark_submit.py:571} INFO - 24/02/19 09:00:35 INFO TaskSetManager: Finished task 0.0 in stage 2.0 (TID 2) in 350 ms on ip-172-31-11-88.ap-northeast-2.compute.internal (executor driver) (1/1)
[2024-02-19T18:00:35.620+0900] {spark_submit.py:571} INFO - 24/02/19 09:00:35 INFO DAGScheduler: ShuffleMapStage 2 (save at NativeMethodAccessorImpl.java:0) finished in 1.174 s
[2024-02-19T18:00:35.620+0900] {spark_submit.py:571} INFO - 24/02/19 09:00:35 INFO DAGScheduler: looking for newly runnable stages
[2024-02-19T18:00:35.620+0900] {spark_submit.py:571} INFO - 24/02/19 09:00:35 INFO DAGScheduler: running: Set()
[2024-02-19T18:00:35.621+0900] {spark_submit.py:571} INFO - 24/02/19 09:00:35 INFO DAGScheduler: waiting: Set()
[2024-02-19T18:00:35.621+0900] {spark_submit.py:571} INFO - 24/02/19 09:00:35 INFO DAGScheduler: failed: Set()
[2024-02-19T18:00:35.621+0900] {spark_submit.py:571} INFO - 24/02/19 09:00:35 INFO TaskSchedulerImpl: Removed TaskSet 2.0, whose tasks have all completed, from pool
[2024-02-19T18:00:35.644+0900] {spark_submit.py:571} INFO - 24/02/19 09:00:35 INFO ShufflePartitionsUtil: For shuffle(1), advisory target size: 67108864, actual target size 1048576, minimum partition size: 1048576
[2024-02-19T18:00:35.674+0900] {spark_submit.py:571} INFO - 24/02/19 09:00:35 INFO SparkContext: Starting job: $anonfun$withThreadLocalCaptured$1 at FutureTask.java:264
[2024-02-19T18:00:35.677+0900] {spark_submit.py:571} INFO - 24/02/19 09:00:35 INFO DAGScheduler: Got job 3 ($anonfun$withThreadLocalCaptured$1 at FutureTask.java:264) with 1 output partitions
[2024-02-19T18:00:35.677+0900] {spark_submit.py:571} INFO - 24/02/19 09:00:35 INFO DAGScheduler: Final stage: ResultStage 4 ($anonfun$withThreadLocalCaptured$1 at FutureTask.java:264)
[2024-02-19T18:00:35.677+0900] {spark_submit.py:571} INFO - 24/02/19 09:00:35 INFO DAGScheduler: Parents of final stage: List(ShuffleMapStage 3)
[2024-02-19T18:00:35.677+0900] {spark_submit.py:571} INFO - 24/02/19 09:00:35 INFO DAGScheduler: Missing parents: List()
[2024-02-19T18:00:35.681+0900] {spark_submit.py:571} INFO - 24/02/19 09:00:35 INFO DAGScheduler: Submitting ResultStage 4 (MapPartitionsRDD[10] at $anonfun$withThreadLocalCaptured$1 at FutureTask.java:264), which has no missing parents
[2024-02-19T18:00:35.683+0900] {spark_submit.py:571} INFO - 24/02/19 09:00:35 INFO MemoryStore: Block broadcast_4 stored as values in memory (estimated size 8.2 KiB, free 434.1 MiB)
[2024-02-19T18:00:35.690+0900] {spark_submit.py:571} INFO - 24/02/19 09:00:35 INFO MemoryStore: Block broadcast_4_piece0 stored as bytes in memory (estimated size 4.2 KiB, free 434.1 MiB)
[2024-02-19T18:00:35.691+0900] {spark_submit.py:571} INFO - 24/02/19 09:00:35 INFO BlockManagerInfo: Added broadcast_4_piece0 in memory on ip-172-31-11-88.ap-northeast-2.compute.internal:46727 (size: 4.2 KiB, free: 434.3 MiB)
[2024-02-19T18:00:35.692+0900] {spark_submit.py:571} INFO - 24/02/19 09:00:35 INFO SparkContext: Created broadcast 4 from broadcast at DAGScheduler.scala:1580
[2024-02-19T18:00:35.693+0900] {spark_submit.py:571} INFO - 24/02/19 09:00:35 INFO DAGScheduler: Submitting 1 missing tasks from ResultStage 4 (MapPartitionsRDD[10] at $anonfun$withThreadLocalCaptured$1 at FutureTask.java:264) (first 15 tasks are for partitions Vector(0))
[2024-02-19T18:00:35.693+0900] {spark_submit.py:571} INFO - 24/02/19 09:00:35 INFO TaskSchedulerImpl: Adding task set 4.0 with 1 tasks resource profile 0
[2024-02-19T18:00:35.702+0900] {spark_submit.py:571} INFO - 24/02/19 09:00:35 INFO TaskSetManager: Starting task 0.0 in stage 4.0 (TID 3) (ip-172-31-11-88.ap-northeast-2.compute.internal, executor driver, partition 0, NODE_LOCAL, 7634 bytes)
[2024-02-19T18:00:35.703+0900] {spark_submit.py:571} INFO - 24/02/19 09:00:35 INFO Executor: Running task 0.0 in stage 4.0 (TID 3)
[2024-02-19T18:00:35.748+0900] {spark_submit.py:571} INFO - 24/02/19 09:00:35 INFO ShuffleBlockFetcherIterator: Getting 1 (218.3 KiB) non-empty blocks including 1 (218.3 KiB) local and 0 (0.0 B) host-local and 0 (0.0 B) push-merged-local and 0 (0.0 B) remote blocks
[2024-02-19T18:00:35.750+0900] {spark_submit.py:571} INFO - 24/02/19 09:00:35 INFO ShuffleBlockFetcherIterator: Started 0 remote fetches in 11 ms
[2024-02-19T18:00:35.776+0900] {spark_submit.py:571} INFO - 24/02/19 09:00:35 INFO Executor: Finished task 0.0 in stage 4.0 (TID 3). 196724 bytes result sent to driver
[2024-02-19T18:00:35.783+0900] {spark_submit.py:571} INFO - 24/02/19 09:00:35 INFO TaskSetManager: Finished task 0.0 in stage 4.0 (TID 3) in 82 ms on ip-172-31-11-88.ap-northeast-2.compute.internal (executor driver) (1/1)
[2024-02-19T18:00:35.783+0900] {spark_submit.py:571} INFO - 24/02/19 09:00:35 INFO TaskSchedulerImpl: Removed TaskSet 4.0, whose tasks have all completed, from pool
[2024-02-19T18:00:35.787+0900] {spark_submit.py:571} INFO - 24/02/19 09:00:35 INFO DAGScheduler: ResultStage 4 ($anonfun$withThreadLocalCaptured$1 at FutureTask.java:264) finished in 0.103 s
[2024-02-19T18:00:35.787+0900] {spark_submit.py:571} INFO - 24/02/19 09:00:35 INFO DAGScheduler: Job 3 is finished. Cancelling potential speculative or zombie tasks for this job
[2024-02-19T18:00:35.788+0900] {spark_submit.py:571} INFO - 24/02/19 09:00:35 INFO TaskSchedulerImpl: Killing all running tasks in stage 4: Stage finished
[2024-02-19T18:00:35.788+0900] {spark_submit.py:571} INFO - 24/02/19 09:00:35 INFO DAGScheduler: Job 3 finished: $anonfun$withThreadLocalCaptured$1 at FutureTask.java:264, took 0.110581 s
[2024-02-19T18:00:35.819+0900] {spark_submit.py:571} INFO - 24/02/19 09:00:35 INFO CodeGenerator: Code generated in 13.771899 ms
[2024-02-19T18:00:35.838+0900] {spark_submit.py:571} INFO - 24/02/19 09:00:35 INFO BlockManagerInfo: Removed broadcast_2_piece0 on ip-172-31-11-88.ap-northeast-2.compute.internal:46727 in memory (size: 9.2 KiB, free: 434.4 MiB)
[2024-02-19T18:00:35.863+0900] {spark_submit.py:571} INFO - 24/02/19 09:00:35 INFO MemoryStore: Block broadcast_5 stored as values in memory (estimated size 16.1 MiB, free 418.0 MiB)
[2024-02-19T18:00:35.870+0900] {spark_submit.py:571} INFO - 24/02/19 09:00:35 INFO BlockManagerInfo: Removed broadcast_3_piece0 on ip-172-31-11-88.ap-northeast-2.compute.internal:46727 in memory (size: 7.3 KiB, free: 434.4 MiB)
[2024-02-19T18:00:35.876+0900] {spark_submit.py:571} INFO - 24/02/19 09:00:35 INFO MemoryStore: Block broadcast_5_piece0 stored as bytes in memory (estimated size 231.1 KiB, free 417.8 MiB)
[2024-02-19T18:00:35.877+0900] {spark_submit.py:571} INFO - 24/02/19 09:00:35 INFO BlockManagerInfo: Added broadcast_5_piece0 in memory on ip-172-31-11-88.ap-northeast-2.compute.internal:46727 (size: 231.1 KiB, free: 434.1 MiB)
[2024-02-19T18:00:35.878+0900] {spark_submit.py:571} INFO - 24/02/19 09:00:35 INFO SparkContext: Created broadcast 5 from $anonfun$withThreadLocalCaptured$1 at FutureTask.java:264
[2024-02-19T18:00:35.887+0900] {spark_submit.py:571} INFO - 24/02/19 09:00:35 INFO ShufflePartitionsUtil: For shuffle(0), advisory target size: 67108864, actual target size 1048576, minimum partition size: 1048576
[2024-02-19T18:00:35.892+0900] {spark_submit.py:571} INFO - 24/02/19 09:00:35 INFO BlockManagerInfo: Removed broadcast_4_piece0 on ip-172-31-11-88.ap-northeast-2.compute.internal:46727 in memory (size: 4.2 KiB, free: 434.1 MiB)
[2024-02-19T18:00:35.935+0900] {spark_submit.py:571} INFO - 24/02/19 09:00:35 INFO CodeGenerator: Code generated in 20.150906 ms
[2024-02-19T18:00:35.987+0900] {spark_submit.py:571} INFO - 24/02/19 09:00:35 INFO SparkContext: Starting job: save at NativeMethodAccessorImpl.java:0
[2024-02-19T18:00:35.997+0900] {spark_submit.py:571} INFO - 24/02/19 09:00:35 INFO DAGScheduler: Got job 4 (save at NativeMethodAccessorImpl.java:0) with 1 output partitions
[2024-02-19T18:00:35.997+0900] {spark_submit.py:571} INFO - 24/02/19 09:00:35 INFO DAGScheduler: Final stage: ResultStage 6 (save at NativeMethodAccessorImpl.java:0)
[2024-02-19T18:00:35.997+0900] {spark_submit.py:571} INFO - 24/02/19 09:00:35 INFO DAGScheduler: Parents of final stage: List(ShuffleMapStage 5)
[2024-02-19T18:00:35.997+0900] {spark_submit.py:571} INFO - 24/02/19 09:00:35 INFO DAGScheduler: Missing parents: List()
[2024-02-19T18:00:35.997+0900] {spark_submit.py:571} INFO - 24/02/19 09:00:35 INFO DAGScheduler: Submitting ResultStage 6 (MapPartitionsRDD[15] at save at NativeMethodAccessorImpl.java:0), which has no missing parents
[2024-02-19T18:00:36.070+0900] {spark_submit.py:571} INFO - 24/02/19 09:00:36 INFO MemoryStore: Block broadcast_6 stored as values in memory (estimated size 52.4 KiB, free 417.8 MiB)
[2024-02-19T18:00:36.078+0900] {spark_submit.py:571} INFO - 24/02/19 09:00:36 INFO MemoryStore: Block broadcast_6_piece0 stored as bytes in memory (estimated size 23.7 KiB, free 417.7 MiB)
[2024-02-19T18:00:36.080+0900] {spark_submit.py:571} INFO - 24/02/19 09:00:36 INFO BlockManagerInfo: Added broadcast_6_piece0 in memory on ip-172-31-11-88.ap-northeast-2.compute.internal:46727 (size: 23.7 KiB, free: 434.1 MiB)
[2024-02-19T18:00:36.082+0900] {spark_submit.py:571} INFO - 24/02/19 09:00:36 INFO SparkContext: Created broadcast 6 from broadcast at DAGScheduler.scala:1580
[2024-02-19T18:00:36.083+0900] {spark_submit.py:571} INFO - 24/02/19 09:00:36 INFO DAGScheduler: Submitting 1 missing tasks from ResultStage 6 (MapPartitionsRDD[15] at save at NativeMethodAccessorImpl.java:0) (first 15 tasks are for partitions Vector(0))
[2024-02-19T18:00:36.083+0900] {spark_submit.py:571} INFO - 24/02/19 09:00:36 INFO TaskSchedulerImpl: Adding task set 6.0 with 1 tasks resource profile 0
[2024-02-19T18:00:36.086+0900] {spark_submit.py:571} INFO - 24/02/19 09:00:36 INFO TaskSetManager: Starting task 0.0 in stage 6.0 (TID 4) (ip-172-31-11-88.ap-northeast-2.compute.internal, executor driver, partition 0, NODE_LOCAL, 7634 bytes)
[2024-02-19T18:00:36.086+0900] {spark_submit.py:571} INFO - 24/02/19 09:00:36 INFO Executor: Running task 0.0 in stage 6.0 (TID 4)
[2024-02-19T18:00:36.162+0900] {spark_submit.py:571} INFO - 24/02/19 09:00:36 INFO ShuffleBlockFetcherIterator: Getting 1 (270.5 KiB) non-empty blocks including 1 (270.5 KiB) local and 0 (0.0 B) host-local and 0 (0.0 B) push-merged-local and 0 (0.0 B) remote blocks
[2024-02-19T18:00:36.162+0900] {spark_submit.py:571} INFO - 24/02/19 09:00:36 INFO ShuffleBlockFetcherIterator: Started 0 remote fetches in 1 ms
[2024-02-19T18:00:36.193+0900] {spark_submit.py:571} INFO - 24/02/19 09:00:36 INFO CodeGenerator: Code generated in 18.100247 ms
[2024-02-19T18:00:37.443+0900] {spark_submit.py:571} INFO - 24/02/19 09:00:37 INFO CodeGenerator: Code generated in 29.930605 ms
[2024-02-19T18:00:37.479+0900] {spark_submit.py:571} INFO - 24/02/19 09:00:37 INFO Executor: Finished task 0.0 in stage 6.0 (TID 4). 6132 bytes result sent to driver
[2024-02-19T18:00:37.481+0900] {spark_submit.py:571} INFO - 24/02/19 09:00:37 INFO TaskSetManager: Finished task 0.0 in stage 6.0 (TID 4) in 1396 ms on ip-172-31-11-88.ap-northeast-2.compute.internal (executor driver) (1/1)
[2024-02-19T18:00:37.482+0900] {spark_submit.py:571} INFO - 24/02/19 09:00:37 INFO TaskSchedulerImpl: Removed TaskSet 6.0, whose tasks have all completed, from pool
[2024-02-19T18:00:37.489+0900] {spark_submit.py:571} INFO - 24/02/19 09:00:37 INFO DAGScheduler: ResultStage 6 (save at NativeMethodAccessorImpl.java:0) finished in 1.493 s
[2024-02-19T18:00:37.489+0900] {spark_submit.py:571} INFO - 24/02/19 09:00:37 INFO DAGScheduler: Job 4 is finished. Cancelling potential speculative or zombie tasks for this job
[2024-02-19T18:00:37.489+0900] {spark_submit.py:571} INFO - 24/02/19 09:00:37 INFO TaskSchedulerImpl: Killing all running tasks in stage 6: Stage finished
[2024-02-19T18:00:37.489+0900] {spark_submit.py:571} INFO - 24/02/19 09:00:37 INFO DAGScheduler: Job 4 finished: save at NativeMethodAccessorImpl.java:0, took 1.496710 s
[2024-02-19T18:00:37.721+0900] {spark_submit.py:571} INFO - 24/02/19 09:00:37 INFO FileSourceStrategy: Pushed Filters:
[2024-02-19T18:00:37.722+0900] {spark_submit.py:571} INFO - 24/02/19 09:00:37 INFO FileSourceStrategy: Post-Scan Filters: atleastnnonnulls(7, title#0, url#1, datetime#2, content#3, c_author#4, c_datetime#5, c_content#6)
[2024-02-19T18:00:37.863+0900] {spark_submit.py:571} INFO - 24/02/19 09:00:37 INFO CodeGenerator: Code generated in 43.212489 ms
[2024-02-19T18:00:37.880+0900] {spark_submit.py:571} INFO - 24/02/19 09:00:37 INFO MemoryStore: Block broadcast_7 stored as values in memory (estimated size 202.5 KiB, free 417.5 MiB)
[2024-02-19T18:00:37.897+0900] {spark_submit.py:571} INFO - 24/02/19 09:00:37 INFO MemoryStore: Block broadcast_7_piece0 stored as bytes in memory (estimated size 35.3 KiB, free 417.5 MiB)
[2024-02-19T18:00:37.898+0900] {spark_submit.py:571} INFO - 24/02/19 09:00:37 INFO BlockManagerInfo: Added broadcast_7_piece0 in memory on ip-172-31-11-88.ap-northeast-2.compute.internal:46727 (size: 35.3 KiB, free: 434.1 MiB)
[2024-02-19T18:00:37.899+0900] {spark_submit.py:571} INFO - 24/02/19 09:00:37 INFO SparkContext: Created broadcast 7 from count at NativeMethodAccessorImpl.java:0
[2024-02-19T18:00:37.901+0900] {spark_submit.py:571} INFO - 24/02/19 09:00:37 INFO FileSourceScanExec: Planning scan with bin packing, max size: 4255877 bytes, open cost is considered as scanning 4194304 bytes.
[2024-02-19T18:00:37.913+0900] {spark_submit.py:571} INFO - 24/02/19 09:00:37 INFO DAGScheduler: Registering RDD 20 (count at NativeMethodAccessorImpl.java:0) as input to shuffle 2
[2024-02-19T18:00:37.913+0900] {spark_submit.py:571} INFO - 24/02/19 09:00:37 INFO DAGScheduler: Got map stage job 5 (count at NativeMethodAccessorImpl.java:0) with 1 output partitions
[2024-02-19T18:00:37.913+0900] {spark_submit.py:571} INFO - 24/02/19 09:00:37 INFO DAGScheduler: Final stage: ShuffleMapStage 7 (count at NativeMethodAccessorImpl.java:0)
[2024-02-19T18:00:37.913+0900] {spark_submit.py:571} INFO - 24/02/19 09:00:37 INFO DAGScheduler: Parents of final stage: List()
[2024-02-19T18:00:37.913+0900] {spark_submit.py:571} INFO - 24/02/19 09:00:37 INFO DAGScheduler: Missing parents: List()
[2024-02-19T18:00:37.913+0900] {spark_submit.py:571} INFO - 24/02/19 09:00:37 INFO DAGScheduler: Submitting ShuffleMapStage 7 (MapPartitionsRDD[20] at count at NativeMethodAccessorImpl.java:0), which has no missing parents
[2024-02-19T18:00:37.916+0900] {spark_submit.py:571} INFO - 24/02/19 09:00:37 INFO MemoryStore: Block broadcast_8 stored as values in memory (estimated size 22.0 KiB, free 417.5 MiB)
[2024-02-19T18:00:37.917+0900] {spark_submit.py:571} INFO - 24/02/19 09:00:37 INFO MemoryStore: Block broadcast_8_piece0 stored as bytes in memory (estimated size 8.7 KiB, free 417.5 MiB)
[2024-02-19T18:00:37.918+0900] {spark_submit.py:571} INFO - 24/02/19 09:00:37 INFO BlockManagerInfo: Added broadcast_8_piece0 in memory on ip-172-31-11-88.ap-northeast-2.compute.internal:46727 (size: 8.7 KiB, free: 434.1 MiB)
[2024-02-19T18:00:37.919+0900] {spark_submit.py:571} INFO - 24/02/19 09:00:37 INFO SparkContext: Created broadcast 8 from broadcast at DAGScheduler.scala:1580
[2024-02-19T18:00:37.921+0900] {spark_submit.py:571} INFO - 24/02/19 09:00:37 INFO DAGScheduler: Submitting 1 missing tasks from ShuffleMapStage 7 (MapPartitionsRDD[20] at count at NativeMethodAccessorImpl.java:0) (first 15 tasks are for partitions Vector(0))
[2024-02-19T18:00:37.921+0900] {spark_submit.py:571} INFO - 24/02/19 09:00:37 INFO TaskSchedulerImpl: Adding task set 7.0 with 1 tasks resource profile 0
[2024-02-19T18:00:37.923+0900] {spark_submit.py:571} INFO - 24/02/19 09:00:37 INFO TaskSetManager: Starting task 0.0 in stage 7.0 (TID 5) (ip-172-31-11-88.ap-northeast-2.compute.internal, executor driver, partition 0, PROCESS_LOCAL, 8236 bytes)
[2024-02-19T18:00:37.924+0900] {spark_submit.py:571} INFO - 24/02/19 09:00:37 INFO Executor: Running task 0.0 in stage 7.0 (TID 5)
[2024-02-19T18:00:37.928+0900] {spark_submit.py:571} INFO - 24/02/19 09:00:37 INFO DAGScheduler: Registering RDD 22 (count at NativeMethodAccessorImpl.java:0) as input to shuffle 3
[2024-02-19T18:00:37.928+0900] {spark_submit.py:571} INFO - 24/02/19 09:00:37 INFO DAGScheduler: Got map stage job 6 (count at NativeMethodAccessorImpl.java:0) with 1 output partitions
[2024-02-19T18:00:37.929+0900] {spark_submit.py:571} INFO - 24/02/19 09:00:37 INFO DAGScheduler: Final stage: ShuffleMapStage 8 (count at NativeMethodAccessorImpl.java:0)
[2024-02-19T18:00:37.929+0900] {spark_submit.py:571} INFO - 24/02/19 09:00:37 INFO DAGScheduler: Parents of final stage: List()
[2024-02-19T18:00:37.929+0900] {spark_submit.py:571} INFO - 24/02/19 09:00:37 INFO DAGScheduler: Missing parents: List()
[2024-02-19T18:00:37.931+0900] {spark_submit.py:571} INFO - 24/02/19 09:00:37 INFO DAGScheduler: Submitting ShuffleMapStage 8 (MapPartitionsRDD[22] at count at NativeMethodAccessorImpl.java:0), which has no missing parents
[2024-02-19T18:00:37.933+0900] {spark_submit.py:571} INFO - 24/02/19 09:00:37 INFO MemoryStore: Block broadcast_9 stored as values in memory (estimated size 13.9 KiB, free 417.5 MiB)
[2024-02-19T18:00:37.935+0900] {spark_submit.py:571} INFO - 24/02/19 09:00:37 INFO MemoryStore: Block broadcast_9_piece0 stored as bytes in memory (estimated size 7.3 KiB, free 417.5 MiB)
[2024-02-19T18:00:37.936+0900] {spark_submit.py:571} INFO - 24/02/19 09:00:37 INFO BlockManagerInfo: Added broadcast_9_piece0 in memory on ip-172-31-11-88.ap-northeast-2.compute.internal:46727 (size: 7.3 KiB, free: 434.1 MiB)
[2024-02-19T18:00:37.936+0900] {spark_submit.py:571} INFO - 24/02/19 09:00:37 INFO SparkContext: Created broadcast 9 from broadcast at DAGScheduler.scala:1580
[2024-02-19T18:00:37.945+0900] {spark_submit.py:571} INFO - 24/02/19 09:00:37 INFO DAGScheduler: Submitting 1 missing tasks from ShuffleMapStage 8 (MapPartitionsRDD[22] at count at NativeMethodAccessorImpl.java:0) (first 15 tasks are for partitions Vector(0))
[2024-02-19T18:00:37.946+0900] {spark_submit.py:571} INFO - 24/02/19 09:00:37 INFO TaskSchedulerImpl: Adding task set 8.0 with 1 tasks resource profile 0
[2024-02-19T18:00:37.974+0900] {spark_submit.py:571} INFO - 24/02/19 09:00:37 INFO CodeGenerator: Code generated in 43.311602 ms
[2024-02-19T18:00:37.981+0900] {spark_submit.py:571} INFO - 24/02/19 09:00:37 INFO FileScanRDD: Reading File path: s3a://hyunwoo-toy-project-bucket/community/20240219_community.parquet, range: 0-61573, partition values: [empty row]
[2024-02-19T18:00:38.041+0900] {spark_submit.py:571} INFO - 24/02/19 09:00:38 INFO S3AInputStream: Switching to Random IO seek policy
[2024-02-19T18:00:38.170+0900] {spark_submit.py:571} INFO - 24/02/19 09:00:38 INFO Executor: Finished task 0.0 in stage 7.0 (TID 5). 2291 bytes result sent to driver
[2024-02-19T18:00:38.172+0900] {spark_submit.py:571} INFO - 24/02/19 09:00:38 INFO TaskSetManager: Starting task 0.0 in stage 8.0 (TID 6) (ip-172-31-11-88.ap-northeast-2.compute.internal, executor driver, partition 0, PROCESS_LOCAL, 7450 bytes)
[2024-02-19T18:00:38.173+0900] {spark_submit.py:571} INFO - 24/02/19 09:00:38 INFO TaskSetManager: Finished task 0.0 in stage 7.0 (TID 5) in 251 ms on ip-172-31-11-88.ap-northeast-2.compute.internal (executor driver) (1/1)
[2024-02-19T18:00:38.173+0900] {spark_submit.py:571} INFO - 24/02/19 09:00:38 INFO TaskSchedulerImpl: Removed TaskSet 7.0, whose tasks have all completed, from pool
[2024-02-19T18:00:38.175+0900] {spark_submit.py:571} INFO - 24/02/19 09:00:38 INFO DAGScheduler: ShuffleMapStage 7 (count at NativeMethodAccessorImpl.java:0) finished in 0.263 s
[2024-02-19T18:00:38.175+0900] {spark_submit.py:571} INFO - 24/02/19 09:00:38 INFO DAGScheduler: looking for newly runnable stages
[2024-02-19T18:00:38.175+0900] {spark_submit.py:571} INFO - 24/02/19 09:00:38 INFO DAGScheduler: running: Set(ShuffleMapStage 8)
[2024-02-19T18:00:38.175+0900] {spark_submit.py:571} INFO - 24/02/19 09:00:38 INFO DAGScheduler: waiting: Set()
[2024-02-19T18:00:38.175+0900] {spark_submit.py:571} INFO - 24/02/19 09:00:38 INFO DAGScheduler: failed: Set()
[2024-02-19T18:00:38.176+0900] {spark_submit.py:571} INFO - 24/02/19 09:00:38 INFO Executor: Running task 0.0 in stage 8.0 (TID 6)
[2024-02-19T18:00:38.295+0900] {spark_submit.py:571} INFO - 24/02/19 09:00:38 INFO JDBCRDD: closed connection
[2024-02-19T18:00:38.336+0900] {spark_submit.py:571} INFO - 24/02/19 09:00:38 INFO Executor: Finished task 0.0 in stage 8.0 (TID 6). 2027 bytes result sent to driver
[2024-02-19T18:00:38.340+0900] {spark_submit.py:571} INFO - 24/02/19 09:00:38 INFO TaskSetManager: Finished task 0.0 in stage 8.0 (TID 6) in 166 ms on ip-172-31-11-88.ap-northeast-2.compute.internal (executor driver) (1/1)
[2024-02-19T18:00:38.341+0900] {spark_submit.py:571} INFO - 24/02/19 09:00:38 INFO TaskSchedulerImpl: Removed TaskSet 8.0, whose tasks have all completed, from pool
[2024-02-19T18:00:38.341+0900] {spark_submit.py:571} INFO - 24/02/19 09:00:38 INFO DAGScheduler: ShuffleMapStage 8 (count at NativeMethodAccessorImpl.java:0) finished in 0.406 s
[2024-02-19T18:00:38.341+0900] {spark_submit.py:571} INFO - 24/02/19 09:00:38 INFO DAGScheduler: looking for newly runnable stages
[2024-02-19T18:00:38.341+0900] {spark_submit.py:571} INFO - 24/02/19 09:00:38 INFO DAGScheduler: running: Set()
[2024-02-19T18:00:38.341+0900] {spark_submit.py:571} INFO - 24/02/19 09:00:38 INFO DAGScheduler: waiting: Set()
[2024-02-19T18:00:38.341+0900] {spark_submit.py:571} INFO - 24/02/19 09:00:38 INFO DAGScheduler: failed: Set()
[2024-02-19T18:00:38.368+0900] {spark_submit.py:571} INFO - 24/02/19 09:00:38 INFO ShufflePartitionsUtil: For shuffle(3), advisory target size: 67108864, actual target size 1048576, minimum partition size: 1048576
[2024-02-19T18:00:38.414+0900] {spark_submit.py:571} INFO - 24/02/19 09:00:38 INFO SparkContext: Starting job: $anonfun$withThreadLocalCaptured$1 at FutureTask.java:264
[2024-02-19T18:00:38.419+0900] {spark_submit.py:571} INFO - 24/02/19 09:00:38 INFO DAGScheduler: Got job 7 ($anonfun$withThreadLocalCaptured$1 at FutureTask.java:264) with 1 output partitions
[2024-02-19T18:00:38.420+0900] {spark_submit.py:571} INFO - 24/02/19 09:00:38 INFO DAGScheduler: Final stage: ResultStage 10 ($anonfun$withThreadLocalCaptured$1 at FutureTask.java:264)
[2024-02-19T18:00:38.420+0900] {spark_submit.py:571} INFO - 24/02/19 09:00:38 INFO DAGScheduler: Parents of final stage: List(ShuffleMapStage 9)
[2024-02-19T18:00:38.420+0900] {spark_submit.py:571} INFO - 24/02/19 09:00:38 INFO DAGScheduler: Missing parents: List()
[2024-02-19T18:00:38.420+0900] {spark_submit.py:571} INFO - 24/02/19 09:00:38 INFO DAGScheduler: Submitting ResultStage 10 (MapPartitionsRDD[24] at $anonfun$withThreadLocalCaptured$1 at FutureTask.java:264), which has no missing parents
[2024-02-19T18:00:38.421+0900] {spark_submit.py:571} INFO - 24/02/19 09:00:38 INFO MemoryStore: Block broadcast_10 stored as values in memory (estimated size 8.2 KiB, free 417.5 MiB)
[2024-02-19T18:00:38.423+0900] {spark_submit.py:571} INFO - 24/02/19 09:00:38 INFO MemoryStore: Block broadcast_10_piece0 stored as bytes in memory (estimated size 4.2 KiB, free 417.4 MiB)
[2024-02-19T18:00:38.424+0900] {spark_submit.py:571} INFO - 24/02/19 09:00:38 INFO BlockManagerInfo: Added broadcast_10_piece0 in memory on ip-172-31-11-88.ap-northeast-2.compute.internal:46727 (size: 4.2 KiB, free: 434.1 MiB)
[2024-02-19T18:00:38.425+0900] {spark_submit.py:571} INFO - 24/02/19 09:00:38 INFO SparkContext: Created broadcast 10 from broadcast at DAGScheduler.scala:1580
[2024-02-19T18:00:38.426+0900] {spark_submit.py:571} INFO - 24/02/19 09:00:38 INFO DAGScheduler: Submitting 1 missing tasks from ResultStage 10 (MapPartitionsRDD[24] at $anonfun$withThreadLocalCaptured$1 at FutureTask.java:264) (first 15 tasks are for partitions Vector(0))
[2024-02-19T18:00:38.426+0900] {spark_submit.py:571} INFO - 24/02/19 09:00:38 INFO TaskSchedulerImpl: Adding task set 10.0 with 1 tasks resource profile 0
[2024-02-19T18:00:38.428+0900] {spark_submit.py:571} INFO - 24/02/19 09:00:38 INFO TaskSetManager: Starting task 0.0 in stage 10.0 (TID 7) (ip-172-31-11-88.ap-northeast-2.compute.internal, executor driver, partition 0, NODE_LOCAL, 7634 bytes)
[2024-02-19T18:00:38.428+0900] {spark_submit.py:571} INFO - 24/02/19 09:00:38 INFO Executor: Running task 0.0 in stage 10.0 (TID 7)
[2024-02-19T18:00:38.433+0900] {spark_submit.py:571} INFO - 24/02/19 09:00:38 INFO ShuffleBlockFetcherIterator: Getting 1 (218.3 KiB) non-empty blocks including 1 (218.3 KiB) local and 0 (0.0 B) host-local and 0 (0.0 B) push-merged-local and 0 (0.0 B) remote blocks
[2024-02-19T18:00:38.433+0900] {spark_submit.py:571} INFO - 24/02/19 09:00:38 INFO ShuffleBlockFetcherIterator: Started 0 remote fetches in 1 ms
[2024-02-19T18:00:38.442+0900] {spark_submit.py:571} INFO - 24/02/19 09:00:38 INFO Executor: Finished task 0.0 in stage 10.0 (TID 7). 196681 bytes result sent to driver
[2024-02-19T18:00:38.444+0900] {spark_submit.py:571} INFO - 24/02/19 09:00:38 INFO TaskSetManager: Finished task 0.0 in stage 10.0 (TID 7) in 17 ms on ip-172-31-11-88.ap-northeast-2.compute.internal (executor driver) (1/1)
[2024-02-19T18:00:38.444+0900] {spark_submit.py:571} INFO - 24/02/19 09:00:38 INFO TaskSchedulerImpl: Removed TaskSet 10.0, whose tasks have all completed, from pool
[2024-02-19T18:00:38.447+0900] {spark_submit.py:571} INFO - 24/02/19 09:00:38 INFO DAGScheduler: ResultStage 10 ($anonfun$withThreadLocalCaptured$1 at FutureTask.java:264) finished in 0.028 s
[2024-02-19T18:00:38.447+0900] {spark_submit.py:571} INFO - 24/02/19 09:00:38 INFO DAGScheduler: Job 7 is finished. Cancelling potential speculative or zombie tasks for this job
[2024-02-19T18:00:38.447+0900] {spark_submit.py:571} INFO - 24/02/19 09:00:38 INFO TaskSchedulerImpl: Killing all running tasks in stage 10: Stage finished
[2024-02-19T18:00:38.449+0900] {spark_submit.py:571} INFO - 24/02/19 09:00:38 INFO DAGScheduler: Job 7 finished: $anonfun$withThreadLocalCaptured$1 at FutureTask.java:264, took 0.032440 s
[2024-02-19T18:00:38.462+0900] {spark_submit.py:571} INFO - 24/02/19 09:00:38 INFO MemoryStore: Block broadcast_11 stored as values in memory (estimated size 16.1 MiB, free 401.3 MiB)
[2024-02-19T18:00:38.468+0900] {spark_submit.py:571} INFO - 24/02/19 09:00:38 INFO MemoryStore: Block broadcast_11_piece0 stored as bytes in memory (estimated size 231.1 KiB, free 401.1 MiB)
[2024-02-19T18:00:38.469+0900] {spark_submit.py:571} INFO - 24/02/19 09:00:38 INFO BlockManagerInfo: Added broadcast_11_piece0 in memory on ip-172-31-11-88.ap-northeast-2.compute.internal:46727 (size: 231.1 KiB, free: 433.8 MiB)
[2024-02-19T18:00:38.469+0900] {spark_submit.py:571} INFO - 24/02/19 09:00:38 INFO SparkContext: Created broadcast 11 from $anonfun$withThreadLocalCaptured$1 at FutureTask.java:264
[2024-02-19T18:00:38.477+0900] {spark_submit.py:571} INFO - 24/02/19 09:00:38 INFO ShufflePartitionsUtil: For shuffle(2), advisory target size: 67108864, actual target size 1048576, minimum partition size: 1048576
[2024-02-19T18:00:38.539+0900] {spark_submit.py:571} INFO - 24/02/19 09:00:38 INFO CodeGenerator: Code generated in 21.349197 ms
[2024-02-19T18:00:38.550+0900] {spark_submit.py:571} INFO - 24/02/19 09:00:38 INFO DAGScheduler: Registering RDD 27 (count at NativeMethodAccessorImpl.java:0) as input to shuffle 4
[2024-02-19T18:00:38.550+0900] {spark_submit.py:571} INFO - 24/02/19 09:00:38 INFO DAGScheduler: Got map stage job 8 (count at NativeMethodAccessorImpl.java:0) with 1 output partitions
[2024-02-19T18:00:38.550+0900] {spark_submit.py:571} INFO - 24/02/19 09:00:38 INFO DAGScheduler: Final stage: ShuffleMapStage 12 (count at NativeMethodAccessorImpl.java:0)
[2024-02-19T18:00:38.550+0900] {spark_submit.py:571} INFO - 24/02/19 09:00:38 INFO DAGScheduler: Parents of final stage: List(ShuffleMapStage 11)
[2024-02-19T18:00:38.552+0900] {spark_submit.py:571} INFO - 24/02/19 09:00:38 INFO DAGScheduler: Missing parents: List()
[2024-02-19T18:00:38.554+0900] {spark_submit.py:571} INFO - 24/02/19 09:00:38 INFO DAGScheduler: Submitting ShuffleMapStage 12 (MapPartitionsRDD[27] at count at NativeMethodAccessorImpl.java:0), which has no missing parents
[2024-02-19T18:00:38.557+0900] {spark_submit.py:571} INFO - 24/02/19 09:00:38 INFO MemoryStore: Block broadcast_12 stored as values in memory (estimated size 15.9 KiB, free 401.1 MiB)
[2024-02-19T18:00:38.560+0900] {spark_submit.py:571} INFO - 24/02/19 09:00:38 INFO MemoryStore: Block broadcast_12_piece0 stored as bytes in memory (estimated size 7.6 KiB, free 401.1 MiB)
[2024-02-19T18:00:38.560+0900] {spark_submit.py:571} INFO - 24/02/19 09:00:38 INFO BlockManagerInfo: Added broadcast_12_piece0 in memory on ip-172-31-11-88.ap-northeast-2.compute.internal:46727 (size: 7.6 KiB, free: 433.8 MiB)
[2024-02-19T18:00:38.561+0900] {spark_submit.py:571} INFO - 24/02/19 09:00:38 INFO SparkContext: Created broadcast 12 from broadcast at DAGScheduler.scala:1580
[2024-02-19T18:00:38.561+0900] {spark_submit.py:571} INFO - 24/02/19 09:00:38 INFO DAGScheduler: Submitting 1 missing tasks from ShuffleMapStage 12 (MapPartitionsRDD[27] at count at NativeMethodAccessorImpl.java:0) (first 15 tasks are for partitions Vector(0))
[2024-02-19T18:00:38.561+0900] {spark_submit.py:571} INFO - 24/02/19 09:00:38 INFO TaskSchedulerImpl: Adding task set 12.0 with 1 tasks resource profile 0
[2024-02-19T18:00:38.564+0900] {spark_submit.py:571} INFO - 24/02/19 09:00:38 INFO TaskSetManager: Starting task 0.0 in stage 12.0 (TID 8) (ip-172-31-11-88.ap-northeast-2.compute.internal, executor driver, partition 0, NODE_LOCAL, 7623 bytes)
[2024-02-19T18:00:38.564+0900] {spark_submit.py:571} INFO - 24/02/19 09:00:38 INFO Executor: Running task 0.0 in stage 12.0 (TID 8)
[2024-02-19T18:00:38.571+0900] {spark_submit.py:571} INFO - 24/02/19 09:00:38 INFO ShuffleBlockFetcherIterator: Getting 1 (38.1 KiB) non-empty blocks including 1 (38.1 KiB) local and 0 (0.0 B) host-local and 0 (0.0 B) push-merged-local and 0 (0.0 B) remote blocks
[2024-02-19T18:00:38.572+0900] {spark_submit.py:571} INFO - 24/02/19 09:00:38 INFO ShuffleBlockFetcherIterator: Started 0 remote fetches in 3 ms
[2024-02-19T18:00:38.596+0900] {spark_submit.py:571} INFO - 24/02/19 09:00:38 INFO CodeGenerator: Code generated in 23.829457 ms
[2024-02-19T18:00:38.611+0900] {spark_submit.py:571} INFO - 24/02/19 09:00:38 INFO Executor: Finished task 0.0 in stage 12.0 (TID 8). 4273 bytes result sent to driver
[2024-02-19T18:00:38.612+0900] {spark_submit.py:571} INFO - 24/02/19 09:00:38 INFO TaskSetManager: Finished task 0.0 in stage 12.0 (TID 8) in 50 ms on ip-172-31-11-88.ap-northeast-2.compute.internal (executor driver) (1/1)
[2024-02-19T18:00:38.613+0900] {spark_submit.py:571} INFO - 24/02/19 09:00:38 INFO TaskSchedulerImpl: Removed TaskSet 12.0, whose tasks have all completed, from pool
[2024-02-19T18:00:38.614+0900] {spark_submit.py:571} INFO - 24/02/19 09:00:38 INFO DAGScheduler: ShuffleMapStage 12 (count at NativeMethodAccessorImpl.java:0) finished in 0.059 s
[2024-02-19T18:00:38.614+0900] {spark_submit.py:571} INFO - 24/02/19 09:00:38 INFO DAGScheduler: looking for newly runnable stages
[2024-02-19T18:00:38.614+0900] {spark_submit.py:571} INFO - 24/02/19 09:00:38 INFO DAGScheduler: running: Set()
[2024-02-19T18:00:38.615+0900] {spark_submit.py:571} INFO - 24/02/19 09:00:38 INFO DAGScheduler: waiting: Set()
[2024-02-19T18:00:38.615+0900] {spark_submit.py:571} INFO - 24/02/19 09:00:38 INFO DAGScheduler: failed: Set()
[2024-02-19T18:00:38.639+0900] {spark_submit.py:571} INFO - 24/02/19 09:00:38 INFO CodeGenerator: Code generated in 7.834111 ms
[2024-02-19T18:00:38.652+0900] {spark_submit.py:571} INFO - 24/02/19 09:00:38 INFO SparkContext: Starting job: count at NativeMethodAccessorImpl.java:0
[2024-02-19T18:00:38.654+0900] {spark_submit.py:571} INFO - 24/02/19 09:00:38 INFO DAGScheduler: Got job 9 (count at NativeMethodAccessorImpl.java:0) with 1 output partitions
[2024-02-19T18:00:38.654+0900] {spark_submit.py:571} INFO - 24/02/19 09:00:38 INFO DAGScheduler: Final stage: ResultStage 15 (count at NativeMethodAccessorImpl.java:0)
[2024-02-19T18:00:38.654+0900] {spark_submit.py:571} INFO - 24/02/19 09:00:38 INFO DAGScheduler: Parents of final stage: List(ShuffleMapStage 14)
[2024-02-19T18:00:38.654+0900] {spark_submit.py:571} INFO - 24/02/19 09:00:38 INFO DAGScheduler: Missing parents: List()
[2024-02-19T18:00:38.657+0900] {spark_submit.py:571} INFO - 24/02/19 09:00:38 INFO DAGScheduler: Submitting ResultStage 15 (MapPartitionsRDD[30] at count at NativeMethodAccessorImpl.java:0), which has no missing parents
[2024-02-19T18:00:38.663+0900] {spark_submit.py:571} INFO - 24/02/19 09:00:38 INFO MemoryStore: Block broadcast_13 stored as values in memory (estimated size 12.5 KiB, free 401.1 MiB)
[2024-02-19T18:00:38.665+0900] {spark_submit.py:571} INFO - 24/02/19 09:00:38 INFO MemoryStore: Block broadcast_13_piece0 stored as bytes in memory (estimated size 5.9 KiB, free 401.1 MiB)
[2024-02-19T18:00:38.665+0900] {spark_submit.py:571} INFO - 24/02/19 09:00:38 INFO BlockManagerInfo: Added broadcast_13_piece0 in memory on ip-172-31-11-88.ap-northeast-2.compute.internal:46727 (size: 5.9 KiB, free: 433.8 MiB)
[2024-02-19T18:00:38.665+0900] {spark_submit.py:571} INFO - 24/02/19 09:00:38 INFO SparkContext: Created broadcast 13 from broadcast at DAGScheduler.scala:1580
[2024-02-19T18:00:38.666+0900] {spark_submit.py:571} INFO - 24/02/19 09:00:38 INFO DAGScheduler: Submitting 1 missing tasks from ResultStage 15 (MapPartitionsRDD[30] at count at NativeMethodAccessorImpl.java:0) (first 15 tasks are for partitions Vector(0))
[2024-02-19T18:00:38.666+0900] {spark_submit.py:571} INFO - 24/02/19 09:00:38 INFO TaskSchedulerImpl: Adding task set 15.0 with 1 tasks resource profile 0
[2024-02-19T18:00:38.670+0900] {spark_submit.py:571} INFO - 24/02/19 09:00:38 INFO TaskSetManager: Starting task 0.0 in stage 15.0 (TID 9) (ip-172-31-11-88.ap-northeast-2.compute.internal, executor driver, partition 0, NODE_LOCAL, 7615 bytes)
[2024-02-19T18:00:38.670+0900] {spark_submit.py:571} INFO - 24/02/19 09:00:38 INFO Executor: Running task 0.0 in stage 15.0 (TID 9)
[2024-02-19T18:00:38.675+0900] {spark_submit.py:571} INFO - 24/02/19 09:00:38 INFO ShuffleBlockFetcherIterator: Getting 1 (60.0 B) non-empty blocks including 1 (60.0 B) local and 0 (0.0 B) host-local and 0 (0.0 B) push-merged-local and 0 (0.0 B) remote blocks
[2024-02-19T18:00:38.675+0900] {spark_submit.py:571} INFO - 24/02/19 09:00:38 INFO ShuffleBlockFetcherIterator: Started 0 remote fetches in 0 ms
[2024-02-19T18:00:38.692+0900] {spark_submit.py:571} INFO - 24/02/19 09:00:38 INFO CodeGenerator: Code generated in 16.409226 ms
[2024-02-19T18:00:38.696+0900] {spark_submit.py:571} INFO - 24/02/19 09:00:38 INFO Executor: Finished task 0.0 in stage 15.0 (TID 9). 3988 bytes result sent to driver
[2024-02-19T18:00:38.697+0900] {spark_submit.py:571} INFO - 24/02/19 09:00:38 INFO TaskSetManager: Finished task 0.0 in stage 15.0 (TID 9) in 28 ms on ip-172-31-11-88.ap-northeast-2.compute.internal (executor driver) (1/1)
[2024-02-19T18:00:38.698+0900] {spark_submit.py:571} INFO - 24/02/19 09:00:38 INFO TaskSchedulerImpl: Removed TaskSet 15.0, whose tasks have all completed, from pool
[2024-02-19T18:00:38.699+0900] {spark_submit.py:571} INFO - 24/02/19 09:00:38 INFO DAGScheduler: ResultStage 15 (count at NativeMethodAccessorImpl.java:0) finished in 0.037 s
[2024-02-19T18:00:38.700+0900] {spark_submit.py:571} INFO - 24/02/19 09:00:38 INFO DAGScheduler: Job 9 is finished. Cancelling potential speculative or zombie tasks for this job
[2024-02-19T18:00:38.700+0900] {spark_submit.py:571} INFO - 24/02/19 09:00:38 INFO TaskSchedulerImpl: Killing all running tasks in stage 15: Stage finished
[2024-02-19T18:00:38.703+0900] {spark_submit.py:571} INFO - 24/02/19 09:00:38 INFO DAGScheduler: Job 9 finished: count at NativeMethodAccessorImpl.java:0, took 0.047411 s
[2024-02-19T18:00:38.703+0900] {spark_submit.py:571} INFO - 24/02/19 09:00:38 INFO SparkContext: SparkContext is stopping with exitCode 0.
[2024-02-19T18:00:38.720+0900] {spark_submit.py:571} INFO - 24/02/19 09:00:38 INFO SparkUI: Stopped Spark web UI at http://ip-172-31-11-88.ap-northeast-2.compute.internal:4040
[2024-02-19T18:00:38.747+0900] {spark_submit.py:571} INFO - 24/02/19 09:00:38 INFO MapOutputTrackerMasterEndpoint: MapOutputTrackerMasterEndpoint stopped!
[2024-02-19T18:00:38.786+0900] {spark_submit.py:571} INFO - 24/02/19 09:00:38 INFO MemoryStore: MemoryStore cleared
[2024-02-19T18:00:38.786+0900] {spark_submit.py:571} INFO - 24/02/19 09:00:38 INFO BlockManager: BlockManager stopped
[2024-02-19T18:00:38.789+0900] {spark_submit.py:571} INFO - 24/02/19 09:00:38 INFO BlockManagerMaster: BlockManagerMaster stopped
[2024-02-19T18:00:38.792+0900] {spark_submit.py:571} INFO - 24/02/19 09:00:38 INFO OutputCommitCoordinator$OutputCommitCoordinatorEndpoint: OutputCommitCoordinator stopped!
[2024-02-19T18:00:38.821+0900] {spark_submit.py:571} INFO - 24/02/19 09:00:38 INFO SparkContext: Successfully stopped SparkContext
[2024-02-19T18:00:38.924+0900] {spark_submit.py:571} INFO - 24/02/19 09:00:38 INFO ShutdownHookManager: Shutdown hook called
[2024-02-19T18:00:38.925+0900] {spark_submit.py:571} INFO - 24/02/19 09:00:38 INFO ShutdownHookManager: Deleting directory /tmp/spark-666ba451-14ac-413b-b9d7-ea73356c10ee
[2024-02-19T18:00:38.928+0900] {spark_submit.py:571} INFO - 24/02/19 09:00:38 INFO ShutdownHookManager: Deleting directory /tmp/spark-d346025c-a82a-4250-9515-cade8704e70e
[2024-02-19T18:00:38.931+0900] {spark_submit.py:571} INFO - 24/02/19 09:00:38 INFO ShutdownHookManager: Deleting directory /tmp/spark-d346025c-a82a-4250-9515-cade8704e70e/pyspark-cd950376-3bf4-40a7-8305-d4a05860a776
[2024-02-19T18:00:38.936+0900] {spark_submit.py:571} INFO - 24/02/19 09:00:38 INFO MetricsSystemImpl: Stopping s3a-file-system metrics system...
[2024-02-19T18:00:38.936+0900] {spark_submit.py:571} INFO - 24/02/19 09:00:38 INFO MetricsSystemImpl: s3a-file-system metrics system stopped.
[2024-02-19T18:00:38.936+0900] {spark_submit.py:571} INFO - 24/02/19 09:00:38 INFO MetricsSystemImpl: s3a-file-system metrics system shutdown complete.
[2024-02-19T18:00:38.991+0900] {taskinstance.py:1138} INFO - Marking task as SUCCESS. dag_id=Community_Spark_Submit, task_id=Community_Spark_task, execution_date=20240218T090000, start_date=20240219T090022, end_date=20240219T090038
[2024-02-19T18:00:39.007+0900] {local_task_job_runner.py:234} INFO - Task exited with return code 0
[2024-02-19T18:00:39.017+0900] {taskinstance.py:3280} INFO - 0 downstream tasks scheduled from follow-on schedule check
