[2024-02-15T20:24:20.614+0900] {taskinstance.py:1956} INFO - Dependencies all met for dep_context=non-requeueable deps ti=<TaskInstance: CollectCommunity.community_Content_Collect manual__2024-02-15T09:09:07.032157+00:00 [queued]>
[2024-02-15T20:24:20.621+0900] {taskinstance.py:1956} INFO - Dependencies all met for dep_context=requeueable deps ti=<TaskInstance: CollectCommunity.community_Content_Collect manual__2024-02-15T09:09:07.032157+00:00 [queued]>
[2024-02-15T20:24:20.622+0900] {taskinstance.py:2170} INFO - Starting attempt 1 of 1
[2024-02-15T20:24:20.791+0900] {taskinstance.py:2191} INFO - Executing <Task(PythonOperator): community_Content_Collect> on 2024-02-15 09:09:07.032157+00:00
[2024-02-15T20:24:20.798+0900] {standard_task_runner.py:60} INFO - Started process 46094 to run task
[2024-02-15T20:24:20.803+0900] {standard_task_runner.py:87} INFO - Running: ['airflow', 'tasks', 'run', 'CollectCommunity', 'community_Content_Collect', 'manual__2024-02-15T09:09:07.032157+00:00', '--job-id', '16', '--raw', '--subdir', 'DAGS_FOLDER/Community_Collect.py', '--cfg-path', '/tmp/tmpyc3kopok']
[2024-02-15T20:24:20.805+0900] {standard_task_runner.py:88} INFO - Job 16: Subtask community_Content_Collect
[2024-02-15T20:24:20.844+0900] {task_command.py:423} INFO - Running <TaskInstance: CollectCommunity.community_Content_Collect manual__2024-02-15T09:09:07.032157+00:00 [running]> on host ip-172-31-11-88.ap-northeast-2.compute.internal
[2024-02-15T20:24:20.903+0900] {taskinstance.py:2480} INFO - Exporting env vars: AIRFLOW_CTX_DAG_OWNER='airflow' AIRFLOW_CTX_DAG_ID='CollectCommunity' AIRFLOW_CTX_TASK_ID='community_Content_Collect' AIRFLOW_CTX_EXECUTION_DATE='2024-02-15T09:09:07.032157+00:00' AIRFLOW_CTX_TRY_NUMBER='1' AIRFLOW_CTX_DAG_RUN_ID='manual__2024-02-15T09:09:07.032157+00:00'
[2024-02-15T20:24:20.915+0900] {logger.py:11} INFO - ====== WebDriver manager ======
[2024-02-15T20:24:21.004+0900] {logger.py:11} INFO - Get LATEST chromedriver version for google-chrome
[2024-02-15T20:24:21.093+0900] {logger.py:11} INFO - Get LATEST chromedriver version for google-chrome
[2024-02-15T20:24:21.176+0900] {logger.py:11} INFO - Driver [/home/ubuntu/.wdm/drivers/chromedriver/linux64/121.0.6167.85/chromedriver-linux64/chromedriver] found in cache
[2024-02-15T20:24:26.077+0900] {logger.py:11} INFO - ====== WebDriver manager ======
[2024-02-15T20:24:26.166+0900] {logger.py:11} INFO - Get LATEST chromedriver version for google-chrome
[2024-02-15T20:24:26.248+0900] {logger.py:11} INFO - Get LATEST chromedriver version for google-chrome
[2024-02-15T20:24:26.330+0900] {logger.py:11} INFO - Driver [/home/ubuntu/.wdm/drivers/chromedriver/linux64/121.0.6167.85/chromedriver-linux64/chromedriver] found in cache
[2024-02-15T20:24:36.337+0900] {logger.py:11} INFO - ====== WebDriver manager ======
[2024-02-15T20:24:36.425+0900] {logger.py:11} INFO - Get LATEST chromedriver version for google-chrome
[2024-02-15T20:24:36.508+0900] {logger.py:11} INFO - Get LATEST chromedriver version for google-chrome
[2024-02-15T20:24:36.594+0900] {logger.py:11} INFO - Driver [/home/ubuntu/.wdm/drivers/chromedriver/linux64/121.0.6167.85/chromedriver-linux64/chromedriver] found in cache
[2024-02-15T20:24:41.201+0900] {logger.py:11} INFO - ====== WebDriver manager ======
[2024-02-15T20:24:41.290+0900] {logger.py:11} INFO - Get LATEST chromedriver version for google-chrome
[2024-02-15T20:24:41.374+0900] {logger.py:11} INFO - Get LATEST chromedriver version for google-chrome
[2024-02-15T20:24:41.463+0900] {logger.py:11} INFO - Driver [/home/ubuntu/.wdm/drivers/chromedriver/linux64/121.0.6167.85/chromedriver-linux64/chromedriver] found in cache
[2024-02-15T20:24:51.751+0900] {logger.py:11} INFO - ====== WebDriver manager ======
[2024-02-15T20:24:51.840+0900] {logger.py:11} INFO - Get LATEST chromedriver version for google-chrome
[2024-02-15T20:24:51.925+0900] {logger.py:11} INFO - Get LATEST chromedriver version for google-chrome
[2024-02-15T20:24:52.008+0900] {logger.py:11} INFO - Driver [/home/ubuntu/.wdm/drivers/chromedriver/linux64/121.0.6167.85/chromedriver-linux64/chromedriver] found in cache
[2024-02-15T20:25:03.189+0900] {logger.py:11} INFO - ====== WebDriver manager ======
[2024-02-15T20:25:03.278+0900] {logger.py:11} INFO - Get LATEST chromedriver version for google-chrome
[2024-02-15T20:25:03.362+0900] {logger.py:11} INFO - Get LATEST chromedriver version for google-chrome
[2024-02-15T20:25:03.448+0900] {logger.py:11} INFO - Driver [/home/ubuntu/.wdm/drivers/chromedriver/linux64/121.0.6167.85/chromedriver-linux64/chromedriver] found in cache
[2024-02-15T20:25:12.732+0900] {logger.py:11} INFO - ====== WebDriver manager ======
[2024-02-15T20:25:12.822+0900] {logger.py:11} INFO - Get LATEST chromedriver version for google-chrome
[2024-02-15T20:25:12.906+0900] {logger.py:11} INFO - Get LATEST chromedriver version for google-chrome
[2024-02-15T20:25:12.991+0900] {logger.py:11} INFO - Driver [/home/ubuntu/.wdm/drivers/chromedriver/linux64/121.0.6167.85/chromedriver-linux64/chromedriver] found in cache
[2024-02-15T20:25:23.392+0900] {logger.py:11} INFO - ====== WebDriver manager ======
[2024-02-15T20:25:23.483+0900] {logger.py:11} INFO - Get LATEST chromedriver version for google-chrome
[2024-02-15T20:25:23.566+0900] {logger.py:11} INFO - Get LATEST chromedriver version for google-chrome
[2024-02-15T20:25:23.650+0900] {logger.py:11} INFO - Driver [/home/ubuntu/.wdm/drivers/chromedriver/linux64/121.0.6167.85/chromedriver-linux64/chromedriver] found in cache
[2024-02-15T20:25:34.470+0900] {logger.py:11} INFO - ====== WebDriver manager ======
[2024-02-15T20:25:34.561+0900] {logger.py:11} INFO - Get LATEST chromedriver version for google-chrome
[2024-02-15T20:25:34.645+0900] {logger.py:11} INFO - Get LATEST chromedriver version for google-chrome
[2024-02-15T20:25:34.727+0900] {logger.py:11} INFO - Driver [/home/ubuntu/.wdm/drivers/chromedriver/linux64/121.0.6167.85/chromedriver-linux64/chromedriver] found in cache
[2024-02-15T20:25:43.758+0900] {logger.py:11} INFO - ====== WebDriver manager ======
[2024-02-15T20:25:43.848+0900] {logger.py:11} INFO - Get LATEST chromedriver version for google-chrome
[2024-02-15T20:25:43.931+0900] {logger.py:11} INFO - Get LATEST chromedriver version for google-chrome
[2024-02-15T20:25:44.013+0900] {logger.py:11} INFO - Driver [/home/ubuntu/.wdm/drivers/chromedriver/linux64/121.0.6167.85/chromedriver-linux64/chromedriver] found in cache
[2024-02-15T20:25:49.869+0900] {logger.py:11} INFO - ====== WebDriver manager ======
[2024-02-15T20:25:49.959+0900] {logger.py:11} INFO - Get LATEST chromedriver version for google-chrome
[2024-02-15T20:25:50.047+0900] {logger.py:11} INFO - Get LATEST chromedriver version for google-chrome
[2024-02-15T20:25:50.135+0900] {logger.py:11} INFO - Driver [/home/ubuntu/.wdm/drivers/chromedriver/linux64/121.0.6167.85/chromedriver-linux64/chromedriver] found in cache
[2024-02-15T20:26:01.289+0900] {logger.py:11} INFO - ====== WebDriver manager ======
[2024-02-15T20:26:01.381+0900] {logger.py:11} INFO - Get LATEST chromedriver version for google-chrome
[2024-02-15T20:26:01.468+0900] {logger.py:11} INFO - Get LATEST chromedriver version for google-chrome
[2024-02-15T20:26:01.555+0900] {logger.py:11} INFO - Driver [/home/ubuntu/.wdm/drivers/chromedriver/linux64/121.0.6167.85/chromedriver-linux64/chromedriver] found in cache
[2024-02-15T20:26:11.694+0900] {logger.py:11} INFO - ====== WebDriver manager ======
[2024-02-15T20:26:11.783+0900] {logger.py:11} INFO - Get LATEST chromedriver version for google-chrome
[2024-02-15T20:26:11.867+0900] {logger.py:11} INFO - Get LATEST chromedriver version for google-chrome
[2024-02-15T20:26:11.950+0900] {logger.py:11} INFO - Driver [/home/ubuntu/.wdm/drivers/chromedriver/linux64/121.0.6167.85/chromedriver-linux64/chromedriver] found in cache
[2024-02-15T20:26:22.337+0900] {logger.py:11} INFO - ====== WebDriver manager ======
[2024-02-15T20:26:22.426+0900] {logger.py:11} INFO - Get LATEST chromedriver version for google-chrome
[2024-02-15T20:26:22.510+0900] {logger.py:11} INFO - Get LATEST chromedriver version for google-chrome
[2024-02-15T20:26:22.592+0900] {logger.py:11} INFO - Driver [/home/ubuntu/.wdm/drivers/chromedriver/linux64/121.0.6167.85/chromedriver-linux64/chromedriver] found in cache
[2024-02-15T20:26:28.423+0900] {logger.py:11} INFO - ====== WebDriver manager ======
[2024-02-15T20:26:28.511+0900] {logger.py:11} INFO - Get LATEST chromedriver version for google-chrome
[2024-02-15T20:26:28.595+0900] {logger.py:11} INFO - Get LATEST chromedriver version for google-chrome
[2024-02-15T20:26:28.677+0900] {logger.py:11} INFO - Driver [/home/ubuntu/.wdm/drivers/chromedriver/linux64/121.0.6167.85/chromedriver-linux64/chromedriver] found in cache
[2024-02-15T20:26:38.687+0900] {logger.py:11} INFO - ====== WebDriver manager ======
[2024-02-15T20:26:38.776+0900] {logger.py:11} INFO - Get LATEST chromedriver version for google-chrome
[2024-02-15T20:26:38.859+0900] {logger.py:11} INFO - Get LATEST chromedriver version for google-chrome
[2024-02-15T20:26:38.941+0900] {logger.py:11} INFO - Driver [/home/ubuntu/.wdm/drivers/chromedriver/linux64/121.0.6167.85/chromedriver-linux64/chromedriver] found in cache
[2024-02-15T20:26:48.952+0900] {logger.py:11} INFO - ====== WebDriver manager ======
[2024-02-15T20:26:49.041+0900] {logger.py:11} INFO - Get LATEST chromedriver version for google-chrome
[2024-02-15T20:26:49.124+0900] {logger.py:11} INFO - Get LATEST chromedriver version for google-chrome
[2024-02-15T20:26:49.205+0900] {logger.py:11} INFO - Driver [/home/ubuntu/.wdm/drivers/chromedriver/linux64/121.0.6167.85/chromedriver-linux64/chromedriver] found in cache
[2024-02-15T20:26:54.953+0900] {logger.py:11} INFO - ====== WebDriver manager ======
[2024-02-15T20:26:55.043+0900] {logger.py:11} INFO - Get LATEST chromedriver version for google-chrome
[2024-02-15T20:26:55.126+0900] {logger.py:11} INFO - Get LATEST chromedriver version for google-chrome
[2024-02-15T20:26:55.209+0900] {logger.py:11} INFO - Driver [/home/ubuntu/.wdm/drivers/chromedriver/linux64/121.0.6167.85/chromedriver-linux64/chromedriver] found in cache
[2024-02-15T20:27:05.523+0900] {logger.py:11} INFO - ====== WebDriver manager ======
[2024-02-15T20:27:05.612+0900] {logger.py:11} INFO - Get LATEST chromedriver version for google-chrome
[2024-02-15T20:27:05.695+0900] {logger.py:11} INFO - Get LATEST chromedriver version for google-chrome
[2024-02-15T20:27:05.777+0900] {logger.py:11} INFO - Driver [/home/ubuntu/.wdm/drivers/chromedriver/linux64/121.0.6167.85/chromedriver-linux64/chromedriver] found in cache
[2024-02-15T20:27:10.585+0900] {logger.py:11} INFO - ====== WebDriver manager ======
[2024-02-15T20:27:10.675+0900] {logger.py:11} INFO - Get LATEST chromedriver version for google-chrome
[2024-02-15T20:27:10.758+0900] {logger.py:11} INFO - Get LATEST chromedriver version for google-chrome
[2024-02-15T20:27:10.840+0900] {logger.py:11} INFO - Driver [/home/ubuntu/.wdm/drivers/chromedriver/linux64/121.0.6167.85/chromedriver-linux64/chromedriver] found in cache
[2024-02-15T20:27:20.063+0900] {logger.py:11} INFO - ====== WebDriver manager ======
[2024-02-15T20:27:20.150+0900] {logger.py:11} INFO - Get LATEST chromedriver version for google-chrome
[2024-02-15T20:27:20.233+0900] {logger.py:11} INFO - Get LATEST chromedriver version for google-chrome
[2024-02-15T20:27:20.314+0900] {logger.py:11} INFO - Driver [/home/ubuntu/.wdm/drivers/chromedriver/linux64/121.0.6167.85/chromedriver-linux64/chromedriver] found in cache
[2024-02-15T20:27:30.449+0900] {logger.py:11} INFO - ====== WebDriver manager ======
[2024-02-15T20:27:30.538+0900] {logger.py:11} INFO - Get LATEST chromedriver version for google-chrome
[2024-02-15T20:27:30.636+0900] {logger.py:11} INFO - Get LATEST chromedriver version for google-chrome
[2024-02-15T20:27:30.719+0900] {logger.py:11} INFO - Driver [/home/ubuntu/.wdm/drivers/chromedriver/linux64/121.0.6167.85/chromedriver-linux64/chromedriver] found in cache
[2024-02-15T20:27:47.300+0900] {logger.py:11} INFO - ====== WebDriver manager ======
[2024-02-15T20:27:47.389+0900] {logger.py:11} INFO - Get LATEST chromedriver version for google-chrome
[2024-02-15T20:27:47.472+0900] {logger.py:11} INFO - Get LATEST chromedriver version for google-chrome
[2024-02-15T20:27:47.556+0900] {logger.py:11} INFO - Driver [/home/ubuntu/.wdm/drivers/chromedriver/linux64/121.0.6167.85/chromedriver-linux64/chromedriver] found in cache
[2024-02-15T20:27:57.213+0900] {logger.py:11} INFO - ====== WebDriver manager ======
[2024-02-15T20:27:57.300+0900] {logger.py:11} INFO - Get LATEST chromedriver version for google-chrome
[2024-02-15T20:27:57.385+0900] {logger.py:11} INFO - Get LATEST chromedriver version for google-chrome
[2024-02-15T20:27:57.467+0900] {logger.py:11} INFO - Driver [/home/ubuntu/.wdm/drivers/chromedriver/linux64/121.0.6167.85/chromedriver-linux64/chromedriver] found in cache
[2024-02-15T20:28:06.706+0900] {logger.py:11} INFO - ====== WebDriver manager ======
[2024-02-15T20:28:06.796+0900] {logger.py:11} INFO - Get LATEST chromedriver version for google-chrome
[2024-02-15T20:28:06.879+0900] {logger.py:11} INFO - Get LATEST chromedriver version for google-chrome
[2024-02-15T20:28:06.962+0900] {logger.py:11} INFO - Driver [/home/ubuntu/.wdm/drivers/chromedriver/linux64/121.0.6167.85/chromedriver-linux64/chromedriver] found in cache
[2024-02-15T20:28:16.669+0900] {logger.py:11} INFO - ====== WebDriver manager ======
[2024-02-15T20:28:16.757+0900] {logger.py:11} INFO - Get LATEST chromedriver version for google-chrome
[2024-02-15T20:28:16.839+0900] {logger.py:11} INFO - Get LATEST chromedriver version for google-chrome
[2024-02-15T20:28:16.922+0900] {logger.py:11} INFO - Driver [/home/ubuntu/.wdm/drivers/chromedriver/linux64/121.0.6167.85/chromedriver-linux64/chromedriver] found in cache
[2024-02-15T20:28:27.719+0900] {logger.py:11} INFO - ====== WebDriver manager ======
[2024-02-15T20:28:27.806+0900] {logger.py:11} INFO - Get LATEST chromedriver version for google-chrome
[2024-02-15T20:28:27.890+0900] {logger.py:11} INFO - Get LATEST chromedriver version for google-chrome
[2024-02-15T20:28:27.972+0900] {logger.py:11} INFO - Driver [/home/ubuntu/.wdm/drivers/chromedriver/linux64/121.0.6167.85/chromedriver-linux64/chromedriver] found in cache
[2024-02-15T20:28:37.600+0900] {logger.py:11} INFO - ====== WebDriver manager ======
[2024-02-15T20:28:37.687+0900] {logger.py:11} INFO - Get LATEST chromedriver version for google-chrome
[2024-02-15T20:28:37.770+0900] {logger.py:11} INFO - Get LATEST chromedriver version for google-chrome
[2024-02-15T20:28:37.853+0900] {logger.py:11} INFO - Driver [/home/ubuntu/.wdm/drivers/chromedriver/linux64/121.0.6167.85/chromedriver-linux64/chromedriver] found in cache
[2024-02-15T20:28:46.782+0900] {logger.py:11} INFO - ====== WebDriver manager ======
[2024-02-15T20:28:46.871+0900] {logger.py:11} INFO - Get LATEST chromedriver version for google-chrome
[2024-02-15T20:28:46.953+0900] {logger.py:11} INFO - Get LATEST chromedriver version for google-chrome
[2024-02-15T20:28:47.036+0900] {logger.py:11} INFO - Driver [/home/ubuntu/.wdm/drivers/chromedriver/linux64/121.0.6167.85/chromedriver-linux64/chromedriver] found in cache
[2024-02-15T20:28:59.607+0900] {logger.py:11} INFO - ====== WebDriver manager ======
[2024-02-15T20:28:59.695+0900] {logger.py:11} INFO - Get LATEST chromedriver version for google-chrome
[2024-02-15T20:28:59.778+0900] {logger.py:11} INFO - Get LATEST chromedriver version for google-chrome
[2024-02-15T20:28:59.860+0900] {logger.py:11} INFO - Driver [/home/ubuntu/.wdm/drivers/chromedriver/linux64/121.0.6167.85/chromedriver-linux64/chromedriver] found in cache
[2024-02-15T20:29:10.410+0900] {logger.py:11} INFO - ====== WebDriver manager ======
[2024-02-15T20:29:10.499+0900] {logger.py:11} INFO - Get LATEST chromedriver version for google-chrome
[2024-02-15T20:29:10.582+0900] {logger.py:11} INFO - Get LATEST chromedriver version for google-chrome
[2024-02-15T20:29:10.664+0900] {logger.py:11} INFO - Driver [/home/ubuntu/.wdm/drivers/chromedriver/linux64/121.0.6167.85/chromedriver-linux64/chromedriver] found in cache
[2024-02-15T20:29:26.462+0900] {logger.py:11} INFO - ====== WebDriver manager ======
[2024-02-15T20:29:26.552+0900] {logger.py:11} INFO - Get LATEST chromedriver version for google-chrome
[2024-02-15T20:29:26.635+0900] {logger.py:11} INFO - Get LATEST chromedriver version for google-chrome
[2024-02-15T20:29:26.718+0900] {logger.py:11} INFO - Driver [/home/ubuntu/.wdm/drivers/chromedriver/linux64/121.0.6167.85/chromedriver-linux64/chromedriver] found in cache
[2024-02-15T20:29:32.283+0900] {logger.py:11} INFO - ====== WebDriver manager ======
[2024-02-15T20:29:32.374+0900] {logger.py:11} INFO - Get LATEST chromedriver version for google-chrome
[2024-02-15T20:29:32.456+0900] {logger.py:11} INFO - Get LATEST chromedriver version for google-chrome
[2024-02-15T20:29:32.538+0900] {logger.py:11} INFO - Driver [/home/ubuntu/.wdm/drivers/chromedriver/linux64/121.0.6167.85/chromedriver-linux64/chromedriver] found in cache
[2024-02-15T20:29:37.218+0900] {logger.py:11} INFO - ====== WebDriver manager ======
[2024-02-15T20:29:37.307+0900] {logger.py:11} INFO - Get LATEST chromedriver version for google-chrome
[2024-02-15T20:29:37.390+0900] {logger.py:11} INFO - Get LATEST chromedriver version for google-chrome
[2024-02-15T20:29:37.471+0900] {logger.py:11} INFO - Driver [/home/ubuntu/.wdm/drivers/chromedriver/linux64/121.0.6167.85/chromedriver-linux64/chromedriver] found in cache
[2024-02-15T20:29:43.591+0900] {logger.py:11} INFO - ====== WebDriver manager ======
[2024-02-15T20:29:43.680+0900] {logger.py:11} INFO - Get LATEST chromedriver version for google-chrome
[2024-02-15T20:29:43.764+0900] {logger.py:11} INFO - Get LATEST chromedriver version for google-chrome
[2024-02-15T20:29:43.847+0900] {logger.py:11} INFO - Driver [/home/ubuntu/.wdm/drivers/chromedriver/linux64/121.0.6167.85/chromedriver-linux64/chromedriver] found in cache
[2024-02-15T20:29:50.115+0900] {logger.py:11} INFO - ====== WebDriver manager ======
[2024-02-15T20:29:50.205+0900] {logger.py:11} INFO - Get LATEST chromedriver version for google-chrome
[2024-02-15T20:29:50.288+0900] {logger.py:11} INFO - Get LATEST chromedriver version for google-chrome
[2024-02-15T20:29:50.374+0900] {logger.py:11} INFO - Driver [/home/ubuntu/.wdm/drivers/chromedriver/linux64/121.0.6167.85/chromedriver-linux64/chromedriver] found in cache
[2024-02-15T20:29:56.083+0900] {logger.py:11} INFO - ====== WebDriver manager ======
[2024-02-15T20:29:56.171+0900] {logger.py:11} INFO - Get LATEST chromedriver version for google-chrome
[2024-02-15T20:29:56.253+0900] {logger.py:11} INFO - Get LATEST chromedriver version for google-chrome
[2024-02-15T20:29:56.334+0900] {logger.py:11} INFO - Driver [/home/ubuntu/.wdm/drivers/chromedriver/linux64/121.0.6167.85/chromedriver-linux64/chromedriver] found in cache
[2024-02-15T20:30:11.809+0900] {logger.py:11} INFO - ====== WebDriver manager ======
[2024-02-15T20:30:11.899+0900] {logger.py:11} INFO - Get LATEST chromedriver version for google-chrome
[2024-02-15T20:30:11.984+0900] {logger.py:11} INFO - Get LATEST chromedriver version for google-chrome
[2024-02-15T20:30:12.090+0900] {logger.py:11} INFO - Driver [/home/ubuntu/.wdm/drivers/chromedriver/linux64/121.0.6167.85/chromedriver-linux64/chromedriver] found in cache
[2024-02-15T20:30:18.390+0900] {logger.py:11} INFO - ====== WebDriver manager ======
[2024-02-15T20:30:18.480+0900] {logger.py:11} INFO - Get LATEST chromedriver version for google-chrome
[2024-02-15T20:30:18.565+0900] {logger.py:11} INFO - Get LATEST chromedriver version for google-chrome
[2024-02-15T20:30:18.648+0900] {logger.py:11} INFO - Driver [/home/ubuntu/.wdm/drivers/chromedriver/linux64/121.0.6167.85/chromedriver-linux64/chromedriver] found in cache
[2024-02-15T20:30:27.272+0900] {logger.py:11} INFO - ====== WebDriver manager ======
[2024-02-15T20:30:27.362+0900] {logger.py:11} INFO - Get LATEST chromedriver version for google-chrome
[2024-02-15T20:30:27.447+0900] {logger.py:11} INFO - Get LATEST chromedriver version for google-chrome
[2024-02-15T20:30:27.529+0900] {logger.py:11} INFO - Driver [/home/ubuntu/.wdm/drivers/chromedriver/linux64/121.0.6167.85/chromedriver-linux64/chromedriver] found in cache
[2024-02-15T20:30:54.785+0900] {logger.py:11} INFO - ====== WebDriver manager ======
[2024-02-15T20:30:54.875+0900] {logger.py:11} INFO - Get LATEST chromedriver version for google-chrome
[2024-02-15T20:30:54.959+0900] {logger.py:11} INFO - Get LATEST chromedriver version for google-chrome
[2024-02-15T20:30:55.042+0900] {logger.py:11} INFO - Driver [/home/ubuntu/.wdm/drivers/chromedriver/linux64/121.0.6167.85/chromedriver-linux64/chromedriver] found in cache
[2024-02-15T20:30:59.956+0900] {logger.py:11} INFO - ====== WebDriver manager ======
[2024-02-15T20:31:00.046+0900] {logger.py:11} INFO - Get LATEST chromedriver version for google-chrome
[2024-02-15T20:31:00.131+0900] {logger.py:11} INFO - Get LATEST chromedriver version for google-chrome
[2024-02-15T20:31:00.214+0900] {logger.py:11} INFO - Driver [/home/ubuntu/.wdm/drivers/chromedriver/linux64/121.0.6167.85/chromedriver-linux64/chromedriver] found in cache
[2024-02-15T20:31:06.120+0900] {logger.py:11} INFO - ====== WebDriver manager ======
[2024-02-15T20:31:06.212+0900] {logger.py:11} INFO - Get LATEST chromedriver version for google-chrome
[2024-02-15T20:31:06.304+0900] {logger.py:11} INFO - Get LATEST chromedriver version for google-chrome
[2024-02-15T20:31:06.396+0900] {logger.py:11} INFO - Driver [/home/ubuntu/.wdm/drivers/chromedriver/linux64/121.0.6167.85/chromedriver-linux64/chromedriver] found in cache
[2024-02-15T20:31:12.997+0900] {logger.py:11} INFO - ====== WebDriver manager ======
[2024-02-15T20:31:13.088+0900] {logger.py:11} INFO - Get LATEST chromedriver version for google-chrome
[2024-02-15T20:31:13.177+0900] {logger.py:11} INFO - Get LATEST chromedriver version for google-chrome
[2024-02-15T20:31:13.265+0900] {logger.py:11} INFO - Driver [/home/ubuntu/.wdm/drivers/chromedriver/linux64/121.0.6167.85/chromedriver-linux64/chromedriver] found in cache
[2024-02-15T20:31:30.142+0900] {logger.py:11} INFO - ====== WebDriver manager ======
[2024-02-15T20:31:30.231+0900] {logger.py:11} INFO - Get LATEST chromedriver version for google-chrome
[2024-02-15T20:31:30.323+0900] {logger.py:11} INFO - Get LATEST chromedriver version for google-chrome
[2024-02-15T20:31:30.412+0900] {logger.py:11} INFO - Driver [/home/ubuntu/.wdm/drivers/chromedriver/linux64/121.0.6167.85/chromedriver-linux64/chromedriver] found in cache
[2024-02-15T20:31:45.716+0900] {logger.py:11} INFO - ====== WebDriver manager ======
[2024-02-15T20:31:45.806+0900] {logger.py:11} INFO - Get LATEST chromedriver version for google-chrome
[2024-02-15T20:31:45.896+0900] {logger.py:11} INFO - Get LATEST chromedriver version for google-chrome
[2024-02-15T20:31:45.985+0900] {logger.py:11} INFO - Driver [/home/ubuntu/.wdm/drivers/chromedriver/linux64/121.0.6167.85/chromedriver-linux64/chromedriver] found in cache
[2024-02-15T20:31:52.433+0900] {logger.py:11} INFO - ====== WebDriver manager ======
[2024-02-15T20:31:52.524+0900] {logger.py:11} INFO - Get LATEST chromedriver version for google-chrome
[2024-02-15T20:31:52.613+0900] {logger.py:11} INFO - Get LATEST chromedriver version for google-chrome
[2024-02-15T20:31:52.704+0900] {logger.py:11} INFO - Driver [/home/ubuntu/.wdm/drivers/chromedriver/linux64/121.0.6167.85/chromedriver-linux64/chromedriver] found in cache
[2024-02-15T20:31:58.637+0900] {logger.py:11} INFO - ====== WebDriver manager ======
[2024-02-15T20:31:58.727+0900] {logger.py:11} INFO - Get LATEST chromedriver version for google-chrome
[2024-02-15T20:31:58.820+0900] {logger.py:11} INFO - Get LATEST chromedriver version for google-chrome
[2024-02-15T20:31:58.911+0900] {logger.py:11} INFO - Driver [/home/ubuntu/.wdm/drivers/chromedriver/linux64/121.0.6167.85/chromedriver-linux64/chromedriver] found in cache
[2024-02-15T20:32:06.044+0900] {logger.py:11} INFO - ====== WebDriver manager ======
[2024-02-15T20:32:06.135+0900] {logger.py:11} INFO - Get LATEST chromedriver version for google-chrome
[2024-02-15T20:32:06.229+0900] {logger.py:11} INFO - Get LATEST chromedriver version for google-chrome
[2024-02-15T20:32:06.319+0900] {logger.py:11} INFO - Driver [/home/ubuntu/.wdm/drivers/chromedriver/linux64/121.0.6167.85/chromedriver-linux64/chromedriver] found in cache
[2024-02-15T20:32:11.125+0900] {logger.py:11} INFO - ====== WebDriver manager ======
[2024-02-15T20:32:11.215+0900] {logger.py:11} INFO - Get LATEST chromedriver version for google-chrome
[2024-02-15T20:32:11.310+0900] {logger.py:11} INFO - Get LATEST chromedriver version for google-chrome
[2024-02-15T20:32:11.400+0900] {logger.py:11} INFO - Driver [/home/ubuntu/.wdm/drivers/chromedriver/linux64/121.0.6167.85/chromedriver-linux64/chromedriver] found in cache
[2024-02-15T20:32:16.088+0900] {logger.py:11} INFO - ====== WebDriver manager ======
[2024-02-15T20:32:16.177+0900] {logger.py:11} INFO - Get LATEST chromedriver version for google-chrome
[2024-02-15T20:32:16.266+0900] {logger.py:11} INFO - Get LATEST chromedriver version for google-chrome
[2024-02-15T20:32:16.354+0900] {logger.py:11} INFO - Driver [/home/ubuntu/.wdm/drivers/chromedriver/linux64/121.0.6167.85/chromedriver-linux64/chromedriver] found in cache
[2024-02-15T20:32:22.886+0900] {logger.py:11} INFO - ====== WebDriver manager ======
[2024-02-15T20:32:22.975+0900] {logger.py:11} INFO - Get LATEST chromedriver version for google-chrome
[2024-02-15T20:32:23.060+0900] {logger.py:11} INFO - Get LATEST chromedriver version for google-chrome
[2024-02-15T20:32:23.144+0900] {logger.py:11} INFO - Driver [/home/ubuntu/.wdm/drivers/chromedriver/linux64/121.0.6167.85/chromedriver-linux64/chromedriver] found in cache
[2024-02-15T20:32:38.515+0900] {logger.py:11} INFO - ====== WebDriver manager ======
[2024-02-15T20:32:38.605+0900] {logger.py:11} INFO - Get LATEST chromedriver version for google-chrome
[2024-02-15T20:32:38.687+0900] {logger.py:11} INFO - Get LATEST chromedriver version for google-chrome
[2024-02-15T20:32:38.772+0900] {logger.py:11} INFO - Driver [/home/ubuntu/.wdm/drivers/chromedriver/linux64/121.0.6167.85/chromedriver-linux64/chromedriver] found in cache
[2024-02-15T20:32:46.159+0900] {logger.py:11} INFO - ====== WebDriver manager ======
[2024-02-15T20:32:46.248+0900] {logger.py:11} INFO - Get LATEST chromedriver version for google-chrome
[2024-02-15T20:32:46.331+0900] {logger.py:11} INFO - Get LATEST chromedriver version for google-chrome
[2024-02-15T20:32:46.414+0900] {logger.py:11} INFO - Driver [/home/ubuntu/.wdm/drivers/chromedriver/linux64/121.0.6167.85/chromedriver-linux64/chromedriver] found in cache
[2024-02-15T20:32:50.841+0900] {logger.py:11} INFO - ====== WebDriver manager ======
[2024-02-15T20:32:50.930+0900] {logger.py:11} INFO - Get LATEST chromedriver version for google-chrome
[2024-02-15T20:32:51.015+0900] {logger.py:11} INFO - Get LATEST chromedriver version for google-chrome
[2024-02-15T20:32:51.112+0900] {logger.py:11} INFO - Driver [/home/ubuntu/.wdm/drivers/chromedriver/linux64/121.0.6167.85/chromedriver-linux64/chromedriver] found in cache
[2024-02-15T20:32:57.692+0900] {logger.py:11} INFO - ====== WebDriver manager ======
[2024-02-15T20:32:57.782+0900] {logger.py:11} INFO - Get LATEST chromedriver version for google-chrome
[2024-02-15T20:32:57.869+0900] {logger.py:11} INFO - Get LATEST chromedriver version for google-chrome
[2024-02-15T20:32:57.953+0900] {logger.py:11} INFO - Driver [/home/ubuntu/.wdm/drivers/chromedriver/linux64/121.0.6167.85/chromedriver-linux64/chromedriver] found in cache
[2024-02-15T20:33:04.114+0900] {logger.py:11} INFO - ====== WebDriver manager ======
[2024-02-15T20:33:04.204+0900] {logger.py:11} INFO - Get LATEST chromedriver version for google-chrome
[2024-02-15T20:33:04.287+0900] {logger.py:11} INFO - Get LATEST chromedriver version for google-chrome
[2024-02-15T20:33:04.371+0900] {logger.py:11} INFO - Driver [/home/ubuntu/.wdm/drivers/chromedriver/linux64/121.0.6167.85/chromedriver-linux64/chromedriver] found in cache
[2024-02-15T20:33:11.033+0900] {logger.py:11} INFO - ====== WebDriver manager ======
[2024-02-15T20:33:11.122+0900] {logger.py:11} INFO - Get LATEST chromedriver version for google-chrome
[2024-02-15T20:33:11.205+0900] {logger.py:11} INFO - Get LATEST chromedriver version for google-chrome
[2024-02-15T20:33:11.287+0900] {logger.py:11} INFO - Driver [/home/ubuntu/.wdm/drivers/chromedriver/linux64/121.0.6167.85/chromedriver-linux64/chromedriver] found in cache
[2024-02-15T20:33:16.006+0900] {logger.py:11} INFO - ====== WebDriver manager ======
[2024-02-15T20:33:16.096+0900] {logger.py:11} INFO - Get LATEST chromedriver version for google-chrome
[2024-02-15T20:33:16.179+0900] {logger.py:11} INFO - Get LATEST chromedriver version for google-chrome
[2024-02-15T20:33:16.261+0900] {logger.py:11} INFO - Driver [/home/ubuntu/.wdm/drivers/chromedriver/linux64/121.0.6167.85/chromedriver-linux64/chromedriver] found in cache
[2024-02-15T20:33:22.321+0900] {logger.py:11} INFO - ====== WebDriver manager ======
[2024-02-15T20:33:22.411+0900] {logger.py:11} INFO - Get LATEST chromedriver version for google-chrome
[2024-02-15T20:33:22.495+0900] {logger.py:11} INFO - Get LATEST chromedriver version for google-chrome
[2024-02-15T20:33:22.577+0900] {logger.py:11} INFO - Driver [/home/ubuntu/.wdm/drivers/chromedriver/linux64/121.0.6167.85/chromedriver-linux64/chromedriver] found in cache
[2024-02-15T20:33:27.727+0900] {taskinstance.py:2698} ERROR - Task failed with exception
Traceback (most recent call last):
  File "/usr/local/lib/python3.10/dist-packages/airflow/models/taskinstance.py", line 433, in _execute_task
    result = execute_callable(context=context, **execute_callable_kwargs)
  File "/usr/local/lib/python3.10/dist-packages/airflow/operators/python.py", line 199, in execute
    return_value = self.execute_callable()
  File "/usr/local/lib/python3.10/dist-packages/airflow/operators/python.py", line 216, in execute_callable
    return self.python_callable(*self.op_args, **self.op_kwargs)
  File "/home/ubuntu/airflow/dags/Community_Collect.py", line 169, in community_Content_Collect
    df.to_csv(f"/home/hyunwoo/airflow/naver_news/{today}_IT.csv", index = None)
  File "/home/ubuntu/.local/lib/python3.10/site-packages/pandas/util/_decorators.py", line 333, in wrapper
    return func(*args, **kwargs)
  File "/home/ubuntu/.local/lib/python3.10/site-packages/pandas/core/generic.py", line 3961, in to_csv
    return DataFrameRenderer(formatter).to_csv(
  File "/home/ubuntu/.local/lib/python3.10/site-packages/pandas/io/formats/format.py", line 1014, in to_csv
    csv_formatter.save()
  File "/home/ubuntu/.local/lib/python3.10/site-packages/pandas/io/formats/csvs.py", line 251, in save
    with get_handle(
  File "/home/ubuntu/.local/lib/python3.10/site-packages/pandas/io/common.py", line 749, in get_handle
    check_parent_directory(str(handle))
  File "/home/ubuntu/.local/lib/python3.10/site-packages/pandas/io/common.py", line 616, in check_parent_directory
    raise OSError(rf"Cannot save file into a non-existent directory: '{parent}'")
OSError: Cannot save file into a non-existent directory: '/home/hyunwoo/airflow/naver_news'
[2024-02-15T20:33:27.734+0900] {taskinstance.py:1138} INFO - Marking task as FAILED. dag_id=CollectCommunity, task_id=community_Content_Collect, execution_date=20240215T090907, start_date=20240215T112420, end_date=20240215T113327
[2024-02-15T20:33:27.747+0900] {standard_task_runner.py:107} ERROR - Failed to execute job 16 for task community_Content_Collect (Cannot save file into a non-existent directory: '/home/hyunwoo/airflow/naver_news'; 46094)
[2024-02-15T20:33:27.774+0900] {local_task_job_runner.py:234} INFO - Task exited with return code 1
[2024-02-15T20:33:27.784+0900] {taskinstance.py:3280} INFO - 0 downstream tasks scheduled from follow-on schedule check
