[2024-02-15T15:42:35.785+0900] {processor.py:161} INFO - Started process (PID=1033) to work on /usr/local/lib/python3.10/dist-packages/airflow/example_dags/example_python_operator.py
[2024-02-15T15:42:35.787+0900] {processor.py:830} INFO - Processing file /usr/local/lib/python3.10/dist-packages/airflow/example_dags/example_python_operator.py for tasks to queue
[2024-02-15T15:42:35.788+0900] {logging_mixin.py:188} INFO - [2024-02-15T15:42:35.787+0900] {dagbag.py:538} INFO - Filling up the DagBag from /usr/local/lib/python3.10/dist-packages/airflow/example_dags/example_python_operator.py
[2024-02-15T15:42:35.796+0900] {logging_mixin.py:188} INFO - [2024-02-15T15:42:35.796+0900] {example_python_operator.py:88} WARNING - The virtalenv_python example task requires virtualenv, please install it.
[2024-02-15T15:42:35.797+0900] {processor.py:840} INFO - DAG(s) 'example_python_operator' retrieved from /usr/local/lib/python3.10/dist-packages/airflow/example_dags/example_python_operator.py
[2024-02-15T15:42:35.913+0900] {logging_mixin.py:188} INFO - [2024-02-15T15:42:35.912+0900] {override.py:1769} INFO - Created Permission View: can edit on DAG:example_python_operator
[2024-02-15T15:42:35.926+0900] {logging_mixin.py:188} INFO - [2024-02-15T15:42:35.926+0900] {override.py:1769} INFO - Created Permission View: can read on DAG:example_python_operator
[2024-02-15T15:42:35.936+0900] {logging_mixin.py:188} INFO - [2024-02-15T15:42:35.935+0900] {override.py:1769} INFO - Created Permission View: can delete on DAG:example_python_operator
[2024-02-15T15:42:35.936+0900] {logging_mixin.py:188} INFO - [2024-02-15T15:42:35.936+0900] {dag.py:3036} INFO - Sync 1 DAGs
[2024-02-15T15:42:35.950+0900] {logging_mixin.py:188} INFO - [2024-02-15T15:42:35.949+0900] {dag.py:3058} INFO - Creating ORM DAG for example_python_operator
[2024-02-15T15:42:35.950+0900] {logging_mixin.py:188} INFO - [2024-02-15T15:42:35.950+0900] {dag.py:3823} INFO - Setting next_dagrun for example_python_operator to None, run_after=None
[2024-02-15T15:42:35.973+0900] {processor.py:183} INFO - Processing /usr/local/lib/python3.10/dist-packages/airflow/example_dags/example_python_operator.py took 0.191 seconds
[2024-02-15T15:43:35.282+0900] {processor.py:161} INFO - Started process (PID=1101) to work on /usr/local/lib/python3.10/dist-packages/airflow/example_dags/example_python_operator.py
[2024-02-15T15:43:35.284+0900] {processor.py:830} INFO - Processing file /usr/local/lib/python3.10/dist-packages/airflow/example_dags/example_python_operator.py for tasks to queue
[2024-02-15T15:43:35.285+0900] {logging_mixin.py:188} INFO - [2024-02-15T15:43:35.284+0900] {dagbag.py:538} INFO - Filling up the DagBag from /usr/local/lib/python3.10/dist-packages/airflow/example_dags/example_python_operator.py
[2024-02-15T15:43:35.293+0900] {logging_mixin.py:188} INFO - [2024-02-15T15:43:35.293+0900] {example_python_operator.py:88} WARNING - The virtalenv_python example task requires virtualenv, please install it.
[2024-02-15T15:43:35.294+0900] {processor.py:840} INFO - DAG(s) 'example_python_operator' retrieved from /usr/local/lib/python3.10/dist-packages/airflow/example_dags/example_python_operator.py
[2024-02-15T15:43:35.317+0900] {logging_mixin.py:188} INFO - [2024-02-15T15:43:35.317+0900] {dag.py:3036} INFO - Sync 1 DAGs
[2024-02-15T15:43:35.331+0900] {logging_mixin.py:188} INFO - [2024-02-15T15:43:35.331+0900] {dag.py:3823} INFO - Setting next_dagrun for example_python_operator to None, run_after=None
[2024-02-15T15:43:35.355+0900] {processor.py:183} INFO - Processing /usr/local/lib/python3.10/dist-packages/airflow/example_dags/example_python_operator.py took 0.076 seconds
