[2024-02-15T15:42:18.392+0900] {processor.py:161} INFO - Started process (PID=1015) to work on /usr/local/lib/python3.10/dist-packages/airflow/example_dags/example_python_decorator.py
[2024-02-15T15:42:18.393+0900] {processor.py:830} INFO - Processing file /usr/local/lib/python3.10/dist-packages/airflow/example_dags/example_python_decorator.py for tasks to queue
[2024-02-15T15:42:18.394+0900] {logging_mixin.py:188} INFO - [2024-02-15T15:42:18.394+0900] {dagbag.py:538} INFO - Filling up the DagBag from /usr/local/lib/python3.10/dist-packages/airflow/example_dags/example_python_decorator.py
[2024-02-15T15:42:18.405+0900] {logging_mixin.py:188} INFO - [2024-02-15T15:42:18.405+0900] {example_python_decorator.py:79} WARNING - The virtalenv_python example task requires virtualenv, please install it.
[2024-02-15T15:42:18.408+0900] {processor.py:840} INFO - DAG(s) 'example_python_decorator' retrieved from /usr/local/lib/python3.10/dist-packages/airflow/example_dags/example_python_decorator.py
[2024-02-15T15:42:18.526+0900] {logging_mixin.py:188} INFO - [2024-02-15T15:42:18.525+0900] {override.py:1769} INFO - Created Permission View: can edit on DAG:example_python_decorator
[2024-02-15T15:42:18.540+0900] {logging_mixin.py:188} INFO - [2024-02-15T15:42:18.540+0900] {override.py:1769} INFO - Created Permission View: can read on DAG:example_python_decorator
[2024-02-15T15:42:18.550+0900] {logging_mixin.py:188} INFO - [2024-02-15T15:42:18.549+0900] {override.py:1769} INFO - Created Permission View: can delete on DAG:example_python_decorator
[2024-02-15T15:42:18.550+0900] {logging_mixin.py:188} INFO - [2024-02-15T15:42:18.550+0900] {dag.py:3036} INFO - Sync 1 DAGs
[2024-02-15T15:42:18.562+0900] {logging_mixin.py:188} INFO - [2024-02-15T15:42:18.562+0900] {dag.py:3058} INFO - Creating ORM DAG for example_python_decorator
[2024-02-15T15:42:18.563+0900] {logging_mixin.py:188} INFO - [2024-02-15T15:42:18.563+0900] {dag.py:3823} INFO - Setting next_dagrun for example_python_decorator to None, run_after=None
[2024-02-15T15:42:18.585+0900] {processor.py:183} INFO - Processing /usr/local/lib/python3.10/dist-packages/airflow/example_dags/example_python_decorator.py took 0.198 seconds
[2024-02-15T15:43:19.725+0900] {processor.py:161} INFO - Started process (PID=1078) to work on /usr/local/lib/python3.10/dist-packages/airflow/example_dags/example_python_decorator.py
[2024-02-15T15:43:19.727+0900] {processor.py:830} INFO - Processing file /usr/local/lib/python3.10/dist-packages/airflow/example_dags/example_python_decorator.py for tasks to queue
[2024-02-15T15:43:19.728+0900] {logging_mixin.py:188} INFO - [2024-02-15T15:43:19.728+0900] {dagbag.py:538} INFO - Filling up the DagBag from /usr/local/lib/python3.10/dist-packages/airflow/example_dags/example_python_decorator.py
[2024-02-15T15:43:19.739+0900] {logging_mixin.py:188} INFO - [2024-02-15T15:43:19.739+0900] {example_python_decorator.py:79} WARNING - The virtalenv_python example task requires virtualenv, please install it.
[2024-02-15T15:43:19.742+0900] {processor.py:840} INFO - DAG(s) 'example_python_decorator' retrieved from /usr/local/lib/python3.10/dist-packages/airflow/example_dags/example_python_decorator.py
[2024-02-15T15:43:19.765+0900] {logging_mixin.py:188} INFO - [2024-02-15T15:43:19.764+0900] {dag.py:3036} INFO - Sync 1 DAGs
[2024-02-15T15:43:19.777+0900] {logging_mixin.py:188} INFO - [2024-02-15T15:43:19.777+0900] {dag.py:3823} INFO - Setting next_dagrun for example_python_decorator to None, run_after=None
[2024-02-15T15:43:19.799+0900] {processor.py:183} INFO - Processing /usr/local/lib/python3.10/dist-packages/airflow/example_dags/example_python_decorator.py took 0.078 seconds
