[2024-02-15T15:42:00.466+0900] {processor.py:161} INFO - Started process (PID=996) to work on /usr/local/lib/python3.10/dist-packages/airflow/example_dags/tutorial_taskflow_api.py
[2024-02-15T15:42:00.467+0900] {processor.py:830} INFO - Processing file /usr/local/lib/python3.10/dist-packages/airflow/example_dags/tutorial_taskflow_api.py for tasks to queue
[2024-02-15T15:42:00.468+0900] {logging_mixin.py:188} INFO - [2024-02-15T15:42:00.468+0900] {dagbag.py:538} INFO - Filling up the DagBag from /usr/local/lib/python3.10/dist-packages/airflow/example_dags/tutorial_taskflow_api.py
[2024-02-15T15:42:00.479+0900] {processor.py:840} INFO - DAG(s) 'tutorial_taskflow_api' retrieved from /usr/local/lib/python3.10/dist-packages/airflow/example_dags/tutorial_taskflow_api.py
[2024-02-15T15:42:00.605+0900] {logging_mixin.py:188} INFO - [2024-02-15T15:42:00.604+0900] {override.py:1769} INFO - Created Permission View: can edit on DAG:tutorial_taskflow_api
[2024-02-15T15:42:00.618+0900] {logging_mixin.py:188} INFO - [2024-02-15T15:42:00.617+0900] {override.py:1769} INFO - Created Permission View: can read on DAG:tutorial_taskflow_api
[2024-02-15T15:42:00.627+0900] {logging_mixin.py:188} INFO - [2024-02-15T15:42:00.627+0900] {override.py:1769} INFO - Created Permission View: can delete on DAG:tutorial_taskflow_api
[2024-02-15T15:42:00.628+0900] {logging_mixin.py:188} INFO - [2024-02-15T15:42:00.628+0900] {dag.py:3036} INFO - Sync 1 DAGs
[2024-02-15T15:42:00.640+0900] {logging_mixin.py:188} INFO - [2024-02-15T15:42:00.639+0900] {dag.py:3058} INFO - Creating ORM DAG for tutorial_taskflow_api
[2024-02-15T15:42:00.640+0900] {logging_mixin.py:188} INFO - [2024-02-15T15:42:00.640+0900] {dag.py:3823} INFO - Setting next_dagrun for tutorial_taskflow_api to None, run_after=None
[2024-02-15T15:42:00.661+0900] {processor.py:183} INFO - Processing /usr/local/lib/python3.10/dist-packages/airflow/example_dags/tutorial_taskflow_api.py took 0.198 seconds
[2024-02-15T15:42:58.992+0900] {processor.py:161} INFO - Started process (PID=1053) to work on /usr/local/lib/python3.10/dist-packages/airflow/example_dags/tutorial_taskflow_api.py
[2024-02-15T15:42:58.994+0900] {processor.py:830} INFO - Processing file /usr/local/lib/python3.10/dist-packages/airflow/example_dags/tutorial_taskflow_api.py for tasks to queue
[2024-02-15T15:42:58.995+0900] {logging_mixin.py:188} INFO - [2024-02-15T15:42:58.994+0900] {dagbag.py:538} INFO - Filling up the DagBag from /usr/local/lib/python3.10/dist-packages/airflow/example_dags/tutorial_taskflow_api.py
[2024-02-15T15:42:59.003+0900] {processor.py:840} INFO - DAG(s) 'tutorial_taskflow_api' retrieved from /usr/local/lib/python3.10/dist-packages/airflow/example_dags/tutorial_taskflow_api.py
[2024-02-15T15:42:59.022+0900] {logging_mixin.py:188} INFO - [2024-02-15T15:42:59.022+0900] {dag.py:3036} INFO - Sync 1 DAGs
[2024-02-15T15:42:59.036+0900] {logging_mixin.py:188} INFO - [2024-02-15T15:42:59.035+0900] {dag.py:3823} INFO - Setting next_dagrun for tutorial_taskflow_api to None, run_after=None
[2024-02-15T15:42:59.058+0900] {processor.py:183} INFO - Processing /usr/local/lib/python3.10/dist-packages/airflow/example_dags/tutorial_taskflow_api.py took 0.069 seconds
[2024-02-15T15:43:03.116+0900] {processor.py:161} INFO - Started process (PID=1058) to work on /usr/local/lib/python3.10/dist-packages/airflow/example_dags/tutorial_taskflow_api.py
[2024-02-15T15:43:03.117+0900] {processor.py:830} INFO - Processing file /usr/local/lib/python3.10/dist-packages/airflow/example_dags/tutorial_taskflow_api.py for tasks to queue
[2024-02-15T15:43:03.118+0900] {logging_mixin.py:188} INFO - [2024-02-15T15:43:03.118+0900] {dagbag.py:538} INFO - Filling up the DagBag from /usr/local/lib/python3.10/dist-packages/airflow/example_dags/tutorial_taskflow_api.py
[2024-02-15T15:43:03.130+0900] {processor.py:840} INFO - DAG(s) 'tutorial_taskflow_api' retrieved from /usr/local/lib/python3.10/dist-packages/airflow/example_dags/tutorial_taskflow_api.py
[2024-02-15T15:43:03.157+0900] {logging_mixin.py:188} INFO - [2024-02-15T15:43:03.157+0900] {dag.py:3036} INFO - Sync 1 DAGs
[2024-02-15T15:43:03.170+0900] {logging_mixin.py:188} INFO - [2024-02-15T15:43:03.169+0900] {dag.py:3823} INFO - Setting next_dagrun for tutorial_taskflow_api to None, run_after=None
[2024-02-15T15:43:03.191+0900] {processor.py:183} INFO - Processing /usr/local/lib/python3.10/dist-packages/airflow/example_dags/tutorial_taskflow_api.py took 0.079 seconds
