[2024-02-15T15:42:01.811+0900] {processor.py:161} INFO - Started process (PID=997) to work on /usr/local/lib/python3.10/dist-packages/airflow/example_dags/tutorial.py
[2024-02-15T15:42:01.812+0900] {processor.py:830} INFO - Processing file /usr/local/lib/python3.10/dist-packages/airflow/example_dags/tutorial.py for tasks to queue
[2024-02-15T15:42:01.813+0900] {logging_mixin.py:188} INFO - [2024-02-15T15:42:01.813+0900] {dagbag.py:538} INFO - Filling up the DagBag from /usr/local/lib/python3.10/dist-packages/airflow/example_dags/tutorial.py
[2024-02-15T15:42:01.824+0900] {processor.py:840} INFO - DAG(s) 'tutorial' retrieved from /usr/local/lib/python3.10/dist-packages/airflow/example_dags/tutorial.py
[2024-02-15T15:42:01.946+0900] {logging_mixin.py:188} INFO - [2024-02-15T15:42:01.945+0900] {override.py:1769} INFO - Created Permission View: can edit on DAG:tutorial
[2024-02-15T15:42:01.959+0900] {logging_mixin.py:188} INFO - [2024-02-15T15:42:01.958+0900] {override.py:1769} INFO - Created Permission View: can read on DAG:tutorial
[2024-02-15T15:42:01.968+0900] {logging_mixin.py:188} INFO - [2024-02-15T15:42:01.968+0900] {override.py:1769} INFO - Created Permission View: can delete on DAG:tutorial
[2024-02-15T15:42:01.969+0900] {logging_mixin.py:188} INFO - [2024-02-15T15:42:01.968+0900] {dag.py:3036} INFO - Sync 1 DAGs
[2024-02-15T15:42:01.980+0900] {logging_mixin.py:188} INFO - [2024-02-15T15:42:01.980+0900] {dag.py:3058} INFO - Creating ORM DAG for tutorial
[2024-02-15T15:42:01.991+0900] {logging_mixin.py:188} INFO - [2024-02-15T15:42:01.991+0900] {dag.py:3823} INFO - Setting next_dagrun for tutorial to 2024-02-14 00:00:00+00:00, run_after=2024-02-15 00:00:00+00:00
[2024-02-15T15:42:02.014+0900] {processor.py:183} INFO - Processing /usr/local/lib/python3.10/dist-packages/airflow/example_dags/tutorial.py took 0.206 seconds
[2024-02-15T15:43:00.147+0900] {processor.py:161} INFO - Started process (PID=1054) to work on /usr/local/lib/python3.10/dist-packages/airflow/example_dags/tutorial.py
[2024-02-15T15:43:00.148+0900] {processor.py:830} INFO - Processing file /usr/local/lib/python3.10/dist-packages/airflow/example_dags/tutorial.py for tasks to queue
[2024-02-15T15:43:00.149+0900] {logging_mixin.py:188} INFO - [2024-02-15T15:43:00.149+0900] {dagbag.py:538} INFO - Filling up the DagBag from /usr/local/lib/python3.10/dist-packages/airflow/example_dags/tutorial.py
[2024-02-15T15:43:00.158+0900] {processor.py:840} INFO - DAG(s) 'tutorial' retrieved from /usr/local/lib/python3.10/dist-packages/airflow/example_dags/tutorial.py
[2024-02-15T15:43:00.176+0900] {logging_mixin.py:188} INFO - [2024-02-15T15:43:00.176+0900] {dag.py:3036} INFO - Sync 1 DAGs
[2024-02-15T15:43:00.199+0900] {logging_mixin.py:188} INFO - [2024-02-15T15:43:00.198+0900] {dag.py:3823} INFO - Setting next_dagrun for tutorial to 2024-02-14 00:00:00+00:00, run_after=2024-02-15 00:00:00+00:00
[2024-02-15T15:43:00.222+0900] {processor.py:183} INFO - Processing /usr/local/lib/python3.10/dist-packages/airflow/example_dags/tutorial.py took 0.079 seconds
[2024-02-15T15:43:04.260+0900] {processor.py:161} INFO - Started process (PID=1059) to work on /usr/local/lib/python3.10/dist-packages/airflow/example_dags/tutorial.py
[2024-02-15T15:43:04.261+0900] {processor.py:830} INFO - Processing file /usr/local/lib/python3.10/dist-packages/airflow/example_dags/tutorial.py for tasks to queue
[2024-02-15T15:43:04.262+0900] {logging_mixin.py:188} INFO - [2024-02-15T15:43:04.262+0900] {dagbag.py:538} INFO - Filling up the DagBag from /usr/local/lib/python3.10/dist-packages/airflow/example_dags/tutorial.py
[2024-02-15T15:43:04.273+0900] {processor.py:840} INFO - DAG(s) 'tutorial' retrieved from /usr/local/lib/python3.10/dist-packages/airflow/example_dags/tutorial.py
[2024-02-15T15:43:04.300+0900] {logging_mixin.py:188} INFO - [2024-02-15T15:43:04.300+0900] {dag.py:3036} INFO - Sync 1 DAGs
[2024-02-15T15:43:04.319+0900] {logging_mixin.py:188} INFO - [2024-02-15T15:43:04.319+0900] {dag.py:3823} INFO - Setting next_dagrun for tutorial to 2024-02-14 00:00:00+00:00, run_after=2024-02-15 00:00:00+00:00
[2024-02-15T15:43:04.341+0900] {processor.py:183} INFO - Processing /usr/local/lib/python3.10/dist-packages/airflow/example_dags/tutorial.py took 0.085 seconds
