[2024-02-15T17:37:24.279+0900] {taskinstance.py:1956} INFO - Dependencies all met for dep_context=non-requeueable deps ti=<TaskInstance: CollectNaverNews.news_Content_Comment_Collect scheduled__2024-01-24T00:00:00+00:00 [queued]>
[2024-02-15T17:37:24.286+0900] {taskinstance.py:1956} INFO - Dependencies all met for dep_context=requeueable deps ti=<TaskInstance: CollectNaverNews.news_Content_Comment_Collect scheduled__2024-01-24T00:00:00+00:00 [queued]>
[2024-02-15T17:37:24.286+0900] {taskinstance.py:2170} INFO - Starting attempt 1 of 1
[2024-02-15T17:37:24.463+0900] {taskinstance.py:2191} INFO - Executing <Task(PythonOperator): news_Content_Comment_Collect> on 2024-01-24 00:00:00+00:00
[2024-02-15T17:37:24.469+0900] {standard_task_runner.py:60} INFO - Started process 6511 to run task
[2024-02-15T17:37:24.473+0900] {standard_task_runner.py:87} INFO - Running: ['airflow', 'tasks', 'run', 'CollectNaverNews', 'news_Content_Comment_Collect', 'scheduled__2024-01-24T00:00:00+00:00', '--job-id', '9', '--raw', '--subdir', 'DAGS_FOLDER/Naver_News_Collect.py', '--cfg-path', '/tmp/tmpvge9s2yz']
[2024-02-15T17:37:24.475+0900] {standard_task_runner.py:88} INFO - Job 9: Subtask news_Content_Comment_Collect
[2024-02-15T17:37:24.518+0900] {task_command.py:423} INFO - Running <TaskInstance: CollectNaverNews.news_Content_Comment_Collect scheduled__2024-01-24T00:00:00+00:00 [running]> on host ip-172-31-11-88.ap-northeast-2.compute.internal
[2024-02-15T17:37:24.580+0900] {taskinstance.py:2480} INFO - Exporting env vars: AIRFLOW_CTX_DAG_OWNER='airflow' AIRFLOW_CTX_DAG_ID='CollectNaverNews' AIRFLOW_CTX_TASK_ID='news_Content_Comment_Collect' AIRFLOW_CTX_EXECUTION_DATE='2024-01-24T00:00:00+00:00' AIRFLOW_CTX_TRY_NUMBER='1' AIRFLOW_CTX_DAG_RUN_ID='scheduled__2024-01-24T00:00:00+00:00'
[2024-02-15T17:37:24.595+0900] {logger.py:11} INFO - ====== WebDriver manager ======
[2024-02-15T17:37:24.682+0900] {logger.py:11} INFO - Get LATEST chromedriver version for google-chrome
[2024-02-15T17:37:24.777+0900] {logger.py:11} INFO - Get LATEST chromedriver version for google-chrome
[2024-02-15T17:37:24.861+0900] {logger.py:11} INFO - Driver [/home/ubuntu/.wdm/drivers/chromedriver/linux64/121.0.6167.85/chromedriver-linux64/chromedriver] found in cache
[2024-02-15T17:37:25.538+0900] {Naver_News_Collect.py:117} INFO - 접속완료
[2024-02-15T17:37:26.628+0900] {Naver_News_Collect.py:120} INFO - 0 Start
[2024-02-15T17:38:00.955+0900] {Naver_News_Collect.py:156} INFO - 1 End
[2024-02-15T17:38:02.957+0900] {logger.py:11} INFO - ====== WebDriver manager ======
[2024-02-15T17:38:03.046+0900] {logger.py:11} INFO - Get LATEST chromedriver version for google-chrome
[2024-02-15T17:38:03.154+0900] {logger.py:11} INFO - Get LATEST chromedriver version for google-chrome
[2024-02-15T17:38:03.246+0900] {logger.py:11} INFO - Driver [/home/ubuntu/.wdm/drivers/chromedriver/linux64/121.0.6167.85/chromedriver-linux64/chromedriver] found in cache
[2024-02-15T17:38:03.925+0900] {Naver_News_Collect.py:117} INFO - 접속완료
[2024-02-15T17:38:05.115+0900] {Naver_News_Collect.py:120} INFO - 1 Start
[2024-02-15T17:38:27.835+0900] {Naver_News_Collect.py:156} INFO - 2 End
[2024-02-15T17:38:30.839+0900] {logger.py:11} INFO - ====== WebDriver manager ======
[2024-02-15T17:38:30.928+0900] {logger.py:11} INFO - Get LATEST chromedriver version for google-chrome
[2024-02-15T17:38:31.020+0900] {logger.py:11} INFO - Get LATEST chromedriver version for google-chrome
[2024-02-15T17:38:31.106+0900] {logger.py:11} INFO - Driver [/home/ubuntu/.wdm/drivers/chromedriver/linux64/121.0.6167.85/chromedriver-linux64/chromedriver] found in cache
[2024-02-15T17:38:31.792+0900] {Naver_News_Collect.py:117} INFO - 접속완료
[2024-02-15T17:38:32.873+0900] {Naver_News_Collect.py:120} INFO - 2 Start
[2024-02-15T17:38:55.528+0900] {Naver_News_Collect.py:156} INFO - 3 End
[2024-02-15T17:38:58.531+0900] {logger.py:11} INFO - ====== WebDriver manager ======
[2024-02-15T17:38:58.619+0900] {logger.py:11} INFO - Get LATEST chromedriver version for google-chrome
[2024-02-15T17:38:58.702+0900] {logger.py:11} INFO - Get LATEST chromedriver version for google-chrome
[2024-02-15T17:38:58.786+0900] {logger.py:11} INFO - Driver [/home/ubuntu/.wdm/drivers/chromedriver/linux64/121.0.6167.85/chromedriver-linux64/chromedriver] found in cache
[2024-02-15T17:38:59.462+0900] {Naver_News_Collect.py:117} INFO - 접속완료
[2024-02-15T17:39:00.270+0900] {Naver_News_Collect.py:120} INFO - 3 Start
[2024-02-15T17:39:22.626+0900] {Naver_News_Collect.py:156} INFO - 4 End
[2024-02-15T17:39:25.629+0900] {logger.py:11} INFO - ====== WebDriver manager ======
[2024-02-15T17:39:25.717+0900] {logger.py:11} INFO - Get LATEST chromedriver version for google-chrome
[2024-02-15T17:39:25.803+0900] {logger.py:11} INFO - Get LATEST chromedriver version for google-chrome
[2024-02-15T17:39:25.897+0900] {logger.py:11} INFO - Driver [/home/ubuntu/.wdm/drivers/chromedriver/linux64/121.0.6167.85/chromedriver-linux64/chromedriver] found in cache
[2024-02-15T17:39:26.594+0900] {Naver_News_Collect.py:117} INFO - 접속완료
[2024-02-15T17:39:27.661+0900] {Naver_News_Collect.py:120} INFO - 4 Start
[2024-02-15T17:39:49.799+0900] {Naver_News_Collect.py:156} INFO - 5 End
[2024-02-15T17:39:51.802+0900] {logger.py:11} INFO - ====== WebDriver manager ======
[2024-02-15T17:39:51.892+0900] {logger.py:11} INFO - Get LATEST chromedriver version for google-chrome
[2024-02-15T17:39:51.979+0900] {logger.py:11} INFO - Get LATEST chromedriver version for google-chrome
[2024-02-15T17:39:52.067+0900] {logger.py:11} INFO - Driver [/home/ubuntu/.wdm/drivers/chromedriver/linux64/121.0.6167.85/chromedriver-linux64/chromedriver] found in cache
[2024-02-15T17:39:52.741+0900] {Naver_News_Collect.py:117} INFO - 접속완료
[2024-02-15T17:39:53.912+0900] {Naver_News_Collect.py:120} INFO - 5 Start
[2024-02-15T17:40:15.987+0900] {Naver_News_Collect.py:156} INFO - 6 End
[2024-02-15T17:40:18.990+0900] {logger.py:11} INFO - ====== WebDriver manager ======
[2024-02-15T17:40:19.078+0900] {logger.py:11} INFO - Get LATEST chromedriver version for google-chrome
[2024-02-15T17:40:19.173+0900] {logger.py:11} INFO - Get LATEST chromedriver version for google-chrome
[2024-02-15T17:40:19.265+0900] {logger.py:11} INFO - Driver [/home/ubuntu/.wdm/drivers/chromedriver/linux64/121.0.6167.85/chromedriver-linux64/chromedriver] found in cache
[2024-02-15T17:40:19.947+0900] {Naver_News_Collect.py:117} INFO - 접속완료
[2024-02-15T17:40:50.056+0900] {Naver_News_Collect.py:120} INFO - 6 Start
[2024-02-15T17:41:00.144+0900] {Naver_News_Collect.py:156} INFO - 6 End
[2024-02-15T17:41:03.145+0900] {logger.py:11} INFO - ====== WebDriver manager ======
[2024-02-15T17:41:03.236+0900] {logger.py:11} INFO - Get LATEST chromedriver version for google-chrome
[2024-02-15T17:41:03.335+0900] {logger.py:11} INFO - Get LATEST chromedriver version for google-chrome
[2024-02-15T17:41:03.436+0900] {logger.py:11} INFO - Driver [/home/ubuntu/.wdm/drivers/chromedriver/linux64/121.0.6167.85/chromedriver-linux64/chromedriver] found in cache
[2024-02-15T17:41:04.115+0900] {Naver_News_Collect.py:117} INFO - 접속완료
[2024-02-15T17:41:05.333+0900] {Naver_News_Collect.py:120} INFO - 6 Start
[2024-02-15T17:41:18.191+0900] {Naver_News_Collect.py:156} INFO - 7 End
[2024-02-15T17:41:20.193+0900] {logger.py:11} INFO - ====== WebDriver manager ======
[2024-02-15T17:41:20.282+0900] {logger.py:11} INFO - Get LATEST chromedriver version for google-chrome
[2024-02-15T17:41:20.369+0900] {logger.py:11} INFO - Get LATEST chromedriver version for google-chrome
[2024-02-15T17:41:20.456+0900] {logger.py:11} INFO - Driver [/home/ubuntu/.wdm/drivers/chromedriver/linux64/121.0.6167.85/chromedriver-linux64/chromedriver] found in cache
[2024-02-15T17:41:21.135+0900] {Naver_News_Collect.py:117} INFO - 접속완료
[2024-02-15T17:41:22.268+0900] {Naver_News_Collect.py:120} INFO - 7 Start
[2024-02-15T17:41:46.836+0900] {Naver_News_Collect.py:156} INFO - 8 End
[2024-02-15T17:41:48.839+0900] {logger.py:11} INFO - ====== WebDriver manager ======
[2024-02-15T17:41:48.930+0900] {logger.py:11} INFO - Get LATEST chromedriver version for google-chrome
[2024-02-15T17:41:49.014+0900] {logger.py:11} INFO - Get LATEST chromedriver version for google-chrome
[2024-02-15T17:41:49.098+0900] {logger.py:11} INFO - Driver [/home/ubuntu/.wdm/drivers/chromedriver/linux64/121.0.6167.85/chromedriver-linux64/chromedriver] found in cache
[2024-02-15T17:41:49.775+0900] {Naver_News_Collect.py:117} INFO - 접속완료
[2024-02-15T17:41:50.956+0900] {Naver_News_Collect.py:120} INFO - 8 Start
[2024-02-15T17:42:13.590+0900] {Naver_News_Collect.py:156} INFO - 9 End
[2024-02-15T17:42:15.593+0900] {logger.py:11} INFO - ====== WebDriver manager ======
[2024-02-15T17:42:15.682+0900] {logger.py:11} INFO - Get LATEST chromedriver version for google-chrome
[2024-02-15T17:42:15.777+0900] {logger.py:11} INFO - Get LATEST chromedriver version for google-chrome
[2024-02-15T17:42:15.872+0900] {logger.py:11} INFO - Driver [/home/ubuntu/.wdm/drivers/chromedriver/linux64/121.0.6167.85/chromedriver-linux64/chromedriver] found in cache
[2024-02-15T17:42:16.547+0900] {Naver_News_Collect.py:117} INFO - 접속완료
[2024-02-15T17:42:17.665+0900] {Naver_News_Collect.py:120} INFO - 9 Start
[2024-02-15T17:42:31.077+0900] {Naver_News_Collect.py:156} INFO - 10 End
[2024-02-15T17:42:33.079+0900] {logger.py:11} INFO - ====== WebDriver manager ======
[2024-02-15T17:42:33.167+0900] {logger.py:11} INFO - Get LATEST chromedriver version for google-chrome
[2024-02-15T17:42:33.254+0900] {logger.py:11} INFO - Get LATEST chromedriver version for google-chrome
[2024-02-15T17:42:33.339+0900] {logger.py:11} INFO - Driver [/home/ubuntu/.wdm/drivers/chromedriver/linux64/121.0.6167.85/chromedriver-linux64/chromedriver] found in cache
[2024-02-15T17:42:34.017+0900] {Naver_News_Collect.py:117} INFO - 접속완료
[2024-02-15T17:42:35.212+0900] {Naver_News_Collect.py:120} INFO - 10 Start
[2024-02-15T17:42:57.845+0900] {Naver_News_Collect.py:156} INFO - 11 End
[2024-02-15T17:43:00.849+0900] {logger.py:11} INFO - ====== WebDriver manager ======
[2024-02-15T17:43:00.937+0900] {logger.py:11} INFO - Get LATEST chromedriver version for google-chrome
[2024-02-15T17:43:01.022+0900] {logger.py:11} INFO - Get LATEST chromedriver version for google-chrome
[2024-02-15T17:43:01.111+0900] {logger.py:11} INFO - Driver [/home/ubuntu/.wdm/drivers/chromedriver/linux64/121.0.6167.85/chromedriver-linux64/chromedriver] found in cache
[2024-02-15T17:43:01.807+0900] {Naver_News_Collect.py:117} INFO - 접속완료
[2024-02-15T17:43:02.954+0900] {Naver_News_Collect.py:120} INFO - 11 Start
[2024-02-15T17:43:26.978+0900] {Naver_News_Collect.py:156} INFO - 12 End
[2024-02-15T17:43:29.982+0900] {logger.py:11} INFO - ====== WebDriver manager ======
[2024-02-15T17:43:30.070+0900] {logger.py:11} INFO - Get LATEST chromedriver version for google-chrome
[2024-02-15T17:43:30.155+0900] {logger.py:11} INFO - Get LATEST chromedriver version for google-chrome
[2024-02-15T17:43:30.287+0900] {logger.py:11} INFO - Driver [/home/ubuntu/.wdm/drivers/chromedriver/linux64/121.0.6167.85/chromedriver-linux64/chromedriver] found in cache
[2024-02-15T17:43:30.961+0900] {Naver_News_Collect.py:117} INFO - 접속완료
[2024-02-15T17:43:32.016+0900] {Naver_News_Collect.py:120} INFO - 12 Start
[2024-02-15T17:43:44.988+0900] {Naver_News_Collect.py:156} INFO - 13 End
[2024-02-15T17:43:47.991+0900] {logger.py:11} INFO - ====== WebDriver manager ======
[2024-02-15T17:43:48.081+0900] {logger.py:11} INFO - Get LATEST chromedriver version for google-chrome
[2024-02-15T17:43:48.165+0900] {logger.py:11} INFO - Get LATEST chromedriver version for google-chrome
[2024-02-15T17:43:48.248+0900] {logger.py:11} INFO - Driver [/home/ubuntu/.wdm/drivers/chromedriver/linux64/121.0.6167.85/chromedriver-linux64/chromedriver] found in cache
[2024-02-15T17:43:48.926+0900] {Naver_News_Collect.py:117} INFO - 접속완료
[2024-02-15T17:43:49.840+0900] {Naver_News_Collect.py:120} INFO - 13 Start
[2024-02-15T17:44:12.156+0900] {Naver_News_Collect.py:156} INFO - 14 End
[2024-02-15T17:44:15.160+0900] {logger.py:11} INFO - ====== WebDriver manager ======
[2024-02-15T17:44:15.248+0900] {logger.py:11} INFO - Get LATEST chromedriver version for google-chrome
[2024-02-15T17:44:15.331+0900] {logger.py:11} INFO - Get LATEST chromedriver version for google-chrome
[2024-02-15T17:44:15.425+0900] {logger.py:11} INFO - Driver [/home/ubuntu/.wdm/drivers/chromedriver/linux64/121.0.6167.85/chromedriver-linux64/chromedriver] found in cache
[2024-02-15T17:44:16.104+0900] {Naver_News_Collect.py:117} INFO - 접속완료
[2024-02-15T17:44:17.155+0900] {Naver_News_Collect.py:120} INFO - 14 Start
[2024-02-15T17:44:41.741+0900] {Naver_News_Collect.py:156} INFO - 15 End
[2024-02-15T17:44:43.744+0900] {logger.py:11} INFO - ====== WebDriver manager ======
[2024-02-15T17:44:43.832+0900] {logger.py:11} INFO - Get LATEST chromedriver version for google-chrome
[2024-02-15T17:44:43.916+0900] {logger.py:11} INFO - Get LATEST chromedriver version for google-chrome
[2024-02-15T17:44:44.001+0900] {logger.py:11} INFO - Driver [/home/ubuntu/.wdm/drivers/chromedriver/linux64/121.0.6167.85/chromedriver-linux64/chromedriver] found in cache
[2024-02-15T17:44:44.680+0900] {Naver_News_Collect.py:117} INFO - 접속완료
[2024-02-15T17:44:45.723+0900] {Naver_News_Collect.py:120} INFO - 15 Start
[2024-02-15T17:45:09.349+0900] {Naver_News_Collect.py:156} INFO - 16 End
[2024-02-15T17:45:11.350+0900] {logger.py:11} INFO - ====== WebDriver manager ======
[2024-02-15T17:45:11.440+0900] {logger.py:11} INFO - Get LATEST chromedriver version for google-chrome
[2024-02-15T17:45:11.542+0900] {logger.py:11} INFO - Get LATEST chromedriver version for google-chrome
[2024-02-15T17:45:11.629+0900] {logger.py:11} INFO - Driver [/home/ubuntu/.wdm/drivers/chromedriver/linux64/121.0.6167.85/chromedriver-linux64/chromedriver] found in cache
[2024-02-15T17:45:12.306+0900] {Naver_News_Collect.py:117} INFO - 접속완료
[2024-02-15T17:45:13.462+0900] {Naver_News_Collect.py:120} INFO - 16 Start
[2024-02-15T17:45:36.173+0900] {Naver_News_Collect.py:156} INFO - 17 End
[2024-02-15T17:45:38.175+0900] {logger.py:11} INFO - ====== WebDriver manager ======
[2024-02-15T17:45:38.264+0900] {logger.py:11} INFO - Get LATEST chromedriver version for google-chrome
[2024-02-15T17:45:38.347+0900] {logger.py:11} INFO - Get LATEST chromedriver version for google-chrome
[2024-02-15T17:45:38.432+0900] {logger.py:11} INFO - Driver [/home/ubuntu/.wdm/drivers/chromedriver/linux64/121.0.6167.85/chromedriver-linux64/chromedriver] found in cache
[2024-02-15T17:45:39.115+0900] {Naver_News_Collect.py:117} INFO - 접속완료
[2024-02-15T17:46:09.199+0900] {Naver_News_Collect.py:120} INFO - 17 Start
[2024-02-15T17:46:19.290+0900] {Naver_News_Collect.py:156} INFO - 17 End
[2024-02-15T17:46:21.292+0900] {logger.py:11} INFO - ====== WebDriver manager ======
[2024-02-15T17:46:21.382+0900] {logger.py:11} INFO - Get LATEST chromedriver version for google-chrome
[2024-02-15T17:46:21.470+0900] {logger.py:11} INFO - Get LATEST chromedriver version for google-chrome
[2024-02-15T17:46:21.555+0900] {logger.py:11} INFO - Driver [/home/ubuntu/.wdm/drivers/chromedriver/linux64/121.0.6167.85/chromedriver-linux64/chromedriver] found in cache
[2024-02-15T17:46:22.239+0900] {Naver_News_Collect.py:117} INFO - 접속완료
[2024-02-15T17:46:23.112+0900] {Naver_News_Collect.py:120} INFO - 17 Start
[2024-02-15T17:46:45.442+0900] {Naver_News_Collect.py:156} INFO - 18 End
[2024-02-15T17:46:47.445+0900] {logger.py:11} INFO - ====== WebDriver manager ======
[2024-02-15T17:46:47.535+0900] {logger.py:11} INFO - Get LATEST chromedriver version for google-chrome
[2024-02-15T17:46:47.621+0900] {logger.py:11} INFO - Get LATEST chromedriver version for google-chrome
[2024-02-15T17:46:47.705+0900] {logger.py:11} INFO - Driver [/home/ubuntu/.wdm/drivers/chromedriver/linux64/121.0.6167.85/chromedriver-linux64/chromedriver] found in cache
[2024-02-15T17:46:48.383+0900] {Naver_News_Collect.py:117} INFO - 접속완료
[2024-02-15T17:46:49.430+0900] {Naver_News_Collect.py:120} INFO - 18 Start
[2024-02-15T17:47:02.250+0900] {Naver_News_Collect.py:156} INFO - 19 End
[2024-02-15T17:47:04.252+0900] {logger.py:11} INFO - ====== WebDriver manager ======
[2024-02-15T17:47:04.341+0900] {logger.py:11} INFO - Get LATEST chromedriver version for google-chrome
[2024-02-15T17:47:04.426+0900] {logger.py:11} INFO - Get LATEST chromedriver version for google-chrome
[2024-02-15T17:47:04.510+0900] {logger.py:11} INFO - Driver [/home/ubuntu/.wdm/drivers/chromedriver/linux64/121.0.6167.85/chromedriver-linux64/chromedriver] found in cache
[2024-02-15T17:47:05.192+0900] {Naver_News_Collect.py:117} INFO - 접속완료
[2024-02-15T17:47:06.281+0900] {Naver_News_Collect.py:120} INFO - 19 Start
[2024-02-15T17:47:19.165+0900] {Naver_News_Collect.py:156} INFO - 20 End
[2024-02-15T17:47:21.168+0900] {logger.py:11} INFO - ====== WebDriver manager ======
[2024-02-15T17:47:21.256+0900] {logger.py:11} INFO - Get LATEST chromedriver version for google-chrome
[2024-02-15T17:47:21.340+0900] {logger.py:11} INFO - Get LATEST chromedriver version for google-chrome
[2024-02-15T17:47:21.423+0900] {logger.py:11} INFO - Driver [/home/ubuntu/.wdm/drivers/chromedriver/linux64/121.0.6167.85/chromedriver-linux64/chromedriver] found in cache
[2024-02-15T17:47:22.099+0900] {Naver_News_Collect.py:117} INFO - 접속완료
[2024-02-15T17:47:23.177+0900] {Naver_News_Collect.py:120} INFO - 20 Start
[2024-02-15T17:47:45.725+0900] {Naver_News_Collect.py:156} INFO - 21 End
[2024-02-15T17:47:48.729+0900] {logger.py:11} INFO - ====== WebDriver manager ======
[2024-02-15T17:47:48.817+0900] {logger.py:11} INFO - Get LATEST chromedriver version for google-chrome
[2024-02-15T17:47:48.900+0900] {logger.py:11} INFO - Get LATEST chromedriver version for google-chrome
[2024-02-15T17:47:48.981+0900] {logger.py:11} INFO - Driver [/home/ubuntu/.wdm/drivers/chromedriver/linux64/121.0.6167.85/chromedriver-linux64/chromedriver] found in cache
[2024-02-15T17:47:49.661+0900] {Naver_News_Collect.py:117} INFO - 접속완료
[2024-02-15T17:47:50.966+0900] {Naver_News_Collect.py:120} INFO - 21 Start
[2024-02-15T17:48:13.518+0900] {Naver_News_Collect.py:156} INFO - 22 End
[2024-02-15T17:48:15.521+0900] {logger.py:11} INFO - ====== WebDriver manager ======
[2024-02-15T17:48:15.610+0900] {logger.py:11} INFO - Get LATEST chromedriver version for google-chrome
[2024-02-15T17:48:15.695+0900] {logger.py:11} INFO - Get LATEST chromedriver version for google-chrome
[2024-02-15T17:48:15.777+0900] {logger.py:11} INFO - Driver [/home/ubuntu/.wdm/drivers/chromedriver/linux64/121.0.6167.85/chromedriver-linux64/chromedriver] found in cache
[2024-02-15T17:48:16.453+0900] {Naver_News_Collect.py:117} INFO - 접속완료
[2024-02-15T17:48:17.757+0900] {Naver_News_Collect.py:120} INFO - 22 Start
[2024-02-15T17:48:40.361+0900] {Naver_News_Collect.py:156} INFO - 23 End
[2024-02-15T17:48:42.363+0900] {logger.py:11} INFO - ====== WebDriver manager ======
[2024-02-15T17:48:42.452+0900] {logger.py:11} INFO - Get LATEST chromedriver version for google-chrome
[2024-02-15T17:48:42.534+0900] {logger.py:11} INFO - Get LATEST chromedriver version for google-chrome
[2024-02-15T17:48:42.617+0900] {logger.py:11} INFO - Driver [/home/ubuntu/.wdm/drivers/chromedriver/linux64/121.0.6167.85/chromedriver-linux64/chromedriver] found in cache
[2024-02-15T17:48:43.294+0900] {Naver_News_Collect.py:117} INFO - 접속완료
[2024-02-15T17:48:44.391+0900] {Naver_News_Collect.py:120} INFO - 23 Start
[2024-02-15T17:49:07.009+0900] {Naver_News_Collect.py:156} INFO - 24 End
[2024-02-15T17:49:09.012+0900] {logger.py:11} INFO - ====== WebDriver manager ======
[2024-02-15T17:49:09.101+0900] {logger.py:11} INFO - Get LATEST chromedriver version for google-chrome
[2024-02-15T17:49:09.184+0900] {logger.py:11} INFO - Get LATEST chromedriver version for google-chrome
[2024-02-15T17:49:09.268+0900] {logger.py:11} INFO - Driver [/home/ubuntu/.wdm/drivers/chromedriver/linux64/121.0.6167.85/chromedriver-linux64/chromedriver] found in cache
[2024-02-15T17:49:09.943+0900] {Naver_News_Collect.py:117} INFO - 접속완료
[2024-02-15T17:49:11.038+0900] {Naver_News_Collect.py:120} INFO - 24 Start
[2024-02-15T17:49:24.108+0900] {Naver_News_Collect.py:156} INFO - 25 End
[2024-02-15T17:49:26.111+0900] {logger.py:11} INFO - ====== WebDriver manager ======
[2024-02-15T17:49:26.201+0900] {logger.py:11} INFO - Get LATEST chromedriver version for google-chrome
[2024-02-15T17:49:26.286+0900] {logger.py:11} INFO - Get LATEST chromedriver version for google-chrome
[2024-02-15T17:49:26.370+0900] {logger.py:11} INFO - Driver [/home/ubuntu/.wdm/drivers/chromedriver/linux64/121.0.6167.85/chromedriver-linux64/chromedriver] found in cache
[2024-02-15T17:49:27.046+0900] {Naver_News_Collect.py:117} INFO - 접속완료
[2024-02-15T17:49:57.145+0900] {Naver_News_Collect.py:120} INFO - 25 Start
[2024-02-15T17:50:07.250+0900] {Naver_News_Collect.py:156} INFO - 25 End
[2024-02-15T17:50:09.253+0900] {logger.py:11} INFO - ====== WebDriver manager ======
[2024-02-15T17:50:09.341+0900] {logger.py:11} INFO - Get LATEST chromedriver version for google-chrome
[2024-02-15T17:50:09.424+0900] {logger.py:11} INFO - Get LATEST chromedriver version for google-chrome
[2024-02-15T17:50:09.508+0900] {logger.py:11} INFO - Driver [/home/ubuntu/.wdm/drivers/chromedriver/linux64/121.0.6167.85/chromedriver-linux64/chromedriver] found in cache
[2024-02-15T17:50:10.188+0900] {Naver_News_Collect.py:117} INFO - 접속완료
[2024-02-15T17:50:11.308+0900] {Naver_News_Collect.py:120} INFO - 25 Start
[2024-02-15T17:50:34.017+0900] {Naver_News_Collect.py:156} INFO - 26 End
[2024-02-15T17:50:37.021+0900] {logger.py:11} INFO - ====== WebDriver manager ======
[2024-02-15T17:50:37.112+0900] {logger.py:11} INFO - Get LATEST chromedriver version for google-chrome
[2024-02-15T17:50:37.199+0900] {logger.py:11} INFO - Get LATEST chromedriver version for google-chrome
[2024-02-15T17:50:37.287+0900] {logger.py:11} INFO - Driver [/home/ubuntu/.wdm/drivers/chromedriver/linux64/121.0.6167.85/chromedriver-linux64/chromedriver] found in cache
[2024-02-15T17:50:37.983+0900] {Naver_News_Collect.py:117} INFO - 접속완료
[2024-02-15T17:50:38.940+0900] {Naver_News_Collect.py:120} INFO - 26 Start
[2024-02-15T17:51:02.108+0900] {Naver_News_Collect.py:156} INFO - 27 End
[2024-02-15T17:51:05.112+0900] {logger.py:11} INFO - ====== WebDriver manager ======
[2024-02-15T17:51:05.203+0900] {logger.py:11} INFO - Get LATEST chromedriver version for google-chrome
[2024-02-15T17:51:05.288+0900] {logger.py:11} INFO - Get LATEST chromedriver version for google-chrome
[2024-02-15T17:51:05.372+0900] {logger.py:11} INFO - Driver [/home/ubuntu/.wdm/drivers/chromedriver/linux64/121.0.6167.85/chromedriver-linux64/chromedriver] found in cache
[2024-02-15T17:51:06.051+0900] {Naver_News_Collect.py:117} INFO - 접속완료
[2024-02-15T17:51:06.998+0900] {Naver_News_Collect.py:120} INFO - 27 Start
[2024-02-15T17:51:29.586+0900] {Naver_News_Collect.py:156} INFO - 28 End
[2024-02-15T17:51:31.589+0900] {logger.py:11} INFO - ====== WebDriver manager ======
[2024-02-15T17:51:31.677+0900] {logger.py:11} INFO - Get LATEST chromedriver version for google-chrome
[2024-02-15T17:51:31.766+0900] {logger.py:11} INFO - Get LATEST chromedriver version for google-chrome
[2024-02-15T17:51:31.854+0900] {logger.py:11} INFO - Driver [/home/ubuntu/.wdm/drivers/chromedriver/linux64/121.0.6167.85/chromedriver-linux64/chromedriver] found in cache
[2024-02-15T17:51:32.549+0900] {Naver_News_Collect.py:117} INFO - 접속완료
[2024-02-15T17:51:33.521+0900] {Naver_News_Collect.py:120} INFO - 28 Start
[2024-02-15T17:51:56.088+0900] {Naver_News_Collect.py:156} INFO - 29 End
[2024-02-15T17:51:58.089+0900] {logger.py:11} INFO - ====== WebDriver manager ======
[2024-02-15T17:51:58.178+0900] {logger.py:11} INFO - Get LATEST chromedriver version for google-chrome
[2024-02-15T17:51:58.265+0900] {logger.py:11} INFO - Get LATEST chromedriver version for google-chrome
[2024-02-15T17:51:58.351+0900] {logger.py:11} INFO - Driver [/home/ubuntu/.wdm/drivers/chromedriver/linux64/121.0.6167.85/chromedriver-linux64/chromedriver] found in cache
[2024-02-15T17:51:59.039+0900] {Naver_News_Collect.py:117} INFO - 접속완료
[2024-02-15T17:52:00.052+0900] {Naver_News_Collect.py:120} INFO - 29 Start
[2024-02-15T17:52:22.148+0900] {Naver_News_Collect.py:156} INFO - 30 End
[2024-02-15T17:52:25.151+0900] {logger.py:11} INFO - ====== WebDriver manager ======
[2024-02-15T17:52:25.241+0900] {logger.py:11} INFO - Get LATEST chromedriver version for google-chrome
[2024-02-15T17:52:25.329+0900] {logger.py:11} INFO - Get LATEST chromedriver version for google-chrome
[2024-02-15T17:52:25.416+0900] {logger.py:11} INFO - Driver [/home/ubuntu/.wdm/drivers/chromedriver/linux64/121.0.6167.85/chromedriver-linux64/chromedriver] found in cache
[2024-02-15T17:52:26.096+0900] {Naver_News_Collect.py:117} INFO - 접속완료
[2024-02-15T17:52:27.134+0900] {Naver_News_Collect.py:120} INFO - 30 Start
[2024-02-15T17:52:49.757+0900] {Naver_News_Collect.py:156} INFO - 31 End
[2024-02-15T17:52:52.761+0900] {logger.py:11} INFO - ====== WebDriver manager ======
[2024-02-15T17:52:52.848+0900] {logger.py:11} INFO - Get LATEST chromedriver version for google-chrome
[2024-02-15T17:52:52.931+0900] {logger.py:11} INFO - Get LATEST chromedriver version for google-chrome
[2024-02-15T17:52:53.014+0900] {logger.py:11} INFO - Driver [/home/ubuntu/.wdm/drivers/chromedriver/linux64/121.0.6167.85/chromedriver-linux64/chromedriver] found in cache
[2024-02-15T17:52:53.695+0900] {Naver_News_Collect.py:117} INFO - 접속완료
[2024-02-15T17:52:54.736+0900] {Naver_News_Collect.py:120} INFO - 31 Start
[2024-02-15T17:53:17.403+0900] {Naver_News_Collect.py:156} INFO - 32 End
[2024-02-15T17:53:19.405+0900] {logger.py:11} INFO - ====== WebDriver manager ======
[2024-02-15T17:53:19.494+0900] {logger.py:11} INFO - Get LATEST chromedriver version for google-chrome
[2024-02-15T17:53:19.582+0900] {logger.py:11} INFO - Get LATEST chromedriver version for google-chrome
[2024-02-15T17:53:19.668+0900] {logger.py:11} INFO - Driver [/home/ubuntu/.wdm/drivers/chromedriver/linux64/121.0.6167.85/chromedriver-linux64/chromedriver] found in cache
[2024-02-15T17:53:20.356+0900] {Naver_News_Collect.py:117} INFO - 접속완료
[2024-02-15T17:53:21.227+0900] {Naver_News_Collect.py:120} INFO - 32 Start
[2024-02-15T17:53:43.483+0900] {Naver_News_Collect.py:156} INFO - 33 End
[2024-02-15T17:53:45.486+0900] {logger.py:11} INFO - ====== WebDriver manager ======
[2024-02-15T17:53:45.575+0900] {logger.py:11} INFO - Get LATEST chromedriver version for google-chrome
[2024-02-15T17:53:45.660+0900] {logger.py:11} INFO - Get LATEST chromedriver version for google-chrome
[2024-02-15T17:53:45.743+0900] {logger.py:11} INFO - Driver [/home/ubuntu/.wdm/drivers/chromedriver/linux64/121.0.6167.85/chromedriver-linux64/chromedriver] found in cache
[2024-02-15T17:53:46.432+0900] {Naver_News_Collect.py:117} INFO - 접속완료
[2024-02-15T17:53:47.312+0900] {Naver_News_Collect.py:120} INFO - 33 Start
[2024-02-15T17:54:09.800+0900] {Naver_News_Collect.py:156} INFO - 34 End
[2024-02-15T17:54:12.804+0900] {logger.py:11} INFO - ====== WebDriver manager ======
[2024-02-15T17:54:12.894+0900] {logger.py:11} INFO - Get LATEST chromedriver version for google-chrome
[2024-02-15T17:54:12.976+0900] {logger.py:11} INFO - Get LATEST chromedriver version for google-chrome
[2024-02-15T17:54:13.059+0900] {logger.py:11} INFO - Driver [/home/ubuntu/.wdm/drivers/chromedriver/linux64/121.0.6167.85/chromedriver-linux64/chromedriver] found in cache
[2024-02-15T17:54:13.752+0900] {Naver_News_Collect.py:117} INFO - 접속완료
[2024-02-15T17:54:14.712+0900] {Naver_News_Collect.py:120} INFO - 34 Start
[2024-02-15T17:54:36.919+0900] {Naver_News_Collect.py:156} INFO - 35 End
[2024-02-15T17:54:38.921+0900] {logger.py:11} INFO - ====== WebDriver manager ======
[2024-02-15T17:54:39.027+0900] {logger.py:11} INFO - Get LATEST chromedriver version for google-chrome
[2024-02-15T17:54:39.112+0900] {logger.py:11} INFO - Get LATEST chromedriver version for google-chrome
[2024-02-15T17:54:39.194+0900] {logger.py:11} INFO - Driver [/home/ubuntu/.wdm/drivers/chromedriver/linux64/121.0.6167.85/chromedriver-linux64/chromedriver] found in cache
[2024-02-15T17:54:39.879+0900] {Naver_News_Collect.py:117} INFO - 접속완료
[2024-02-15T17:54:40.930+0900] {Naver_News_Collect.py:120} INFO - 35 Start
[2024-02-15T17:55:14.739+0900] {Naver_News_Collect.py:156} INFO - 36 End
[2024-02-15T17:55:16.741+0900] {logger.py:11} INFO - ====== WebDriver manager ======
[2024-02-15T17:55:16.831+0900] {logger.py:11} INFO - Get LATEST chromedriver version for google-chrome
[2024-02-15T17:55:16.919+0900] {logger.py:11} INFO - Get LATEST chromedriver version for google-chrome
[2024-02-15T17:55:17.013+0900] {logger.py:11} INFO - Driver [/home/ubuntu/.wdm/drivers/chromedriver/linux64/121.0.6167.85/chromedriver-linux64/chromedriver] found in cache
[2024-02-15T17:55:17.691+0900] {Naver_News_Collect.py:117} INFO - 접속완료
[2024-02-15T17:55:18.903+0900] {Naver_News_Collect.py:120} INFO - 36 Start
[2024-02-15T17:55:41.553+0900] {Naver_News_Collect.py:156} INFO - 37 End
[2024-02-15T17:55:43.556+0900] {logger.py:11} INFO - ====== WebDriver manager ======
[2024-02-15T17:55:43.646+0900] {logger.py:11} INFO - Get LATEST chromedriver version for google-chrome
[2024-02-15T17:55:43.731+0900] {logger.py:11} INFO - Get LATEST chromedriver version for google-chrome
[2024-02-15T17:55:43.816+0900] {logger.py:11} INFO - Driver [/home/ubuntu/.wdm/drivers/chromedriver/linux64/121.0.6167.85/chromedriver-linux64/chromedriver] found in cache
[2024-02-15T17:55:44.514+0900] {Naver_News_Collect.py:117} INFO - 접속완료
[2024-02-15T17:55:45.707+0900] {Naver_News_Collect.py:120} INFO - 37 Start
[2024-02-15T17:56:08.370+0900] {Naver_News_Collect.py:156} INFO - 38 End
[2024-02-15T17:56:11.374+0900] {logger.py:11} INFO - ====== WebDriver manager ======
[2024-02-15T17:56:11.466+0900] {logger.py:11} INFO - Get LATEST chromedriver version for google-chrome
[2024-02-15T17:56:11.552+0900] {logger.py:11} INFO - Get LATEST chromedriver version for google-chrome
[2024-02-15T17:56:11.641+0900] {logger.py:11} INFO - Driver [/home/ubuntu/.wdm/drivers/chromedriver/linux64/121.0.6167.85/chromedriver-linux64/chromedriver] found in cache
[2024-02-15T17:56:12.317+0900] {Naver_News_Collect.py:117} INFO - 접속완료
[2024-02-15T17:56:13.452+0900] {Naver_News_Collect.py:120} INFO - 38 Start
[2024-02-15T17:56:35.995+0900] {Naver_News_Collect.py:156} INFO - 39 End
[2024-02-15T17:56:37.997+0900] {logger.py:11} INFO - ====== WebDriver manager ======
[2024-02-15T17:56:38.085+0900] {logger.py:11} INFO - Get LATEST chromedriver version for google-chrome
[2024-02-15T17:56:38.174+0900] {logger.py:11} INFO - Get LATEST chromedriver version for google-chrome
[2024-02-15T17:56:38.262+0900] {logger.py:11} INFO - Driver [/home/ubuntu/.wdm/drivers/chromedriver/linux64/121.0.6167.85/chromedriver-linux64/chromedriver] found in cache
[2024-02-15T17:56:38.938+0900] {Naver_News_Collect.py:117} INFO - 접속완료
[2024-02-15T17:56:39.981+0900] {Naver_News_Collect.py:120} INFO - 39 Start
[2024-02-15T17:57:02.474+0900] {Naver_News_Collect.py:156} INFO - 40 End
[2024-02-15T17:57:04.476+0900] {logger.py:11} INFO - ====== WebDriver manager ======
[2024-02-15T17:57:04.566+0900] {logger.py:11} INFO - Get LATEST chromedriver version for google-chrome
[2024-02-15T17:57:04.663+0900] {logger.py:11} INFO - Get LATEST chromedriver version for google-chrome
[2024-02-15T17:57:04.756+0900] {logger.py:11} INFO - Driver [/home/ubuntu/.wdm/drivers/chromedriver/linux64/121.0.6167.85/chromedriver-linux64/chromedriver] found in cache
[2024-02-15T17:57:05.432+0900] {Naver_News_Collect.py:117} INFO - 접속완료
[2024-02-15T17:57:06.564+0900] {Naver_News_Collect.py:120} INFO - 40 Start
[2024-02-15T17:57:29.232+0900] {Naver_News_Collect.py:156} INFO - 41 End
[2024-02-15T17:57:32.236+0900] {logger.py:11} INFO - ====== WebDriver manager ======
[2024-02-15T17:57:32.326+0900] {logger.py:11} INFO - Get LATEST chromedriver version for google-chrome
[2024-02-15T17:57:32.408+0900] {logger.py:11} INFO - Get LATEST chromedriver version for google-chrome
[2024-02-15T17:57:32.490+0900] {logger.py:11} INFO - Driver [/home/ubuntu/.wdm/drivers/chromedriver/linux64/121.0.6167.85/chromedriver-linux64/chromedriver] found in cache
[2024-02-15T17:57:33.176+0900] {Naver_News_Collect.py:117} INFO - 접속완료
[2024-02-15T17:57:34.421+0900] {Naver_News_Collect.py:120} INFO - 41 Start
[2024-02-15T17:57:57.039+0900] {Naver_News_Collect.py:156} INFO - 42 End
[2024-02-15T17:58:00.041+0900] {logger.py:11} INFO - ====== WebDriver manager ======
[2024-02-15T17:58:00.130+0900] {logger.py:11} INFO - Get LATEST chromedriver version for google-chrome
[2024-02-15T17:58:00.215+0900] {logger.py:11} INFO - Get LATEST chromedriver version for google-chrome
[2024-02-15T17:58:00.298+0900] {logger.py:11} INFO - Driver [/home/ubuntu/.wdm/drivers/chromedriver/linux64/121.0.6167.85/chromedriver-linux64/chromedriver] found in cache
[2024-02-15T17:58:01.038+0900] {Naver_News_Collect.py:117} INFO - 접속완료
[2024-02-15T17:58:02.031+0900] {Naver_News_Collect.py:120} INFO - 42 Start
[2024-02-15T17:58:24.547+0900] {Naver_News_Collect.py:156} INFO - 43 End
[2024-02-15T17:58:26.550+0900] {logger.py:11} INFO - ====== WebDriver manager ======
[2024-02-15T17:58:26.639+0900] {logger.py:11} INFO - Get LATEST chromedriver version for google-chrome
[2024-02-15T17:58:26.736+0900] {logger.py:11} INFO - Get LATEST chromedriver version for google-chrome
[2024-02-15T17:58:26.822+0900] {logger.py:11} INFO - Driver [/home/ubuntu/.wdm/drivers/chromedriver/linux64/121.0.6167.85/chromedriver-linux64/chromedriver] found in cache
[2024-02-15T17:58:27.502+0900] {Naver_News_Collect.py:117} INFO - 접속완료
[2024-02-15T17:58:28.247+0900] {Naver_News_Collect.py:120} INFO - 43 Start
[2024-02-15T17:58:40.591+0900] {Naver_News_Collect.py:156} INFO - 44 End
[2024-02-15T17:58:42.593+0900] {logger.py:11} INFO - ====== WebDriver manager ======
[2024-02-15T17:58:42.684+0900] {logger.py:11} INFO - Get LATEST chromedriver version for google-chrome
[2024-02-15T17:58:42.769+0900] {logger.py:11} INFO - Get LATEST chromedriver version for google-chrome
[2024-02-15T17:58:42.852+0900] {logger.py:11} INFO - Driver [/home/ubuntu/.wdm/drivers/chromedriver/linux64/121.0.6167.85/chromedriver-linux64/chromedriver] found in cache
[2024-02-15T17:58:43.526+0900] {Naver_News_Collect.py:117} INFO - 접속완료
[2024-02-15T17:58:44.253+0900] {Naver_News_Collect.py:120} INFO - 44 Start
[2024-02-15T17:59:06.559+0900] {Naver_News_Collect.py:156} INFO - 45 End
[2024-02-15T17:59:09.563+0900] {logger.py:11} INFO - ====== WebDriver manager ======
[2024-02-15T17:59:09.652+0900] {logger.py:11} INFO - Get LATEST chromedriver version for google-chrome
[2024-02-15T17:59:09.736+0900] {logger.py:11} INFO - Get LATEST chromedriver version for google-chrome
[2024-02-15T17:59:09.822+0900] {logger.py:11} INFO - Driver [/home/ubuntu/.wdm/drivers/chromedriver/linux64/121.0.6167.85/chromedriver-linux64/chromedriver] found in cache
[2024-02-15T17:59:10.506+0900] {Naver_News_Collect.py:117} INFO - 접속완료
[2024-02-15T17:59:11.482+0900] {Naver_News_Collect.py:120} INFO - 45 Start
[2024-02-15T17:59:24.156+0900] {Naver_News_Collect.py:156} INFO - 46 End
[2024-02-15T17:59:26.158+0900] {logger.py:11} INFO - ====== WebDriver manager ======
[2024-02-15T17:59:26.247+0900] {logger.py:11} INFO - Get LATEST chromedriver version for google-chrome
[2024-02-15T17:59:26.331+0900] {logger.py:11} INFO - Get LATEST chromedriver version for google-chrome
[2024-02-15T17:59:26.413+0900] {logger.py:11} INFO - Driver [/home/ubuntu/.wdm/drivers/chromedriver/linux64/121.0.6167.85/chromedriver-linux64/chromedriver] found in cache
[2024-02-15T17:59:27.106+0900] {Naver_News_Collect.py:117} INFO - 접속완료
[2024-02-15T17:59:28.127+0900] {Naver_News_Collect.py:120} INFO - 46 Start
[2024-02-15T17:59:50.708+0900] {Naver_News_Collect.py:156} INFO - 47 End
[2024-02-15T17:59:52.709+0900] {logger.py:11} INFO - ====== WebDriver manager ======
[2024-02-15T17:59:52.798+0900] {logger.py:11} INFO - Get LATEST chromedriver version for google-chrome
[2024-02-15T17:59:52.882+0900] {logger.py:11} INFO - Get LATEST chromedriver version for google-chrome
[2024-02-15T17:59:52.964+0900] {logger.py:11} INFO - Driver [/home/ubuntu/.wdm/drivers/chromedriver/linux64/121.0.6167.85/chromedriver-linux64/chromedriver] found in cache
[2024-02-15T17:59:53.638+0900] {Naver_News_Collect.py:117} INFO - 접속완료
[2024-02-15T17:59:54.645+0900] {Naver_News_Collect.py:120} INFO - 47 Start
[2024-02-15T18:00:16.788+0900] {Naver_News_Collect.py:156} INFO - 48 End
[2024-02-15T18:00:19.789+0900] {logger.py:11} INFO - ====== WebDriver manager ======
[2024-02-15T18:00:19.880+0900] {logger.py:11} INFO - Get LATEST chromedriver version for google-chrome
[2024-02-15T18:00:19.998+0900] {logger.py:11} INFO - Get LATEST chromedriver version for google-chrome
[2024-02-15T18:00:20.086+0900] {logger.py:11} INFO - Driver [/home/ubuntu/.wdm/drivers/chromedriver/linux64/121.0.6167.85/chromedriver-linux64/chromedriver] found in cache
[2024-02-15T18:00:20.775+0900] {Naver_News_Collect.py:117} INFO - 접속완료
[2024-02-15T18:00:21.702+0900] {Naver_News_Collect.py:120} INFO - 48 Start
[2024-02-15T18:00:44.042+0900] {Naver_News_Collect.py:156} INFO - 49 End
[2024-02-15T18:00:46.045+0900] {logger.py:11} INFO - ====== WebDriver manager ======
[2024-02-15T18:00:46.134+0900] {logger.py:11} INFO - Get LATEST chromedriver version for google-chrome
[2024-02-15T18:00:46.222+0900] {logger.py:11} INFO - Get LATEST chromedriver version for google-chrome
[2024-02-15T18:00:46.312+0900] {logger.py:11} INFO - Driver [/home/ubuntu/.wdm/drivers/chromedriver/linux64/121.0.6167.85/chromedriver-linux64/chromedriver] found in cache
[2024-02-15T18:00:46.994+0900] {Naver_News_Collect.py:117} INFO - 접속완료
[2024-02-15T18:00:48.138+0900] {Naver_News_Collect.py:120} INFO - 49 Start
[2024-02-15T18:01:01.016+0900] {Naver_News_Collect.py:156} INFO - 50 End
[2024-02-15T18:01:04.020+0900] {logger.py:11} INFO - ====== WebDriver manager ======
[2024-02-15T18:01:04.111+0900] {logger.py:11} INFO - Get LATEST chromedriver version for google-chrome
[2024-02-15T18:01:04.202+0900] {logger.py:11} INFO - Get LATEST chromedriver version for google-chrome
[2024-02-15T18:01:04.298+0900] {logger.py:11} INFO - Driver [/home/ubuntu/.wdm/drivers/chromedriver/linux64/121.0.6167.85/chromedriver-linux64/chromedriver] found in cache
[2024-02-15T18:01:04.981+0900] {Naver_News_Collect.py:117} INFO - 접속완료
[2024-02-15T18:01:35.093+0900] {Naver_News_Collect.py:120} INFO - 50 Start
[2024-02-15T18:01:45.192+0900] {Naver_News_Collect.py:156} INFO - 50 End
[2024-02-15T18:01:47.194+0900] {logger.py:11} INFO - ====== WebDriver manager ======
[2024-02-15T18:01:47.283+0900] {logger.py:11} INFO - Get LATEST chromedriver version for google-chrome
[2024-02-15T18:01:47.374+0900] {logger.py:11} INFO - Get LATEST chromedriver version for google-chrome
[2024-02-15T18:01:47.464+0900] {logger.py:11} INFO - Driver [/home/ubuntu/.wdm/drivers/chromedriver/linux64/121.0.6167.85/chromedriver-linux64/chromedriver] found in cache
[2024-02-15T18:01:48.162+0900] {Naver_News_Collect.py:117} INFO - 접속완료
[2024-02-15T18:01:49.343+0900] {Naver_News_Collect.py:120} INFO - 50 Start
[2024-02-15T18:02:12.021+0900] {Naver_News_Collect.py:156} INFO - 51 End
[2024-02-15T18:02:15.025+0900] {logger.py:11} INFO - ====== WebDriver manager ======
[2024-02-15T18:02:15.113+0900] {logger.py:11} INFO - Get LATEST chromedriver version for google-chrome
[2024-02-15T18:02:15.197+0900] {logger.py:11} INFO - Get LATEST chromedriver version for google-chrome
[2024-02-15T18:02:15.284+0900] {logger.py:11} INFO - Driver [/home/ubuntu/.wdm/drivers/chromedriver/linux64/121.0.6167.85/chromedriver-linux64/chromedriver] found in cache
[2024-02-15T18:02:15.959+0900] {Naver_News_Collect.py:117} INFO - 접속완료
[2024-02-15T18:02:17.120+0900] {Naver_News_Collect.py:120} INFO - 51 Start
[2024-02-15T18:02:29.936+0900] {Naver_News_Collect.py:156} INFO - 52 End
[2024-02-15T18:02:31.939+0900] {logger.py:11} INFO - ====== WebDriver manager ======
[2024-02-15T18:02:32.027+0900] {logger.py:11} INFO - Get LATEST chromedriver version for google-chrome
[2024-02-15T18:02:32.113+0900] {logger.py:11} INFO - Get LATEST chromedriver version for google-chrome
[2024-02-15T18:02:32.196+0900] {logger.py:11} INFO - Driver [/home/ubuntu/.wdm/drivers/chromedriver/linux64/121.0.6167.85/chromedriver-linux64/chromedriver] found in cache
[2024-02-15T18:02:32.875+0900] {Naver_News_Collect.py:117} INFO - 접속완료
[2024-02-15T18:02:33.964+0900] {Naver_News_Collect.py:120} INFO - 52 Start
[2024-02-15T18:02:56.603+0900] {Naver_News_Collect.py:156} INFO - 53 End
[2024-02-15T18:02:58.606+0900] {logger.py:11} INFO - ====== WebDriver manager ======
[2024-02-15T18:02:58.695+0900] {logger.py:11} INFO - Get LATEST chromedriver version for google-chrome
[2024-02-15T18:02:58.778+0900] {logger.py:11} INFO - Get LATEST chromedriver version for google-chrome
[2024-02-15T18:02:58.860+0900] {logger.py:11} INFO - Driver [/home/ubuntu/.wdm/drivers/chromedriver/linux64/121.0.6167.85/chromedriver-linux64/chromedriver] found in cache
[2024-02-15T18:02:59.535+0900] {Naver_News_Collect.py:117} INFO - 접속완료
[2024-02-15T18:03:29.620+0900] {Naver_News_Collect.py:120} INFO - 53 Start
[2024-02-15T18:03:39.711+0900] {Naver_News_Collect.py:156} INFO - 53 End
[2024-02-15T18:03:41.713+0900] {logger.py:11} INFO - ====== WebDriver manager ======
[2024-02-15T18:03:41.803+0900] {logger.py:11} INFO - Get LATEST chromedriver version for google-chrome
[2024-02-15T18:03:41.890+0900] {logger.py:11} INFO - Get LATEST chromedriver version for google-chrome
[2024-02-15T18:03:41.974+0900] {logger.py:11} INFO - Driver [/home/ubuntu/.wdm/drivers/chromedriver/linux64/121.0.6167.85/chromedriver-linux64/chromedriver] found in cache
[2024-02-15T18:03:42.653+0900] {Naver_News_Collect.py:117} INFO - 접속완료
[2024-02-15T18:03:43.796+0900] {Naver_News_Collect.py:120} INFO - 53 Start
[2024-02-15T18:04:06.489+0900] {Naver_News_Collect.py:156} INFO - 54 End
[2024-02-15T18:04:08.492+0900] {logger.py:11} INFO - ====== WebDriver manager ======
[2024-02-15T18:04:08.582+0900] {logger.py:11} INFO - Get LATEST chromedriver version for google-chrome
[2024-02-15T18:04:08.666+0900] {logger.py:11} INFO - Get LATEST chromedriver version for google-chrome
[2024-02-15T18:04:08.749+0900] {logger.py:11} INFO - Driver [/home/ubuntu/.wdm/drivers/chromedriver/linux64/121.0.6167.85/chromedriver-linux64/chromedriver] found in cache
[2024-02-15T18:04:09.440+0900] {Naver_News_Collect.py:117} INFO - 접속완료
[2024-02-15T18:04:10.710+0900] {Naver_News_Collect.py:120} INFO - 54 Start
[2024-02-15T18:04:33.277+0900] {Naver_News_Collect.py:156} INFO - 55 End
[2024-02-15T18:04:35.280+0900] {logger.py:11} INFO - ====== WebDriver manager ======
[2024-02-15T18:04:35.369+0900] {logger.py:11} INFO - Get LATEST chromedriver version for google-chrome
[2024-02-15T18:04:35.452+0900] {logger.py:11} INFO - Get LATEST chromedriver version for google-chrome
[2024-02-15T18:04:35.535+0900] {logger.py:11} INFO - Driver [/home/ubuntu/.wdm/drivers/chromedriver/linux64/121.0.6167.85/chromedriver-linux64/chromedriver] found in cache
[2024-02-15T18:04:36.215+0900] {Naver_News_Collect.py:117} INFO - 접속완료
[2024-02-15T18:04:37.394+0900] {Naver_News_Collect.py:120} INFO - 55 Start
[2024-02-15T18:05:00.070+0900] {Naver_News_Collect.py:156} INFO - 56 End
[2024-02-15T18:05:03.072+0900] {logger.py:11} INFO - ====== WebDriver manager ======
[2024-02-15T18:05:03.161+0900] {logger.py:11} INFO - Get LATEST chromedriver version for google-chrome
[2024-02-15T18:05:03.250+0900] {logger.py:11} INFO - Get LATEST chromedriver version for google-chrome
[2024-02-15T18:05:03.338+0900] {logger.py:11} INFO - Driver [/home/ubuntu/.wdm/drivers/chromedriver/linux64/121.0.6167.85/chromedriver-linux64/chromedriver] found in cache
[2024-02-15T18:05:04.018+0900] {Naver_News_Collect.py:117} INFO - 접속완료
[2024-02-15T18:05:05.147+0900] {Naver_News_Collect.py:120} INFO - 56 Start
[2024-02-15T18:05:17.953+0900] {Naver_News_Collect.py:156} INFO - 57 End
[2024-02-15T18:05:20.957+0900] {logger.py:11} INFO - ====== WebDriver manager ======
[2024-02-15T18:05:21.048+0900] {logger.py:11} INFO - Get LATEST chromedriver version for google-chrome
[2024-02-15T18:05:21.149+0900] {logger.py:11} INFO - Get LATEST chromedriver version for google-chrome
[2024-02-15T18:05:21.248+0900] {logger.py:11} INFO - Driver [/home/ubuntu/.wdm/drivers/chromedriver/linux64/121.0.6167.85/chromedriver-linux64/chromedriver] found in cache
[2024-02-15T18:05:21.924+0900] {Naver_News_Collect.py:117} INFO - 접속완료
[2024-02-15T18:05:52.022+0900] {Naver_News_Collect.py:120} INFO - 57 Start
[2024-02-15T18:06:02.097+0900] {Naver_News_Collect.py:156} INFO - 57 End
[2024-02-15T18:06:04.100+0900] {logger.py:11} INFO - ====== WebDriver manager ======
[2024-02-15T18:06:04.191+0900] {logger.py:11} INFO - Get LATEST chromedriver version for google-chrome
[2024-02-15T18:06:04.284+0900] {logger.py:11} INFO - Get LATEST chromedriver version for google-chrome
[2024-02-15T18:06:04.376+0900] {logger.py:11} INFO - Driver [/home/ubuntu/.wdm/drivers/chromedriver/linux64/121.0.6167.85/chromedriver-linux64/chromedriver] found in cache
[2024-02-15T18:06:05.059+0900] {Naver_News_Collect.py:117} INFO - 접속완료
[2024-02-15T18:06:06.292+0900] {Naver_News_Collect.py:120} INFO - 57 Start
[2024-02-15T18:06:28.949+0900] {Naver_News_Collect.py:156} INFO - 58 End
[2024-02-15T18:06:30.952+0900] {logger.py:11} INFO - ====== WebDriver manager ======
[2024-02-15T18:06:31.042+0900] {logger.py:11} INFO - Get LATEST chromedriver version for google-chrome
[2024-02-15T18:06:31.131+0900] {logger.py:11} INFO - Get LATEST chromedriver version for google-chrome
[2024-02-15T18:06:31.221+0900] {logger.py:11} INFO - Driver [/home/ubuntu/.wdm/drivers/chromedriver/linux64/121.0.6167.85/chromedriver-linux64/chromedriver] found in cache
[2024-02-15T18:06:31.907+0900] {Naver_News_Collect.py:117} INFO - 접속완료
[2024-02-15T18:06:32.764+0900] {Naver_News_Collect.py:120} INFO - 58 Start
[2024-02-15T18:06:55.093+0900] {Naver_News_Collect.py:156} INFO - 59 End
[2024-02-15T18:06:58.096+0900] {logger.py:11} INFO - ====== WebDriver manager ======
[2024-02-15T18:06:58.185+0900] {logger.py:11} INFO - Get LATEST chromedriver version for google-chrome
[2024-02-15T18:06:58.270+0900] {logger.py:11} INFO - Get LATEST chromedriver version for google-chrome
[2024-02-15T18:06:58.354+0900] {logger.py:11} INFO - Driver [/home/ubuntu/.wdm/drivers/chromedriver/linux64/121.0.6167.85/chromedriver-linux64/chromedriver] found in cache
[2024-02-15T18:06:59.030+0900] {Naver_News_Collect.py:117} INFO - 접속완료
[2024-02-15T18:07:00.243+0900] {Naver_News_Collect.py:120} INFO - 59 Start
[2024-02-15T18:07:22.887+0900] {Naver_News_Collect.py:156} INFO - 60 End
[2024-02-15T18:07:25.889+0900] {logger.py:11} INFO - ====== WebDriver manager ======
[2024-02-15T18:07:25.979+0900] {logger.py:11} INFO - Get LATEST chromedriver version for google-chrome
[2024-02-15T18:07:26.062+0900] {logger.py:11} INFO - Get LATEST chromedriver version for google-chrome
[2024-02-15T18:07:26.144+0900] {logger.py:11} INFO - Driver [/home/ubuntu/.wdm/drivers/chromedriver/linux64/121.0.6167.85/chromedriver-linux64/chromedriver] found in cache
[2024-02-15T18:07:26.822+0900] {Naver_News_Collect.py:117} INFO - 접속완료
[2024-02-15T18:07:27.975+0900] {Naver_News_Collect.py:120} INFO - 60 Start
[2024-02-15T18:07:50.522+0900] {Naver_News_Collect.py:156} INFO - 61 End
[2024-02-15T18:07:53.526+0900] {logger.py:11} INFO - ====== WebDriver manager ======
[2024-02-15T18:07:53.615+0900] {logger.py:11} INFO - Get LATEST chromedriver version for google-chrome
[2024-02-15T18:07:53.697+0900] {logger.py:11} INFO - Get LATEST chromedriver version for google-chrome
[2024-02-15T18:07:53.780+0900] {logger.py:11} INFO - Driver [/home/ubuntu/.wdm/drivers/chromedriver/linux64/121.0.6167.85/chromedriver-linux64/chromedriver] found in cache
[2024-02-15T18:07:54.455+0900] {Naver_News_Collect.py:117} INFO - 접속완료
[2024-02-15T18:07:55.586+0900] {Naver_News_Collect.py:120} INFO - 61 Start
[2024-02-15T18:08:18.232+0900] {Naver_News_Collect.py:156} INFO - 62 End
[2024-02-15T18:08:21.235+0900] {logger.py:11} INFO - ====== WebDriver manager ======
[2024-02-15T18:08:21.325+0900] {logger.py:11} INFO - Get LATEST chromedriver version for google-chrome
[2024-02-15T18:08:21.411+0900] {logger.py:11} INFO - Get LATEST chromedriver version for google-chrome
[2024-02-15T18:08:21.497+0900] {logger.py:11} INFO - Driver [/home/ubuntu/.wdm/drivers/chromedriver/linux64/121.0.6167.85/chromedriver-linux64/chromedriver] found in cache
[2024-02-15T18:08:22.176+0900] {Naver_News_Collect.py:117} INFO - 접속완료
[2024-02-15T18:08:23.367+0900] {Naver_News_Collect.py:120} INFO - 62 Start
[2024-02-15T18:08:46.713+0900] {Naver_News_Collect.py:156} INFO - 63 End
[2024-02-15T18:08:48.715+0900] {logger.py:11} INFO - ====== WebDriver manager ======
[2024-02-15T18:08:48.805+0900] {logger.py:11} INFO - Get LATEST chromedriver version for google-chrome
[2024-02-15T18:08:48.892+0900] {logger.py:11} INFO - Get LATEST chromedriver version for google-chrome
[2024-02-15T18:08:48.977+0900] {logger.py:11} INFO - Driver [/home/ubuntu/.wdm/drivers/chromedriver/linux64/121.0.6167.85/chromedriver-linux64/chromedriver] found in cache
[2024-02-15T18:08:49.664+0900] {Naver_News_Collect.py:117} INFO - 접속완료
[2024-02-15T18:08:50.681+0900] {Naver_News_Collect.py:120} INFO - 63 Start
[2024-02-15T18:09:12.805+0900] {Naver_News_Collect.py:156} INFO - 64 End
[2024-02-15T18:09:14.808+0900] {logger.py:11} INFO - ====== WebDriver manager ======
[2024-02-15T18:09:14.896+0900] {logger.py:11} INFO - Get LATEST chromedriver version for google-chrome
[2024-02-15T18:09:14.983+0900] {logger.py:11} INFO - Get LATEST chromedriver version for google-chrome
[2024-02-15T18:09:15.067+0900] {logger.py:11} INFO - Driver [/home/ubuntu/.wdm/drivers/chromedriver/linux64/121.0.6167.85/chromedriver-linux64/chromedriver] found in cache
[2024-02-15T18:09:15.765+0900] {Naver_News_Collect.py:117} INFO - 접속완료
[2024-02-15T18:09:16.719+0900] {Naver_News_Collect.py:120} INFO - 64 Start
[2024-02-15T18:09:29.578+0900] {Naver_News_Collect.py:156} INFO - 65 End
[2024-02-15T18:09:32.582+0900] {logger.py:11} INFO - ====== WebDriver manager ======
[2024-02-15T18:09:32.673+0900] {logger.py:11} INFO - Get LATEST chromedriver version for google-chrome
[2024-02-15T18:09:32.759+0900] {logger.py:11} INFO - Get LATEST chromedriver version for google-chrome
[2024-02-15T18:09:32.846+0900] {logger.py:11} INFO - Driver [/home/ubuntu/.wdm/drivers/chromedriver/linux64/121.0.6167.85/chromedriver-linux64/chromedriver] found in cache
[2024-02-15T18:09:33.523+0900] {Naver_News_Collect.py:117} INFO - 접속완료
[2024-02-15T18:10:03.611+0900] {Naver_News_Collect.py:120} INFO - 65 Start
[2024-02-15T18:10:13.698+0900] {Naver_News_Collect.py:156} INFO - 65 End
[2024-02-15T18:10:16.702+0900] {logger.py:11} INFO - ====== WebDriver manager ======
[2024-02-15T18:10:16.794+0900] {logger.py:11} INFO - Get LATEST chromedriver version for google-chrome
[2024-02-15T18:10:16.885+0900] {logger.py:11} INFO - Get LATEST chromedriver version for google-chrome
[2024-02-15T18:10:16.975+0900] {logger.py:11} INFO - Driver [/home/ubuntu/.wdm/drivers/chromedriver/linux64/121.0.6167.85/chromedriver-linux64/chromedriver] found in cache
[2024-02-15T18:10:17.670+0900] {Naver_News_Collect.py:117} INFO - 접속완료
[2024-02-15T18:10:18.654+0900] {Naver_News_Collect.py:120} INFO - 65 Start
[2024-02-15T18:10:40.832+0900] {Naver_News_Collect.py:156} INFO - 66 End
[2024-02-15T18:10:43.836+0900] {logger.py:11} INFO - ====== WebDriver manager ======
[2024-02-15T18:10:43.928+0900] {logger.py:11} INFO - Get LATEST chromedriver version for google-chrome
[2024-02-15T18:10:44.018+0900] {logger.py:11} INFO - Get LATEST chromedriver version for google-chrome
[2024-02-15T18:10:44.111+0900] {logger.py:11} INFO - Driver [/home/ubuntu/.wdm/drivers/chromedriver/linux64/121.0.6167.85/chromedriver-linux64/chromedriver] found in cache
[2024-02-15T18:10:44.794+0900] {Naver_News_Collect.py:117} INFO - 접속완료
[2024-02-15T18:11:14.903+0900] {Naver_News_Collect.py:120} INFO - 66 Start
[2024-02-15T18:11:25.010+0900] {Naver_News_Collect.py:156} INFO - 66 End
[2024-02-15T18:11:28.013+0900] {logger.py:11} INFO - ====== WebDriver manager ======
[2024-02-15T18:11:28.103+0900] {logger.py:11} INFO - Get LATEST chromedriver version for google-chrome
[2024-02-15T18:11:28.199+0900] {logger.py:11} INFO - Get LATEST chromedriver version for google-chrome
[2024-02-15T18:11:28.289+0900] {logger.py:11} INFO - Driver [/home/ubuntu/.wdm/drivers/chromedriver/linux64/121.0.6167.85/chromedriver-linux64/chromedriver] found in cache
[2024-02-15T18:11:28.967+0900] {Naver_News_Collect.py:117} INFO - 접속완료
[2024-02-15T18:11:30.008+0900] {Naver_News_Collect.py:120} INFO - 66 Start
[2024-02-15T18:11:43.001+0900] {Naver_News_Collect.py:156} INFO - 67 End
[2024-02-15T18:11:46.005+0900] {logger.py:11} INFO - ====== WebDriver manager ======
[2024-02-15T18:11:46.095+0900] {logger.py:11} INFO - Get LATEST chromedriver version for google-chrome
[2024-02-15T18:11:46.187+0900] {logger.py:11} INFO - Get LATEST chromedriver version for google-chrome
[2024-02-15T18:11:46.274+0900] {logger.py:11} INFO - Driver [/home/ubuntu/.wdm/drivers/chromedriver/linux64/121.0.6167.85/chromedriver-linux64/chromedriver] found in cache
[2024-02-15T18:11:46.951+0900] {Naver_News_Collect.py:117} INFO - 접속완료
[2024-02-15T18:12:17.052+0900] {Naver_News_Collect.py:120} INFO - 67 Start
[2024-02-15T18:12:27.143+0900] {Naver_News_Collect.py:156} INFO - 67 End
[2024-02-15T18:12:30.147+0900] {logger.py:11} INFO - ====== WebDriver manager ======
[2024-02-15T18:12:30.235+0900] {logger.py:11} INFO - Get LATEST chromedriver version for google-chrome
[2024-02-15T18:12:30.336+0900] {logger.py:11} INFO - Get LATEST chromedriver version for google-chrome
[2024-02-15T18:12:30.431+0900] {logger.py:11} INFO - Driver [/home/ubuntu/.wdm/drivers/chromedriver/linux64/121.0.6167.85/chromedriver-linux64/chromedriver] found in cache
[2024-02-15T18:12:31.108+0900] {Naver_News_Collect.py:117} INFO - 접속완료
[2024-02-15T18:12:32.121+0900] {Naver_News_Collect.py:120} INFO - 67 Start
[2024-02-15T18:12:55.016+0900] {Naver_News_Collect.py:156} INFO - 68 End
[2024-02-15T18:12:57.019+0900] {logger.py:11} INFO - ====== WebDriver manager ======
[2024-02-15T18:12:57.109+0900] {logger.py:11} INFO - Get LATEST chromedriver version for google-chrome
[2024-02-15T18:12:57.209+0900] {logger.py:11} INFO - Get LATEST chromedriver version for google-chrome
[2024-02-15T18:12:57.302+0900] {logger.py:11} INFO - Driver [/home/ubuntu/.wdm/drivers/chromedriver/linux64/121.0.6167.85/chromedriver-linux64/chromedriver] found in cache
[2024-02-15T18:12:57.979+0900] {Naver_News_Collect.py:117} INFO - 접속완료
[2024-02-15T18:12:59.045+0900] {Naver_News_Collect.py:120} INFO - 68 Start
[2024-02-15T18:13:21.687+0900] {Naver_News_Collect.py:156} INFO - 69 End
[2024-02-15T18:13:24.691+0900] {logger.py:11} INFO - ====== WebDriver manager ======
[2024-02-15T18:13:24.778+0900] {logger.py:11} INFO - Get LATEST chromedriver version for google-chrome
[2024-02-15T18:13:24.877+0900] {logger.py:11} INFO - Get LATEST chromedriver version for google-chrome
[2024-02-15T18:13:24.979+0900] {logger.py:11} INFO - Driver [/home/ubuntu/.wdm/drivers/chromedriver/linux64/121.0.6167.85/chromedriver-linux64/chromedriver] found in cache
[2024-02-15T18:13:25.656+0900] {Naver_News_Collect.py:117} INFO - 접속완료
[2024-02-15T18:13:26.734+0900] {Naver_News_Collect.py:120} INFO - 69 Start
[2024-02-15T18:13:49.429+0900] {Naver_News_Collect.py:156} INFO - 70 End
[2024-02-15T18:13:52.432+0900] {logger.py:11} INFO - ====== WebDriver manager ======
[2024-02-15T18:13:52.523+0900] {logger.py:11} INFO - Get LATEST chromedriver version for google-chrome
[2024-02-15T18:13:52.617+0900] {logger.py:11} INFO - Get LATEST chromedriver version for google-chrome
[2024-02-15T18:13:52.717+0900] {logger.py:11} INFO - Driver [/home/ubuntu/.wdm/drivers/chromedriver/linux64/121.0.6167.85/chromedriver-linux64/chromedriver] found in cache
[2024-02-15T18:13:53.397+0900] {Naver_News_Collect.py:117} INFO - 접속완료
[2024-02-15T18:13:54.372+0900] {Naver_News_Collect.py:120} INFO - 70 Start
[2024-02-15T18:14:07.252+0900] {Naver_News_Collect.py:156} INFO - 71 End
[2024-02-15T18:14:10.256+0900] {logger.py:11} INFO - ====== WebDriver manager ======
[2024-02-15T18:14:10.345+0900] {logger.py:11} INFO - Get LATEST chromedriver version for google-chrome
[2024-02-15T18:14:10.436+0900] {logger.py:11} INFO - Get LATEST chromedriver version for google-chrome
[2024-02-15T18:14:10.523+0900] {logger.py:11} INFO - Driver [/home/ubuntu/.wdm/drivers/chromedriver/linux64/121.0.6167.85/chromedriver-linux64/chromedriver] found in cache
[2024-02-15T18:14:11.208+0900] {Naver_News_Collect.py:117} INFO - 접속완료
[2024-02-15T18:14:12.177+0900] {Naver_News_Collect.py:120} INFO - 71 Start
[2024-02-15T18:14:34.769+0900] {Naver_News_Collect.py:156} INFO - 72 End
[2024-02-15T18:14:36.772+0900] {logger.py:11} INFO - ====== WebDriver manager ======
[2024-02-15T18:14:36.860+0900] {logger.py:11} INFO - Get LATEST chromedriver version for google-chrome
[2024-02-15T18:14:36.962+0900] {logger.py:11} INFO - Get LATEST chromedriver version for google-chrome
[2024-02-15T18:14:37.053+0900] {logger.py:11} INFO - Driver [/home/ubuntu/.wdm/drivers/chromedriver/linux64/121.0.6167.85/chromedriver-linux64/chromedriver] found in cache
[2024-02-15T18:14:37.735+0900] {Naver_News_Collect.py:117} INFO - 접속완료
[2024-02-15T18:15:07.829+0900] {Naver_News_Collect.py:120} INFO - 72 Start
[2024-02-15T18:15:17.922+0900] {Naver_News_Collect.py:156} INFO - 72 End
[2024-02-15T18:15:20.925+0900] {logger.py:11} INFO - ====== WebDriver manager ======
[2024-02-15T18:15:21.016+0900] {logger.py:11} INFO - Get LATEST chromedriver version for google-chrome
[2024-02-15T18:15:21.104+0900] {logger.py:11} INFO - Get LATEST chromedriver version for google-chrome
[2024-02-15T18:15:21.187+0900] {logger.py:11} INFO - Driver [/home/ubuntu/.wdm/drivers/chromedriver/linux64/121.0.6167.85/chromedriver-linux64/chromedriver] found in cache
[2024-02-15T18:15:21.866+0900] {Naver_News_Collect.py:117} INFO - 접속완료
[2024-02-15T18:15:23.733+0900] {Naver_News_Collect.py:120} INFO - 72 Start
[2024-02-15T18:15:45.855+0900] {Naver_News_Collect.py:156} INFO - 73 End
[2024-02-15T18:15:48.859+0900] {logger.py:11} INFO - ====== WebDriver manager ======
[2024-02-15T18:15:48.949+0900] {logger.py:11} INFO - Get LATEST chromedriver version for google-chrome
[2024-02-15T18:15:49.032+0900] {logger.py:11} INFO - Get LATEST chromedriver version for google-chrome
[2024-02-15T18:15:49.118+0900] {logger.py:11} INFO - Driver [/home/ubuntu/.wdm/drivers/chromedriver/linux64/121.0.6167.85/chromedriver-linux64/chromedriver] found in cache
[2024-02-15T18:15:49.798+0900] {Naver_News_Collect.py:117} INFO - 접속완료
[2024-02-15T18:15:50.809+0900] {Naver_News_Collect.py:120} INFO - 73 Start
[2024-02-15T18:16:03.229+0900] {Naver_News_Collect.py:156} INFO - 74 End
[2024-02-15T18:16:06.232+0900] {logger.py:11} INFO - ====== WebDriver manager ======
[2024-02-15T18:16:06.323+0900] {logger.py:11} INFO - Get LATEST chromedriver version for google-chrome
[2024-02-15T18:16:06.412+0900] {logger.py:11} INFO - Get LATEST chromedriver version for google-chrome
[2024-02-15T18:16:06.497+0900] {logger.py:11} INFO - Driver [/home/ubuntu/.wdm/drivers/chromedriver/linux64/121.0.6167.85/chromedriver-linux64/chromedriver] found in cache
[2024-02-15T18:16:07.185+0900] {Naver_News_Collect.py:117} INFO - 접속완료
[2024-02-15T18:16:08.204+0900] {Naver_News_Collect.py:120} INFO - 74 Start
[2024-02-15T18:16:51.786+0900] {Naver_News_Collect.py:156} INFO - 75 End
[2024-02-15T18:16:53.789+0900] {logger.py:11} INFO - ====== WebDriver manager ======
[2024-02-15T18:16:53.878+0900] {logger.py:11} INFO - Get LATEST chromedriver version for google-chrome
[2024-02-15T18:16:53.962+0900] {logger.py:11} INFO - Get LATEST chromedriver version for google-chrome
[2024-02-15T18:16:54.044+0900] {logger.py:11} INFO - Driver [/home/ubuntu/.wdm/drivers/chromedriver/linux64/121.0.6167.85/chromedriver-linux64/chromedriver] found in cache
[2024-02-15T18:16:54.729+0900] {Naver_News_Collect.py:117} INFO - 접속완료
[2024-02-15T18:16:55.990+0900] {Naver_News_Collect.py:120} INFO - 75 Start
[2024-02-15T18:17:18.572+0900] {Naver_News_Collect.py:156} INFO - 76 End
[2024-02-15T18:17:21.576+0900] {logger.py:11} INFO - ====== WebDriver manager ======
[2024-02-15T18:17:21.666+0900] {logger.py:11} INFO - Get LATEST chromedriver version for google-chrome
[2024-02-15T18:17:21.759+0900] {logger.py:11} INFO - Get LATEST chromedriver version for google-chrome
[2024-02-15T18:17:21.845+0900] {logger.py:11} INFO - Driver [/home/ubuntu/.wdm/drivers/chromedriver/linux64/121.0.6167.85/chromedriver-linux64/chromedriver] found in cache
[2024-02-15T18:17:22.538+0900] {Naver_News_Collect.py:117} INFO - 접속완료
[2024-02-15T18:17:23.705+0900] {Naver_News_Collect.py:120} INFO - 76 Start
[2024-02-15T18:17:47.326+0900] {Naver_News_Collect.py:156} INFO - 77 End
[2024-02-15T18:17:50.330+0900] {logger.py:11} INFO - ====== WebDriver manager ======
[2024-02-15T18:17:50.418+0900] {logger.py:11} INFO - Get LATEST chromedriver version for google-chrome
[2024-02-15T18:17:50.508+0900] {logger.py:11} INFO - Get LATEST chromedriver version for google-chrome
[2024-02-15T18:17:50.594+0900] {logger.py:11} INFO - Driver [/home/ubuntu/.wdm/drivers/chromedriver/linux64/121.0.6167.85/chromedriver-linux64/chromedriver] found in cache
[2024-02-15T18:17:51.274+0900] {Naver_News_Collect.py:117} INFO - 접속완료
[2024-02-15T18:17:52.496+0900] {Naver_News_Collect.py:120} INFO - 77 Start
[2024-02-15T18:18:05.176+0900] {Naver_News_Collect.py:156} INFO - 78 End
[2024-02-15T18:18:07.179+0900] {logger.py:11} INFO - ====== WebDriver manager ======
[2024-02-15T18:18:07.268+0900] {logger.py:11} INFO - Get LATEST chromedriver version for google-chrome
[2024-02-15T18:18:07.354+0900] {logger.py:11} INFO - Get LATEST chromedriver version for google-chrome
[2024-02-15T18:18:07.441+0900] {logger.py:11} INFO - Driver [/home/ubuntu/.wdm/drivers/chromedriver/linux64/121.0.6167.85/chromedriver-linux64/chromedriver] found in cache
[2024-02-15T18:18:08.120+0900] {Naver_News_Collect.py:117} INFO - 접속완료
[2024-02-15T18:18:08.969+0900] {Naver_News_Collect.py:120} INFO - 78 Start
[2024-02-15T18:18:31.309+0900] {Naver_News_Collect.py:156} INFO - 79 End
[2024-02-15T18:18:34.313+0900] {logger.py:11} INFO - ====== WebDriver manager ======
[2024-02-15T18:18:34.400+0900] {logger.py:11} INFO - Get LATEST chromedriver version for google-chrome
[2024-02-15T18:18:34.489+0900] {logger.py:11} INFO - Get LATEST chromedriver version for google-chrome
[2024-02-15T18:18:34.575+0900] {logger.py:11} INFO - Driver [/home/ubuntu/.wdm/drivers/chromedriver/linux64/121.0.6167.85/chromedriver-linux64/chromedriver] found in cache
[2024-02-15T18:18:35.251+0900] {Naver_News_Collect.py:117} INFO - 접속완료
[2024-02-15T18:18:36.400+0900] {Naver_News_Collect.py:120} INFO - 79 Start
[2024-02-15T18:19:00.076+0900] {Naver_News_Collect.py:156} INFO - 80 End
[2024-02-15T18:19:03.077+0900] {logger.py:11} INFO - ====== WebDriver manager ======
[2024-02-15T18:19:03.165+0900] {logger.py:11} INFO - Get LATEST chromedriver version for google-chrome
[2024-02-15T18:19:03.259+0900] {logger.py:11} INFO - Get LATEST chromedriver version for google-chrome
[2024-02-15T18:19:03.345+0900] {logger.py:11} INFO - Driver [/home/ubuntu/.wdm/drivers/chromedriver/linux64/121.0.6167.85/chromedriver-linux64/chromedriver] found in cache
[2024-02-15T18:19:04.030+0900] {Naver_News_Collect.py:117} INFO - 접속완료
[2024-02-15T18:19:05.044+0900] {Naver_News_Collect.py:120} INFO - 80 Start
[2024-02-15T18:19:17.845+0900] {Naver_News_Collect.py:156} INFO - 81 End
[2024-02-15T18:19:19.847+0900] {logger.py:11} INFO - ====== WebDriver manager ======
[2024-02-15T18:19:19.938+0900] {logger.py:11} INFO - Get LATEST chromedriver version for google-chrome
[2024-02-15T18:19:20.021+0900] {logger.py:11} INFO - Get LATEST chromedriver version for google-chrome
[2024-02-15T18:19:20.105+0900] {logger.py:11} INFO - Driver [/home/ubuntu/.wdm/drivers/chromedriver/linux64/121.0.6167.85/chromedriver-linux64/chromedriver] found in cache
[2024-02-15T18:19:20.780+0900] {Naver_News_Collect.py:117} INFO - 접속완료
[2024-02-15T18:19:21.855+0900] {Naver_News_Collect.py:120} INFO - 81 Start
[2024-02-15T18:19:35.921+0900] {Naver_News_Collect.py:156} INFO - 82 End
[2024-02-15T18:19:37.923+0900] {logger.py:11} INFO - ====== WebDriver manager ======
[2024-02-15T18:19:38.013+0900] {logger.py:11} INFO - Get LATEST chromedriver version for google-chrome
[2024-02-15T18:19:38.098+0900] {logger.py:11} INFO - Get LATEST chromedriver version for google-chrome
[2024-02-15T18:19:38.182+0900] {logger.py:11} INFO - Driver [/home/ubuntu/.wdm/drivers/chromedriver/linux64/121.0.6167.85/chromedriver-linux64/chromedriver] found in cache
[2024-02-15T18:19:38.860+0900] {Naver_News_Collect.py:117} INFO - 접속완료
[2024-02-15T18:19:40.005+0900] {Naver_News_Collect.py:120} INFO - 82 Start
[2024-02-15T18:20:02.609+0900] {Naver_News_Collect.py:156} INFO - 83 End
[2024-02-15T18:20:05.613+0900] {logger.py:11} INFO - ====== WebDriver manager ======
[2024-02-15T18:20:05.702+0900] {logger.py:11} INFO - Get LATEST chromedriver version for google-chrome
[2024-02-15T18:20:05.792+0900] {logger.py:11} INFO - Get LATEST chromedriver version for google-chrome
[2024-02-15T18:20:05.879+0900] {logger.py:11} INFO - Driver [/home/ubuntu/.wdm/drivers/chromedriver/linux64/121.0.6167.85/chromedriver-linux64/chromedriver] found in cache
[2024-02-15T18:20:06.578+0900] {Naver_News_Collect.py:117} INFO - 접속완료
[2024-02-15T18:20:07.712+0900] {Naver_News_Collect.py:120} INFO - 83 Start
[2024-02-15T18:20:30.415+0900] {Naver_News_Collect.py:156} INFO - 84 End
[2024-02-15T18:20:33.418+0900] {logger.py:11} INFO - ====== WebDriver manager ======
[2024-02-15T18:20:33.508+0900] {logger.py:11} INFO - Get LATEST chromedriver version for google-chrome
[2024-02-15T18:20:33.593+0900] {logger.py:11} INFO - Get LATEST chromedriver version for google-chrome
[2024-02-15T18:20:33.676+0900] {logger.py:11} INFO - Driver [/home/ubuntu/.wdm/drivers/chromedriver/linux64/121.0.6167.85/chromedriver-linux64/chromedriver] found in cache
[2024-02-15T18:20:34.360+0900] {Naver_News_Collect.py:117} INFO - 접속완료
[2024-02-15T18:20:35.278+0900] {Naver_News_Collect.py:120} INFO - 84 Start
[2024-02-15T18:20:57.718+0900] {Naver_News_Collect.py:156} INFO - 85 End
[2024-02-15T18:20:59.721+0900] {logger.py:11} INFO - ====== WebDriver manager ======
[2024-02-15T18:20:59.813+0900] {logger.py:11} INFO - Get LATEST chromedriver version for google-chrome
[2024-02-15T18:20:59.898+0900] {logger.py:11} INFO - Get LATEST chromedriver version for google-chrome
[2024-02-15T18:20:59.982+0900] {logger.py:11} INFO - Driver [/home/ubuntu/.wdm/drivers/chromedriver/linux64/121.0.6167.85/chromedriver-linux64/chromedriver] found in cache
[2024-02-15T18:21:00.660+0900] {Naver_News_Collect.py:117} INFO - 접속완료
[2024-02-15T18:21:01.864+0900] {Naver_News_Collect.py:120} INFO - 85 Start
[2024-02-15T18:21:24.532+0900] {Naver_News_Collect.py:156} INFO - 86 End
[2024-02-15T18:21:26.534+0900] {logger.py:11} INFO - ====== WebDriver manager ======
[2024-02-15T18:21:26.623+0900] {logger.py:11} INFO - Get LATEST chromedriver version for google-chrome
[2024-02-15T18:21:26.706+0900] {logger.py:11} INFO - Get LATEST chromedriver version for google-chrome
[2024-02-15T18:21:26.788+0900] {logger.py:11} INFO - Driver [/home/ubuntu/.wdm/drivers/chromedriver/linux64/121.0.6167.85/chromedriver-linux64/chromedriver] found in cache
[2024-02-15T18:21:27.473+0900] {Naver_News_Collect.py:117} INFO - 접속완료
[2024-02-15T18:21:28.391+0900] {Naver_News_Collect.py:120} INFO - 86 Start
[2024-02-15T18:21:40.666+0900] {Naver_News_Collect.py:156} INFO - 87 End
[2024-02-15T18:21:43.670+0900] {logger.py:11} INFO - ====== WebDriver manager ======
[2024-02-15T18:21:43.759+0900] {logger.py:11} INFO - Get LATEST chromedriver version for google-chrome
[2024-02-15T18:21:43.845+0900] {logger.py:11} INFO - Get LATEST chromedriver version for google-chrome
[2024-02-15T18:21:43.931+0900] {logger.py:11} INFO - Driver [/home/ubuntu/.wdm/drivers/chromedriver/linux64/121.0.6167.85/chromedriver-linux64/chromedriver] found in cache
[2024-02-15T18:21:44.609+0900] {Naver_News_Collect.py:117} INFO - 접속완료
[2024-02-15T18:21:45.661+0900] {Naver_News_Collect.py:120} INFO - 87 Start
[2024-02-15T18:22:08.288+0900] {Naver_News_Collect.py:156} INFO - 88 End
[2024-02-15T18:22:10.291+0900] {logger.py:11} INFO - ====== WebDriver manager ======
[2024-02-15T18:22:10.379+0900] {logger.py:11} INFO - Get LATEST chromedriver version for google-chrome
[2024-02-15T18:22:10.463+0900] {logger.py:11} INFO - Get LATEST chromedriver version for google-chrome
[2024-02-15T18:22:10.550+0900] {logger.py:11} INFO - Driver [/home/ubuntu/.wdm/drivers/chromedriver/linux64/121.0.6167.85/chromedriver-linux64/chromedriver] found in cache
[2024-02-15T18:22:11.226+0900] {Naver_News_Collect.py:117} INFO - 접속완료
[2024-02-15T18:22:12.154+0900] {Naver_News_Collect.py:120} INFO - 88 Start
[2024-02-15T18:22:24.908+0900] {Naver_News_Collect.py:156} INFO - 89 End
[2024-02-15T18:22:26.910+0900] {logger.py:11} INFO - ====== WebDriver manager ======
[2024-02-15T18:22:26.999+0900] {logger.py:11} INFO - Get LATEST chromedriver version for google-chrome
[2024-02-15T18:22:27.082+0900] {logger.py:11} INFO - Get LATEST chromedriver version for google-chrome
[2024-02-15T18:22:27.164+0900] {logger.py:11} INFO - Driver [/home/ubuntu/.wdm/drivers/chromedriver/linux64/121.0.6167.85/chromedriver-linux64/chromedriver] found in cache
[2024-02-15T18:22:27.844+0900] {Naver_News_Collect.py:117} INFO - 접속완료
[2024-02-15T18:22:28.855+0900] {Naver_News_Collect.py:120} INFO - 89 Start
[2024-02-15T18:22:50.974+0900] {Naver_News_Collect.py:156} INFO - 90 End
[2024-02-15T18:22:53.978+0900] {logger.py:11} INFO - ====== WebDriver manager ======
[2024-02-15T18:22:54.067+0900] {logger.py:11} INFO - Get LATEST chromedriver version for google-chrome
[2024-02-15T18:22:54.152+0900] {logger.py:11} INFO - Get LATEST chromedriver version for google-chrome
[2024-02-15T18:22:54.235+0900] {logger.py:11} INFO - Driver [/home/ubuntu/.wdm/drivers/chromedriver/linux64/121.0.6167.85/chromedriver-linux64/chromedriver] found in cache
[2024-02-15T18:22:54.913+0900] {Naver_News_Collect.py:117} INFO - 접속완료
[2024-02-15T18:22:55.894+0900] {Naver_News_Collect.py:120} INFO - 90 Start
[2024-02-15T18:23:18.510+0900] {Naver_News_Collect.py:156} INFO - 91 End
[2024-02-15T18:23:20.513+0900] {logger.py:11} INFO - ====== WebDriver manager ======
[2024-02-15T18:23:20.602+0900] {logger.py:11} INFO - Get LATEST chromedriver version for google-chrome
[2024-02-15T18:23:20.688+0900] {logger.py:11} INFO - Get LATEST chromedriver version for google-chrome
[2024-02-15T18:23:20.772+0900] {logger.py:11} INFO - Driver [/home/ubuntu/.wdm/drivers/chromedriver/linux64/121.0.6167.85/chromedriver-linux64/chromedriver] found in cache
[2024-02-15T18:23:21.462+0900] {Naver_News_Collect.py:117} INFO - 접속완료
[2024-02-15T18:23:22.461+0900] {Naver_News_Collect.py:120} INFO - 91 Start
[2024-02-15T18:23:35.286+0900] {Naver_News_Collect.py:156} INFO - 92 End
[2024-02-15T18:23:38.289+0900] {logger.py:11} INFO - ====== WebDriver manager ======
[2024-02-15T18:23:38.410+0900] {logger.py:11} INFO - Get LATEST chromedriver version for google-chrome
[2024-02-15T18:23:38.492+0900] {logger.py:11} INFO - Get LATEST chromedriver version for google-chrome
[2024-02-15T18:23:38.575+0900] {logger.py:11} INFO - Driver [/home/ubuntu/.wdm/drivers/chromedriver/linux64/121.0.6167.85/chromedriver-linux64/chromedriver] found in cache
[2024-02-15T18:23:39.251+0900] {Naver_News_Collect.py:117} INFO - 접속완료
[2024-02-15T18:23:40.175+0900] {Naver_News_Collect.py:120} INFO - 92 Start
[2024-02-15T18:23:52.888+0900] {Naver_News_Collect.py:156} INFO - 93 End
[2024-02-15T18:23:54.891+0900] {logger.py:11} INFO - ====== WebDriver manager ======
[2024-02-15T18:23:54.979+0900] {logger.py:11} INFO - Get LATEST chromedriver version for google-chrome
[2024-02-15T18:23:55.063+0900] {logger.py:11} INFO - Get LATEST chromedriver version for google-chrome
[2024-02-15T18:23:55.147+0900] {logger.py:11} INFO - Driver [/home/ubuntu/.wdm/drivers/chromedriver/linux64/121.0.6167.85/chromedriver-linux64/chromedriver] found in cache
[2024-02-15T18:23:55.835+0900] {Naver_News_Collect.py:117} INFO - 접속완료
[2024-02-15T18:23:56.816+0900] {Naver_News_Collect.py:120} INFO - 93 Start
[2024-02-15T18:24:30.026+0900] {Naver_News_Collect.py:156} INFO - 94 End
[2024-02-15T18:24:33.030+0900] {logger.py:11} INFO - ====== WebDriver manager ======
[2024-02-15T18:24:33.119+0900] {logger.py:11} INFO - Get LATEST chromedriver version for google-chrome
[2024-02-15T18:24:33.207+0900] {logger.py:11} INFO - Get LATEST chromedriver version for google-chrome
[2024-02-15T18:24:33.291+0900] {logger.py:11} INFO - Driver [/home/ubuntu/.wdm/drivers/chromedriver/linux64/121.0.6167.85/chromedriver-linux64/chromedriver] found in cache
[2024-02-15T18:24:33.965+0900] {Naver_News_Collect.py:117} INFO - 접속완료
[2024-02-15T18:24:34.999+0900] {Naver_News_Collect.py:120} INFO - 94 Start
[2024-02-15T18:25:55.422+0900] {Naver_News_Collect.py:156} INFO - 95 End
[2024-02-15T18:25:58.425+0900] {logger.py:11} INFO - ====== WebDriver manager ======
[2024-02-15T18:25:58.514+0900] {logger.py:11} INFO - Get LATEST chromedriver version for google-chrome
[2024-02-15T18:25:58.597+0900] {logger.py:11} INFO - Get LATEST chromedriver version for google-chrome
[2024-02-15T18:25:58.684+0900] {logger.py:11} INFO - Driver [/home/ubuntu/.wdm/drivers/chromedriver/linux64/121.0.6167.85/chromedriver-linux64/chromedriver] found in cache
[2024-02-15T18:25:59.358+0900] {Naver_News_Collect.py:117} INFO - 접속완료
[2024-02-15T18:26:00.140+0900] {Naver_News_Collect.py:120} INFO - 95 Start
[2024-02-15T18:26:22.500+0900] {Naver_News_Collect.py:156} INFO - 96 End
[2024-02-15T18:26:24.502+0900] {logger.py:11} INFO - ====== WebDriver manager ======
[2024-02-15T18:26:24.590+0900] {logger.py:11} INFO - Get LATEST chromedriver version for google-chrome
[2024-02-15T18:26:24.673+0900] {logger.py:11} INFO - Get LATEST chromedriver version for google-chrome
[2024-02-15T18:26:24.756+0900] {logger.py:11} INFO - Driver [/home/ubuntu/.wdm/drivers/chromedriver/linux64/121.0.6167.85/chromedriver-linux64/chromedriver] found in cache
[2024-02-15T18:26:25.432+0900] {Naver_News_Collect.py:117} INFO - 접속완료
[2024-02-15T18:26:26.384+0900] {Naver_News_Collect.py:120} INFO - 96 Start
[2024-02-15T18:26:39.504+0900] {Naver_News_Collect.py:156} INFO - 97 End
[2024-02-15T18:26:42.507+0900] {logger.py:11} INFO - ====== WebDriver manager ======
[2024-02-15T18:26:42.598+0900] {logger.py:11} INFO - Get LATEST chromedriver version for google-chrome
[2024-02-15T18:26:42.686+0900] {logger.py:11} INFO - Get LATEST chromedriver version for google-chrome
[2024-02-15T18:26:42.774+0900] {logger.py:11} INFO - Driver [/home/ubuntu/.wdm/drivers/chromedriver/linux64/121.0.6167.85/chromedriver-linux64/chromedriver] found in cache
[2024-02-15T18:26:43.463+0900] {Naver_News_Collect.py:117} INFO - 접속완료
[2024-02-15T18:26:44.438+0900] {Naver_News_Collect.py:120} INFO - 97 Start
[2024-02-15T18:26:58.659+0900] {Naver_News_Collect.py:156} INFO - 98 End
[2024-02-15T18:27:01.663+0900] {logger.py:11} INFO - ====== WebDriver manager ======
[2024-02-15T18:27:01.753+0900] {logger.py:11} INFO - Get LATEST chromedriver version for google-chrome
[2024-02-15T18:27:01.842+0900] {logger.py:11} INFO - Get LATEST chromedriver version for google-chrome
[2024-02-15T18:27:01.928+0900] {logger.py:11} INFO - Driver [/home/ubuntu/.wdm/drivers/chromedriver/linux64/121.0.6167.85/chromedriver-linux64/chromedriver] found in cache
[2024-02-15T18:27:02.608+0900] {Naver_News_Collect.py:117} INFO - 접속완료
[2024-02-15T18:27:03.598+0900] {Naver_News_Collect.py:120} INFO - 98 Start
[2024-02-15T18:27:37.732+0900] {Naver_News_Collect.py:156} INFO - 99 End
[2024-02-15T18:27:40.733+0900] {logger.py:11} INFO - ====== WebDriver manager ======
[2024-02-15T18:27:40.823+0900] {logger.py:11} INFO - Get LATEST chromedriver version for google-chrome
[2024-02-15T18:27:40.912+0900] {logger.py:11} INFO - Get LATEST chromedriver version for google-chrome
[2024-02-15T18:27:40.999+0900] {logger.py:11} INFO - Driver [/home/ubuntu/.wdm/drivers/chromedriver/linux64/121.0.6167.85/chromedriver-linux64/chromedriver] found in cache
[2024-02-15T18:27:41.687+0900] {Naver_News_Collect.py:117} INFO - 접속완료
[2024-02-15T18:27:42.700+0900] {Naver_News_Collect.py:120} INFO - 99 Start
[2024-02-15T18:27:55.627+0900] {Naver_News_Collect.py:156} INFO - 100 End
[2024-02-15T18:27:57.629+0900] {logger.py:11} INFO - ====== WebDriver manager ======
[2024-02-15T18:27:57.718+0900] {logger.py:11} INFO - Get LATEST chromedriver version for google-chrome
[2024-02-15T18:27:57.814+0900] {logger.py:11} INFO - Get LATEST chromedriver version for google-chrome
[2024-02-15T18:27:57.906+0900] {logger.py:11} INFO - Driver [/home/ubuntu/.wdm/drivers/chromedriver/linux64/121.0.6167.85/chromedriver-linux64/chromedriver] found in cache
[2024-02-15T18:27:58.585+0900] {Naver_News_Collect.py:117} INFO - 접속완료
[2024-02-15T18:27:59.555+0900] {Naver_News_Collect.py:120} INFO - 100 Start
[2024-02-15T18:28:11.991+0900] {Naver_News_Collect.py:156} INFO - 101 End
[2024-02-15T18:28:14.995+0900] {logger.py:11} INFO - ====== WebDriver manager ======
[2024-02-15T18:28:15.086+0900] {logger.py:11} INFO - Get LATEST chromedriver version for google-chrome
[2024-02-15T18:28:15.172+0900] {logger.py:11} INFO - Get LATEST chromedriver version for google-chrome
[2024-02-15T18:28:15.263+0900] {logger.py:11} INFO - Driver [/home/ubuntu/.wdm/drivers/chromedriver/linux64/121.0.6167.85/chromedriver-linux64/chromedriver] found in cache
[2024-02-15T18:28:15.948+0900] {Naver_News_Collect.py:117} INFO - 접속완료
[2024-02-15T18:28:17.024+0900] {Naver_News_Collect.py:120} INFO - 101 Start
[2024-02-15T18:28:30.050+0900] {Naver_News_Collect.py:156} INFO - 102 End
[2024-02-15T18:28:33.053+0900] {logger.py:11} INFO - ====== WebDriver manager ======
[2024-02-15T18:28:33.141+0900] {logger.py:11} INFO - Get LATEST chromedriver version for google-chrome
[2024-02-15T18:28:33.224+0900] {logger.py:11} INFO - Get LATEST chromedriver version for google-chrome
[2024-02-15T18:28:33.306+0900] {logger.py:11} INFO - Driver [/home/ubuntu/.wdm/drivers/chromedriver/linux64/121.0.6167.85/chromedriver-linux64/chromedriver] found in cache
[2024-02-15T18:28:33.996+0900] {Naver_News_Collect.py:117} INFO - 접속완료
[2024-02-15T18:28:35.058+0900] {Naver_News_Collect.py:120} INFO - 102 Start
[2024-02-15T18:28:57.981+0900] {Naver_News_Collect.py:156} INFO - 103 End
[2024-02-15T18:29:00.985+0900] {logger.py:11} INFO - ====== WebDriver manager ======
[2024-02-15T18:29:01.073+0900] {logger.py:11} INFO - Get LATEST chromedriver version for google-chrome
[2024-02-15T18:29:01.157+0900] {logger.py:11} INFO - Get LATEST chromedriver version for google-chrome
[2024-02-15T18:29:01.241+0900] {logger.py:11} INFO - Driver [/home/ubuntu/.wdm/drivers/chromedriver/linux64/121.0.6167.85/chromedriver-linux64/chromedriver] found in cache
[2024-02-15T18:29:01.915+0900] {Naver_News_Collect.py:117} INFO - 접속완료
[2024-02-15T18:29:03.100+0900] {Naver_News_Collect.py:120} INFO - 103 Start
[2024-02-15T18:29:26.667+0900] {Naver_News_Collect.py:156} INFO - 104 End
[2024-02-15T18:29:28.670+0900] {logger.py:11} INFO - ====== WebDriver manager ======
[2024-02-15T18:29:28.760+0900] {logger.py:11} INFO - Get LATEST chromedriver version for google-chrome
[2024-02-15T18:29:28.843+0900] {logger.py:11} INFO - Get LATEST chromedriver version for google-chrome
[2024-02-15T18:29:28.927+0900] {logger.py:11} INFO - Driver [/home/ubuntu/.wdm/drivers/chromedriver/linux64/121.0.6167.85/chromedriver-linux64/chromedriver] found in cache
[2024-02-15T18:29:29.622+0900] {Naver_News_Collect.py:117} INFO - 접속완료
[2024-02-15T18:29:30.716+0900] {Naver_News_Collect.py:120} INFO - 104 Start
[2024-02-15T18:29:53.672+0900] {Naver_News_Collect.py:156} INFO - 105 End
[2024-02-15T18:29:56.098+0900] {python.py:201} INFO - Done. Returned value was: None
[2024-02-15T18:29:56.104+0900] {taskinstance.py:1138} INFO - Marking task as SUCCESS. dag_id=CollectNaverNews, task_id=news_Content_Comment_Collect, execution_date=20240124T000000, start_date=20240215T083724, end_date=20240215T092956
[2024-02-15T18:29:56.140+0900] {local_task_job_runner.py:234} INFO - Task exited with return code 0
[2024-02-15T18:29:56.151+0900] {taskinstance.py:3280} INFO - 0 downstream tasks scheduled from follow-on schedule check
