[2024-02-20T09:23:57.372+0900] {taskinstance.py:1956} INFO - Dependencies all met for dep_context=non-requeueable deps ti=<TaskInstance: CollectNaverNews.news_Content_Comment_Collect scheduled__2024-02-19T00:00:00+00:00 [queued]>
[2024-02-20T09:23:57.378+0900] {taskinstance.py:1956} INFO - Dependencies all met for dep_context=requeueable deps ti=<TaskInstance: CollectNaverNews.news_Content_Comment_Collect scheduled__2024-02-19T00:00:00+00:00 [queued]>
[2024-02-20T09:23:57.378+0900] {taskinstance.py:2170} INFO - Starting attempt 1 of 1
[2024-02-20T09:23:57.488+0900] {taskinstance.py:2191} INFO - Executing <Task(PythonOperator): news_Content_Comment_Collect> on 2024-02-19 00:00:00+00:00
[2024-02-20T09:23:57.495+0900] {standard_task_runner.py:60} INFO - Started process 132605 to run task
[2024-02-20T09:23:57.498+0900] {standard_task_runner.py:87} INFO - Running: ['airflow', 'tasks', 'run', 'CollectNaverNews', 'news_Content_Comment_Collect', 'scheduled__2024-02-19T00:00:00+00:00', '--job-id', '75', '--raw', '--subdir', 'DAGS_FOLDER/Naver_News_Collect.py', '--cfg-path', '/tmp/tmp7qes3ryr']
[2024-02-20T09:23:57.500+0900] {standard_task_runner.py:88} INFO - Job 75: Subtask news_Content_Comment_Collect
[2024-02-20T09:23:57.536+0900] {task_command.py:423} INFO - Running <TaskInstance: CollectNaverNews.news_Content_Comment_Collect scheduled__2024-02-19T00:00:00+00:00 [running]> on host ip-172-31-11-88.ap-northeast-2.compute.internal
[2024-02-20T09:23:57.597+0900] {taskinstance.py:2480} INFO - Exporting env vars: AIRFLOW_CTX_DAG_OWNER='airflow' AIRFLOW_CTX_DAG_ID='CollectNaverNews' AIRFLOW_CTX_TASK_ID='news_Content_Comment_Collect' AIRFLOW_CTX_EXECUTION_DATE='2024-02-19T00:00:00+00:00' AIRFLOW_CTX_TRY_NUMBER='1' AIRFLOW_CTX_DAG_RUN_ID='scheduled__2024-02-19T00:00:00+00:00'
[2024-02-20T09:23:57.609+0900] {logger.py:11} INFO - ====== WebDriver manager ======
[2024-02-20T09:23:57.690+0900] {logger.py:11} INFO - Get LATEST chromedriver version for google-chrome
[2024-02-20T09:23:57.776+0900] {logger.py:11} INFO - Get LATEST chromedriver version for google-chrome
[2024-02-20T09:23:57.860+0900] {logger.py:11} INFO - Driver [/home/ubuntu/.wdm/drivers/chromedriver/linux64/121.0.6167.184/chromedriver-linux64/chromedriver] found in cache
[2024-02-20T09:23:58.534+0900] {Naver_News_Collect.py:118} INFO - 접속완료
[2024-02-20T09:23:59.508+0900] {Naver_News_Collect.py:121} INFO - 0 Start
[2024-02-20T09:24:22.268+0900] {Naver_News_Collect.py:157} INFO - 1 End
[2024-02-20T09:24:25.272+0900] {logger.py:11} INFO - ====== WebDriver manager ======
[2024-02-20T09:24:25.352+0900] {logger.py:11} INFO - Get LATEST chromedriver version for google-chrome
[2024-02-20T09:24:25.432+0900] {logger.py:11} INFO - Get LATEST chromedriver version for google-chrome
[2024-02-20T09:24:25.512+0900] {logger.py:11} INFO - Driver [/home/ubuntu/.wdm/drivers/chromedriver/linux64/121.0.6167.184/chromedriver-linux64/chromedriver] found in cache
[2024-02-20T09:24:26.187+0900] {Naver_News_Collect.py:118} INFO - 접속완료
[2024-02-20T09:24:27.150+0900] {Naver_News_Collect.py:121} INFO - 1 Start
[2024-02-20T09:24:44.626+0900] {Naver_News_Collect.py:157} INFO - 2 End
[2024-02-20T09:24:47.630+0900] {logger.py:11} INFO - ====== WebDriver manager ======
[2024-02-20T09:24:47.710+0900] {logger.py:11} INFO - Get LATEST chromedriver version for google-chrome
[2024-02-20T09:24:47.790+0900] {logger.py:11} INFO - Get LATEST chromedriver version for google-chrome
[2024-02-20T09:24:47.872+0900] {logger.py:11} INFO - Driver [/home/ubuntu/.wdm/drivers/chromedriver/linux64/121.0.6167.184/chromedriver-linux64/chromedriver] found in cache
[2024-02-20T09:24:48.528+0900] {Naver_News_Collect.py:118} INFO - 접속완료
[2024-02-20T09:24:49.522+0900] {Naver_News_Collect.py:121} INFO - 2 Start
[2024-02-20T09:25:12.355+0900] {Naver_News_Collect.py:157} INFO - 3 End
[2024-02-20T09:25:14.357+0900] {logger.py:11} INFO - ====== WebDriver manager ======
[2024-02-20T09:25:14.440+0900] {logger.py:11} INFO - Get LATEST chromedriver version for google-chrome
[2024-02-20T09:25:14.522+0900] {logger.py:11} INFO - Get LATEST chromedriver version for google-chrome
[2024-02-20T09:25:14.604+0900] {logger.py:11} INFO - Driver [/home/ubuntu/.wdm/drivers/chromedriver/linux64/121.0.6167.184/chromedriver-linux64/chromedriver] found in cache
[2024-02-20T09:25:15.280+0900] {Naver_News_Collect.py:118} INFO - 접속완료
[2024-02-20T09:25:16.040+0900] {Naver_News_Collect.py:121} INFO - 3 Start
[2024-02-20T09:25:38.440+0900] {Naver_News_Collect.py:157} INFO - 4 End
[2024-02-20T09:25:41.443+0900] {logger.py:11} INFO - ====== WebDriver manager ======
[2024-02-20T09:25:41.524+0900] {logger.py:11} INFO - Get LATEST chromedriver version for google-chrome
[2024-02-20T09:25:41.605+0900] {logger.py:11} INFO - Get LATEST chromedriver version for google-chrome
[2024-02-20T09:25:41.686+0900] {logger.py:11} INFO - Driver [/home/ubuntu/.wdm/drivers/chromedriver/linux64/121.0.6167.184/chromedriver-linux64/chromedriver] found in cache
[2024-02-20T09:25:42.359+0900] {Naver_News_Collect.py:118} INFO - 접속완료
[2024-02-20T09:26:12.437+0900] {Naver_News_Collect.py:121} INFO - 4 Start
[2024-02-20T09:26:22.554+0900] {Naver_News_Collect.py:157} INFO - 4 End
[2024-02-20T09:26:24.556+0900] {logger.py:11} INFO - ====== WebDriver manager ======
[2024-02-20T09:26:24.637+0900] {logger.py:11} INFO - Get LATEST chromedriver version for google-chrome
[2024-02-20T09:26:24.717+0900] {logger.py:11} INFO - Get LATEST chromedriver version for google-chrome
[2024-02-20T09:26:24.798+0900] {logger.py:11} INFO - Driver [/home/ubuntu/.wdm/drivers/chromedriver/linux64/121.0.6167.184/chromedriver-linux64/chromedriver] found in cache
[2024-02-20T09:26:25.463+0900] {Naver_News_Collect.py:118} INFO - 접속완료
[2024-02-20T09:26:26.464+0900] {Naver_News_Collect.py:121} INFO - 4 Start
[2024-02-20T09:26:39.583+0900] {Naver_News_Collect.py:157} INFO - 5 End
[2024-02-20T09:26:41.586+0900] {logger.py:11} INFO - ====== WebDriver manager ======
[2024-02-20T09:26:41.671+0900] {logger.py:11} INFO - Get LATEST chromedriver version for google-chrome
[2024-02-20T09:26:41.754+0900] {logger.py:11} INFO - Get LATEST chromedriver version for google-chrome
[2024-02-20T09:26:41.836+0900] {logger.py:11} INFO - Driver [/home/ubuntu/.wdm/drivers/chromedriver/linux64/121.0.6167.184/chromedriver-linux64/chromedriver] found in cache
[2024-02-20T09:26:42.486+0900] {Naver_News_Collect.py:118} INFO - 접속완료
[2024-02-20T09:26:43.440+0900] {Naver_News_Collect.py:121} INFO - 5 Start
[2024-02-20T09:27:06.222+0900] {Naver_News_Collect.py:157} INFO - 6 End
[2024-02-20T09:27:09.226+0900] {logger.py:11} INFO - ====== WebDriver manager ======
[2024-02-20T09:27:09.308+0900] {logger.py:11} INFO - Get LATEST chromedriver version for google-chrome
[2024-02-20T09:27:09.390+0900] {logger.py:11} INFO - Get LATEST chromedriver version for google-chrome
[2024-02-20T09:27:09.473+0900] {logger.py:11} INFO - Driver [/home/ubuntu/.wdm/drivers/chromedriver/linux64/121.0.6167.184/chromedriver-linux64/chromedriver] found in cache
[2024-02-20T09:27:10.139+0900] {Naver_News_Collect.py:118} INFO - 접속완료
[2024-02-20T09:27:40.217+0900] {Naver_News_Collect.py:121} INFO - 6 Start
[2024-02-20T09:27:50.333+0900] {Naver_News_Collect.py:157} INFO - 6 End
[2024-02-20T09:27:53.337+0900] {logger.py:11} INFO - ====== WebDriver manager ======
[2024-02-20T09:27:53.416+0900] {logger.py:11} INFO - Get LATEST chromedriver version for google-chrome
[2024-02-20T09:27:53.498+0900] {logger.py:11} INFO - Get LATEST chromedriver version for google-chrome
[2024-02-20T09:27:53.579+0900] {logger.py:11} INFO - Driver [/home/ubuntu/.wdm/drivers/chromedriver/linux64/121.0.6167.184/chromedriver-linux64/chromedriver] found in cache
[2024-02-20T09:27:54.250+0900] {Naver_News_Collect.py:118} INFO - 접속완료
[2024-02-20T09:28:24.324+0900] {Naver_News_Collect.py:121} INFO - 6 Start
[2024-02-20T09:28:34.400+0900] {Naver_News_Collect.py:157} INFO - 6 End
[2024-02-20T09:28:36.401+0900] {logger.py:11} INFO - ====== WebDriver manager ======
[2024-02-20T09:28:36.483+0900] {logger.py:11} INFO - Get LATEST chromedriver version for google-chrome
[2024-02-20T09:28:36.565+0900] {logger.py:11} INFO - Get LATEST chromedriver version for google-chrome
[2024-02-20T09:28:36.646+0900] {logger.py:11} INFO - Driver [/home/ubuntu/.wdm/drivers/chromedriver/linux64/121.0.6167.184/chromedriver-linux64/chromedriver] found in cache
[2024-02-20T09:28:37.321+0900] {Naver_News_Collect.py:118} INFO - 접속완료
[2024-02-20T09:28:38.308+0900] {Naver_News_Collect.py:121} INFO - 6 Start
[2024-02-20T09:29:01.117+0900] {Naver_News_Collect.py:157} INFO - 7 End
[2024-02-20T09:29:03.120+0900] {logger.py:11} INFO - ====== WebDriver manager ======
[2024-02-20T09:29:03.201+0900] {logger.py:11} INFO - Get LATEST chromedriver version for google-chrome
[2024-02-20T09:29:03.283+0900] {logger.py:11} INFO - Get LATEST chromedriver version for google-chrome
[2024-02-20T09:29:03.363+0900] {logger.py:11} INFO - Driver [/home/ubuntu/.wdm/drivers/chromedriver/linux64/121.0.6167.184/chromedriver-linux64/chromedriver] found in cache
[2024-02-20T09:29:04.038+0900] {Naver_News_Collect.py:118} INFO - 접속완료
[2024-02-20T09:29:05.038+0900] {Naver_News_Collect.py:121} INFO - 7 Start
[2024-02-20T09:29:27.904+0900] {Naver_News_Collect.py:157} INFO - 8 End
[2024-02-20T09:29:30.905+0900] {logger.py:11} INFO - ====== WebDriver manager ======
[2024-02-20T09:29:30.986+0900] {logger.py:11} INFO - Get LATEST chromedriver version for google-chrome
[2024-02-20T09:29:31.067+0900] {logger.py:11} INFO - Get LATEST chromedriver version for google-chrome
[2024-02-20T09:29:31.148+0900] {logger.py:11} INFO - Driver [/home/ubuntu/.wdm/drivers/chromedriver/linux64/121.0.6167.184/chromedriver-linux64/chromedriver] found in cache
[2024-02-20T09:29:31.823+0900] {Naver_News_Collect.py:118} INFO - 접속완료
[2024-02-20T09:29:32.855+0900] {Naver_News_Collect.py:121} INFO - 8 Start
[2024-02-20T09:29:55.764+0900] {Naver_News_Collect.py:157} INFO - 9 End
[2024-02-20T09:29:58.768+0900] {logger.py:11} INFO - ====== WebDriver manager ======
[2024-02-20T09:29:58.850+0900] {logger.py:11} INFO - Get LATEST chromedriver version for google-chrome
[2024-02-20T09:29:58.933+0900] {logger.py:11} INFO - Get LATEST chromedriver version for google-chrome
[2024-02-20T09:29:59.015+0900] {logger.py:11} INFO - Driver [/home/ubuntu/.wdm/drivers/chromedriver/linux64/121.0.6167.184/chromedriver-linux64/chromedriver] found in cache
[2024-02-20T09:29:59.689+0900] {Naver_News_Collect.py:118} INFO - 접속완료
[2024-02-20T09:30:00.679+0900] {Naver_News_Collect.py:121} INFO - 9 Start
[2024-02-20T09:30:23.556+0900] {Naver_News_Collect.py:157} INFO - 10 End
[2024-02-20T09:30:25.559+0900] {logger.py:11} INFO - ====== WebDriver manager ======
[2024-02-20T09:30:25.640+0900] {logger.py:11} INFO - Get LATEST chromedriver version for google-chrome
[2024-02-20T09:30:25.721+0900] {logger.py:11} INFO - Get LATEST chromedriver version for google-chrome
[2024-02-20T09:30:25.803+0900] {logger.py:11} INFO - Driver [/home/ubuntu/.wdm/drivers/chromedriver/linux64/121.0.6167.184/chromedriver-linux64/chromedriver] found in cache
[2024-02-20T09:30:26.480+0900] {Naver_News_Collect.py:118} INFO - 접속완료
[2024-02-20T09:30:27.517+0900] {Naver_News_Collect.py:121} INFO - 10 Start
[2024-02-20T09:30:50.306+0900] {Naver_News_Collect.py:157} INFO - 11 End
[2024-02-20T09:30:53.309+0900] {logger.py:11} INFO - ====== WebDriver manager ======
[2024-02-20T09:30:53.389+0900] {logger.py:11} INFO - Get LATEST chromedriver version for google-chrome
[2024-02-20T09:30:53.470+0900] {logger.py:11} INFO - Get LATEST chromedriver version for google-chrome
[2024-02-20T09:30:53.551+0900] {logger.py:11} INFO - Driver [/home/ubuntu/.wdm/drivers/chromedriver/linux64/121.0.6167.184/chromedriver-linux64/chromedriver] found in cache
[2024-02-20T09:30:54.224+0900] {Naver_News_Collect.py:118} INFO - 접속완료
[2024-02-20T09:30:55.227+0900] {Naver_News_Collect.py:121} INFO - 11 Start
[2024-02-20T09:31:08.166+0900] {Naver_News_Collect.py:157} INFO - 12 End
[2024-02-20T09:31:11.170+0900] {logger.py:11} INFO - ====== WebDriver manager ======
[2024-02-20T09:31:11.251+0900] {logger.py:11} INFO - Get LATEST chromedriver version for google-chrome
[2024-02-20T09:31:11.332+0900] {logger.py:11} INFO - Get LATEST chromedriver version for google-chrome
[2024-02-20T09:31:11.413+0900] {logger.py:11} INFO - Driver [/home/ubuntu/.wdm/drivers/chromedriver/linux64/121.0.6167.184/chromedriver-linux64/chromedriver] found in cache
[2024-02-20T09:31:12.074+0900] {Naver_News_Collect.py:118} INFO - 접속완료
[2024-02-20T09:31:13.068+0900] {Naver_News_Collect.py:121} INFO - 12 Start
[2024-02-20T09:31:36.870+0900] {Naver_News_Collect.py:157} INFO - 13 End
[2024-02-20T09:31:38.873+0900] {logger.py:11} INFO - ====== WebDriver manager ======
[2024-02-20T09:31:38.953+0900] {logger.py:11} INFO - Get LATEST chromedriver version for google-chrome
[2024-02-20T09:31:39.036+0900] {logger.py:11} INFO - Get LATEST chromedriver version for google-chrome
[2024-02-20T09:31:39.117+0900] {logger.py:11} INFO - Driver [/home/ubuntu/.wdm/drivers/chromedriver/linux64/121.0.6167.184/chromedriver-linux64/chromedriver] found in cache
[2024-02-20T09:31:39.771+0900] {Naver_News_Collect.py:118} INFO - 접속완료
[2024-02-20T09:31:40.751+0900] {Naver_News_Collect.py:121} INFO - 13 Start
[2024-02-20T09:32:03.537+0900] {Naver_News_Collect.py:157} INFO - 14 End
[2024-02-20T09:32:05.539+0900] {logger.py:11} INFO - ====== WebDriver manager ======
[2024-02-20T09:32:05.621+0900] {logger.py:11} INFO - Get LATEST chromedriver version for google-chrome
[2024-02-20T09:32:05.704+0900] {logger.py:11} INFO - Get LATEST chromedriver version for google-chrome
[2024-02-20T09:32:05.786+0900] {logger.py:11} INFO - Driver [/home/ubuntu/.wdm/drivers/chromedriver/linux64/121.0.6167.184/chromedriver-linux64/chromedriver] found in cache
[2024-02-20T09:32:06.461+0900] {Naver_News_Collect.py:118} INFO - 접속완료
[2024-02-20T09:32:07.535+0900] {Naver_News_Collect.py:121} INFO - 14 Start
[2024-02-20T09:32:20.583+0900] {Naver_News_Collect.py:157} INFO - 15 End
[2024-02-20T09:32:22.585+0900] {logger.py:11} INFO - ====== WebDriver manager ======
[2024-02-20T09:32:22.666+0900] {logger.py:11} INFO - Get LATEST chromedriver version for google-chrome
[2024-02-20T09:32:22.747+0900] {logger.py:11} INFO - Get LATEST chromedriver version for google-chrome
[2024-02-20T09:32:22.828+0900] {logger.py:11} INFO - Driver [/home/ubuntu/.wdm/drivers/chromedriver/linux64/121.0.6167.184/chromedriver-linux64/chromedriver] found in cache
[2024-02-20T09:32:23.491+0900] {Naver_News_Collect.py:118} INFO - 접속완료
[2024-02-20T09:32:24.475+0900] {Naver_News_Collect.py:121} INFO - 15 Start
[2024-02-20T09:32:37.325+0900] {Naver_News_Collect.py:157} INFO - 16 End
[2024-02-20T09:32:39.328+0900] {logger.py:11} INFO - ====== WebDriver manager ======
[2024-02-20T09:32:39.410+0900] {logger.py:11} INFO - Get LATEST chromedriver version for google-chrome
[2024-02-20T09:32:39.492+0900] {logger.py:11} INFO - Get LATEST chromedriver version for google-chrome
[2024-02-20T09:32:39.573+0900] {logger.py:11} INFO - Driver [/home/ubuntu/.wdm/drivers/chromedriver/linux64/121.0.6167.184/chromedriver-linux64/chromedriver] found in cache
[2024-02-20T09:32:40.249+0900] {Naver_News_Collect.py:118} INFO - 접속완료
[2024-02-20T09:32:41.198+0900] {Naver_News_Collect.py:121} INFO - 16 Start
[2024-02-20T09:33:04.022+0900] {Naver_News_Collect.py:157} INFO - 17 End
[2024-02-20T09:33:07.025+0900] {logger.py:11} INFO - ====== WebDriver manager ======
[2024-02-20T09:33:07.106+0900] {logger.py:11} INFO - Get LATEST chromedriver version for google-chrome
[2024-02-20T09:33:07.188+0900] {logger.py:11} INFO - Get LATEST chromedriver version for google-chrome
[2024-02-20T09:33:07.268+0900] {logger.py:11} INFO - Driver [/home/ubuntu/.wdm/drivers/chromedriver/linux64/121.0.6167.184/chromedriver-linux64/chromedriver] found in cache
[2024-02-20T09:33:07.933+0900] {Naver_News_Collect.py:118} INFO - 접속완료
[2024-02-20T09:33:08.971+0900] {Naver_News_Collect.py:121} INFO - 17 Start
[2024-02-20T09:33:21.949+0900] {Naver_News_Collect.py:157} INFO - 18 End
[2024-02-20T09:33:24.953+0900] {logger.py:11} INFO - ====== WebDriver manager ======
[2024-02-20T09:33:25.034+0900] {logger.py:11} INFO - Get LATEST chromedriver version for google-chrome
[2024-02-20T09:33:25.116+0900] {logger.py:11} INFO - Get LATEST chromedriver version for google-chrome
[2024-02-20T09:33:25.197+0900] {logger.py:11} INFO - Driver [/home/ubuntu/.wdm/drivers/chromedriver/linux64/121.0.6167.184/chromedriver-linux64/chromedriver] found in cache
[2024-02-20T09:33:25.853+0900] {Naver_News_Collect.py:118} INFO - 접속완료
[2024-02-20T09:33:26.903+0900] {Naver_News_Collect.py:121} INFO - 18 Start
[2024-02-20T09:33:49.693+0900] {Naver_News_Collect.py:157} INFO - 19 End
[2024-02-20T09:33:52.697+0900] {logger.py:11} INFO - ====== WebDriver manager ======
[2024-02-20T09:33:52.779+0900] {logger.py:11} INFO - Get LATEST chromedriver version for google-chrome
[2024-02-20T09:33:52.861+0900] {logger.py:11} INFO - Get LATEST chromedriver version for google-chrome
[2024-02-20T09:33:52.940+0900] {logger.py:11} INFO - Driver [/home/ubuntu/.wdm/drivers/chromedriver/linux64/121.0.6167.184/chromedriver-linux64/chromedriver] found in cache
[2024-02-20T09:33:53.597+0900] {Naver_News_Collect.py:118} INFO - 접속완료
[2024-02-20T09:33:54.585+0900] {Naver_News_Collect.py:121} INFO - 19 Start
[2024-02-20T09:34:17.436+0900] {Naver_News_Collect.py:157} INFO - 20 End
[2024-02-20T09:34:19.438+0900] {logger.py:11} INFO - ====== WebDriver manager ======
[2024-02-20T09:34:19.525+0900] {logger.py:11} INFO - Get LATEST chromedriver version for google-chrome
[2024-02-20T09:34:19.606+0900] {logger.py:11} INFO - Get LATEST chromedriver version for google-chrome
[2024-02-20T09:34:19.686+0900] {logger.py:11} INFO - Driver [/home/ubuntu/.wdm/drivers/chromedriver/linux64/121.0.6167.184/chromedriver-linux64/chromedriver] found in cache
[2024-02-20T09:34:20.361+0900] {Naver_News_Collect.py:118} INFO - 접속완료
[2024-02-20T09:34:21.398+0900] {Naver_News_Collect.py:121} INFO - 20 Start
[2024-02-20T09:34:45.179+0900] {Naver_News_Collect.py:157} INFO - 21 End
[2024-02-20T09:34:47.182+0900] {logger.py:11} INFO - ====== WebDriver manager ======
[2024-02-20T09:34:47.262+0900] {logger.py:11} INFO - Get LATEST chromedriver version for google-chrome
[2024-02-20T09:34:47.343+0900] {logger.py:11} INFO - Get LATEST chromedriver version for google-chrome
[2024-02-20T09:34:47.424+0900] {logger.py:11} INFO - Driver [/home/ubuntu/.wdm/drivers/chromedriver/linux64/121.0.6167.184/chromedriver-linux64/chromedriver] found in cache
[2024-02-20T09:34:48.078+0900] {Naver_News_Collect.py:118} INFO - 접속완료
[2024-02-20T09:34:49.089+0900] {Naver_News_Collect.py:121} INFO - 21 Start
[2024-02-20T09:35:11.890+0900] {Naver_News_Collect.py:157} INFO - 22 End
[2024-02-20T09:35:13.892+0900] {logger.py:11} INFO - ====== WebDriver manager ======
[2024-02-20T09:35:13.974+0900] {logger.py:11} INFO - Get LATEST chromedriver version for google-chrome
[2024-02-20T09:35:14.056+0900] {logger.py:11} INFO - Get LATEST chromedriver version for google-chrome
[2024-02-20T09:35:14.138+0900] {logger.py:11} INFO - Driver [/home/ubuntu/.wdm/drivers/chromedriver/linux64/121.0.6167.184/chromedriver-linux64/chromedriver] found in cache
[2024-02-20T09:35:14.804+0900] {Naver_News_Collect.py:118} INFO - 접속완료
[2024-02-20T09:35:15.886+0900] {Naver_News_Collect.py:121} INFO - 22 Start
[2024-02-20T09:35:29.123+0900] {Naver_News_Collect.py:157} INFO - 23 End
[2024-02-20T09:35:32.125+0900] {logger.py:11} INFO - ====== WebDriver manager ======
[2024-02-20T09:35:32.207+0900] {logger.py:11} INFO - Get LATEST chromedriver version for google-chrome
[2024-02-20T09:35:32.295+0900] {logger.py:11} INFO - Get LATEST chromedriver version for google-chrome
[2024-02-20T09:35:32.376+0900] {logger.py:11} INFO - Driver [/home/ubuntu/.wdm/drivers/chromedriver/linux64/121.0.6167.184/chromedriver-linux64/chromedriver] found in cache
[2024-02-20T09:35:33.052+0900] {Naver_News_Collect.py:118} INFO - 접속완료
[2024-02-20T09:35:34.085+0900] {Naver_News_Collect.py:121} INFO - 23 Start
[2024-02-20T09:35:56.971+0900] {Naver_News_Collect.py:157} INFO - 24 End
[2024-02-20T09:35:58.973+0900] {logger.py:11} INFO - ====== WebDriver manager ======
[2024-02-20T09:35:59.053+0900] {logger.py:11} INFO - Get LATEST chromedriver version for google-chrome
[2024-02-20T09:35:59.134+0900] {logger.py:11} INFO - Get LATEST chromedriver version for google-chrome
[2024-02-20T09:35:59.215+0900] {logger.py:11} INFO - Driver [/home/ubuntu/.wdm/drivers/chromedriver/linux64/121.0.6167.184/chromedriver-linux64/chromedriver] found in cache
[2024-02-20T09:35:59.872+0900] {Naver_News_Collect.py:118} INFO - 접속완료
[2024-02-20T09:36:00.890+0900] {Naver_News_Collect.py:121} INFO - 24 Start
[2024-02-20T09:36:23.742+0900] {Naver_News_Collect.py:157} INFO - 25 End
[2024-02-20T09:36:26.745+0900] {logger.py:11} INFO - ====== WebDriver manager ======
[2024-02-20T09:36:26.829+0900] {logger.py:11} INFO - Get LATEST chromedriver version for google-chrome
[2024-02-20T09:36:26.911+0900] {logger.py:11} INFO - Get LATEST chromedriver version for google-chrome
[2024-02-20T09:36:26.993+0900] {logger.py:11} INFO - Driver [/home/ubuntu/.wdm/drivers/chromedriver/linux64/121.0.6167.184/chromedriver-linux64/chromedriver] found in cache
[2024-02-20T09:36:27.655+0900] {Naver_News_Collect.py:118} INFO - 접속완료
[2024-02-20T09:36:28.664+0900] {Naver_News_Collect.py:121} INFO - 25 Start
[2024-02-20T09:36:41.626+0900] {Naver_News_Collect.py:157} INFO - 26 End
[2024-02-20T09:36:43.629+0900] {logger.py:11} INFO - ====== WebDriver manager ======
[2024-02-20T09:36:43.711+0900] {logger.py:11} INFO - Get LATEST chromedriver version for google-chrome
[2024-02-20T09:36:43.794+0900] {logger.py:11} INFO - Get LATEST chromedriver version for google-chrome
[2024-02-20T09:36:43.874+0900] {logger.py:11} INFO - Driver [/home/ubuntu/.wdm/drivers/chromedriver/linux64/121.0.6167.184/chromedriver-linux64/chromedriver] found in cache
[2024-02-20T09:36:44.531+0900] {Naver_News_Collect.py:118} INFO - 접속완료
[2024-02-20T09:36:45.511+0900] {Naver_News_Collect.py:121} INFO - 26 Start
[2024-02-20T09:37:08.265+0900] {Naver_News_Collect.py:157} INFO - 27 End
[2024-02-20T09:37:11.269+0900] {logger.py:11} INFO - ====== WebDriver manager ======
[2024-02-20T09:37:11.351+0900] {logger.py:11} INFO - Get LATEST chromedriver version for google-chrome
[2024-02-20T09:37:11.435+0900] {logger.py:11} INFO - Get LATEST chromedriver version for google-chrome
[2024-02-20T09:37:11.516+0900] {logger.py:11} INFO - Driver [/home/ubuntu/.wdm/drivers/chromedriver/linux64/121.0.6167.184/chromedriver-linux64/chromedriver] found in cache
[2024-02-20T09:37:12.184+0900] {Naver_News_Collect.py:118} INFO - 접속완료
[2024-02-20T09:37:13.191+0900] {Naver_News_Collect.py:121} INFO - 27 Start
[2024-02-20T09:37:26.758+0900] {Naver_News_Collect.py:157} INFO - 28 End
[2024-02-20T09:37:29.761+0900] {logger.py:11} INFO - ====== WebDriver manager ======
[2024-02-20T09:37:29.842+0900] {logger.py:11} INFO - Get LATEST chromedriver version for google-chrome
[2024-02-20T09:37:29.923+0900] {logger.py:11} INFO - Get LATEST chromedriver version for google-chrome
[2024-02-20T09:37:30.005+0900] {logger.py:11} INFO - Driver [/home/ubuntu/.wdm/drivers/chromedriver/linux64/121.0.6167.184/chromedriver-linux64/chromedriver] found in cache
[2024-02-20T09:37:30.682+0900] {Naver_News_Collect.py:118} INFO - 접속완료
[2024-02-20T09:37:31.691+0900] {Naver_News_Collect.py:121} INFO - 28 Start
[2024-02-20T09:37:54.463+0900] {Naver_News_Collect.py:157} INFO - 29 End
[2024-02-20T09:37:56.465+0900] {logger.py:11} INFO - ====== WebDriver manager ======
[2024-02-20T09:37:56.546+0900] {logger.py:11} INFO - Get LATEST chromedriver version for google-chrome
[2024-02-20T09:37:56.628+0900] {logger.py:11} INFO - Get LATEST chromedriver version for google-chrome
[2024-02-20T09:37:56.709+0900] {logger.py:11} INFO - Driver [/home/ubuntu/.wdm/drivers/chromedriver/linux64/121.0.6167.184/chromedriver-linux64/chromedriver] found in cache
[2024-02-20T09:37:57.384+0900] {Naver_News_Collect.py:118} INFO - 접속완료
[2024-02-20T09:37:58.385+0900] {Naver_News_Collect.py:121} INFO - 29 Start
[2024-02-20T09:38:11.412+0900] {Naver_News_Collect.py:157} INFO - 30 End
[2024-02-20T09:38:13.415+0900] {logger.py:11} INFO - ====== WebDriver manager ======
[2024-02-20T09:38:13.496+0900] {logger.py:11} INFO - Get LATEST chromedriver version for google-chrome
[2024-02-20T09:38:13.600+0900] {logger.py:11} INFO - Get LATEST chromedriver version for google-chrome
[2024-02-20T09:38:13.681+0900] {logger.py:11} INFO - Driver [/home/ubuntu/.wdm/drivers/chromedriver/linux64/121.0.6167.184/chromedriver-linux64/chromedriver] found in cache
[2024-02-20T09:38:14.343+0900] {Naver_News_Collect.py:118} INFO - 접속완료
[2024-02-20T09:38:15.341+0900] {Naver_News_Collect.py:121} INFO - 30 Start
[2024-02-20T09:38:28.179+0900] {Naver_News_Collect.py:157} INFO - 31 End
[2024-02-20T09:38:31.183+0900] {logger.py:11} INFO - ====== WebDriver manager ======
[2024-02-20T09:38:31.264+0900] {logger.py:11} INFO - Get LATEST chromedriver version for google-chrome
[2024-02-20T09:38:31.345+0900] {logger.py:11} INFO - Get LATEST chromedriver version for google-chrome
[2024-02-20T09:38:31.426+0900] {logger.py:11} INFO - Driver [/home/ubuntu/.wdm/drivers/chromedriver/linux64/121.0.6167.184/chromedriver-linux64/chromedriver] found in cache
[2024-02-20T09:38:32.091+0900] {Naver_News_Collect.py:118} INFO - 접속완료
[2024-02-20T09:38:33.057+0900] {Naver_News_Collect.py:121} INFO - 31 Start
[2024-02-20T09:38:55.780+0900] {Naver_News_Collect.py:157} INFO - 32 End
[2024-02-20T09:38:58.783+0900] {logger.py:11} INFO - ====== WebDriver manager ======
[2024-02-20T09:38:58.863+0900] {logger.py:11} INFO - Get LATEST chromedriver version for google-chrome
[2024-02-20T09:38:58.946+0900] {logger.py:11} INFO - Get LATEST chromedriver version for google-chrome
[2024-02-20T09:38:59.028+0900] {logger.py:11} INFO - Driver [/home/ubuntu/.wdm/drivers/chromedriver/linux64/121.0.6167.184/chromedriver-linux64/chromedriver] found in cache
[2024-02-20T09:38:59.690+0900] {Naver_News_Collect.py:118} INFO - 접속완료
[2024-02-20T09:39:00.411+0900] {Naver_News_Collect.py:121} INFO - 32 Start
[2024-02-20T09:39:22.887+0900] {Naver_News_Collect.py:157} INFO - 33 End
[2024-02-20T09:39:25.889+0900] {logger.py:11} INFO - ====== WebDriver manager ======
[2024-02-20T09:39:25.970+0900] {logger.py:11} INFO - Get LATEST chromedriver version for google-chrome
[2024-02-20T09:39:26.053+0900] {logger.py:11} INFO - Get LATEST chromedriver version for google-chrome
[2024-02-20T09:39:26.134+0900] {logger.py:11} INFO - Driver [/home/ubuntu/.wdm/drivers/chromedriver/linux64/121.0.6167.184/chromedriver-linux64/chromedriver] found in cache
[2024-02-20T09:39:26.799+0900] {Naver_News_Collect.py:118} INFO - 접속완료
[2024-02-20T09:39:27.538+0900] {Naver_News_Collect.py:121} INFO - 33 Start
[2024-02-20T09:39:49.980+0900] {Naver_News_Collect.py:157} INFO - 34 End
[2024-02-20T09:39:51.983+0900] {logger.py:11} INFO - ====== WebDriver manager ======
[2024-02-20T09:39:52.063+0900] {logger.py:11} INFO - Get LATEST chromedriver version for google-chrome
[2024-02-20T09:39:52.144+0900] {logger.py:11} INFO - Get LATEST chromedriver version for google-chrome
[2024-02-20T09:39:52.223+0900] {logger.py:11} INFO - Driver [/home/ubuntu/.wdm/drivers/chromedriver/linux64/121.0.6167.184/chromedriver-linux64/chromedriver] found in cache
[2024-02-20T09:39:52.895+0900] {Naver_News_Collect.py:118} INFO - 접속완료
[2024-02-20T09:39:53.874+0900] {Naver_News_Collect.py:121} INFO - 34 Start
[2024-02-20T09:40:40.331+0900] {Naver_News_Collect.py:157} INFO - 35 End
[2024-02-20T09:40:42.333+0900] {logger.py:11} INFO - ====== WebDriver manager ======
[2024-02-20T09:40:42.415+0900] {logger.py:11} INFO - Get LATEST chromedriver version for google-chrome
[2024-02-20T09:40:42.496+0900] {logger.py:11} INFO - Get LATEST chromedriver version for google-chrome
[2024-02-20T09:40:42.576+0900] {logger.py:11} INFO - Driver [/home/ubuntu/.wdm/drivers/chromedriver/linux64/121.0.6167.184/chromedriver-linux64/chromedriver] found in cache
[2024-02-20T09:40:43.253+0900] {Naver_News_Collect.py:118} INFO - 접속완료
[2024-02-20T09:40:44.001+0900] {Naver_News_Collect.py:121} INFO - 35 Start
[2024-02-20T09:41:06.440+0900] {Naver_News_Collect.py:157} INFO - 36 End
[2024-02-20T09:41:09.444+0900] {logger.py:11} INFO - ====== WebDriver manager ======
[2024-02-20T09:41:09.526+0900] {logger.py:11} INFO - Get LATEST chromedriver version for google-chrome
[2024-02-20T09:41:09.608+0900] {logger.py:11} INFO - Get LATEST chromedriver version for google-chrome
[2024-02-20T09:41:09.690+0900] {logger.py:11} INFO - Driver [/home/ubuntu/.wdm/drivers/chromedriver/linux64/121.0.6167.184/chromedriver-linux64/chromedriver] found in cache
[2024-02-20T09:41:10.347+0900] {Naver_News_Collect.py:118} INFO - 접속완료
[2024-02-20T09:41:40.426+0900] {Naver_News_Collect.py:121} INFO - 36 Start
[2024-02-20T09:41:50.496+0900] {Naver_News_Collect.py:157} INFO - 36 End
[2024-02-20T09:41:52.499+0900] {logger.py:11} INFO - ====== WebDriver manager ======
[2024-02-20T09:41:52.580+0900] {logger.py:11} INFO - Get LATEST chromedriver version for google-chrome
[2024-02-20T09:41:52.661+0900] {logger.py:11} INFO - Get LATEST chromedriver version for google-chrome
[2024-02-20T09:41:52.741+0900] {logger.py:11} INFO - Driver [/home/ubuntu/.wdm/drivers/chromedriver/linux64/121.0.6167.184/chromedriver-linux64/chromedriver] found in cache
[2024-02-20T09:41:53.415+0900] {Naver_News_Collect.py:118} INFO - 접속완료
[2024-02-20T09:41:54.416+0900] {Naver_News_Collect.py:121} INFO - 36 Start
[2024-02-20T09:42:17.103+0900] {Naver_News_Collect.py:157} INFO - 37 End
[2024-02-20T09:42:20.107+0900] {logger.py:11} INFO - ====== WebDriver manager ======
[2024-02-20T09:42:20.189+0900] {logger.py:11} INFO - Get LATEST chromedriver version for google-chrome
[2024-02-20T09:42:20.273+0900] {logger.py:11} INFO - Get LATEST chromedriver version for google-chrome
[2024-02-20T09:42:20.353+0900] {logger.py:11} INFO - Driver [/home/ubuntu/.wdm/drivers/chromedriver/linux64/121.0.6167.184/chromedriver-linux64/chromedriver] found in cache
[2024-02-20T09:42:21.029+0900] {Naver_News_Collect.py:118} INFO - 접속완료
[2024-02-20T09:42:21.790+0900] {Naver_News_Collect.py:121} INFO - 37 Start
[2024-02-20T09:42:45.211+0900] {Naver_News_Collect.py:157} INFO - 38 End
[2024-02-20T09:42:48.214+0900] {logger.py:11} INFO - ====== WebDriver manager ======
[2024-02-20T09:42:48.294+0900] {logger.py:11} INFO - Get LATEST chromedriver version for google-chrome
[2024-02-20T09:42:48.376+0900] {logger.py:11} INFO - Get LATEST chromedriver version for google-chrome
[2024-02-20T09:42:48.456+0900] {logger.py:11} INFO - Driver [/home/ubuntu/.wdm/drivers/chromedriver/linux64/121.0.6167.184/chromedriver-linux64/chromedriver] found in cache
[2024-02-20T09:42:49.131+0900] {Naver_News_Collect.py:118} INFO - 접속완료
[2024-02-20T09:42:50.150+0900] {Naver_News_Collect.py:121} INFO - 38 Start
[2024-02-20T09:43:12.897+0900] {Naver_News_Collect.py:157} INFO - 39 End
[2024-02-20T09:43:14.899+0900] {logger.py:11} INFO - ====== WebDriver manager ======
[2024-02-20T09:43:14.982+0900] {logger.py:11} INFO - Get LATEST chromedriver version for google-chrome
[2024-02-20T09:43:15.064+0900] {logger.py:11} INFO - Get LATEST chromedriver version for google-chrome
[2024-02-20T09:43:15.146+0900] {logger.py:11} INFO - Driver [/home/ubuntu/.wdm/drivers/chromedriver/linux64/121.0.6167.184/chromedriver-linux64/chromedriver] found in cache
[2024-02-20T09:43:15.823+0900] {Naver_News_Collect.py:118} INFO - 접속완료
[2024-02-20T09:43:16.848+0900] {Naver_News_Collect.py:121} INFO - 39 Start
[2024-02-20T09:43:39.704+0900] {Naver_News_Collect.py:157} INFO - 40 End
[2024-02-20T09:43:41.707+0900] {logger.py:11} INFO - ====== WebDriver manager ======
[2024-02-20T09:43:41.788+0900] {logger.py:11} INFO - Get LATEST chromedriver version for google-chrome
[2024-02-20T09:43:41.869+0900] {logger.py:11} INFO - Get LATEST chromedriver version for google-chrome
[2024-02-20T09:43:41.950+0900] {logger.py:11} INFO - Driver [/home/ubuntu/.wdm/drivers/chromedriver/linux64/121.0.6167.184/chromedriver-linux64/chromedriver] found in cache
[2024-02-20T09:43:42.624+0900] {Naver_News_Collect.py:118} INFO - 접속완료
[2024-02-20T09:43:43.361+0900] {Naver_News_Collect.py:121} INFO - 40 Start
[2024-02-20T09:43:55.956+0900] {Naver_News_Collect.py:157} INFO - 41 End
[2024-02-20T09:43:57.959+0900] {logger.py:11} INFO - ====== WebDriver manager ======
[2024-02-20T09:43:58.040+0900] {logger.py:11} INFO - Get LATEST chromedriver version for google-chrome
[2024-02-20T09:43:58.121+0900] {logger.py:11} INFO - Get LATEST chromedriver version for google-chrome
[2024-02-20T09:43:58.202+0900] {logger.py:11} INFO - Driver [/home/ubuntu/.wdm/drivers/chromedriver/linux64/121.0.6167.184/chromedriver-linux64/chromedriver] found in cache
[2024-02-20T09:43:58.877+0900] {Naver_News_Collect.py:118} INFO - 접속완료
[2024-02-20T09:43:59.590+0900] {Naver_News_Collect.py:121} INFO - 41 Start
[2024-02-20T09:44:22.065+0900] {Naver_News_Collect.py:157} INFO - 42 End
[2024-02-20T09:44:24.067+0900] {logger.py:11} INFO - ====== WebDriver manager ======
[2024-02-20T09:44:24.148+0900] {logger.py:11} INFO - Get LATEST chromedriver version for google-chrome
[2024-02-20T09:44:24.229+0900] {logger.py:11} INFO - Get LATEST chromedriver version for google-chrome
[2024-02-20T09:44:24.310+0900] {logger.py:11} INFO - Driver [/home/ubuntu/.wdm/drivers/chromedriver/linux64/121.0.6167.184/chromedriver-linux64/chromedriver] found in cache
[2024-02-20T09:44:24.986+0900] {Naver_News_Collect.py:118} INFO - 접속완료
[2024-02-20T09:44:25.724+0900] {Naver_News_Collect.py:121} INFO - 42 Start
[2024-02-20T09:44:48.053+0900] {Naver_News_Collect.py:157} INFO - 43 End
[2024-02-20T09:44:50.056+0900] {logger.py:11} INFO - ====== WebDriver manager ======
[2024-02-20T09:44:50.136+0900] {logger.py:11} INFO - Get LATEST chromedriver version for google-chrome
[2024-02-20T09:44:50.218+0900] {logger.py:11} INFO - Get LATEST chromedriver version for google-chrome
[2024-02-20T09:44:50.298+0900] {logger.py:11} INFO - Driver [/home/ubuntu/.wdm/drivers/chromedriver/linux64/121.0.6167.184/chromedriver-linux64/chromedriver] found in cache
[2024-02-20T09:44:50.972+0900] {Naver_News_Collect.py:118} INFO - 접속완료
[2024-02-20T09:44:52.009+0900] {Naver_News_Collect.py:121} INFO - 43 Start
[2024-02-20T09:45:14.738+0900] {Naver_News_Collect.py:157} INFO - 44 End
[2024-02-20T09:45:17.741+0900] {logger.py:11} INFO - ====== WebDriver manager ======
[2024-02-20T09:45:17.823+0900] {logger.py:11} INFO - Get LATEST chromedriver version for google-chrome
[2024-02-20T09:45:17.904+0900] {logger.py:11} INFO - Get LATEST chromedriver version for google-chrome
[2024-02-20T09:45:17.986+0900] {logger.py:11} INFO - Driver [/home/ubuntu/.wdm/drivers/chromedriver/linux64/121.0.6167.184/chromedriver-linux64/chromedriver] found in cache
[2024-02-20T09:45:18.670+0900] {Naver_News_Collect.py:118} INFO - 접속완료
[2024-02-20T09:45:19.706+0900] {Naver_News_Collect.py:121} INFO - 44 Start
[2024-02-20T09:45:33.009+0900] {Naver_News_Collect.py:157} INFO - 45 End
[2024-02-20T09:45:36.012+0900] {logger.py:11} INFO - ====== WebDriver manager ======
[2024-02-20T09:45:36.093+0900] {logger.py:11} INFO - Get LATEST chromedriver version for google-chrome
[2024-02-20T09:45:36.175+0900] {logger.py:11} INFO - Get LATEST chromedriver version for google-chrome
[2024-02-20T09:45:36.256+0900] {logger.py:11} INFO - Driver [/home/ubuntu/.wdm/drivers/chromedriver/linux64/121.0.6167.184/chromedriver-linux64/chromedriver] found in cache
[2024-02-20T09:45:36.929+0900] {Naver_News_Collect.py:118} INFO - 접속완료
[2024-02-20T09:45:37.956+0900] {Naver_News_Collect.py:121} INFO - 45 Start
[2024-02-20T09:45:51.160+0900] {Naver_News_Collect.py:157} INFO - 46 End
[2024-02-20T09:45:54.163+0900] {logger.py:11} INFO - ====== WebDriver manager ======
[2024-02-20T09:45:54.245+0900] {logger.py:11} INFO - Get LATEST chromedriver version for google-chrome
[2024-02-20T09:45:54.326+0900] {logger.py:11} INFO - Get LATEST chromedriver version for google-chrome
[2024-02-20T09:45:54.407+0900] {logger.py:11} INFO - Driver [/home/ubuntu/.wdm/drivers/chromedriver/linux64/121.0.6167.184/chromedriver-linux64/chromedriver] found in cache
[2024-02-20T09:45:55.081+0900] {Naver_News_Collect.py:118} INFO - 접속완료
[2024-02-20T09:45:55.824+0900] {Naver_News_Collect.py:121} INFO - 46 Start
[2024-02-20T09:46:08.390+0900] {Naver_News_Collect.py:157} INFO - 47 End
[2024-02-20T09:46:10.392+0900] {logger.py:11} INFO - ====== WebDriver manager ======
[2024-02-20T09:46:10.474+0900] {logger.py:11} INFO - Get LATEST chromedriver version for google-chrome
[2024-02-20T09:46:10.556+0900] {logger.py:11} INFO - Get LATEST chromedriver version for google-chrome
[2024-02-20T09:46:10.637+0900] {logger.py:11} INFO - Driver [/home/ubuntu/.wdm/drivers/chromedriver/linux64/121.0.6167.184/chromedriver-linux64/chromedriver] found in cache
[2024-02-20T09:46:11.301+0900] {Naver_News_Collect.py:118} INFO - 접속완료
[2024-02-20T09:46:12.301+0900] {Naver_News_Collect.py:121} INFO - 47 Start
[2024-02-20T09:46:35.078+0900] {Naver_News_Collect.py:157} INFO - 48 End
[2024-02-20T09:46:37.080+0900] {logger.py:11} INFO - ====== WebDriver manager ======
[2024-02-20T09:46:37.161+0900] {logger.py:11} INFO - Get LATEST chromedriver version for google-chrome
[2024-02-20T09:46:37.242+0900] {logger.py:11} INFO - Get LATEST chromedriver version for google-chrome
[2024-02-20T09:46:37.323+0900] {logger.py:11} INFO - Driver [/home/ubuntu/.wdm/drivers/chromedriver/linux64/121.0.6167.184/chromedriver-linux64/chromedriver] found in cache
[2024-02-20T09:46:37.995+0900] {Naver_News_Collect.py:118} INFO - 접속완료
[2024-02-20T09:46:39.016+0900] {Naver_News_Collect.py:121} INFO - 48 Start
[2024-02-20T09:47:01.688+0900] {Naver_News_Collect.py:157} INFO - 49 End
[2024-02-20T09:47:04.692+0900] {logger.py:11} INFO - ====== WebDriver manager ======
[2024-02-20T09:47:04.774+0900] {logger.py:11} INFO - Get LATEST chromedriver version for google-chrome
[2024-02-20T09:47:04.855+0900] {logger.py:11} INFO - Get LATEST chromedriver version for google-chrome
[2024-02-20T09:47:04.935+0900] {logger.py:11} INFO - Driver [/home/ubuntu/.wdm/drivers/chromedriver/linux64/121.0.6167.184/chromedriver-linux64/chromedriver] found in cache
[2024-02-20T09:47:05.593+0900] {Naver_News_Collect.py:118} INFO - 접속완료
[2024-02-20T09:47:06.614+0900] {Naver_News_Collect.py:121} INFO - 49 Start
[2024-02-20T09:47:19.994+0900] {Naver_News_Collect.py:157} INFO - 50 End
[2024-02-20T09:47:22.998+0900] {logger.py:11} INFO - ====== WebDriver manager ======
[2024-02-20T09:47:23.079+0900] {logger.py:11} INFO - Get LATEST chromedriver version for google-chrome
[2024-02-20T09:47:23.164+0900] {logger.py:11} INFO - Get LATEST chromedriver version for google-chrome
[2024-02-20T09:47:23.246+0900] {logger.py:11} INFO - Driver [/home/ubuntu/.wdm/drivers/chromedriver/linux64/121.0.6167.184/chromedriver-linux64/chromedriver] found in cache
[2024-02-20T09:47:23.901+0900] {Naver_News_Collect.py:118} INFO - 접속완료
[2024-02-20T09:47:24.931+0900] {Naver_News_Collect.py:121} INFO - 50 Start
[2024-02-20T09:48:36.910+0900] {Naver_News_Collect.py:157} INFO - 51 End
[2024-02-20T09:48:39.913+0900] {logger.py:11} INFO - ====== WebDriver manager ======
[2024-02-20T09:48:39.994+0900] {logger.py:11} INFO - Get LATEST chromedriver version for google-chrome
[2024-02-20T09:48:40.077+0900] {logger.py:11} INFO - Get LATEST chromedriver version for google-chrome
[2024-02-20T09:48:40.157+0900] {logger.py:11} INFO - Driver [/home/ubuntu/.wdm/drivers/chromedriver/linux64/121.0.6167.184/chromedriver-linux64/chromedriver] found in cache
[2024-02-20T09:48:40.808+0900] {Naver_News_Collect.py:118} INFO - 접속완료
[2024-02-20T09:49:10.892+0900] {Naver_News_Collect.py:121} INFO - 51 Start
[2024-02-20T09:49:20.960+0900] {Naver_News_Collect.py:157} INFO - 51 End
[2024-02-20T09:49:23.964+0900] {logger.py:11} INFO - ====== WebDriver manager ======
[2024-02-20T09:49:24.046+0900] {logger.py:11} INFO - Get LATEST chromedriver version for google-chrome
[2024-02-20T09:49:24.129+0900] {logger.py:11} INFO - Get LATEST chromedriver version for google-chrome
[2024-02-20T09:49:24.209+0900] {logger.py:11} INFO - Driver [/home/ubuntu/.wdm/drivers/chromedriver/linux64/121.0.6167.184/chromedriver-linux64/chromedriver] found in cache
[2024-02-20T09:49:24.879+0900] {Naver_News_Collect.py:118} INFO - 접속완료
[2024-02-20T09:49:54.963+0900] {Naver_News_Collect.py:121} INFO - 51 Start
[2024-02-20T09:50:05.036+0900] {Naver_News_Collect.py:157} INFO - 51 End
[2024-02-20T09:50:08.039+0900] {logger.py:11} INFO - ====== WebDriver manager ======
[2024-02-20T09:50:08.122+0900] {logger.py:11} INFO - Get LATEST chromedriver version for google-chrome
[2024-02-20T09:50:08.202+0900] {logger.py:11} INFO - Get LATEST chromedriver version for google-chrome
[2024-02-20T09:50:08.283+0900] {logger.py:11} INFO - Driver [/home/ubuntu/.wdm/drivers/chromedriver/linux64/121.0.6167.184/chromedriver-linux64/chromedriver] found in cache
[2024-02-20T09:50:08.957+0900] {Naver_News_Collect.py:118} INFO - 접속완료
[2024-02-20T09:50:10.065+0900] {Naver_News_Collect.py:121} INFO - 51 Start
[2024-02-20T09:50:33.026+0900] {Naver_News_Collect.py:157} INFO - 52 End
[2024-02-20T09:50:36.029+0900] {logger.py:11} INFO - ====== WebDriver manager ======
[2024-02-20T09:50:36.112+0900] {logger.py:11} INFO - Get LATEST chromedriver version for google-chrome
[2024-02-20T09:50:36.194+0900] {logger.py:11} INFO - Get LATEST chromedriver version for google-chrome
[2024-02-20T09:50:36.276+0900] {logger.py:11} INFO - Driver [/home/ubuntu/.wdm/drivers/chromedriver/linux64/121.0.6167.184/chromedriver-linux64/chromedriver] found in cache
[2024-02-20T09:50:36.950+0900] {Naver_News_Collect.py:118} INFO - 접속완료
[2024-02-20T09:50:37.931+0900] {Naver_News_Collect.py:121} INFO - 52 Start
[2024-02-20T09:51:00.748+0900] {Naver_News_Collect.py:157} INFO - 53 End
[2024-02-20T09:51:03.752+0900] {logger.py:11} INFO - ====== WebDriver manager ======
[2024-02-20T09:51:03.835+0900] {logger.py:11} INFO - Get LATEST chromedriver version for google-chrome
[2024-02-20T09:51:03.917+0900] {logger.py:11} INFO - Get LATEST chromedriver version for google-chrome
[2024-02-20T09:51:04.000+0900] {logger.py:11} INFO - Driver [/home/ubuntu/.wdm/drivers/chromedriver/linux64/121.0.6167.184/chromedriver-linux64/chromedriver] found in cache
[2024-02-20T09:51:04.693+0900] {Naver_News_Collect.py:118} INFO - 접속완료
[2024-02-20T09:51:05.739+0900] {Naver_News_Collect.py:121} INFO - 53 Start
[2024-02-20T09:51:28.613+0900] {Naver_News_Collect.py:157} INFO - 54 End
[2024-02-20T09:51:31.617+0900] {logger.py:11} INFO - ====== WebDriver manager ======
[2024-02-20T09:51:31.697+0900] {logger.py:11} INFO - Get LATEST chromedriver version for google-chrome
[2024-02-20T09:51:31.778+0900] {logger.py:11} INFO - Get LATEST chromedriver version for google-chrome
[2024-02-20T09:51:31.860+0900] {logger.py:11} INFO - Driver [/home/ubuntu/.wdm/drivers/chromedriver/linux64/121.0.6167.184/chromedriver-linux64/chromedriver] found in cache
[2024-02-20T09:51:32.520+0900] {Naver_News_Collect.py:118} INFO - 접속완료
[2024-02-20T09:51:33.519+0900] {Naver_News_Collect.py:121} INFO - 54 Start
[2024-02-20T09:51:56.304+0900] {Naver_News_Collect.py:157} INFO - 55 End
[2024-02-20T09:51:58.307+0900] {logger.py:11} INFO - ====== WebDriver manager ======
[2024-02-20T09:51:58.386+0900] {logger.py:11} INFO - Get LATEST chromedriver version for google-chrome
[2024-02-20T09:51:58.467+0900] {logger.py:11} INFO - Get LATEST chromedriver version for google-chrome
[2024-02-20T09:51:58.548+0900] {logger.py:11} INFO - Driver [/home/ubuntu/.wdm/drivers/chromedriver/linux64/121.0.6167.184/chromedriver-linux64/chromedriver] found in cache
[2024-02-20T09:51:59.221+0900] {Naver_News_Collect.py:118} INFO - 접속완료
[2024-02-20T09:52:29.306+0900] {Naver_News_Collect.py:121} INFO - 55 Start
[2024-02-20T09:52:39.385+0900] {Naver_News_Collect.py:157} INFO - 55 End
[2024-02-20T09:52:41.387+0900] {logger.py:11} INFO - ====== WebDriver manager ======
[2024-02-20T09:52:41.469+0900] {logger.py:11} INFO - Get LATEST chromedriver version for google-chrome
[2024-02-20T09:52:41.554+0900] {logger.py:11} INFO - Get LATEST chromedriver version for google-chrome
[2024-02-20T09:52:41.635+0900] {logger.py:11} INFO - Driver [/home/ubuntu/.wdm/drivers/chromedriver/linux64/121.0.6167.184/chromedriver-linux64/chromedriver] found in cache
[2024-02-20T09:52:42.293+0900] {Naver_News_Collect.py:118} INFO - 접속완료
[2024-02-20T09:52:43.271+0900] {Naver_News_Collect.py:121} INFO - 55 Start
[2024-02-20T09:53:06.043+0900] {Naver_News_Collect.py:157} INFO - 56 End
[2024-02-20T09:53:08.045+0900] {logger.py:11} INFO - ====== WebDriver manager ======
[2024-02-20T09:53:08.127+0900] {logger.py:11} INFO - Get LATEST chromedriver version for google-chrome
[2024-02-20T09:53:08.208+0900] {logger.py:11} INFO - Get LATEST chromedriver version for google-chrome
[2024-02-20T09:53:08.289+0900] {logger.py:11} INFO - Driver [/home/ubuntu/.wdm/drivers/chromedriver/linux64/121.0.6167.184/chromedriver-linux64/chromedriver] found in cache
[2024-02-20T09:53:08.964+0900] {Naver_News_Collect.py:118} INFO - 접속완료
[2024-02-20T09:53:09.931+0900] {Naver_News_Collect.py:121} INFO - 56 Start
[2024-02-20T09:54:06.594+0900] {Naver_News_Collect.py:157} INFO - 57 End
[2024-02-20T09:54:09.598+0900] {logger.py:11} INFO - ====== WebDriver manager ======
[2024-02-20T09:54:09.678+0900] {logger.py:11} INFO - Get LATEST chromedriver version for google-chrome
[2024-02-20T09:54:09.760+0900] {logger.py:11} INFO - Get LATEST chromedriver version for google-chrome
[2024-02-20T09:54:09.840+0900] {logger.py:11} INFO - Driver [/home/ubuntu/.wdm/drivers/chromedriver/linux64/121.0.6167.184/chromedriver-linux64/chromedriver] found in cache
[2024-02-20T09:54:10.514+0900] {Naver_News_Collect.py:118} INFO - 접속완료
[2024-02-20T09:54:11.510+0900] {Naver_News_Collect.py:121} INFO - 57 Start
[2024-02-20T09:54:34.299+0900] {Naver_News_Collect.py:157} INFO - 58 End
[2024-02-20T09:54:37.302+0900] {logger.py:11} INFO - ====== WebDriver manager ======
[2024-02-20T09:54:37.383+0900] {logger.py:11} INFO - Get LATEST chromedriver version for google-chrome
[2024-02-20T09:54:37.464+0900] {logger.py:11} INFO - Get LATEST chromedriver version for google-chrome
[2024-02-20T09:54:37.544+0900] {logger.py:11} INFO - Driver [/home/ubuntu/.wdm/drivers/chromedriver/linux64/121.0.6167.184/chromedriver-linux64/chromedriver] found in cache
[2024-02-20T09:54:38.218+0900] {Naver_News_Collect.py:118} INFO - 접속완료
[2024-02-20T09:54:39.281+0900] {Naver_News_Collect.py:121} INFO - 58 Start
[2024-02-20T09:55:02.215+0900] {Naver_News_Collect.py:157} INFO - 59 End
[2024-02-20T09:55:04.217+0900] {logger.py:11} INFO - ====== WebDriver manager ======
[2024-02-20T09:55:04.298+0900] {logger.py:11} INFO - Get LATEST chromedriver version for google-chrome
[2024-02-20T09:55:04.380+0900] {logger.py:11} INFO - Get LATEST chromedriver version for google-chrome
[2024-02-20T09:55:04.461+0900] {logger.py:11} INFO - Driver [/home/ubuntu/.wdm/drivers/chromedriver/linux64/121.0.6167.184/chromedriver-linux64/chromedriver] found in cache
[2024-02-20T09:55:05.129+0900] {Naver_News_Collect.py:118} INFO - 접속완료
[2024-02-20T09:55:06.142+0900] {Naver_News_Collect.py:121} INFO - 59 Start
[2024-02-20T09:55:19.266+0900] {Naver_News_Collect.py:157} INFO - 60 End
[2024-02-20T09:55:21.269+0900] {logger.py:11} INFO - ====== WebDriver manager ======
[2024-02-20T09:55:21.350+0900] {logger.py:11} INFO - Get LATEST chromedriver version for google-chrome
[2024-02-20T09:55:21.432+0900] {logger.py:11} INFO - Get LATEST chromedriver version for google-chrome
[2024-02-20T09:55:21.513+0900] {logger.py:11} INFO - Driver [/home/ubuntu/.wdm/drivers/chromedriver/linux64/121.0.6167.184/chromedriver-linux64/chromedriver] found in cache
[2024-02-20T09:55:22.177+0900] {Naver_News_Collect.py:118} INFO - 접속완료
[2024-02-20T09:55:52.259+0900] {Naver_News_Collect.py:121} INFO - 60 Start
[2024-02-20T09:56:02.343+0900] {Naver_News_Collect.py:157} INFO - 60 End
[2024-02-20T09:56:04.346+0900] {logger.py:11} INFO - ====== WebDriver manager ======
[2024-02-20T09:56:04.427+0900] {logger.py:11} INFO - Get LATEST chromedriver version for google-chrome
[2024-02-20T09:56:04.510+0900] {logger.py:11} INFO - Get LATEST chromedriver version for google-chrome
[2024-02-20T09:56:04.591+0900] {logger.py:11} INFO - Driver [/home/ubuntu/.wdm/drivers/chromedriver/linux64/121.0.6167.184/chromedriver-linux64/chromedriver] found in cache
[2024-02-20T09:56:05.264+0900] {Naver_News_Collect.py:118} INFO - 접속완료
[2024-02-20T09:56:06.271+0900] {Naver_News_Collect.py:121} INFO - 60 Start
[2024-02-20T09:56:19.170+0900] {Naver_News_Collect.py:157} INFO - 61 End
[2024-02-20T09:56:22.173+0900] {logger.py:11} INFO - ====== WebDriver manager ======
[2024-02-20T09:56:22.254+0900] {logger.py:11} INFO - Get LATEST chromedriver version for google-chrome
[2024-02-20T09:56:22.335+0900] {logger.py:11} INFO - Get LATEST chromedriver version for google-chrome
[2024-02-20T09:56:22.415+0900] {logger.py:11} INFO - Driver [/home/ubuntu/.wdm/drivers/chromedriver/linux64/121.0.6167.184/chromedriver-linux64/chromedriver] found in cache
[2024-02-20T09:56:23.092+0900] {Naver_News_Collect.py:118} INFO - 접속완료
[2024-02-20T09:56:53.175+0900] {Naver_News_Collect.py:121} INFO - 61 Start
[2024-02-20T09:57:03.285+0900] {Naver_News_Collect.py:157} INFO - 61 End
[2024-02-20T09:57:06.289+0900] {logger.py:11} INFO - ====== WebDriver manager ======
[2024-02-20T09:57:06.373+0900] {logger.py:11} INFO - Get LATEST chromedriver version for google-chrome
[2024-02-20T09:57:06.455+0900] {logger.py:11} INFO - Get LATEST chromedriver version for google-chrome
[2024-02-20T09:57:06.536+0900] {logger.py:11} INFO - Driver [/home/ubuntu/.wdm/drivers/chromedriver/linux64/121.0.6167.184/chromedriver-linux64/chromedriver] found in cache
[2024-02-20T09:57:07.211+0900] {Naver_News_Collect.py:118} INFO - 접속완료
[2024-02-20T09:57:08.201+0900] {Naver_News_Collect.py:121} INFO - 61 Start
[2024-02-20T09:57:31.034+0900] {Naver_News_Collect.py:157} INFO - 62 End
[2024-02-20T09:57:33.036+0900] {logger.py:11} INFO - ====== WebDriver manager ======
[2024-02-20T09:57:33.117+0900] {logger.py:11} INFO - Get LATEST chromedriver version for google-chrome
[2024-02-20T09:57:33.198+0900] {logger.py:11} INFO - Get LATEST chromedriver version for google-chrome
[2024-02-20T09:57:33.280+0900] {logger.py:11} INFO - Driver [/home/ubuntu/.wdm/drivers/chromedriver/linux64/121.0.6167.184/chromedriver-linux64/chromedriver] found in cache
[2024-02-20T09:57:33.954+0900] {Naver_News_Collect.py:118} INFO - 접속완료
[2024-02-20T09:58:04.033+0900] {Naver_News_Collect.py:121} INFO - 62 Start
[2024-02-20T09:58:14.099+0900] {Naver_News_Collect.py:157} INFO - 62 End
[2024-02-20T09:58:16.102+0900] {logger.py:11} INFO - ====== WebDriver manager ======
[2024-02-20T09:58:16.183+0900] {logger.py:11} INFO - Get LATEST chromedriver version for google-chrome
[2024-02-20T09:58:16.265+0900] {logger.py:11} INFO - Get LATEST chromedriver version for google-chrome
[2024-02-20T09:58:16.346+0900] {logger.py:11} INFO - Driver [/home/ubuntu/.wdm/drivers/chromedriver/linux64/121.0.6167.184/chromedriver-linux64/chromedriver] found in cache
[2024-02-20T09:58:17.008+0900] {Naver_News_Collect.py:118} INFO - 접속완료
[2024-02-20T09:58:18.007+0900] {Naver_News_Collect.py:121} INFO - 62 Start
[2024-02-20T09:58:40.754+0900] {Naver_News_Collect.py:157} INFO - 63 End
[2024-02-20T09:58:43.757+0900] {logger.py:11} INFO - ====== WebDriver manager ======
[2024-02-20T09:58:43.839+0900] {logger.py:11} INFO - Get LATEST chromedriver version for google-chrome
[2024-02-20T09:58:43.922+0900] {logger.py:11} INFO - Get LATEST chromedriver version for google-chrome
[2024-02-20T09:58:44.003+0900] {logger.py:11} INFO - Driver [/home/ubuntu/.wdm/drivers/chromedriver/linux64/121.0.6167.184/chromedriver-linux64/chromedriver] found in cache
[2024-02-20T09:58:44.677+0900] {Naver_News_Collect.py:118} INFO - 접속완료
[2024-02-20T09:58:45.669+0900] {Naver_News_Collect.py:121} INFO - 63 Start
[2024-02-20T09:59:08.454+0900] {Naver_News_Collect.py:157} INFO - 64 End
[2024-02-20T09:59:10.455+0900] {logger.py:11} INFO - ====== WebDriver manager ======
[2024-02-20T09:59:10.535+0900] {logger.py:11} INFO - Get LATEST chromedriver version for google-chrome
[2024-02-20T09:59:10.617+0900] {logger.py:11} INFO - Get LATEST chromedriver version for google-chrome
[2024-02-20T09:59:10.698+0900] {logger.py:11} INFO - Driver [/home/ubuntu/.wdm/drivers/chromedriver/linux64/121.0.6167.184/chromedriver-linux64/chromedriver] found in cache
[2024-02-20T09:59:11.351+0900] {Naver_News_Collect.py:118} INFO - 접속완료
[2024-02-20T09:59:12.371+0900] {Naver_News_Collect.py:121} INFO - 64 Start
[2024-02-20T09:59:25.265+0900] {Naver_News_Collect.py:157} INFO - 65 End
[2024-02-20T09:59:28.268+0900] {logger.py:11} INFO - ====== WebDriver manager ======
[2024-02-20T09:59:28.349+0900] {logger.py:11} INFO - Get LATEST chromedriver version for google-chrome
[2024-02-20T09:59:28.431+0900] {logger.py:11} INFO - Get LATEST chromedriver version for google-chrome
[2024-02-20T09:59:28.511+0900] {logger.py:11} INFO - Driver [/home/ubuntu/.wdm/drivers/chromedriver/linux64/121.0.6167.184/chromedriver-linux64/chromedriver] found in cache
[2024-02-20T09:59:29.184+0900] {Naver_News_Collect.py:118} INFO - 접속완료
[2024-02-20T09:59:30.188+0900] {Naver_News_Collect.py:121} INFO - 65 Start
[2024-02-20T09:59:43.190+0900] {Naver_News_Collect.py:157} INFO - 66 End
[2024-02-20T09:59:46.194+0900] {logger.py:11} INFO - ====== WebDriver manager ======
[2024-02-20T09:59:46.280+0900] {logger.py:11} INFO - Get LATEST chromedriver version for google-chrome
[2024-02-20T09:59:46.362+0900] {logger.py:11} INFO - Get LATEST chromedriver version for google-chrome
[2024-02-20T09:59:46.443+0900] {logger.py:11} INFO - Driver [/home/ubuntu/.wdm/drivers/chromedriver/linux64/121.0.6167.184/chromedriver-linux64/chromedriver] found in cache
[2024-02-20T09:59:47.116+0900] {Naver_News_Collect.py:118} INFO - 접속완료
[2024-02-20T09:59:48.070+0900] {Naver_News_Collect.py:121} INFO - 66 Start
[2024-02-20T10:00:10.826+0900] {Naver_News_Collect.py:157} INFO - 67 End
[2024-02-20T10:00:13.830+0900] {logger.py:11} INFO - ====== WebDriver manager ======
[2024-02-20T10:00:13.914+0900] {logger.py:11} INFO - Get LATEST chromedriver version for google-chrome
[2024-02-20T10:00:13.997+0900] {logger.py:11} INFO - Get LATEST chromedriver version for google-chrome
[2024-02-20T10:00:14.079+0900] {logger.py:11} INFO - Driver [/home/ubuntu/.wdm/drivers/chromedriver/linux64/121.0.6167.184/chromedriver-linux64/chromedriver] found in cache
[2024-02-20T10:00:14.753+0900] {Naver_News_Collect.py:118} INFO - 접속완료
[2024-02-20T10:00:15.473+0900] {Naver_News_Collect.py:121} INFO - 67 Start
[2024-02-20T10:00:38.047+0900] {Naver_News_Collect.py:157} INFO - 68 End
[2024-02-20T10:00:40.050+0900] {logger.py:11} INFO - ====== WebDriver manager ======
[2024-02-20T10:00:40.133+0900] {logger.py:11} INFO - Get LATEST chromedriver version for google-chrome
[2024-02-20T10:00:40.216+0900] {logger.py:11} INFO - Get LATEST chromedriver version for google-chrome
[2024-02-20T10:00:40.297+0900] {logger.py:11} INFO - Driver [/home/ubuntu/.wdm/drivers/chromedriver/linux64/121.0.6167.184/chromedriver-linux64/chromedriver] found in cache
[2024-02-20T10:00:40.951+0900] {Naver_News_Collect.py:118} INFO - 접속완료
[2024-02-20T10:00:41.989+0900] {Naver_News_Collect.py:121} INFO - 68 Start
[2024-02-20T10:01:04.815+0900] {Naver_News_Collect.py:157} INFO - 69 End
[2024-02-20T10:01:07.819+0900] {logger.py:11} INFO - ====== WebDriver manager ======
[2024-02-20T10:01:07.900+0900] {logger.py:11} INFO - Get LATEST chromedriver version for google-chrome
[2024-02-20T10:01:07.982+0900] {logger.py:11} INFO - Get LATEST chromedriver version for google-chrome
[2024-02-20T10:01:08.067+0900] {logger.py:11} INFO - Driver [/home/ubuntu/.wdm/drivers/chromedriver/linux64/121.0.6167.184/chromedriver-linux64/chromedriver] found in cache
[2024-02-20T10:01:08.752+0900] {Naver_News_Collect.py:118} INFO - 접속완료
[2024-02-20T10:01:09.824+0900] {Naver_News_Collect.py:121} INFO - 69 Start
[2024-02-20T10:01:32.589+0900] {Naver_News_Collect.py:157} INFO - 70 End
[2024-02-20T10:01:34.591+0900] {logger.py:11} INFO - ====== WebDriver manager ======
[2024-02-20T10:01:34.672+0900] {logger.py:11} INFO - Get LATEST chromedriver version for google-chrome
[2024-02-20T10:01:34.754+0900] {logger.py:11} INFO - Get LATEST chromedriver version for google-chrome
[2024-02-20T10:01:34.834+0900] {logger.py:11} INFO - Driver [/home/ubuntu/.wdm/drivers/chromedriver/linux64/121.0.6167.184/chromedriver-linux64/chromedriver] found in cache
[2024-02-20T10:01:35.503+0900] {Naver_News_Collect.py:118} INFO - 접속완료
[2024-02-20T10:01:36.476+0900] {Naver_News_Collect.py:121} INFO - 70 Start
[2024-02-20T10:01:59.303+0900] {Naver_News_Collect.py:157} INFO - 71 End
[2024-02-20T10:02:01.306+0900] {logger.py:11} INFO - ====== WebDriver manager ======
[2024-02-20T10:02:01.388+0900] {logger.py:11} INFO - Get LATEST chromedriver version for google-chrome
[2024-02-20T10:02:01.469+0900] {logger.py:11} INFO - Get LATEST chromedriver version for google-chrome
[2024-02-20T10:02:01.551+0900] {logger.py:11} INFO - Driver [/home/ubuntu/.wdm/drivers/chromedriver/linux64/121.0.6167.184/chromedriver-linux64/chromedriver] found in cache
[2024-02-20T10:02:02.221+0900] {Naver_News_Collect.py:118} INFO - 접속완료
[2024-02-20T10:02:03.279+0900] {Naver_News_Collect.py:121} INFO - 71 Start
[2024-02-20T10:02:16.116+0900] {Naver_News_Collect.py:157} INFO - 72 End
[2024-02-20T10:02:18.118+0900] {logger.py:11} INFO - ====== WebDriver manager ======
[2024-02-20T10:02:18.199+0900] {logger.py:11} INFO - Get LATEST chromedriver version for google-chrome
[2024-02-20T10:02:18.280+0900] {logger.py:11} INFO - Get LATEST chromedriver version for google-chrome
[2024-02-20T10:02:18.362+0900] {logger.py:11} INFO - Driver [/home/ubuntu/.wdm/drivers/chromedriver/linux64/121.0.6167.184/chromedriver-linux64/chromedriver] found in cache
[2024-02-20T10:02:19.036+0900] {Naver_News_Collect.py:118} INFO - 접속완료
[2024-02-20T10:02:20.009+0900] {Naver_News_Collect.py:121} INFO - 72 Start
[2024-02-20T10:02:43.847+0900] {Naver_News_Collect.py:157} INFO - 73 End
[2024-02-20T10:02:45.850+0900] {logger.py:11} INFO - ====== WebDriver manager ======
[2024-02-20T10:02:45.931+0900] {logger.py:11} INFO - Get LATEST chromedriver version for google-chrome
[2024-02-20T10:02:46.013+0900] {logger.py:11} INFO - Get LATEST chromedriver version for google-chrome
[2024-02-20T10:02:46.093+0900] {logger.py:11} INFO - Driver [/home/ubuntu/.wdm/drivers/chromedriver/linux64/121.0.6167.184/chromedriver-linux64/chromedriver] found in cache
[2024-02-20T10:02:46.757+0900] {Naver_News_Collect.py:118} INFO - 접속완료
[2024-02-20T10:03:16.842+0900] {Naver_News_Collect.py:121} INFO - 73 Start
[2024-02-20T10:03:26.913+0900] {Naver_News_Collect.py:157} INFO - 73 End
[2024-02-20T10:03:29.917+0900] {logger.py:11} INFO - ====== WebDriver manager ======
[2024-02-20T10:03:29.998+0900] {logger.py:11} INFO - Get LATEST chromedriver version for google-chrome
[2024-02-20T10:03:30.083+0900] {logger.py:11} INFO - Get LATEST chromedriver version for google-chrome
[2024-02-20T10:03:30.165+0900] {logger.py:11} INFO - Driver [/home/ubuntu/.wdm/drivers/chromedriver/linux64/121.0.6167.184/chromedriver-linux64/chromedriver] found in cache
[2024-02-20T10:03:30.838+0900] {Naver_News_Collect.py:118} INFO - 접속완료
[2024-02-20T10:03:31.821+0900] {Naver_News_Collect.py:121} INFO - 73 Start
[2024-02-20T10:03:54.586+0900] {Naver_News_Collect.py:157} INFO - 74 End
[2024-02-20T10:03:57.589+0900] {logger.py:11} INFO - ====== WebDriver manager ======
[2024-02-20T10:03:57.670+0900] {logger.py:11} INFO - Get LATEST chromedriver version for google-chrome
[2024-02-20T10:03:57.751+0900] {logger.py:11} INFO - Get LATEST chromedriver version for google-chrome
[2024-02-20T10:03:57.833+0900] {logger.py:11} INFO - Driver [/home/ubuntu/.wdm/drivers/chromedriver/linux64/121.0.6167.184/chromedriver-linux64/chromedriver] found in cache
[2024-02-20T10:03:58.508+0900] {Naver_News_Collect.py:118} INFO - 접속완료
[2024-02-20T10:03:59.562+0900] {Naver_News_Collect.py:121} INFO - 74 Start
[2024-02-20T10:04:12.514+0900] {Naver_News_Collect.py:157} INFO - 75 End
[2024-02-20T10:04:15.518+0900] {logger.py:11} INFO - ====== WebDriver manager ======
[2024-02-20T10:04:15.600+0900] {logger.py:11} INFO - Get LATEST chromedriver version for google-chrome
[2024-02-20T10:04:15.682+0900] {logger.py:11} INFO - Get LATEST chromedriver version for google-chrome
[2024-02-20T10:04:15.763+0900] {logger.py:11} INFO - Driver [/home/ubuntu/.wdm/drivers/chromedriver/linux64/121.0.6167.184/chromedriver-linux64/chromedriver] found in cache
[2024-02-20T10:04:16.437+0900] {Naver_News_Collect.py:118} INFO - 접속완료
[2024-02-20T10:04:17.437+0900] {Naver_News_Collect.py:121} INFO - 75 Start
[2024-02-20T10:04:40.294+0900] {Naver_News_Collect.py:157} INFO - 76 End
[2024-02-20T10:04:42.297+0900] {logger.py:11} INFO - ====== WebDriver manager ======
[2024-02-20T10:04:42.377+0900] {logger.py:11} INFO - Get LATEST chromedriver version for google-chrome
[2024-02-20T10:04:42.459+0900] {logger.py:11} INFO - Get LATEST chromedriver version for google-chrome
[2024-02-20T10:04:42.541+0900] {logger.py:11} INFO - Driver [/home/ubuntu/.wdm/drivers/chromedriver/linux64/121.0.6167.184/chromedriver-linux64/chromedriver] found in cache
[2024-02-20T10:04:43.209+0900] {Naver_News_Collect.py:118} INFO - 접속완료
[2024-02-20T10:04:44.286+0900] {Naver_News_Collect.py:121} INFO - 76 Start
[2024-02-20T10:05:07.049+0900] {Naver_News_Collect.py:157} INFO - 77 End
[2024-02-20T10:05:10.053+0900] {logger.py:11} INFO - ====== WebDriver manager ======
[2024-02-20T10:05:10.136+0900] {logger.py:11} INFO - Get LATEST chromedriver version for google-chrome
[2024-02-20T10:05:10.218+0900] {logger.py:11} INFO - Get LATEST chromedriver version for google-chrome
[2024-02-20T10:05:10.299+0900] {logger.py:11} INFO - Driver [/home/ubuntu/.wdm/drivers/chromedriver/linux64/121.0.6167.184/chromedriver-linux64/chromedriver] found in cache
[2024-02-20T10:05:10.974+0900] {Naver_News_Collect.py:118} INFO - 접속완료
[2024-02-20T10:05:11.940+0900] {Naver_News_Collect.py:121} INFO - 77 Start
[2024-02-20T10:05:35.692+0900] {Naver_News_Collect.py:157} INFO - 78 End
[2024-02-20T10:05:37.695+0900] {logger.py:11} INFO - ====== WebDriver manager ======
[2024-02-20T10:05:37.777+0900] {logger.py:11} INFO - Get LATEST chromedriver version for google-chrome
[2024-02-20T10:05:37.859+0900] {logger.py:11} INFO - Get LATEST chromedriver version for google-chrome
[2024-02-20T10:05:37.941+0900] {logger.py:11} INFO - Driver [/home/ubuntu/.wdm/drivers/chromedriver/linux64/121.0.6167.184/chromedriver-linux64/chromedriver] found in cache
[2024-02-20T10:05:38.595+0900] {Naver_News_Collect.py:118} INFO - 접속완료
[2024-02-20T10:05:39.603+0900] {Naver_News_Collect.py:121} INFO - 78 Start
[2024-02-20T10:05:52.515+0900] {Naver_News_Collect.py:157} INFO - 79 End
[2024-02-20T10:05:54.518+0900] {logger.py:11} INFO - ====== WebDriver manager ======
[2024-02-20T10:05:54.600+0900] {logger.py:11} INFO - Get LATEST chromedriver version for google-chrome
[2024-02-20T10:05:54.682+0900] {logger.py:11} INFO - Get LATEST chromedriver version for google-chrome
[2024-02-20T10:05:54.763+0900] {logger.py:11} INFO - Driver [/home/ubuntu/.wdm/drivers/chromedriver/linux64/121.0.6167.184/chromedriver-linux64/chromedriver] found in cache
[2024-02-20T10:05:55.440+0900] {Naver_News_Collect.py:118} INFO - 접속완료
[2024-02-20T10:05:56.525+0900] {Naver_News_Collect.py:121} INFO - 79 Start
[2024-02-20T10:06:19.374+0900] {Naver_News_Collect.py:157} INFO - 80 End
[2024-02-20T10:06:22.378+0900] {logger.py:11} INFO - ====== WebDriver manager ======
[2024-02-20T10:06:22.458+0900] {logger.py:11} INFO - Get LATEST chromedriver version for google-chrome
[2024-02-20T10:06:22.540+0900] {logger.py:11} INFO - Get LATEST chromedriver version for google-chrome
[2024-02-20T10:06:22.622+0900] {logger.py:11} INFO - Driver [/home/ubuntu/.wdm/drivers/chromedriver/linux64/121.0.6167.184/chromedriver-linux64/chromedriver] found in cache
[2024-02-20T10:06:23.289+0900] {Naver_News_Collect.py:118} INFO - 접속완료
[2024-02-20T10:06:24.255+0900] {Naver_News_Collect.py:121} INFO - 80 Start
[2024-02-20T10:06:47.105+0900] {Naver_News_Collect.py:157} INFO - 81 End
[2024-02-20T10:06:49.108+0900] {logger.py:11} INFO - ====== WebDriver manager ======
[2024-02-20T10:06:49.189+0900] {logger.py:11} INFO - Get LATEST chromedriver version for google-chrome
[2024-02-20T10:06:49.270+0900] {logger.py:11} INFO - Get LATEST chromedriver version for google-chrome
[2024-02-20T10:06:49.351+0900] {logger.py:11} INFO - Driver [/home/ubuntu/.wdm/drivers/chromedriver/linux64/121.0.6167.184/chromedriver-linux64/chromedriver] found in cache
[2024-02-20T10:06:50.025+0900] {Naver_News_Collect.py:118} INFO - 접속완료
[2024-02-20T10:06:50.776+0900] {Naver_News_Collect.py:121} INFO - 81 Start
[2024-02-20T10:07:14.215+0900] {Naver_News_Collect.py:157} INFO - 82 End
[2024-02-20T10:07:17.219+0900] {logger.py:11} INFO - ====== WebDriver manager ======
[2024-02-20T10:07:17.302+0900] {logger.py:11} INFO - Get LATEST chromedriver version for google-chrome
[2024-02-20T10:07:17.385+0900] {logger.py:11} INFO - Get LATEST chromedriver version for google-chrome
[2024-02-20T10:07:17.467+0900] {logger.py:11} INFO - Driver [/home/ubuntu/.wdm/drivers/chromedriver/linux64/121.0.6167.184/chromedriver-linux64/chromedriver] found in cache
[2024-02-20T10:07:18.139+0900] {Naver_News_Collect.py:118} INFO - 접속완료
[2024-02-20T10:07:18.951+0900] {Naver_News_Collect.py:121} INFO - 82 Start
[2024-02-20T10:07:41.365+0900] {Naver_News_Collect.py:157} INFO - 83 End
[2024-02-20T10:07:43.368+0900] {logger.py:11} INFO - ====== WebDriver manager ======
[2024-02-20T10:07:43.449+0900] {logger.py:11} INFO - Get LATEST chromedriver version for google-chrome
[2024-02-20T10:07:43.530+0900] {logger.py:11} INFO - Get LATEST chromedriver version for google-chrome
[2024-02-20T10:07:43.611+0900] {logger.py:11} INFO - Driver [/home/ubuntu/.wdm/drivers/chromedriver/linux64/121.0.6167.184/chromedriver-linux64/chromedriver] found in cache
[2024-02-20T10:07:44.286+0900] {Naver_News_Collect.py:118} INFO - 접속완료
[2024-02-20T10:07:45.252+0900] {Naver_News_Collect.py:121} INFO - 83 Start
[2024-02-20T10:08:08.019+0900] {Naver_News_Collect.py:157} INFO - 84 End
[2024-02-20T10:08:10.022+0900] {logger.py:11} INFO - ====== WebDriver manager ======
[2024-02-20T10:08:10.104+0900] {logger.py:11} INFO - Get LATEST chromedriver version for google-chrome
[2024-02-20T10:08:10.187+0900] {logger.py:11} INFO - Get LATEST chromedriver version for google-chrome
[2024-02-20T10:08:10.269+0900] {logger.py:11} INFO - Driver [/home/ubuntu/.wdm/drivers/chromedriver/linux64/121.0.6167.184/chromedriver-linux64/chromedriver] found in cache
[2024-02-20T10:08:10.944+0900] {Naver_News_Collect.py:118} INFO - 접속완료
[2024-02-20T10:08:41.031+0900] {Naver_News_Collect.py:121} INFO - 84 Start
[2024-02-20T10:08:51.097+0900] {Naver_News_Collect.py:157} INFO - 84 End
[2024-02-20T10:08:53.099+0900] {logger.py:11} INFO - ====== WebDriver manager ======
[2024-02-20T10:08:53.181+0900] {logger.py:11} INFO - Get LATEST chromedriver version for google-chrome
[2024-02-20T10:08:53.265+0900] {logger.py:11} INFO - Get LATEST chromedriver version for google-chrome
[2024-02-20T10:08:53.346+0900] {logger.py:11} INFO - Driver [/home/ubuntu/.wdm/drivers/chromedriver/linux64/121.0.6167.184/chromedriver-linux64/chromedriver] found in cache
[2024-02-20T10:08:54.020+0900] {Naver_News_Collect.py:118} INFO - 접속완료
[2024-02-20T10:08:54.711+0900] {Naver_News_Collect.py:121} INFO - 84 Start
[2024-02-20T10:09:17.046+0900] {Naver_News_Collect.py:157} INFO - 85 End
[2024-02-20T10:09:19.049+0900] {logger.py:11} INFO - ====== WebDriver manager ======
[2024-02-20T10:09:19.131+0900] {logger.py:11} INFO - Get LATEST chromedriver version for google-chrome
[2024-02-20T10:09:19.212+0900] {logger.py:11} INFO - Get LATEST chromedriver version for google-chrome
[2024-02-20T10:09:19.293+0900] {logger.py:11} INFO - Driver [/home/ubuntu/.wdm/drivers/chromedriver/linux64/121.0.6167.184/chromedriver-linux64/chromedriver] found in cache
[2024-02-20T10:09:19.971+0900] {Naver_News_Collect.py:118} INFO - 접속완료
[2024-02-20T10:09:20.980+0900] {Naver_News_Collect.py:121} INFO - 85 Start
[2024-02-20T10:09:43.675+0900] {Naver_News_Collect.py:157} INFO - 86 End
[2024-02-20T10:09:45.678+0900] {logger.py:11} INFO - ====== WebDriver manager ======
[2024-02-20T10:09:45.759+0900] {logger.py:11} INFO - Get LATEST chromedriver version for google-chrome
[2024-02-20T10:09:45.841+0900] {logger.py:11} INFO - Get LATEST chromedriver version for google-chrome
[2024-02-20T10:09:45.922+0900] {logger.py:11} INFO - Driver [/home/ubuntu/.wdm/drivers/chromedriver/linux64/121.0.6167.184/chromedriver-linux64/chromedriver] found in cache
[2024-02-20T10:09:46.585+0900] {Naver_News_Collect.py:118} INFO - 접속완료
[2024-02-20T10:09:47.613+0900] {Naver_News_Collect.py:121} INFO - 86 Start
[2024-02-20T10:10:10.409+0900] {Naver_News_Collect.py:157} INFO - 87 End
[2024-02-20T10:10:13.413+0900] {logger.py:11} INFO - ====== WebDriver manager ======
[2024-02-20T10:10:13.493+0900] {logger.py:11} INFO - Get LATEST chromedriver version for google-chrome
[2024-02-20T10:10:13.574+0900] {logger.py:11} INFO - Get LATEST chromedriver version for google-chrome
[2024-02-20T10:10:13.654+0900] {logger.py:11} INFO - Driver [/home/ubuntu/.wdm/drivers/chromedriver/linux64/121.0.6167.184/chromedriver-linux64/chromedriver] found in cache
[2024-02-20T10:10:14.311+0900] {Naver_News_Collect.py:118} INFO - 접속완료
[2024-02-20T10:10:15.268+0900] {Naver_News_Collect.py:121} INFO - 87 Start
[2024-02-20T10:10:38.102+0900] {Naver_News_Collect.py:157} INFO - 88 End
[2024-02-20T10:10:40.105+0900] {logger.py:11} INFO - ====== WebDriver manager ======
[2024-02-20T10:10:40.187+0900] {logger.py:11} INFO - Get LATEST chromedriver version for google-chrome
[2024-02-20T10:10:40.268+0900] {logger.py:11} INFO - Get LATEST chromedriver version for google-chrome
[2024-02-20T10:10:40.349+0900] {logger.py:11} INFO - Driver [/home/ubuntu/.wdm/drivers/chromedriver/linux64/121.0.6167.184/chromedriver-linux64/chromedriver] found in cache
[2024-02-20T10:10:41.024+0900] {Naver_News_Collect.py:118} INFO - 접속완료
[2024-02-20T10:10:42.119+0900] {Naver_News_Collect.py:121} INFO - 88 Start
[2024-02-20T10:11:04.948+0900] {Naver_News_Collect.py:157} INFO - 89 End
[2024-02-20T10:11:07.952+0900] {logger.py:11} INFO - ====== WebDriver manager ======
[2024-02-20T10:11:08.034+0900] {logger.py:11} INFO - Get LATEST chromedriver version for google-chrome
[2024-02-20T10:11:08.115+0900] {logger.py:11} INFO - Get LATEST chromedriver version for google-chrome
[2024-02-20T10:11:08.197+0900] {logger.py:11} INFO - Driver [/home/ubuntu/.wdm/drivers/chromedriver/linux64/121.0.6167.184/chromedriver-linux64/chromedriver] found in cache
[2024-02-20T10:11:08.859+0900] {Naver_News_Collect.py:118} INFO - 접속완료
[2024-02-20T10:11:09.934+0900] {Naver_News_Collect.py:121} INFO - 89 Start
[2024-02-20T10:11:32.773+0900] {Naver_News_Collect.py:157} INFO - 90 End
[2024-02-20T10:11:35.776+0900] {logger.py:11} INFO - ====== WebDriver manager ======
[2024-02-20T10:11:35.857+0900] {logger.py:11} INFO - Get LATEST chromedriver version for google-chrome
[2024-02-20T10:11:35.938+0900] {logger.py:11} INFO - Get LATEST chromedriver version for google-chrome
[2024-02-20T10:11:36.019+0900] {logger.py:11} INFO - Driver [/home/ubuntu/.wdm/drivers/chromedriver/linux64/121.0.6167.184/chromedriver-linux64/chromedriver] found in cache
[2024-02-20T10:11:36.693+0900] {Naver_News_Collect.py:118} INFO - 접속완료
[2024-02-20T10:11:37.773+0900] {Naver_News_Collect.py:121} INFO - 90 Start
[2024-02-20T10:12:00.562+0900] {Naver_News_Collect.py:157} INFO - 91 End
[2024-02-20T10:12:02.564+0900] {logger.py:11} INFO - ====== WebDriver manager ======
[2024-02-20T10:12:02.647+0900] {logger.py:11} INFO - Get LATEST chromedriver version for google-chrome
[2024-02-20T10:12:02.730+0900] {logger.py:11} INFO - Get LATEST chromedriver version for google-chrome
[2024-02-20T10:12:02.811+0900] {logger.py:11} INFO - Driver [/home/ubuntu/.wdm/drivers/chromedriver/linux64/121.0.6167.184/chromedriver-linux64/chromedriver] found in cache
[2024-02-20T10:12:03.485+0900] {Naver_News_Collect.py:118} INFO - 접속완료
[2024-02-20T10:12:04.576+0900] {Naver_News_Collect.py:121} INFO - 91 Start
[2024-02-20T10:12:27.424+0900] {Naver_News_Collect.py:157} INFO - 92 End
[2024-02-20T10:12:30.428+0900] {logger.py:11} INFO - ====== WebDriver manager ======
[2024-02-20T10:12:30.509+0900] {logger.py:11} INFO - Get LATEST chromedriver version for google-chrome
[2024-02-20T10:12:30.590+0900] {logger.py:11} INFO - Get LATEST chromedriver version for google-chrome
[2024-02-20T10:12:30.670+0900] {logger.py:11} INFO - Driver [/home/ubuntu/.wdm/drivers/chromedriver/linux64/121.0.6167.184/chromedriver-linux64/chromedriver] found in cache
[2024-02-20T10:12:31.324+0900] {Naver_News_Collect.py:118} INFO - 접속완료
[2024-02-20T10:12:32.389+0900] {Naver_News_Collect.py:121} INFO - 92 Start
[2024-02-20T10:12:55.157+0900] {Naver_News_Collect.py:157} INFO - 93 End
[2024-02-20T10:12:58.159+0900] {logger.py:11} INFO - ====== WebDriver manager ======
[2024-02-20T10:12:58.241+0900] {logger.py:11} INFO - Get LATEST chromedriver version for google-chrome
[2024-02-20T10:12:58.323+0900] {logger.py:11} INFO - Get LATEST chromedriver version for google-chrome
[2024-02-20T10:12:58.404+0900] {logger.py:11} INFO - Driver [/home/ubuntu/.wdm/drivers/chromedriver/linux64/121.0.6167.184/chromedriver-linux64/chromedriver] found in cache
[2024-02-20T10:12:59.078+0900] {Naver_News_Collect.py:118} INFO - 접속완료
[2024-02-20T10:13:00.166+0900] {Naver_News_Collect.py:121} INFO - 93 Start
[2024-02-20T10:13:22.964+0900] {Naver_News_Collect.py:157} INFO - 94 End
[2024-02-20T10:13:24.966+0900] {logger.py:11} INFO - ====== WebDriver manager ======
[2024-02-20T10:13:25.047+0900] {logger.py:11} INFO - Get LATEST chromedriver version for google-chrome
[2024-02-20T10:13:25.129+0900] {logger.py:11} INFO - Get LATEST chromedriver version for google-chrome
[2024-02-20T10:13:25.209+0900] {logger.py:11} INFO - Driver [/home/ubuntu/.wdm/drivers/chromedriver/linux64/121.0.6167.184/chromedriver-linux64/chromedriver] found in cache
[2024-02-20T10:13:25.886+0900] {Naver_News_Collect.py:118} INFO - 접속완료
[2024-02-20T10:13:26.959+0900] {Naver_News_Collect.py:121} INFO - 94 Start
[2024-02-20T10:13:49.775+0900] {Naver_News_Collect.py:157} INFO - 95 End
[2024-02-20T10:13:51.778+0900] {logger.py:11} INFO - ====== WebDriver manager ======
[2024-02-20T10:13:51.860+0900] {logger.py:11} INFO - Get LATEST chromedriver version for google-chrome
[2024-02-20T10:13:51.942+0900] {logger.py:11} INFO - Get LATEST chromedriver version for google-chrome
[2024-02-20T10:13:52.024+0900] {logger.py:11} INFO - Driver [/home/ubuntu/.wdm/drivers/chromedriver/linux64/121.0.6167.184/chromedriver-linux64/chromedriver] found in cache
[2024-02-20T10:13:52.700+0900] {Naver_News_Collect.py:118} INFO - 접속완료
[2024-02-20T10:13:53.805+0900] {Naver_News_Collect.py:121} INFO - 95 Start
[2024-02-20T10:14:16.728+0900] {Naver_News_Collect.py:157} INFO - 96 End
[2024-02-20T10:14:18.731+0900] {logger.py:11} INFO - ====== WebDriver manager ======
[2024-02-20T10:14:18.814+0900] {logger.py:11} INFO - Get LATEST chromedriver version for google-chrome
[2024-02-20T10:14:18.898+0900] {logger.py:11} INFO - Get LATEST chromedriver version for google-chrome
[2024-02-20T10:14:18.980+0900] {logger.py:11} INFO - Driver [/home/ubuntu/.wdm/drivers/chromedriver/linux64/121.0.6167.184/chromedriver-linux64/chromedriver] found in cache
[2024-02-20T10:14:19.641+0900] {Naver_News_Collect.py:118} INFO - 접속완료
[2024-02-20T10:14:49.723+0900] {Naver_News_Collect.py:121} INFO - 96 Start
[2024-02-20T10:14:59.794+0900] {Naver_News_Collect.py:157} INFO - 96 End
[2024-02-20T10:15:01.797+0900] {logger.py:11} INFO - ====== WebDriver manager ======
[2024-02-20T10:15:01.880+0900] {logger.py:11} INFO - Get LATEST chromedriver version for google-chrome
[2024-02-20T10:15:01.962+0900] {logger.py:11} INFO - Get LATEST chromedriver version for google-chrome
[2024-02-20T10:15:02.043+0900] {logger.py:11} INFO - Driver [/home/ubuntu/.wdm/drivers/chromedriver/linux64/121.0.6167.184/chromedriver-linux64/chromedriver] found in cache
[2024-02-20T10:15:02.718+0900] {Naver_News_Collect.py:118} INFO - 접속완료
[2024-02-20T10:15:03.790+0900] {Naver_News_Collect.py:121} INFO - 96 Start
[2024-02-20T10:15:26.633+0900] {Naver_News_Collect.py:157} INFO - 97 End
[2024-02-20T10:15:28.635+0900] {logger.py:11} INFO - ====== WebDriver manager ======
[2024-02-20T10:15:28.718+0900] {logger.py:11} INFO - Get LATEST chromedriver version for google-chrome
[2024-02-20T10:15:28.800+0900] {logger.py:11} INFO - Get LATEST chromedriver version for google-chrome
[2024-02-20T10:15:28.882+0900] {logger.py:11} INFO - Driver [/home/ubuntu/.wdm/drivers/chromedriver/linux64/121.0.6167.184/chromedriver-linux64/chromedriver] found in cache
[2024-02-20T10:15:29.556+0900] {Naver_News_Collect.py:118} INFO - 접속완료
[2024-02-20T10:15:30.558+0900] {Naver_News_Collect.py:121} INFO - 97 Start
[2024-02-20T10:15:53.333+0900] {Naver_News_Collect.py:157} INFO - 98 End
[2024-02-20T10:15:55.336+0900] {logger.py:11} INFO - ====== WebDriver manager ======
[2024-02-20T10:15:55.416+0900] {logger.py:11} INFO - Get LATEST chromedriver version for google-chrome
[2024-02-20T10:15:55.497+0900] {logger.py:11} INFO - Get LATEST chromedriver version for google-chrome
[2024-02-20T10:15:55.578+0900] {logger.py:11} INFO - Driver [/home/ubuntu/.wdm/drivers/chromedriver/linux64/121.0.6167.184/chromedriver-linux64/chromedriver] found in cache
[2024-02-20T10:15:56.239+0900] {Naver_News_Collect.py:118} INFO - 접속완료
[2024-02-20T10:15:57.211+0900] {Naver_News_Collect.py:121} INFO - 98 Start
[2024-02-20T10:16:19.989+0900] {Naver_News_Collect.py:157} INFO - 99 End
[2024-02-20T10:16:22.993+0900] {logger.py:11} INFO - ====== WebDriver manager ======
[2024-02-20T10:16:23.074+0900] {logger.py:11} INFO - Get LATEST chromedriver version for google-chrome
[2024-02-20T10:16:23.157+0900] {logger.py:11} INFO - Get LATEST chromedriver version for google-chrome
[2024-02-20T10:16:23.239+0900] {logger.py:11} INFO - Driver [/home/ubuntu/.wdm/drivers/chromedriver/linux64/121.0.6167.184/chromedriver-linux64/chromedriver] found in cache
[2024-02-20T10:16:23.917+0900] {Naver_News_Collect.py:118} INFO - 접속완료
[2024-02-20T10:16:24.890+0900] {Naver_News_Collect.py:121} INFO - 99 Start
[2024-02-20T10:16:47.747+0900] {Naver_News_Collect.py:157} INFO - 100 End
[2024-02-20T10:16:49.749+0900] {logger.py:11} INFO - ====== WebDriver manager ======
[2024-02-20T10:16:49.829+0900] {logger.py:11} INFO - Get LATEST chromedriver version for google-chrome
[2024-02-20T10:16:49.912+0900] {logger.py:11} INFO - Get LATEST chromedriver version for google-chrome
[2024-02-20T10:16:49.992+0900] {logger.py:11} INFO - Driver [/home/ubuntu/.wdm/drivers/chromedriver/linux64/121.0.6167.184/chromedriver-linux64/chromedriver] found in cache
[2024-02-20T10:16:50.676+0900] {Naver_News_Collect.py:118} INFO - 접속완료
[2024-02-20T10:16:51.645+0900] {Naver_News_Collect.py:121} INFO - 100 Start
[2024-02-20T10:17:04.512+0900] {Naver_News_Collect.py:157} INFO - 101 End
[2024-02-20T10:17:07.516+0900] {logger.py:11} INFO - ====== WebDriver manager ======
[2024-02-20T10:17:07.596+0900] {logger.py:11} INFO - Get LATEST chromedriver version for google-chrome
[2024-02-20T10:17:07.678+0900] {logger.py:11} INFO - Get LATEST chromedriver version for google-chrome
[2024-02-20T10:17:07.759+0900] {logger.py:11} INFO - Driver [/home/ubuntu/.wdm/drivers/chromedriver/linux64/121.0.6167.184/chromedriver-linux64/chromedriver] found in cache
[2024-02-20T10:17:08.432+0900] {Naver_News_Collect.py:118} INFO - 접속완료
[2024-02-20T10:17:09.488+0900] {Naver_News_Collect.py:121} INFO - 101 Start
[2024-02-20T10:17:32.285+0900] {Naver_News_Collect.py:157} INFO - 102 End
[2024-02-20T10:17:35.288+0900] {logger.py:11} INFO - ====== WebDriver manager ======
[2024-02-20T10:17:35.368+0900] {logger.py:11} INFO - Get LATEST chromedriver version for google-chrome
[2024-02-20T10:17:35.451+0900] {logger.py:11} INFO - Get LATEST chromedriver version for google-chrome
[2024-02-20T10:17:35.533+0900] {logger.py:11} INFO - Driver [/home/ubuntu/.wdm/drivers/chromedriver/linux64/121.0.6167.184/chromedriver-linux64/chromedriver] found in cache
[2024-02-20T10:17:36.207+0900] {Naver_News_Collect.py:118} INFO - 접속완료
[2024-02-20T10:17:37.309+0900] {Naver_News_Collect.py:121} INFO - 102 Start
[2024-02-20T10:18:00.063+0900] {Naver_News_Collect.py:157} INFO - 103 End
[2024-02-20T10:18:03.067+0900] {logger.py:11} INFO - ====== WebDriver manager ======
[2024-02-20T10:18:03.147+0900] {logger.py:11} INFO - Get LATEST chromedriver version for google-chrome
[2024-02-20T10:18:03.229+0900] {logger.py:11} INFO - Get LATEST chromedriver version for google-chrome
[2024-02-20T10:18:03.310+0900] {logger.py:11} INFO - Driver [/home/ubuntu/.wdm/drivers/chromedriver/linux64/121.0.6167.184/chromedriver-linux64/chromedriver] found in cache
[2024-02-20T10:18:03.985+0900] {Naver_News_Collect.py:118} INFO - 접속완료
[2024-02-20T10:18:05.028+0900] {Naver_News_Collect.py:121} INFO - 103 Start
[2024-02-20T10:18:27.899+0900] {Naver_News_Collect.py:157} INFO - 104 End
[2024-02-20T10:18:30.902+0900] {logger.py:11} INFO - ====== WebDriver manager ======
[2024-02-20T10:18:30.983+0900] {logger.py:11} INFO - Get LATEST chromedriver version for google-chrome
[2024-02-20T10:18:31.065+0900] {logger.py:11} INFO - Get LATEST chromedriver version for google-chrome
[2024-02-20T10:18:31.146+0900] {logger.py:11} INFO - Driver [/home/ubuntu/.wdm/drivers/chromedriver/linux64/121.0.6167.184/chromedriver-linux64/chromedriver] found in cache
[2024-02-20T10:18:31.821+0900] {Naver_News_Collect.py:118} INFO - 접속완료
[2024-02-20T10:18:32.864+0900] {Naver_News_Collect.py:121} INFO - 104 Start
[2024-02-20T10:18:55.701+0900] {Naver_News_Collect.py:157} INFO - 105 End
[2024-02-20T10:18:57.703+0900] {logger.py:11} INFO - ====== WebDriver manager ======
[2024-02-20T10:18:57.784+0900] {logger.py:11} INFO - Get LATEST chromedriver version for google-chrome
[2024-02-20T10:18:57.866+0900] {logger.py:11} INFO - Get LATEST chromedriver version for google-chrome
[2024-02-20T10:18:57.946+0900] {logger.py:11} INFO - Driver [/home/ubuntu/.wdm/drivers/chromedriver/linux64/121.0.6167.184/chromedriver-linux64/chromedriver] found in cache
[2024-02-20T10:18:58.604+0900] {Naver_News_Collect.py:118} INFO - 접속완료
[2024-02-20T10:18:59.651+0900] {Naver_News_Collect.py:121} INFO - 105 Start
[2024-02-20T10:19:22.519+0900] {Naver_News_Collect.py:157} INFO - 106 End
[2024-02-20T10:19:25.523+0900] {logger.py:11} INFO - ====== WebDriver manager ======
[2024-02-20T10:19:25.603+0900] {logger.py:11} INFO - Get LATEST chromedriver version for google-chrome
[2024-02-20T10:19:25.687+0900] {logger.py:11} INFO - Get LATEST chromedriver version for google-chrome
[2024-02-20T10:19:25.768+0900] {logger.py:11} INFO - Driver [/home/ubuntu/.wdm/drivers/chromedriver/linux64/121.0.6167.184/chromedriver-linux64/chromedriver] found in cache
[2024-02-20T10:19:26.433+0900] {Naver_News_Collect.py:118} INFO - 접속완료
[2024-02-20T10:19:27.386+0900] {Naver_News_Collect.py:121} INFO - 106 Start
[2024-02-20T10:19:41.235+0900] {Naver_News_Collect.py:157} INFO - 107 End
[2024-02-20T10:19:43.238+0900] {logger.py:11} INFO - ====== WebDriver manager ======
[2024-02-20T10:19:43.319+0900] {logger.py:11} INFO - Get LATEST chromedriver version for google-chrome
[2024-02-20T10:19:43.400+0900] {logger.py:11} INFO - Get LATEST chromedriver version for google-chrome
[2024-02-20T10:19:43.482+0900] {logger.py:11} INFO - Driver [/home/ubuntu/.wdm/drivers/chromedriver/linux64/121.0.6167.184/chromedriver-linux64/chromedriver] found in cache
[2024-02-20T10:19:44.156+0900] {Naver_News_Collect.py:118} INFO - 접속완료
[2024-02-20T10:19:45.120+0900] {Naver_News_Collect.py:121} INFO - 107 Start
[2024-02-20T10:20:07.927+0900] {Naver_News_Collect.py:157} INFO - 108 End
[2024-02-20T10:20:09.929+0900] {logger.py:11} INFO - ====== WebDriver manager ======
[2024-02-20T10:20:10.012+0900] {logger.py:11} INFO - Get LATEST chromedriver version for google-chrome
[2024-02-20T10:20:10.094+0900] {logger.py:11} INFO - Get LATEST chromedriver version for google-chrome
[2024-02-20T10:20:10.177+0900] {logger.py:11} INFO - Driver [/home/ubuntu/.wdm/drivers/chromedriver/linux64/121.0.6167.184/chromedriver-linux64/chromedriver] found in cache
[2024-02-20T10:20:10.850+0900] {Naver_News_Collect.py:118} INFO - 접속완료
[2024-02-20T10:20:11.893+0900] {Naver_News_Collect.py:121} INFO - 108 Start
[2024-02-20T10:20:34.879+0900] {Naver_News_Collect.py:157} INFO - 109 End
[2024-02-20T10:20:37.883+0900] {logger.py:11} INFO - ====== WebDriver manager ======
[2024-02-20T10:20:37.964+0900] {logger.py:11} INFO - Get LATEST chromedriver version for google-chrome
[2024-02-20T10:20:38.046+0900] {logger.py:11} INFO - Get LATEST chromedriver version for google-chrome
[2024-02-20T10:20:38.127+0900] {logger.py:11} INFO - Driver [/home/ubuntu/.wdm/drivers/chromedriver/linux64/121.0.6167.184/chromedriver-linux64/chromedriver] found in cache
[2024-02-20T10:20:38.801+0900] {Naver_News_Collect.py:118} INFO - 접속완료
[2024-02-20T10:20:39.797+0900] {Naver_News_Collect.py:121} INFO - 109 Start
[2024-02-20T10:20:52.724+0900] {Naver_News_Collect.py:157} INFO - 110 End
[2024-02-20T10:20:55.727+0900] {logger.py:11} INFO - ====== WebDriver manager ======
[2024-02-20T10:20:55.808+0900] {logger.py:11} INFO - Get LATEST chromedriver version for google-chrome
[2024-02-20T10:20:55.889+0900] {logger.py:11} INFO - Get LATEST chromedriver version for google-chrome
[2024-02-20T10:20:55.970+0900] {logger.py:11} INFO - Driver [/home/ubuntu/.wdm/drivers/chromedriver/linux64/121.0.6167.184/chromedriver-linux64/chromedriver] found in cache
[2024-02-20T10:20:56.644+0900] {Naver_News_Collect.py:118} INFO - 접속완료
[2024-02-20T10:20:57.663+0900] {Naver_News_Collect.py:121} INFO - 110 Start
[2024-02-20T10:21:20.488+0900] {Naver_News_Collect.py:157} INFO - 111 End
[2024-02-20T10:21:23.492+0900] {logger.py:11} INFO - ====== WebDriver manager ======
[2024-02-20T10:21:23.573+0900] {logger.py:11} INFO - Get LATEST chromedriver version for google-chrome
[2024-02-20T10:21:23.654+0900] {logger.py:11} INFO - Get LATEST chromedriver version for google-chrome
[2024-02-20T10:21:23.735+0900] {logger.py:11} INFO - Driver [/home/ubuntu/.wdm/drivers/chromedriver/linux64/121.0.6167.184/chromedriver-linux64/chromedriver] found in cache
[2024-02-20T10:21:24.407+0900] {Naver_News_Collect.py:118} INFO - 접속완료
[2024-02-20T10:21:25.414+0900] {Naver_News_Collect.py:121} INFO - 111 Start
[2024-02-20T10:21:48.208+0900] {Naver_News_Collect.py:157} INFO - 112 End
[2024-02-20T10:21:51.211+0900] {logger.py:11} INFO - ====== WebDriver manager ======
[2024-02-20T10:21:51.292+0900] {logger.py:11} INFO - Get LATEST chromedriver version for google-chrome
[2024-02-20T10:21:51.373+0900] {logger.py:11} INFO - Get LATEST chromedriver version for google-chrome
[2024-02-20T10:21:51.453+0900] {logger.py:11} INFO - Driver [/home/ubuntu/.wdm/drivers/chromedriver/linux64/121.0.6167.184/chromedriver-linux64/chromedriver] found in cache
[2024-02-20T10:21:52.112+0900] {Naver_News_Collect.py:118} INFO - 접속완료
[2024-02-20T10:21:53.057+0900] {Naver_News_Collect.py:121} INFO - 112 Start
[2024-02-20T10:22:05.827+0900] {Naver_News_Collect.py:157} INFO - 113 End
[2024-02-20T10:22:08.830+0900] {logger.py:11} INFO - ====== WebDriver manager ======
[2024-02-20T10:22:08.912+0900] {logger.py:11} INFO - Get LATEST chromedriver version for google-chrome
[2024-02-20T10:22:08.993+0900] {logger.py:11} INFO - Get LATEST chromedriver version for google-chrome
[2024-02-20T10:22:09.075+0900] {logger.py:11} INFO - Driver [/home/ubuntu/.wdm/drivers/chromedriver/linux64/121.0.6167.184/chromedriver-linux64/chromedriver] found in cache
[2024-02-20T10:22:09.749+0900] {Naver_News_Collect.py:118} INFO - 접속완료
[2024-02-20T10:22:10.783+0900] {Naver_News_Collect.py:121} INFO - 113 Start
[2024-02-20T10:22:46.038+0900] {Naver_News_Collect.py:157} INFO - 114 End
[2024-02-20T10:22:49.042+0900] {logger.py:11} INFO - ====== WebDriver manager ======
[2024-02-20T10:22:49.122+0900] {logger.py:11} INFO - Get LATEST chromedriver version for google-chrome
[2024-02-20T10:22:49.203+0900] {logger.py:11} INFO - Get LATEST chromedriver version for google-chrome
[2024-02-20T10:22:49.283+0900] {logger.py:11} INFO - Driver [/home/ubuntu/.wdm/drivers/chromedriver/linux64/121.0.6167.184/chromedriver-linux64/chromedriver] found in cache
[2024-02-20T10:22:49.958+0900] {Naver_News_Collect.py:118} INFO - 접속완료
[2024-02-20T10:22:50.666+0900] {Naver_News_Collect.py:121} INFO - 114 Start
[2024-02-20T10:23:14.140+0900] {Naver_News_Collect.py:157} INFO - 115 End
[2024-02-20T10:23:17.144+0900] {logger.py:11} INFO - ====== WebDriver manager ======
[2024-02-20T10:23:17.227+0900] {logger.py:11} INFO - Get LATEST chromedriver version for google-chrome
[2024-02-20T10:23:17.309+0900] {logger.py:11} INFO - Get LATEST chromedriver version for google-chrome
[2024-02-20T10:23:17.390+0900] {logger.py:11} INFO - Driver [/home/ubuntu/.wdm/drivers/chromedriver/linux64/121.0.6167.184/chromedriver-linux64/chromedriver] found in cache
[2024-02-20T10:23:18.063+0900] {Naver_News_Collect.py:118} INFO - 접속완료
[2024-02-20T10:23:18.990+0900] {Naver_News_Collect.py:121} INFO - 115 Start
[2024-02-20T10:23:41.686+0900] {Naver_News_Collect.py:157} INFO - 116 End
[2024-02-20T10:23:43.689+0900] {logger.py:11} INFO - ====== WebDriver manager ======
[2024-02-20T10:23:43.772+0900] {logger.py:11} INFO - Get LATEST chromedriver version for google-chrome
[2024-02-20T10:23:43.854+0900] {logger.py:11} INFO - Get LATEST chromedriver version for google-chrome
[2024-02-20T10:23:43.936+0900] {logger.py:11} INFO - Driver [/home/ubuntu/.wdm/drivers/chromedriver/linux64/121.0.6167.184/chromedriver-linux64/chromedriver] found in cache
[2024-02-20T10:23:44.611+0900] {Naver_News_Collect.py:118} INFO - 접속완료
[2024-02-20T10:23:45.617+0900] {Naver_News_Collect.py:121} INFO - 116 Start
[2024-02-20T10:23:59.234+0900] {Naver_News_Collect.py:157} INFO - 117 End
[2024-02-20T10:24:02.238+0900] {logger.py:11} INFO - ====== WebDriver manager ======
[2024-02-20T10:24:02.318+0900] {logger.py:11} INFO - Get LATEST chromedriver version for google-chrome
[2024-02-20T10:24:02.399+0900] {logger.py:11} INFO - Get LATEST chromedriver version for google-chrome
[2024-02-20T10:24:02.479+0900] {logger.py:11} INFO - Driver [/home/ubuntu/.wdm/drivers/chromedriver/linux64/121.0.6167.184/chromedriver-linux64/chromedriver] found in cache
[2024-02-20T10:24:03.154+0900] {Naver_News_Collect.py:118} INFO - 접속완료
[2024-02-20T10:24:04.130+0900] {Naver_News_Collect.py:121} INFO - 117 Start
[2024-02-20T10:24:16.989+0900] {Naver_News_Collect.py:157} INFO - 118 End
[2024-02-20T10:24:20.376+0900] {python.py:201} INFO - Done. Returned value was: None
[2024-02-20T10:24:20.381+0900] {taskinstance.py:1138} INFO - Marking task as SUCCESS. dag_id=CollectNaverNews, task_id=news_Content_Comment_Collect, execution_date=20240219T000000, start_date=20240220T002357, end_date=20240220T012420
[2024-02-20T10:24:20.403+0900] {local_task_job_runner.py:234} INFO - Task exited with return code 0
[2024-02-20T10:24:20.413+0900] {taskinstance.py:3280} INFO - 0 downstream tasks scheduled from follow-on schedule check
