[2024-02-17T09:00:33.109+0900] {taskinstance.py:1956} INFO - Dependencies all met for dep_context=non-requeueable deps ti=<TaskInstance: CollectCommunity.community_Content_Collect scheduled__2024-02-16T00:00:00+00:00 [queued]>
[2024-02-17T09:00:33.117+0900] {taskinstance.py:1956} INFO - Dependencies all met for dep_context=requeueable deps ti=<TaskInstance: CollectCommunity.community_Content_Collect scheduled__2024-02-16T00:00:00+00:00 [queued]>
[2024-02-17T09:00:33.117+0900] {taskinstance.py:2170} INFO - Starting attempt 1 of 1
[2024-02-17T09:00:33.297+0900] {taskinstance.py:2191} INFO - Executing <Task(PythonOperator): community_Content_Collect> on 2024-02-16 00:00:00+00:00
[2024-02-17T09:00:33.304+0900] {standard_task_runner.py:60} INFO - Started process 201074 to run task
[2024-02-17T09:00:33.309+0900] {standard_task_runner.py:87} INFO - Running: ['airflow', 'tasks', 'run', 'CollectCommunity', 'community_Content_Collect', 'scheduled__2024-02-16T00:00:00+00:00', '--job-id', '48', '--raw', '--subdir', 'DAGS_FOLDER/.ipynb_checkpoints/Community_Collect-checkpoint.py', '--cfg-path', '/tmp/tmp_fkdzaid']
[2024-02-17T09:00:33.311+0900] {standard_task_runner.py:88} INFO - Job 48: Subtask community_Content_Collect
[2024-02-17T09:00:33.354+0900] {task_command.py:423} INFO - Running <TaskInstance: CollectCommunity.community_Content_Collect scheduled__2024-02-16T00:00:00+00:00 [running]> on host ip-172-31-11-88.ap-northeast-2.compute.internal
[2024-02-17T09:00:33.424+0900] {taskinstance.py:2480} INFO - Exporting env vars: AIRFLOW_CTX_DAG_OWNER='airflow' AIRFLOW_CTX_DAG_ID='CollectCommunity' AIRFLOW_CTX_TASK_ID='community_Content_Collect' AIRFLOW_CTX_EXECUTION_DATE='2024-02-16T00:00:00+00:00' AIRFLOW_CTX_TRY_NUMBER='1' AIRFLOW_CTX_DAG_RUN_ID='scheduled__2024-02-16T00:00:00+00:00'
[2024-02-17T09:00:33.442+0900] {logger.py:11} INFO - ====== WebDriver manager ======
[2024-02-17T09:00:33.532+0900] {logger.py:11} INFO - Get LATEST chromedriver version for google-chrome
[2024-02-17T09:00:33.620+0900] {logger.py:11} INFO - Get LATEST chromedriver version for google-chrome
[2024-02-17T09:00:33.703+0900] {logger.py:11} INFO - Driver [/home/ubuntu/.wdm/drivers/chromedriver/linux64/121.0.6167.184/chromedriver-linux64/chromedriver] found in cache
[2024-02-17T09:16:33.336+0900] {logger.py:11} INFO - ====== WebDriver manager ======
[2024-02-17T09:16:33.428+0900] {logger.py:11} INFO - Get LATEST chromedriver version for google-chrome
[2024-02-17T09:16:33.525+0900] {logger.py:11} INFO - Get LATEST chromedriver version for google-chrome
[2024-02-17T09:16:33.606+0900] {logger.py:11} INFO - Driver [/home/ubuntu/.wdm/drivers/chromedriver/linux64/121.0.6167.184/chromedriver-linux64/chromedriver] found in cache
[2024-02-17T09:16:40.617+0900] {logger.py:11} INFO - ====== WebDriver manager ======
[2024-02-17T09:16:40.708+0900] {logger.py:11} INFO - Get LATEST chromedriver version for google-chrome
[2024-02-17T09:16:40.796+0900] {logger.py:11} INFO - Get LATEST chromedriver version for google-chrome
[2024-02-17T09:16:40.880+0900] {logger.py:11} INFO - Driver [/home/ubuntu/.wdm/drivers/chromedriver/linux64/121.0.6167.184/chromedriver-linux64/chromedriver] found in cache
[2024-02-17T09:16:47.918+0900] {logger.py:11} INFO - ====== WebDriver manager ======
[2024-02-17T09:16:48.007+0900] {logger.py:11} INFO - Get LATEST chromedriver version for google-chrome
[2024-02-17T09:16:48.089+0900] {logger.py:11} INFO - Get LATEST chromedriver version for google-chrome
[2024-02-17T09:16:48.172+0900] {logger.py:11} INFO - Driver [/home/ubuntu/.wdm/drivers/chromedriver/linux64/121.0.6167.184/chromedriver-linux64/chromedriver] found in cache
[2024-02-17T09:16:53.461+0900] {logger.py:11} INFO - ====== WebDriver manager ======
[2024-02-17T09:16:53.551+0900] {logger.py:11} INFO - Get LATEST chromedriver version for google-chrome
[2024-02-17T09:16:53.648+0900] {logger.py:11} INFO - Get LATEST chromedriver version for google-chrome
[2024-02-17T09:16:53.733+0900] {logger.py:11} INFO - Driver [/home/ubuntu/.wdm/drivers/chromedriver/linux64/121.0.6167.184/chromedriver-linux64/chromedriver] found in cache
[2024-02-17T09:16:59.677+0900] {logger.py:11} INFO - ====== WebDriver manager ======
[2024-02-17T09:16:59.765+0900] {logger.py:11} INFO - Get LATEST chromedriver version for google-chrome
[2024-02-17T09:16:59.856+0900] {logger.py:11} INFO - Get LATEST chromedriver version for google-chrome
[2024-02-17T09:16:59.950+0900] {logger.py:11} INFO - Driver [/home/ubuntu/.wdm/drivers/chromedriver/linux64/121.0.6167.184/chromedriver-linux64/chromedriver] found in cache
[2024-02-17T09:17:05.696+0900] {logger.py:11} INFO - ====== WebDriver manager ======
[2024-02-17T09:17:05.785+0900] {logger.py:11} INFO - Get LATEST chromedriver version for google-chrome
[2024-02-17T09:17:05.875+0900] {logger.py:11} INFO - Get LATEST chromedriver version for google-chrome
[2024-02-17T09:17:05.962+0900] {logger.py:11} INFO - Driver [/home/ubuntu/.wdm/drivers/chromedriver/linux64/121.0.6167.184/chromedriver-linux64/chromedriver] found in cache
[2024-02-17T09:17:13.264+0900] {logger.py:11} INFO - ====== WebDriver manager ======
[2024-02-17T09:17:13.353+0900] {logger.py:11} INFO - Get LATEST chromedriver version for google-chrome
[2024-02-17T09:17:13.439+0900] {logger.py:11} INFO - Get LATEST chromedriver version for google-chrome
[2024-02-17T09:17:13.524+0900] {logger.py:11} INFO - Driver [/home/ubuntu/.wdm/drivers/chromedriver/linux64/121.0.6167.184/chromedriver-linux64/chromedriver] found in cache
[2024-02-17T09:17:20.929+0900] {logger.py:11} INFO - ====== WebDriver manager ======
[2024-02-17T09:17:21.018+0900] {logger.py:11} INFO - Get LATEST chromedriver version for google-chrome
[2024-02-17T09:17:21.107+0900] {logger.py:11} INFO - Get LATEST chromedriver version for google-chrome
[2024-02-17T09:17:21.200+0900] {logger.py:11} INFO - Driver [/home/ubuntu/.wdm/drivers/chromedriver/linux64/121.0.6167.184/chromedriver-linux64/chromedriver] found in cache
[2024-02-17T09:17:26.381+0900] {logger.py:11} INFO - ====== WebDriver manager ======
[2024-02-17T09:17:26.471+0900] {logger.py:11} INFO - Get LATEST chromedriver version for google-chrome
[2024-02-17T09:17:26.557+0900] {logger.py:11} INFO - Get LATEST chromedriver version for google-chrome
[2024-02-17T09:17:26.641+0900] {logger.py:11} INFO - Driver [/home/ubuntu/.wdm/drivers/chromedriver/linux64/121.0.6167.184/chromedriver-linux64/chromedriver] found in cache
[2024-02-17T09:17:32.837+0900] {logger.py:11} INFO - ====== WebDriver manager ======
[2024-02-17T09:17:32.926+0900] {logger.py:11} INFO - Get LATEST chromedriver version for google-chrome
[2024-02-17T09:17:33.014+0900] {logger.py:11} INFO - Get LATEST chromedriver version for google-chrome
[2024-02-17T09:17:33.101+0900] {logger.py:11} INFO - Driver [/home/ubuntu/.wdm/drivers/chromedriver/linux64/121.0.6167.184/chromedriver-linux64/chromedriver] found in cache
[2024-02-17T09:17:38.129+0900] {logger.py:11} INFO - ====== WebDriver manager ======
[2024-02-17T09:17:38.218+0900] {logger.py:11} INFO - Get LATEST chromedriver version for google-chrome
[2024-02-17T09:17:38.305+0900] {logger.py:11} INFO - Get LATEST chromedriver version for google-chrome
[2024-02-17T09:17:38.396+0900] {logger.py:11} INFO - Driver [/home/ubuntu/.wdm/drivers/chromedriver/linux64/121.0.6167.184/chromedriver-linux64/chromedriver] found in cache
[2024-02-17T09:17:44.187+0900] {logger.py:11} INFO - ====== WebDriver manager ======
[2024-02-17T09:17:44.276+0900] {logger.py:11} INFO - Get LATEST chromedriver version for google-chrome
[2024-02-17T09:17:44.360+0900] {logger.py:11} INFO - Get LATEST chromedriver version for google-chrome
[2024-02-17T09:17:44.452+0900] {logger.py:11} INFO - Driver [/home/ubuntu/.wdm/drivers/chromedriver/linux64/121.0.6167.184/chromedriver-linux64/chromedriver] found in cache
[2024-02-17T09:17:51.255+0900] {logger.py:11} INFO - ====== WebDriver manager ======
[2024-02-17T09:17:51.343+0900] {logger.py:11} INFO - Get LATEST chromedriver version for google-chrome
[2024-02-17T09:17:51.428+0900] {logger.py:11} INFO - Get LATEST chromedriver version for google-chrome
[2024-02-17T09:17:51.514+0900] {logger.py:11} INFO - Driver [/home/ubuntu/.wdm/drivers/chromedriver/linux64/121.0.6167.184/chromedriver-linux64/chromedriver] found in cache
[2024-02-17T09:17:58.536+0900] {logger.py:11} INFO - ====== WebDriver manager ======
[2024-02-17T09:17:58.639+0900] {logger.py:11} INFO - Get LATEST chromedriver version for google-chrome
[2024-02-17T09:17:58.727+0900] {logger.py:11} INFO - Get LATEST chromedriver version for google-chrome
[2024-02-17T09:17:58.812+0900] {logger.py:11} INFO - Driver [/home/ubuntu/.wdm/drivers/chromedriver/linux64/121.0.6167.184/chromedriver-linux64/chromedriver] found in cache
[2024-02-17T09:18:06.069+0900] {logger.py:11} INFO - ====== WebDriver manager ======
[2024-02-17T09:18:06.158+0900] {logger.py:11} INFO - Get LATEST chromedriver version for google-chrome
[2024-02-17T09:18:06.247+0900] {logger.py:11} INFO - Get LATEST chromedriver version for google-chrome
[2024-02-17T09:18:06.336+0900] {logger.py:11} INFO - Driver [/home/ubuntu/.wdm/drivers/chromedriver/linux64/121.0.6167.184/chromedriver-linux64/chromedriver] found in cache
[2024-02-17T09:18:12.481+0900] {logger.py:11} INFO - ====== WebDriver manager ======
[2024-02-17T09:18:12.571+0900] {logger.py:11} INFO - Get LATEST chromedriver version for google-chrome
[2024-02-17T09:18:12.659+0900] {logger.py:11} INFO - Get LATEST chromedriver version for google-chrome
[2024-02-17T09:18:12.743+0900] {logger.py:11} INFO - Driver [/home/ubuntu/.wdm/drivers/chromedriver/linux64/121.0.6167.184/chromedriver-linux64/chromedriver] found in cache
[2024-02-17T09:18:29.617+0900] {logger.py:11} INFO - ====== WebDriver manager ======
[2024-02-17T09:18:29.708+0900] {logger.py:11} INFO - Get LATEST chromedriver version for google-chrome
[2024-02-17T09:18:29.794+0900] {logger.py:11} INFO - Get LATEST chromedriver version for google-chrome
[2024-02-17T09:18:29.878+0900] {logger.py:11} INFO - Driver [/home/ubuntu/.wdm/drivers/chromedriver/linux64/121.0.6167.184/chromedriver-linux64/chromedriver] found in cache
[2024-02-17T09:18:36.428+0900] {logger.py:11} INFO - ====== WebDriver manager ======
[2024-02-17T09:18:36.529+0900] {logger.py:11} INFO - Get LATEST chromedriver version for google-chrome
[2024-02-17T09:18:36.614+0900] {logger.py:11} INFO - Get LATEST chromedriver version for google-chrome
[2024-02-17T09:18:36.702+0900] {logger.py:11} INFO - Driver [/home/ubuntu/.wdm/drivers/chromedriver/linux64/121.0.6167.184/chromedriver-linux64/chromedriver] found in cache
[2024-02-17T09:18:43.336+0900] {logger.py:11} INFO - ====== WebDriver manager ======
[2024-02-17T09:18:43.427+0900] {logger.py:11} INFO - Get LATEST chromedriver version for google-chrome
[2024-02-17T09:18:43.515+0900] {logger.py:11} INFO - Get LATEST chromedriver version for google-chrome
[2024-02-17T09:18:43.603+0900] {logger.py:11} INFO - Driver [/home/ubuntu/.wdm/drivers/chromedriver/linux64/121.0.6167.184/chromedriver-linux64/chromedriver] found in cache
[2024-02-17T09:18:51.400+0900] {logger.py:11} INFO - ====== WebDriver manager ======
[2024-02-17T09:18:51.490+0900] {logger.py:11} INFO - Get LATEST chromedriver version for google-chrome
[2024-02-17T09:18:51.578+0900] {logger.py:11} INFO - Get LATEST chromedriver version for google-chrome
[2024-02-17T09:18:51.666+0900] {logger.py:11} INFO - Driver [/home/ubuntu/.wdm/drivers/chromedriver/linux64/121.0.6167.184/chromedriver-linux64/chromedriver] found in cache
[2024-02-17T09:18:58.359+0900] {logger.py:11} INFO - ====== WebDriver manager ======
[2024-02-17T09:18:58.448+0900] {logger.py:11} INFO - Get LATEST chromedriver version for google-chrome
[2024-02-17T09:18:58.534+0900] {logger.py:11} INFO - Get LATEST chromedriver version for google-chrome
[2024-02-17T09:18:58.622+0900] {logger.py:11} INFO - Driver [/home/ubuntu/.wdm/drivers/chromedriver/linux64/121.0.6167.184/chromedriver-linux64/chromedriver] found in cache
[2024-02-17T09:19:08.564+0900] {logger.py:11} INFO - ====== WebDriver manager ======
[2024-02-17T09:19:08.653+0900] {logger.py:11} INFO - Get LATEST chromedriver version for google-chrome
[2024-02-17T09:19:08.739+0900] {logger.py:11} INFO - Get LATEST chromedriver version for google-chrome
[2024-02-17T09:19:08.828+0900] {logger.py:11} INFO - Driver [/home/ubuntu/.wdm/drivers/chromedriver/linux64/121.0.6167.184/chromedriver-linux64/chromedriver] found in cache
[2024-02-17T09:19:16.965+0900] {logger.py:11} INFO - ====== WebDriver manager ======
[2024-02-17T09:19:17.055+0900] {logger.py:11} INFO - Get LATEST chromedriver version for google-chrome
[2024-02-17T09:19:17.143+0900] {logger.py:11} INFO - Get LATEST chromedriver version for google-chrome
[2024-02-17T09:19:17.226+0900] {logger.py:11} INFO - Driver [/home/ubuntu/.wdm/drivers/chromedriver/linux64/121.0.6167.184/chromedriver-linux64/chromedriver] found in cache
[2024-02-17T09:19:24.166+0900] {logger.py:11} INFO - ====== WebDriver manager ======
[2024-02-17T09:19:24.254+0900] {logger.py:11} INFO - Get LATEST chromedriver version for google-chrome
[2024-02-17T09:19:24.339+0900] {logger.py:11} INFO - Get LATEST chromedriver version for google-chrome
[2024-02-17T09:19:24.426+0900] {logger.py:11} INFO - Driver [/home/ubuntu/.wdm/drivers/chromedriver/linux64/121.0.6167.184/chromedriver-linux64/chromedriver] found in cache
[2024-02-17T09:19:31.101+0900] {logger.py:11} INFO - ====== WebDriver manager ======
[2024-02-17T09:19:31.191+0900] {logger.py:11} INFO - Get LATEST chromedriver version for google-chrome
[2024-02-17T09:19:31.277+0900] {logger.py:11} INFO - Get LATEST chromedriver version for google-chrome
[2024-02-17T09:19:31.365+0900] {logger.py:11} INFO - Driver [/home/ubuntu/.wdm/drivers/chromedriver/linux64/121.0.6167.184/chromedriver-linux64/chromedriver] found in cache
[2024-02-17T09:19:37.999+0900] {logger.py:11} INFO - ====== WebDriver manager ======
[2024-02-17T09:19:38.088+0900] {logger.py:11} INFO - Get LATEST chromedriver version for google-chrome
[2024-02-17T09:19:38.172+0900] {logger.py:11} INFO - Get LATEST chromedriver version for google-chrome
[2024-02-17T09:19:38.255+0900] {logger.py:11} INFO - Driver [/home/ubuntu/.wdm/drivers/chromedriver/linux64/121.0.6167.184/chromedriver-linux64/chromedriver] found in cache
[2024-02-17T09:19:45.476+0900] {logger.py:11} INFO - ====== WebDriver manager ======
[2024-02-17T09:19:45.569+0900] {logger.py:11} INFO - Get LATEST chromedriver version for google-chrome
[2024-02-17T09:19:45.665+0900] {logger.py:11} INFO - Get LATEST chromedriver version for google-chrome
[2024-02-17T09:19:45.757+0900] {logger.py:11} INFO - Driver [/home/ubuntu/.wdm/drivers/chromedriver/linux64/121.0.6167.184/chromedriver-linux64/chromedriver] found in cache
[2024-02-17T09:19:53.606+0900] {logger.py:11} INFO - ====== WebDriver manager ======
[2024-02-17T09:19:53.696+0900] {logger.py:11} INFO - Get LATEST chromedriver version for google-chrome
[2024-02-17T09:19:53.783+0900] {logger.py:11} INFO - Get LATEST chromedriver version for google-chrome
[2024-02-17T09:19:53.868+0900] {logger.py:11} INFO - Driver [/home/ubuntu/.wdm/drivers/chromedriver/linux64/121.0.6167.184/chromedriver-linux64/chromedriver] found in cache
[2024-02-17T09:20:01.662+0900] {logger.py:11} INFO - ====== WebDriver manager ======
[2024-02-17T09:20:01.752+0900] {logger.py:11} INFO - Get LATEST chromedriver version for google-chrome
[2024-02-17T09:20:01.841+0900] {logger.py:11} INFO - Get LATEST chromedriver version for google-chrome
[2024-02-17T09:20:01.929+0900] {logger.py:11} INFO - Driver [/home/ubuntu/.wdm/drivers/chromedriver/linux64/121.0.6167.184/chromedriver-linux64/chromedriver] found in cache
[2024-02-17T09:20:08.730+0900] {logger.py:11} INFO - ====== WebDriver manager ======
[2024-02-17T09:20:08.821+0900] {logger.py:11} INFO - Get LATEST chromedriver version for google-chrome
[2024-02-17T09:20:08.905+0900] {logger.py:11} INFO - Get LATEST chromedriver version for google-chrome
[2024-02-17T09:20:08.992+0900] {logger.py:11} INFO - Driver [/home/ubuntu/.wdm/drivers/chromedriver/linux64/121.0.6167.184/chromedriver-linux64/chromedriver] found in cache
[2024-02-17T09:20:16.399+0900] {logger.py:11} INFO - ====== WebDriver manager ======
[2024-02-17T09:20:16.489+0900] {logger.py:11} INFO - Get LATEST chromedriver version for google-chrome
[2024-02-17T09:20:16.572+0900] {logger.py:11} INFO - Get LATEST chromedriver version for google-chrome
[2024-02-17T09:20:16.655+0900] {logger.py:11} INFO - Driver [/home/ubuntu/.wdm/drivers/chromedriver/linux64/121.0.6167.184/chromedriver-linux64/chromedriver] found in cache
[2024-02-17T09:20:22.683+0900] {logger.py:11} INFO - ====== WebDriver manager ======
[2024-02-17T09:20:22.775+0900] {logger.py:11} INFO - Get LATEST chromedriver version for google-chrome
[2024-02-17T09:20:22.860+0900] {logger.py:11} INFO - Get LATEST chromedriver version for google-chrome
[2024-02-17T09:20:22.944+0900] {logger.py:11} INFO - Driver [/home/ubuntu/.wdm/drivers/chromedriver/linux64/121.0.6167.184/chromedriver-linux64/chromedriver] found in cache
[2024-02-17T09:20:29.309+0900] {logger.py:11} INFO - ====== WebDriver manager ======
[2024-02-17T09:20:29.401+0900] {logger.py:11} INFO - Get LATEST chromedriver version for google-chrome
[2024-02-17T09:20:29.488+0900] {logger.py:11} INFO - Get LATEST chromedriver version for google-chrome
[2024-02-17T09:20:29.572+0900] {logger.py:11} INFO - Driver [/home/ubuntu/.wdm/drivers/chromedriver/linux64/121.0.6167.184/chromedriver-linux64/chromedriver] found in cache
[2024-02-17T09:20:38.431+0900] {logger.py:11} INFO - ====== WebDriver manager ======
[2024-02-17T09:20:38.523+0900] {logger.py:11} INFO - Get LATEST chromedriver version for google-chrome
[2024-02-17T09:20:38.610+0900] {logger.py:11} INFO - Get LATEST chromedriver version for google-chrome
[2024-02-17T09:20:38.696+0900] {logger.py:11} INFO - Driver [/home/ubuntu/.wdm/drivers/chromedriver/linux64/121.0.6167.184/chromedriver-linux64/chromedriver] found in cache
[2024-02-17T09:20:44.923+0900] {logger.py:11} INFO - ====== WebDriver manager ======
[2024-02-17T09:20:45.012+0900] {logger.py:11} INFO - Get LATEST chromedriver version for google-chrome
[2024-02-17T09:20:45.098+0900] {logger.py:11} INFO - Get LATEST chromedriver version for google-chrome
[2024-02-17T09:20:45.180+0900] {logger.py:11} INFO - Driver [/home/ubuntu/.wdm/drivers/chromedriver/linux64/121.0.6167.184/chromedriver-linux64/chromedriver] found in cache
[2024-02-17T09:20:50.969+0900] {logger.py:11} INFO - ====== WebDriver manager ======
[2024-02-17T09:20:51.058+0900] {logger.py:11} INFO - Get LATEST chromedriver version for google-chrome
[2024-02-17T09:20:51.146+0900] {logger.py:11} INFO - Get LATEST chromedriver version for google-chrome
[2024-02-17T09:20:51.230+0900] {logger.py:11} INFO - Driver [/home/ubuntu/.wdm/drivers/chromedriver/linux64/121.0.6167.184/chromedriver-linux64/chromedriver] found in cache
[2024-02-17T09:20:58.509+0900] {logger.py:11} INFO - ====== WebDriver manager ======
[2024-02-17T09:20:58.599+0900] {logger.py:11} INFO - Get LATEST chromedriver version for google-chrome
[2024-02-17T09:20:58.684+0900] {logger.py:11} INFO - Get LATEST chromedriver version for google-chrome
[2024-02-17T09:20:58.768+0900] {logger.py:11} INFO - Driver [/home/ubuntu/.wdm/drivers/chromedriver/linux64/121.0.6167.184/chromedriver-linux64/chromedriver] found in cache
[2024-02-17T09:21:05.113+0900] {logger.py:11} INFO - ====== WebDriver manager ======
[2024-02-17T09:21:05.202+0900] {logger.py:11} INFO - Get LATEST chromedriver version for google-chrome
[2024-02-17T09:21:05.287+0900] {logger.py:11} INFO - Get LATEST chromedriver version for google-chrome
[2024-02-17T09:21:05.375+0900] {logger.py:11} INFO - Driver [/home/ubuntu/.wdm/drivers/chromedriver/linux64/121.0.6167.184/chromedriver-linux64/chromedriver] found in cache
[2024-02-17T09:21:12.353+0900] {logger.py:11} INFO - ====== WebDriver manager ======
[2024-02-17T09:21:12.444+0900] {logger.py:11} INFO - Get LATEST chromedriver version for google-chrome
[2024-02-17T09:21:12.528+0900] {logger.py:11} INFO - Get LATEST chromedriver version for google-chrome
[2024-02-17T09:21:12.620+0900] {logger.py:11} INFO - Driver [/home/ubuntu/.wdm/drivers/chromedriver/linux64/121.0.6167.184/chromedriver-linux64/chromedriver] found in cache
[2024-02-17T09:21:18.171+0900] {logger.py:11} INFO - ====== WebDriver manager ======
[2024-02-17T09:21:18.260+0900] {logger.py:11} INFO - Get LATEST chromedriver version for google-chrome
[2024-02-17T09:21:18.344+0900] {logger.py:11} INFO - Get LATEST chromedriver version for google-chrome
[2024-02-17T09:21:18.428+0900] {logger.py:11} INFO - Driver [/home/ubuntu/.wdm/drivers/chromedriver/linux64/121.0.6167.184/chromedriver-linux64/chromedriver] found in cache
[2024-02-17T09:21:24.191+0900] {logger.py:11} INFO - ====== WebDriver manager ======
[2024-02-17T09:21:24.282+0900] {logger.py:11} INFO - Get LATEST chromedriver version for google-chrome
[2024-02-17T09:21:24.371+0900] {logger.py:11} INFO - Get LATEST chromedriver version for google-chrome
[2024-02-17T09:21:24.460+0900] {logger.py:11} INFO - Driver [/home/ubuntu/.wdm/drivers/chromedriver/linux64/121.0.6167.184/chromedriver-linux64/chromedriver] found in cache
[2024-02-17T09:21:31.257+0900] {logger.py:11} INFO - ====== WebDriver manager ======
[2024-02-17T09:21:31.349+0900] {logger.py:11} INFO - Get LATEST chromedriver version for google-chrome
[2024-02-17T09:21:31.432+0900] {logger.py:11} INFO - Get LATEST chromedriver version for google-chrome
[2024-02-17T09:21:31.518+0900] {logger.py:11} INFO - Driver [/home/ubuntu/.wdm/drivers/chromedriver/linux64/121.0.6167.184/chromedriver-linux64/chromedriver] found in cache
[2024-02-17T09:21:37.114+0900] {logger.py:11} INFO - ====== WebDriver manager ======
[2024-02-17T09:21:37.203+0900] {logger.py:11} INFO - Get LATEST chromedriver version for google-chrome
[2024-02-17T09:21:37.295+0900] {logger.py:11} INFO - Get LATEST chromedriver version for google-chrome
[2024-02-17T09:21:37.380+0900] {logger.py:11} INFO - Driver [/home/ubuntu/.wdm/drivers/chromedriver/linux64/121.0.6167.184/chromedriver-linux64/chromedriver] found in cache
[2024-02-17T09:21:44.126+0900] {logger.py:11} INFO - ====== WebDriver manager ======
[2024-02-17T09:21:44.215+0900] {logger.py:11} INFO - Get LATEST chromedriver version for google-chrome
[2024-02-17T09:21:44.309+0900] {logger.py:11} INFO - Get LATEST chromedriver version for google-chrome
[2024-02-17T09:21:44.395+0900] {logger.py:11} INFO - Driver [/home/ubuntu/.wdm/drivers/chromedriver/linux64/121.0.6167.184/chromedriver-linux64/chromedriver] found in cache
[2024-02-17T09:21:59.605+0900] {logger.py:11} INFO - ====== WebDriver manager ======
[2024-02-17T09:21:59.695+0900] {logger.py:11} INFO - Get LATEST chromedriver version for google-chrome
[2024-02-17T09:21:59.788+0900] {logger.py:11} INFO - Get LATEST chromedriver version for google-chrome
[2024-02-17T09:21:59.879+0900] {logger.py:11} INFO - Driver [/home/ubuntu/.wdm/drivers/chromedriver/linux64/121.0.6167.184/chromedriver-linux64/chromedriver] found in cache
[2024-02-17T09:22:06.860+0900] {logger.py:11} INFO - ====== WebDriver manager ======
[2024-02-17T09:22:06.947+0900] {logger.py:11} INFO - Get LATEST chromedriver version for google-chrome
[2024-02-17T09:22:07.037+0900] {logger.py:11} INFO - Get LATEST chromedriver version for google-chrome
[2024-02-17T09:22:07.123+0900] {logger.py:11} INFO - Driver [/home/ubuntu/.wdm/drivers/chromedriver/linux64/121.0.6167.184/chromedriver-linux64/chromedriver] found in cache
[2024-02-17T09:22:14.465+0900] {logger.py:11} INFO - ====== WebDriver manager ======
[2024-02-17T09:22:14.557+0900] {logger.py:11} INFO - Get LATEST chromedriver version for google-chrome
[2024-02-17T09:22:14.649+0900] {logger.py:11} INFO - Get LATEST chromedriver version for google-chrome
[2024-02-17T09:22:14.750+0900] {logger.py:11} INFO - Driver [/home/ubuntu/.wdm/drivers/chromedriver/linux64/121.0.6167.184/chromedriver-linux64/chromedriver] found in cache
[2024-02-17T09:22:19.723+0900] {logger.py:11} INFO - ====== WebDriver manager ======
[2024-02-17T09:22:19.813+0900] {logger.py:11} INFO - Get LATEST chromedriver version for google-chrome
[2024-02-17T09:22:19.895+0900] {logger.py:11} INFO - Get LATEST chromedriver version for google-chrome
[2024-02-17T09:22:19.980+0900] {logger.py:11} INFO - Driver [/home/ubuntu/.wdm/drivers/chromedriver/linux64/121.0.6167.184/chromedriver-linux64/chromedriver] found in cache
[2024-02-17T09:22:24.932+0900] {logger.py:11} INFO - ====== WebDriver manager ======
[2024-02-17T09:22:25.021+0900] {logger.py:11} INFO - Get LATEST chromedriver version for google-chrome
[2024-02-17T09:22:25.107+0900] {logger.py:11} INFO - Get LATEST chromedriver version for google-chrome
[2024-02-17T09:22:25.202+0900] {logger.py:11} INFO - Driver [/home/ubuntu/.wdm/drivers/chromedriver/linux64/121.0.6167.184/chromedriver-linux64/chromedriver] found in cache
[2024-02-17T09:22:31.473+0900] {logger.py:11} INFO - ====== WebDriver manager ======
[2024-02-17T09:22:31.564+0900] {logger.py:11} INFO - Get LATEST chromedriver version for google-chrome
[2024-02-17T09:22:31.652+0900] {logger.py:11} INFO - Get LATEST chromedriver version for google-chrome
[2024-02-17T09:22:31.741+0900] {logger.py:11} INFO - Driver [/home/ubuntu/.wdm/drivers/chromedriver/linux64/121.0.6167.184/chromedriver-linux64/chromedriver] found in cache
[2024-02-17T09:22:38.295+0900] {logger.py:11} INFO - ====== WebDriver manager ======
[2024-02-17T09:22:38.385+0900] {logger.py:11} INFO - Get LATEST chromedriver version for google-chrome
[2024-02-17T09:22:38.470+0900] {logger.py:11} INFO - Get LATEST chromedriver version for google-chrome
[2024-02-17T09:22:38.555+0900] {logger.py:11} INFO - Driver [/home/ubuntu/.wdm/drivers/chromedriver/linux64/121.0.6167.184/chromedriver-linux64/chromedriver] found in cache
[2024-02-17T09:22:44.761+0900] {logger.py:11} INFO - ====== WebDriver manager ======
[2024-02-17T09:22:44.850+0900] {logger.py:11} INFO - Get LATEST chromedriver version for google-chrome
[2024-02-17T09:22:44.938+0900] {logger.py:11} INFO - Get LATEST chromedriver version for google-chrome
[2024-02-17T09:22:45.023+0900] {logger.py:11} INFO - Driver [/home/ubuntu/.wdm/drivers/chromedriver/linux64/121.0.6167.184/chromedriver-linux64/chromedriver] found in cache
[2024-02-17T09:22:50.589+0900] {logger.py:11} INFO - ====== WebDriver manager ======
[2024-02-17T09:22:50.679+0900] {logger.py:11} INFO - Get LATEST chromedriver version for google-chrome
[2024-02-17T09:22:50.767+0900] {logger.py:11} INFO - Get LATEST chromedriver version for google-chrome
[2024-02-17T09:22:50.852+0900] {logger.py:11} INFO - Driver [/home/ubuntu/.wdm/drivers/chromedriver/linux64/121.0.6167.184/chromedriver-linux64/chromedriver] found in cache
[2024-02-17T09:22:56.992+0900] {logger.py:11} INFO - ====== WebDriver manager ======
[2024-02-17T09:22:57.082+0900] {logger.py:11} INFO - Get LATEST chromedriver version for google-chrome
[2024-02-17T09:22:57.175+0900] {logger.py:11} INFO - Get LATEST chromedriver version for google-chrome
[2024-02-17T09:22:57.262+0900] {logger.py:11} INFO - Driver [/home/ubuntu/.wdm/drivers/chromedriver/linux64/121.0.6167.184/chromedriver-linux64/chromedriver] found in cache
[2024-02-17T09:23:12.053+0900] {logger.py:11} INFO - ====== WebDriver manager ======
[2024-02-17T09:23:12.142+0900] {logger.py:11} INFO - Get LATEST chromedriver version for google-chrome
[2024-02-17T09:23:12.231+0900] {logger.py:11} INFO - Get LATEST chromedriver version for google-chrome
[2024-02-17T09:23:12.319+0900] {logger.py:11} INFO - Driver [/home/ubuntu/.wdm/drivers/chromedriver/linux64/121.0.6167.184/chromedriver-linux64/chromedriver] found in cache
[2024-02-17T09:23:17.200+0900] {logger.py:11} INFO - ====== WebDriver manager ======
[2024-02-17T09:23:17.289+0900] {logger.py:11} INFO - Get LATEST chromedriver version for google-chrome
[2024-02-17T09:23:17.375+0900] {logger.py:11} INFO - Get LATEST chromedriver version for google-chrome
[2024-02-17T09:23:17.458+0900] {logger.py:11} INFO - Driver [/home/ubuntu/.wdm/drivers/chromedriver/linux64/121.0.6167.184/chromedriver-linux64/chromedriver] found in cache
[2024-02-17T09:23:25.231+0900] {logger.py:11} INFO - ====== WebDriver manager ======
[2024-02-17T09:23:25.320+0900] {logger.py:11} INFO - Get LATEST chromedriver version for google-chrome
[2024-02-17T09:23:25.404+0900] {logger.py:11} INFO - Get LATEST chromedriver version for google-chrome
[2024-02-17T09:23:25.487+0900] {logger.py:11} INFO - Driver [/home/ubuntu/.wdm/drivers/chromedriver/linux64/121.0.6167.184/chromedriver-linux64/chromedriver] found in cache
[2024-02-17T09:23:53.117+0900] {logger.py:11} INFO - ====== WebDriver manager ======
[2024-02-17T09:23:53.217+0900] {logger.py:11} INFO - Get LATEST chromedriver version for google-chrome
[2024-02-17T09:23:53.301+0900] {logger.py:11} INFO - Get LATEST chromedriver version for google-chrome
[2024-02-17T09:23:53.386+0900] {logger.py:11} INFO - Driver [/home/ubuntu/.wdm/drivers/chromedriver/linux64/121.0.6167.184/chromedriver-linux64/chromedriver] found in cache
[2024-02-17T09:23:59.516+0900] {logger.py:11} INFO - ====== WebDriver manager ======
[2024-02-17T09:23:59.607+0900] {logger.py:11} INFO - Get LATEST chromedriver version for google-chrome
[2024-02-17T09:23:59.690+0900] {logger.py:11} INFO - Get LATEST chromedriver version for google-chrome
[2024-02-17T09:23:59.773+0900] {logger.py:11} INFO - Driver [/home/ubuntu/.wdm/drivers/chromedriver/linux64/121.0.6167.184/chromedriver-linux64/chromedriver] found in cache
[2024-02-17T09:24:07.091+0900] {python.py:201} INFO - Done. Returned value was: None
[2024-02-17T09:24:07.097+0900] {taskinstance.py:1138} INFO - Marking task as SUCCESS. dag_id=CollectCommunity, task_id=community_Content_Collect, execution_date=20240216T000000, start_date=20240217T000033, end_date=20240217T002407
[2024-02-17T09:24:07.149+0900] {local_task_job_runner.py:234} INFO - Task exited with return code 0
[2024-02-17T09:24:07.160+0900] {taskinstance.py:3280} INFO - 0 downstream tasks scheduled from follow-on schedule check
