[2024-02-18T09:07:27.718+0900] {taskinstance.py:1956} INFO - Dependencies all met for dep_context=non-requeueable deps ti=<TaskInstance: CollectNaverNews.news_Content_Comment_Collect scheduled__2024-02-17T00:00:00+00:00 [queued]>
[2024-02-18T09:07:27.724+0900] {taskinstance.py:1956} INFO - Dependencies all met for dep_context=requeueable deps ti=<TaskInstance: CollectNaverNews.news_Content_Comment_Collect scheduled__2024-02-17T00:00:00+00:00 [queued]>
[2024-02-18T09:07:27.725+0900] {taskinstance.py:2170} INFO - Starting attempt 1 of 1
[2024-02-18T09:07:27.890+0900] {taskinstance.py:2191} INFO - Executing <Task(PythonOperator): news_Content_Comment_Collect> on 2024-02-17 00:00:00+00:00
[2024-02-18T09:07:27.897+0900] {standard_task_runner.py:60} INFO - Started process 524388 to run task
[2024-02-18T09:07:27.901+0900] {standard_task_runner.py:87} INFO - Running: ['airflow', 'tasks', 'run', 'CollectNaverNews', 'news_Content_Comment_Collect', 'scheduled__2024-02-17T00:00:00+00:00', '--job-id', '55', '--raw', '--subdir', 'DAGS_FOLDER/Naver_News_Collect.py', '--cfg-path', '/tmp/tmpg2gnxqpu']
[2024-02-18T09:07:27.903+0900] {standard_task_runner.py:88} INFO - Job 55: Subtask news_Content_Comment_Collect
[2024-02-18T09:07:27.944+0900] {task_command.py:423} INFO - Running <TaskInstance: CollectNaverNews.news_Content_Comment_Collect scheduled__2024-02-17T00:00:00+00:00 [running]> on host ip-172-31-11-88.ap-northeast-2.compute.internal
[2024-02-18T09:07:28.010+0900] {taskinstance.py:2480} INFO - Exporting env vars: AIRFLOW_CTX_DAG_OWNER='airflow' AIRFLOW_CTX_DAG_ID='CollectNaverNews' AIRFLOW_CTX_TASK_ID='news_Content_Comment_Collect' AIRFLOW_CTX_EXECUTION_DATE='2024-02-17T00:00:00+00:00' AIRFLOW_CTX_TRY_NUMBER='1' AIRFLOW_CTX_DAG_RUN_ID='scheduled__2024-02-17T00:00:00+00:00'
[2024-02-18T09:07:28.024+0900] {logger.py:11} INFO - ====== WebDriver manager ======
[2024-02-18T09:07:28.111+0900] {logger.py:11} INFO - Get LATEST chromedriver version for google-chrome
[2024-02-18T09:07:28.202+0900] {logger.py:11} INFO - Get LATEST chromedriver version for google-chrome
[2024-02-18T09:07:28.285+0900] {logger.py:11} INFO - Driver [/home/ubuntu/.wdm/drivers/chromedriver/linux64/121.0.6167.184/chromedriver-linux64/chromedriver] found in cache
[2024-02-18T09:07:29.007+0900] {Naver_News_Collect.py:118} INFO - 접속완료
[2024-02-18T09:07:30.198+0900] {Naver_News_Collect.py:121} INFO - 0 Start
[2024-02-18T09:08:52.796+0900] {Naver_News_Collect.py:157} INFO - 1 End
[2024-02-18T09:08:54.798+0900] {logger.py:11} INFO - ====== WebDriver manager ======
[2024-02-18T09:08:54.886+0900] {logger.py:11} INFO - Get LATEST chromedriver version for google-chrome
[2024-02-18T09:08:54.968+0900] {logger.py:11} INFO - Get LATEST chromedriver version for google-chrome
[2024-02-18T09:08:55.050+0900] {logger.py:11} INFO - Driver [/home/ubuntu/.wdm/drivers/chromedriver/linux64/121.0.6167.184/chromedriver-linux64/chromedriver] found in cache
[2024-02-18T09:08:55.732+0900] {Naver_News_Collect.py:118} INFO - 접속완료
[2024-02-18T09:08:56.650+0900] {Naver_News_Collect.py:121} INFO - 1 Start
[2024-02-18T09:09:19.291+0900] {Naver_News_Collect.py:157} INFO - 2 End
[2024-02-18T09:09:22.293+0900] {logger.py:11} INFO - ====== WebDriver manager ======
[2024-02-18T09:09:22.381+0900] {logger.py:11} INFO - Get LATEST chromedriver version for google-chrome
[2024-02-18T09:09:22.464+0900] {logger.py:11} INFO - Get LATEST chromedriver version for google-chrome
[2024-02-18T09:09:22.547+0900] {logger.py:11} INFO - Driver [/home/ubuntu/.wdm/drivers/chromedriver/linux64/121.0.6167.184/chromedriver-linux64/chromedriver] found in cache
[2024-02-18T09:09:23.223+0900] {Naver_News_Collect.py:118} INFO - 접속완료
[2024-02-18T09:09:24.418+0900] {Naver_News_Collect.py:121} INFO - 2 Start
[2024-02-18T09:09:37.742+0900] {Naver_News_Collect.py:157} INFO - 3 End
[2024-02-18T09:09:39.745+0900] {logger.py:11} INFO - ====== WebDriver manager ======
[2024-02-18T09:09:39.832+0900] {logger.py:11} INFO - Get LATEST chromedriver version for google-chrome
[2024-02-18T09:09:39.916+0900] {logger.py:11} INFO - Get LATEST chromedriver version for google-chrome
[2024-02-18T09:09:39.999+0900] {logger.py:11} INFO - Driver [/home/ubuntu/.wdm/drivers/chromedriver/linux64/121.0.6167.184/chromedriver-linux64/chromedriver] found in cache
[2024-02-18T09:09:40.685+0900] {Naver_News_Collect.py:118} INFO - 접속완료
[2024-02-18T09:09:41.931+0900] {Naver_News_Collect.py:121} INFO - 3 Start
[2024-02-18T09:10:04.643+0900] {Naver_News_Collect.py:157} INFO - 4 End
[2024-02-18T09:10:06.645+0900] {logger.py:11} INFO - ====== WebDriver manager ======
[2024-02-18T09:10:06.734+0900] {logger.py:11} INFO - Get LATEST chromedriver version for google-chrome
[2024-02-18T09:10:06.822+0900] {logger.py:11} INFO - Get LATEST chromedriver version for google-chrome
[2024-02-18T09:10:06.905+0900] {logger.py:11} INFO - Driver [/home/ubuntu/.wdm/drivers/chromedriver/linux64/121.0.6167.184/chromedriver-linux64/chromedriver] found in cache
[2024-02-18T09:10:07.587+0900] {Naver_News_Collect.py:118} INFO - 접속완료
[2024-02-18T09:10:08.563+0900] {Naver_News_Collect.py:121} INFO - 4 Start
[2024-02-18T09:10:21.649+0900] {Naver_News_Collect.py:157} INFO - 5 End
[2024-02-18T09:10:24.653+0900] {logger.py:11} INFO - ====== WebDriver manager ======
[2024-02-18T09:10:24.742+0900] {logger.py:11} INFO - Get LATEST chromedriver version for google-chrome
[2024-02-18T09:10:24.828+0900] {logger.py:11} INFO - Get LATEST chromedriver version for google-chrome
[2024-02-18T09:10:24.910+0900] {logger.py:11} INFO - Driver [/home/ubuntu/.wdm/drivers/chromedriver/linux64/121.0.6167.184/chromedriver-linux64/chromedriver] found in cache
[2024-02-18T09:10:25.592+0900] {Naver_News_Collect.py:118} INFO - 접속완료
[2024-02-18T09:10:26.862+0900] {Naver_News_Collect.py:121} INFO - 5 Start
[2024-02-18T09:10:39.501+0900] {Naver_News_Collect.py:157} INFO - 6 End
[2024-02-18T09:10:42.505+0900] {logger.py:11} INFO - ====== WebDriver manager ======
[2024-02-18T09:10:42.592+0900] {logger.py:11} INFO - Get LATEST chromedriver version for google-chrome
[2024-02-18T09:10:42.675+0900] {logger.py:11} INFO - Get LATEST chromedriver version for google-chrome
[2024-02-18T09:10:42.757+0900] {logger.py:11} INFO - Driver [/home/ubuntu/.wdm/drivers/chromedriver/linux64/121.0.6167.184/chromedriver-linux64/chromedriver] found in cache
[2024-02-18T09:10:43.435+0900] {Naver_News_Collect.py:118} INFO - 접속완료
[2024-02-18T09:10:44.581+0900] {Naver_News_Collect.py:121} INFO - 6 Start
[2024-02-18T09:11:07.543+0900] {Naver_News_Collect.py:157} INFO - 7 End
[2024-02-18T09:11:09.545+0900] {logger.py:11} INFO - ====== WebDriver manager ======
[2024-02-18T09:11:09.634+0900] {logger.py:11} INFO - Get LATEST chromedriver version for google-chrome
[2024-02-18T09:11:09.718+0900] {logger.py:11} INFO - Get LATEST chromedriver version for google-chrome
[2024-02-18T09:11:09.800+0900] {logger.py:11} INFO - Driver [/home/ubuntu/.wdm/drivers/chromedriver/linux64/121.0.6167.184/chromedriver-linux64/chromedriver] found in cache
[2024-02-18T09:11:10.538+0900] {Naver_News_Collect.py:118} INFO - 접속완료
[2024-02-18T09:11:11.755+0900] {Naver_News_Collect.py:121} INFO - 7 Start
[2024-02-18T09:11:25.424+0900] {Naver_News_Collect.py:157} INFO - 8 End
[2024-02-18T09:11:27.427+0900] {logger.py:11} INFO - ====== WebDriver manager ======
[2024-02-18T09:11:27.513+0900] {logger.py:11} INFO - Get LATEST chromedriver version for google-chrome
[2024-02-18T09:11:27.597+0900] {logger.py:11} INFO - Get LATEST chromedriver version for google-chrome
[2024-02-18T09:11:27.680+0900] {logger.py:11} INFO - Driver [/home/ubuntu/.wdm/drivers/chromedriver/linux64/121.0.6167.184/chromedriver-linux64/chromedriver] found in cache
[2024-02-18T09:11:28.356+0900] {Naver_News_Collect.py:118} INFO - 접속완료
[2024-02-18T09:11:29.487+0900] {Naver_News_Collect.py:121} INFO - 8 Start
[2024-02-18T09:11:42.521+0900] {Naver_News_Collect.py:157} INFO - 9 End
[2024-02-18T09:11:45.524+0900] {logger.py:11} INFO - ====== WebDriver manager ======
[2024-02-18T09:11:45.611+0900] {logger.py:11} INFO - Get LATEST chromedriver version for google-chrome
[2024-02-18T09:11:45.694+0900] {logger.py:11} INFO - Get LATEST chromedriver version for google-chrome
[2024-02-18T09:11:45.775+0900] {logger.py:11} INFO - Driver [/home/ubuntu/.wdm/drivers/chromedriver/linux64/121.0.6167.184/chromedriver-linux64/chromedriver] found in cache
[2024-02-18T09:11:46.451+0900] {Naver_News_Collect.py:118} INFO - 접속완료
[2024-02-18T09:11:47.554+0900] {Naver_News_Collect.py:121} INFO - 9 Start
[2024-02-18T09:14:22.041+0900] {Naver_News_Collect.py:157} INFO - 10 End
[2024-02-18T09:14:25.045+0900] {logger.py:11} INFO - ====== WebDriver manager ======
[2024-02-18T09:14:25.132+0900] {logger.py:11} INFO - Get LATEST chromedriver version for google-chrome
[2024-02-18T09:14:25.214+0900] {logger.py:11} INFO - Get LATEST chromedriver version for google-chrome
[2024-02-18T09:14:25.296+0900] {logger.py:11} INFO - Driver [/home/ubuntu/.wdm/drivers/chromedriver/linux64/121.0.6167.184/chromedriver-linux64/chromedriver] found in cache
[2024-02-18T09:14:25.975+0900] {Naver_News_Collect.py:118} INFO - 접속완료
[2024-02-18T09:14:27.126+0900] {Naver_News_Collect.py:121} INFO - 10 Start
[2024-02-18T09:14:41.191+0900] {Naver_News_Collect.py:157} INFO - 11 End
[2024-02-18T09:14:43.194+0900] {logger.py:11} INFO - ====== WebDriver manager ======
[2024-02-18T09:14:43.283+0900] {logger.py:11} INFO - Get LATEST chromedriver version for google-chrome
[2024-02-18T09:14:43.368+0900] {logger.py:11} INFO - Get LATEST chromedriver version for google-chrome
[2024-02-18T09:14:43.451+0900] {logger.py:11} INFO - Driver [/home/ubuntu/.wdm/drivers/chromedriver/linux64/121.0.6167.184/chromedriver-linux64/chromedriver] found in cache
[2024-02-18T09:14:44.129+0900] {Naver_News_Collect.py:118} INFO - 접속완료
[2024-02-18T09:14:45.366+0900] {Naver_News_Collect.py:121} INFO - 11 Start
[2024-02-18T09:14:58.577+0900] {Naver_News_Collect.py:157} INFO - 12 End
[2024-02-18T09:15:01.581+0900] {logger.py:11} INFO - ====== WebDriver manager ======
[2024-02-18T09:15:01.669+0900] {logger.py:11} INFO - Get LATEST chromedriver version for google-chrome
[2024-02-18T09:15:01.752+0900] {logger.py:11} INFO - Get LATEST chromedriver version for google-chrome
[2024-02-18T09:15:01.836+0900] {logger.py:11} INFO - Driver [/home/ubuntu/.wdm/drivers/chromedriver/linux64/121.0.6167.184/chromedriver-linux64/chromedriver] found in cache
[2024-02-18T09:15:02.512+0900] {Naver_News_Collect.py:118} INFO - 접속완료
[2024-02-18T09:15:03.673+0900] {Naver_News_Collect.py:121} INFO - 12 Start
[2024-02-18T09:15:26.720+0900] {Naver_News_Collect.py:157} INFO - 13 End
[2024-02-18T09:15:28.721+0900] {logger.py:11} INFO - ====== WebDriver manager ======
[2024-02-18T09:15:28.809+0900] {logger.py:11} INFO - Get LATEST chromedriver version for google-chrome
[2024-02-18T09:15:28.893+0900] {logger.py:11} INFO - Get LATEST chromedriver version for google-chrome
[2024-02-18T09:15:28.975+0900] {logger.py:11} INFO - Driver [/home/ubuntu/.wdm/drivers/chromedriver/linux64/121.0.6167.184/chromedriver-linux64/chromedriver] found in cache
[2024-02-18T09:15:29.657+0900] {Naver_News_Collect.py:118} INFO - 접속완료
[2024-02-18T09:15:30.552+0900] {Naver_News_Collect.py:121} INFO - 13 Start
[2024-02-18T09:15:53.297+0900] {Naver_News_Collect.py:157} INFO - 14 End
[2024-02-18T09:15:55.299+0900] {logger.py:11} INFO - ====== WebDriver manager ======
[2024-02-18T09:15:55.389+0900] {logger.py:11} INFO - Get LATEST chromedriver version for google-chrome
[2024-02-18T09:15:55.472+0900] {logger.py:11} INFO - Get LATEST chromedriver version for google-chrome
[2024-02-18T09:15:55.564+0900] {logger.py:11} INFO - Driver [/home/ubuntu/.wdm/drivers/chromedriver/linux64/121.0.6167.184/chromedriver-linux64/chromedriver] found in cache
[2024-02-18T09:15:56.241+0900] {Naver_News_Collect.py:118} INFO - 접속완료
[2024-02-18T09:15:57.413+0900] {Naver_News_Collect.py:121} INFO - 14 Start
[2024-02-18T09:16:10.496+0900] {Naver_News_Collect.py:157} INFO - 15 End
[2024-02-18T09:16:13.500+0900] {logger.py:11} INFO - ====== WebDriver manager ======
[2024-02-18T09:16:13.590+0900] {logger.py:11} INFO - Get LATEST chromedriver version for google-chrome
[2024-02-18T09:16:13.674+0900] {logger.py:11} INFO - Get LATEST chromedriver version for google-chrome
[2024-02-18T09:16:13.757+0900] {logger.py:11} INFO - Driver [/home/ubuntu/.wdm/drivers/chromedriver/linux64/121.0.6167.184/chromedriver-linux64/chromedriver] found in cache
[2024-02-18T09:16:14.435+0900] {Naver_News_Collect.py:118} INFO - 접속완료
[2024-02-18T09:16:15.611+0900] {Naver_News_Collect.py:121} INFO - 15 Start
[2024-02-18T09:16:29.110+0900] {Naver_News_Collect.py:157} INFO - 16 End
[2024-02-18T09:16:31.113+0900] {logger.py:11} INFO - ====== WebDriver manager ======
[2024-02-18T09:16:31.201+0900] {logger.py:11} INFO - Get LATEST chromedriver version for google-chrome
[2024-02-18T09:16:31.284+0900] {logger.py:11} INFO - Get LATEST chromedriver version for google-chrome
[2024-02-18T09:16:31.368+0900] {logger.py:11} INFO - Driver [/home/ubuntu/.wdm/drivers/chromedriver/linux64/121.0.6167.184/chromedriver-linux64/chromedriver] found in cache
[2024-02-18T09:16:32.084+0900] {Naver_News_Collect.py:118} INFO - 접속완료
[2024-02-18T09:16:33.228+0900] {Naver_News_Collect.py:121} INFO - 16 Start
[2024-02-18T09:16:58.423+0900] {Naver_News_Collect.py:157} INFO - 17 End
[2024-02-18T09:17:00.425+0900] {logger.py:11} INFO - ====== WebDriver manager ======
[2024-02-18T09:17:00.513+0900] {logger.py:11} INFO - Get LATEST chromedriver version for google-chrome
[2024-02-18T09:17:00.596+0900] {logger.py:11} INFO - Get LATEST chromedriver version for google-chrome
[2024-02-18T09:17:00.678+0900] {logger.py:11} INFO - Driver [/home/ubuntu/.wdm/drivers/chromedriver/linux64/121.0.6167.184/chromedriver-linux64/chromedriver] found in cache
[2024-02-18T09:17:01.357+0900] {Naver_News_Collect.py:118} INFO - 접속완료
[2024-02-18T09:17:02.525+0900] {Naver_News_Collect.py:121} INFO - 17 Start
[2024-02-18T09:17:27.998+0900] {Naver_News_Collect.py:157} INFO - 18 End
[2024-02-18T09:17:30.001+0900] {logger.py:11} INFO - ====== WebDriver manager ======
[2024-02-18T09:17:30.089+0900] {logger.py:11} INFO - Get LATEST chromedriver version for google-chrome
[2024-02-18T09:17:30.171+0900] {logger.py:11} INFO - Get LATEST chromedriver version for google-chrome
[2024-02-18T09:17:30.254+0900] {logger.py:11} INFO - Driver [/home/ubuntu/.wdm/drivers/chromedriver/linux64/121.0.6167.184/chromedriver-linux64/chromedriver] found in cache
[2024-02-18T09:17:30.939+0900] {Naver_News_Collect.py:118} INFO - 접속완료
[2024-02-18T09:17:31.798+0900] {Naver_News_Collect.py:121} INFO - 18 Start
[2024-02-18T09:17:44.415+0900] {Naver_News_Collect.py:157} INFO - 19 End
[2024-02-18T09:17:46.417+0900] {logger.py:11} INFO - ====== WebDriver manager ======
[2024-02-18T09:17:46.506+0900] {logger.py:11} INFO - Get LATEST chromedriver version for google-chrome
[2024-02-18T09:17:46.590+0900] {logger.py:11} INFO - Get LATEST chromedriver version for google-chrome
[2024-02-18T09:17:46.671+0900] {logger.py:11} INFO - Driver [/home/ubuntu/.wdm/drivers/chromedriver/linux64/121.0.6167.184/chromedriver-linux64/chromedriver] found in cache
[2024-02-18T09:17:47.365+0900] {Naver_News_Collect.py:118} INFO - 접속완료
[2024-02-18T09:17:48.496+0900] {Naver_News_Collect.py:121} INFO - 19 Start
[2024-02-18T09:18:01.747+0900] {Naver_News_Collect.py:157} INFO - 20 End
[2024-02-18T09:18:05.095+0900] {python.py:201} INFO - Done. Returned value was: None
[2024-02-18T09:18:05.101+0900] {taskinstance.py:1138} INFO - Marking task as SUCCESS. dag_id=CollectNaverNews, task_id=news_Content_Comment_Collect, execution_date=20240217T000000, start_date=20240218T000727, end_date=20240218T001805
[2024-02-18T09:18:05.133+0900] {local_task_job_runner.py:234} INFO - Task exited with return code 0
[2024-02-18T09:18:05.144+0900] {taskinstance.py:3280} INFO - 0 downstream tasks scheduled from follow-on schedule check
