[2024-02-19T09:00:31.459+0900] {taskinstance.py:1956} INFO - Dependencies all met for dep_context=non-requeueable deps ti=<TaskInstance: CollectNaverNews.news_Content_Comment_Collect scheduled__2024-02-18T00:00:00+00:00 [queued]>
[2024-02-19T09:00:31.467+0900] {taskinstance.py:1956} INFO - Dependencies all met for dep_context=requeueable deps ti=<TaskInstance: CollectNaverNews.news_Content_Comment_Collect scheduled__2024-02-18T00:00:00+00:00 [queued]>
[2024-02-19T09:00:31.467+0900] {taskinstance.py:2170} INFO - Starting attempt 1 of 1
[2024-02-19T09:00:31.629+0900] {taskinstance.py:2191} INFO - Executing <Task(PythonOperator): news_Content_Comment_Collect> on 2024-02-18 00:00:00+00:00
[2024-02-19T09:00:31.635+0900] {standard_task_runner.py:60} INFO - Started process 824270 to run task
[2024-02-19T09:00:31.640+0900] {standard_task_runner.py:87} INFO - Running: ['airflow', 'tasks', 'run', 'CollectNaverNews', 'news_Content_Comment_Collect', 'scheduled__2024-02-18T00:00:00+00:00', '--job-id', '60', '--raw', '--subdir', 'DAGS_FOLDER/.ipynb_checkpoints/Naver_News_Collect-checkpoint.py', '--cfg-path', '/tmp/tmppljm5ffm']
[2024-02-19T09:00:31.642+0900] {standard_task_runner.py:88} INFO - Job 60: Subtask news_Content_Comment_Collect
[2024-02-19T09:00:31.686+0900] {task_command.py:423} INFO - Running <TaskInstance: CollectNaverNews.news_Content_Comment_Collect scheduled__2024-02-18T00:00:00+00:00 [running]> on host ip-172-31-11-88.ap-northeast-2.compute.internal
[2024-02-19T09:00:31.757+0900] {taskinstance.py:2480} INFO - Exporting env vars: AIRFLOW_CTX_DAG_OWNER='airflow' AIRFLOW_CTX_DAG_ID='CollectNaverNews' AIRFLOW_CTX_TASK_ID='news_Content_Comment_Collect' AIRFLOW_CTX_EXECUTION_DATE='2024-02-18T00:00:00+00:00' AIRFLOW_CTX_TRY_NUMBER='1' AIRFLOW_CTX_DAG_RUN_ID='scheduled__2024-02-18T00:00:00+00:00'
[2024-02-19T09:00:31.770+0900] {logger.py:11} INFO - ====== WebDriver manager ======
[2024-02-19T09:00:31.861+0900] {logger.py:11} INFO - Get LATEST chromedriver version for google-chrome
[2024-02-19T09:00:31.950+0900] {logger.py:11} INFO - Get LATEST chromedriver version for google-chrome
[2024-02-19T09:00:32.034+0900] {logger.py:11} INFO - Driver [/home/ubuntu/.wdm/drivers/chromedriver/linux64/121.0.6167.184/chromedriver-linux64/chromedriver] found in cache
[2024-02-19T09:00:32.729+0900] {Naver_News_Collect-checkpoint.py:117} INFO - 접속완료
[2024-02-19T09:01:02.821+0900] {Naver_News_Collect-checkpoint.py:120} INFO - 0 Start
[2024-02-19T09:01:12.896+0900] {Naver_News_Collect-checkpoint.py:156} INFO - 0 End
[2024-02-19T09:01:15.900+0900] {logger.py:11} INFO - ====== WebDriver manager ======
[2024-02-19T09:01:15.988+0900] {logger.py:11} INFO - Get LATEST chromedriver version for google-chrome
[2024-02-19T09:01:16.071+0900] {logger.py:11} INFO - Get LATEST chromedriver version for google-chrome
[2024-02-19T09:01:16.154+0900] {logger.py:11} INFO - Driver [/home/ubuntu/.wdm/drivers/chromedriver/linux64/121.0.6167.184/chromedriver-linux64/chromedriver] found in cache
[2024-02-19T09:01:16.830+0900] {Naver_News_Collect-checkpoint.py:117} INFO - 접속완료
[2024-02-19T09:01:18.258+0900] {Naver_News_Collect-checkpoint.py:120} INFO - 0 Start
[2024-02-19T09:01:41.127+0900] {Naver_News_Collect-checkpoint.py:156} INFO - 1 End
[2024-02-19T09:01:44.129+0900] {logger.py:11} INFO - ====== WebDriver manager ======
[2024-02-19T09:01:44.219+0900] {logger.py:11} INFO - Get LATEST chromedriver version for google-chrome
[2024-02-19T09:01:44.302+0900] {logger.py:11} INFO - Get LATEST chromedriver version for google-chrome
[2024-02-19T09:01:44.384+0900] {logger.py:11} INFO - Driver [/home/ubuntu/.wdm/drivers/chromedriver/linux64/121.0.6167.184/chromedriver-linux64/chromedriver] found in cache
[2024-02-19T09:01:45.091+0900] {Naver_News_Collect-checkpoint.py:117} INFO - 접속완료
[2024-02-19T09:01:46.279+0900] {Naver_News_Collect-checkpoint.py:120} INFO - 1 Start
[2024-02-19T09:04:18.578+0900] {Naver_News_Collect-checkpoint.py:156} INFO - 2 End
[2024-02-19T09:04:20.580+0900] {logger.py:11} INFO - ====== WebDriver manager ======
[2024-02-19T09:04:20.670+0900] {logger.py:11} INFO - Get LATEST chromedriver version for google-chrome
[2024-02-19T09:04:20.752+0900] {logger.py:11} INFO - Get LATEST chromedriver version for google-chrome
[2024-02-19T09:04:20.840+0900] {logger.py:11} INFO - Driver [/home/ubuntu/.wdm/drivers/chromedriver/linux64/121.0.6167.184/chromedriver-linux64/chromedriver] found in cache
[2024-02-19T09:04:21.525+0900] {Naver_News_Collect-checkpoint.py:117} INFO - 접속완료
[2024-02-19T09:04:22.837+0900] {Naver_News_Collect-checkpoint.py:120} INFO - 2 Start
[2024-02-19T09:04:45.701+0900] {Naver_News_Collect-checkpoint.py:156} INFO - 3 End
[2024-02-19T09:04:47.703+0900] {logger.py:11} INFO - ====== WebDriver manager ======
[2024-02-19T09:04:47.796+0900] {logger.py:11} INFO - Get LATEST chromedriver version for google-chrome
[2024-02-19T09:04:47.878+0900] {logger.py:11} INFO - Get LATEST chromedriver version for google-chrome
[2024-02-19T09:04:47.961+0900] {logger.py:11} INFO - Driver [/home/ubuntu/.wdm/drivers/chromedriver/linux64/121.0.6167.184/chromedriver-linux64/chromedriver] found in cache
[2024-02-19T09:04:48.634+0900] {Naver_News_Collect-checkpoint.py:117} INFO - 접속완료
[2024-02-19T09:04:49.837+0900] {Naver_News_Collect-checkpoint.py:120} INFO - 3 Start
[2024-02-19T09:05:55.116+0900] {Naver_News_Collect-checkpoint.py:156} INFO - 4 End
[2024-02-19T09:05:57.119+0900] {logger.py:11} INFO - ====== WebDriver manager ======
[2024-02-19T09:05:57.205+0900] {logger.py:11} INFO - Get LATEST chromedriver version for google-chrome
[2024-02-19T09:05:57.290+0900] {logger.py:11} INFO - Get LATEST chromedriver version for google-chrome
[2024-02-19T09:05:57.372+0900] {logger.py:11} INFO - Driver [/home/ubuntu/.wdm/drivers/chromedriver/linux64/121.0.6167.184/chromedriver-linux64/chromedriver] found in cache
[2024-02-19T09:05:58.057+0900] {Naver_News_Collect-checkpoint.py:117} INFO - 접속완료
[2024-02-19T09:05:59.323+0900] {Naver_News_Collect-checkpoint.py:120} INFO - 4 Start
[2024-02-19T09:06:21.864+0900] {Naver_News_Collect-checkpoint.py:156} INFO - 5 End
[2024-02-19T09:06:23.866+0900] {logger.py:11} INFO - ====== WebDriver manager ======
[2024-02-19T09:06:23.955+0900] {logger.py:11} INFO - Get LATEST chromedriver version for google-chrome
[2024-02-19T09:06:24.037+0900] {logger.py:11} INFO - Get LATEST chromedriver version for google-chrome
[2024-02-19T09:06:24.119+0900] {logger.py:11} INFO - Driver [/home/ubuntu/.wdm/drivers/chromedriver/linux64/121.0.6167.184/chromedriver-linux64/chromedriver] found in cache
[2024-02-19T09:06:24.797+0900] {Naver_News_Collect-checkpoint.py:117} INFO - 접속완료
[2024-02-19T09:06:54.881+0900] {Naver_News_Collect-checkpoint.py:120} INFO - 5 Start
[2024-02-19T09:07:04.994+0900] {Naver_News_Collect-checkpoint.py:156} INFO - 5 End
[2024-02-19T09:07:06.997+0900] {logger.py:11} INFO - ====== WebDriver manager ======
[2024-02-19T09:07:07.087+0900] {logger.py:11} INFO - Get LATEST chromedriver version for google-chrome
[2024-02-19T09:07:07.169+0900] {logger.py:11} INFO - Get LATEST chromedriver version for google-chrome
[2024-02-19T09:07:07.252+0900] {logger.py:11} INFO - Driver [/home/ubuntu/.wdm/drivers/chromedriver/linux64/121.0.6167.184/chromedriver-linux64/chromedriver] found in cache
[2024-02-19T09:07:07.948+0900] {Naver_News_Collect-checkpoint.py:117} INFO - 접속완료
[2024-02-19T09:07:09.107+0900] {Naver_News_Collect-checkpoint.py:120} INFO - 5 Start
[2024-02-19T09:07:22.730+0900] {Naver_News_Collect-checkpoint.py:156} INFO - 6 End
[2024-02-19T09:07:24.732+0900] {logger.py:11} INFO - ====== WebDriver manager ======
[2024-02-19T09:07:24.820+0900] {logger.py:11} INFO - Get LATEST chromedriver version for google-chrome
[2024-02-19T09:07:24.907+0900] {logger.py:11} INFO - Get LATEST chromedriver version for google-chrome
[2024-02-19T09:07:24.989+0900] {logger.py:11} INFO - Driver [/home/ubuntu/.wdm/drivers/chromedriver/linux64/121.0.6167.184/chromedriver-linux64/chromedriver] found in cache
[2024-02-19T09:07:25.673+0900] {Naver_News_Collect-checkpoint.py:117} INFO - 접속완료
[2024-02-19T09:07:26.854+0900] {Naver_News_Collect-checkpoint.py:120} INFO - 6 Start
[2024-02-19T09:07:49.882+0900] {Naver_News_Collect-checkpoint.py:156} INFO - 7 End
[2024-02-19T09:07:51.885+0900] {logger.py:11} INFO - ====== WebDriver manager ======
[2024-02-19T09:07:51.973+0900] {logger.py:11} INFO - Get LATEST chromedriver version for google-chrome
[2024-02-19T09:07:52.055+0900] {logger.py:11} INFO - Get LATEST chromedriver version for google-chrome
[2024-02-19T09:07:52.141+0900] {logger.py:11} INFO - Driver [/home/ubuntu/.wdm/drivers/chromedriver/linux64/121.0.6167.184/chromedriver-linux64/chromedriver] found in cache
[2024-02-19T09:07:52.818+0900] {Naver_News_Collect-checkpoint.py:117} INFO - 접속완료
[2024-02-19T09:07:53.986+0900] {Naver_News_Collect-checkpoint.py:120} INFO - 7 Start
[2024-02-19T09:08:16.960+0900] {Naver_News_Collect-checkpoint.py:156} INFO - 8 End
[2024-02-19T09:08:18.963+0900] {logger.py:11} INFO - ====== WebDriver manager ======
[2024-02-19T09:08:19.050+0900] {logger.py:11} INFO - Get LATEST chromedriver version for google-chrome
[2024-02-19T09:08:19.132+0900] {logger.py:11} INFO - Get LATEST chromedriver version for google-chrome
[2024-02-19T09:08:19.214+0900] {logger.py:11} INFO - Driver [/home/ubuntu/.wdm/drivers/chromedriver/linux64/121.0.6167.184/chromedriver-linux64/chromedriver] found in cache
[2024-02-19T09:08:19.906+0900] {Naver_News_Collect-checkpoint.py:117} INFO - 접속완료
[2024-02-19T09:08:21.046+0900] {Naver_News_Collect-checkpoint.py:120} INFO - 8 Start
[2024-02-19T09:08:44.048+0900] {Naver_News_Collect-checkpoint.py:156} INFO - 9 End
[2024-02-19T09:08:47.051+0900] {logger.py:11} INFO - ====== WebDriver manager ======
[2024-02-19T09:08:47.139+0900] {logger.py:11} INFO - Get LATEST chromedriver version for google-chrome
[2024-02-19T09:08:47.221+0900] {logger.py:11} INFO - Get LATEST chromedriver version for google-chrome
[2024-02-19T09:08:47.304+0900] {logger.py:11} INFO - Driver [/home/ubuntu/.wdm/drivers/chromedriver/linux64/121.0.6167.184/chromedriver-linux64/chromedriver] found in cache
[2024-02-19T09:08:47.988+0900] {Naver_News_Collect-checkpoint.py:117} INFO - 접속완료
[2024-02-19T09:08:49.168+0900] {Naver_News_Collect-checkpoint.py:120} INFO - 9 Start
[2024-02-19T09:09:02.298+0900] {Naver_News_Collect-checkpoint.py:156} INFO - 10 End
[2024-02-19T09:09:05.301+0900] {logger.py:11} INFO - ====== WebDriver manager ======
[2024-02-19T09:09:05.390+0900] {logger.py:11} INFO - Get LATEST chromedriver version for google-chrome
[2024-02-19T09:09:05.473+0900] {logger.py:11} INFO - Get LATEST chromedriver version for google-chrome
[2024-02-19T09:09:05.555+0900] {logger.py:11} INFO - Driver [/home/ubuntu/.wdm/drivers/chromedriver/linux64/121.0.6167.184/chromedriver-linux64/chromedriver] found in cache
[2024-02-19T09:09:06.232+0900] {Naver_News_Collect-checkpoint.py:117} INFO - 접속완료
[2024-02-19T09:09:07.129+0900] {Naver_News_Collect-checkpoint.py:120} INFO - 10 Start
[2024-02-19T09:09:19.746+0900] {Naver_News_Collect-checkpoint.py:156} INFO - 11 End
[2024-02-19T09:09:21.749+0900] {logger.py:11} INFO - ====== WebDriver manager ======
[2024-02-19T09:09:21.836+0900] {logger.py:11} INFO - Get LATEST chromedriver version for google-chrome
[2024-02-19T09:09:21.922+0900] {logger.py:11} INFO - Get LATEST chromedriver version for google-chrome
[2024-02-19T09:09:22.004+0900] {logger.py:11} INFO - Driver [/home/ubuntu/.wdm/drivers/chromedriver/linux64/121.0.6167.184/chromedriver-linux64/chromedriver] found in cache
[2024-02-19T09:09:22.707+0900] {Naver_News_Collect-checkpoint.py:117} INFO - 접속완료
[2024-02-19T09:09:23.742+0900] {Naver_News_Collect-checkpoint.py:120} INFO - 11 Start
[2024-02-19T09:09:36.896+0900] {Naver_News_Collect-checkpoint.py:156} INFO - 12 End
[2024-02-19T09:09:38.899+0900] {logger.py:11} INFO - ====== WebDriver manager ======
[2024-02-19T09:09:38.987+0900] {logger.py:11} INFO - Get LATEST chromedriver version for google-chrome
[2024-02-19T09:09:39.069+0900] {logger.py:11} INFO - Get LATEST chromedriver version for google-chrome
[2024-02-19T09:09:39.152+0900] {logger.py:11} INFO - Driver [/home/ubuntu/.wdm/drivers/chromedriver/linux64/121.0.6167.184/chromedriver-linux64/chromedriver] found in cache
[2024-02-19T09:09:39.883+0900] {Naver_News_Collect-checkpoint.py:117} INFO - 접속완료
[2024-02-19T09:09:40.931+0900] {Naver_News_Collect-checkpoint.py:120} INFO - 12 Start
[2024-02-19T09:09:54.074+0900] {Naver_News_Collect-checkpoint.py:156} INFO - 13 End
[2024-02-19T09:09:56.076+0900] {logger.py:11} INFO - ====== WebDriver manager ======
[2024-02-19T09:09:56.164+0900] {logger.py:11} INFO - Get LATEST chromedriver version for google-chrome
[2024-02-19T09:09:56.247+0900] {logger.py:11} INFO - Get LATEST chromedriver version for google-chrome
[2024-02-19T09:09:56.336+0900] {logger.py:11} INFO - Driver [/home/ubuntu/.wdm/drivers/chromedriver/linux64/121.0.6167.184/chromedriver-linux64/chromedriver] found in cache
[2024-02-19T09:09:57.011+0900] {Naver_News_Collect-checkpoint.py:117} INFO - 접속완료
[2024-02-19T09:09:58.030+0900] {Naver_News_Collect-checkpoint.py:120} INFO - 13 Start
[2024-02-19T09:10:20.946+0900] {Naver_News_Collect-checkpoint.py:156} INFO - 14 End
[2024-02-19T09:10:23.949+0900] {logger.py:11} INFO - ====== WebDriver manager ======
[2024-02-19T09:10:24.037+0900] {logger.py:11} INFO - Get LATEST chromedriver version for google-chrome
[2024-02-19T09:10:24.119+0900] {logger.py:11} INFO - Get LATEST chromedriver version for google-chrome
[2024-02-19T09:10:24.202+0900] {logger.py:11} INFO - Driver [/home/ubuntu/.wdm/drivers/chromedriver/linux64/121.0.6167.184/chromedriver-linux64/chromedriver] found in cache
[2024-02-19T09:10:24.877+0900] {Naver_News_Collect-checkpoint.py:117} INFO - 접속완료
[2024-02-19T09:10:26.002+0900] {Naver_News_Collect-checkpoint.py:120} INFO - 14 Start
[2024-02-19T09:10:39.506+0900] {Naver_News_Collect-checkpoint.py:156} INFO - 15 End
[2024-02-19T09:10:41.509+0900] {logger.py:11} INFO - ====== WebDriver manager ======
[2024-02-19T09:10:41.597+0900] {logger.py:11} INFO - Get LATEST chromedriver version for google-chrome
[2024-02-19T09:10:41.680+0900] {logger.py:11} INFO - Get LATEST chromedriver version for google-chrome
[2024-02-19T09:10:41.763+0900] {logger.py:11} INFO - Driver [/home/ubuntu/.wdm/drivers/chromedriver/linux64/121.0.6167.184/chromedriver-linux64/chromedriver] found in cache
[2024-02-19T09:10:42.443+0900] {Naver_News_Collect-checkpoint.py:117} INFO - 접속완료
[2024-02-19T09:10:43.570+0900] {Naver_News_Collect-checkpoint.py:120} INFO - 15 Start
[2024-02-19T09:11:06.634+0900] {Naver_News_Collect-checkpoint.py:156} INFO - 16 End
[2024-02-19T09:11:08.637+0900] {logger.py:11} INFO - ====== WebDriver manager ======
[2024-02-19T09:11:08.725+0900] {logger.py:11} INFO - Get LATEST chromedriver version for google-chrome
[2024-02-19T09:11:08.811+0900] {logger.py:11} INFO - Get LATEST chromedriver version for google-chrome
[2024-02-19T09:11:08.896+0900] {logger.py:11} INFO - Driver [/home/ubuntu/.wdm/drivers/chromedriver/linux64/121.0.6167.184/chromedriver-linux64/chromedriver] found in cache
[2024-02-19T09:11:09.579+0900] {Naver_News_Collect-checkpoint.py:117} INFO - 접속완료
[2024-02-19T09:11:10.644+0900] {Naver_News_Collect-checkpoint.py:120} INFO - 16 Start
[2024-02-19T09:11:23.883+0900] {Naver_News_Collect-checkpoint.py:156} INFO - 17 End
[2024-02-19T09:11:25.886+0900] {logger.py:11} INFO - ====== WebDriver manager ======
[2024-02-19T09:11:25.972+0900] {logger.py:11} INFO - Get LATEST chromedriver version for google-chrome
[2024-02-19T09:11:26.054+0900] {logger.py:11} INFO - Get LATEST chromedriver version for google-chrome
[2024-02-19T09:11:26.137+0900] {logger.py:11} INFO - Driver [/home/ubuntu/.wdm/drivers/chromedriver/linux64/121.0.6167.184/chromedriver-linux64/chromedriver] found in cache
[2024-02-19T09:11:26.808+0900] {Naver_News_Collect-checkpoint.py:117} INFO - 접속완료
[2024-02-19T09:11:56.892+0900] {Naver_News_Collect-checkpoint.py:120} INFO - 17 Start
[2024-02-19T09:12:06.970+0900] {Naver_News_Collect-checkpoint.py:156} INFO - 17 End
[2024-02-19T09:12:09.973+0900] {logger.py:11} INFO - ====== WebDriver manager ======
[2024-02-19T09:12:10.060+0900] {logger.py:11} INFO - Get LATEST chromedriver version for google-chrome
[2024-02-19T09:12:10.142+0900] {logger.py:11} INFO - Get LATEST chromedriver version for google-chrome
[2024-02-19T09:12:10.224+0900] {logger.py:11} INFO - Driver [/home/ubuntu/.wdm/drivers/chromedriver/linux64/121.0.6167.184/chromedriver-linux64/chromedriver] found in cache
[2024-02-19T09:12:10.919+0900] {Naver_News_Collect-checkpoint.py:117} INFO - 접속완료
[2024-02-19T09:12:11.964+0900] {Naver_News_Collect-checkpoint.py:120} INFO - 17 Start
[2024-02-19T09:12:25.763+0900] {Naver_News_Collect-checkpoint.py:156} INFO - 18 End
[2024-02-19T09:12:28.765+0900] {logger.py:11} INFO - ====== WebDriver manager ======
[2024-02-19T09:12:28.853+0900] {logger.py:11} INFO - Get LATEST chromedriver version for google-chrome
[2024-02-19T09:12:28.936+0900] {logger.py:11} INFO - Get LATEST chromedriver version for google-chrome
[2024-02-19T09:12:29.017+0900] {logger.py:11} INFO - Driver [/home/ubuntu/.wdm/drivers/chromedriver/linux64/121.0.6167.184/chromedriver-linux64/chromedriver] found in cache
[2024-02-19T09:12:29.715+0900] {Naver_News_Collect-checkpoint.py:117} INFO - 접속완료
[2024-02-19T09:12:30.762+0900] {Naver_News_Collect-checkpoint.py:120} INFO - 18 Start
[2024-02-19T09:12:53.796+0900] {Naver_News_Collect-checkpoint.py:156} INFO - 19 End
[2024-02-19T09:12:56.800+0900] {logger.py:11} INFO - ====== WebDriver manager ======
[2024-02-19T09:12:56.896+0900] {logger.py:11} INFO - Get LATEST chromedriver version for google-chrome
[2024-02-19T09:12:56.982+0900] {logger.py:11} INFO - Get LATEST chromedriver version for google-chrome
[2024-02-19T09:12:57.064+0900] {logger.py:11} INFO - Driver [/home/ubuntu/.wdm/drivers/chromedriver/linux64/121.0.6167.184/chromedriver-linux64/chromedriver] found in cache
[2024-02-19T09:12:57.760+0900] {Naver_News_Collect-checkpoint.py:117} INFO - 접속완료
[2024-02-19T09:12:58.845+0900] {Naver_News_Collect-checkpoint.py:120} INFO - 19 Start
[2024-02-19T09:13:21.746+0900] {Naver_News_Collect-checkpoint.py:156} INFO - 20 End
[2024-02-19T09:13:24.749+0900] {logger.py:11} INFO - ====== WebDriver manager ======
[2024-02-19T09:13:24.836+0900] {logger.py:11} INFO - Get LATEST chromedriver version for google-chrome
[2024-02-19T09:13:24.924+0900] {logger.py:11} INFO - Get LATEST chromedriver version for google-chrome
[2024-02-19T09:13:25.012+0900] {logger.py:11} INFO - Driver [/home/ubuntu/.wdm/drivers/chromedriver/linux64/121.0.6167.184/chromedriver-linux64/chromedriver] found in cache
[2024-02-19T09:13:25.692+0900] {Naver_News_Collect-checkpoint.py:117} INFO - 접속완료
[2024-02-19T09:13:55.796+0900] {Naver_News_Collect-checkpoint.py:120} INFO - 20 Start
[2024-02-19T09:14:05.867+0900] {Naver_News_Collect-checkpoint.py:156} INFO - 20 End
[2024-02-19T09:14:08.871+0900] {logger.py:11} INFO - ====== WebDriver manager ======
[2024-02-19T09:14:08.958+0900] {logger.py:11} INFO - Get LATEST chromedriver version for google-chrome
[2024-02-19T09:14:09.042+0900] {logger.py:11} INFO - Get LATEST chromedriver version for google-chrome
[2024-02-19T09:14:09.123+0900] {logger.py:11} INFO - Driver [/home/ubuntu/.wdm/drivers/chromedriver/linux64/121.0.6167.184/chromedriver-linux64/chromedriver] found in cache
[2024-02-19T09:14:09.801+0900] {Naver_News_Collect-checkpoint.py:117} INFO - 접속완료
[2024-02-19T09:14:11.031+0900] {Naver_News_Collect-checkpoint.py:120} INFO - 20 Start
[2024-02-19T09:14:24.146+0900] {Naver_News_Collect-checkpoint.py:156} INFO - 21 End
[2024-02-19T09:14:26.148+0900] {logger.py:11} INFO - ====== WebDriver manager ======
[2024-02-19T09:14:26.235+0900] {logger.py:11} INFO - Get LATEST chromedriver version for google-chrome
[2024-02-19T09:14:26.318+0900] {logger.py:11} INFO - Get LATEST chromedriver version for google-chrome
[2024-02-19T09:14:26.425+0900] {logger.py:11} INFO - Driver [/home/ubuntu/.wdm/drivers/chromedriver/linux64/121.0.6167.184/chromedriver-linux64/chromedriver] found in cache
[2024-02-19T09:14:27.102+0900] {Naver_News_Collect-checkpoint.py:117} INFO - 접속완료
[2024-02-19T09:14:28.286+0900] {Naver_News_Collect-checkpoint.py:120} INFO - 21 Start
[2024-02-19T09:14:41.642+0900] {Naver_News_Collect-checkpoint.py:156} INFO - 22 End
[2024-02-19T09:14:44.646+0900] {logger.py:11} INFO - ====== WebDriver manager ======
[2024-02-19T09:14:44.733+0900] {logger.py:11} INFO - Get LATEST chromedriver version for google-chrome
[2024-02-19T09:14:44.815+0900] {logger.py:11} INFO - Get LATEST chromedriver version for google-chrome
[2024-02-19T09:14:44.910+0900] {logger.py:11} INFO - Driver [/home/ubuntu/.wdm/drivers/chromedriver/linux64/121.0.6167.184/chromedriver-linux64/chromedriver] found in cache
[2024-02-19T09:14:45.586+0900] {Naver_News_Collect-checkpoint.py:117} INFO - 접속완료
[2024-02-19T09:14:46.526+0900] {Naver_News_Collect-checkpoint.py:120} INFO - 22 Start
[2024-02-19T09:15:00.297+0900] {Naver_News_Collect-checkpoint.py:156} INFO - 23 End
[2024-02-19T09:15:02.300+0900] {logger.py:11} INFO - ====== WebDriver manager ======
[2024-02-19T09:15:02.395+0900] {logger.py:11} INFO - Get LATEST chromedriver version for google-chrome
[2024-02-19T09:15:02.481+0900] {logger.py:11} INFO - Get LATEST chromedriver version for google-chrome
[2024-02-19T09:15:02.564+0900] {logger.py:11} INFO - Driver [/home/ubuntu/.wdm/drivers/chromedriver/linux64/121.0.6167.184/chromedriver-linux64/chromedriver] found in cache
[2024-02-19T09:15:03.238+0900] {Naver_News_Collect-checkpoint.py:117} INFO - 접속완료
[2024-02-19T09:15:04.420+0900] {Naver_News_Collect-checkpoint.py:120} INFO - 23 Start
[2024-02-19T09:15:27.443+0900] {Naver_News_Collect-checkpoint.py:156} INFO - 24 End
[2024-02-19T09:15:30.446+0900] {logger.py:11} INFO - ====== WebDriver manager ======
[2024-02-19T09:15:30.534+0900] {logger.py:11} INFO - Get LATEST chromedriver version for google-chrome
[2024-02-19T09:15:30.620+0900] {logger.py:11} INFO - Get LATEST chromedriver version for google-chrome
[2024-02-19T09:15:30.708+0900] {logger.py:11} INFO - Driver [/home/ubuntu/.wdm/drivers/chromedriver/linux64/121.0.6167.184/chromedriver-linux64/chromedriver] found in cache
[2024-02-19T09:15:31.402+0900] {Naver_News_Collect-checkpoint.py:117} INFO - 접속완료
[2024-02-19T09:15:32.555+0900] {Naver_News_Collect-checkpoint.py:120} INFO - 24 Start
[2024-02-19T09:15:55.498+0900] {Naver_News_Collect-checkpoint.py:156} INFO - 25 End
[2024-02-19T09:15:58.501+0900] {logger.py:11} INFO - ====== WebDriver manager ======
[2024-02-19T09:15:58.589+0900] {logger.py:11} INFO - Get LATEST chromedriver version for google-chrome
[2024-02-19T09:15:58.671+0900] {logger.py:11} INFO - Get LATEST chromedriver version for google-chrome
[2024-02-19T09:15:58.757+0900] {logger.py:11} INFO - Driver [/home/ubuntu/.wdm/drivers/chromedriver/linux64/121.0.6167.184/chromedriver-linux64/chromedriver] found in cache
[2024-02-19T09:15:59.444+0900] {Naver_News_Collect-checkpoint.py:117} INFO - 접속완료
[2024-02-19T09:16:29.533+0900] {Naver_News_Collect-checkpoint.py:120} INFO - 25 Start
[2024-02-19T09:16:39.600+0900] {Naver_News_Collect-checkpoint.py:156} INFO - 25 End
[2024-02-19T09:16:42.603+0900] {logger.py:11} INFO - ====== WebDriver manager ======
[2024-02-19T09:16:42.690+0900] {logger.py:11} INFO - Get LATEST chromedriver version for google-chrome
[2024-02-19T09:16:42.784+0900] {logger.py:11} INFO - Get LATEST chromedriver version for google-chrome
[2024-02-19T09:16:42.870+0900] {logger.py:11} INFO - Driver [/home/ubuntu/.wdm/drivers/chromedriver/linux64/121.0.6167.184/chromedriver-linux64/chromedriver] found in cache
[2024-02-19T09:16:43.557+0900] {Naver_News_Collect-checkpoint.py:117} INFO - 접속완료
[2024-02-19T09:16:44.764+0900] {Naver_News_Collect-checkpoint.py:120} INFO - 25 Start
[2024-02-19T09:17:08.623+0900] {Naver_News_Collect-checkpoint.py:156} INFO - 26 End
[2024-02-19T09:17:11.627+0900] {logger.py:11} INFO - ====== WebDriver manager ======
[2024-02-19T09:17:11.715+0900] {logger.py:11} INFO - Get LATEST chromedriver version for google-chrome
[2024-02-19T09:17:11.801+0900] {logger.py:11} INFO - Get LATEST chromedriver version for google-chrome
[2024-02-19T09:17:11.889+0900] {logger.py:11} INFO - Driver [/home/ubuntu/.wdm/drivers/chromedriver/linux64/121.0.6167.184/chromedriver-linux64/chromedriver] found in cache
[2024-02-19T09:17:12.571+0900] {Naver_News_Collect-checkpoint.py:117} INFO - 접속완료
[2024-02-19T09:17:42.654+0900] {Naver_News_Collect-checkpoint.py:120} INFO - 26 Start
[2024-02-19T09:17:52.721+0900] {Naver_News_Collect-checkpoint.py:156} INFO - 26 End
[2024-02-19T09:17:55.725+0900] {logger.py:11} INFO - ====== WebDriver manager ======
[2024-02-19T09:17:55.813+0900] {logger.py:11} INFO - Get LATEST chromedriver version for google-chrome
[2024-02-19T09:17:55.899+0900] {logger.py:11} INFO - Get LATEST chromedriver version for google-chrome
[2024-02-19T09:17:55.985+0900] {logger.py:11} INFO - Driver [/home/ubuntu/.wdm/drivers/chromedriver/linux64/121.0.6167.184/chromedriver-linux64/chromedriver] found in cache
[2024-02-19T09:17:56.689+0900] {Naver_News_Collect-checkpoint.py:117} INFO - 접속완료
[2024-02-19T09:17:57.882+0900] {Naver_News_Collect-checkpoint.py:120} INFO - 26 Start
[2024-02-19T09:18:11.054+0900] {Naver_News_Collect-checkpoint.py:156} INFO - 27 End
[2024-02-19T09:18:13.056+0900] {logger.py:11} INFO - ====== WebDriver manager ======
[2024-02-19T09:18:13.145+0900] {logger.py:11} INFO - Get LATEST chromedriver version for google-chrome
[2024-02-19T09:18:13.238+0900] {logger.py:11} INFO - Get LATEST chromedriver version for google-chrome
[2024-02-19T09:18:13.336+0900] {logger.py:11} INFO - Driver [/home/ubuntu/.wdm/drivers/chromedriver/linux64/121.0.6167.184/chromedriver-linux64/chromedriver] found in cache
[2024-02-19T09:18:14.023+0900] {Naver_News_Collect-checkpoint.py:117} INFO - 접속완료
[2024-02-19T09:18:15.092+0900] {Naver_News_Collect-checkpoint.py:120} INFO - 27 Start
[2024-02-19T09:18:38.824+0900] {Naver_News_Collect-checkpoint.py:156} INFO - 28 End
[2024-02-19T09:18:40.825+0900] {logger.py:11} INFO - ====== WebDriver manager ======
[2024-02-19T09:18:40.912+0900] {logger.py:11} INFO - Get LATEST chromedriver version for google-chrome
[2024-02-19T09:18:41.002+0900] {logger.py:11} INFO - Get LATEST chromedriver version for google-chrome
[2024-02-19T09:18:41.092+0900] {logger.py:11} INFO - Driver [/home/ubuntu/.wdm/drivers/chromedriver/linux64/121.0.6167.184/chromedriver-linux64/chromedriver] found in cache
[2024-02-19T09:18:41.771+0900] {Naver_News_Collect-checkpoint.py:117} INFO - 접속완료
[2024-02-19T09:18:42.950+0900] {Naver_News_Collect-checkpoint.py:120} INFO - 28 Start
[2024-02-19T09:19:06.575+0900] {Naver_News_Collect-checkpoint.py:156} INFO - 29 End
[2024-02-19T09:19:09.579+0900] {logger.py:11} INFO - ====== WebDriver manager ======
[2024-02-19T09:19:09.666+0900] {logger.py:11} INFO - Get LATEST chromedriver version for google-chrome
[2024-02-19T09:19:09.757+0900] {logger.py:11} INFO - Get LATEST chromedriver version for google-chrome
[2024-02-19T09:19:09.844+0900] {logger.py:11} INFO - Driver [/home/ubuntu/.wdm/drivers/chromedriver/linux64/121.0.6167.184/chromedriver-linux64/chromedriver] found in cache
[2024-02-19T09:19:10.530+0900] {Naver_News_Collect-checkpoint.py:117} INFO - 접속완료
[2024-02-19T09:19:11.589+0900] {Naver_News_Collect-checkpoint.py:120} INFO - 29 Start
[2024-02-19T09:19:34.601+0900] {Naver_News_Collect-checkpoint.py:156} INFO - 30 End
[2024-02-19T09:19:37.605+0900] {logger.py:11} INFO - ====== WebDriver manager ======
[2024-02-19T09:19:37.693+0900] {logger.py:11} INFO - Get LATEST chromedriver version for google-chrome
[2024-02-19T09:19:37.777+0900] {logger.py:11} INFO - Get LATEST chromedriver version for google-chrome
[2024-02-19T09:19:37.861+0900] {logger.py:11} INFO - Driver [/home/ubuntu/.wdm/drivers/chromedriver/linux64/121.0.6167.184/chromedriver-linux64/chromedriver] found in cache
[2024-02-19T09:19:38.538+0900] {Naver_News_Collect-checkpoint.py:117} INFO - 접속완료
[2024-02-19T09:20:08.626+0900] {Naver_News_Collect-checkpoint.py:120} INFO - 30 Start
[2024-02-19T09:20:18.723+0900] {Naver_News_Collect-checkpoint.py:156} INFO - 30 End
[2024-02-19T09:20:20.725+0900] {logger.py:11} INFO - ====== WebDriver manager ======
[2024-02-19T09:20:20.814+0900] {logger.py:11} INFO - Get LATEST chromedriver version for google-chrome
[2024-02-19T09:20:20.898+0900] {logger.py:11} INFO - Get LATEST chromedriver version for google-chrome
[2024-02-19T09:20:20.981+0900] {logger.py:11} INFO - Driver [/home/ubuntu/.wdm/drivers/chromedriver/linux64/121.0.6167.184/chromedriver-linux64/chromedriver] found in cache
[2024-02-19T09:20:21.667+0900] {Naver_News_Collect-checkpoint.py:117} INFO - 접속완료
[2024-02-19T09:20:51.774+0900] {Naver_News_Collect-checkpoint.py:120} INFO - 30 Start
[2024-02-19T09:21:01.860+0900] {Naver_News_Collect-checkpoint.py:156} INFO - 30 End
[2024-02-19T09:21:04.864+0900] {logger.py:11} INFO - ====== WebDriver manager ======
[2024-02-19T09:21:04.956+0900] {logger.py:11} INFO - Get LATEST chromedriver version for google-chrome
[2024-02-19T09:21:05.042+0900] {logger.py:11} INFO - Get LATEST chromedriver version for google-chrome
[2024-02-19T09:21:05.127+0900] {logger.py:11} INFO - Driver [/home/ubuntu/.wdm/drivers/chromedriver/linux64/121.0.6167.184/chromedriver-linux64/chromedriver] found in cache
[2024-02-19T09:21:05.804+0900] {Naver_News_Collect-checkpoint.py:117} INFO - 접속완료
[2024-02-19T09:21:35.892+0900] {Naver_News_Collect-checkpoint.py:120} INFO - 30 Start
[2024-02-19T09:21:46.009+0900] {Naver_News_Collect-checkpoint.py:156} INFO - 30 End
[2024-02-19T09:21:49.012+0900] {logger.py:11} INFO - ====== WebDriver manager ======
[2024-02-19T09:21:49.099+0900] {logger.py:11} INFO - Get LATEST chromedriver version for google-chrome
[2024-02-19T09:21:49.186+0900] {logger.py:11} INFO - Get LATEST chromedriver version for google-chrome
[2024-02-19T09:21:49.269+0900] {logger.py:11} INFO - Driver [/home/ubuntu/.wdm/drivers/chromedriver/linux64/121.0.6167.184/chromedriver-linux64/chromedriver] found in cache
[2024-02-19T09:21:49.933+0900] {Naver_News_Collect-checkpoint.py:117} INFO - 접속완료
[2024-02-19T09:21:51.091+0900] {Naver_News_Collect-checkpoint.py:120} INFO - 30 Start
[2024-02-19T09:22:14.032+0900] {Naver_News_Collect-checkpoint.py:156} INFO - 31 End
[2024-02-19T09:22:16.033+0900] {logger.py:11} INFO - ====== WebDriver manager ======
[2024-02-19T09:22:16.120+0900] {logger.py:11} INFO - Get LATEST chromedriver version for google-chrome
[2024-02-19T09:22:16.203+0900] {logger.py:11} INFO - Get LATEST chromedriver version for google-chrome
[2024-02-19T09:22:16.285+0900] {logger.py:11} INFO - Driver [/home/ubuntu/.wdm/drivers/chromedriver/linux64/121.0.6167.184/chromedriver-linux64/chromedriver] found in cache
[2024-02-19T09:22:16.962+0900] {Naver_News_Collect-checkpoint.py:117} INFO - 접속완료
[2024-02-19T09:22:17.861+0900] {Naver_News_Collect-checkpoint.py:120} INFO - 31 Start
[2024-02-19T09:22:30.657+0900] {Naver_News_Collect-checkpoint.py:156} INFO - 32 End
[2024-02-19T09:22:32.660+0900] {logger.py:11} INFO - ====== WebDriver manager ======
[2024-02-19T09:22:32.751+0900] {logger.py:11} INFO - Get LATEST chromedriver version for google-chrome
[2024-02-19T09:22:32.835+0900] {logger.py:11} INFO - Get LATEST chromedriver version for google-chrome
[2024-02-19T09:22:32.917+0900] {logger.py:11} INFO - Driver [/home/ubuntu/.wdm/drivers/chromedriver/linux64/121.0.6167.184/chromedriver-linux64/chromedriver] found in cache
[2024-02-19T09:22:33.591+0900] {Naver_News_Collect-checkpoint.py:117} INFO - 접속완료
[2024-02-19T09:22:34.941+0900] {Naver_News_Collect-checkpoint.py:120} INFO - 32 Start
[2024-02-19T09:22:57.842+0900] {Naver_News_Collect-checkpoint.py:156} INFO - 33 End
[2024-02-19T09:22:59.844+0900] {logger.py:11} INFO - ====== WebDriver manager ======
[2024-02-19T09:22:59.934+0900] {logger.py:11} INFO - Get LATEST chromedriver version for google-chrome
[2024-02-19T09:23:00.024+0900] {logger.py:11} INFO - Get LATEST chromedriver version for google-chrome
[2024-02-19T09:23:00.106+0900] {logger.py:11} INFO - Driver [/home/ubuntu/.wdm/drivers/chromedriver/linux64/121.0.6167.184/chromedriver-linux64/chromedriver] found in cache
[2024-02-19T09:23:00.793+0900] {Naver_News_Collect-checkpoint.py:117} INFO - 접속완료
[2024-02-19T09:23:01.945+0900] {Naver_News_Collect-checkpoint.py:120} INFO - 33 Start
[2024-02-19T09:23:25.047+0900] {Naver_News_Collect-checkpoint.py:156} INFO - 34 End
[2024-02-19T09:23:28.051+0900] {logger.py:11} INFO - ====== WebDriver manager ======
[2024-02-19T09:23:28.136+0900] {logger.py:11} INFO - Get LATEST chromedriver version for google-chrome
[2024-02-19T09:23:28.220+0900] {logger.py:11} INFO - Get LATEST chromedriver version for google-chrome
[2024-02-19T09:23:28.302+0900] {logger.py:11} INFO - Driver [/home/ubuntu/.wdm/drivers/chromedriver/linux64/121.0.6167.184/chromedriver-linux64/chromedriver] found in cache
[2024-02-19T09:23:28.977+0900] {Naver_News_Collect-checkpoint.py:117} INFO - 접속완료
[2024-02-19T09:23:30.139+0900] {Naver_News_Collect-checkpoint.py:120} INFO - 34 Start
[2024-02-19T09:23:44.314+0900] {Naver_News_Collect-checkpoint.py:156} INFO - 35 End
[2024-02-19T09:23:46.316+0900] {logger.py:11} INFO - ====== WebDriver manager ======
[2024-02-19T09:23:46.405+0900] {logger.py:11} INFO - Get LATEST chromedriver version for google-chrome
[2024-02-19T09:23:46.493+0900] {logger.py:11} INFO - Get LATEST chromedriver version for google-chrome
[2024-02-19T09:23:46.576+0900] {logger.py:11} INFO - Driver [/home/ubuntu/.wdm/drivers/chromedriver/linux64/121.0.6167.184/chromedriver-linux64/chromedriver] found in cache
[2024-02-19T09:23:47.251+0900] {Naver_News_Collect-checkpoint.py:117} INFO - 접속완료
[2024-02-19T09:23:48.523+0900] {Naver_News_Collect-checkpoint.py:120} INFO - 35 Start
[2024-02-19T09:24:01.711+0900] {Naver_News_Collect-checkpoint.py:156} INFO - 36 End
[2024-02-19T09:24:04.713+0900] {logger.py:11} INFO - ====== WebDriver manager ======
[2024-02-19T09:24:04.805+0900] {logger.py:11} INFO - Get LATEST chromedriver version for google-chrome
[2024-02-19T09:24:04.892+0900] {logger.py:11} INFO - Get LATEST chromedriver version for google-chrome
[2024-02-19T09:24:04.989+0900] {logger.py:11} INFO - Driver [/home/ubuntu/.wdm/drivers/chromedriver/linux64/121.0.6167.184/chromedriver-linux64/chromedriver] found in cache
[2024-02-19T09:24:05.674+0900] {Naver_News_Collect-checkpoint.py:117} INFO - 접속완료
[2024-02-19T09:24:06.818+0900] {Naver_News_Collect-checkpoint.py:120} INFO - 36 Start
[2024-02-19T09:24:20.076+0900] {Naver_News_Collect-checkpoint.py:156} INFO - 37 End
[2024-02-19T09:24:22.077+0900] {logger.py:11} INFO - ====== WebDriver manager ======
[2024-02-19T09:24:22.163+0900] {logger.py:11} INFO - Get LATEST chromedriver version for google-chrome
[2024-02-19T09:24:22.251+0900] {logger.py:11} INFO - Get LATEST chromedriver version for google-chrome
[2024-02-19T09:24:22.337+0900] {logger.py:11} INFO - Driver [/home/ubuntu/.wdm/drivers/chromedriver/linux64/121.0.6167.184/chromedriver-linux64/chromedriver] found in cache
[2024-02-19T09:24:23.011+0900] {Naver_News_Collect-checkpoint.py:117} INFO - 접속완료
[2024-02-19T09:24:24.197+0900] {Naver_News_Collect-checkpoint.py:120} INFO - 37 Start
[2024-02-19T09:24:47.110+0900] {Naver_News_Collect-checkpoint.py:156} INFO - 38 End
[2024-02-19T09:24:50.113+0900] {logger.py:11} INFO - ====== WebDriver manager ======
[2024-02-19T09:24:50.200+0900] {logger.py:11} INFO - Get LATEST chromedriver version for google-chrome
[2024-02-19T09:24:50.283+0900] {logger.py:11} INFO - Get LATEST chromedriver version for google-chrome
[2024-02-19T09:24:50.365+0900] {logger.py:11} INFO - Driver [/home/ubuntu/.wdm/drivers/chromedriver/linux64/121.0.6167.184/chromedriver-linux64/chromedriver] found in cache
[2024-02-19T09:24:51.051+0900] {Naver_News_Collect-checkpoint.py:117} INFO - 접속완료
[2024-02-19T09:24:52.227+0900] {Naver_News_Collect-checkpoint.py:120} INFO - 38 Start
[2024-02-19T09:25:15.153+0900] {Naver_News_Collect-checkpoint.py:156} INFO - 39 End
[2024-02-19T09:25:18.157+0900] {logger.py:11} INFO - ====== WebDriver manager ======
[2024-02-19T09:25:18.246+0900] {logger.py:11} INFO - Get LATEST chromedriver version for google-chrome
[2024-02-19T09:25:18.329+0900] {logger.py:11} INFO - Get LATEST chromedriver version for google-chrome
[2024-02-19T09:25:18.412+0900] {logger.py:11} INFO - Driver [/home/ubuntu/.wdm/drivers/chromedriver/linux64/121.0.6167.184/chromedriver-linux64/chromedriver] found in cache
[2024-02-19T09:25:19.089+0900] {Naver_News_Collect-checkpoint.py:117} INFO - 접속완료
[2024-02-19T09:25:20.022+0900] {Naver_News_Collect-checkpoint.py:120} INFO - 39 Start
[2024-02-19T09:25:43.665+0900] {Naver_News_Collect-checkpoint.py:156} INFO - 40 End
[2024-02-19T09:25:45.667+0900] {logger.py:11} INFO - ====== WebDriver manager ======
[2024-02-19T09:25:45.755+0900] {logger.py:11} INFO - Get LATEST chromedriver version for google-chrome
[2024-02-19T09:25:45.839+0900] {logger.py:11} INFO - Get LATEST chromedriver version for google-chrome
[2024-02-19T09:25:45.925+0900] {logger.py:11} INFO - Driver [/home/ubuntu/.wdm/drivers/chromedriver/linux64/121.0.6167.184/chromedriver-linux64/chromedriver] found in cache
[2024-02-19T09:25:46.619+0900] {Naver_News_Collect-checkpoint.py:117} INFO - 접속완료
[2024-02-19T09:25:47.629+0900] {Naver_News_Collect-checkpoint.py:120} INFO - 40 Start
[2024-02-19T09:26:10.201+0900] {Naver_News_Collect-checkpoint.py:156} INFO - 41 End
[2024-02-19T09:26:13.205+0900] {logger.py:11} INFO - ====== WebDriver manager ======
[2024-02-19T09:26:13.293+0900] {logger.py:11} INFO - Get LATEST chromedriver version for google-chrome
[2024-02-19T09:26:13.376+0900] {logger.py:11} INFO - Get LATEST chromedriver version for google-chrome
[2024-02-19T09:26:13.460+0900] {logger.py:11} INFO - Driver [/home/ubuntu/.wdm/drivers/chromedriver/linux64/121.0.6167.184/chromedriver-linux64/chromedriver] found in cache
[2024-02-19T09:26:14.139+0900] {Naver_News_Collect-checkpoint.py:117} INFO - 접속완료
[2024-02-19T09:26:15.014+0900] {Naver_News_Collect-checkpoint.py:120} INFO - 41 Start
[2024-02-19T09:26:37.558+0900] {Naver_News_Collect-checkpoint.py:156} INFO - 42 End
[2024-02-19T09:26:40.562+0900] {logger.py:11} INFO - ====== WebDriver manager ======
[2024-02-19T09:26:40.650+0900] {logger.py:11} INFO - Get LATEST chromedriver version for google-chrome
[2024-02-19T09:26:40.731+0900] {logger.py:11} INFO - Get LATEST chromedriver version for google-chrome
[2024-02-19T09:26:40.812+0900] {logger.py:11} INFO - Driver [/home/ubuntu/.wdm/drivers/chromedriver/linux64/121.0.6167.184/chromedriver-linux64/chromedriver] found in cache
[2024-02-19T09:26:41.488+0900] {Naver_News_Collect-checkpoint.py:117} INFO - 접속완료
[2024-02-19T09:26:42.346+0900] {Naver_News_Collect-checkpoint.py:120} INFO - 42 Start
[2024-02-19T09:27:04.856+0900] {Naver_News_Collect-checkpoint.py:156} INFO - 43 End
[2024-02-19T09:27:06.857+0900] {logger.py:11} INFO - ====== WebDriver manager ======
[2024-02-19T09:27:06.948+0900] {logger.py:11} INFO - Get LATEST chromedriver version for google-chrome
[2024-02-19T09:27:07.035+0900] {logger.py:11} INFO - Get LATEST chromedriver version for google-chrome
[2024-02-19T09:27:07.118+0900] {logger.py:11} INFO - Driver [/home/ubuntu/.wdm/drivers/chromedriver/linux64/121.0.6167.184/chromedriver-linux64/chromedriver] found in cache
[2024-02-19T09:27:07.794+0900] {Naver_News_Collect-checkpoint.py:117} INFO - 접속완료
[2024-02-19T09:27:37.877+0900] {Naver_News_Collect-checkpoint.py:120} INFO - 43 Start
[2024-02-19T09:27:47.986+0900] {Naver_News_Collect-checkpoint.py:156} INFO - 43 End
[2024-02-19T09:27:50.990+0900] {logger.py:11} INFO - ====== WebDriver manager ======
[2024-02-19T09:27:51.077+0900] {logger.py:11} INFO - Get LATEST chromedriver version for google-chrome
[2024-02-19T09:27:51.159+0900] {logger.py:11} INFO - Get LATEST chromedriver version for google-chrome
[2024-02-19T09:27:51.240+0900] {logger.py:11} INFO - Driver [/home/ubuntu/.wdm/drivers/chromedriver/linux64/121.0.6167.184/chromedriver-linux64/chromedriver] found in cache
[2024-02-19T09:27:51.924+0900] {Naver_News_Collect-checkpoint.py:117} INFO - 접속완료
[2024-02-19T09:27:53.087+0900] {Naver_News_Collect-checkpoint.py:120} INFO - 43 Start
[2024-02-19T09:28:53.559+0900] {Naver_News_Collect-checkpoint.py:156} INFO - 44 End
[2024-02-19T09:28:56.562+0900] {logger.py:11} INFO - ====== WebDriver manager ======
[2024-02-19T09:28:56.648+0900] {logger.py:11} INFO - Get LATEST chromedriver version for google-chrome
[2024-02-19T09:28:56.731+0900] {logger.py:11} INFO - Get LATEST chromedriver version for google-chrome
[2024-02-19T09:28:56.813+0900] {logger.py:11} INFO - Driver [/home/ubuntu/.wdm/drivers/chromedriver/linux64/121.0.6167.184/chromedriver-linux64/chromedriver] found in cache
[2024-02-19T09:28:57.494+0900] {Naver_News_Collect-checkpoint.py:117} INFO - 접속완료
[2024-02-19T09:28:58.732+0900] {Naver_News_Collect-checkpoint.py:120} INFO - 44 Start
[2024-02-19T09:29:27.916+0900] {local_task_job_runner.py:121} ERROR - Received SIGTERM. Terminating subprocesses
[2024-02-19T09:29:27.940+0900] {process_utils.py:131} INFO - Sending Signals.SIGTERM to group 824270. PIDs of all processes in the group: [834518, 824270]
[2024-02-19T09:29:27.941+0900] {process_utils.py:86} INFO - Sending the signal Signals.SIGTERM to group 824270
[2024-02-19T09:29:27.949+0900] {taskinstance.py:2450} ERROR - Received SIGTERM. Terminating subprocesses.
[2024-02-19T09:29:27.950+0900] {logging_mixin.py:188} WARNING - --- Logging error ---
[2024-02-19T09:29:28.058+0900] {logging_mixin.py:188} WARNING - Traceback (most recent call last):
[2024-02-19T09:29:28.126+0900] {logging_mixin.py:188} WARNING -   File "/usr/lib/python3.10/logging/__init__.py", line 1100, in emit
    msg = self.format(record)
[2024-02-19T09:29:28.126+0900] {logging_mixin.py:188} WARNING -   File "/usr/lib/python3.10/logging/__init__.py", line 943, in format
    return fmt.format(record)
[2024-02-19T09:29:28.126+0900] {logging_mixin.py:188} WARNING -   File "/usr/lib/python3.10/logging/__init__.py", line 680, in format
    record.asctime = self.formatTime(record, self.datefmt)
[2024-02-19T09:29:28.127+0900] {logging_mixin.py:188} WARNING -   File "/usr/local/lib/python3.10/dist-packages/airflow/utils/log/timezone_aware.py", line 42, in formatTime
    dt = pendulum.from_timestamp(record.created, tz=pendulum.local_timezone())
[2024-02-19T09:29:28.127+0900] {logging_mixin.py:188} WARNING -   File "/usr/local/lib/python3.10/dist-packages/pendulum/__init__.py", line 302, in from_timestamp
    dt = dt.in_timezone(tz)
[2024-02-19T09:29:28.127+0900] {logging_mixin.py:188} WARNING -   File "/usr/local/lib/python3.10/dist-packages/pendulum/datetime.py", line 357, in in_timezone
    return tz.convert(dt)
[2024-02-19T09:29:28.127+0900] {logging_mixin.py:188} WARNING -   File "/usr/local/lib/python3.10/dist-packages/pendulum/tz/timezone.py", line 136, in convert
    return cast(_DT, dt.astimezone(self))
[2024-02-19T09:29:28.127+0900] {logging_mixin.py:188} WARNING -   File "/usr/local/lib/python3.10/dist-packages/pendulum/datetime.py", line 1278, in astimezone
    dt = super().astimezone(tz)
[2024-02-19T09:29:28.127+0900] {logging_mixin.py:188} WARNING -   File "/usr/local/lib/python3.10/dist-packages/pendulum/datetime.py", line 1243, in __add__
    caller = traceback.extract_stack(limit=2)[0].name
[2024-02-19T09:29:28.127+0900] {logging_mixin.py:188} WARNING -   File "/usr/lib/python3.10/traceback.py", line 227, in extract_stack
    stack = StackSummary.extract(walk_stack(f), limit=limit)
[2024-02-19T09:29:28.128+0900] {logging_mixin.py:188} WARNING -   File "/usr/lib/python3.10/traceback.py", line 379, in extract
    linecache.checkcache(filename)
[2024-02-19T09:29:28.128+0900] {logging_mixin.py:188} WARNING -   File "/usr/lib/python3.10/linecache.py", line 72, in checkcache
    stat = os.stat(fullname)
[2024-02-19T09:29:28.128+0900] {logging_mixin.py:188} WARNING -   File "/usr/local/lib/python3.10/dist-packages/airflow/models/taskinstance.py", line 2452, in signal_handler
    raise AirflowException("Task received SIGTERM signal")
[2024-02-19T09:29:28.128+0900] {logging_mixin.py:188} WARNING - airflow.exceptions.AirflowException: Task received SIGTERM signal
[2024-02-19T09:29:28.128+0900] {logging_mixin.py:188} WARNING - Call stack:
[2024-02-19T09:29:28.376+0900] {logging_mixin.py:188} WARNING -   File "/usr/local/bin/airflow", line 8, in <module>
    sys.exit(main())
[2024-02-19T09:29:28.376+0900] {logging_mixin.py:188} WARNING -   File "/usr/local/lib/python3.10/dist-packages/airflow/__main__.py", line 57, in main
    args.func(args)
[2024-02-19T09:29:28.377+0900] {logging_mixin.py:188} WARNING -   File "/usr/local/lib/python3.10/dist-packages/airflow/cli/cli_config.py", line 49, in command
    return func(*args, **kwargs)
[2024-02-19T09:29:28.377+0900] {logging_mixin.py:188} WARNING -   File "/usr/local/lib/python3.10/dist-packages/airflow/utils/cli.py", line 114, in wrapper
    return f(*args, **kwargs)
[2024-02-19T09:29:28.377+0900] {logging_mixin.py:188} WARNING -   File "/usr/local/lib/python3.10/dist-packages/airflow/cli/commands/task_command.py", line 438, in task_run
    task_return_code = _run_task_by_selected_method(args, _dag, ti)
[2024-02-19T09:29:28.377+0900] {logging_mixin.py:188} WARNING -   File "/usr/local/lib/python3.10/dist-packages/airflow/cli/commands/task_command.py", line 216, in _run_task_by_selected_method
    return _run_task_by_local_task_job(args, ti)
[2024-02-19T09:29:28.377+0900] {logging_mixin.py:188} WARNING -   File "/usr/local/lib/python3.10/dist-packages/airflow/cli/commands/task_command.py", line 278, in _run_task_by_local_task_job
    ret = run_job(job=job_runner.job, execute_callable=job_runner._execute)
[2024-02-19T09:29:28.378+0900] {logging_mixin.py:188} WARNING -   File "/usr/local/lib/python3.10/dist-packages/airflow/utils/session.py", line 79, in wrapper
    return func(*args, session=session, **kwargs)
[2024-02-19T09:29:28.378+0900] {logging_mixin.py:188} WARNING -   File "/usr/local/lib/python3.10/dist-packages/airflow/jobs/job.py", line 393, in run_job
    return execute_job(job, execute_callable=execute_callable)
[2024-02-19T09:29:28.378+0900] {logging_mixin.py:188} WARNING -   File "/usr/local/lib/python3.10/dist-packages/airflow/jobs/job.py", line 422, in execute_job
    ret = execute_callable()
[2024-02-19T09:29:28.378+0900] {logging_mixin.py:188} WARNING -   File "/usr/local/lib/python3.10/dist-packages/airflow/jobs/local_task_job_runner.py", line 165, in _execute
    self.task_runner.start()
[2024-02-19T09:29:28.378+0900] {logging_mixin.py:188} WARNING -   File "/usr/local/lib/python3.10/dist-packages/airflow/task/task_runner/standard_task_runner.py", line 48, in start
    self.process = self._start_by_fork()
[2024-02-19T09:29:28.378+0900] {logging_mixin.py:188} WARNING -   File "/usr/local/lib/python3.10/dist-packages/airflow/task/task_runner/standard_task_runner.py", line 100, in _start_by_fork
    ret = args.func(args, dag=self.dag)
[2024-02-19T09:29:28.378+0900] {logging_mixin.py:188} WARNING -   File "/usr/local/lib/python3.10/dist-packages/airflow/cli/cli_config.py", line 49, in command
    return func(*args, **kwargs)
[2024-02-19T09:29:28.379+0900] {logging_mixin.py:188} WARNING -   File "/usr/local/lib/python3.10/dist-packages/airflow/utils/cli.py", line 114, in wrapper
    return f(*args, **kwargs)
[2024-02-19T09:29:28.379+0900] {logging_mixin.py:188} WARNING -   File "/usr/local/lib/python3.10/dist-packages/airflow/cli/commands/task_command.py", line 438, in task_run
    task_return_code = _run_task_by_selected_method(args, _dag, ti)
[2024-02-19T09:29:28.379+0900] {logging_mixin.py:188} WARNING -   File "/usr/local/lib/python3.10/dist-packages/airflow/cli/commands/task_command.py", line 218, in _run_task_by_selected_method
    return _run_raw_task(args, ti)
[2024-02-19T09:29:28.379+0900] {logging_mixin.py:188} WARNING -   File "/usr/local/lib/python3.10/dist-packages/airflow/cli/commands/task_command.py", line 297, in _run_raw_task
    return ti._run_raw_task(
[2024-02-19T09:29:28.379+0900] {logging_mixin.py:188} WARNING -   File "/usr/local/lib/python3.10/dist-packages/airflow/utils/session.py", line 79, in wrapper
    return func(*args, session=session, **kwargs)
[2024-02-19T09:29:28.379+0900] {logging_mixin.py:188} WARNING -   File "/usr/local/lib/python3.10/dist-packages/airflow/models/taskinstance.py", line 2334, in _run_raw_task
    self._execute_task_with_callbacks(context, test_mode, session=session)
[2024-02-19T09:29:28.379+0900] {logging_mixin.py:188} WARNING -   File "/usr/local/lib/python3.10/dist-packages/airflow/models/taskinstance.py", line 2499, in _execute_task_with_callbacks
    result = self._execute_task(context, task_orig)
[2024-02-19T09:29:28.379+0900] {logging_mixin.py:188} WARNING -   File "/usr/local/lib/python3.10/dist-packages/airflow/models/taskinstance.py", line 2516, in _execute_task
    return _execute_task(self, context, task_orig)
[2024-02-19T09:29:28.380+0900] {logging_mixin.py:188} WARNING -   File "/usr/local/lib/python3.10/dist-packages/airflow/models/taskinstance.py", line 433, in _execute_task
    result = execute_callable(context=context, **execute_callable_kwargs)
[2024-02-19T09:29:28.380+0900] {logging_mixin.py:188} WARNING -   File "/usr/local/lib/python3.10/dist-packages/airflow/operators/python.py", line 199, in execute
    return_value = self.execute_callable()
[2024-02-19T09:29:28.380+0900] {logging_mixin.py:188} WARNING -   File "/usr/local/lib/python3.10/dist-packages/airflow/operators/python.py", line 216, in execute_callable
    return self.python_callable(*self.op_args, **self.op_kwargs)
[2024-02-19T09:29:28.380+0900] {logging_mixin.py:188} WARNING -   File "/home/ubuntu/airflow/dags/.ipynb_checkpoints/Naver_News_Collect-checkpoint.py", line 146, in news_Content_Comment_Collect
    c_content = comment.find_element(By.XPATH,'.//span[@class="u_cbox_contents"]').text
[2024-02-19T09:29:28.380+0900] {logging_mixin.py:188} WARNING -   File "/home/ubuntu/.local/lib/python3.10/site-packages/selenium/webdriver/remote/webelement.py", line 425, in find_element
    return self._execute(Command.FIND_CHILD_ELEMENT, {"using": by, "value": value})["value"]
[2024-02-19T09:29:28.380+0900] {logging_mixin.py:188} WARNING -   File "/home/ubuntu/.local/lib/python3.10/site-packages/selenium/webdriver/remote/webelement.py", line 403, in _execute
    return self._parent.execute(command, params)
[2024-02-19T09:29:28.380+0900] {logging_mixin.py:188} WARNING -   File "/home/ubuntu/.local/lib/python3.10/site-packages/selenium/webdriver/remote/webdriver.py", line 438, in execute
    response = self.command_executor.execute(driver_command, params)
[2024-02-19T09:29:28.380+0900] {logging_mixin.py:188} WARNING -   File "/home/ubuntu/.local/lib/python3.10/site-packages/selenium/webdriver/remote/remote_connection.py", line 290, in execute
    return self._request(command_info[0], url, body=data)
[2024-02-19T09:29:28.381+0900] {logging_mixin.py:188} WARNING -   File "/home/ubuntu/.local/lib/python3.10/site-packages/selenium/webdriver/remote/remote_connection.py", line 311, in _request
    response = self._conn.request(method, url, body=body, headers=headers)
[2024-02-19T09:29:28.381+0900] {logging_mixin.py:188} WARNING -   File "/home/ubuntu/.local/lib/python3.10/site-packages/urllib3/_request_methods.py", line 118, in request
    return self.request_encode_body(
[2024-02-19T09:29:28.393+0900] {logging_mixin.py:188} WARNING -   File "/home/ubuntu/.local/lib/python3.10/site-packages/urllib3/_request_methods.py", line 217, in request_encode_body
    return self.urlopen(method, url, **extra_kw)
[2024-02-19T09:29:28.394+0900] {logging_mixin.py:188} WARNING -   File "/home/ubuntu/.local/lib/python3.10/site-packages/urllib3/poolmanager.py", line 443, in urlopen
    response = conn.urlopen(method, u.request_uri, **kw)
[2024-02-19T09:29:28.394+0900] {logging_mixin.py:188} WARNING -   File "/home/ubuntu/.local/lib/python3.10/site-packages/urllib3/connectionpool.py", line 791, in urlopen
    response = self._make_request(
[2024-02-19T09:29:28.394+0900] {logging_mixin.py:188} WARNING -   File "/home/ubuntu/.local/lib/python3.10/site-packages/urllib3/connectionpool.py", line 537, in _make_request
    response = conn.getresponse()
[2024-02-19T09:29:28.394+0900] {logging_mixin.py:188} WARNING -   File "/home/ubuntu/.local/lib/python3.10/site-packages/urllib3/connection.py", line 461, in getresponse
    httplib_response = super().getresponse()
[2024-02-19T09:29:28.394+0900] {logging_mixin.py:188} WARNING -   File "/usr/lib/python3.10/http/client.py", line 1375, in getresponse
    response.begin()
[2024-02-19T09:29:28.394+0900] {logging_mixin.py:188} WARNING -   File "/usr/lib/python3.10/http/client.py", line 318, in begin
    version, status, reason = self._read_status()
[2024-02-19T09:29:28.394+0900] {logging_mixin.py:188} WARNING -   File "/usr/lib/python3.10/http/client.py", line 279, in _read_status
    line = str(self.fp.readline(_MAXLINE + 1), "iso-8859-1")
[2024-02-19T09:29:28.395+0900] {logging_mixin.py:188} WARNING -   File "/usr/lib/python3.10/socket.py", line 705, in readinto
    return self._sock.recv_into(b)
[2024-02-19T09:29:28.395+0900] {logging_mixin.py:188} WARNING -   File "/usr/local/lib/python3.10/dist-packages/airflow/models/taskinstance.py", line 2450, in signal_handler
    self.log.error("Received SIGTERM. Terminating subprocesses.")
[2024-02-19T09:29:28.395+0900] {logging_mixin.py:188} WARNING -   File "/usr/lib/python3.10/logging/__init__.py", line 1506, in error
    self._log(ERROR, msg, args, **kwargs)
[2024-02-19T09:29:28.395+0900] {logging_mixin.py:188} WARNING -   File "/usr/lib/python3.10/logging/__init__.py", line 1624, in _log
    self.handle(record)
[2024-02-19T09:29:28.395+0900] {logging_mixin.py:188} WARNING -   File "/usr/lib/python3.10/logging/__init__.py", line 1634, in handle
    self.callHandlers(record)
[2024-02-19T09:29:28.395+0900] {logging_mixin.py:188} WARNING -   File "/usr/lib/python3.10/logging/__init__.py", line 1696, in callHandlers
    hdlr.handle(record)
[2024-02-19T09:29:28.395+0900] {logging_mixin.py:188} WARNING -   File "/usr/lib/python3.10/logging/__init__.py", line 968, in handle
    self.emit(record)
[2024-02-19T09:29:28.395+0900] {logging_mixin.py:188} WARNING -   File "/usr/local/lib/python3.10/dist-packages/airflow/utils/log/file_task_handler.py", line 247, in emit
    self.handler.emit(record)
[2024-02-19T09:29:28.396+0900] {logging_mixin.py:188} WARNING - Message: 'Received SIGTERM. Terminating subprocesses.'
Arguments: ()
[2024-02-19T09:29:28.397+0900] {connectionpool.py:872} WARNING - Retrying (Retry(total=2, connect=None, read=None, redirect=None, status=None)) after connection broken by 'NewConnectionError('<urllib3.connection.HTTPConnection object at 0x7f40a6b3ec80>: Failed to establish a new connection: [Errno 111] Connection refused')': /session/b33b737a862bf3278da5f991b70ff9f8
[2024-02-19T09:29:28.406+0900] {connectionpool.py:872} WARNING - Retrying (Retry(total=1, connect=None, read=None, redirect=None, status=None)) after connection broken by 'NewConnectionError('<urllib3.connection.HTTPConnection object at 0x7f40a6a2c2e0>: Failed to establish a new connection: [Errno 111] Connection refused')': /session/b33b737a862bf3278da5f991b70ff9f8
[2024-02-19T09:29:28.406+0900] {connectionpool.py:872} WARNING - Retrying (Retry(total=0, connect=None, read=None, redirect=None, status=None)) after connection broken by 'NewConnectionError('<urllib3.connection.HTTPConnection object at 0x7f40a6a2f8e0>: Failed to establish a new connection: [Errno 111] Connection refused')': /session/b33b737a862bf3278da5f991b70ff9f8
[2024-02-19T09:29:28.407+0900] {Naver_News_Collect-checkpoint.py:156} INFO - 45 End
[2024-02-19T09:29:28.437+0900] {process_utils.py:79} INFO - Process psutil.Process(pid=834518, status='terminated', started='00:28:56') (834518) terminated with exit code None
[2024-02-19T09:29:30.409+0900] {logger.py:11} INFO - ====== WebDriver manager ======
[2024-02-19T09:29:30.569+0900] {logger.py:11} INFO - Get LATEST chromedriver version for google-chrome
[2024-02-19T09:29:30.655+0900] {logger.py:11} INFO - Get LATEST chromedriver version for google-chrome
[2024-02-19T09:29:30.738+0900] {logger.py:11} INFO - Driver [/home/ubuntu/.wdm/drivers/chromedriver/linux64/121.0.6167.184/chromedriver-linux64/chromedriver] found in cache
[2024-02-19T09:29:31.311+0900] {taskinstance.py:1946} INFO - Dependencies not met for <TaskInstance: CollectNaverNews.news_Content_Comment_Collect scheduled__2024-02-18T00:00:00+00:00 [running]>, dependency 'Task Instance State' FAILED: Task is in the 'running' state.
[2024-02-19T09:29:31.317+0900] {taskinstance.py:1946} INFO - Dependencies not met for <TaskInstance: CollectNaverNews.news_Content_Comment_Collect scheduled__2024-02-18T00:00:00+00:00 [running]>, dependency 'Task Instance Not Running' FAILED: Task is in the running state
[2024-02-19T09:29:31.324+0900] {local_task_job_runner.py:160} INFO - Task is not able to be run
[2024-02-19T09:29:31.473+0900] {Naver_News_Collect-checkpoint.py:117} INFO - 접속완료
[2024-02-19T09:29:32.802+0900] {Naver_News_Collect-checkpoint.py:120} INFO - 45 Start
[2024-02-19T09:29:46.897+0900] {Naver_News_Collect-checkpoint.py:156} INFO - 46 End
[2024-02-19T09:29:48.900+0900] {logger.py:11} INFO - ====== WebDriver manager ======
[2024-02-19T09:29:48.991+0900] {logger.py:11} INFO - Get LATEST chromedriver version for google-chrome
[2024-02-19T09:29:49.074+0900] {logger.py:11} INFO - Get LATEST chromedriver version for google-chrome
[2024-02-19T09:29:49.155+0900] {logger.py:11} INFO - Driver [/home/ubuntu/.wdm/drivers/chromedriver/linux64/121.0.6167.184/chromedriver-linux64/chromedriver] found in cache
[2024-02-19T09:29:49.847+0900] {Naver_News_Collect-checkpoint.py:117} INFO - 접속완료
[2024-02-19T09:29:50.905+0900] {Naver_News_Collect-checkpoint.py:120} INFO - 46 Start
[2024-02-19T09:30:14.150+0900] {Naver_News_Collect-checkpoint.py:156} INFO - 47 End
[2024-02-19T09:30:17.153+0900] {logger.py:11} INFO - ====== WebDriver manager ======
[2024-02-19T09:30:17.253+0900] {logger.py:11} INFO - Get LATEST chromedriver version for google-chrome
[2024-02-19T09:30:17.341+0900] {logger.py:11} INFO - Get LATEST chromedriver version for google-chrome
[2024-02-19T09:30:17.448+0900] {logger.py:11} INFO - Driver [/home/ubuntu/.wdm/drivers/chromedriver/linux64/121.0.6167.184/chromedriver-linux64/chromedriver] found in cache
[2024-02-19T09:30:18.129+0900] {Naver_News_Collect-checkpoint.py:117} INFO - 접속완료
[2024-02-19T09:30:19.454+0900] {Naver_News_Collect-checkpoint.py:120} INFO - 47 Start
[2024-02-19T09:30:32.585+0900] {Naver_News_Collect-checkpoint.py:156} INFO - 48 End
[2024-02-19T09:30:34.588+0900] {logger.py:11} INFO - ====== WebDriver manager ======
[2024-02-19T09:30:34.678+0900] {logger.py:11} INFO - Get LATEST chromedriver version for google-chrome
[2024-02-19T09:30:34.768+0900] {logger.py:11} INFO - Get LATEST chromedriver version for google-chrome
[2024-02-19T09:30:34.852+0900] {logger.py:11} INFO - Driver [/home/ubuntu/.wdm/drivers/chromedriver/linux64/121.0.6167.184/chromedriver-linux64/chromedriver] found in cache
[2024-02-19T09:30:35.538+0900] {Naver_News_Collect-checkpoint.py:117} INFO - 접속완료
[2024-02-19T09:30:37.191+0900] {Naver_News_Collect-checkpoint.py:120} INFO - 48 Start
