[2024-02-19T10:25:47.599+0900] {taskinstance.py:1956} INFO - Dependencies all met for dep_context=non-requeueable deps ti=<TaskInstance: CollectNaverNews.news_Content_Comment_Collect scheduled__2024-02-18T00:00:00+00:00 [queued]>
[2024-02-19T10:25:47.605+0900] {taskinstance.py:1956} INFO - Dependencies all met for dep_context=requeueable deps ti=<TaskInstance: CollectNaverNews.news_Content_Comment_Collect scheduled__2024-02-18T00:00:00+00:00 [queued]>
[2024-02-19T10:25:47.606+0900] {taskinstance.py:2170} INFO - Starting attempt 2 of 1
[2024-02-19T10:25:47.715+0900] {taskinstance.py:2191} INFO - Executing <Task(PythonOperator): news_Content_Comment_Collect> on 2024-02-18 00:00:00+00:00
[2024-02-19T10:25:47.720+0900] {standard_task_runner.py:60} INFO - Started process 911 to run task
[2024-02-19T10:25:47.723+0900] {standard_task_runner.py:87} INFO - Running: ['airflow', 'tasks', 'run', 'CollectNaverNews', 'news_Content_Comment_Collect', 'scheduled__2024-02-18T00:00:00+00:00', '--job-id', '64', '--raw', '--subdir', 'DAGS_FOLDER/.ipynb_checkpoints/Naver_News_Collect-checkpoint.py', '--cfg-path', '/tmp/tmp2thdt5xr']
[2024-02-19T10:25:47.725+0900] {standard_task_runner.py:88} INFO - Job 64: Subtask news_Content_Comment_Collect
[2024-02-19T10:25:47.760+0900] {task_command.py:423} INFO - Running <TaskInstance: CollectNaverNews.news_Content_Comment_Collect scheduled__2024-02-18T00:00:00+00:00 [running]> on host ip-172-31-11-88.ap-northeast-2.compute.internal
[2024-02-19T10:25:47.815+0900] {taskinstance.py:2480} INFO - Exporting env vars: AIRFLOW_CTX_DAG_OWNER='airflow' AIRFLOW_CTX_DAG_ID='CollectNaverNews' AIRFLOW_CTX_TASK_ID='news_Content_Comment_Collect' AIRFLOW_CTX_EXECUTION_DATE='2024-02-18T00:00:00+00:00' AIRFLOW_CTX_TRY_NUMBER='2' AIRFLOW_CTX_DAG_RUN_ID='scheduled__2024-02-18T00:00:00+00:00'
[2024-02-19T10:25:47.835+0900] {logger.py:11} INFO - ====== WebDriver manager ======
[2024-02-19T10:25:48.184+0900] {logger.py:11} INFO - Get LATEST chromedriver version for google-chrome
[2024-02-19T10:25:48.273+0900] {logger.py:11} INFO - Get LATEST chromedriver version for google-chrome
[2024-02-19T10:25:48.355+0900] {logger.py:11} INFO - Driver [/home/ubuntu/.wdm/drivers/chromedriver/linux64/121.0.6167.184/chromedriver-linux64/chromedriver] found in cache
[2024-02-19T10:25:49.558+0900] {Naver_News_Collect-checkpoint.py:117} INFO - 접속완료
[2024-02-19T10:25:50.669+0900] {Naver_News_Collect-checkpoint.py:120} INFO - 0 Start
[2024-02-19T10:26:26.816+0900] {Naver_News_Collect-checkpoint.py:156} INFO - 1 End
[2024-02-19T10:26:29.818+0900] {logger.py:11} INFO - ====== WebDriver manager ======
[2024-02-19T10:26:29.897+0900] {logger.py:11} INFO - Get LATEST chromedriver version for google-chrome
[2024-02-19T10:26:29.984+0900] {logger.py:11} INFO - Get LATEST chromedriver version for google-chrome
[2024-02-19T10:26:30.064+0900] {logger.py:11} INFO - Driver [/home/ubuntu/.wdm/drivers/chromedriver/linux64/121.0.6167.184/chromedriver-linux64/chromedriver] found in cache
[2024-02-19T10:26:30.739+0900] {Naver_News_Collect-checkpoint.py:117} INFO - 접속완료
[2024-02-19T10:26:31.592+0900] {Naver_News_Collect-checkpoint.py:120} INFO - 1 Start
[2024-02-19T10:26:53.910+0900] {Naver_News_Collect-checkpoint.py:156} INFO - 2 End
[2024-02-19T10:26:56.914+0900] {logger.py:11} INFO - ====== WebDriver manager ======
[2024-02-19T10:26:56.992+0900] {logger.py:11} INFO - Get LATEST chromedriver version for google-chrome
[2024-02-19T10:26:57.073+0900] {logger.py:11} INFO - Get LATEST chromedriver version for google-chrome
[2024-02-19T10:26:57.154+0900] {logger.py:11} INFO - Driver [/home/ubuntu/.wdm/drivers/chromedriver/linux64/121.0.6167.184/chromedriver-linux64/chromedriver] found in cache
[2024-02-19T10:26:57.811+0900] {Naver_News_Collect-checkpoint.py:117} INFO - 접속완료
[2024-02-19T10:26:58.708+0900] {Naver_News_Collect-checkpoint.py:120} INFO - 2 Start
[2024-02-19T10:29:38.074+0900] {Naver_News_Collect-checkpoint.py:156} INFO - 3 End
[2024-02-19T10:29:40.076+0900] {logger.py:11} INFO - ====== WebDriver manager ======
[2024-02-19T10:29:40.158+0900] {logger.py:11} INFO - Get LATEST chromedriver version for google-chrome
[2024-02-19T10:29:40.239+0900] {logger.py:11} INFO - Get LATEST chromedriver version for google-chrome
[2024-02-19T10:29:40.318+0900] {logger.py:11} INFO - Driver [/home/ubuntu/.wdm/drivers/chromedriver/linux64/121.0.6167.184/chromedriver-linux64/chromedriver] found in cache
[2024-02-19T10:29:40.995+0900] {Naver_News_Collect-checkpoint.py:117} INFO - 접속완료
[2024-02-19T10:29:41.879+0900] {Naver_News_Collect-checkpoint.py:120} INFO - 3 Start
[2024-02-19T10:30:04.294+0900] {Naver_News_Collect-checkpoint.py:156} INFO - 4 End
[2024-02-19T10:30:06.297+0900] {logger.py:11} INFO - ====== WebDriver manager ======
[2024-02-19T10:30:06.378+0900] {logger.py:11} INFO - Get LATEST chromedriver version for google-chrome
[2024-02-19T10:30:06.460+0900] {logger.py:11} INFO - Get LATEST chromedriver version for google-chrome
[2024-02-19T10:30:06.541+0900] {logger.py:11} INFO - Driver [/home/ubuntu/.wdm/drivers/chromedriver/linux64/121.0.6167.184/chromedriver-linux64/chromedriver] found in cache
[2024-02-19T10:30:07.217+0900] {Naver_News_Collect-checkpoint.py:117} INFO - 접속완료
[2024-02-19T10:30:08.111+0900] {Naver_News_Collect-checkpoint.py:120} INFO - 4 Start
[2024-02-19T10:31:12.421+0900] {Naver_News_Collect-checkpoint.py:156} INFO - 5 End
[2024-02-19T10:31:14.423+0900] {logger.py:11} INFO - ====== WebDriver manager ======
[2024-02-19T10:31:14.504+0900] {logger.py:11} INFO - Get LATEST chromedriver version for google-chrome
[2024-02-19T10:31:14.587+0900] {logger.py:11} INFO - Get LATEST chromedriver version for google-chrome
[2024-02-19T10:31:14.670+0900] {logger.py:11} INFO - Driver [/home/ubuntu/.wdm/drivers/chromedriver/linux64/121.0.6167.184/chromedriver-linux64/chromedriver] found in cache
[2024-02-19T10:31:15.361+0900] {Naver_News_Collect-checkpoint.py:117} INFO - 접속완료
[2024-02-19T10:31:16.466+0900] {Naver_News_Collect-checkpoint.py:120} INFO - 5 Start
[2024-02-19T10:31:39.316+0900] {Naver_News_Collect-checkpoint.py:156} INFO - 6 End
[2024-02-19T10:31:41.319+0900] {logger.py:11} INFO - ====== WebDriver manager ======
[2024-02-19T10:31:41.399+0900] {logger.py:11} INFO - Get LATEST chromedriver version for google-chrome
[2024-02-19T10:31:41.480+0900] {logger.py:11} INFO - Get LATEST chromedriver version for google-chrome
[2024-02-19T10:31:41.560+0900] {logger.py:11} INFO - Driver [/home/ubuntu/.wdm/drivers/chromedriver/linux64/121.0.6167.184/chromedriver-linux64/chromedriver] found in cache
[2024-02-19T10:31:42.234+0900] {Naver_News_Collect-checkpoint.py:117} INFO - 접속완료
[2024-02-19T10:31:43.243+0900] {Naver_News_Collect-checkpoint.py:120} INFO - 6 Start
[2024-02-19T10:31:55.781+0900] {Naver_News_Collect-checkpoint.py:156} INFO - 7 End
[2024-02-19T10:31:58.785+0900] {logger.py:11} INFO - ====== WebDriver manager ======
[2024-02-19T10:31:58.864+0900] {logger.py:11} INFO - Get LATEST chromedriver version for google-chrome
[2024-02-19T10:31:58.944+0900] {logger.py:11} INFO - Get LATEST chromedriver version for google-chrome
[2024-02-19T10:31:59.025+0900] {logger.py:11} INFO - Driver [/home/ubuntu/.wdm/drivers/chromedriver/linux64/121.0.6167.184/chromedriver-linux64/chromedriver] found in cache
[2024-02-19T10:31:59.671+0900] {Naver_News_Collect-checkpoint.py:117} INFO - 접속완료
[2024-02-19T10:32:00.764+0900] {Naver_News_Collect-checkpoint.py:120} INFO - 7 Start
[2024-02-19T10:32:14.093+0900] {Naver_News_Collect-checkpoint.py:156} INFO - 8 End
[2024-02-19T10:32:17.097+0900] {logger.py:11} INFO - ====== WebDriver manager ======
[2024-02-19T10:32:17.178+0900] {logger.py:11} INFO - Get LATEST chromedriver version for google-chrome
[2024-02-19T10:32:17.259+0900] {logger.py:11} INFO - Get LATEST chromedriver version for google-chrome
[2024-02-19T10:32:17.339+0900] {logger.py:11} INFO - Driver [/home/ubuntu/.wdm/drivers/chromedriver/linux64/121.0.6167.184/chromedriver-linux64/chromedriver] found in cache
[2024-02-19T10:32:17.994+0900] {Naver_News_Collect-checkpoint.py:117} INFO - 접속완료
[2024-02-19T10:32:19.068+0900] {Naver_News_Collect-checkpoint.py:120} INFO - 8 Start
[2024-02-19T10:32:41.561+0900] {Naver_News_Collect-checkpoint.py:156} INFO - 9 End
[2024-02-19T10:32:43.564+0900] {logger.py:11} INFO - ====== WebDriver manager ======
[2024-02-19T10:32:43.643+0900] {logger.py:11} INFO - Get LATEST chromedriver version for google-chrome
[2024-02-19T10:32:43.724+0900] {logger.py:11} INFO - Get LATEST chromedriver version for google-chrome
[2024-02-19T10:32:43.804+0900] {logger.py:11} INFO - Driver [/home/ubuntu/.wdm/drivers/chromedriver/linux64/121.0.6167.184/chromedriver-linux64/chromedriver] found in cache
[2024-02-19T10:32:44.473+0900] {Naver_News_Collect-checkpoint.py:117} INFO - 접속완료
[2024-02-19T10:32:45.557+0900] {Naver_News_Collect-checkpoint.py:120} INFO - 9 Start
[2024-02-19T10:33:08.039+0900] {Naver_News_Collect-checkpoint.py:156} INFO - 10 End
[2024-02-19T10:33:11.043+0900] {logger.py:11} INFO - ====== WebDriver manager ======
[2024-02-19T10:33:11.123+0900] {logger.py:11} INFO - Get LATEST chromedriver version for google-chrome
[2024-02-19T10:33:11.205+0900] {logger.py:11} INFO - Get LATEST chromedriver version for google-chrome
[2024-02-19T10:33:11.287+0900] {logger.py:11} INFO - Driver [/home/ubuntu/.wdm/drivers/chromedriver/linux64/121.0.6167.184/chromedriver-linux64/chromedriver] found in cache
[2024-02-19T10:33:11.965+0900] {Naver_News_Collect-checkpoint.py:117} INFO - 접속완료
[2024-02-19T10:33:13.020+0900] {Naver_News_Collect-checkpoint.py:120} INFO - 10 Start
[2024-02-19T10:33:35.475+0900] {Naver_News_Collect-checkpoint.py:156} INFO - 11 End
[2024-02-19T10:33:37.477+0900] {logger.py:11} INFO - ====== WebDriver manager ======
[2024-02-19T10:33:37.559+0900] {logger.py:11} INFO - Get LATEST chromedriver version for google-chrome
[2024-02-19T10:33:37.640+0900] {logger.py:11} INFO - Get LATEST chromedriver version for google-chrome
[2024-02-19T10:33:37.719+0900] {logger.py:11} INFO - Driver [/home/ubuntu/.wdm/drivers/chromedriver/linux64/121.0.6167.184/chromedriver-linux64/chromedriver] found in cache
[2024-02-19T10:33:38.394+0900] {Naver_News_Collect-checkpoint.py:117} INFO - 접속완료
[2024-02-19T10:33:39.429+0900] {Naver_News_Collect-checkpoint.py:120} INFO - 11 Start
[2024-02-19T10:33:52.016+0900] {Naver_News_Collect-checkpoint.py:156} INFO - 12 End
[2024-02-19T10:33:55.019+0900] {logger.py:11} INFO - ====== WebDriver manager ======
[2024-02-19T10:33:55.099+0900] {logger.py:11} INFO - Get LATEST chromedriver version for google-chrome
[2024-02-19T10:33:55.181+0900] {logger.py:11} INFO - Get LATEST chromedriver version for google-chrome
[2024-02-19T10:33:55.261+0900] {logger.py:11} INFO - Driver [/home/ubuntu/.wdm/drivers/chromedriver/linux64/121.0.6167.184/chromedriver-linux64/chromedriver] found in cache
[2024-02-19T10:33:55.917+0900] {Naver_News_Collect-checkpoint.py:117} INFO - 접속완료
[2024-02-19T10:33:56.701+0900] {Naver_News_Collect-checkpoint.py:120} INFO - 12 Start
[2024-02-19T10:34:08.921+0900] {Naver_News_Collect-checkpoint.py:156} INFO - 13 End
[2024-02-19T10:34:10.924+0900] {logger.py:11} INFO - ====== WebDriver manager ======
[2024-02-19T10:34:11.004+0900] {logger.py:11} INFO - Get LATEST chromedriver version for google-chrome
[2024-02-19T10:34:11.084+0900] {logger.py:11} INFO - Get LATEST chromedriver version for google-chrome
[2024-02-19T10:34:11.164+0900] {logger.py:11} INFO - Driver [/home/ubuntu/.wdm/drivers/chromedriver/linux64/121.0.6167.184/chromedriver-linux64/chromedriver] found in cache
[2024-02-19T10:34:11.838+0900] {Naver_News_Collect-checkpoint.py:117} INFO - 접속완료
[2024-02-19T10:34:12.889+0900] {Naver_News_Collect-checkpoint.py:120} INFO - 13 Start
[2024-02-19T10:34:25.382+0900] {Naver_News_Collect-checkpoint.py:156} INFO - 14 End
[2024-02-19T10:34:27.384+0900] {logger.py:11} INFO - ====== WebDriver manager ======
[2024-02-19T10:34:27.465+0900] {logger.py:11} INFO - Get LATEST chromedriver version for google-chrome
[2024-02-19T10:34:27.546+0900] {logger.py:11} INFO - Get LATEST chromedriver version for google-chrome
[2024-02-19T10:34:27.627+0900] {logger.py:11} INFO - Driver [/home/ubuntu/.wdm/drivers/chromedriver/linux64/121.0.6167.184/chromedriver-linux64/chromedriver] found in cache
[2024-02-19T10:34:28.299+0900] {Naver_News_Collect-checkpoint.py:117} INFO - 접속완료
[2024-02-19T10:34:29.298+0900] {Naver_News_Collect-checkpoint.py:120} INFO - 14 Start
[2024-02-19T10:34:41.780+0900] {Naver_News_Collect-checkpoint.py:156} INFO - 15 End
[2024-02-19T10:34:43.782+0900] {logger.py:11} INFO - ====== WebDriver manager ======
[2024-02-19T10:34:43.863+0900] {logger.py:11} INFO - Get LATEST chromedriver version for google-chrome
[2024-02-19T10:34:43.944+0900] {logger.py:11} INFO - Get LATEST chromedriver version for google-chrome
[2024-02-19T10:34:44.024+0900] {logger.py:11} INFO - Driver [/home/ubuntu/.wdm/drivers/chromedriver/linux64/121.0.6167.184/chromedriver-linux64/chromedriver] found in cache
[2024-02-19T10:34:44.690+0900] {Naver_News_Collect-checkpoint.py:117} INFO - 접속완료
[2024-02-19T10:34:45.755+0900] {Naver_News_Collect-checkpoint.py:120} INFO - 15 Start
[2024-02-19T10:35:08.226+0900] {Naver_News_Collect-checkpoint.py:156} INFO - 16 End
[2024-02-19T10:35:10.229+0900] {logger.py:11} INFO - ====== WebDriver manager ======
[2024-02-19T10:35:10.310+0900] {logger.py:11} INFO - Get LATEST chromedriver version for google-chrome
[2024-02-19T10:35:10.391+0900] {logger.py:11} INFO - Get LATEST chromedriver version for google-chrome
[2024-02-19T10:35:10.474+0900] {logger.py:11} INFO - Driver [/home/ubuntu/.wdm/drivers/chromedriver/linux64/121.0.6167.184/chromedriver-linux64/chromedriver] found in cache
[2024-02-19T10:35:11.149+0900] {Naver_News_Collect-checkpoint.py:117} INFO - 접속완료
[2024-02-19T10:35:12.234+0900] {Naver_News_Collect-checkpoint.py:120} INFO - 16 Start
[2024-02-19T10:35:25.181+0900] {Naver_News_Collect-checkpoint.py:156} INFO - 17 End
[2024-02-19T10:35:27.184+0900] {logger.py:11} INFO - ====== WebDriver manager ======
[2024-02-19T10:35:27.266+0900] {logger.py:11} INFO - Get LATEST chromedriver version for google-chrome
[2024-02-19T10:35:27.347+0900] {logger.py:11} INFO - Get LATEST chromedriver version for google-chrome
[2024-02-19T10:35:27.430+0900] {logger.py:11} INFO - Driver [/home/ubuntu/.wdm/drivers/chromedriver/linux64/121.0.6167.184/chromedriver-linux64/chromedriver] found in cache
[2024-02-19T10:35:28.104+0900] {Naver_News_Collect-checkpoint.py:117} INFO - 접속완료
[2024-02-19T10:35:29.219+0900] {Naver_News_Collect-checkpoint.py:120} INFO - 17 Start
[2024-02-19T10:35:51.669+0900] {Naver_News_Collect-checkpoint.py:156} INFO - 18 End
[2024-02-19T10:35:53.671+0900] {logger.py:11} INFO - ====== WebDriver manager ======
[2024-02-19T10:35:53.753+0900] {logger.py:11} INFO - Get LATEST chromedriver version for google-chrome
[2024-02-19T10:35:53.835+0900] {logger.py:11} INFO - Get LATEST chromedriver version for google-chrome
[2024-02-19T10:35:53.915+0900] {logger.py:11} INFO - Driver [/home/ubuntu/.wdm/drivers/chromedriver/linux64/121.0.6167.184/chromedriver-linux64/chromedriver] found in cache
[2024-02-19T10:35:54.579+0900] {Naver_News_Collect-checkpoint.py:117} INFO - 접속완료
[2024-02-19T10:35:55.613+0900] {Naver_News_Collect-checkpoint.py:120} INFO - 18 Start
[2024-02-19T10:36:08.118+0900] {Naver_News_Collect-checkpoint.py:156} INFO - 19 End
[2024-02-19T10:36:11.122+0900] {logger.py:11} INFO - ====== WebDriver manager ======
[2024-02-19T10:36:11.205+0900] {logger.py:11} INFO - Get LATEST chromedriver version for google-chrome
[2024-02-19T10:36:11.286+0900] {logger.py:11} INFO - Get LATEST chromedriver version for google-chrome
[2024-02-19T10:36:11.367+0900] {logger.py:11} INFO - Driver [/home/ubuntu/.wdm/drivers/chromedriver/linux64/121.0.6167.184/chromedriver-linux64/chromedriver] found in cache
[2024-02-19T10:36:12.030+0900] {Naver_News_Collect-checkpoint.py:117} INFO - 접속완료
[2024-02-19T10:36:13.029+0900] {Naver_News_Collect-checkpoint.py:120} INFO - 19 Start
[2024-02-19T10:36:37.440+0900] {Naver_News_Collect-checkpoint.py:156} INFO - 20 End
[2024-02-19T10:36:40.443+0900] {logger.py:11} INFO - ====== WebDriver manager ======
[2024-02-19T10:36:40.523+0900] {logger.py:11} INFO - Get LATEST chromedriver version for google-chrome
[2024-02-19T10:36:40.607+0900] {logger.py:11} INFO - Get LATEST chromedriver version for google-chrome
[2024-02-19T10:36:40.688+0900] {logger.py:11} INFO - Driver [/home/ubuntu/.wdm/drivers/chromedriver/linux64/121.0.6167.184/chromedriver-linux64/chromedriver] found in cache
[2024-02-19T10:36:41.362+0900] {Naver_News_Collect-checkpoint.py:117} INFO - 접속완료
[2024-02-19T10:36:42.433+0900] {Naver_News_Collect-checkpoint.py:120} INFO - 20 Start
[2024-02-19T10:36:55.632+0900] {Naver_News_Collect-checkpoint.py:156} INFO - 21 End
[2024-02-19T10:36:57.635+0900] {logger.py:11} INFO - ====== WebDriver manager ======
[2024-02-19T10:36:57.715+0900] {logger.py:11} INFO - Get LATEST chromedriver version for google-chrome
[2024-02-19T10:36:57.796+0900] {logger.py:11} INFO - Get LATEST chromedriver version for google-chrome
[2024-02-19T10:36:57.875+0900] {logger.py:11} INFO - Driver [/home/ubuntu/.wdm/drivers/chromedriver/linux64/121.0.6167.184/chromedriver-linux64/chromedriver] found in cache
[2024-02-19T10:36:58.547+0900] {Naver_News_Collect-checkpoint.py:117} INFO - 접속완료
[2024-02-19T10:37:28.623+0900] {Naver_News_Collect-checkpoint.py:120} INFO - 21 Start
[2024-02-19T10:37:38.737+0900] {Naver_News_Collect-checkpoint.py:156} INFO - 21 End
[2024-02-19T10:37:41.740+0900] {logger.py:11} INFO - ====== WebDriver manager ======
[2024-02-19T10:37:41.820+0900] {logger.py:11} INFO - Get LATEST chromedriver version for google-chrome
[2024-02-19T10:37:41.902+0900] {logger.py:11} INFO - Get LATEST chromedriver version for google-chrome
[2024-02-19T10:37:41.991+0900] {logger.py:11} INFO - Driver [/home/ubuntu/.wdm/drivers/chromedriver/linux64/121.0.6167.184/chromedriver-linux64/chromedriver] found in cache
[2024-02-19T10:37:42.659+0900] {Naver_News_Collect-checkpoint.py:117} INFO - 접속완료
[2024-02-19T10:37:43.664+0900] {Naver_News_Collect-checkpoint.py:120} INFO - 21 Start
[2024-02-19T10:38:05.956+0900] {Naver_News_Collect-checkpoint.py:156} INFO - 22 End
[2024-02-19T10:38:07.957+0900] {logger.py:11} INFO - ====== WebDriver manager ======
[2024-02-19T10:38:08.038+0900] {logger.py:11} INFO - Get LATEST chromedriver version for google-chrome
[2024-02-19T10:38:08.120+0900] {logger.py:11} INFO - Get LATEST chromedriver version for google-chrome
[2024-02-19T10:38:08.201+0900] {logger.py:11} INFO - Driver [/home/ubuntu/.wdm/drivers/chromedriver/linux64/121.0.6167.184/chromedriver-linux64/chromedriver] found in cache
[2024-02-19T10:38:08.859+0900] {Naver_News_Collect-checkpoint.py:117} INFO - 접속완료
[2024-02-19T10:38:09.963+0900] {Naver_News_Collect-checkpoint.py:120} INFO - 22 Start
[2024-02-19T10:38:32.692+0900] {Naver_News_Collect-checkpoint.py:156} INFO - 23 End
[2024-02-19T10:38:34.695+0900] {logger.py:11} INFO - ====== WebDriver manager ======
[2024-02-19T10:38:34.777+0900] {logger.py:11} INFO - Get LATEST chromedriver version for google-chrome
[2024-02-19T10:38:34.858+0900] {logger.py:11} INFO - Get LATEST chromedriver version for google-chrome
[2024-02-19T10:38:34.939+0900] {logger.py:11} INFO - Driver [/home/ubuntu/.wdm/drivers/chromedriver/linux64/121.0.6167.184/chromedriver-linux64/chromedriver] found in cache
[2024-02-19T10:38:35.597+0900] {Naver_News_Collect-checkpoint.py:117} INFO - 접속완료
[2024-02-19T10:38:36.711+0900] {Naver_News_Collect-checkpoint.py:120} INFO - 23 Start
[2024-02-19T10:38:49.262+0900] {Naver_News_Collect-checkpoint.py:156} INFO - 24 End
[2024-02-19T10:38:51.265+0900] {logger.py:11} INFO - ====== WebDriver manager ======
[2024-02-19T10:38:51.345+0900] {logger.py:11} INFO - Get LATEST chromedriver version for google-chrome
[2024-02-19T10:38:51.425+0900] {logger.py:11} INFO - Get LATEST chromedriver version for google-chrome
[2024-02-19T10:38:51.505+0900] {logger.py:11} INFO - Driver [/home/ubuntu/.wdm/drivers/chromedriver/linux64/121.0.6167.184/chromedriver-linux64/chromedriver] found in cache
[2024-02-19T10:38:52.177+0900] {Naver_News_Collect-checkpoint.py:117} INFO - 접속완료
[2024-02-19T10:38:53.201+0900] {Naver_News_Collect-checkpoint.py:120} INFO - 24 Start
[2024-02-19T10:39:05.800+0900] {Naver_News_Collect-checkpoint.py:156} INFO - 25 End
[2024-02-19T10:39:07.803+0900] {logger.py:11} INFO - ====== WebDriver manager ======
[2024-02-19T10:39:07.883+0900] {logger.py:11} INFO - Get LATEST chromedriver version for google-chrome
[2024-02-19T10:39:07.965+0900] {logger.py:11} INFO - Get LATEST chromedriver version for google-chrome
[2024-02-19T10:39:08.045+0900] {logger.py:11} INFO - Driver [/home/ubuntu/.wdm/drivers/chromedriver/linux64/121.0.6167.184/chromedriver-linux64/chromedriver] found in cache
[2024-02-19T10:39:08.719+0900] {Naver_News_Collect-checkpoint.py:117} INFO - 접속완료
[2024-02-19T10:39:09.475+0900] {Naver_News_Collect-checkpoint.py:120} INFO - 25 Start
[2024-02-19T10:39:21.794+0900] {Naver_News_Collect-checkpoint.py:156} INFO - 26 End
[2024-02-19T10:39:24.798+0900] {logger.py:11} INFO - ====== WebDriver manager ======
[2024-02-19T10:39:24.880+0900] {logger.py:11} INFO - Get LATEST chromedriver version for google-chrome
[2024-02-19T10:39:24.962+0900] {logger.py:11} INFO - Get LATEST chromedriver version for google-chrome
[2024-02-19T10:39:25.043+0900] {logger.py:11} INFO - Driver [/home/ubuntu/.wdm/drivers/chromedriver/linux64/121.0.6167.184/chromedriver-linux64/chromedriver] found in cache
[2024-02-19T10:39:25.717+0900] {Naver_News_Collect-checkpoint.py:117} INFO - 접속완료
[2024-02-19T10:39:26.789+0900] {Naver_News_Collect-checkpoint.py:120} INFO - 26 Start
[2024-02-19T10:39:49.205+0900] {Naver_News_Collect-checkpoint.py:156} INFO - 27 End
[2024-02-19T10:39:52.208+0900] {logger.py:11} INFO - ====== WebDriver manager ======
[2024-02-19T10:39:52.288+0900] {logger.py:11} INFO - Get LATEST chromedriver version for google-chrome
[2024-02-19T10:39:52.369+0900] {logger.py:11} INFO - Get LATEST chromedriver version for google-chrome
[2024-02-19T10:39:52.450+0900] {logger.py:11} INFO - Driver [/home/ubuntu/.wdm/drivers/chromedriver/linux64/121.0.6167.184/chromedriver-linux64/chromedriver] found in cache
[2024-02-19T10:39:53.123+0900] {Naver_News_Collect-checkpoint.py:117} INFO - 접속완료
[2024-02-19T10:39:54.067+0900] {Naver_News_Collect-checkpoint.py:120} INFO - 27 Start
[2024-02-19T10:40:16.412+0900] {Naver_News_Collect-checkpoint.py:156} INFO - 28 End
[2024-02-19T10:40:18.414+0900] {logger.py:11} INFO - ====== WebDriver manager ======
[2024-02-19T10:40:18.497+0900] {logger.py:11} INFO - Get LATEST chromedriver version for google-chrome
[2024-02-19T10:40:18.578+0900] {logger.py:11} INFO - Get LATEST chromedriver version for google-chrome
[2024-02-19T10:40:18.659+0900] {logger.py:11} INFO - Driver [/home/ubuntu/.wdm/drivers/chromedriver/linux64/121.0.6167.184/chromedriver-linux64/chromedriver] found in cache
[2024-02-19T10:40:19.334+0900] {Naver_News_Collect-checkpoint.py:117} INFO - 접속완료
[2024-02-19T10:40:20.331+0900] {Naver_News_Collect-checkpoint.py:120} INFO - 28 Start
[2024-02-19T10:40:42.699+0900] {Naver_News_Collect-checkpoint.py:156} INFO - 29 End
[2024-02-19T10:40:44.702+0900] {logger.py:11} INFO - ====== WebDriver manager ======
[2024-02-19T10:40:44.784+0900] {logger.py:11} INFO - Get LATEST chromedriver version for google-chrome
[2024-02-19T10:40:44.865+0900] {logger.py:11} INFO - Get LATEST chromedriver version for google-chrome
[2024-02-19T10:40:44.957+0900] {logger.py:11} INFO - Driver [/home/ubuntu/.wdm/drivers/chromedriver/linux64/121.0.6167.184/chromedriver-linux64/chromedriver] found in cache
[2024-02-19T10:40:45.634+0900] {Naver_News_Collect-checkpoint.py:117} INFO - 접속완료
[2024-02-19T10:40:46.694+0900] {Naver_News_Collect-checkpoint.py:120} INFO - 29 Start
[2024-02-19T10:41:09.004+0900] {Naver_News_Collect-checkpoint.py:156} INFO - 30 End
[2024-02-19T10:41:11.007+0900] {logger.py:11} INFO - ====== WebDriver manager ======
[2024-02-19T10:41:11.088+0900] {logger.py:11} INFO - Get LATEST chromedriver version for google-chrome
[2024-02-19T10:41:11.170+0900] {logger.py:11} INFO - Get LATEST chromedriver version for google-chrome
[2024-02-19T10:41:11.250+0900] {logger.py:11} INFO - Driver [/home/ubuntu/.wdm/drivers/chromedriver/linux64/121.0.6167.184/chromedriver-linux64/chromedriver] found in cache
[2024-02-19T10:41:11.928+0900] {Naver_News_Collect-checkpoint.py:117} INFO - 접속완료
[2024-02-19T10:41:12.999+0900] {Naver_News_Collect-checkpoint.py:120} INFO - 30 Start
[2024-02-19T10:41:27.941+0900] {Naver_News_Collect-checkpoint.py:156} INFO - 31 End
[2024-02-19T10:41:29.943+0900] {logger.py:11} INFO - ====== WebDriver manager ======
[2024-02-19T10:41:30.023+0900] {logger.py:11} INFO - Get LATEST chromedriver version for google-chrome
[2024-02-19T10:41:30.105+0900] {logger.py:11} INFO - Get LATEST chromedriver version for google-chrome
[2024-02-19T10:41:30.186+0900] {logger.py:11} INFO - Driver [/home/ubuntu/.wdm/drivers/chromedriver/linux64/121.0.6167.184/chromedriver-linux64/chromedriver] found in cache
[2024-02-19T10:41:30.849+0900] {Naver_News_Collect-checkpoint.py:117} INFO - 접속완료
[2024-02-19T10:41:31.855+0900] {Naver_News_Collect-checkpoint.py:120} INFO - 31 Start
[2024-02-19T10:41:44.445+0900] {Naver_News_Collect-checkpoint.py:156} INFO - 32 End
[2024-02-19T10:41:47.449+0900] {logger.py:11} INFO - ====== WebDriver manager ======
[2024-02-19T10:41:47.532+0900] {logger.py:11} INFO - Get LATEST chromedriver version for google-chrome
[2024-02-19T10:41:47.615+0900] {logger.py:11} INFO - Get LATEST chromedriver version for google-chrome
[2024-02-19T10:41:47.697+0900] {logger.py:11} INFO - Driver [/home/ubuntu/.wdm/drivers/chromedriver/linux64/121.0.6167.184/chromedriver-linux64/chromedriver] found in cache
[2024-02-19T10:41:48.394+0900] {Naver_News_Collect-checkpoint.py:117} INFO - 접속완료
[2024-02-19T10:41:49.405+0900] {Naver_News_Collect-checkpoint.py:120} INFO - 32 Start
[2024-02-19T10:42:12.550+0900] {Naver_News_Collect-checkpoint.py:156} INFO - 33 End
[2024-02-19T10:42:15.553+0900] {logger.py:11} INFO - ====== WebDriver manager ======
[2024-02-19T10:42:15.636+0900] {logger.py:11} INFO - Get LATEST chromedriver version for google-chrome
[2024-02-19T10:42:15.719+0900] {logger.py:11} INFO - Get LATEST chromedriver version for google-chrome
[2024-02-19T10:42:15.799+0900] {logger.py:11} INFO - Driver [/home/ubuntu/.wdm/drivers/chromedriver/linux64/121.0.6167.184/chromedriver-linux64/chromedriver] found in cache
[2024-02-19T10:42:16.474+0900] {Naver_News_Collect-checkpoint.py:117} INFO - 접속완료
[2024-02-19T10:42:46.557+0900] {Naver_News_Collect-checkpoint.py:120} INFO - 33 Start
[2024-02-19T10:42:56.670+0900] {Naver_News_Collect-checkpoint.py:156} INFO - 33 End
[2024-02-19T10:42:59.673+0900] {logger.py:11} INFO - ====== WebDriver manager ======
[2024-02-19T10:42:59.753+0900] {logger.py:11} INFO - Get LATEST chromedriver version for google-chrome
[2024-02-19T10:42:59.834+0900] {logger.py:11} INFO - Get LATEST chromedriver version for google-chrome
[2024-02-19T10:42:59.913+0900] {logger.py:11} INFO - Driver [/home/ubuntu/.wdm/drivers/chromedriver/linux64/121.0.6167.184/chromedriver-linux64/chromedriver] found in cache
[2024-02-19T10:43:00.587+0900] {Naver_News_Collect-checkpoint.py:117} INFO - 접속완료
[2024-02-19T10:43:01.601+0900] {Naver_News_Collect-checkpoint.py:120} INFO - 33 Start
[2024-02-19T10:43:23.993+0900] {Naver_News_Collect-checkpoint.py:156} INFO - 34 End
[2024-02-19T10:43:26.996+0900] {logger.py:11} INFO - ====== WebDriver manager ======
[2024-02-19T10:43:27.078+0900] {logger.py:11} INFO - Get LATEST chromedriver version for google-chrome
[2024-02-19T10:43:27.160+0900] {logger.py:11} INFO - Get LATEST chromedriver version for google-chrome
[2024-02-19T10:43:27.241+0900] {logger.py:11} INFO - Driver [/home/ubuntu/.wdm/drivers/chromedriver/linux64/121.0.6167.184/chromedriver-linux64/chromedriver] found in cache
[2024-02-19T10:43:27.918+0900] {Naver_News_Collect-checkpoint.py:117} INFO - 접속완료
[2024-02-19T10:43:58.000+0900] {Naver_News_Collect-checkpoint.py:120} INFO - 34 Start
[2024-02-19T10:44:08.095+0900] {Naver_News_Collect-checkpoint.py:156} INFO - 34 End
[2024-02-19T10:44:10.097+0900] {logger.py:11} INFO - ====== WebDriver manager ======
[2024-02-19T10:44:10.177+0900] {logger.py:11} INFO - Get LATEST chromedriver version for google-chrome
[2024-02-19T10:44:10.257+0900] {logger.py:11} INFO - Get LATEST chromedriver version for google-chrome
[2024-02-19T10:44:10.337+0900] {logger.py:11} INFO - Driver [/home/ubuntu/.wdm/drivers/chromedriver/linux64/121.0.6167.184/chromedriver-linux64/chromedriver] found in cache
[2024-02-19T10:44:11.014+0900] {Naver_News_Collect-checkpoint.py:117} INFO - 접속완료
[2024-02-19T10:44:11.850+0900] {Naver_News_Collect-checkpoint.py:120} INFO - 34 Start
[2024-02-19T10:44:34.446+0900] {Naver_News_Collect-checkpoint.py:156} INFO - 35 End
[2024-02-19T10:44:36.449+0900] {logger.py:11} INFO - ====== WebDriver manager ======
[2024-02-19T10:44:36.530+0900] {logger.py:11} INFO - Get LATEST chromedriver version for google-chrome
[2024-02-19T10:44:36.610+0900] {logger.py:11} INFO - Get LATEST chromedriver version for google-chrome
[2024-02-19T10:44:36.692+0900] {logger.py:11} INFO - Driver [/home/ubuntu/.wdm/drivers/chromedriver/linux64/121.0.6167.184/chromedriver-linux64/chromedriver] found in cache
[2024-02-19T10:44:37.349+0900] {Naver_News_Collect-checkpoint.py:117} INFO - 접속완료
[2024-02-19T10:44:38.390+0900] {Naver_News_Collect-checkpoint.py:120} INFO - 35 Start
[2024-02-19T10:44:51.387+0900] {Naver_News_Collect-checkpoint.py:156} INFO - 36 End
[2024-02-19T10:44:53.389+0900] {logger.py:11} INFO - ====== WebDriver manager ======
[2024-02-19T10:44:53.471+0900] {logger.py:11} INFO - Get LATEST chromedriver version for google-chrome
[2024-02-19T10:44:53.552+0900] {logger.py:11} INFO - Get LATEST chromedriver version for google-chrome
[2024-02-19T10:44:53.633+0900] {logger.py:11} INFO - Driver [/home/ubuntu/.wdm/drivers/chromedriver/linux64/121.0.6167.184/chromedriver-linux64/chromedriver] found in cache
[2024-02-19T10:44:54.283+0900] {Naver_News_Collect-checkpoint.py:117} INFO - 접속완료
[2024-02-19T10:44:55.298+0900] {Naver_News_Collect-checkpoint.py:120} INFO - 36 Start
[2024-02-19T10:45:17.615+0900] {Naver_News_Collect-checkpoint.py:156} INFO - 37 End
[2024-02-19T10:45:20.619+0900] {logger.py:11} INFO - ====== WebDriver manager ======
[2024-02-19T10:45:20.700+0900] {logger.py:11} INFO - Get LATEST chromedriver version for google-chrome
[2024-02-19T10:45:20.781+0900] {logger.py:11} INFO - Get LATEST chromedriver version for google-chrome
[2024-02-19T10:45:20.863+0900] {logger.py:11} INFO - Driver [/home/ubuntu/.wdm/drivers/chromedriver/linux64/121.0.6167.184/chromedriver-linux64/chromedriver] found in cache
[2024-02-19T10:45:21.541+0900] {Naver_News_Collect-checkpoint.py:117} INFO - 접속완료
[2024-02-19T10:45:22.329+0900] {Naver_News_Collect-checkpoint.py:120} INFO - 37 Start
[2024-02-19T10:45:34.932+0900] {Naver_News_Collect-checkpoint.py:156} INFO - 38 End
[2024-02-19T10:45:37.936+0900] {logger.py:11} INFO - ====== WebDriver manager ======
[2024-02-19T10:45:38.019+0900] {logger.py:11} INFO - Get LATEST chromedriver version for google-chrome
[2024-02-19T10:45:38.101+0900] {logger.py:11} INFO - Get LATEST chromedriver version for google-chrome
[2024-02-19T10:45:38.183+0900] {logger.py:11} INFO - Driver [/home/ubuntu/.wdm/drivers/chromedriver/linux64/121.0.6167.184/chromedriver-linux64/chromedriver] found in cache
[2024-02-19T10:45:38.859+0900] {Naver_News_Collect-checkpoint.py:117} INFO - 접속완료
[2024-02-19T10:45:39.886+0900] {Naver_News_Collect-checkpoint.py:120} INFO - 38 Start
[2024-02-19T10:46:02.417+0900] {Naver_News_Collect-checkpoint.py:156} INFO - 39 End
[2024-02-19T10:46:04.420+0900] {logger.py:11} INFO - ====== WebDriver manager ======
[2024-02-19T10:46:04.502+0900] {logger.py:11} INFO - Get LATEST chromedriver version for google-chrome
[2024-02-19T10:46:04.584+0900] {logger.py:11} INFO - Get LATEST chromedriver version for google-chrome
[2024-02-19T10:46:04.666+0900] {logger.py:11} INFO - Driver [/home/ubuntu/.wdm/drivers/chromedriver/linux64/121.0.6167.184/chromedriver-linux64/chromedriver] found in cache
[2024-02-19T10:46:05.344+0900] {Naver_News_Collect-checkpoint.py:117} INFO - 접속완료
[2024-02-19T10:46:06.481+0900] {Naver_News_Collect-checkpoint.py:120} INFO - 39 Start
[2024-02-19T10:46:28.966+0900] {Naver_News_Collect-checkpoint.py:156} INFO - 40 End
[2024-02-19T10:46:30.968+0900] {logger.py:11} INFO - ====== WebDriver manager ======
[2024-02-19T10:46:31.050+0900] {logger.py:11} INFO - Get LATEST chromedriver version for google-chrome
[2024-02-19T10:46:31.132+0900] {logger.py:11} INFO - Get LATEST chromedriver version for google-chrome
[2024-02-19T10:46:31.214+0900] {logger.py:11} INFO - Driver [/home/ubuntu/.wdm/drivers/chromedriver/linux64/121.0.6167.184/chromedriver-linux64/chromedriver] found in cache
[2024-02-19T10:46:31.887+0900] {Naver_News_Collect-checkpoint.py:117} INFO - 접속완료
[2024-02-19T10:46:32.933+0900] {Naver_News_Collect-checkpoint.py:120} INFO - 40 Start
[2024-02-19T10:46:45.560+0900] {Naver_News_Collect-checkpoint.py:156} INFO - 41 End
[2024-02-19T10:46:48.564+0900] {logger.py:11} INFO - ====== WebDriver manager ======
[2024-02-19T10:46:48.645+0900] {logger.py:11} INFO - Get LATEST chromedriver version for google-chrome
[2024-02-19T10:46:48.728+0900] {logger.py:11} INFO - Get LATEST chromedriver version for google-chrome
[2024-02-19T10:46:48.808+0900] {logger.py:11} INFO - Driver [/home/ubuntu/.wdm/drivers/chromedriver/linux64/121.0.6167.184/chromedriver-linux64/chromedriver] found in cache
[2024-02-19T10:46:49.481+0900] {Naver_News_Collect-checkpoint.py:117} INFO - 접속완료
[2024-02-19T10:47:19.565+0900] {Naver_News_Collect-checkpoint.py:120} INFO - 41 Start
[2024-02-19T10:47:29.685+0900] {Naver_News_Collect-checkpoint.py:156} INFO - 41 End
[2024-02-19T10:47:32.688+0900] {logger.py:11} INFO - ====== WebDriver manager ======
[2024-02-19T10:47:32.770+0900] {logger.py:11} INFO - Get LATEST chromedriver version for google-chrome
[2024-02-19T10:47:32.851+0900] {logger.py:11} INFO - Get LATEST chromedriver version for google-chrome
[2024-02-19T10:47:32.931+0900] {logger.py:11} INFO - Driver [/home/ubuntu/.wdm/drivers/chromedriver/linux64/121.0.6167.184/chromedriver-linux64/chromedriver] found in cache
[2024-02-19T10:47:33.591+0900] {Naver_News_Collect-checkpoint.py:117} INFO - 접속완료
[2024-02-19T10:47:34.507+0900] {Naver_News_Collect-checkpoint.py:120} INFO - 41 Start
[2024-02-19T10:47:47.101+0900] {Naver_News_Collect-checkpoint.py:156} INFO - 42 End
[2024-02-19T10:47:49.104+0900] {logger.py:11} INFO - ====== WebDriver manager ======
[2024-02-19T10:47:49.187+0900] {logger.py:11} INFO - Get LATEST chromedriver version for google-chrome
[2024-02-19T10:47:49.270+0900] {logger.py:11} INFO - Get LATEST chromedriver version for google-chrome
[2024-02-19T10:47:49.351+0900] {logger.py:11} INFO - Driver [/home/ubuntu/.wdm/drivers/chromedriver/linux64/121.0.6167.184/chromedriver-linux64/chromedriver] found in cache
[2024-02-19T10:47:50.026+0900] {Naver_News_Collect-checkpoint.py:117} INFO - 접속완료
[2024-02-19T10:47:50.960+0900] {Naver_News_Collect-checkpoint.py:120} INFO - 42 Start
[2024-02-19T10:48:13.384+0900] {Naver_News_Collect-checkpoint.py:156} INFO - 43 End
[2024-02-19T10:48:16.387+0900] {logger.py:11} INFO - ====== WebDriver manager ======
[2024-02-19T10:48:16.468+0900] {logger.py:11} INFO - Get LATEST chromedriver version for google-chrome
[2024-02-19T10:48:16.549+0900] {logger.py:11} INFO - Get LATEST chromedriver version for google-chrome
[2024-02-19T10:48:16.631+0900] {logger.py:11} INFO - Driver [/home/ubuntu/.wdm/drivers/chromedriver/linux64/121.0.6167.184/chromedriver-linux64/chromedriver] found in cache
[2024-02-19T10:48:17.305+0900] {Naver_News_Collect-checkpoint.py:117} INFO - 접속완료
[2024-02-19T10:48:18.187+0900] {Naver_News_Collect-checkpoint.py:120} INFO - 43 Start
[2024-02-19T10:48:40.603+0900] {Naver_News_Collect-checkpoint.py:156} INFO - 44 End
[2024-02-19T10:48:43.606+0900] {logger.py:11} INFO - ====== WebDriver manager ======
[2024-02-19T10:48:43.687+0900] {logger.py:11} INFO - Get LATEST chromedriver version for google-chrome
[2024-02-19T10:48:43.768+0900] {logger.py:11} INFO - Get LATEST chromedriver version for google-chrome
[2024-02-19T10:48:43.849+0900] {logger.py:11} INFO - Driver [/home/ubuntu/.wdm/drivers/chromedriver/linux64/121.0.6167.184/chromedriver-linux64/chromedriver] found in cache
[2024-02-19T10:48:44.529+0900] {Naver_News_Collect-checkpoint.py:117} INFO - 접속완료
[2024-02-19T10:48:45.179+0900] {Naver_News_Collect-checkpoint.py:120} INFO - 44 Start
[2024-02-19T10:49:07.330+0900] {Naver_News_Collect-checkpoint.py:156} INFO - 45 End
[2024-02-19T10:49:10.333+0900] {logger.py:11} INFO - ====== WebDriver manager ======
[2024-02-19T10:49:10.416+0900] {logger.py:11} INFO - Get LATEST chromedriver version for google-chrome
[2024-02-19T10:49:10.499+0900] {logger.py:11} INFO - Get LATEST chromedriver version for google-chrome
[2024-02-19T10:49:10.583+0900] {logger.py:11} INFO - Driver [/home/ubuntu/.wdm/drivers/chromedriver/linux64/121.0.6167.184/chromedriver-linux64/chromedriver] found in cache
[2024-02-19T10:49:11.260+0900] {Naver_News_Collect-checkpoint.py:117} INFO - 접속완료
[2024-02-19T10:49:11.913+0900] {Naver_News_Collect-checkpoint.py:120} INFO - 45 Start
[2024-02-19T10:49:34.087+0900] {Naver_News_Collect-checkpoint.py:156} INFO - 46 End
[2024-02-19T10:49:37.090+0900] {logger.py:11} INFO - ====== WebDriver manager ======
[2024-02-19T10:49:37.172+0900] {logger.py:11} INFO - Get LATEST chromedriver version for google-chrome
[2024-02-19T10:49:37.252+0900] {logger.py:11} INFO - Get LATEST chromedriver version for google-chrome
[2024-02-19T10:49:37.333+0900] {logger.py:11} INFO - Driver [/home/ubuntu/.wdm/drivers/chromedriver/linux64/121.0.6167.184/chromedriver-linux64/chromedriver] found in cache
[2024-02-19T10:49:37.994+0900] {Naver_News_Collect-checkpoint.py:117} INFO - 접속완료
[2024-02-19T10:49:38.667+0900] {Naver_News_Collect-checkpoint.py:120} INFO - 46 Start
[2024-02-19T10:50:00.818+0900] {Naver_News_Collect-checkpoint.py:156} INFO - 47 End
[2024-02-19T10:50:03.821+0900] {logger.py:11} INFO - ====== WebDriver manager ======
[2024-02-19T10:50:03.904+0900] {logger.py:11} INFO - Get LATEST chromedriver version for google-chrome
[2024-02-19T10:50:03.985+0900] {logger.py:11} INFO - Get LATEST chromedriver version for google-chrome
[2024-02-19T10:50:04.067+0900] {logger.py:11} INFO - Driver [/home/ubuntu/.wdm/drivers/chromedriver/linux64/121.0.6167.184/chromedriver-linux64/chromedriver] found in cache
[2024-02-19T10:50:04.741+0900] {Naver_News_Collect-checkpoint.py:117} INFO - 접속완료
[2024-02-19T10:50:05.385+0900] {Naver_News_Collect-checkpoint.py:120} INFO - 47 Start
[2024-02-19T10:50:27.570+0900] {Naver_News_Collect-checkpoint.py:156} INFO - 48 End
[2024-02-19T10:50:30.574+0900] {logger.py:11} INFO - ====== WebDriver manager ======
[2024-02-19T10:50:30.655+0900] {logger.py:11} INFO - Get LATEST chromedriver version for google-chrome
[2024-02-19T10:50:30.736+0900] {logger.py:11} INFO - Get LATEST chromedriver version for google-chrome
[2024-02-19T10:50:30.817+0900] {logger.py:11} INFO - Driver [/home/ubuntu/.wdm/drivers/chromedriver/linux64/121.0.6167.184/chromedriver-linux64/chromedriver] found in cache
[2024-02-19T10:50:31.519+0900] {Naver_News_Collect-checkpoint.py:117} INFO - 접속완료
[2024-02-19T10:50:32.426+0900] {Naver_News_Collect-checkpoint.py:120} INFO - 48 Start
[2024-02-19T10:50:54.854+0900] {Naver_News_Collect-checkpoint.py:156} INFO - 49 End
[2024-02-19T10:50:56.856+0900] {logger.py:11} INFO - ====== WebDriver manager ======
[2024-02-19T10:50:56.939+0900] {logger.py:11} INFO - Get LATEST chromedriver version for google-chrome
[2024-02-19T10:50:57.022+0900] {logger.py:11} INFO - Get LATEST chromedriver version for google-chrome
[2024-02-19T10:50:57.108+0900] {logger.py:11} INFO - Driver [/home/ubuntu/.wdm/drivers/chromedriver/linux64/121.0.6167.184/chromedriver-linux64/chromedriver] found in cache
[2024-02-19T10:50:57.771+0900] {Naver_News_Collect-checkpoint.py:117} INFO - 접속완료
[2024-02-19T10:50:58.847+0900] {Naver_News_Collect-checkpoint.py:120} INFO - 49 Start
[2024-02-19T10:51:58.268+0900] {Naver_News_Collect-checkpoint.py:156} INFO - 50 End
[2024-02-19T10:52:01.271+0900] {logger.py:11} INFO - ====== WebDriver manager ======
[2024-02-19T10:52:01.356+0900] {logger.py:11} INFO - Get LATEST chromedriver version for google-chrome
[2024-02-19T10:52:01.440+0900] {logger.py:11} INFO - Get LATEST chromedriver version for google-chrome
[2024-02-19T10:52:01.522+0900] {logger.py:11} INFO - Driver [/home/ubuntu/.wdm/drivers/chromedriver/linux64/121.0.6167.184/chromedriver-linux64/chromedriver] found in cache
[2024-02-19T10:52:02.199+0900] {Naver_News_Collect-checkpoint.py:117} INFO - 접속완료
[2024-02-19T10:52:03.354+0900] {Naver_News_Collect-checkpoint.py:120} INFO - 50 Start
[2024-02-19T10:53:55.582+0900] {Naver_News_Collect-checkpoint.py:156} INFO - 51 End
[2024-02-19T10:53:57.585+0900] {logger.py:11} INFO - ====== WebDriver manager ======
[2024-02-19T10:53:57.665+0900] {logger.py:11} INFO - Get LATEST chromedriver version for google-chrome
[2024-02-19T10:53:57.746+0900] {logger.py:11} INFO - Get LATEST chromedriver version for google-chrome
[2024-02-19T10:53:57.826+0900] {logger.py:11} INFO - Driver [/home/ubuntu/.wdm/drivers/chromedriver/linux64/121.0.6167.184/chromedriver-linux64/chromedriver] found in cache
[2024-02-19T10:53:58.500+0900] {Naver_News_Collect-checkpoint.py:117} INFO - 접속완료
[2024-02-19T10:53:59.562+0900] {Naver_News_Collect-checkpoint.py:120} INFO - 51 Start
[2024-02-19T10:54:12.514+0900] {Naver_News_Collect-checkpoint.py:156} INFO - 52 End
[2024-02-19T10:54:15.517+0900] {logger.py:11} INFO - ====== WebDriver manager ======
[2024-02-19T10:54:15.599+0900] {logger.py:11} INFO - Get LATEST chromedriver version for google-chrome
[2024-02-19T10:54:15.680+0900] {logger.py:11} INFO - Get LATEST chromedriver version for google-chrome
[2024-02-19T10:54:15.761+0900] {logger.py:11} INFO - Driver [/home/ubuntu/.wdm/drivers/chromedriver/linux64/121.0.6167.184/chromedriver-linux64/chromedriver] found in cache
[2024-02-19T10:54:16.424+0900] {Naver_News_Collect-checkpoint.py:117} INFO - 접속완료
[2024-02-19T10:54:17.288+0900] {Naver_News_Collect-checkpoint.py:120} INFO - 52 Start
[2024-02-19T10:54:39.529+0900] {Naver_News_Collect-checkpoint.py:156} INFO - 53 End
[2024-02-19T10:54:41.531+0900] {logger.py:11} INFO - ====== WebDriver manager ======
[2024-02-19T10:54:41.613+0900] {logger.py:11} INFO - Get LATEST chromedriver version for google-chrome
[2024-02-19T10:54:41.694+0900] {logger.py:11} INFO - Get LATEST chromedriver version for google-chrome
[2024-02-19T10:54:41.776+0900] {logger.py:11} INFO - Driver [/home/ubuntu/.wdm/drivers/chromedriver/linux64/121.0.6167.184/chromedriver-linux64/chromedriver] found in cache
[2024-02-19T10:54:42.456+0900] {Naver_News_Collect-checkpoint.py:117} INFO - 접속완료
[2024-02-19T10:54:43.519+0900] {Naver_News_Collect-checkpoint.py:120} INFO - 53 Start
[2024-02-19T10:54:56.090+0900] {Naver_News_Collect-checkpoint.py:156} INFO - 54 End
[2024-02-19T10:54:58.093+0900] {logger.py:11} INFO - ====== WebDriver manager ======
[2024-02-19T10:54:58.174+0900] {logger.py:11} INFO - Get LATEST chromedriver version for google-chrome
[2024-02-19T10:54:58.254+0900] {logger.py:11} INFO - Get LATEST chromedriver version for google-chrome
[2024-02-19T10:54:58.335+0900] {logger.py:11} INFO - Driver [/home/ubuntu/.wdm/drivers/chromedriver/linux64/121.0.6167.184/chromedriver-linux64/chromedriver] found in cache
[2024-02-19T10:54:59.009+0900] {Naver_News_Collect-checkpoint.py:117} INFO - 접속완료
[2024-02-19T10:55:00.028+0900] {Naver_News_Collect-checkpoint.py:120} INFO - 54 Start
[2024-02-19T10:55:23.499+0900] {Naver_News_Collect-checkpoint.py:156} INFO - 55 End
[2024-02-19T10:55:26.502+0900] {logger.py:11} INFO - ====== WebDriver manager ======
[2024-02-19T10:55:26.586+0900] {logger.py:11} INFO - Get LATEST chromedriver version for google-chrome
[2024-02-19T10:55:26.669+0900] {logger.py:11} INFO - Get LATEST chromedriver version for google-chrome
[2024-02-19T10:55:26.750+0900] {logger.py:11} INFO - Driver [/home/ubuntu/.wdm/drivers/chromedriver/linux64/121.0.6167.184/chromedriver-linux64/chromedriver] found in cache
[2024-02-19T10:55:27.424+0900] {Naver_News_Collect-checkpoint.py:117} INFO - 접속완료
[2024-02-19T10:55:57.515+0900] {Naver_News_Collect-checkpoint.py:120} INFO - 55 Start
[2024-02-19T10:56:07.626+0900] {Naver_News_Collect-checkpoint.py:156} INFO - 55 End
[2024-02-19T10:56:09.628+0900] {logger.py:11} INFO - ====== WebDriver manager ======
[2024-02-19T10:56:09.708+0900] {logger.py:11} INFO - Get LATEST chromedriver version for google-chrome
[2024-02-19T10:56:09.790+0900] {logger.py:11} INFO - Get LATEST chromedriver version for google-chrome
[2024-02-19T10:56:09.870+0900] {logger.py:11} INFO - Driver [/home/ubuntu/.wdm/drivers/chromedriver/linux64/121.0.6167.184/chromedriver-linux64/chromedriver] found in cache
[2024-02-19T10:56:10.544+0900] {Naver_News_Collect-checkpoint.py:117} INFO - 접속완료
[2024-02-19T10:56:11.602+0900] {Naver_News_Collect-checkpoint.py:120} INFO - 55 Start
[2024-02-19T10:56:24.459+0900] {Naver_News_Collect-checkpoint.py:156} INFO - 56 End
[2024-02-19T10:56:26.461+0900] {logger.py:11} INFO - ====== WebDriver manager ======
[2024-02-19T10:56:26.541+0900] {logger.py:11} INFO - Get LATEST chromedriver version for google-chrome
[2024-02-19T10:56:26.622+0900] {logger.py:11} INFO - Get LATEST chromedriver version for google-chrome
[2024-02-19T10:56:26.702+0900] {logger.py:11} INFO - Driver [/home/ubuntu/.wdm/drivers/chromedriver/linux64/121.0.6167.184/chromedriver-linux64/chromedriver] found in cache
[2024-02-19T10:56:27.379+0900] {Naver_News_Collect-checkpoint.py:117} INFO - 접속완료
[2024-02-19T10:56:28.399+0900] {Naver_News_Collect-checkpoint.py:120} INFO - 56 Start
[2024-02-19T10:56:41.265+0900] {Naver_News_Collect-checkpoint.py:156} INFO - 57 End
[2024-02-19T10:56:44.685+0900] {python.py:201} INFO - Done. Returned value was: None
[2024-02-19T10:56:44.691+0900] {taskinstance.py:1138} INFO - Marking task as SUCCESS. dag_id=CollectNaverNews, task_id=news_Content_Comment_Collect, execution_date=20240218T000000, start_date=20240219T012547, end_date=20240219T015644
[2024-02-19T10:56:44.738+0900] {local_task_job_runner.py:234} INFO - Task exited with return code 0
[2024-02-19T10:56:44.748+0900] {taskinstance.py:3280} INFO - 0 downstream tasks scheduled from follow-on schedule check
