[2024-02-16T09:00:12.207+0900] {taskinstance.py:1956} INFO - Dependencies all met for dep_context=non-requeueable deps ti=<TaskInstance: CollectNaverNews.news_url_collect scheduled__2024-02-15T00:00:00+00:00 [queued]>
[2024-02-16T09:00:12.214+0900] {taskinstance.py:1956} INFO - Dependencies all met for dep_context=requeueable deps ti=<TaskInstance: CollectNaverNews.news_url_collect scheduled__2024-02-15T00:00:00+00:00 [queued]>
[2024-02-16T09:00:12.214+0900] {taskinstance.py:2170} INFO - Starting attempt 1 of 1
[2024-02-16T09:00:12.391+0900] {taskinstance.py:2191} INFO - Executing <Task(PythonOperator): news_url_collect> on 2024-02-15 00:00:00+00:00
[2024-02-16T09:00:12.398+0900] {standard_task_runner.py:60} INFO - Started process 93916 to run task
[2024-02-16T09:00:12.402+0900] {standard_task_runner.py:87} INFO - Running: ['airflow', 'tasks', 'run', 'CollectNaverNews', 'news_url_collect', 'scheduled__2024-02-15T00:00:00+00:00', '--job-id', '23', '--raw', '--subdir', 'DAGS_FOLDER/Naver_News_Collect.py', '--cfg-path', '/tmp/tmpk9mq_i0f']
[2024-02-16T09:00:12.405+0900] {standard_task_runner.py:88} INFO - Job 23: Subtask news_url_collect
[2024-02-16T09:00:12.447+0900] {task_command.py:423} INFO - Running <TaskInstance: CollectNaverNews.news_url_collect scheduled__2024-02-15T00:00:00+00:00 [running]> on host ip-172-31-11-88.ap-northeast-2.compute.internal
[2024-02-16T09:00:12.518+0900] {taskinstance.py:2480} INFO - Exporting env vars: AIRFLOW_CTX_DAG_OWNER='airflow' AIRFLOW_CTX_DAG_ID='CollectNaverNews' AIRFLOW_CTX_TASK_ID='news_url_collect' AIRFLOW_CTX_EXECUTION_DATE='2024-02-15T00:00:00+00:00' AIRFLOW_CTX_TRY_NUMBER='1' AIRFLOW_CTX_DAG_RUN_ID='scheduled__2024-02-15T00:00:00+00:00'
[2024-02-16T09:00:12.521+0900] {logger.py:11} INFO - ====== WebDriver manager ======
[2024-02-16T09:00:12.613+0900] {logger.py:11} INFO - Get LATEST chromedriver version for google-chrome
[2024-02-16T09:00:12.708+0900] {logger.py:11} INFO - Get LATEST chromedriver version for google-chrome
[2024-02-16T09:00:12.791+0900] {logger.py:11} INFO - Get LATEST chromedriver version for google-chrome
[2024-02-16T09:00:12.978+0900] {logger.py:11} INFO - WebDriver version 121.0.6167.85 selected
[2024-02-16T09:00:12.980+0900] {logger.py:11} INFO - Modern chrome version https://storage.googleapis.com/chrome-for-testing-public/121.0.6167.85/linux64/chromedriver-linux64.zip
[2024-02-16T09:00:12.981+0900] {logger.py:11} INFO - About to download new driver from https://storage.googleapis.com/chrome-for-testing-public/121.0.6167.85/linux64/chromedriver-linux64.zip
[2024-02-16T09:00:13.100+0900] {logger.py:11} INFO - Driver downloading response is 200
[2024-02-16T09:00:13.192+0900] {logger.py:11} INFO - Get LATEST chromedriver version for google-chrome
[2024-02-16T09:00:13.463+0900] {logger.py:11} INFO - Driver has been saved in cache [/home/ubuntu/.wdm/drivers/chromedriver/linux64/121.0.6167.85]
[2024-02-16T09:00:28.445+0900] {python.py:201} INFO - Done. Returned value was: None
[2024-02-16T09:00:28.456+0900] {taskinstance.py:1138} INFO - Marking task as SUCCESS. dag_id=CollectNaverNews, task_id=news_url_collect, execution_date=20240215T000000, start_date=20240216T000012, end_date=20240216T000028
[2024-02-16T09:00:28.502+0900] {local_task_job_runner.py:234} INFO - Task exited with return code 0
[2024-02-16T09:00:28.518+0900] {taskinstance.py:3280} INFO - 1 downstream tasks scheduled from follow-on schedule check
