[2024-02-15T20:13:49.934+0900] {taskinstance.py:1956} INFO - Dependencies all met for dep_context=non-requeueable deps ti=<TaskInstance: CollectCommunity.community_Content_Collect scheduled__2024-01-26T00:00:00+00:00 [queued]>
[2024-02-15T20:13:49.941+0900] {taskinstance.py:1956} INFO - Dependencies all met for dep_context=requeueable deps ti=<TaskInstance: CollectCommunity.community_Content_Collect scheduled__2024-01-26T00:00:00+00:00 [queued]>
[2024-02-15T20:13:49.942+0900] {taskinstance.py:2170} INFO - Starting attempt 1 of 1
[2024-02-15T20:13:50.110+0900] {taskinstance.py:2191} INFO - Executing <Task(PythonOperator): community_Content_Collect> on 2024-01-26 00:00:00+00:00
[2024-02-15T20:13:50.117+0900] {standard_task_runner.py:60} INFO - Started process 40357 to run task
[2024-02-15T20:13:50.122+0900] {standard_task_runner.py:87} INFO - Running: ['airflow', 'tasks', 'run', 'CollectCommunity', 'community_Content_Collect', 'scheduled__2024-01-26T00:00:00+00:00', '--job-id', '15', '--raw', '--subdir', 'DAGS_FOLDER/Community_Collect.py', '--cfg-path', '/tmp/tmpw3gm5kzk']
[2024-02-15T20:13:50.124+0900] {standard_task_runner.py:88} INFO - Job 15: Subtask community_Content_Collect
[2024-02-15T20:13:50.168+0900] {task_command.py:423} INFO - Running <TaskInstance: CollectCommunity.community_Content_Collect scheduled__2024-01-26T00:00:00+00:00 [running]> on host ip-172-31-11-88.ap-northeast-2.compute.internal
[2024-02-15T20:13:50.233+0900] {taskinstance.py:2480} INFO - Exporting env vars: AIRFLOW_CTX_DAG_OWNER='airflow' AIRFLOW_CTX_DAG_ID='CollectCommunity' AIRFLOW_CTX_TASK_ID='community_Content_Collect' AIRFLOW_CTX_EXECUTION_DATE='2024-01-26T00:00:00+00:00' AIRFLOW_CTX_TRY_NUMBER='1' AIRFLOW_CTX_DAG_RUN_ID='scheduled__2024-01-26T00:00:00+00:00'
[2024-02-15T20:13:50.246+0900] {logger.py:11} INFO - ====== WebDriver manager ======
[2024-02-15T20:13:50.335+0900] {logger.py:11} INFO - Get LATEST chromedriver version for google-chrome
[2024-02-15T20:13:50.424+0900] {logger.py:11} INFO - Get LATEST chromedriver version for google-chrome
[2024-02-15T20:13:50.508+0900] {logger.py:11} INFO - Driver [/home/ubuntu/.wdm/drivers/chromedriver/linux64/121.0.6167.85/chromedriver-linux64/chromedriver] found in cache
[2024-02-15T20:14:05.452+0900] {logger.py:11} INFO - ====== WebDriver manager ======
[2024-02-15T20:14:05.542+0900] {logger.py:11} INFO - Get LATEST chromedriver version for google-chrome
[2024-02-15T20:14:05.626+0900] {logger.py:11} INFO - Get LATEST chromedriver version for google-chrome
[2024-02-15T20:14:05.709+0900] {logger.py:11} INFO - Driver [/home/ubuntu/.wdm/drivers/chromedriver/linux64/121.0.6167.85/chromedriver-linux64/chromedriver] found in cache
[2024-02-15T20:14:10.109+0900] {logger.py:11} INFO - ====== WebDriver manager ======
[2024-02-15T20:14:10.198+0900] {logger.py:11} INFO - Get LATEST chromedriver version for google-chrome
[2024-02-15T20:14:10.281+0900] {logger.py:11} INFO - Get LATEST chromedriver version for google-chrome
[2024-02-15T20:14:10.363+0900] {logger.py:11} INFO - Driver [/home/ubuntu/.wdm/drivers/chromedriver/linux64/121.0.6167.85/chromedriver-linux64/chromedriver] found in cache
[2024-02-15T20:14:20.528+0900] {logger.py:11} INFO - ====== WebDriver manager ======
[2024-02-15T20:14:20.616+0900] {logger.py:11} INFO - Get LATEST chromedriver version for google-chrome
[2024-02-15T20:14:20.699+0900] {logger.py:11} INFO - Get LATEST chromedriver version for google-chrome
[2024-02-15T20:14:20.781+0900] {logger.py:11} INFO - Driver [/home/ubuntu/.wdm/drivers/chromedriver/linux64/121.0.6167.85/chromedriver-linux64/chromedriver] found in cache
[2024-02-15T20:14:29.781+0900] {logger.py:11} INFO - ====== WebDriver manager ======
[2024-02-15T20:14:29.869+0900] {logger.py:11} INFO - Get LATEST chromedriver version for google-chrome
[2024-02-15T20:14:29.953+0900] {logger.py:11} INFO - Get LATEST chromedriver version for google-chrome
[2024-02-15T20:14:30.039+0900] {logger.py:11} INFO - Driver [/home/ubuntu/.wdm/drivers/chromedriver/linux64/121.0.6167.85/chromedriver-linux64/chromedriver] found in cache
[2024-02-15T20:14:41.375+0900] {logger.py:11} INFO - ====== WebDriver manager ======
[2024-02-15T20:14:41.468+0900] {logger.py:11} INFO - Get LATEST chromedriver version for google-chrome
[2024-02-15T20:14:41.551+0900] {logger.py:11} INFO - Get LATEST chromedriver version for google-chrome
[2024-02-15T20:14:41.633+0900] {logger.py:11} INFO - Driver [/home/ubuntu/.wdm/drivers/chromedriver/linux64/121.0.6167.85/chromedriver-linux64/chromedriver] found in cache
[2024-02-15T20:14:51.399+0900] {logger.py:11} INFO - ====== WebDriver manager ======
[2024-02-15T20:14:51.486+0900] {logger.py:11} INFO - Get LATEST chromedriver version for google-chrome
[2024-02-15T20:14:51.570+0900] {logger.py:11} INFO - Get LATEST chromedriver version for google-chrome
[2024-02-15T20:14:51.653+0900] {logger.py:11} INFO - Driver [/home/ubuntu/.wdm/drivers/chromedriver/linux64/121.0.6167.85/chromedriver-linux64/chromedriver] found in cache
[2024-02-15T20:15:02.049+0900] {logger.py:11} INFO - ====== WebDriver manager ======
[2024-02-15T20:15:02.138+0900] {logger.py:11} INFO - Get LATEST chromedriver version for google-chrome
[2024-02-15T20:15:02.223+0900] {logger.py:11} INFO - Get LATEST chromedriver version for google-chrome
[2024-02-15T20:15:02.308+0900] {logger.py:11} INFO - Driver [/home/ubuntu/.wdm/drivers/chromedriver/linux64/121.0.6167.85/chromedriver-linux64/chromedriver] found in cache
[2024-02-15T20:15:13.177+0900] {logger.py:11} INFO - ====== WebDriver manager ======
[2024-02-15T20:15:13.266+0900] {logger.py:11} INFO - Get LATEST chromedriver version for google-chrome
[2024-02-15T20:15:13.352+0900] {logger.py:11} INFO - Get LATEST chromedriver version for google-chrome
[2024-02-15T20:15:13.436+0900] {logger.py:11} INFO - Driver [/home/ubuntu/.wdm/drivers/chromedriver/linux64/121.0.6167.85/chromedriver-linux64/chromedriver] found in cache
[2024-02-15T20:15:23.699+0900] {logger.py:11} INFO - ====== WebDriver manager ======
[2024-02-15T20:15:23.789+0900] {logger.py:11} INFO - Get LATEST chromedriver version for google-chrome
[2024-02-15T20:15:23.888+0900] {logger.py:11} INFO - Get LATEST chromedriver version for google-chrome
[2024-02-15T20:15:23.978+0900] {logger.py:11} INFO - Driver [/home/ubuntu/.wdm/drivers/chromedriver/linux64/121.0.6167.85/chromedriver-linux64/chromedriver] found in cache
[2024-02-15T20:15:28.532+0900] {logger.py:11} INFO - ====== WebDriver manager ======
[2024-02-15T20:15:28.625+0900] {logger.py:11} INFO - Get LATEST chromedriver version for google-chrome
[2024-02-15T20:15:28.712+0900] {logger.py:11} INFO - Get LATEST chromedriver version for google-chrome
[2024-02-15T20:15:28.796+0900] {logger.py:11} INFO - Driver [/home/ubuntu/.wdm/drivers/chromedriver/linux64/121.0.6167.85/chromedriver-linux64/chromedriver] found in cache
[2024-02-15T20:15:39.769+0900] {logger.py:11} INFO - ====== WebDriver manager ======
[2024-02-15T20:15:39.857+0900] {logger.py:11} INFO - Get LATEST chromedriver version for google-chrome
[2024-02-15T20:15:39.941+0900] {logger.py:11} INFO - Get LATEST chromedriver version for google-chrome
[2024-02-15T20:15:40.027+0900] {logger.py:11} INFO - Driver [/home/ubuntu/.wdm/drivers/chromedriver/linux64/121.0.6167.85/chromedriver-linux64/chromedriver] found in cache
[2024-02-15T20:15:50.320+0900] {logger.py:11} INFO - ====== WebDriver manager ======
[2024-02-15T20:15:50.409+0900] {logger.py:11} INFO - Get LATEST chromedriver version for google-chrome
[2024-02-15T20:15:50.497+0900] {logger.py:11} INFO - Get LATEST chromedriver version for google-chrome
[2024-02-15T20:15:50.582+0900] {logger.py:11} INFO - Driver [/home/ubuntu/.wdm/drivers/chromedriver/linux64/121.0.6167.85/chromedriver-linux64/chromedriver] found in cache
[2024-02-15T20:16:00.376+0900] {logger.py:11} INFO - ====== WebDriver manager ======
[2024-02-15T20:16:00.467+0900] {logger.py:11} INFO - Get LATEST chromedriver version for google-chrome
[2024-02-15T20:16:00.551+0900] {logger.py:11} INFO - Get LATEST chromedriver version for google-chrome
[2024-02-15T20:16:00.633+0900] {logger.py:11} INFO - Driver [/home/ubuntu/.wdm/drivers/chromedriver/linux64/121.0.6167.85/chromedriver-linux64/chromedriver] found in cache
[2024-02-15T20:16:06.251+0900] {logger.py:11} INFO - ====== WebDriver manager ======
[2024-02-15T20:16:06.342+0900] {logger.py:11} INFO - Get LATEST chromedriver version for google-chrome
[2024-02-15T20:16:06.426+0900] {logger.py:11} INFO - Get LATEST chromedriver version for google-chrome
[2024-02-15T20:16:06.509+0900] {logger.py:11} INFO - Driver [/home/ubuntu/.wdm/drivers/chromedriver/linux64/121.0.6167.85/chromedriver-linux64/chromedriver] found in cache
[2024-02-15T20:16:12.296+0900] {logger.py:11} INFO - ====== WebDriver manager ======
[2024-02-15T20:16:12.387+0900] {logger.py:11} INFO - Get LATEST chromedriver version for google-chrome
[2024-02-15T20:16:12.470+0900] {logger.py:11} INFO - Get LATEST chromedriver version for google-chrome
[2024-02-15T20:16:12.559+0900] {logger.py:11} INFO - Driver [/home/ubuntu/.wdm/drivers/chromedriver/linux64/121.0.6167.85/chromedriver-linux64/chromedriver] found in cache
[2024-02-15T20:16:17.635+0900] {logger.py:11} INFO - ====== WebDriver manager ======
[2024-02-15T20:16:17.724+0900] {logger.py:11} INFO - Get LATEST chromedriver version for google-chrome
[2024-02-15T20:16:17.807+0900] {logger.py:11} INFO - Get LATEST chromedriver version for google-chrome
[2024-02-15T20:16:17.889+0900] {logger.py:11} INFO - Driver [/home/ubuntu/.wdm/drivers/chromedriver/linux64/121.0.6167.85/chromedriver-linux64/chromedriver] found in cache
[2024-02-15T20:16:22.423+0900] {logger.py:11} INFO - ====== WebDriver manager ======
[2024-02-15T20:16:22.512+0900] {logger.py:11} INFO - Get LATEST chromedriver version for google-chrome
[2024-02-15T20:16:22.597+0900] {logger.py:11} INFO - Get LATEST chromedriver version for google-chrome
[2024-02-15T20:16:22.680+0900] {logger.py:11} INFO - Driver [/home/ubuntu/.wdm/drivers/chromedriver/linux64/121.0.6167.85/chromedriver-linux64/chromedriver] found in cache
[2024-02-15T20:16:32.804+0900] {logger.py:11} INFO - ====== WebDriver manager ======
[2024-02-15T20:16:32.892+0900] {logger.py:11} INFO - Get LATEST chromedriver version for google-chrome
[2024-02-15T20:16:32.976+0900] {logger.py:11} INFO - Get LATEST chromedriver version for google-chrome
[2024-02-15T20:16:33.058+0900] {logger.py:11} INFO - Driver [/home/ubuntu/.wdm/drivers/chromedriver/linux64/121.0.6167.85/chromedriver-linux64/chromedriver] found in cache
[2024-02-15T20:16:38.667+0900] {logger.py:11} INFO - ====== WebDriver manager ======
[2024-02-15T20:16:38.756+0900] {logger.py:11} INFO - Get LATEST chromedriver version for google-chrome
[2024-02-15T20:16:38.840+0900] {logger.py:11} INFO - Get LATEST chromedriver version for google-chrome
[2024-02-15T20:16:38.925+0900] {logger.py:11} INFO - Driver [/home/ubuntu/.wdm/drivers/chromedriver/linux64/121.0.6167.85/chromedriver-linux64/chromedriver] found in cache
[2024-02-15T20:16:58.748+0900] {logger.py:11} INFO - ====== WebDriver manager ======
[2024-02-15T20:16:58.837+0900] {logger.py:11} INFO - Get LATEST chromedriver version for google-chrome
[2024-02-15T20:16:58.921+0900] {logger.py:11} INFO - Get LATEST chromedriver version for google-chrome
[2024-02-15T20:16:59.004+0900] {logger.py:11} INFO - Driver [/home/ubuntu/.wdm/drivers/chromedriver/linux64/121.0.6167.85/chromedriver-linux64/chromedriver] found in cache
[2024-02-15T20:17:09.345+0900] {logger.py:11} INFO - ====== WebDriver manager ======
[2024-02-15T20:17:09.432+0900] {logger.py:11} INFO - Get LATEST chromedriver version for google-chrome
[2024-02-15T20:17:09.516+0900] {logger.py:11} INFO - Get LATEST chromedriver version for google-chrome
[2024-02-15T20:17:09.599+0900] {logger.py:11} INFO - Driver [/home/ubuntu/.wdm/drivers/chromedriver/linux64/121.0.6167.85/chromedriver-linux64/chromedriver] found in cache
[2024-02-15T20:17:26.091+0900] {logger.py:11} INFO - ====== WebDriver manager ======
[2024-02-15T20:17:26.180+0900] {logger.py:11} INFO - Get LATEST chromedriver version for google-chrome
[2024-02-15T20:17:26.263+0900] {logger.py:11} INFO - Get LATEST chromedriver version for google-chrome
[2024-02-15T20:17:26.345+0900] {logger.py:11} INFO - Driver [/home/ubuntu/.wdm/drivers/chromedriver/linux64/121.0.6167.85/chromedriver-linux64/chromedriver] found in cache
[2024-02-15T20:17:37.200+0900] {logger.py:11} INFO - ====== WebDriver manager ======
[2024-02-15T20:17:37.290+0900] {logger.py:11} INFO - Get LATEST chromedriver version for google-chrome
[2024-02-15T20:17:37.386+0900] {logger.py:11} INFO - Get LATEST chromedriver version for google-chrome
[2024-02-15T20:17:37.469+0900] {logger.py:11} INFO - Driver [/home/ubuntu/.wdm/drivers/chromedriver/linux64/121.0.6167.85/chromedriver-linux64/chromedriver] found in cache
[2024-02-15T20:17:46.728+0900] {logger.py:11} INFO - ====== WebDriver manager ======
[2024-02-15T20:17:46.817+0900] {logger.py:11} INFO - Get LATEST chromedriver version for google-chrome
[2024-02-15T20:17:46.901+0900] {logger.py:11} INFO - Get LATEST chromedriver version for google-chrome
[2024-02-15T20:17:46.984+0900] {logger.py:11} INFO - Driver [/home/ubuntu/.wdm/drivers/chromedriver/linux64/121.0.6167.85/chromedriver-linux64/chromedriver] found in cache
[2024-02-15T20:17:57.994+0900] {logger.py:11} INFO - ====== WebDriver manager ======
[2024-02-15T20:17:58.083+0900] {logger.py:11} INFO - Get LATEST chromedriver version for google-chrome
[2024-02-15T20:17:58.179+0900] {logger.py:11} INFO - Get LATEST chromedriver version for google-chrome
[2024-02-15T20:17:58.269+0900] {logger.py:11} INFO - Driver [/home/ubuntu/.wdm/drivers/chromedriver/linux64/121.0.6167.85/chromedriver-linux64/chromedriver] found in cache
[2024-02-15T20:18:09.204+0900] {logger.py:11} INFO - ====== WebDriver manager ======
[2024-02-15T20:18:09.292+0900] {logger.py:11} INFO - Get LATEST chromedriver version for google-chrome
[2024-02-15T20:18:09.378+0900] {logger.py:11} INFO - Get LATEST chromedriver version for google-chrome
[2024-02-15T20:18:09.463+0900] {logger.py:11} INFO - Driver [/home/ubuntu/.wdm/drivers/chromedriver/linux64/121.0.6167.85/chromedriver-linux64/chromedriver] found in cache
[2024-02-15T20:18:20.027+0900] {logger.py:11} INFO - ====== WebDriver manager ======
[2024-02-15T20:18:20.115+0900] {logger.py:11} INFO - Get LATEST chromedriver version for google-chrome
[2024-02-15T20:18:20.199+0900] {logger.py:11} INFO - Get LATEST chromedriver version for google-chrome
[2024-02-15T20:18:20.282+0900] {logger.py:11} INFO - Driver [/home/ubuntu/.wdm/drivers/chromedriver/linux64/121.0.6167.85/chromedriver-linux64/chromedriver] found in cache
[2024-02-15T20:18:29.324+0900] {logger.py:11} INFO - ====== WebDriver manager ======
[2024-02-15T20:18:29.413+0900] {logger.py:11} INFO - Get LATEST chromedriver version for google-chrome
[2024-02-15T20:18:29.498+0900] {logger.py:11} INFO - Get LATEST chromedriver version for google-chrome
[2024-02-15T20:18:29.582+0900] {logger.py:11} INFO - Driver [/home/ubuntu/.wdm/drivers/chromedriver/linux64/121.0.6167.85/chromedriver-linux64/chromedriver] found in cache
[2024-02-15T20:18:42.192+0900] {logger.py:11} INFO - ====== WebDriver manager ======
[2024-02-15T20:18:42.280+0900] {logger.py:11} INFO - Get LATEST chromedriver version for google-chrome
[2024-02-15T20:18:42.364+0900] {logger.py:11} INFO - Get LATEST chromedriver version for google-chrome
[2024-02-15T20:18:42.446+0900] {logger.py:11} INFO - Driver [/home/ubuntu/.wdm/drivers/chromedriver/linux64/121.0.6167.85/chromedriver-linux64/chromedriver] found in cache
[2024-02-15T20:18:52.089+0900] {logger.py:11} INFO - ====== WebDriver manager ======
[2024-02-15T20:18:52.177+0900] {logger.py:11} INFO - Get LATEST chromedriver version for google-chrome
[2024-02-15T20:18:52.264+0900] {logger.py:11} INFO - Get LATEST chromedriver version for google-chrome
[2024-02-15T20:18:52.348+0900] {logger.py:11} INFO - Driver [/home/ubuntu/.wdm/drivers/chromedriver/linux64/121.0.6167.85/chromedriver-linux64/chromedriver] found in cache
[2024-02-15T20:19:06.772+0900] {logger.py:11} INFO - ====== WebDriver manager ======
[2024-02-15T20:19:06.860+0900] {logger.py:11} INFO - Get LATEST chromedriver version for google-chrome
[2024-02-15T20:19:06.945+0900] {logger.py:11} INFO - Get LATEST chromedriver version for google-chrome
[2024-02-15T20:19:07.027+0900] {logger.py:11} INFO - Driver [/home/ubuntu/.wdm/drivers/chromedriver/linux64/121.0.6167.85/chromedriver-linux64/chromedriver] found in cache
[2024-02-15T20:19:12.778+0900] {logger.py:11} INFO - ====== WebDriver manager ======
[2024-02-15T20:19:12.867+0900] {logger.py:11} INFO - Get LATEST chromedriver version for google-chrome
[2024-02-15T20:19:12.949+0900] {logger.py:11} INFO - Get LATEST chromedriver version for google-chrome
[2024-02-15T20:19:13.033+0900] {logger.py:11} INFO - Driver [/home/ubuntu/.wdm/drivers/chromedriver/linux64/121.0.6167.85/chromedriver-linux64/chromedriver] found in cache
[2024-02-15T20:19:18.883+0900] {logger.py:11} INFO - ====== WebDriver manager ======
[2024-02-15T20:19:18.972+0900] {logger.py:11} INFO - Get LATEST chromedriver version for google-chrome
[2024-02-15T20:19:19.058+0900] {logger.py:11} INFO - Get LATEST chromedriver version for google-chrome
[2024-02-15T20:19:19.161+0900] {logger.py:11} INFO - Driver [/home/ubuntu/.wdm/drivers/chromedriver/linux64/121.0.6167.85/chromedriver-linux64/chromedriver] found in cache
[2024-02-15T20:19:24.776+0900] {logger.py:11} INFO - ====== WebDriver manager ======
[2024-02-15T20:19:24.863+0900] {logger.py:11} INFO - Get LATEST chromedriver version for google-chrome
[2024-02-15T20:19:24.952+0900] {logger.py:11} INFO - Get LATEST chromedriver version for google-chrome
[2024-02-15T20:19:25.047+0900] {logger.py:11} INFO - Driver [/home/ubuntu/.wdm/drivers/chromedriver/linux64/121.0.6167.85/chromedriver-linux64/chromedriver] found in cache
[2024-02-15T20:19:35.233+0900] {logger.py:11} INFO - ====== WebDriver manager ======
[2024-02-15T20:19:35.320+0900] {logger.py:11} INFO - Get LATEST chromedriver version for google-chrome
[2024-02-15T20:19:35.408+0900] {logger.py:11} INFO - Get LATEST chromedriver version for google-chrome
[2024-02-15T20:19:35.495+0900] {logger.py:11} INFO - Driver [/home/ubuntu/.wdm/drivers/chromedriver/linux64/121.0.6167.85/chromedriver-linux64/chromedriver] found in cache
[2024-02-15T20:19:46.044+0900] {logger.py:11} INFO - ====== WebDriver manager ======
[2024-02-15T20:19:46.132+0900] {logger.py:11} INFO - Get LATEST chromedriver version for google-chrome
[2024-02-15T20:19:46.222+0900] {logger.py:11} INFO - Get LATEST chromedriver version for google-chrome
[2024-02-15T20:19:46.309+0900] {logger.py:11} INFO - Driver [/home/ubuntu/.wdm/drivers/chromedriver/linux64/121.0.6167.85/chromedriver-linux64/chromedriver] found in cache
[2024-02-15T20:20:00.923+0900] {logger.py:11} INFO - ====== WebDriver manager ======
[2024-02-15T20:20:01.011+0900] {logger.py:11} INFO - Get LATEST chromedriver version for google-chrome
[2024-02-15T20:20:01.108+0900] {logger.py:11} INFO - Get LATEST chromedriver version for google-chrome
[2024-02-15T20:20:01.197+0900] {logger.py:11} INFO - Driver [/home/ubuntu/.wdm/drivers/chromedriver/linux64/121.0.6167.85/chromedriver-linux64/chromedriver] found in cache
[2024-02-15T20:20:07.160+0900] {logger.py:11} INFO - ====== WebDriver manager ======
[2024-02-15T20:20:07.249+0900] {logger.py:11} INFO - Get LATEST chromedriver version for google-chrome
[2024-02-15T20:20:07.331+0900] {logger.py:11} INFO - Get LATEST chromedriver version for google-chrome
[2024-02-15T20:20:07.413+0900] {logger.py:11} INFO - Driver [/home/ubuntu/.wdm/drivers/chromedriver/linux64/121.0.6167.85/chromedriver-linux64/chromedriver] found in cache
[2024-02-15T20:20:19.411+0900] {logger.py:11} INFO - ====== WebDriver manager ======
[2024-02-15T20:20:19.500+0900] {logger.py:11} INFO - Get LATEST chromedriver version for google-chrome
[2024-02-15T20:20:19.585+0900] {logger.py:11} INFO - Get LATEST chromedriver version for google-chrome
[2024-02-15T20:20:19.668+0900] {logger.py:11} INFO - Driver [/home/ubuntu/.wdm/drivers/chromedriver/linux64/121.0.6167.85/chromedriver-linux64/chromedriver] found in cache
[2024-02-15T20:20:46.866+0900] {logger.py:11} INFO - ====== WebDriver manager ======
[2024-02-15T20:20:46.955+0900] {logger.py:11} INFO - Get LATEST chromedriver version for google-chrome
[2024-02-15T20:20:47.039+0900] {logger.py:11} INFO - Get LATEST chromedriver version for google-chrome
[2024-02-15T20:20:47.121+0900] {logger.py:11} INFO - Driver [/home/ubuntu/.wdm/drivers/chromedriver/linux64/121.0.6167.85/chromedriver-linux64/chromedriver] found in cache
[2024-02-15T20:20:56.159+0900] {logger.py:11} INFO - ====== WebDriver manager ======
[2024-02-15T20:20:56.248+0900] {logger.py:11} INFO - Get LATEST chromedriver version for google-chrome
[2024-02-15T20:20:56.331+0900] {logger.py:11} INFO - Get LATEST chromedriver version for google-chrome
[2024-02-15T20:20:56.416+0900] {logger.py:11} INFO - Driver [/home/ubuntu/.wdm/drivers/chromedriver/linux64/121.0.6167.85/chromedriver-linux64/chromedriver] found in cache
[2024-02-15T20:21:06.391+0900] {logger.py:11} INFO - ====== WebDriver manager ======
[2024-02-15T20:21:06.482+0900] {logger.py:11} INFO - Get LATEST chromedriver version for google-chrome
[2024-02-15T20:21:06.567+0900] {logger.py:11} INFO - Get LATEST chromedriver version for google-chrome
[2024-02-15T20:21:06.651+0900] {logger.py:11} INFO - Driver [/home/ubuntu/.wdm/drivers/chromedriver/linux64/121.0.6167.85/chromedriver-linux64/chromedriver] found in cache
[2024-02-15T20:21:19.561+0900] {logger.py:11} INFO - ====== WebDriver manager ======
[2024-02-15T20:21:19.650+0900] {logger.py:11} INFO - Get LATEST chromedriver version for google-chrome
[2024-02-15T20:21:19.733+0900] {logger.py:11} INFO - Get LATEST chromedriver version for google-chrome
[2024-02-15T20:21:19.816+0900] {logger.py:11} INFO - Driver [/home/ubuntu/.wdm/drivers/chromedriver/linux64/121.0.6167.85/chromedriver-linux64/chromedriver] found in cache
[2024-02-15T20:21:35.584+0900] {logger.py:11} INFO - ====== WebDriver manager ======
[2024-02-15T20:21:35.673+0900] {logger.py:11} INFO - Get LATEST chromedriver version for google-chrome
[2024-02-15T20:21:35.757+0900] {logger.py:11} INFO - Get LATEST chromedriver version for google-chrome
[2024-02-15T20:21:35.845+0900] {logger.py:11} INFO - Driver [/home/ubuntu/.wdm/drivers/chromedriver/linux64/121.0.6167.85/chromedriver-linux64/chromedriver] found in cache
[2024-02-15T20:21:51.551+0900] {logger.py:11} INFO - ====== WebDriver manager ======
[2024-02-15T20:21:51.639+0900] {logger.py:11} INFO - Get LATEST chromedriver version for google-chrome
[2024-02-15T20:21:51.722+0900] {logger.py:11} INFO - Get LATEST chromedriver version for google-chrome
[2024-02-15T20:21:51.805+0900] {logger.py:11} INFO - Driver [/home/ubuntu/.wdm/drivers/chromedriver/linux64/121.0.6167.85/chromedriver-linux64/chromedriver] found in cache
[2024-02-15T20:22:02.181+0900] {logger.py:11} INFO - ====== WebDriver manager ======
[2024-02-15T20:22:02.270+0900] {logger.py:11} INFO - Get LATEST chromedriver version for google-chrome
[2024-02-15T20:22:02.353+0900] {logger.py:11} INFO - Get LATEST chromedriver version for google-chrome
[2024-02-15T20:22:02.435+0900] {logger.py:11} INFO - Driver [/home/ubuntu/.wdm/drivers/chromedriver/linux64/121.0.6167.85/chromedriver-linux64/chromedriver] found in cache
[2024-02-15T20:22:11.439+0900] {logger.py:11} INFO - ====== WebDriver manager ======
[2024-02-15T20:22:11.528+0900] {logger.py:11} INFO - Get LATEST chromedriver version for google-chrome
[2024-02-15T20:22:11.612+0900] {logger.py:11} INFO - Get LATEST chromedriver version for google-chrome
[2024-02-15T20:22:11.694+0900] {logger.py:11} INFO - Driver [/home/ubuntu/.wdm/drivers/chromedriver/linux64/121.0.6167.85/chromedriver-linux64/chromedriver] found in cache
[2024-02-15T20:22:22.840+0900] {logger.py:11} INFO - ====== WebDriver manager ======
[2024-02-15T20:22:22.928+0900] {logger.py:11} INFO - Get LATEST chromedriver version for google-chrome
[2024-02-15T20:22:23.011+0900] {logger.py:11} INFO - Get LATEST chromedriver version for google-chrome
[2024-02-15T20:22:23.094+0900] {logger.py:11} INFO - Driver [/home/ubuntu/.wdm/drivers/chromedriver/linux64/121.0.6167.85/chromedriver-linux64/chromedriver] found in cache
[2024-02-15T20:22:33.260+0900] {logger.py:11} INFO - ====== WebDriver manager ======
[2024-02-15T20:22:33.348+0900] {logger.py:11} INFO - Get LATEST chromedriver version for google-chrome
[2024-02-15T20:22:33.433+0900] {logger.py:11} INFO - Get LATEST chromedriver version for google-chrome
[2024-02-15T20:22:33.520+0900] {logger.py:11} INFO - Driver [/home/ubuntu/.wdm/drivers/chromedriver/linux64/121.0.6167.85/chromedriver-linux64/chromedriver] found in cache
[2024-02-15T20:22:42.572+0900] {logger.py:11} INFO - ====== WebDriver manager ======
[2024-02-15T20:22:42.660+0900] {logger.py:11} INFO - Get LATEST chromedriver version for google-chrome
[2024-02-15T20:22:42.747+0900] {logger.py:11} INFO - Get LATEST chromedriver version for google-chrome
[2024-02-15T20:22:42.829+0900] {logger.py:11} INFO - Driver [/home/ubuntu/.wdm/drivers/chromedriver/linux64/121.0.6167.85/chromedriver-linux64/chromedriver] found in cache
[2024-02-15T20:22:54.857+0900] {logger.py:11} INFO - ====== WebDriver manager ======
[2024-02-15T20:22:54.946+0900] {logger.py:11} INFO - Get LATEST chromedriver version for google-chrome
[2024-02-15T20:22:55.035+0900] {logger.py:11} INFO - Get LATEST chromedriver version for google-chrome
[2024-02-15T20:22:55.118+0900] {logger.py:11} INFO - Driver [/home/ubuntu/.wdm/drivers/chromedriver/linux64/121.0.6167.85/chromedriver-linux64/chromedriver] found in cache
[2024-02-15T20:23:10.576+0900] {logger.py:11} INFO - ====== WebDriver manager ======
[2024-02-15T20:23:10.664+0900] {logger.py:11} INFO - Get LATEST chromedriver version for google-chrome
[2024-02-15T20:23:10.747+0900] {logger.py:11} INFO - Get LATEST chromedriver version for google-chrome
[2024-02-15T20:23:10.831+0900] {logger.py:11} INFO - Driver [/home/ubuntu/.wdm/drivers/chromedriver/linux64/121.0.6167.85/chromedriver-linux64/chromedriver] found in cache
[2024-02-15T20:23:22.022+0900] {logger.py:11} INFO - ====== WebDriver manager ======
[2024-02-15T20:23:22.110+0900] {logger.py:11} INFO - Get LATEST chromedriver version for google-chrome
[2024-02-15T20:23:22.193+0900] {logger.py:11} INFO - Get LATEST chromedriver version for google-chrome
[2024-02-15T20:23:22.276+0900] {logger.py:11} INFO - Driver [/home/ubuntu/.wdm/drivers/chromedriver/linux64/121.0.6167.85/chromedriver-linux64/chromedriver] found in cache
[2024-02-15T20:23:27.057+0900] {logger.py:11} INFO - ====== WebDriver manager ======
[2024-02-15T20:23:27.147+0900] {logger.py:11} INFO - Get LATEST chromedriver version for google-chrome
[2024-02-15T20:23:27.234+0900] {logger.py:11} INFO - Get LATEST chromedriver version for google-chrome
[2024-02-15T20:23:27.341+0900] {logger.py:11} INFO - Driver [/home/ubuntu/.wdm/drivers/chromedriver/linux64/121.0.6167.85/chromedriver-linux64/chromedriver] found in cache
[2024-02-15T20:23:36.470+0900] {logger.py:11} INFO - ====== WebDriver manager ======
[2024-02-15T20:23:36.559+0900] {logger.py:11} INFO - Get LATEST chromedriver version for google-chrome
[2024-02-15T20:23:36.643+0900] {logger.py:11} INFO - Get LATEST chromedriver version for google-chrome
[2024-02-15T20:23:36.724+0900] {logger.py:11} INFO - Driver [/home/ubuntu/.wdm/drivers/chromedriver/linux64/121.0.6167.85/chromedriver-linux64/chromedriver] found in cache
[2024-02-15T20:23:45.753+0900] {logger.py:11} INFO - ====== WebDriver manager ======
[2024-02-15T20:23:45.843+0900] {logger.py:11} INFO - Get LATEST chromedriver version for google-chrome
[2024-02-15T20:23:45.927+0900] {logger.py:11} INFO - Get LATEST chromedriver version for google-chrome
[2024-02-15T20:23:46.010+0900] {logger.py:11} INFO - Driver [/home/ubuntu/.wdm/drivers/chromedriver/linux64/121.0.6167.85/chromedriver-linux64/chromedriver] found in cache
[2024-02-15T20:23:55.768+0900] {logger.py:11} INFO - ====== WebDriver manager ======
[2024-02-15T20:23:55.857+0900] {logger.py:11} INFO - Get LATEST chromedriver version for google-chrome
[2024-02-15T20:23:55.940+0900] {logger.py:11} INFO - Get LATEST chromedriver version for google-chrome
[2024-02-15T20:23:56.022+0900] {logger.py:11} INFO - Driver [/home/ubuntu/.wdm/drivers/chromedriver/linux64/121.0.6167.85/chromedriver-linux64/chromedriver] found in cache
[2024-02-15T20:24:01.525+0900] {logger.py:11} INFO - ====== WebDriver manager ======
[2024-02-15T20:24:01.614+0900] {logger.py:11} INFO - Get LATEST chromedriver version for google-chrome
[2024-02-15T20:24:01.697+0900] {logger.py:11} INFO - Get LATEST chromedriver version for google-chrome
[2024-02-15T20:24:01.779+0900] {logger.py:11} INFO - Driver [/home/ubuntu/.wdm/drivers/chromedriver/linux64/121.0.6167.85/chromedriver-linux64/chromedriver] found in cache
[2024-02-15T20:24:06.704+0900] {logger.py:11} INFO - ====== WebDriver manager ======
[2024-02-15T20:24:06.793+0900] {logger.py:11} INFO - Get LATEST chromedriver version for google-chrome
[2024-02-15T20:24:06.881+0900] {logger.py:11} INFO - Get LATEST chromedriver version for google-chrome
[2024-02-15T20:24:06.964+0900] {logger.py:11} INFO - Driver [/home/ubuntu/.wdm/drivers/chromedriver/linux64/121.0.6167.85/chromedriver-linux64/chromedriver] found in cache
[2024-02-15T20:24:17.344+0900] {taskinstance.py:2698} ERROR - Task failed with exception
Traceback (most recent call last):
  File "/usr/local/lib/python3.10/dist-packages/airflow/models/taskinstance.py", line 433, in _execute_task
    result = execute_callable(context=context, **execute_callable_kwargs)
  File "/usr/local/lib/python3.10/dist-packages/airflow/operators/python.py", line 199, in execute
    return_value = self.execute_callable()
  File "/usr/local/lib/python3.10/dist-packages/airflow/operators/python.py", line 216, in execute_callable
    return self.python_callable(*self.op_args, **self.op_kwargs)
  File "/home/ubuntu/airflow/dags/Community_Collect.py", line 169, in community_Content_Collect
    df.to_csv(f"/home/hyunwoo/airflow/naver_news/{today}_IT.csv", index = None)
  File "/home/ubuntu/.local/lib/python3.10/site-packages/pandas/util/_decorators.py", line 333, in wrapper
    return func(*args, **kwargs)
  File "/home/ubuntu/.local/lib/python3.10/site-packages/pandas/core/generic.py", line 3961, in to_csv
    return DataFrameRenderer(formatter).to_csv(
  File "/home/ubuntu/.local/lib/python3.10/site-packages/pandas/io/formats/format.py", line 1014, in to_csv
    csv_formatter.save()
  File "/home/ubuntu/.local/lib/python3.10/site-packages/pandas/io/formats/csvs.py", line 251, in save
    with get_handle(
  File "/home/ubuntu/.local/lib/python3.10/site-packages/pandas/io/common.py", line 749, in get_handle
    check_parent_directory(str(handle))
  File "/home/ubuntu/.local/lib/python3.10/site-packages/pandas/io/common.py", line 616, in check_parent_directory
    raise OSError(rf"Cannot save file into a non-existent directory: '{parent}'")
OSError: Cannot save file into a non-existent directory: '/home/hyunwoo/airflow/naver_news'
[2024-02-15T20:24:17.358+0900] {taskinstance.py:1138} INFO - Marking task as FAILED. dag_id=CollectCommunity, task_id=community_Content_Collect, execution_date=20240126T000000, start_date=20240215T111349, end_date=20240215T112417
[2024-02-15T20:24:17.371+0900] {standard_task_runner.py:107} ERROR - Failed to execute job 15 for task community_Content_Collect (Cannot save file into a non-existent directory: '/home/hyunwoo/airflow/naver_news'; 40357)
[2024-02-15T20:24:17.403+0900] {local_task_job_runner.py:234} INFO - Task exited with return code 1
[2024-02-15T20:24:17.414+0900] {taskinstance.py:3280} INFO - 0 downstream tasks scheduled from follow-on schedule check
