[2024-02-16T13:34:40.952+0900] {taskinstance.py:1956} INFO - Dependencies all met for dep_context=non-requeueable deps ti=<TaskInstance: CollectCommunity.community_Content_Collect manual__2024-02-16T04:34:28.289437+00:00 [queued]>
[2024-02-16T13:34:40.959+0900] {taskinstance.py:1956} INFO - Dependencies all met for dep_context=requeueable deps ti=<TaskInstance: CollectCommunity.community_Content_Collect manual__2024-02-16T04:34:28.289437+00:00 [queued]>
[2024-02-16T13:34:40.959+0900] {taskinstance.py:2170} INFO - Starting attempt 1 of 1
[2024-02-16T13:34:41.131+0900] {taskinstance.py:2191} INFO - Executing <Task(PythonOperator): community_Content_Collect> on 2024-02-16 04:34:28.289437+00:00
[2024-02-16T13:34:41.137+0900] {standard_task_runner.py:60} INFO - Started process 126975 to run task
[2024-02-16T13:34:41.142+0900] {standard_task_runner.py:87} INFO - Running: ['airflow', 'tasks', 'run', 'CollectCommunity', 'community_Content_Collect', 'manual__2024-02-16T04:34:28.289437+00:00', '--job-id', '27', '--raw', '--subdir', 'DAGS_FOLDER/.ipynb_checkpoints/Community_Collect-checkpoint.py', '--cfg-path', '/tmp/tmp2u6r37p5']
[2024-02-16T13:34:41.144+0900] {standard_task_runner.py:88} INFO - Job 27: Subtask community_Content_Collect
[2024-02-16T13:34:41.186+0900] {task_command.py:423} INFO - Running <TaskInstance: CollectCommunity.community_Content_Collect manual__2024-02-16T04:34:28.289437+00:00 [running]> on host ip-172-31-11-88.ap-northeast-2.compute.internal
[2024-02-16T13:34:41.249+0900] {taskinstance.py:2480} INFO - Exporting env vars: AIRFLOW_CTX_DAG_OWNER='airflow' AIRFLOW_CTX_DAG_ID='CollectCommunity' AIRFLOW_CTX_TASK_ID='community_Content_Collect' AIRFLOW_CTX_EXECUTION_DATE='2024-02-16T04:34:28.289437+00:00' AIRFLOW_CTX_TRY_NUMBER='1' AIRFLOW_CTX_DAG_RUN_ID='manual__2024-02-16T04:34:28.289437+00:00'
[2024-02-16T13:34:41.262+0900] {logger.py:11} INFO - ====== WebDriver manager ======
[2024-02-16T13:34:41.351+0900] {logger.py:11} INFO - Get LATEST chromedriver version for google-chrome
[2024-02-16T13:34:41.442+0900] {logger.py:11} INFO - Get LATEST chromedriver version for google-chrome
[2024-02-16T13:34:41.526+0900] {logger.py:11} INFO - Driver [/home/ubuntu/.wdm/drivers/chromedriver/linux64/121.0.6167.85/chromedriver-linux64/chromedriver] found in cache
[2024-02-16T13:34:56.571+0900] {logger.py:11} INFO - ====== WebDriver manager ======
[2024-02-16T13:34:56.664+0900] {logger.py:11} INFO - Get LATEST chromedriver version for google-chrome
[2024-02-16T13:34:56.746+0900] {logger.py:11} INFO - Get LATEST chromedriver version for google-chrome
[2024-02-16T13:34:56.827+0900] {logger.py:11} INFO - Driver [/home/ubuntu/.wdm/drivers/chromedriver/linux64/121.0.6167.85/chromedriver-linux64/chromedriver] found in cache
[2024-02-16T13:35:06.681+0900] {logger.py:11} INFO - ====== WebDriver manager ======
[2024-02-16T13:35:06.771+0900] {logger.py:11} INFO - Get LATEST chromedriver version for google-chrome
[2024-02-16T13:35:06.854+0900] {logger.py:11} INFO - Get LATEST chromedriver version for google-chrome
[2024-02-16T13:35:06.937+0900] {logger.py:11} INFO - Driver [/home/ubuntu/.wdm/drivers/chromedriver/linux64/121.0.6167.85/chromedriver-linux64/chromedriver] found in cache
[2024-02-16T13:35:28.154+0900] {logger.py:11} INFO - ====== WebDriver manager ======
[2024-02-16T13:35:28.245+0900] {logger.py:11} INFO - Get LATEST chromedriver version for google-chrome
[2024-02-16T13:35:28.349+0900] {logger.py:11} INFO - Get LATEST chromedriver version for google-chrome
[2024-02-16T13:35:28.433+0900] {logger.py:11} INFO - Driver [/home/ubuntu/.wdm/drivers/chromedriver/linux64/121.0.6167.85/chromedriver-linux64/chromedriver] found in cache
[2024-02-16T13:35:34.527+0900] {logger.py:11} INFO - ====== WebDriver manager ======
[2024-02-16T13:35:34.617+0900] {logger.py:11} INFO - Get LATEST chromedriver version for google-chrome
[2024-02-16T13:35:34.701+0900] {logger.py:11} INFO - Get LATEST chromedriver version for google-chrome
[2024-02-16T13:35:34.784+0900] {logger.py:11} INFO - Driver [/home/ubuntu/.wdm/drivers/chromedriver/linux64/121.0.6167.85/chromedriver-linux64/chromedriver] found in cache
[2024-02-16T13:35:44.100+0900] {logger.py:11} INFO - ====== WebDriver manager ======
[2024-02-16T13:35:44.191+0900] {logger.py:11} INFO - Get LATEST chromedriver version for google-chrome
[2024-02-16T13:35:44.274+0900] {logger.py:11} INFO - Get LATEST chromedriver version for google-chrome
[2024-02-16T13:35:44.357+0900] {logger.py:11} INFO - Driver [/home/ubuntu/.wdm/drivers/chromedriver/linux64/121.0.6167.85/chromedriver-linux64/chromedriver] found in cache
[2024-02-16T13:35:50.402+0900] {logger.py:11} INFO - ====== WebDriver manager ======
[2024-02-16T13:35:50.492+0900] {logger.py:11} INFO - Get LATEST chromedriver version for google-chrome
[2024-02-16T13:35:50.575+0900] {logger.py:11} INFO - Get LATEST chromedriver version for google-chrome
[2024-02-16T13:35:50.659+0900] {logger.py:11} INFO - Driver [/home/ubuntu/.wdm/drivers/chromedriver/linux64/121.0.6167.85/chromedriver-linux64/chromedriver] found in cache
[2024-02-16T13:35:56.442+0900] {logger.py:11} INFO - ====== WebDriver manager ======
[2024-02-16T13:35:56.533+0900] {logger.py:11} INFO - Get LATEST chromedriver version for google-chrome
[2024-02-16T13:35:56.618+0900] {logger.py:11} INFO - Get LATEST chromedriver version for google-chrome
[2024-02-16T13:35:56.701+0900] {logger.py:11} INFO - Driver [/home/ubuntu/.wdm/drivers/chromedriver/linux64/121.0.6167.85/chromedriver-linux64/chromedriver] found in cache
[2024-02-16T13:36:07.586+0900] {logger.py:11} INFO - ====== WebDriver manager ======
[2024-02-16T13:36:07.680+0900] {logger.py:11} INFO - Get LATEST chromedriver version for google-chrome
[2024-02-16T13:36:07.764+0900] {logger.py:11} INFO - Get LATEST chromedriver version for google-chrome
[2024-02-16T13:36:07.848+0900] {logger.py:11} INFO - Driver [/home/ubuntu/.wdm/drivers/chromedriver/linux64/121.0.6167.85/chromedriver-linux64/chromedriver] found in cache
[2024-02-16T13:36:18.648+0900] {logger.py:11} INFO - ====== WebDriver manager ======
[2024-02-16T13:36:18.738+0900] {logger.py:11} INFO - Get LATEST chromedriver version for google-chrome
[2024-02-16T13:36:18.821+0900] {logger.py:11} INFO - Get LATEST chromedriver version for google-chrome
[2024-02-16T13:36:18.905+0900] {logger.py:11} INFO - Driver [/home/ubuntu/.wdm/drivers/chromedriver/linux64/121.0.6167.85/chromedriver-linux64/chromedriver] found in cache
[2024-02-16T13:36:28.809+0900] {logger.py:11} INFO - ====== WebDriver manager ======
[2024-02-16T13:36:28.898+0900] {logger.py:11} INFO - Get LATEST chromedriver version for google-chrome
[2024-02-16T13:36:28.982+0900] {logger.py:11} INFO - Get LATEST chromedriver version for google-chrome
[2024-02-16T13:36:29.066+0900] {logger.py:11} INFO - Driver [/home/ubuntu/.wdm/drivers/chromedriver/linux64/121.0.6167.85/chromedriver-linux64/chromedriver] found in cache
[2024-02-16T13:36:39.463+0900] {logger.py:11} INFO - ====== WebDriver manager ======
[2024-02-16T13:36:39.552+0900] {logger.py:11} INFO - Get LATEST chromedriver version for google-chrome
[2024-02-16T13:36:39.635+0900] {logger.py:11} INFO - Get LATEST chromedriver version for google-chrome
[2024-02-16T13:36:39.717+0900] {logger.py:11} INFO - Driver [/home/ubuntu/.wdm/drivers/chromedriver/linux64/121.0.6167.85/chromedriver-linux64/chromedriver] found in cache
[2024-02-16T13:36:51.344+0900] {logger.py:11} INFO - ====== WebDriver manager ======
[2024-02-16T13:36:51.435+0900] {logger.py:11} INFO - Get LATEST chromedriver version for google-chrome
[2024-02-16T13:36:51.519+0900] {logger.py:11} INFO - Get LATEST chromedriver version for google-chrome
[2024-02-16T13:36:51.602+0900] {logger.py:11} INFO - Driver [/home/ubuntu/.wdm/drivers/chromedriver/linux64/121.0.6167.85/chromedriver-linux64/chromedriver] found in cache
[2024-02-16T13:37:01.205+0900] {logger.py:11} INFO - ====== WebDriver manager ======
[2024-02-16T13:37:01.294+0900] {logger.py:11} INFO - Get LATEST chromedriver version for google-chrome
[2024-02-16T13:37:01.378+0900] {logger.py:11} INFO - Get LATEST chromedriver version for google-chrome
[2024-02-16T13:37:01.460+0900] {logger.py:11} INFO - Driver [/home/ubuntu/.wdm/drivers/chromedriver/linux64/121.0.6167.85/chromedriver-linux64/chromedriver] found in cache
[2024-02-16T13:37:13.156+0900] {logger.py:11} INFO - ====== WebDriver manager ======
[2024-02-16T13:37:13.246+0900] {logger.py:11} INFO - Get LATEST chromedriver version for google-chrome
[2024-02-16T13:37:13.330+0900] {logger.py:11} INFO - Get LATEST chromedriver version for google-chrome
[2024-02-16T13:37:13.414+0900] {logger.py:11} INFO - Driver [/home/ubuntu/.wdm/drivers/chromedriver/linux64/121.0.6167.85/chromedriver-linux64/chromedriver] found in cache
[2024-02-16T13:37:19.115+0900] {logger.py:11} INFO - ====== WebDriver manager ======
[2024-02-16T13:37:19.205+0900] {logger.py:11} INFO - Get LATEST chromedriver version for google-chrome
[2024-02-16T13:37:19.289+0900] {logger.py:11} INFO - Get LATEST chromedriver version for google-chrome
[2024-02-16T13:37:19.372+0900] {logger.py:11} INFO - Driver [/home/ubuntu/.wdm/drivers/chromedriver/linux64/121.0.6167.85/chromedriver-linux64/chromedriver] found in cache
[2024-02-16T13:37:29.929+0900] {logger.py:11} INFO - ====== WebDriver manager ======
[2024-02-16T13:37:30.020+0900] {logger.py:11} INFO - Get LATEST chromedriver version for google-chrome
[2024-02-16T13:37:30.104+0900] {logger.py:11} INFO - Get LATEST chromedriver version for google-chrome
[2024-02-16T13:37:30.190+0900] {logger.py:11} INFO - Driver [/home/ubuntu/.wdm/drivers/chromedriver/linux64/121.0.6167.85/chromedriver-linux64/chromedriver] found in cache
[2024-02-16T13:37:39.484+0900] {logger.py:11} INFO - ====== WebDriver manager ======
[2024-02-16T13:37:39.574+0900] {logger.py:11} INFO - Get LATEST chromedriver version for google-chrome
[2024-02-16T13:37:39.657+0900] {logger.py:11} INFO - Get LATEST chromedriver version for google-chrome
[2024-02-16T13:37:39.739+0900] {logger.py:11} INFO - Driver [/home/ubuntu/.wdm/drivers/chromedriver/linux64/121.0.6167.85/chromedriver-linux64/chromedriver] found in cache
[2024-02-16T13:37:49.993+0900] {logger.py:11} INFO - ====== WebDriver manager ======
[2024-02-16T13:37:50.082+0900] {logger.py:11} INFO - Get LATEST chromedriver version for google-chrome
[2024-02-16T13:37:50.166+0900] {logger.py:11} INFO - Get LATEST chromedriver version for google-chrome
[2024-02-16T13:37:50.249+0900] {logger.py:11} INFO - Driver [/home/ubuntu/.wdm/drivers/chromedriver/linux64/121.0.6167.85/chromedriver-linux64/chromedriver] found in cache
[2024-02-16T13:37:59.317+0900] {logger.py:11} INFO - ====== WebDriver manager ======
[2024-02-16T13:37:59.404+0900] {logger.py:11} INFO - Get LATEST chromedriver version for google-chrome
[2024-02-16T13:37:59.487+0900] {logger.py:11} INFO - Get LATEST chromedriver version for google-chrome
[2024-02-16T13:37:59.569+0900] {logger.py:11} INFO - Driver [/home/ubuntu/.wdm/drivers/chromedriver/linux64/121.0.6167.85/chromedriver-linux64/chromedriver] found in cache
[2024-02-16T13:38:08.936+0900] {logger.py:11} INFO - ====== WebDriver manager ======
[2024-02-16T13:38:09.026+0900] {logger.py:11} INFO - Get LATEST chromedriver version for google-chrome
[2024-02-16T13:38:09.109+0900] {logger.py:11} INFO - Get LATEST chromedriver version for google-chrome
[2024-02-16T13:38:09.191+0900] {logger.py:11} INFO - Driver [/home/ubuntu/.wdm/drivers/chromedriver/linux64/121.0.6167.85/chromedriver-linux64/chromedriver] found in cache
[2024-02-16T13:38:20.107+0900] {logger.py:11} INFO - ====== WebDriver manager ======
[2024-02-16T13:38:20.195+0900] {logger.py:11} INFO - Get LATEST chromedriver version for google-chrome
[2024-02-16T13:38:20.280+0900] {logger.py:11} INFO - Get LATEST chromedriver version for google-chrome
[2024-02-16T13:38:20.362+0900] {logger.py:11} INFO - Driver [/home/ubuntu/.wdm/drivers/chromedriver/linux64/121.0.6167.85/chromedriver-linux64/chromedriver] found in cache
[2024-02-16T13:38:25.691+0900] {logger.py:11} INFO - ====== WebDriver manager ======
[2024-02-16T13:38:25.780+0900] {logger.py:11} INFO - Get LATEST chromedriver version for google-chrome
[2024-02-16T13:38:25.863+0900] {logger.py:11} INFO - Get LATEST chromedriver version for google-chrome
[2024-02-16T13:38:25.946+0900] {logger.py:11} INFO - Driver [/home/ubuntu/.wdm/drivers/chromedriver/linux64/121.0.6167.85/chromedriver-linux64/chromedriver] found in cache
[2024-02-16T13:38:35.185+0900] {logger.py:11} INFO - ====== WebDriver manager ======
[2024-02-16T13:38:35.274+0900] {logger.py:11} INFO - Get LATEST chromedriver version for google-chrome
[2024-02-16T13:38:35.357+0900] {logger.py:11} INFO - Get LATEST chromedriver version for google-chrome
[2024-02-16T13:38:35.439+0900] {logger.py:11} INFO - Driver [/home/ubuntu/.wdm/drivers/chromedriver/linux64/121.0.6167.85/chromedriver-linux64/chromedriver] found in cache
[2024-02-16T13:38:45.894+0900] {logger.py:11} INFO - ====== WebDriver manager ======
[2024-02-16T13:38:45.981+0900] {logger.py:11} INFO - Get LATEST chromedriver version for google-chrome
[2024-02-16T13:38:46.064+0900] {logger.py:11} INFO - Get LATEST chromedriver version for google-chrome
[2024-02-16T13:38:46.147+0900] {logger.py:11} INFO - Driver [/home/ubuntu/.wdm/drivers/chromedriver/linux64/121.0.6167.85/chromedriver-linux64/chromedriver] found in cache
[2024-02-16T13:38:56.345+0900] {logger.py:11} INFO - ====== WebDriver manager ======
[2024-02-16T13:38:56.434+0900] {logger.py:11} INFO - Get LATEST chromedriver version for google-chrome
[2024-02-16T13:38:56.544+0900] {logger.py:11} INFO - Get LATEST chromedriver version for google-chrome
[2024-02-16T13:38:56.627+0900] {logger.py:11} INFO - Driver [/home/ubuntu/.wdm/drivers/chromedriver/linux64/121.0.6167.85/chromedriver-linux64/chromedriver] found in cache
[2024-02-16T13:39:06.422+0900] {logger.py:11} INFO - ====== WebDriver manager ======
[2024-02-16T13:39:06.511+0900] {logger.py:11} INFO - Get LATEST chromedriver version for google-chrome
[2024-02-16T13:39:06.595+0900] {logger.py:11} INFO - Get LATEST chromedriver version for google-chrome
[2024-02-16T13:39:06.676+0900] {logger.py:11} INFO - Driver [/home/ubuntu/.wdm/drivers/chromedriver/linux64/121.0.6167.85/chromedriver-linux64/chromedriver] found in cache
[2024-02-16T13:39:13.155+0900] {logger.py:11} INFO - ====== WebDriver manager ======
[2024-02-16T13:39:13.244+0900] {logger.py:11} INFO - Get LATEST chromedriver version for google-chrome
[2024-02-16T13:39:13.327+0900] {logger.py:11} INFO - Get LATEST chromedriver version for google-chrome
[2024-02-16T13:39:13.410+0900] {logger.py:11} INFO - Driver [/home/ubuntu/.wdm/drivers/chromedriver/linux64/121.0.6167.85/chromedriver-linux64/chromedriver] found in cache
[2024-02-16T13:39:23.698+0900] {logger.py:11} INFO - ====== WebDriver manager ======
[2024-02-16T13:39:23.787+0900] {logger.py:11} INFO - Get LATEST chromedriver version for google-chrome
[2024-02-16T13:39:23.870+0900] {logger.py:11} INFO - Get LATEST chromedriver version for google-chrome
[2024-02-16T13:39:23.953+0900] {logger.py:11} INFO - Driver [/home/ubuntu/.wdm/drivers/chromedriver/linux64/121.0.6167.85/chromedriver-linux64/chromedriver] found in cache
[2024-02-16T13:39:33.541+0900] {logger.py:11} INFO - ====== WebDriver manager ======
[2024-02-16T13:39:33.630+0900] {logger.py:11} INFO - Get LATEST chromedriver version for google-chrome
[2024-02-16T13:39:33.714+0900] {logger.py:11} INFO - Get LATEST chromedriver version for google-chrome
[2024-02-16T13:39:33.797+0900] {logger.py:11} INFO - Driver [/home/ubuntu/.wdm/drivers/chromedriver/linux64/121.0.6167.85/chromedriver-linux64/chromedriver] found in cache
[2024-02-16T13:39:43.446+0900] {logger.py:11} INFO - ====== WebDriver manager ======
[2024-02-16T13:39:43.534+0900] {logger.py:11} INFO - Get LATEST chromedriver version for google-chrome
[2024-02-16T13:39:43.621+0900] {logger.py:11} INFO - Get LATEST chromedriver version for google-chrome
[2024-02-16T13:39:43.703+0900] {logger.py:11} INFO - Driver [/home/ubuntu/.wdm/drivers/chromedriver/linux64/121.0.6167.85/chromedriver-linux64/chromedriver] found in cache
[2024-02-16T13:39:59.650+0900] {logger.py:11} INFO - ====== WebDriver manager ======
[2024-02-16T13:39:59.738+0900] {logger.py:11} INFO - Get LATEST chromedriver version for google-chrome
[2024-02-16T13:39:59.822+0900] {logger.py:11} INFO - Get LATEST chromedriver version for google-chrome
[2024-02-16T13:39:59.905+0900] {logger.py:11} INFO - Driver [/home/ubuntu/.wdm/drivers/chromedriver/linux64/121.0.6167.85/chromedriver-linux64/chromedriver] found in cache
[2024-02-16T13:40:14.915+0900] {logger.py:11} INFO - ====== WebDriver manager ======
[2024-02-16T13:40:15.006+0900] {logger.py:11} INFO - Get LATEST chromedriver version for google-chrome
[2024-02-16T13:40:15.089+0900] {logger.py:11} INFO - Get LATEST chromedriver version for google-chrome
[2024-02-16T13:40:15.173+0900] {logger.py:11} INFO - Driver [/home/ubuntu/.wdm/drivers/chromedriver/linux64/121.0.6167.85/chromedriver-linux64/chromedriver] found in cache
[2024-02-16T13:40:21.301+0900] {logger.py:11} INFO - ====== WebDriver manager ======
[2024-02-16T13:40:21.392+0900] {logger.py:11} INFO - Get LATEST chromedriver version for google-chrome
[2024-02-16T13:40:21.475+0900] {logger.py:11} INFO - Get LATEST chromedriver version for google-chrome
[2024-02-16T13:40:21.558+0900] {logger.py:11} INFO - Driver [/home/ubuntu/.wdm/drivers/chromedriver/linux64/121.0.6167.85/chromedriver-linux64/chromedriver] found in cache
[2024-02-16T13:40:30.674+0900] {logger.py:11} INFO - ====== WebDriver manager ======
[2024-02-16T13:40:30.765+0900] {logger.py:11} INFO - Get LATEST chromedriver version for google-chrome
[2024-02-16T13:40:30.849+0900] {logger.py:11} INFO - Get LATEST chromedriver version for google-chrome
[2024-02-16T13:40:30.933+0900] {logger.py:11} INFO - Driver [/home/ubuntu/.wdm/drivers/chromedriver/linux64/121.0.6167.85/chromedriver-linux64/chromedriver] found in cache
[2024-02-16T13:40:36.577+0900] {logger.py:11} INFO - ====== WebDriver manager ======
[2024-02-16T13:40:36.670+0900] {logger.py:11} INFO - Get LATEST chromedriver version for google-chrome
[2024-02-16T13:40:36.754+0900] {logger.py:11} INFO - Get LATEST chromedriver version for google-chrome
[2024-02-16T13:40:36.838+0900] {logger.py:11} INFO - Driver [/home/ubuntu/.wdm/drivers/chromedriver/linux64/121.0.6167.85/chromedriver-linux64/chromedriver] found in cache
[2024-02-16T13:40:49.747+0900] {logger.py:11} INFO - ====== WebDriver manager ======
[2024-02-16T13:40:49.838+0900] {logger.py:11} INFO - Get LATEST chromedriver version for google-chrome
[2024-02-16T13:40:49.923+0900] {logger.py:11} INFO - Get LATEST chromedriver version for google-chrome
[2024-02-16T13:40:50.007+0900] {logger.py:11} INFO - Driver [/home/ubuntu/.wdm/drivers/chromedriver/linux64/121.0.6167.85/chromedriver-linux64/chromedriver] found in cache
[2024-02-16T13:41:06.971+0900] {logger.py:11} INFO - ====== WebDriver manager ======
[2024-02-16T13:41:07.060+0900] {logger.py:11} INFO - Get LATEST chromedriver version for google-chrome
[2024-02-16T13:41:07.162+0900] {logger.py:11} INFO - Get LATEST chromedriver version for google-chrome
[2024-02-16T13:41:07.245+0900] {logger.py:11} INFO - Driver [/home/ubuntu/.wdm/drivers/chromedriver/linux64/121.0.6167.85/chromedriver-linux64/chromedriver] found in cache
[2024-02-16T13:41:17.669+0900] {logger.py:11} INFO - ====== WebDriver manager ======
[2024-02-16T13:41:17.759+0900] {logger.py:11} INFO - Get LATEST chromedriver version for google-chrome
[2024-02-16T13:41:17.842+0900] {logger.py:11} INFO - Get LATEST chromedriver version for google-chrome
[2024-02-16T13:41:17.925+0900] {logger.py:11} INFO - Driver [/home/ubuntu/.wdm/drivers/chromedriver/linux64/121.0.6167.85/chromedriver-linux64/chromedriver] found in cache
[2024-02-16T13:41:27.259+0900] {logger.py:11} INFO - ====== WebDriver manager ======
[2024-02-16T13:41:27.347+0900] {logger.py:11} INFO - Get LATEST chromedriver version for google-chrome
[2024-02-16T13:41:27.431+0900] {logger.py:11} INFO - Get LATEST chromedriver version for google-chrome
[2024-02-16T13:41:27.513+0900] {logger.py:11} INFO - Driver [/home/ubuntu/.wdm/drivers/chromedriver/linux64/121.0.6167.85/chromedriver-linux64/chromedriver] found in cache
[2024-02-16T13:41:42.959+0900] {logger.py:11} INFO - ====== WebDriver manager ======
[2024-02-16T13:41:43.048+0900] {logger.py:11} INFO - Get LATEST chromedriver version for google-chrome
[2024-02-16T13:41:43.132+0900] {logger.py:11} INFO - Get LATEST chromedriver version for google-chrome
[2024-02-16T13:41:43.214+0900] {logger.py:11} INFO - Driver [/home/ubuntu/.wdm/drivers/chromedriver/linux64/121.0.6167.85/chromedriver-linux64/chromedriver] found in cache
[2024-02-16T13:41:47.692+0900] {logger.py:11} INFO - ====== WebDriver manager ======
[2024-02-16T13:41:47.782+0900] {logger.py:11} INFO - Get LATEST chromedriver version for google-chrome
[2024-02-16T13:41:47.865+0900] {logger.py:11} INFO - Get LATEST chromedriver version for google-chrome
[2024-02-16T13:41:47.949+0900] {logger.py:11} INFO - Driver [/home/ubuntu/.wdm/drivers/chromedriver/linux64/121.0.6167.85/chromedriver-linux64/chromedriver] found in cache
[2024-02-16T13:41:58.021+0900] {logger.py:11} INFO - ====== WebDriver manager ======
[2024-02-16T13:41:58.111+0900] {logger.py:11} INFO - Get LATEST chromedriver version for google-chrome
[2024-02-16T13:41:58.194+0900] {logger.py:11} INFO - Get LATEST chromedriver version for google-chrome
[2024-02-16T13:41:58.277+0900] {logger.py:11} INFO - Driver [/home/ubuntu/.wdm/drivers/chromedriver/linux64/121.0.6167.85/chromedriver-linux64/chromedriver] found in cache
[2024-02-16T13:42:09.343+0900] {logger.py:11} INFO - ====== WebDriver manager ======
[2024-02-16T13:42:09.432+0900] {logger.py:11} INFO - Get LATEST chromedriver version for google-chrome
[2024-02-16T13:42:09.514+0900] {logger.py:11} INFO - Get LATEST chromedriver version for google-chrome
[2024-02-16T13:42:09.597+0900] {logger.py:11} INFO - Driver [/home/ubuntu/.wdm/drivers/chromedriver/linux64/121.0.6167.85/chromedriver-linux64/chromedriver] found in cache
[2024-02-16T13:42:14.325+0900] {logger.py:11} INFO - ====== WebDriver manager ======
[2024-02-16T13:42:14.413+0900] {logger.py:11} INFO - Get LATEST chromedriver version for google-chrome
[2024-02-16T13:42:14.497+0900] {logger.py:11} INFO - Get LATEST chromedriver version for google-chrome
[2024-02-16T13:42:14.579+0900] {logger.py:11} INFO - Driver [/home/ubuntu/.wdm/drivers/chromedriver/linux64/121.0.6167.85/chromedriver-linux64/chromedriver] found in cache
[2024-02-16T13:42:19.352+0900] {logger.py:11} INFO - ====== WebDriver manager ======
[2024-02-16T13:42:19.441+0900] {logger.py:11} INFO - Get LATEST chromedriver version for google-chrome
[2024-02-16T13:42:19.524+0900] {logger.py:11} INFO - Get LATEST chromedriver version for google-chrome
[2024-02-16T13:42:19.608+0900] {logger.py:11} INFO - Driver [/home/ubuntu/.wdm/drivers/chromedriver/linux64/121.0.6167.85/chromedriver-linux64/chromedriver] found in cache
[2024-02-16T13:42:29.544+0900] {logger.py:11} INFO - ====== WebDriver manager ======
[2024-02-16T13:42:29.632+0900] {logger.py:11} INFO - Get LATEST chromedriver version for google-chrome
[2024-02-16T13:42:29.714+0900] {logger.py:11} INFO - Get LATEST chromedriver version for google-chrome
[2024-02-16T13:42:29.797+0900] {logger.py:11} INFO - Driver [/home/ubuntu/.wdm/drivers/chromedriver/linux64/121.0.6167.85/chromedriver-linux64/chromedriver] found in cache
[2024-02-16T13:42:44.261+0900] {logger.py:11} INFO - ====== WebDriver manager ======
[2024-02-16T13:42:44.350+0900] {logger.py:11} INFO - Get LATEST chromedriver version for google-chrome
[2024-02-16T13:42:44.433+0900] {logger.py:11} INFO - Get LATEST chromedriver version for google-chrome
[2024-02-16T13:42:44.516+0900] {logger.py:11} INFO - Driver [/home/ubuntu/.wdm/drivers/chromedriver/linux64/121.0.6167.85/chromedriver-linux64/chromedriver] found in cache
[2024-02-16T13:42:49.192+0900] {logger.py:11} INFO - ====== WebDriver manager ======
[2024-02-16T13:42:49.281+0900] {logger.py:11} INFO - Get LATEST chromedriver version for google-chrome
[2024-02-16T13:42:49.363+0900] {logger.py:11} INFO - Get LATEST chromedriver version for google-chrome
[2024-02-16T13:42:49.446+0900] {logger.py:11} INFO - Driver [/home/ubuntu/.wdm/drivers/chromedriver/linux64/121.0.6167.85/chromedriver-linux64/chromedriver] found in cache
[2024-02-16T13:43:01.344+0900] {logger.py:11} INFO - ====== WebDriver manager ======
[2024-02-16T13:43:01.434+0900] {logger.py:11} INFO - Get LATEST chromedriver version for google-chrome
[2024-02-16T13:43:01.517+0900] {logger.py:11} INFO - Get LATEST chromedriver version for google-chrome
[2024-02-16T13:43:01.599+0900] {logger.py:11} INFO - Driver [/home/ubuntu/.wdm/drivers/chromedriver/linux64/121.0.6167.85/chromedriver-linux64/chromedriver] found in cache
[2024-02-16T13:43:29.964+0900] {logger.py:11} INFO - ====== WebDriver manager ======
[2024-02-16T13:43:30.055+0900] {logger.py:11} INFO - Get LATEST chromedriver version for google-chrome
[2024-02-16T13:43:30.140+0900] {logger.py:11} INFO - Get LATEST chromedriver version for google-chrome
[2024-02-16T13:43:30.222+0900] {logger.py:11} INFO - Driver [/home/ubuntu/.wdm/drivers/chromedriver/linux64/121.0.6167.85/chromedriver-linux64/chromedriver] found in cache
[2024-02-16T13:43:39.199+0900] {logger.py:11} INFO - ====== WebDriver manager ======
[2024-02-16T13:43:39.286+0900] {logger.py:11} INFO - Get LATEST chromedriver version for google-chrome
[2024-02-16T13:43:39.369+0900] {logger.py:11} INFO - Get LATEST chromedriver version for google-chrome
[2024-02-16T13:43:39.451+0900] {logger.py:11} INFO - Driver [/home/ubuntu/.wdm/drivers/chromedriver/linux64/121.0.6167.85/chromedriver-linux64/chromedriver] found in cache
[2024-02-16T13:43:50.247+0900] {logger.py:11} INFO - ====== WebDriver manager ======
[2024-02-16T13:43:50.335+0900] {logger.py:11} INFO - Get LATEST chromedriver version for google-chrome
[2024-02-16T13:43:50.418+0900] {logger.py:11} INFO - Get LATEST chromedriver version for google-chrome
[2024-02-16T13:43:50.501+0900] {logger.py:11} INFO - Driver [/home/ubuntu/.wdm/drivers/chromedriver/linux64/121.0.6167.85/chromedriver-linux64/chromedriver] found in cache
[2024-02-16T13:44:02.588+0900] {logger.py:11} INFO - ====== WebDriver manager ======
[2024-02-16T13:44:02.676+0900] {logger.py:11} INFO - Get LATEST chromedriver version for google-chrome
[2024-02-16T13:44:02.758+0900] {logger.py:11} INFO - Get LATEST chromedriver version for google-chrome
[2024-02-16T13:44:02.842+0900] {logger.py:11} INFO - Driver [/home/ubuntu/.wdm/drivers/chromedriver/linux64/121.0.6167.85/chromedriver-linux64/chromedriver] found in cache
[2024-02-16T13:44:18.796+0900] {logger.py:11} INFO - ====== WebDriver manager ======
[2024-02-16T13:44:18.884+0900] {logger.py:11} INFO - Get LATEST chromedriver version for google-chrome
[2024-02-16T13:44:18.967+0900] {logger.py:11} INFO - Get LATEST chromedriver version for google-chrome
[2024-02-16T13:44:19.049+0900] {logger.py:11} INFO - Driver [/home/ubuntu/.wdm/drivers/chromedriver/linux64/121.0.6167.85/chromedriver-linux64/chromedriver] found in cache
[2024-02-16T13:44:33.421+0900] {logger.py:11} INFO - ====== WebDriver manager ======
[2024-02-16T13:44:33.509+0900] {logger.py:11} INFO - Get LATEST chromedriver version for google-chrome
[2024-02-16T13:44:33.591+0900] {logger.py:11} INFO - Get LATEST chromedriver version for google-chrome
[2024-02-16T13:44:33.674+0900] {logger.py:11} INFO - Driver [/home/ubuntu/.wdm/drivers/chromedriver/linux64/121.0.6167.85/chromedriver-linux64/chromedriver] found in cache
[2024-02-16T13:44:43.299+0900] {logger.py:11} INFO - ====== WebDriver manager ======
[2024-02-16T13:44:43.389+0900] {logger.py:11} INFO - Get LATEST chromedriver version for google-chrome
[2024-02-16T13:44:43.473+0900] {logger.py:11} INFO - Get LATEST chromedriver version for google-chrome
[2024-02-16T13:44:43.558+0900] {logger.py:11} INFO - Driver [/home/ubuntu/.wdm/drivers/chromedriver/linux64/121.0.6167.85/chromedriver-linux64/chromedriver] found in cache
[2024-02-16T13:44:48.211+0900] {logger.py:11} INFO - ====== WebDriver manager ======
[2024-02-16T13:44:48.302+0900] {logger.py:11} INFO - Get LATEST chromedriver version for google-chrome
[2024-02-16T13:44:48.388+0900] {logger.py:11} INFO - Get LATEST chromedriver version for google-chrome
[2024-02-16T13:44:48.470+0900] {logger.py:11} INFO - Driver [/home/ubuntu/.wdm/drivers/chromedriver/linux64/121.0.6167.85/chromedriver-linux64/chromedriver] found in cache
[2024-02-16T13:44:58.807+0900] {logger.py:11} INFO - ====== WebDriver manager ======
[2024-02-16T13:44:58.896+0900] {logger.py:11} INFO - Get LATEST chromedriver version for google-chrome
[2024-02-16T13:44:58.980+0900] {logger.py:11} INFO - Get LATEST chromedriver version for google-chrome
[2024-02-16T13:44:59.062+0900] {logger.py:11} INFO - Driver [/home/ubuntu/.wdm/drivers/chromedriver/linux64/121.0.6167.85/chromedriver-linux64/chromedriver] found in cache
[2024-02-16T13:45:05.031+0900] {logger.py:11} INFO - ====== WebDriver manager ======
[2024-02-16T13:45:05.119+0900] {logger.py:11} INFO - Get LATEST chromedriver version for google-chrome
[2024-02-16T13:45:05.203+0900] {logger.py:11} INFO - Get LATEST chromedriver version for google-chrome
[2024-02-16T13:45:05.285+0900] {logger.py:11} INFO - Driver [/home/ubuntu/.wdm/drivers/chromedriver/linux64/121.0.6167.85/chromedriver-linux64/chromedriver] found in cache
[2024-02-16T13:45:11.343+0900] {python.py:201} INFO - Done. Returned value was: None
[2024-02-16T13:45:11.350+0900] {taskinstance.py:1138} INFO - Marking task as SUCCESS. dag_id=CollectCommunity, task_id=community_Content_Collect, execution_date=20240216T043428, start_date=20240216T043440, end_date=20240216T044511
[2024-02-16T13:45:11.405+0900] {local_task_job_runner.py:234} INFO - Task exited with return code 0
[2024-02-16T13:45:11.417+0900] {taskinstance.py:3280} INFO - 0 downstream tasks scheduled from follow-on schedule check
