[2024-02-16T16:00:38.601+0900] {taskinstance.py:1956} INFO - Dependencies all met for dep_context=non-requeueable deps ti=<TaskInstance: CollectNaverNews.news_Content_Comment_Collect manual__2024-02-16T04:34:59.660831+00:00 [queued]>
[2024-02-16T16:00:38.609+0900] {taskinstance.py:1956} INFO - Dependencies all met for dep_context=requeueable deps ti=<TaskInstance: CollectNaverNews.news_Content_Comment_Collect manual__2024-02-16T04:34:59.660831+00:00 [queued]>
[2024-02-16T16:00:38.610+0900] {taskinstance.py:2170} INFO - Starting attempt 3 of 1
[2024-02-16T16:00:38.836+0900] {taskinstance.py:2191} INFO - Executing <Task(PythonOperator): news_Content_Comment_Collect> on 2024-02-16 04:34:59.660831+00:00
[2024-02-16T16:00:38.843+0900] {standard_task_runner.py:60} INFO - Started process 185587 to run task
[2024-02-16T16:00:38.851+0900] {standard_task_runner.py:87} INFO - Running: ['airflow', 'tasks', 'run', 'CollectNaverNews', 'news_Content_Comment_Collect', 'manual__2024-02-16T04:34:59.660831+00:00', '--job-id', '35', '--raw', '--subdir', 'DAGS_FOLDER/Naver_News_Collect.py', '--cfg-path', '/tmp/tmp30ltlvku']
[2024-02-16T16:00:38.854+0900] {standard_task_runner.py:88} INFO - Job 35: Subtask news_Content_Comment_Collect
[2024-02-16T16:00:38.896+0900] {task_command.py:423} INFO - Running <TaskInstance: CollectNaverNews.news_Content_Comment_Collect manual__2024-02-16T04:34:59.660831+00:00 [running]> on host ip-172-31-11-88.ap-northeast-2.compute.internal
[2024-02-16T16:00:38.960+0900] {taskinstance.py:2480} INFO - Exporting env vars: AIRFLOW_CTX_DAG_OWNER='airflow' AIRFLOW_CTX_DAG_ID='CollectNaverNews' AIRFLOW_CTX_TASK_ID='news_Content_Comment_Collect' AIRFLOW_CTX_EXECUTION_DATE='2024-02-16T04:34:59.660831+00:00' AIRFLOW_CTX_TRY_NUMBER='3' AIRFLOW_CTX_DAG_RUN_ID='manual__2024-02-16T04:34:59.660831+00:00'
[2024-02-16T16:00:38.974+0900] {logger.py:11} INFO - ====== WebDriver manager ======
[2024-02-16T16:00:39.066+0900] {logger.py:11} INFO - Get LATEST chromedriver version for google-chrome
[2024-02-16T16:00:39.163+0900] {logger.py:11} INFO - Get LATEST chromedriver version for google-chrome
[2024-02-16T16:00:39.247+0900] {logger.py:11} INFO - Driver [/home/ubuntu/.wdm/drivers/chromedriver/linux64/121.0.6167.85/chromedriver-linux64/chromedriver] found in cache
[2024-02-16T16:00:39.933+0900] {Naver_News_Collect.py:118} INFO - 접속완료
[2024-02-16T16:00:40.718+0900] {Naver_News_Collect.py:121} INFO - 0 Start
[2024-02-16T16:00:53.792+0900] {Naver_News_Collect.py:157} INFO - 1 End
[2024-02-16T16:00:56.796+0900] {logger.py:11} INFO - ====== WebDriver manager ======
[2024-02-16T16:00:56.889+0900] {logger.py:11} INFO - Get LATEST chromedriver version for google-chrome
[2024-02-16T16:00:56.972+0900] {logger.py:11} INFO - Get LATEST chromedriver version for google-chrome
[2024-02-16T16:00:57.055+0900] {logger.py:11} INFO - Driver [/home/ubuntu/.wdm/drivers/chromedriver/linux64/121.0.6167.85/chromedriver-linux64/chromedriver] found in cache
[2024-02-16T16:00:57.735+0900] {Naver_News_Collect.py:118} INFO - 접속완료
[2024-02-16T16:00:58.873+0900] {Naver_News_Collect.py:121} INFO - 1 Start
[2024-02-16T16:01:11.714+0900] {Naver_News_Collect.py:157} INFO - 2 End
[2024-02-16T16:01:14.718+0900] {logger.py:11} INFO - ====== WebDriver manager ======
[2024-02-16T16:01:14.808+0900] {logger.py:11} INFO - Get LATEST chromedriver version for google-chrome
[2024-02-16T16:01:14.891+0900] {logger.py:11} INFO - Get LATEST chromedriver version for google-chrome
[2024-02-16T16:01:14.973+0900] {logger.py:11} INFO - Driver [/home/ubuntu/.wdm/drivers/chromedriver/linux64/121.0.6167.85/chromedriver-linux64/chromedriver] found in cache
[2024-02-16T16:01:15.659+0900] {Naver_News_Collect.py:118} INFO - 접속완료
[2024-02-16T16:01:16.729+0900] {Naver_News_Collect.py:121} INFO - 2 Start
[2024-02-16T16:01:39.779+0900] {Naver_News_Collect.py:157} INFO - 3 End
[2024-02-16T16:01:41.781+0900] {logger.py:11} INFO - ====== WebDriver manager ======
[2024-02-16T16:01:41.874+0900] {logger.py:11} INFO - Get LATEST chromedriver version for google-chrome
[2024-02-16T16:01:41.958+0900] {logger.py:11} INFO - Get LATEST chromedriver version for google-chrome
[2024-02-16T16:01:42.040+0900] {logger.py:11} INFO - Driver [/home/ubuntu/.wdm/drivers/chromedriver/linux64/121.0.6167.85/chromedriver-linux64/chromedriver] found in cache
[2024-02-16T16:01:42.723+0900] {Naver_News_Collect.py:118} INFO - 접속완료
[2024-02-16T16:02:12.817+0900] {Naver_News_Collect.py:121} INFO - 3 Start
[2024-02-16T16:02:22.889+0900] {Naver_News_Collect.py:157} INFO - 3 End
[2024-02-16T16:02:25.890+0900] {logger.py:11} INFO - ====== WebDriver manager ======
[2024-02-16T16:02:25.981+0900] {logger.py:11} INFO - Get LATEST chromedriver version for google-chrome
[2024-02-16T16:02:26.064+0900] {logger.py:11} INFO - Get LATEST chromedriver version for google-chrome
[2024-02-16T16:02:26.146+0900] {logger.py:11} INFO - Driver [/home/ubuntu/.wdm/drivers/chromedriver/linux64/121.0.6167.85/chromedriver-linux64/chromedriver] found in cache
[2024-02-16T16:02:26.838+0900] {Naver_News_Collect.py:118} INFO - 접속완료
[2024-02-16T16:02:27.903+0900] {Naver_News_Collect.py:121} INFO - 3 Start
[2024-02-16T16:02:41.789+0900] {Naver_News_Collect.py:157} INFO - 4 End
[2024-02-16T16:02:44.793+0900] {logger.py:11} INFO - ====== WebDriver manager ======
[2024-02-16T16:02:44.884+0900] {logger.py:11} INFO - Get LATEST chromedriver version for google-chrome
[2024-02-16T16:02:44.967+0900] {logger.py:11} INFO - Get LATEST chromedriver version for google-chrome
[2024-02-16T16:02:45.051+0900] {logger.py:11} INFO - Driver [/home/ubuntu/.wdm/drivers/chromedriver/linux64/121.0.6167.85/chromedriver-linux64/chromedriver] found in cache
[2024-02-16T16:02:45.728+0900] {Naver_News_Collect.py:118} INFO - 접속완료
[2024-02-16T16:02:46.737+0900] {Naver_News_Collect.py:121} INFO - 4 Start
[2024-02-16T16:03:00.016+0900] {Naver_News_Collect.py:157} INFO - 5 End
[2024-02-16T16:03:03.020+0900] {logger.py:11} INFO - ====== WebDriver manager ======
[2024-02-16T16:03:03.112+0900] {logger.py:11} INFO - Get LATEST chromedriver version for google-chrome
[2024-02-16T16:03:03.196+0900] {logger.py:11} INFO - Get LATEST chromedriver version for google-chrome
[2024-02-16T16:03:03.281+0900] {logger.py:11} INFO - Driver [/home/ubuntu/.wdm/drivers/chromedriver/linux64/121.0.6167.85/chromedriver-linux64/chromedriver] found in cache
[2024-02-16T16:03:03.972+0900] {Naver_News_Collect.py:118} INFO - 접속완료
[2024-02-16T16:03:05.026+0900] {Naver_News_Collect.py:121} INFO - 5 Start
[2024-02-16T16:05:39.182+0900] {Naver_News_Collect.py:157} INFO - 6 End
[2024-02-16T16:05:42.185+0900] {logger.py:11} INFO - ====== WebDriver manager ======
[2024-02-16T16:05:42.277+0900] {logger.py:11} INFO - Get LATEST chromedriver version for google-chrome
[2024-02-16T16:05:42.363+0900] {logger.py:11} INFO - Get LATEST chromedriver version for google-chrome
[2024-02-16T16:05:42.447+0900] {logger.py:11} INFO - Driver [/home/ubuntu/.wdm/drivers/chromedriver/linux64/121.0.6167.85/chromedriver-linux64/chromedriver] found in cache
[2024-02-16T16:05:43.149+0900] {Naver_News_Collect.py:118} INFO - 접속완료
[2024-02-16T16:05:44.246+0900] {Naver_News_Collect.py:121} INFO - 6 Start
[2024-02-16T16:06:07.472+0900] {Naver_News_Collect.py:157} INFO - 7 End
[2024-02-16T16:06:09.473+0900] {logger.py:11} INFO - ====== WebDriver manager ======
[2024-02-16T16:06:09.565+0900] {logger.py:11} INFO - Get LATEST chromedriver version for google-chrome
[2024-02-16T16:06:09.648+0900] {logger.py:11} INFO - Get LATEST chromedriver version for google-chrome
[2024-02-16T16:06:09.731+0900] {logger.py:11} INFO - Driver [/home/ubuntu/.wdm/drivers/chromedriver/linux64/121.0.6167.85/chromedriver-linux64/chromedriver] found in cache
[2024-02-16T16:06:10.402+0900] {Naver_News_Collect.py:118} INFO - 접속완료
[2024-02-16T16:06:11.450+0900] {Naver_News_Collect.py:121} INFO - 7 Start
[2024-02-16T16:06:34.030+0900] {Naver_News_Collect.py:157} INFO - 8 End
[2024-02-16T16:06:37.034+0900] {logger.py:11} INFO - ====== WebDriver manager ======
[2024-02-16T16:06:37.124+0900] {logger.py:11} INFO - Get LATEST chromedriver version for google-chrome
[2024-02-16T16:06:37.207+0900] {logger.py:11} INFO - Get LATEST chromedriver version for google-chrome
[2024-02-16T16:06:37.291+0900] {logger.py:11} INFO - Driver [/home/ubuntu/.wdm/drivers/chromedriver/linux64/121.0.6167.85/chromedriver-linux64/chromedriver] found in cache
[2024-02-16T16:06:37.966+0900] {Naver_News_Collect.py:118} INFO - 접속완료
[2024-02-16T16:06:39.011+0900] {Naver_News_Collect.py:121} INFO - 8 Start
