[2024-02-16T14:58:05.927+0900] {taskinstance.py:1956} INFO - Dependencies all met for dep_context=non-requeueable deps ti=<TaskInstance: CollectNaverNews.news_Content_Comment_Collect manual__2024-02-16T04:34:59.660831+00:00 [queued]>
[2024-02-16T14:58:05.934+0900] {taskinstance.py:1956} INFO - Dependencies all met for dep_context=requeueable deps ti=<TaskInstance: CollectNaverNews.news_Content_Comment_Collect manual__2024-02-16T04:34:59.660831+00:00 [queued]>
[2024-02-16T14:58:05.934+0900] {taskinstance.py:2170} INFO - Starting attempt 2 of 1
[2024-02-16T14:58:06.111+0900] {taskinstance.py:2191} INFO - Executing <Task(PythonOperator): news_Content_Comment_Collect> on 2024-02-16 04:34:59.660831+00:00
[2024-02-16T14:58:06.118+0900] {standard_task_runner.py:60} INFO - Started process 163317 to run task
[2024-02-16T14:58:06.122+0900] {standard_task_runner.py:87} INFO - Running: ['airflow', 'tasks', 'run', 'CollectNaverNews', 'news_Content_Comment_Collect', 'manual__2024-02-16T04:34:59.660831+00:00', '--job-id', '33', '--raw', '--subdir', 'DAGS_FOLDER/Naver_News_Collect.py', '--cfg-path', '/tmp/tmph_datnfi']
[2024-02-16T14:58:06.124+0900] {standard_task_runner.py:88} INFO - Job 33: Subtask news_Content_Comment_Collect
[2024-02-16T14:58:06.164+0900] {task_command.py:423} INFO - Running <TaskInstance: CollectNaverNews.news_Content_Comment_Collect manual__2024-02-16T04:34:59.660831+00:00 [running]> on host ip-172-31-11-88.ap-northeast-2.compute.internal
[2024-02-16T14:58:06.226+0900] {taskinstance.py:2480} INFO - Exporting env vars: AIRFLOW_CTX_DAG_OWNER='airflow' AIRFLOW_CTX_DAG_ID='CollectNaverNews' AIRFLOW_CTX_TASK_ID='news_Content_Comment_Collect' AIRFLOW_CTX_EXECUTION_DATE='2024-02-16T04:34:59.660831+00:00' AIRFLOW_CTX_TRY_NUMBER='2' AIRFLOW_CTX_DAG_RUN_ID='manual__2024-02-16T04:34:59.660831+00:00'
[2024-02-16T14:58:06.241+0900] {logger.py:11} INFO - ====== WebDriver manager ======
[2024-02-16T14:58:06.331+0900] {logger.py:11} INFO - Get LATEST chromedriver version for google-chrome
[2024-02-16T14:58:06.419+0900] {logger.py:11} INFO - Get LATEST chromedriver version for google-chrome
[2024-02-16T14:58:06.503+0900] {logger.py:11} INFO - Driver [/home/ubuntu/.wdm/drivers/chromedriver/linux64/121.0.6167.85/chromedriver-linux64/chromedriver] found in cache
[2024-02-16T14:58:07.228+0900] {Naver_News_Collect.py:118} INFO - 접속완료
[2024-02-16T14:58:07.975+0900] {Naver_News_Collect.py:121} INFO - 0 Start
[2024-02-16T14:58:21.540+0900] {Naver_News_Collect.py:157} INFO - 1 End
[2024-02-16T14:58:23.543+0900] {logger.py:11} INFO - ====== WebDriver manager ======
[2024-02-16T14:58:23.634+0900] {logger.py:11} INFO - Get LATEST chromedriver version for google-chrome
[2024-02-16T14:58:23.716+0900] {logger.py:11} INFO - Get LATEST chromedriver version for google-chrome
[2024-02-16T14:58:23.798+0900] {logger.py:11} INFO - Driver [/home/ubuntu/.wdm/drivers/chromedriver/linux64/121.0.6167.85/chromedriver-linux64/chromedriver] found in cache
[2024-02-16T14:58:24.478+0900] {Naver_News_Collect.py:118} INFO - 접속완료
[2024-02-16T14:58:25.548+0900] {Naver_News_Collect.py:121} INFO - 1 Start
[2024-02-16T14:58:38.337+0900] {Naver_News_Collect.py:157} INFO - 2 End
[2024-02-16T14:58:40.340+0900] {logger.py:11} INFO - ====== WebDriver manager ======
[2024-02-16T14:58:40.430+0900] {logger.py:11} INFO - Get LATEST chromedriver version for google-chrome
[2024-02-16T14:58:40.515+0900] {logger.py:11} INFO - Get LATEST chromedriver version for google-chrome
[2024-02-16T14:58:40.614+0900] {logger.py:11} INFO - Driver [/home/ubuntu/.wdm/drivers/chromedriver/linux64/121.0.6167.85/chromedriver-linux64/chromedriver] found in cache
[2024-02-16T14:58:41.294+0900] {Naver_News_Collect.py:118} INFO - 접속완료
[2024-02-16T14:58:42.281+0900] {Naver_News_Collect.py:121} INFO - 2 Start
[2024-02-16T14:59:05.343+0900] {Naver_News_Collect.py:157} INFO - 3 End
[2024-02-16T14:59:08.347+0900] {logger.py:11} INFO - ====== WebDriver manager ======
[2024-02-16T14:59:08.437+0900] {logger.py:11} INFO - Get LATEST chromedriver version for google-chrome
[2024-02-16T14:59:08.520+0900] {logger.py:11} INFO - Get LATEST chromedriver version for google-chrome
[2024-02-16T14:59:08.607+0900] {logger.py:11} INFO - Driver [/home/ubuntu/.wdm/drivers/chromedriver/linux64/121.0.6167.85/chromedriver-linux64/chromedriver] found in cache
[2024-02-16T14:59:09.285+0900] {Naver_News_Collect.py:118} INFO - 접속완료
[2024-02-16T14:59:10.358+0900] {Naver_News_Collect.py:121} INFO - 3 Start
[2024-02-16T14:59:33.770+0900] {Naver_News_Collect.py:157} INFO - 4 End
[2024-02-16T14:59:35.772+0900] {logger.py:11} INFO - ====== WebDriver manager ======
[2024-02-16T14:59:35.863+0900] {logger.py:11} INFO - Get LATEST chromedriver version for google-chrome
[2024-02-16T14:59:35.946+0900] {logger.py:11} INFO - Get LATEST chromedriver version for google-chrome
[2024-02-16T14:59:36.031+0900] {logger.py:11} INFO - Driver [/home/ubuntu/.wdm/drivers/chromedriver/linux64/121.0.6167.85/chromedriver-linux64/chromedriver] found in cache
[2024-02-16T14:59:36.728+0900] {Naver_News_Collect.py:118} INFO - 접속완료
[2024-02-16T14:59:37.828+0900] {Naver_News_Collect.py:121} INFO - 4 Start
[2024-02-16T14:59:51.180+0900] {Naver_News_Collect.py:157} INFO - 5 End
[2024-02-16T14:59:53.183+0900] {logger.py:11} INFO - ====== WebDriver manager ======
[2024-02-16T14:59:53.274+0900] {logger.py:11} INFO - Get LATEST chromedriver version for google-chrome
[2024-02-16T14:59:53.360+0900] {logger.py:11} INFO - Get LATEST chromedriver version for google-chrome
[2024-02-16T14:59:53.444+0900] {logger.py:11} INFO - Driver [/home/ubuntu/.wdm/drivers/chromedriver/linux64/121.0.6167.85/chromedriver-linux64/chromedriver] found in cache
[2024-02-16T14:59:54.132+0900] {Naver_News_Collect.py:118} INFO - 접속완료
[2024-02-16T14:59:55.259+0900] {Naver_News_Collect.py:121} INFO - 5 Start
[2024-02-16T15:00:08.190+0900] {Naver_News_Collect.py:157} INFO - 6 End
[2024-02-16T15:00:10.193+0900] {logger.py:11} INFO - ====== WebDriver manager ======
[2024-02-16T15:00:10.284+0900] {logger.py:11} INFO - Get LATEST chromedriver version for google-chrome
[2024-02-16T15:00:10.367+0900] {logger.py:11} INFO - Get LATEST chromedriver version for google-chrome
[2024-02-16T15:00:10.470+0900] {logger.py:11} INFO - Driver [/home/ubuntu/.wdm/drivers/chromedriver/linux64/121.0.6167.85/chromedriver-linux64/chromedriver] found in cache
[2024-02-16T15:00:11.152+0900] {Naver_News_Collect.py:118} INFO - 접속완료
[2024-02-16T15:00:41.253+0900] {Naver_News_Collect.py:121} INFO - 6 Start
[2024-02-16T15:00:51.341+0900] {Naver_News_Collect.py:157} INFO - 6 End
[2024-02-16T15:00:53.344+0900] {logger.py:11} INFO - ====== WebDriver manager ======
[2024-02-16T15:00:53.434+0900] {logger.py:11} INFO - Get LATEST chromedriver version for google-chrome
[2024-02-16T15:00:53.536+0900] {logger.py:11} INFO - Get LATEST chromedriver version for google-chrome
[2024-02-16T15:00:53.625+0900] {logger.py:11} INFO - Driver [/home/ubuntu/.wdm/drivers/chromedriver/linux64/121.0.6167.85/chromedriver-linux64/chromedriver] found in cache
[2024-02-16T15:00:54.302+0900] {Naver_News_Collect.py:118} INFO - 접속완료
[2024-02-16T15:00:55.567+0900] {Naver_News_Collect.py:121} INFO - 6 Start
[2024-02-16T15:01:18.104+0900] {Naver_News_Collect.py:157} INFO - 7 End
[2024-02-16T15:01:20.105+0900] {logger.py:11} INFO - ====== WebDriver manager ======
[2024-02-16T15:01:20.195+0900] {logger.py:11} INFO - Get LATEST chromedriver version for google-chrome
[2024-02-16T15:01:20.280+0900] {logger.py:11} INFO - Get LATEST chromedriver version for google-chrome
[2024-02-16T15:01:20.363+0900] {logger.py:11} INFO - Driver [/home/ubuntu/.wdm/drivers/chromedriver/linux64/121.0.6167.85/chromedriver-linux64/chromedriver] found in cache
[2024-02-16T15:01:21.040+0900] {Naver_News_Collect.py:118} INFO - 접속완료
[2024-02-16T15:01:22.049+0900] {Naver_News_Collect.py:121} INFO - 7 Start
[2024-02-16T15:01:44.681+0900] {Naver_News_Collect.py:157} INFO - 8 End
[2024-02-16T15:01:47.685+0900] {logger.py:11} INFO - ====== WebDriver manager ======
[2024-02-16T15:01:47.776+0900] {logger.py:11} INFO - Get LATEST chromedriver version for google-chrome
[2024-02-16T15:01:47.865+0900] {logger.py:11} INFO - Get LATEST chromedriver version for google-chrome
[2024-02-16T15:01:47.950+0900] {logger.py:11} INFO - Driver [/home/ubuntu/.wdm/drivers/chromedriver/linux64/121.0.6167.85/chromedriver-linux64/chromedriver] found in cache
[2024-02-16T15:01:48.629+0900] {Naver_News_Collect.py:118} INFO - 접속완료
[2024-02-16T15:01:49.697+0900] {Naver_News_Collect.py:121} INFO - 8 Start
[2024-02-16T15:02:03.083+0900] {Naver_News_Collect.py:157} INFO - 9 End
[2024-02-16T15:02:05.085+0900] {logger.py:11} INFO - ====== WebDriver manager ======
[2024-02-16T15:02:05.176+0900] {logger.py:11} INFO - Get LATEST chromedriver version for google-chrome
[2024-02-16T15:02:05.261+0900] {logger.py:11} INFO - Get LATEST chromedriver version for google-chrome
[2024-02-16T15:02:05.345+0900] {logger.py:11} INFO - Driver [/home/ubuntu/.wdm/drivers/chromedriver/linux64/121.0.6167.85/chromedriver-linux64/chromedriver] found in cache
[2024-02-16T15:02:06.025+0900] {Naver_News_Collect.py:118} INFO - 접속완료
[2024-02-16T15:02:07.278+0900] {Naver_News_Collect.py:121} INFO - 9 Start
[2024-02-16T15:02:20.584+0900] {Naver_News_Collect.py:157} INFO - 10 End
[2024-02-16T15:02:23.588+0900] {logger.py:11} INFO - ====== WebDriver manager ======
[2024-02-16T15:02:23.676+0900] {logger.py:11} INFO - Get LATEST chromedriver version for google-chrome
[2024-02-16T15:02:23.762+0900] {logger.py:11} INFO - Get LATEST chromedriver version for google-chrome
[2024-02-16T15:02:23.845+0900] {logger.py:11} INFO - Driver [/home/ubuntu/.wdm/drivers/chromedriver/linux64/121.0.6167.85/chromedriver-linux64/chromedriver] found in cache
[2024-02-16T15:02:24.540+0900] {Naver_News_Collect.py:118} INFO - 접속완료
[2024-02-16T15:02:25.766+0900] {Naver_News_Collect.py:121} INFO - 10 Start
[2024-02-16T15:02:42.052+0900] {Naver_News_Collect.py:157} INFO - 11 End
[2024-02-16T15:02:44.055+0900] {logger.py:11} INFO - ====== WebDriver manager ======
[2024-02-16T15:02:44.146+0900] {logger.py:11} INFO - Get LATEST chromedriver version for google-chrome
[2024-02-16T15:02:44.235+0900] {logger.py:11} INFO - Get LATEST chromedriver version for google-chrome
[2024-02-16T15:02:44.323+0900] {logger.py:11} INFO - Driver [/home/ubuntu/.wdm/drivers/chromedriver/linux64/121.0.6167.85/chromedriver-linux64/chromedriver] found in cache
[2024-02-16T15:02:45.018+0900] {Naver_News_Collect.py:118} INFO - 접속완료
[2024-02-16T15:02:46.172+0900] {Naver_News_Collect.py:121} INFO - 11 Start
[2024-02-16T15:02:59.048+0900] {Naver_News_Collect.py:157} INFO - 12 End
[2024-02-16T15:03:02.049+0900] {logger.py:11} INFO - ====== WebDriver manager ======
[2024-02-16T15:03:02.139+0900] {logger.py:11} INFO - Get LATEST chromedriver version for google-chrome
[2024-02-16T15:03:02.223+0900] {logger.py:11} INFO - Get LATEST chromedriver version for google-chrome
[2024-02-16T15:03:02.307+0900] {logger.py:11} INFO - Driver [/home/ubuntu/.wdm/drivers/chromedriver/linux64/121.0.6167.85/chromedriver-linux64/chromedriver] found in cache
[2024-02-16T15:03:02.998+0900] {Naver_News_Collect.py:118} INFO - 접속완료
[2024-02-16T15:03:04.284+0900] {Naver_News_Collect.py:121} INFO - 12 Start
[2024-02-16T15:03:27.452+0900] {Naver_News_Collect.py:157} INFO - 13 End
[2024-02-16T15:03:29.455+0900] {logger.py:11} INFO - ====== WebDriver manager ======
[2024-02-16T15:03:29.549+0900] {logger.py:11} INFO - Get LATEST chromedriver version for google-chrome
[2024-02-16T15:03:29.636+0900] {logger.py:11} INFO - Get LATEST chromedriver version for google-chrome
[2024-02-16T15:03:29.718+0900] {logger.py:11} INFO - Driver [/home/ubuntu/.wdm/drivers/chromedriver/linux64/121.0.6167.85/chromedriver-linux64/chromedriver] found in cache
[2024-02-16T15:03:30.397+0900] {Naver_News_Collect.py:118} INFO - 접속완료
[2024-02-16T15:03:31.674+0900] {Naver_News_Collect.py:121} INFO - 13 Start
[2024-02-16T15:03:44.627+0900] {Naver_News_Collect.py:157} INFO - 14 End
[2024-02-16T15:03:47.630+0900] {logger.py:11} INFO - ====== WebDriver manager ======
[2024-02-16T15:03:47.721+0900] {logger.py:11} INFO - Get LATEST chromedriver version for google-chrome
[2024-02-16T15:03:47.804+0900] {logger.py:11} INFO - Get LATEST chromedriver version for google-chrome
[2024-02-16T15:03:47.887+0900] {logger.py:11} INFO - Driver [/home/ubuntu/.wdm/drivers/chromedriver/linux64/121.0.6167.85/chromedriver-linux64/chromedriver] found in cache
[2024-02-16T15:03:48.579+0900] {Naver_News_Collect.py:118} INFO - 접속완료
[2024-02-16T15:03:49.755+0900] {Naver_News_Collect.py:121} INFO - 14 Start
[2024-02-16T15:04:03.081+0900] {Naver_News_Collect.py:157} INFO - 15 End
[2024-02-16T15:04:05.081+0900] {logger.py:11} INFO - ====== WebDriver manager ======
[2024-02-16T15:04:05.172+0900] {logger.py:11} INFO - Get LATEST chromedriver version for google-chrome
[2024-02-16T15:04:05.256+0900] {logger.py:11} INFO - Get LATEST chromedriver version for google-chrome
[2024-02-16T15:04:05.339+0900] {logger.py:11} INFO - Driver [/home/ubuntu/.wdm/drivers/chromedriver/linux64/121.0.6167.85/chromedriver-linux64/chromedriver] found in cache
[2024-02-16T15:04:06.016+0900] {Naver_News_Collect.py:118} INFO - 접속완료
[2024-02-16T15:04:06.912+0900] {Naver_News_Collect.py:121} INFO - 15 Start
[2024-02-16T15:04:29.675+0900] {Naver_News_Collect.py:157} INFO - 16 End
[2024-02-16T15:04:31.678+0900] {logger.py:11} INFO - ====== WebDriver manager ======
[2024-02-16T15:04:31.770+0900] {logger.py:11} INFO - Get LATEST chromedriver version for google-chrome
[2024-02-16T15:04:31.854+0900] {logger.py:11} INFO - Get LATEST chromedriver version for google-chrome
[2024-02-16T15:04:31.937+0900] {logger.py:11} INFO - Driver [/home/ubuntu/.wdm/drivers/chromedriver/linux64/121.0.6167.85/chromedriver-linux64/chromedriver] found in cache
[2024-02-16T15:04:32.633+0900] {Naver_News_Collect.py:118} INFO - 접속완료
[2024-02-16T15:04:33.993+0900] {Naver_News_Collect.py:121} INFO - 16 Start
[2024-02-16T15:04:46.633+0900] {Naver_News_Collect.py:157} INFO - 17 End
[2024-02-16T15:04:49.637+0900] {logger.py:11} INFO - ====== WebDriver manager ======
[2024-02-16T15:04:49.729+0900] {logger.py:11} INFO - Get LATEST chromedriver version for google-chrome
[2024-02-16T15:04:49.813+0900] {logger.py:11} INFO - Get LATEST chromedriver version for google-chrome
[2024-02-16T15:04:49.897+0900] {logger.py:11} INFO - Driver [/home/ubuntu/.wdm/drivers/chromedriver/linux64/121.0.6167.85/chromedriver-linux64/chromedriver] found in cache
[2024-02-16T15:04:50.579+0900] {Naver_News_Collect.py:118} INFO - 접속완료
[2024-02-16T15:04:51.822+0900] {Naver_News_Collect.py:121} INFO - 17 Start
[2024-02-16T15:05:05.005+0900] {Naver_News_Collect.py:157} INFO - 18 End
[2024-02-16T15:05:08.009+0900] {logger.py:11} INFO - ====== WebDriver manager ======
[2024-02-16T15:05:08.101+0900] {logger.py:11} INFO - Get LATEST chromedriver version for google-chrome
[2024-02-16T15:05:08.186+0900] {logger.py:11} INFO - Get LATEST chromedriver version for google-chrome
[2024-02-16T15:05:08.270+0900] {logger.py:11} INFO - Driver [/home/ubuntu/.wdm/drivers/chromedriver/linux64/121.0.6167.85/chromedriver-linux64/chromedriver] found in cache
[2024-02-16T15:05:08.960+0900] {Naver_News_Collect.py:118} INFO - 접속완료
[2024-02-16T15:05:10.227+0900] {Naver_News_Collect.py:121} INFO - 18 Start
[2024-02-16T15:05:23.138+0900] {Naver_News_Collect.py:157} INFO - 19 End
[2024-02-16T15:05:26.141+0900] {logger.py:11} INFO - ====== WebDriver manager ======
[2024-02-16T15:05:26.234+0900] {logger.py:11} INFO - Get LATEST chromedriver version for google-chrome
[2024-02-16T15:05:26.318+0900] {logger.py:11} INFO - Get LATEST chromedriver version for google-chrome
[2024-02-16T15:05:26.401+0900] {logger.py:11} INFO - Driver [/home/ubuntu/.wdm/drivers/chromedriver/linux64/121.0.6167.85/chromedriver-linux64/chromedriver] found in cache
[2024-02-16T15:05:27.102+0900] {Naver_News_Collect.py:118} INFO - 접속완료
[2024-02-16T15:05:28.314+0900] {Naver_News_Collect.py:121} INFO - 19 Start
[2024-02-16T15:05:51.610+0900] {Naver_News_Collect.py:157} INFO - 20 End
[2024-02-16T15:05:53.613+0900] {logger.py:11} INFO - ====== WebDriver manager ======
[2024-02-16T15:05:53.706+0900] {logger.py:11} INFO - Get LATEST chromedriver version for google-chrome
[2024-02-16T15:05:53.792+0900] {logger.py:11} INFO - Get LATEST chromedriver version for google-chrome
[2024-02-16T15:05:53.879+0900] {logger.py:11} INFO - Driver [/home/ubuntu/.wdm/drivers/chromedriver/linux64/121.0.6167.85/chromedriver-linux64/chromedriver] found in cache
[2024-02-16T15:05:54.579+0900] {Naver_News_Collect.py:118} INFO - 접속완료
[2024-02-16T15:05:55.854+0900] {Naver_News_Collect.py:121} INFO - 20 Start
[2024-02-16T15:06:18.736+0900] {Naver_News_Collect.py:157} INFO - 21 End
[2024-02-16T15:06:21.737+0900] {logger.py:11} INFO - ====== WebDriver manager ======
[2024-02-16T15:06:21.831+0900] {logger.py:11} INFO - Get LATEST chromedriver version for google-chrome
[2024-02-16T15:06:21.939+0900] {logger.py:11} INFO - Get LATEST chromedriver version for google-chrome
[2024-02-16T15:06:22.025+0900] {logger.py:11} INFO - Driver [/home/ubuntu/.wdm/drivers/chromedriver/linux64/121.0.6167.85/chromedriver-linux64/chromedriver] found in cache
[2024-02-16T15:06:22.708+0900] {Naver_News_Collect.py:118} INFO - 접속완료
[2024-02-16T15:06:24.040+0900] {Naver_News_Collect.py:121} INFO - 21 Start
[2024-02-16T15:06:46.691+0900] {Naver_News_Collect.py:157} INFO - 22 End
[2024-02-16T15:06:48.693+0900] {logger.py:11} INFO - ====== WebDriver manager ======
[2024-02-16T15:06:48.786+0900] {logger.py:11} INFO - Get LATEST chromedriver version for google-chrome
[2024-02-16T15:06:48.869+0900] {logger.py:11} INFO - Get LATEST chromedriver version for google-chrome
[2024-02-16T15:06:48.952+0900] {logger.py:11} INFO - Driver [/home/ubuntu/.wdm/drivers/chromedriver/linux64/121.0.6167.85/chromedriver-linux64/chromedriver] found in cache
[2024-02-16T15:06:49.635+0900] {Naver_News_Collect.py:118} INFO - 접속완료
[2024-02-16T15:06:50.518+0900] {Naver_News_Collect.py:121} INFO - 22 Start
[2024-02-16T15:07:13.270+0900] {Naver_News_Collect.py:157} INFO - 23 End
[2024-02-16T15:07:15.273+0900] {logger.py:11} INFO - ====== WebDriver manager ======
[2024-02-16T15:07:15.363+0900] {logger.py:11} INFO - Get LATEST chromedriver version for google-chrome
[2024-02-16T15:07:15.447+0900] {logger.py:11} INFO - Get LATEST chromedriver version for google-chrome
[2024-02-16T15:07:15.531+0900] {logger.py:11} INFO - Driver [/home/ubuntu/.wdm/drivers/chromedriver/linux64/121.0.6167.85/chromedriver-linux64/chromedriver] found in cache
[2024-02-16T15:07:16.219+0900] {Naver_News_Collect.py:118} INFO - 접속완료
[2024-02-16T15:07:17.388+0900] {Naver_News_Collect.py:121} INFO - 23 Start
[2024-02-16T15:07:40.588+0900] {Naver_News_Collect.py:157} INFO - 24 End
[2024-02-16T15:07:43.589+0900] {logger.py:11} INFO - ====== WebDriver manager ======
[2024-02-16T15:07:43.679+0900] {logger.py:11} INFO - Get LATEST chromedriver version for google-chrome
[2024-02-16T15:07:43.765+0900] {logger.py:11} INFO - Get LATEST chromedriver version for google-chrome
[2024-02-16T15:07:43.848+0900] {logger.py:11} INFO - Driver [/home/ubuntu/.wdm/drivers/chromedriver/linux64/121.0.6167.85/chromedriver-linux64/chromedriver] found in cache
[2024-02-16T15:07:44.526+0900] {Naver_News_Collect.py:118} INFO - 접속완료
[2024-02-16T15:07:45.656+0900] {Naver_News_Collect.py:121} INFO - 24 Start
[2024-02-16T15:07:58.549+0900] {Naver_News_Collect.py:157} INFO - 25 End
[2024-02-16T15:08:00.552+0900] {logger.py:11} INFO - ====== WebDriver manager ======
[2024-02-16T15:08:00.642+0900] {logger.py:11} INFO - Get LATEST chromedriver version for google-chrome
[2024-02-16T15:08:00.752+0900] {logger.py:11} INFO - Get LATEST chromedriver version for google-chrome
[2024-02-16T15:08:00.836+0900] {logger.py:11} INFO - Driver [/home/ubuntu/.wdm/drivers/chromedriver/linux64/121.0.6167.85/chromedriver-linux64/chromedriver] found in cache
[2024-02-16T15:08:01.513+0900] {Naver_News_Collect.py:118} INFO - 접속완료
[2024-02-16T15:08:02.847+0900] {Naver_News_Collect.py:121} INFO - 25 Start
[2024-02-16T15:08:25.946+0900] {Naver_News_Collect.py:157} INFO - 26 End
[2024-02-16T15:08:27.949+0900] {logger.py:11} INFO - ====== WebDriver manager ======
[2024-02-16T15:08:28.039+0900] {logger.py:11} INFO - Get LATEST chromedriver version for google-chrome
[2024-02-16T15:08:28.123+0900] {logger.py:11} INFO - Get LATEST chromedriver version for google-chrome
[2024-02-16T15:08:28.206+0900] {logger.py:11} INFO - Driver [/home/ubuntu/.wdm/drivers/chromedriver/linux64/121.0.6167.85/chromedriver-linux64/chromedriver] found in cache
[2024-02-16T15:08:28.887+0900] {Naver_News_Collect.py:118} INFO - 접속완료
[2024-02-16T15:08:30.158+0900] {Naver_News_Collect.py:121} INFO - 26 Start
[2024-02-16T15:08:54.376+0900] {Naver_News_Collect.py:157} INFO - 27 End
[2024-02-16T15:08:57.379+0900] {logger.py:11} INFO - ====== WebDriver manager ======
[2024-02-16T15:08:57.470+0900] {logger.py:11} INFO - Get LATEST chromedriver version for google-chrome
[2024-02-16T15:08:57.553+0900] {logger.py:11} INFO - Get LATEST chromedriver version for google-chrome
[2024-02-16T15:08:57.636+0900] {logger.py:11} INFO - Driver [/home/ubuntu/.wdm/drivers/chromedriver/linux64/121.0.6167.85/chromedriver-linux64/chromedriver] found in cache
[2024-02-16T15:08:58.315+0900] {Naver_News_Collect.py:118} INFO - 접속완료
[2024-02-16T15:08:59.623+0900] {Naver_News_Collect.py:121} INFO - 27 Start
[2024-02-16T15:09:22.641+0900] {Naver_News_Collect.py:157} INFO - 28 End
[2024-02-16T15:09:24.644+0900] {logger.py:11} INFO - ====== WebDriver manager ======
[2024-02-16T15:09:24.737+0900] {logger.py:11} INFO - Get LATEST chromedriver version for google-chrome
[2024-02-16T15:09:24.820+0900] {logger.py:11} INFO - Get LATEST chromedriver version for google-chrome
[2024-02-16T15:09:24.935+0900] {logger.py:11} INFO - Driver [/home/ubuntu/.wdm/drivers/chromedriver/linux64/121.0.6167.85/chromedriver-linux64/chromedriver] found in cache
[2024-02-16T15:09:25.617+0900] {Naver_News_Collect.py:118} INFO - 접속완료
[2024-02-16T15:09:26.415+0900] {Naver_News_Collect.py:121} INFO - 28 Start
[2024-02-16T15:09:49.141+0900] {Naver_News_Collect.py:157} INFO - 29 End
[2024-02-16T15:09:51.144+0900] {logger.py:11} INFO - ====== WebDriver manager ======
[2024-02-16T15:09:51.235+0900] {logger.py:11} INFO - Get LATEST chromedriver version for google-chrome
[2024-02-16T15:09:51.319+0900] {logger.py:11} INFO - Get LATEST chromedriver version for google-chrome
[2024-02-16T15:09:51.401+0900] {logger.py:11} INFO - Driver [/home/ubuntu/.wdm/drivers/chromedriver/linux64/121.0.6167.85/chromedriver-linux64/chromedriver] found in cache
[2024-02-16T15:09:52.082+0900] {Naver_News_Collect.py:118} INFO - 접속완료
[2024-02-16T15:09:53.386+0900] {Naver_News_Collect.py:121} INFO - 29 Start
[2024-02-16T15:10:16.562+0900] {Naver_News_Collect.py:157} INFO - 30 End
[2024-02-16T15:10:19.566+0900] {logger.py:11} INFO - ====== WebDriver manager ======
[2024-02-16T15:10:19.658+0900] {logger.py:11} INFO - Get LATEST chromedriver version for google-chrome
[2024-02-16T15:10:19.742+0900] {logger.py:11} INFO - Get LATEST chromedriver version for google-chrome
[2024-02-16T15:10:19.825+0900] {logger.py:11} INFO - Driver [/home/ubuntu/.wdm/drivers/chromedriver/linux64/121.0.6167.85/chromedriver-linux64/chromedriver] found in cache
[2024-02-16T15:10:20.509+0900] {Naver_News_Collect.py:118} INFO - 접속완료
[2024-02-16T15:10:21.686+0900] {Naver_News_Collect.py:121} INFO - 30 Start
[2024-02-16T15:10:44.911+0900] {Naver_News_Collect.py:157} INFO - 31 End
[2024-02-16T15:10:46.914+0900] {logger.py:11} INFO - ====== WebDriver manager ======
[2024-02-16T15:10:47.004+0900] {logger.py:11} INFO - Get LATEST chromedriver version for google-chrome
[2024-02-16T15:10:47.088+0900] {logger.py:11} INFO - Get LATEST chromedriver version for google-chrome
[2024-02-16T15:10:47.173+0900] {logger.py:11} INFO - Driver [/home/ubuntu/.wdm/drivers/chromedriver/linux64/121.0.6167.85/chromedriver-linux64/chromedriver] found in cache
[2024-02-16T15:10:47.861+0900] {Naver_News_Collect.py:118} INFO - 접속완료
[2024-02-16T15:10:49.051+0900] {Naver_News_Collect.py:121} INFO - 31 Start
[2024-02-16T15:11:11.782+0900] {Naver_News_Collect.py:157} INFO - 32 End
[2024-02-16T15:11:14.785+0900] {logger.py:11} INFO - ====== WebDriver manager ======
[2024-02-16T15:11:14.874+0900] {logger.py:11} INFO - Get LATEST chromedriver version for google-chrome
[2024-02-16T15:11:14.959+0900] {logger.py:11} INFO - Get LATEST chromedriver version for google-chrome
[2024-02-16T15:11:15.041+0900] {logger.py:11} INFO - Driver [/home/ubuntu/.wdm/drivers/chromedriver/linux64/121.0.6167.85/chromedriver-linux64/chromedriver] found in cache
[2024-02-16T15:11:15.729+0900] {Naver_News_Collect.py:118} INFO - 접속완료
[2024-02-16T15:11:16.877+0900] {Naver_News_Collect.py:121} INFO - 32 Start
[2024-02-16T15:11:39.962+0900] {Naver_News_Collect.py:157} INFO - 33 End
[2024-02-16T15:11:41.964+0900] {logger.py:11} INFO - ====== WebDriver manager ======
[2024-02-16T15:11:42.055+0900] {logger.py:11} INFO - Get LATEST chromedriver version for google-chrome
[2024-02-16T15:11:42.139+0900] {logger.py:11} INFO - Get LATEST chromedriver version for google-chrome
[2024-02-16T15:11:42.222+0900] {logger.py:11} INFO - Driver [/home/ubuntu/.wdm/drivers/chromedriver/linux64/121.0.6167.85/chromedriver-linux64/chromedriver] found in cache
[2024-02-16T15:11:42.898+0900] {Naver_News_Collect.py:118} INFO - 접속완료
[2024-02-16T15:11:44.203+0900] {Naver_News_Collect.py:121} INFO - 33 Start
[2024-02-16T15:11:57.436+0900] {Naver_News_Collect.py:157} INFO - 34 End
[2024-02-16T15:12:00.439+0900] {logger.py:11} INFO - ====== WebDriver manager ======
[2024-02-16T15:12:00.529+0900] {logger.py:11} INFO - Get LATEST chromedriver version for google-chrome
[2024-02-16T15:12:00.613+0900] {logger.py:11} INFO - Get LATEST chromedriver version for google-chrome
[2024-02-16T15:12:00.696+0900] {logger.py:11} INFO - Driver [/home/ubuntu/.wdm/drivers/chromedriver/linux64/121.0.6167.85/chromedriver-linux64/chromedriver] found in cache
[2024-02-16T15:12:01.386+0900] {Naver_News_Collect.py:118} INFO - 접속완료
[2024-02-16T15:12:31.473+0900] {Naver_News_Collect.py:121} INFO - 34 Start
[2024-02-16T15:12:41.583+0900] {Naver_News_Collect.py:157} INFO - 34 End
[2024-02-16T15:12:43.586+0900] {logger.py:11} INFO - ====== WebDriver manager ======
[2024-02-16T15:12:43.677+0900] {logger.py:11} INFO - Get LATEST chromedriver version for google-chrome
[2024-02-16T15:12:43.762+0900] {logger.py:11} INFO - Get LATEST chromedriver version for google-chrome
[2024-02-16T15:12:43.846+0900] {logger.py:11} INFO - Driver [/home/ubuntu/.wdm/drivers/chromedriver/linux64/121.0.6167.85/chromedriver-linux64/chromedriver] found in cache
[2024-02-16T15:12:44.524+0900] {Naver_News_Collect.py:118} INFO - 접속완료
[2024-02-16T15:13:14.621+0900] {Naver_News_Collect.py:121} INFO - 34 Start
[2024-02-16T15:13:24.706+0900] {Naver_News_Collect.py:157} INFO - 34 End
[2024-02-16T15:13:27.709+0900] {logger.py:11} INFO - ====== WebDriver manager ======
[2024-02-16T15:13:27.798+0900] {logger.py:11} INFO - Get LATEST chromedriver version for google-chrome
[2024-02-16T15:13:27.881+0900] {logger.py:11} INFO - Get LATEST chromedriver version for google-chrome
[2024-02-16T15:13:27.964+0900] {logger.py:11} INFO - Driver [/home/ubuntu/.wdm/drivers/chromedriver/linux64/121.0.6167.85/chromedriver-linux64/chromedriver] found in cache
[2024-02-16T15:13:28.649+0900] {Naver_News_Collect.py:118} INFO - 접속완료
[2024-02-16T15:13:29.346+0900] {Naver_News_Collect.py:121} INFO - 34 Start
[2024-02-16T15:13:52.137+0900] {Naver_News_Collect.py:157} INFO - 35 End
[2024-02-16T15:13:55.141+0900] {logger.py:11} INFO - ====== WebDriver manager ======
[2024-02-16T15:13:55.232+0900] {logger.py:11} INFO - Get LATEST chromedriver version for google-chrome
[2024-02-16T15:13:55.316+0900] {logger.py:11} INFO - Get LATEST chromedriver version for google-chrome
[2024-02-16T15:13:55.403+0900] {logger.py:11} INFO - Driver [/home/ubuntu/.wdm/drivers/chromedriver/linux64/121.0.6167.85/chromedriver-linux64/chromedriver] found in cache
[2024-02-16T15:13:56.082+0900] {Naver_News_Collect.py:118} INFO - 접속완료
[2024-02-16T15:13:57.099+0900] {Naver_News_Collect.py:121} INFO - 35 Start
[2024-02-16T15:14:19.635+0900] {Naver_News_Collect.py:157} INFO - 36 End
[2024-02-16T15:14:21.637+0900] {logger.py:11} INFO - ====== WebDriver manager ======
[2024-02-16T15:14:21.726+0900] {logger.py:11} INFO - Get LATEST chromedriver version for google-chrome
[2024-02-16T15:14:21.809+0900] {logger.py:11} INFO - Get LATEST chromedriver version for google-chrome
[2024-02-16T15:14:21.895+0900] {logger.py:11} INFO - Driver [/home/ubuntu/.wdm/drivers/chromedriver/linux64/121.0.6167.85/chromedriver-linux64/chromedriver] found in cache
[2024-02-16T15:14:22.570+0900] {Naver_News_Collect.py:118} INFO - 접속완료
[2024-02-16T15:14:52.660+0900] {Naver_News_Collect.py:121} INFO - 36 Start
[2024-02-16T15:15:02.751+0900] {Naver_News_Collect.py:157} INFO - 36 End
[2024-02-16T15:15:05.754+0900] {logger.py:11} INFO - ====== WebDriver manager ======
[2024-02-16T15:15:05.859+0900] {logger.py:11} INFO - Get LATEST chromedriver version for google-chrome
[2024-02-16T15:15:05.950+0900] {logger.py:11} INFO - Get LATEST chromedriver version for google-chrome
[2024-02-16T15:15:06.033+0900] {logger.py:11} INFO - Driver [/home/ubuntu/.wdm/drivers/chromedriver/linux64/121.0.6167.85/chromedriver-linux64/chromedriver] found in cache
[2024-02-16T15:15:06.745+0900] {Naver_News_Collect.py:118} INFO - 접속완료
[2024-02-16T15:15:07.870+0900] {Naver_News_Collect.py:121} INFO - 36 Start
[2024-02-16T15:15:30.497+0900] {Naver_News_Collect.py:157} INFO - 37 End
[2024-02-16T15:15:33.500+0900] {logger.py:11} INFO - ====== WebDriver manager ======
[2024-02-16T15:15:33.591+0900] {logger.py:11} INFO - Get LATEST chromedriver version for google-chrome
[2024-02-16T15:15:33.675+0900] {logger.py:11} INFO - Get LATEST chromedriver version for google-chrome
[2024-02-16T15:15:33.758+0900] {logger.py:11} INFO - Driver [/home/ubuntu/.wdm/drivers/chromedriver/linux64/121.0.6167.85/chromedriver-linux64/chromedriver] found in cache
[2024-02-16T15:15:34.465+0900] {Naver_News_Collect.py:118} INFO - 접속완료
[2024-02-16T15:15:35.541+0900] {Naver_News_Collect.py:121} INFO - 37 Start
[2024-02-16T15:15:48.419+0900] {Naver_News_Collect.py:157} INFO - 38 End
[2024-02-16T15:15:51.423+0900] {logger.py:11} INFO - ====== WebDriver manager ======
[2024-02-16T15:15:51.517+0900] {logger.py:11} INFO - Get LATEST chromedriver version for google-chrome
[2024-02-16T15:15:51.602+0900] {logger.py:11} INFO - Get LATEST chromedriver version for google-chrome
[2024-02-16T15:15:51.686+0900] {logger.py:11} INFO - Driver [/home/ubuntu/.wdm/drivers/chromedriver/linux64/121.0.6167.85/chromedriver-linux64/chromedriver] found in cache
[2024-02-16T15:15:52.371+0900] {Naver_News_Collect.py:118} INFO - 접속완료
[2024-02-16T15:15:53.445+0900] {Naver_News_Collect.py:121} INFO - 38 Start
[2024-02-16T15:16:16.289+0900] {Naver_News_Collect.py:157} INFO - 39 End
[2024-02-16T15:16:19.293+0900] {logger.py:11} INFO - ====== WebDriver manager ======
[2024-02-16T15:16:19.384+0900] {logger.py:11} INFO - Get LATEST chromedriver version for google-chrome
[2024-02-16T15:16:19.466+0900] {logger.py:11} INFO - Get LATEST chromedriver version for google-chrome
[2024-02-16T15:16:19.549+0900] {logger.py:11} INFO - Driver [/home/ubuntu/.wdm/drivers/chromedriver/linux64/121.0.6167.85/chromedriver-linux64/chromedriver] found in cache
[2024-02-16T15:16:20.239+0900] {Naver_News_Collect.py:118} INFO - 접속완료
[2024-02-16T15:16:50.331+0900] {Naver_News_Collect.py:121} INFO - 39 Start
[2024-02-16T15:17:00.430+0900] {Naver_News_Collect.py:157} INFO - 39 End
[2024-02-16T15:17:03.434+0900] {logger.py:11} INFO - ====== WebDriver manager ======
[2024-02-16T15:17:03.523+0900] {logger.py:11} INFO - Get LATEST chromedriver version for google-chrome
[2024-02-16T15:17:03.608+0900] {logger.py:11} INFO - Get LATEST chromedriver version for google-chrome
[2024-02-16T15:17:03.691+0900] {logger.py:11} INFO - Driver [/home/ubuntu/.wdm/drivers/chromedriver/linux64/121.0.6167.85/chromedriver-linux64/chromedriver] found in cache
[2024-02-16T15:17:04.376+0900] {Naver_News_Collect.py:118} INFO - 접속완료
[2024-02-16T15:17:05.383+0900] {Naver_News_Collect.py:121} INFO - 39 Start
[2024-02-16T15:17:28.575+0900] {Naver_News_Collect.py:157} INFO - 40 End
[2024-02-16T15:17:31.579+0900] {logger.py:11} INFO - ====== WebDriver manager ======
[2024-02-16T15:17:31.668+0900] {logger.py:11} INFO - Get LATEST chromedriver version for google-chrome
[2024-02-16T15:17:31.753+0900] {logger.py:11} INFO - Get LATEST chromedriver version for google-chrome
[2024-02-16T15:17:31.835+0900] {logger.py:11} INFO - Driver [/home/ubuntu/.wdm/drivers/chromedriver/linux64/121.0.6167.85/chromedriver-linux64/chromedriver] found in cache
[2024-02-16T15:17:32.513+0900] {Naver_News_Collect.py:118} INFO - 접속완료
[2024-02-16T15:17:33.408+0900] {Naver_News_Collect.py:121} INFO - 40 Start
[2024-02-16T15:17:56.259+0900] {Naver_News_Collect.py:157} INFO - 41 End
[2024-02-16T15:17:59.262+0900] {logger.py:11} INFO - ====== WebDriver manager ======
[2024-02-16T15:17:59.353+0900] {logger.py:11} INFO - Get LATEST chromedriver version for google-chrome
[2024-02-16T15:17:59.439+0900] {logger.py:11} INFO - Get LATEST chromedriver version for google-chrome
[2024-02-16T15:17:59.522+0900] {logger.py:11} INFO - Driver [/home/ubuntu/.wdm/drivers/chromedriver/linux64/121.0.6167.85/chromedriver-linux64/chromedriver] found in cache
[2024-02-16T15:18:00.206+0900] {Naver_News_Collect.py:118} INFO - 접속완료
[2024-02-16T15:18:01.434+0900] {Naver_News_Collect.py:121} INFO - 41 Start
[2024-02-16T15:18:24.012+0900] {Naver_News_Collect.py:157} INFO - 42 End
[2024-02-16T15:18:26.014+0900] {logger.py:11} INFO - ====== WebDriver manager ======
[2024-02-16T15:18:26.105+0900] {logger.py:11} INFO - Get LATEST chromedriver version for google-chrome
[2024-02-16T15:18:26.188+0900] {logger.py:11} INFO - Get LATEST chromedriver version for google-chrome
[2024-02-16T15:18:26.271+0900] {logger.py:11} INFO - Driver [/home/ubuntu/.wdm/drivers/chromedriver/linux64/121.0.6167.85/chromedriver-linux64/chromedriver] found in cache
[2024-02-16T15:18:26.972+0900] {Naver_News_Collect.py:118} INFO - 접속완료
[2024-02-16T15:18:57.054+0900] {Naver_News_Collect.py:121} INFO - 42 Start
[2024-02-16T15:19:07.119+0900] {Naver_News_Collect.py:157} INFO - 42 End
[2024-02-16T15:19:10.122+0900] {logger.py:11} INFO - ====== WebDriver manager ======
[2024-02-16T15:19:10.213+0900] {logger.py:11} INFO - Get LATEST chromedriver version for google-chrome
[2024-02-16T15:19:10.297+0900] {logger.py:11} INFO - Get LATEST chromedriver version for google-chrome
[2024-02-16T15:19:10.379+0900] {logger.py:11} INFO - Driver [/home/ubuntu/.wdm/drivers/chromedriver/linux64/121.0.6167.85/chromedriver-linux64/chromedriver] found in cache
[2024-02-16T15:19:11.056+0900] {Naver_News_Collect.py:118} INFO - 접속완료
[2024-02-16T15:19:12.299+0900] {Naver_News_Collect.py:121} INFO - 42 Start
[2024-02-16T15:19:35.458+0900] {Naver_News_Collect.py:157} INFO - 43 End
[2024-02-16T15:19:37.459+0900] {logger.py:11} INFO - ====== WebDriver manager ======
[2024-02-16T15:19:37.553+0900] {logger.py:11} INFO - Get LATEST chromedriver version for google-chrome
[2024-02-16T15:19:37.639+0900] {logger.py:11} INFO - Get LATEST chromedriver version for google-chrome
[2024-02-16T15:19:37.723+0900] {logger.py:11} INFO - Driver [/home/ubuntu/.wdm/drivers/chromedriver/linux64/121.0.6167.85/chromedriver-linux64/chromedriver] found in cache
[2024-02-16T15:19:38.402+0900] {Naver_News_Collect.py:118} INFO - 접속완료
[2024-02-16T15:19:39.630+0900] {Naver_News_Collect.py:121} INFO - 43 Start
[2024-02-16T15:20:02.810+0900] {Naver_News_Collect.py:157} INFO - 44 End
[2024-02-16T15:20:04.813+0900] {logger.py:11} INFO - ====== WebDriver manager ======
[2024-02-16T15:20:04.904+0900] {logger.py:11} INFO - Get LATEST chromedriver version for google-chrome
[2024-02-16T15:20:04.988+0900] {logger.py:11} INFO - Get LATEST chromedriver version for google-chrome
[2024-02-16T15:20:05.070+0900] {logger.py:11} INFO - Driver [/home/ubuntu/.wdm/drivers/chromedriver/linux64/121.0.6167.85/chromedriver-linux64/chromedriver] found in cache
[2024-02-16T15:20:05.763+0900] {Naver_News_Collect.py:118} INFO - 접속완료
[2024-02-16T15:20:06.971+0900] {Naver_News_Collect.py:121} INFO - 44 Start
[2024-02-16T15:20:30.081+0900] {Naver_News_Collect.py:157} INFO - 45 End
[2024-02-16T15:20:33.081+0900] {logger.py:11} INFO - ====== WebDriver manager ======
[2024-02-16T15:20:33.171+0900] {logger.py:11} INFO - Get LATEST chromedriver version for google-chrome
[2024-02-16T15:20:33.256+0900] {logger.py:11} INFO - Get LATEST chromedriver version for google-chrome
[2024-02-16T15:20:33.341+0900] {logger.py:11} INFO - Driver [/home/ubuntu/.wdm/drivers/chromedriver/linux64/121.0.6167.85/chromedriver-linux64/chromedriver] found in cache
[2024-02-16T15:20:34.029+0900] {Naver_News_Collect.py:118} INFO - 접속완료
[2024-02-16T15:21:04.120+0900] {Naver_News_Collect.py:121} INFO - 45 Start
[2024-02-16T15:21:14.236+0900] {Naver_News_Collect.py:157} INFO - 45 End
[2024-02-16T15:21:17.239+0900] {logger.py:11} INFO - ====== WebDriver manager ======
[2024-02-16T15:21:17.332+0900] {logger.py:11} INFO - Get LATEST chromedriver version for google-chrome
[2024-02-16T15:21:17.416+0900] {logger.py:11} INFO - Get LATEST chromedriver version for google-chrome
[2024-02-16T15:21:17.509+0900] {logger.py:11} INFO - Driver [/home/ubuntu/.wdm/drivers/chromedriver/linux64/121.0.6167.85/chromedriver-linux64/chromedriver] found in cache
[2024-02-16T15:21:18.191+0900] {Naver_News_Collect.py:118} INFO - 접속완료
[2024-02-16T15:21:19.507+0900] {Naver_News_Collect.py:121} INFO - 45 Start
[2024-02-16T15:21:42.488+0900] {Naver_News_Collect.py:157} INFO - 46 End
[2024-02-16T15:21:44.491+0900] {logger.py:11} INFO - ====== WebDriver manager ======
[2024-02-16T15:21:44.582+0900] {logger.py:11} INFO - Get LATEST chromedriver version for google-chrome
[2024-02-16T15:21:44.665+0900] {logger.py:11} INFO - Get LATEST chromedriver version for google-chrome
[2024-02-16T15:21:44.750+0900] {logger.py:11} INFO - Driver [/home/ubuntu/.wdm/drivers/chromedriver/linux64/121.0.6167.85/chromedriver-linux64/chromedriver] found in cache
[2024-02-16T15:21:45.435+0900] {Naver_News_Collect.py:118} INFO - 접속완료
[2024-02-16T15:21:46.628+0900] {Naver_News_Collect.py:121} INFO - 46 Start
[2024-02-16T15:22:09.888+0900] {Naver_News_Collect.py:157} INFO - 47 End
[2024-02-16T15:22:12.892+0900] {logger.py:11} INFO - ====== WebDriver manager ======
[2024-02-16T15:22:12.984+0900] {logger.py:11} INFO - Get LATEST chromedriver version for google-chrome
[2024-02-16T15:22:13.072+0900] {logger.py:11} INFO - Get LATEST chromedriver version for google-chrome
[2024-02-16T15:22:13.156+0900] {logger.py:11} INFO - Driver [/home/ubuntu/.wdm/drivers/chromedriver/linux64/121.0.6167.85/chromedriver-linux64/chromedriver] found in cache
[2024-02-16T15:22:13.833+0900] {Naver_News_Collect.py:118} INFO - 접속완료
[2024-02-16T15:22:43.925+0900] {Naver_News_Collect.py:121} INFO - 47 Start
[2024-02-16T15:22:54.001+0900] {Naver_News_Collect.py:157} INFO - 47 End
[2024-02-16T15:22:56.004+0900] {logger.py:11} INFO - ====== WebDriver manager ======
[2024-02-16T15:22:56.095+0900] {logger.py:11} INFO - Get LATEST chromedriver version for google-chrome
[2024-02-16T15:22:56.179+0900] {logger.py:11} INFO - Get LATEST chromedriver version for google-chrome
[2024-02-16T15:22:56.262+0900] {logger.py:11} INFO - Driver [/home/ubuntu/.wdm/drivers/chromedriver/linux64/121.0.6167.85/chromedriver-linux64/chromedriver] found in cache
[2024-02-16T15:22:56.940+0900] {Naver_News_Collect.py:118} INFO - 접속완료
[2024-02-16T15:22:58.345+0900] {Naver_News_Collect.py:121} INFO - 47 Start
[2024-02-16T15:23:11.412+0900] {Naver_News_Collect.py:157} INFO - 48 End
[2024-02-16T15:23:14.416+0900] {logger.py:11} INFO - ====== WebDriver manager ======
[2024-02-16T15:23:14.509+0900] {logger.py:11} INFO - Get LATEST chromedriver version for google-chrome
[2024-02-16T15:23:14.595+0900] {logger.py:11} INFO - Get LATEST chromedriver version for google-chrome
[2024-02-16T15:23:14.677+0900] {logger.py:11} INFO - Driver [/home/ubuntu/.wdm/drivers/chromedriver/linux64/121.0.6167.85/chromedriver-linux64/chromedriver] found in cache
[2024-02-16T15:23:15.358+0900] {Naver_News_Collect.py:118} INFO - 접속완료
[2024-02-16T15:23:16.775+0900] {Naver_News_Collect.py:121} INFO - 48 Start
[2024-02-16T15:23:39.713+0900] {Naver_News_Collect.py:157} INFO - 49 End
[2024-02-16T15:23:41.716+0900] {logger.py:11} INFO - ====== WebDriver manager ======
[2024-02-16T15:23:41.806+0900] {logger.py:11} INFO - Get LATEST chromedriver version for google-chrome
[2024-02-16T15:23:41.890+0900] {logger.py:11} INFO - Get LATEST chromedriver version for google-chrome
[2024-02-16T15:23:41.974+0900] {logger.py:11} INFO - Driver [/home/ubuntu/.wdm/drivers/chromedriver/linux64/121.0.6167.85/chromedriver-linux64/chromedriver] found in cache
[2024-02-16T15:23:42.657+0900] {Naver_News_Collect.py:118} INFO - 접속완료
[2024-02-16T15:23:43.800+0900] {Naver_News_Collect.py:121} INFO - 49 Start
[2024-02-16T15:24:17.431+0900] {Naver_News_Collect.py:157} INFO - 50 End
[2024-02-16T15:24:19.434+0900] {logger.py:11} INFO - ====== WebDriver manager ======
[2024-02-16T15:24:19.527+0900] {logger.py:11} INFO - Get LATEST chromedriver version for google-chrome
[2024-02-16T15:24:19.609+0900] {logger.py:11} INFO - Get LATEST chromedriver version for google-chrome
[2024-02-16T15:24:19.693+0900] {logger.py:11} INFO - Driver [/home/ubuntu/.wdm/drivers/chromedriver/linux64/121.0.6167.85/chromedriver-linux64/chromedriver] found in cache
[2024-02-16T15:24:20.379+0900] {Naver_News_Collect.py:118} INFO - 접속완료
[2024-02-16T15:24:21.492+0900] {Naver_News_Collect.py:121} INFO - 50 Start
[2024-02-16T15:24:44.673+0900] {Naver_News_Collect.py:157} INFO - 51 End
[2024-02-16T15:24:47.676+0900] {logger.py:11} INFO - ====== WebDriver manager ======
[2024-02-16T15:24:47.767+0900] {logger.py:11} INFO - Get LATEST chromedriver version for google-chrome
[2024-02-16T15:24:47.852+0900] {logger.py:11} INFO - Get LATEST chromedriver version for google-chrome
[2024-02-16T15:24:47.949+0900] {logger.py:11} INFO - Driver [/home/ubuntu/.wdm/drivers/chromedriver/linux64/121.0.6167.85/chromedriver-linux64/chromedriver] found in cache
[2024-02-16T15:24:48.631+0900] {Naver_News_Collect.py:118} INFO - 접속완료
[2024-02-16T15:24:49.801+0900] {Naver_News_Collect.py:121} INFO - 51 Start
[2024-02-16T15:25:03.249+0900] {Naver_News_Collect.py:157} INFO - 52 End
[2024-02-16T15:25:06.253+0900] {logger.py:11} INFO - ====== WebDriver manager ======
[2024-02-16T15:25:06.348+0900] {logger.py:11} INFO - Get LATEST chromedriver version for google-chrome
[2024-02-16T15:25:06.434+0900] {logger.py:11} INFO - Get LATEST chromedriver version for google-chrome
[2024-02-16T15:25:06.520+0900] {logger.py:11} INFO - Driver [/home/ubuntu/.wdm/drivers/chromedriver/linux64/121.0.6167.85/chromedriver-linux64/chromedriver] found in cache
[2024-02-16T15:25:07.240+0900] {Naver_News_Collect.py:118} INFO - 접속완료
[2024-02-16T15:25:08.471+0900] {Naver_News_Collect.py:121} INFO - 52 Start
[2024-02-16T15:25:21.438+0900] {Naver_News_Collect.py:157} INFO - 53 End
[2024-02-16T15:25:23.441+0900] {logger.py:11} INFO - ====== WebDriver manager ======
[2024-02-16T15:25:23.531+0900] {logger.py:11} INFO - Get LATEST chromedriver version for google-chrome
[2024-02-16T15:25:23.614+0900] {logger.py:11} INFO - Get LATEST chromedriver version for google-chrome
[2024-02-16T15:25:23.696+0900] {logger.py:11} INFO - Driver [/home/ubuntu/.wdm/drivers/chromedriver/linux64/121.0.6167.85/chromedriver-linux64/chromedriver] found in cache
[2024-02-16T15:25:24.386+0900] {Naver_News_Collect.py:118} INFO - 접속완료
[2024-02-16T15:25:25.582+0900] {Naver_News_Collect.py:121} INFO - 53 Start
[2024-02-16T15:25:38.917+0900] {Naver_News_Collect.py:157} INFO - 54 End
[2024-02-16T15:25:40.919+0900] {logger.py:11} INFO - ====== WebDriver manager ======
[2024-02-16T15:25:41.010+0900] {logger.py:11} INFO - Get LATEST chromedriver version for google-chrome
[2024-02-16T15:25:41.095+0900] {logger.py:11} INFO - Get LATEST chromedriver version for google-chrome
[2024-02-16T15:25:41.178+0900] {logger.py:11} INFO - Driver [/home/ubuntu/.wdm/drivers/chromedriver/linux64/121.0.6167.85/chromedriver-linux64/chromedriver] found in cache
[2024-02-16T15:25:41.872+0900] {Naver_News_Collect.py:118} INFO - 접속완료
[2024-02-16T15:25:43.220+0900] {Naver_News_Collect.py:121} INFO - 54 Start
[2024-02-16T15:27:02.746+0900] {Naver_News_Collect.py:157} INFO - 55 End
[2024-02-16T15:27:05.749+0900] {logger.py:11} INFO - ====== WebDriver manager ======
[2024-02-16T15:27:05.841+0900] {logger.py:11} INFO - Get LATEST chromedriver version for google-chrome
[2024-02-16T15:27:05.925+0900] {logger.py:11} INFO - Get LATEST chromedriver version for google-chrome
[2024-02-16T15:27:06.009+0900] {logger.py:11} INFO - Driver [/home/ubuntu/.wdm/drivers/chromedriver/linux64/121.0.6167.85/chromedriver-linux64/chromedriver] found in cache
[2024-02-16T15:27:06.693+0900] {Naver_News_Collect.py:118} INFO - 접속완료
[2024-02-16T15:27:07.878+0900] {Naver_News_Collect.py:121} INFO - 55 Start
[2024-02-16T15:27:30.976+0900] {Naver_News_Collect.py:157} INFO - 56 End
[2024-02-16T15:27:32.978+0900] {logger.py:11} INFO - ====== WebDriver manager ======
[2024-02-16T15:27:33.069+0900] {logger.py:11} INFO - Get LATEST chromedriver version for google-chrome
[2024-02-16T15:27:33.152+0900] {logger.py:11} INFO - Get LATEST chromedriver version for google-chrome
[2024-02-16T15:27:33.236+0900] {logger.py:11} INFO - Driver [/home/ubuntu/.wdm/drivers/chromedriver/linux64/121.0.6167.85/chromedriver-linux64/chromedriver] found in cache
[2024-02-16T15:27:33.916+0900] {Naver_News_Collect.py:118} INFO - 접속완료
[2024-02-16T15:27:35.101+0900] {Naver_News_Collect.py:121} INFO - 56 Start
[2024-02-16T15:27:48.368+0900] {Naver_News_Collect.py:157} INFO - 57 End
[2024-02-16T15:27:51.372+0900] {logger.py:11} INFO - ====== WebDriver manager ======
[2024-02-16T15:27:51.464+0900] {logger.py:11} INFO - Get LATEST chromedriver version for google-chrome
[2024-02-16T15:27:51.549+0900] {logger.py:11} INFO - Get LATEST chromedriver version for google-chrome
[2024-02-16T15:27:51.631+0900] {logger.py:11} INFO - Driver [/home/ubuntu/.wdm/drivers/chromedriver/linux64/121.0.6167.85/chromedriver-linux64/chromedriver] found in cache
[2024-02-16T15:27:52.318+0900] {Naver_News_Collect.py:118} INFO - 접속완료
[2024-02-16T15:27:53.593+0900] {Naver_News_Collect.py:121} INFO - 57 Start
[2024-02-16T15:28:17.187+0900] {Naver_News_Collect.py:157} INFO - 58 End
[2024-02-16T15:28:20.190+0900] {logger.py:11} INFO - ====== WebDriver manager ======
[2024-02-16T15:28:20.283+0900] {logger.py:11} INFO - Get LATEST chromedriver version for google-chrome
[2024-02-16T15:28:20.367+0900] {logger.py:11} INFO - Get LATEST chromedriver version for google-chrome
[2024-02-16T15:28:20.451+0900] {logger.py:11} INFO - Driver [/home/ubuntu/.wdm/drivers/chromedriver/linux64/121.0.6167.85/chromedriver-linux64/chromedriver] found in cache
[2024-02-16T15:28:21.129+0900] {Naver_News_Collect.py:118} INFO - 접속완료
[2024-02-16T15:28:22.485+0900] {Naver_News_Collect.py:121} INFO - 58 Start
[2024-02-16T15:28:36.301+0900] {Naver_News_Collect.py:157} INFO - 59 End
[2024-02-16T15:28:38.304+0900] {logger.py:11} INFO - ====== WebDriver manager ======
[2024-02-16T15:28:38.394+0900] {logger.py:11} INFO - Get LATEST chromedriver version for google-chrome
[2024-02-16T15:28:38.481+0900] {logger.py:11} INFO - Get LATEST chromedriver version for google-chrome
[2024-02-16T15:28:38.565+0900] {logger.py:11} INFO - Driver [/home/ubuntu/.wdm/drivers/chromedriver/linux64/121.0.6167.85/chromedriver-linux64/chromedriver] found in cache
[2024-02-16T15:28:39.249+0900] {Naver_News_Collect.py:118} INFO - 접속완료
[2024-02-16T15:28:40.369+0900] {Naver_News_Collect.py:121} INFO - 59 Start
[2024-02-16T15:28:53.603+0900] {Naver_News_Collect.py:157} INFO - 60 End
[2024-02-16T15:28:56.605+0900] {logger.py:11} INFO - ====== WebDriver manager ======
[2024-02-16T15:28:56.696+0900] {logger.py:11} INFO - Get LATEST chromedriver version for google-chrome
[2024-02-16T15:28:56.779+0900] {logger.py:11} INFO - Get LATEST chromedriver version for google-chrome
[2024-02-16T15:28:56.865+0900] {logger.py:11} INFO - Driver [/home/ubuntu/.wdm/drivers/chromedriver/linux64/121.0.6167.85/chromedriver-linux64/chromedriver] found in cache
[2024-02-16T15:28:57.566+0900] {Naver_News_Collect.py:118} INFO - 접속완료
[2024-02-16T15:28:58.753+0900] {Naver_News_Collect.py:121} INFO - 60 Start
[2024-02-16T15:29:11.965+0900] {Naver_News_Collect.py:157} INFO - 61 End
[2024-02-16T15:29:13.968+0900] {logger.py:11} INFO - ====== WebDriver manager ======
[2024-02-16T15:29:14.065+0900] {logger.py:11} INFO - Get LATEST chromedriver version for google-chrome
[2024-02-16T15:29:14.148+0900] {logger.py:11} INFO - Get LATEST chromedriver version for google-chrome
[2024-02-16T15:29:14.231+0900] {logger.py:11} INFO - Driver [/home/ubuntu/.wdm/drivers/chromedriver/linux64/121.0.6167.85/chromedriver-linux64/chromedriver] found in cache
[2024-02-16T15:29:14.934+0900] {Naver_News_Collect.py:118} INFO - 접속완료
[2024-02-16T15:29:16.144+0900] {Naver_News_Collect.py:121} INFO - 61 Start
[2024-02-16T15:29:29.012+0900] {Naver_News_Collect.py:157} INFO - 62 End
[2024-02-16T15:29:32.016+0900] {logger.py:11} INFO - ====== WebDriver manager ======
[2024-02-16T15:29:32.107+0900] {logger.py:11} INFO - Get LATEST chromedriver version for google-chrome
[2024-02-16T15:29:32.193+0900] {logger.py:11} INFO - Get LATEST chromedriver version for google-chrome
[2024-02-16T15:29:32.274+0900] {logger.py:11} INFO - Driver [/home/ubuntu/.wdm/drivers/chromedriver/linux64/121.0.6167.85/chromedriver-linux64/chromedriver] found in cache
[2024-02-16T15:29:32.958+0900] {Naver_News_Collect.py:118} INFO - 접속완료
[2024-02-16T15:29:34.189+0900] {Naver_News_Collect.py:121} INFO - 62 Start
[2024-02-16T15:29:56.762+0900] {Naver_News_Collect.py:157} INFO - 63 End
[2024-02-16T15:29:58.765+0900] {logger.py:11} INFO - ====== WebDriver manager ======
[2024-02-16T15:29:58.857+0900] {logger.py:11} INFO - Get LATEST chromedriver version for google-chrome
[2024-02-16T15:29:58.941+0900] {logger.py:11} INFO - Get LATEST chromedriver version for google-chrome
[2024-02-16T15:29:59.022+0900] {logger.py:11} INFO - Driver [/home/ubuntu/.wdm/drivers/chromedriver/linux64/121.0.6167.85/chromedriver-linux64/chromedriver] found in cache
[2024-02-16T15:29:59.758+0900] {Naver_News_Collect.py:118} INFO - 접속완료
[2024-02-16T15:30:01.058+0900] {Naver_News_Collect.py:121} INFO - 63 Start
[2024-02-16T15:30:13.752+0900] {Naver_News_Collect.py:157} INFO - 64 End
[2024-02-16T15:30:16.753+0900] {logger.py:11} INFO - ====== WebDriver manager ======
[2024-02-16T15:30:16.849+0900] {logger.py:11} INFO - Get LATEST chromedriver version for google-chrome
[2024-02-16T15:30:16.933+0900] {logger.py:11} INFO - Get LATEST chromedriver version for google-chrome
[2024-02-16T15:30:17.015+0900] {logger.py:11} INFO - Driver [/home/ubuntu/.wdm/drivers/chromedriver/linux64/121.0.6167.85/chromedriver-linux64/chromedriver] found in cache
[2024-02-16T15:30:17.705+0900] {Naver_News_Collect.py:118} INFO - 접속완료
[2024-02-16T15:30:19.055+0900] {Naver_News_Collect.py:121} INFO - 64 Start
[2024-02-16T15:30:41.659+0900] {Naver_News_Collect.py:157} INFO - 65 End
[2024-02-16T15:30:44.663+0900] {logger.py:11} INFO - ====== WebDriver manager ======
[2024-02-16T15:30:44.757+0900] {logger.py:11} INFO - Get LATEST chromedriver version for google-chrome
[2024-02-16T15:30:44.841+0900] {logger.py:11} INFO - Get LATEST chromedriver version for google-chrome
[2024-02-16T15:30:44.924+0900] {logger.py:11} INFO - Driver [/home/ubuntu/.wdm/drivers/chromedriver/linux64/121.0.6167.85/chromedriver-linux64/chromedriver] found in cache
[2024-02-16T15:30:45.607+0900] {Naver_News_Collect.py:118} INFO - 접속완료
[2024-02-16T15:30:46.980+0900] {Naver_News_Collect.py:121} INFO - 65 Start
[2024-02-16T15:31:10.098+0900] {Naver_News_Collect.py:157} INFO - 66 End
[2024-02-16T15:31:13.102+0900] {logger.py:11} INFO - ====== WebDriver manager ======
[2024-02-16T15:31:13.194+0900] {logger.py:11} INFO - Get LATEST chromedriver version for google-chrome
[2024-02-16T15:31:13.277+0900] {logger.py:11} INFO - Get LATEST chromedriver version for google-chrome
[2024-02-16T15:31:13.361+0900] {logger.py:11} INFO - Driver [/home/ubuntu/.wdm/drivers/chromedriver/linux64/121.0.6167.85/chromedriver-linux64/chromedriver] found in cache
[2024-02-16T15:31:14.049+0900] {Naver_News_Collect.py:118} INFO - 접속완료
[2024-02-16T15:31:44.140+0900] {Naver_News_Collect.py:121} INFO - 66 Start
[2024-02-16T15:31:54.260+0900] {Naver_News_Collect.py:157} INFO - 66 End
[2024-02-16T15:31:57.264+0900] {logger.py:11} INFO - ====== WebDriver manager ======
[2024-02-16T15:31:57.354+0900] {logger.py:11} INFO - Get LATEST chromedriver version for google-chrome
[2024-02-16T15:31:57.439+0900] {logger.py:11} INFO - Get LATEST chromedriver version for google-chrome
[2024-02-16T15:31:57.522+0900] {logger.py:11} INFO - Driver [/home/ubuntu/.wdm/drivers/chromedriver/linux64/121.0.6167.85/chromedriver-linux64/chromedriver] found in cache
[2024-02-16T15:31:58.206+0900] {Naver_News_Collect.py:118} INFO - 접속완료
[2024-02-16T15:32:28.290+0900] {Naver_News_Collect.py:121} INFO - 66 Start
[2024-02-16T15:32:38.398+0900] {Naver_News_Collect.py:157} INFO - 66 End
[2024-02-16T15:32:40.401+0900] {logger.py:11} INFO - ====== WebDriver manager ======
[2024-02-16T15:32:40.492+0900] {logger.py:11} INFO - Get LATEST chromedriver version for google-chrome
[2024-02-16T15:32:40.576+0900] {logger.py:11} INFO - Get LATEST chromedriver version for google-chrome
[2024-02-16T15:32:40.660+0900] {logger.py:11} INFO - Driver [/home/ubuntu/.wdm/drivers/chromedriver/linux64/121.0.6167.85/chromedriver-linux64/chromedriver] found in cache
[2024-02-16T15:32:41.356+0900] {Naver_News_Collect.py:118} INFO - 접속완료
[2024-02-16T15:32:42.469+0900] {Naver_News_Collect.py:121} INFO - 66 Start
[2024-02-16T15:33:05.492+0900] {Naver_News_Collect.py:157} INFO - 67 End
[2024-02-16T15:33:07.495+0900] {logger.py:11} INFO - ====== WebDriver manager ======
[2024-02-16T15:33:07.586+0900] {logger.py:11} INFO - Get LATEST chromedriver version for google-chrome
[2024-02-16T15:33:07.669+0900] {logger.py:11} INFO - Get LATEST chromedriver version for google-chrome
[2024-02-16T15:33:07.751+0900] {logger.py:11} INFO - Driver [/home/ubuntu/.wdm/drivers/chromedriver/linux64/121.0.6167.85/chromedriver-linux64/chromedriver] found in cache
[2024-02-16T15:33:08.433+0900] {Naver_News_Collect.py:118} INFO - 접속완료
[2024-02-16T15:33:09.457+0900] {Naver_News_Collect.py:121} INFO - 67 Start
[2024-02-16T15:33:22.787+0900] {Naver_News_Collect.py:157} INFO - 68 End
[2024-02-16T15:33:24.790+0900] {logger.py:11} INFO - ====== WebDriver manager ======
[2024-02-16T15:33:24.882+0900] {logger.py:11} INFO - Get LATEST chromedriver version for google-chrome
[2024-02-16T15:33:24.968+0900] {logger.py:11} INFO - Get LATEST chromedriver version for google-chrome
[2024-02-16T15:33:25.051+0900] {logger.py:11} INFO - Driver [/home/ubuntu/.wdm/drivers/chromedriver/linux64/121.0.6167.85/chromedriver-linux64/chromedriver] found in cache
[2024-02-16T15:33:25.751+0900] {Naver_News_Collect.py:118} INFO - 접속완료
[2024-02-16T15:33:26.800+0900] {Naver_News_Collect.py:121} INFO - 68 Start
[2024-02-16T15:33:40.053+0900] {Naver_News_Collect.py:157} INFO - 69 End
[2024-02-16T15:33:43.056+0900] {logger.py:11} INFO - ====== WebDriver manager ======
[2024-02-16T15:33:43.146+0900] {logger.py:11} INFO - Get LATEST chromedriver version for google-chrome
[2024-02-16T15:33:43.227+0900] {logger.py:11} INFO - Get LATEST chromedriver version for google-chrome
[2024-02-16T15:33:43.310+0900] {logger.py:11} INFO - Driver [/home/ubuntu/.wdm/drivers/chromedriver/linux64/121.0.6167.85/chromedriver-linux64/chromedriver] found in cache
[2024-02-16T15:33:44.042+0900] {Naver_News_Collect.py:118} INFO - 접속완료
[2024-02-16T15:33:45.054+0900] {Naver_News_Collect.py:121} INFO - 69 Start
[2024-02-16T15:33:58.258+0900] {Naver_News_Collect.py:157} INFO - 70 End
[2024-02-16T15:34:00.261+0900] {logger.py:11} INFO - ====== WebDriver manager ======
[2024-02-16T15:34:00.352+0900] {logger.py:11} INFO - Get LATEST chromedriver version for google-chrome
[2024-02-16T15:34:00.436+0900] {logger.py:11} INFO - Get LATEST chromedriver version for google-chrome
[2024-02-16T15:34:00.520+0900] {logger.py:11} INFO - Driver [/home/ubuntu/.wdm/drivers/chromedriver/linux64/121.0.6167.85/chromedriver-linux64/chromedriver] found in cache
[2024-02-16T15:34:01.197+0900] {Naver_News_Collect.py:118} INFO - 접속완료
[2024-02-16T15:34:02.213+0900] {Naver_News_Collect.py:121} INFO - 70 Start
[2024-02-16T15:34:25.300+0900] {Naver_News_Collect.py:157} INFO - 71 End
[2024-02-16T15:34:28.303+0900] {logger.py:11} INFO - ====== WebDriver manager ======
[2024-02-16T15:34:28.392+0900] {logger.py:11} INFO - Get LATEST chromedriver version for google-chrome
[2024-02-16T15:34:28.476+0900] {logger.py:11} INFO - Get LATEST chromedriver version for google-chrome
[2024-02-16T15:34:28.559+0900] {logger.py:11} INFO - Driver [/home/ubuntu/.wdm/drivers/chromedriver/linux64/121.0.6167.85/chromedriver-linux64/chromedriver] found in cache
[2024-02-16T15:34:29.241+0900] {Naver_News_Collect.py:118} INFO - 접속완료
[2024-02-16T15:34:29.971+0900] {Naver_News_Collect.py:121} INFO - 71 Start
[2024-02-16T15:34:52.657+0900] {Naver_News_Collect.py:157} INFO - 72 End
[2024-02-16T15:34:55.661+0900] {logger.py:11} INFO - ====== WebDriver manager ======
[2024-02-16T15:34:55.753+0900] {logger.py:11} INFO - Get LATEST chromedriver version for google-chrome
[2024-02-16T15:34:55.837+0900] {logger.py:11} INFO - Get LATEST chromedriver version for google-chrome
[2024-02-16T15:34:55.921+0900] {logger.py:11} INFO - Driver [/home/ubuntu/.wdm/drivers/chromedriver/linux64/121.0.6167.85/chromedriver-linux64/chromedriver] found in cache
[2024-02-16T15:34:56.602+0900] {Naver_News_Collect.py:118} INFO - 접속완료
[2024-02-16T15:34:57.619+0900] {Naver_News_Collect.py:121} INFO - 72 Start
[2024-02-16T15:35:10.894+0900] {Naver_News_Collect.py:157} INFO - 73 End
[2024-02-16T15:35:12.897+0900] {logger.py:11} INFO - ====== WebDriver manager ======
[2024-02-16T15:35:12.990+0900] {logger.py:11} INFO - Get LATEST chromedriver version for google-chrome
[2024-02-16T15:35:13.079+0900] {logger.py:11} INFO - Get LATEST chromedriver version for google-chrome
[2024-02-16T15:35:13.163+0900] {logger.py:11} INFO - Driver [/home/ubuntu/.wdm/drivers/chromedriver/linux64/121.0.6167.85/chromedriver-linux64/chromedriver] found in cache
[2024-02-16T15:35:13.840+0900] {Naver_News_Collect.py:118} INFO - 접속완료
[2024-02-16T15:35:14.832+0900] {Naver_News_Collect.py:121} INFO - 73 Start
[2024-02-16T15:35:28.397+0900] {Naver_News_Collect.py:157} INFO - 74 End
[2024-02-16T15:35:30.397+0900] {logger.py:11} INFO - ====== WebDriver manager ======
[2024-02-16T15:35:30.489+0900] {logger.py:11} INFO - Get LATEST chromedriver version for google-chrome
[2024-02-16T15:35:30.575+0900] {logger.py:11} INFO - Get LATEST chromedriver version for google-chrome
[2024-02-16T15:35:30.659+0900] {logger.py:11} INFO - Driver [/home/ubuntu/.wdm/drivers/chromedriver/linux64/121.0.6167.85/chromedriver-linux64/chromedriver] found in cache
[2024-02-16T15:35:31.368+0900] {Naver_News_Collect.py:118} INFO - 접속완료
[2024-02-16T15:35:32.509+0900] {Naver_News_Collect.py:121} INFO - 74 Start
[2024-02-16T15:35:56.295+0900] {Naver_News_Collect.py:157} INFO - 75 End
[2024-02-16T15:35:59.299+0900] {logger.py:11} INFO - ====== WebDriver manager ======
[2024-02-16T15:35:59.391+0900] {logger.py:11} INFO - Get LATEST chromedriver version for google-chrome
[2024-02-16T15:35:59.474+0900] {logger.py:11} INFO - Get LATEST chromedriver version for google-chrome
[2024-02-16T15:35:59.558+0900] {logger.py:11} INFO - Driver [/home/ubuntu/.wdm/drivers/chromedriver/linux64/121.0.6167.85/chromedriver-linux64/chromedriver] found in cache
[2024-02-16T15:36:00.236+0900] {Naver_News_Collect.py:118} INFO - 접속완료
[2024-02-16T15:36:01.413+0900] {Naver_News_Collect.py:121} INFO - 75 Start
[2024-02-16T15:36:23.900+0900] {Naver_News_Collect.py:157} INFO - 76 End
[2024-02-16T15:36:25.903+0900] {logger.py:11} INFO - ====== WebDriver manager ======
[2024-02-16T15:36:25.993+0900] {logger.py:11} INFO - Get LATEST chromedriver version for google-chrome
[2024-02-16T15:36:26.076+0900] {logger.py:11} INFO - Get LATEST chromedriver version for google-chrome
[2024-02-16T15:36:26.159+0900] {logger.py:11} INFO - Driver [/home/ubuntu/.wdm/drivers/chromedriver/linux64/121.0.6167.85/chromedriver-linux64/chromedriver] found in cache
[2024-02-16T15:36:26.851+0900] {Naver_News_Collect.py:118} INFO - 접속완료
[2024-02-16T15:36:27.920+0900] {Naver_News_Collect.py:121} INFO - 76 Start
[2024-02-16T15:36:42.111+0900] {Naver_News_Collect.py:157} INFO - 77 End
[2024-02-16T15:36:44.113+0900] {logger.py:11} INFO - ====== WebDriver manager ======
[2024-02-16T15:36:44.205+0900] {logger.py:11} INFO - Get LATEST chromedriver version for google-chrome
[2024-02-16T15:36:44.289+0900] {logger.py:11} INFO - Get LATEST chromedriver version for google-chrome
[2024-02-16T15:36:44.371+0900] {logger.py:11} INFO - Driver [/home/ubuntu/.wdm/drivers/chromedriver/linux64/121.0.6167.85/chromedriver-linux64/chromedriver] found in cache
[2024-02-16T15:36:45.049+0900] {Naver_News_Collect.py:118} INFO - 접속완료
[2024-02-16T15:37:15.142+0900] {Naver_News_Collect.py:121} INFO - 77 Start
[2024-02-16T15:37:25.258+0900] {Naver_News_Collect.py:157} INFO - 77 End
[2024-02-16T15:37:28.262+0900] {logger.py:11} INFO - ====== WebDriver manager ======
[2024-02-16T15:37:28.352+0900] {logger.py:11} INFO - Get LATEST chromedriver version for google-chrome
[2024-02-16T15:37:28.435+0900] {logger.py:11} INFO - Get LATEST chromedriver version for google-chrome
[2024-02-16T15:37:28.518+0900] {logger.py:11} INFO - Driver [/home/ubuntu/.wdm/drivers/chromedriver/linux64/121.0.6167.85/chromedriver-linux64/chromedriver] found in cache
[2024-02-16T15:37:29.194+0900] {Naver_News_Collect.py:118} INFO - 접속완료
[2024-02-16T15:37:30.427+0900] {Naver_News_Collect.py:121} INFO - 77 Start
[2024-02-16T15:37:53.550+0900] {Naver_News_Collect.py:157} INFO - 78 End
[2024-02-16T15:37:55.552+0900] {logger.py:11} INFO - ====== WebDriver manager ======
[2024-02-16T15:37:55.642+0900] {logger.py:11} INFO - Get LATEST chromedriver version for google-chrome
[2024-02-16T15:37:55.725+0900] {logger.py:11} INFO - Get LATEST chromedriver version for google-chrome
[2024-02-16T15:37:55.808+0900] {logger.py:11} INFO - Driver [/home/ubuntu/.wdm/drivers/chromedriver/linux64/121.0.6167.85/chromedriver-linux64/chromedriver] found in cache
[2024-02-16T15:37:56.529+0900] {Naver_News_Collect.py:118} INFO - 접속완료
[2024-02-16T15:37:57.671+0900] {Naver_News_Collect.py:121} INFO - 78 Start
[2024-02-16T15:38:11.100+0900] {Naver_News_Collect.py:157} INFO - 79 End
[2024-02-16T15:38:13.101+0900] {logger.py:11} INFO - ====== WebDriver manager ======
[2024-02-16T15:38:13.194+0900] {logger.py:11} INFO - Get LATEST chromedriver version for google-chrome
[2024-02-16T15:38:13.277+0900] {logger.py:11} INFO - Get LATEST chromedriver version for google-chrome
[2024-02-16T15:38:13.359+0900] {logger.py:11} INFO - Driver [/home/ubuntu/.wdm/drivers/chromedriver/linux64/121.0.6167.85/chromedriver-linux64/chromedriver] found in cache
[2024-02-16T15:38:14.036+0900] {Naver_News_Collect.py:118} INFO - 접속완료
[2024-02-16T15:38:15.256+0900] {Naver_News_Collect.py:121} INFO - 79 Start
[2024-02-16T15:38:38.382+0900] {Naver_News_Collect.py:157} INFO - 80 End
[2024-02-16T15:38:40.384+0900] {logger.py:11} INFO - ====== WebDriver manager ======
[2024-02-16T15:38:40.474+0900] {logger.py:11} INFO - Get LATEST chromedriver version for google-chrome
[2024-02-16T15:38:40.560+0900] {logger.py:11} INFO - Get LATEST chromedriver version for google-chrome
[2024-02-16T15:38:40.643+0900] {logger.py:11} INFO - Driver [/home/ubuntu/.wdm/drivers/chromedriver/linux64/121.0.6167.85/chromedriver-linux64/chromedriver] found in cache
[2024-02-16T15:38:41.330+0900] {Naver_News_Collect.py:118} INFO - 접속완료
[2024-02-16T15:38:42.659+0900] {Naver_News_Collect.py:121} INFO - 80 Start
[2024-02-16T15:39:05.634+0900] {Naver_News_Collect.py:157} INFO - 81 End
[2024-02-16T15:39:07.637+0900] {logger.py:11} INFO - ====== WebDriver manager ======
[2024-02-16T15:39:07.731+0900] {logger.py:11} INFO - Get LATEST chromedriver version for google-chrome
[2024-02-16T15:39:07.815+0900] {logger.py:11} INFO - Get LATEST chromedriver version for google-chrome
[2024-02-16T15:39:07.899+0900] {logger.py:11} INFO - Driver [/home/ubuntu/.wdm/drivers/chromedriver/linux64/121.0.6167.85/chromedriver-linux64/chromedriver] found in cache
[2024-02-16T15:39:08.583+0900] {Naver_News_Collect.py:118} INFO - 접속완료
[2024-02-16T15:39:09.744+0900] {Naver_News_Collect.py:121} INFO - 81 Start
[2024-02-16T15:39:32.737+0900] {Naver_News_Collect.py:157} INFO - 82 End
[2024-02-16T15:39:34.740+0900] {logger.py:11} INFO - ====== WebDriver manager ======
[2024-02-16T15:39:34.830+0900] {logger.py:11} INFO - Get LATEST chromedriver version for google-chrome
[2024-02-16T15:39:34.913+0900] {logger.py:11} INFO - Get LATEST chromedriver version for google-chrome
[2024-02-16T15:39:34.995+0900] {logger.py:11} INFO - Driver [/home/ubuntu/.wdm/drivers/chromedriver/linux64/121.0.6167.85/chromedriver-linux64/chromedriver] found in cache
[2024-02-16T15:39:35.670+0900] {Naver_News_Collect.py:118} INFO - 접속완료
[2024-02-16T15:39:36.891+0900] {Naver_News_Collect.py:121} INFO - 82 Start
[2024-02-16T15:40:00.190+0900] {Naver_News_Collect.py:157} INFO - 83 End
[2024-02-16T15:40:02.192+0900] {logger.py:11} INFO - ====== WebDriver manager ======
[2024-02-16T15:40:02.289+0900] {logger.py:11} INFO - Get LATEST chromedriver version for google-chrome
[2024-02-16T15:40:02.372+0900] {logger.py:11} INFO - Get LATEST chromedriver version for google-chrome
[2024-02-16T15:40:02.456+0900] {logger.py:11} INFO - Driver [/home/ubuntu/.wdm/drivers/chromedriver/linux64/121.0.6167.85/chromedriver-linux64/chromedriver] found in cache
[2024-02-16T15:40:03.139+0900] {Naver_News_Collect.py:118} INFO - 접속완료
[2024-02-16T15:40:04.343+0900] {Naver_News_Collect.py:121} INFO - 83 Start
[2024-02-16T15:40:19.530+0900] {Naver_News_Collect.py:157} INFO - 84 End
[2024-02-16T15:40:21.533+0900] {logger.py:11} INFO - ====== WebDriver manager ======
[2024-02-16T15:40:21.623+0900] {logger.py:11} INFO - Get LATEST chromedriver version for google-chrome
[2024-02-16T15:40:21.706+0900] {logger.py:11} INFO - Get LATEST chromedriver version for google-chrome
[2024-02-16T15:40:21.789+0900] {logger.py:11} INFO - Driver [/home/ubuntu/.wdm/drivers/chromedriver/linux64/121.0.6167.85/chromedriver-linux64/chromedriver] found in cache
[2024-02-16T15:40:22.486+0900] {Naver_News_Collect.py:118} INFO - 접속완료
[2024-02-16T15:40:23.742+0900] {Naver_News_Collect.py:121} INFO - 84 Start
[2024-02-16T15:40:46.953+0900] {Naver_News_Collect.py:157} INFO - 85 End
[2024-02-16T15:40:49.957+0900] {logger.py:11} INFO - ====== WebDriver manager ======
[2024-02-16T15:40:50.047+0900] {logger.py:11} INFO - Get LATEST chromedriver version for google-chrome
[2024-02-16T15:40:50.131+0900] {logger.py:11} INFO - Get LATEST chromedriver version for google-chrome
[2024-02-16T15:40:50.213+0900] {logger.py:11} INFO - Driver [/home/ubuntu/.wdm/drivers/chromedriver/linux64/121.0.6167.85/chromedriver-linux64/chromedriver] found in cache
[2024-02-16T15:40:50.901+0900] {Naver_News_Collect.py:118} INFO - 접속완료
[2024-02-16T15:40:52.262+0900] {Naver_News_Collect.py:121} INFO - 85 Start
[2024-02-16T15:41:14.864+0900] {Naver_News_Collect.py:157} INFO - 86 End
[2024-02-16T15:41:17.868+0900] {logger.py:11} INFO - ====== WebDriver manager ======
[2024-02-16T15:41:17.959+0900] {logger.py:11} INFO - Get LATEST chromedriver version for google-chrome
[2024-02-16T15:41:18.042+0900] {logger.py:11} INFO - Get LATEST chromedriver version for google-chrome
[2024-02-16T15:41:18.124+0900] {logger.py:11} INFO - Driver [/home/ubuntu/.wdm/drivers/chromedriver/linux64/121.0.6167.85/chromedriver-linux64/chromedriver] found in cache
[2024-02-16T15:41:18.814+0900] {Naver_News_Collect.py:118} INFO - 접속완료
[2024-02-16T15:41:48.904+0900] {Naver_News_Collect.py:121} INFO - 86 Start
[2024-02-16T15:41:59.011+0900] {Naver_News_Collect.py:157} INFO - 86 End
[2024-02-16T15:42:01.013+0900] {logger.py:11} INFO - ====== WebDriver manager ======
[2024-02-16T15:42:01.106+0900] {logger.py:11} INFO - Get LATEST chromedriver version for google-chrome
[2024-02-16T15:42:01.189+0900] {logger.py:11} INFO - Get LATEST chromedriver version for google-chrome
[2024-02-16T15:42:01.272+0900] {logger.py:11} INFO - Driver [/home/ubuntu/.wdm/drivers/chromedriver/linux64/121.0.6167.85/chromedriver-linux64/chromedriver] found in cache
[2024-02-16T15:42:01.949+0900] {Naver_News_Collect.py:118} INFO - 접속완료
[2024-02-16T15:42:03.418+0900] {Naver_News_Collect.py:121} INFO - 86 Start
[2024-02-16T15:42:26.453+0900] {Naver_News_Collect.py:157} INFO - 87 End
[2024-02-16T15:42:29.456+0900] {logger.py:11} INFO - ====== WebDriver manager ======
[2024-02-16T15:42:29.547+0900] {logger.py:11} INFO - Get LATEST chromedriver version for google-chrome
[2024-02-16T15:42:29.630+0900] {logger.py:11} INFO - Get LATEST chromedriver version for google-chrome
[2024-02-16T15:42:29.714+0900] {logger.py:11} INFO - Driver [/home/ubuntu/.wdm/drivers/chromedriver/linux64/121.0.6167.85/chromedriver-linux64/chromedriver] found in cache
[2024-02-16T15:42:30.394+0900] {Naver_News_Collect.py:118} INFO - 접속완료
[2024-02-16T15:42:31.591+0900] {Naver_News_Collect.py:121} INFO - 87 Start
[2024-02-16T15:42:45.405+0900] {Naver_News_Collect.py:157} INFO - 88 End
[2024-02-16T15:42:48.408+0900] {logger.py:11} INFO - ====== WebDriver manager ======
[2024-02-16T15:42:48.500+0900] {logger.py:11} INFO - Get LATEST chromedriver version for google-chrome
[2024-02-16T15:42:48.588+0900] {logger.py:11} INFO - Get LATEST chromedriver version for google-chrome
[2024-02-16T15:42:48.671+0900] {logger.py:11} INFO - Driver [/home/ubuntu/.wdm/drivers/chromedriver/linux64/121.0.6167.85/chromedriver-linux64/chromedriver] found in cache
[2024-02-16T15:42:49.368+0900] {Naver_News_Collect.py:118} INFO - 접속완료
[2024-02-16T15:42:50.628+0900] {Naver_News_Collect.py:121} INFO - 88 Start
[2024-02-16T15:43:04.177+0900] {Naver_News_Collect.py:157} INFO - 89 End
[2024-02-16T15:43:07.177+0900] {logger.py:11} INFO - ====== WebDriver manager ======
[2024-02-16T15:43:07.271+0900] {logger.py:11} INFO - Get LATEST chromedriver version for google-chrome
[2024-02-16T15:43:07.355+0900] {logger.py:11} INFO - Get LATEST chromedriver version for google-chrome
[2024-02-16T15:43:07.438+0900] {logger.py:11} INFO - Driver [/home/ubuntu/.wdm/drivers/chromedriver/linux64/121.0.6167.85/chromedriver-linux64/chromedriver] found in cache
[2024-02-16T15:43:08.123+0900] {Naver_News_Collect.py:118} INFO - 접속완료
[2024-02-16T15:43:09.241+0900] {Naver_News_Collect.py:121} INFO - 89 Start
[2024-02-16T15:43:32.424+0900] {Naver_News_Collect.py:157} INFO - 90 End
[2024-02-16T15:43:35.428+0900] {logger.py:11} INFO - ====== WebDriver manager ======
[2024-02-16T15:43:35.519+0900] {logger.py:11} INFO - Get LATEST chromedriver version for google-chrome
[2024-02-16T15:43:35.604+0900] {logger.py:11} INFO - Get LATEST chromedriver version for google-chrome
[2024-02-16T15:43:35.688+0900] {logger.py:11} INFO - Driver [/home/ubuntu/.wdm/drivers/chromedriver/linux64/121.0.6167.85/chromedriver-linux64/chromedriver] found in cache
[2024-02-16T15:43:36.366+0900] {Naver_News_Collect.py:118} INFO - 접속완료
[2024-02-16T15:43:37.537+0900] {Naver_News_Collect.py:121} INFO - 90 Start
[2024-02-16T15:44:00.672+0900] {Naver_News_Collect.py:157} INFO - 91 End
[2024-02-16T15:44:03.675+0900] {logger.py:11} INFO - ====== WebDriver manager ======
[2024-02-16T15:44:03.767+0900] {logger.py:11} INFO - Get LATEST chromedriver version for google-chrome
[2024-02-16T15:44:03.853+0900] {logger.py:11} INFO - Get LATEST chromedriver version for google-chrome
[2024-02-16T15:44:03.936+0900] {logger.py:11} INFO - Driver [/home/ubuntu/.wdm/drivers/chromedriver/linux64/121.0.6167.85/chromedriver-linux64/chromedriver] found in cache
[2024-02-16T15:44:04.649+0900] {Naver_News_Collect.py:118} INFO - 접속완료
[2024-02-16T15:44:34.739+0900] {Naver_News_Collect.py:121} INFO - 91 Start
[2024-02-16T15:44:44.841+0900] {Naver_News_Collect.py:157} INFO - 91 End
[2024-02-16T15:44:47.844+0900] {logger.py:11} INFO - ====== WebDriver manager ======
[2024-02-16T15:44:47.935+0900] {logger.py:11} INFO - Get LATEST chromedriver version for google-chrome
[2024-02-16T15:44:48.018+0900] {logger.py:11} INFO - Get LATEST chromedriver version for google-chrome
[2024-02-16T15:44:48.101+0900] {logger.py:11} INFO - Driver [/home/ubuntu/.wdm/drivers/chromedriver/linux64/121.0.6167.85/chromedriver-linux64/chromedriver] found in cache
[2024-02-16T15:44:48.892+0900] {Naver_News_Collect.py:118} INFO - 접속완료
[2024-02-16T15:44:50.003+0900] {Naver_News_Collect.py:121} INFO - 91 Start
[2024-02-16T15:45:12.564+0900] {Naver_News_Collect.py:157} INFO - 92 End
[2024-02-16T15:45:14.565+0900] {logger.py:11} INFO - ====== WebDriver manager ======
[2024-02-16T15:45:14.655+0900] {logger.py:11} INFO - Get LATEST chromedriver version for google-chrome
[2024-02-16T15:45:14.738+0900] {logger.py:11} INFO - Get LATEST chromedriver version for google-chrome
[2024-02-16T15:45:14.822+0900] {logger.py:11} INFO - Driver [/home/ubuntu/.wdm/drivers/chromedriver/linux64/121.0.6167.85/chromedriver-linux64/chromedriver] found in cache
[2024-02-16T15:45:15.507+0900] {Naver_News_Collect.py:118} INFO - 접속완료
[2024-02-16T15:45:16.866+0900] {Naver_News_Collect.py:121} INFO - 92 Start
[2024-02-16T15:45:39.288+0900] {Naver_News_Collect.py:157} INFO - 93 End
[2024-02-16T15:45:41.290+0900] {logger.py:11} INFO - ====== WebDriver manager ======
[2024-02-16T15:45:41.384+0900] {logger.py:11} INFO - Get LATEST chromedriver version for google-chrome
[2024-02-16T15:45:41.470+0900] {logger.py:11} INFO - Get LATEST chromedriver version for google-chrome
[2024-02-16T15:45:41.554+0900] {logger.py:11} INFO - Driver [/home/ubuntu/.wdm/drivers/chromedriver/linux64/121.0.6167.85/chromedriver-linux64/chromedriver] found in cache
[2024-02-16T15:45:42.234+0900] {Naver_News_Collect.py:118} INFO - 접속완료
[2024-02-16T15:45:43.524+0900] {Naver_News_Collect.py:121} INFO - 93 Start
[2024-02-16T15:46:06.187+0900] {Naver_News_Collect.py:157} INFO - 94 End
[2024-02-16T15:46:08.190+0900] {logger.py:11} INFO - ====== WebDriver manager ======
[2024-02-16T15:46:08.283+0900] {logger.py:11} INFO - Get LATEST chromedriver version for google-chrome
[2024-02-16T15:46:08.366+0900] {logger.py:11} INFO - Get LATEST chromedriver version for google-chrome
[2024-02-16T15:46:08.449+0900] {logger.py:11} INFO - Driver [/home/ubuntu/.wdm/drivers/chromedriver/linux64/121.0.6167.85/chromedriver-linux64/chromedriver] found in cache
[2024-02-16T15:46:09.133+0900] {Naver_News_Collect.py:118} INFO - 접속완료
[2024-02-16T15:46:10.328+0900] {Naver_News_Collect.py:121} INFO - 94 Start
[2024-02-16T15:46:33.551+0900] {Naver_News_Collect.py:157} INFO - 95 End
[2024-02-16T15:46:36.553+0900] {logger.py:11} INFO - ====== WebDriver manager ======
[2024-02-16T15:46:36.644+0900] {logger.py:11} INFO - Get LATEST chromedriver version for google-chrome
[2024-02-16T15:46:36.730+0900] {logger.py:11} INFO - Get LATEST chromedriver version for google-chrome
[2024-02-16T15:46:36.813+0900] {logger.py:11} INFO - Driver [/home/ubuntu/.wdm/drivers/chromedriver/linux64/121.0.6167.85/chromedriver-linux64/chromedriver] found in cache
[2024-02-16T15:46:37.495+0900] {Naver_News_Collect.py:118} INFO - 접속완료
[2024-02-16T15:46:38.664+0900] {Naver_News_Collect.py:121} INFO - 95 Start
[2024-02-16T15:47:01.837+0900] {Naver_News_Collect.py:157} INFO - 96 End
[2024-02-16T15:47:04.841+0900] {logger.py:11} INFO - ====== WebDriver manager ======
[2024-02-16T15:47:04.931+0900] {logger.py:11} INFO - Get LATEST chromedriver version for google-chrome
[2024-02-16T15:47:05.015+0900] {logger.py:11} INFO - Get LATEST chromedriver version for google-chrome
[2024-02-16T15:47:05.114+0900] {logger.py:11} INFO - Driver [/home/ubuntu/.wdm/drivers/chromedriver/linux64/121.0.6167.85/chromedriver-linux64/chromedriver] found in cache
[2024-02-16T15:47:05.804+0900] {Naver_News_Collect.py:118} INFO - 접속완료
[2024-02-16T15:47:07.013+0900] {Naver_News_Collect.py:121} INFO - 96 Start
[2024-02-16T15:47:21.338+0900] {Naver_News_Collect.py:157} INFO - 97 End
[2024-02-16T15:47:24.342+0900] {logger.py:11} INFO - ====== WebDriver manager ======
[2024-02-16T15:47:24.434+0900] {logger.py:11} INFO - Get LATEST chromedriver version for google-chrome
[2024-02-16T15:47:24.519+0900] {logger.py:11} INFO - Get LATEST chromedriver version for google-chrome
[2024-02-16T15:47:24.602+0900] {logger.py:11} INFO - Driver [/home/ubuntu/.wdm/drivers/chromedriver/linux64/121.0.6167.85/chromedriver-linux64/chromedriver] found in cache
[2024-02-16T15:47:25.291+0900] {Naver_News_Collect.py:118} INFO - 접속완료
[2024-02-16T15:47:26.483+0900] {Naver_News_Collect.py:121} INFO - 97 Start
[2024-02-16T15:47:49.596+0900] {Naver_News_Collect.py:157} INFO - 98 End
[2024-02-16T15:47:51.599+0900] {logger.py:11} INFO - ====== WebDriver manager ======
[2024-02-16T15:47:51.690+0900] {logger.py:11} INFO - Get LATEST chromedriver version for google-chrome
[2024-02-16T15:47:51.774+0900] {logger.py:11} INFO - Get LATEST chromedriver version for google-chrome
[2024-02-16T15:47:51.857+0900] {logger.py:11} INFO - Driver [/home/ubuntu/.wdm/drivers/chromedriver/linux64/121.0.6167.85/chromedriver-linux64/chromedriver] found in cache
[2024-02-16T15:47:52.538+0900] {Naver_News_Collect.py:118} INFO - 접속완료
[2024-02-16T15:47:53.715+0900] {Naver_News_Collect.py:121} INFO - 98 Start
[2024-02-16T15:48:06.635+0900] {Naver_News_Collect.py:157} INFO - 99 End
[2024-02-16T15:48:09.637+0900] {logger.py:11} INFO - ====== WebDriver manager ======
[2024-02-16T15:48:09.732+0900] {logger.py:11} INFO - Get LATEST chromedriver version for google-chrome
[2024-02-16T15:48:09.827+0900] {logger.py:11} INFO - Get LATEST chromedriver version for google-chrome
[2024-02-16T15:48:09.911+0900] {logger.py:11} INFO - Driver [/home/ubuntu/.wdm/drivers/chromedriver/linux64/121.0.6167.85/chromedriver-linux64/chromedriver] found in cache
[2024-02-16T15:48:10.590+0900] {Naver_News_Collect.py:118} INFO - 접속완료
[2024-02-16T15:48:11.862+0900] {Naver_News_Collect.py:121} INFO - 99 Start
[2024-02-16T15:48:35.063+0900] {Naver_News_Collect.py:157} INFO - 100 End
[2024-02-16T15:48:38.066+0900] {logger.py:11} INFO - ====== WebDriver manager ======
[2024-02-16T15:48:38.160+0900] {logger.py:11} INFO - Get LATEST chromedriver version for google-chrome
[2024-02-16T15:48:38.243+0900] {logger.py:11} INFO - Get LATEST chromedriver version for google-chrome
[2024-02-16T15:48:38.325+0900] {logger.py:11} INFO - Driver [/home/ubuntu/.wdm/drivers/chromedriver/linux64/121.0.6167.85/chromedriver-linux64/chromedriver] found in cache
[2024-02-16T15:48:39.006+0900] {Naver_News_Collect.py:118} INFO - 접속완료
[2024-02-16T15:48:40.229+0900] {Naver_News_Collect.py:121} INFO - 100 Start
[2024-02-16T15:49:03.393+0900] {Naver_News_Collect.py:157} INFO - 101 End
[2024-02-16T15:49:05.395+0900] {logger.py:11} INFO - ====== WebDriver manager ======
[2024-02-16T15:49:05.487+0900] {logger.py:11} INFO - Get LATEST chromedriver version for google-chrome
[2024-02-16T15:49:05.573+0900] {logger.py:11} INFO - Get LATEST chromedriver version for google-chrome
[2024-02-16T15:49:05.656+0900] {logger.py:11} INFO - Driver [/home/ubuntu/.wdm/drivers/chromedriver/linux64/121.0.6167.85/chromedriver-linux64/chromedriver] found in cache
[2024-02-16T15:49:06.341+0900] {Naver_News_Collect.py:118} INFO - 접속완료
[2024-02-16T15:49:07.558+0900] {Naver_News_Collect.py:121} INFO - 101 Start
[2024-02-16T15:49:30.949+0900] {Naver_News_Collect.py:157} INFO - 102 End
[2024-02-16T15:49:33.952+0900] {logger.py:11} INFO - ====== WebDriver manager ======
[2024-02-16T15:49:34.042+0900] {logger.py:11} INFO - Get LATEST chromedriver version for google-chrome
[2024-02-16T15:49:34.126+0900] {logger.py:11} INFO - Get LATEST chromedriver version for google-chrome
[2024-02-16T15:49:34.208+0900] {logger.py:11} INFO - Driver [/home/ubuntu/.wdm/drivers/chromedriver/linux64/121.0.6167.85/chromedriver-linux64/chromedriver] found in cache
[2024-02-16T15:49:34.891+0900] {Naver_News_Collect.py:118} INFO - 접속완료
[2024-02-16T15:50:04.980+0900] {Naver_News_Collect.py:121} INFO - 102 Start
[2024-02-16T15:50:15.100+0900] {Naver_News_Collect.py:157} INFO - 102 End
[2024-02-16T15:50:17.103+0900] {logger.py:11} INFO - ====== WebDriver manager ======
[2024-02-16T15:50:17.197+0900] {logger.py:11} INFO - Get LATEST chromedriver version for google-chrome
[2024-02-16T15:50:17.281+0900] {logger.py:11} INFO - Get LATEST chromedriver version for google-chrome
[2024-02-16T15:50:17.364+0900] {logger.py:11} INFO - Driver [/home/ubuntu/.wdm/drivers/chromedriver/linux64/121.0.6167.85/chromedriver-linux64/chromedriver] found in cache
[2024-02-16T15:50:18.054+0900] {Naver_News_Collect.py:118} INFO - 접속완료
[2024-02-16T15:50:19.428+0900] {Naver_News_Collect.py:121} INFO - 102 Start
[2024-02-16T15:50:42.632+0900] {Naver_News_Collect.py:157} INFO - 103 End
[2024-02-16T15:50:44.635+0900] {logger.py:11} INFO - ====== WebDriver manager ======
[2024-02-16T15:50:44.728+0900] {logger.py:11} INFO - Get LATEST chromedriver version for google-chrome
[2024-02-16T15:50:44.813+0900] {logger.py:11} INFO - Get LATEST chromedriver version for google-chrome
[2024-02-16T15:50:44.897+0900] {logger.py:11} INFO - Driver [/home/ubuntu/.wdm/drivers/chromedriver/linux64/121.0.6167.85/chromedriver-linux64/chromedriver] found in cache
[2024-02-16T15:50:45.586+0900] {Naver_News_Collect.py:118} INFO - 접속완료
[2024-02-16T15:50:46.815+0900] {Naver_News_Collect.py:121} INFO - 103 Start
[2024-02-16T15:51:10.551+0900] {Naver_News_Collect.py:157} INFO - 104 End
[2024-02-16T15:51:12.553+0900] {logger.py:11} INFO - ====== WebDriver manager ======
[2024-02-16T15:51:12.647+0900] {logger.py:11} INFO - Get LATEST chromedriver version for google-chrome
[2024-02-16T15:51:12.730+0900] {logger.py:11} INFO - Get LATEST chromedriver version for google-chrome
[2024-02-16T15:51:12.815+0900] {logger.py:11} INFO - Driver [/home/ubuntu/.wdm/drivers/chromedriver/linux64/121.0.6167.85/chromedriver-linux64/chromedriver] found in cache
[2024-02-16T15:51:13.503+0900] {Naver_News_Collect.py:118} INFO - 접속완료
[2024-02-16T15:51:14.757+0900] {Naver_News_Collect.py:121} INFO - 104 Start
[2024-02-16T15:51:37.777+0900] {Naver_News_Collect.py:157} INFO - 105 End
[2024-02-16T15:51:40.780+0900] {logger.py:11} INFO - ====== WebDriver manager ======
[2024-02-16T15:51:40.871+0900] {logger.py:11} INFO - Get LATEST chromedriver version for google-chrome
[2024-02-16T15:51:40.956+0900] {logger.py:11} INFO - Get LATEST chromedriver version for google-chrome
[2024-02-16T15:51:41.038+0900] {logger.py:11} INFO - Driver [/home/ubuntu/.wdm/drivers/chromedriver/linux64/121.0.6167.85/chromedriver-linux64/chromedriver] found in cache
[2024-02-16T15:51:41.745+0900] {Naver_News_Collect.py:118} INFO - 접속완료
[2024-02-16T15:51:42.837+0900] {Naver_News_Collect.py:121} INFO - 105 Start
