[2024-02-21T09:00:29.487+0900] {taskinstance.py:1956} INFO - Dependencies all met for dep_context=non-requeueable deps ti=<TaskInstance: CollectCommunity.community_Content_Collect scheduled__2024-02-20T00:00:00+00:00 [queued]>
[2024-02-21T09:00:29.494+0900] {taskinstance.py:1956} INFO - Dependencies all met for dep_context=requeueable deps ti=<TaskInstance: CollectCommunity.community_Content_Collect scheduled__2024-02-20T00:00:00+00:00 [queued]>
[2024-02-21T09:00:29.494+0900] {taskinstance.py:2170} INFO - Starting attempt 1 of 1
[2024-02-21T09:00:29.622+0900] {taskinstance.py:2191} INFO - Executing <Task(PythonOperator): community_Content_Collect> on 2024-02-20 00:00:00+00:00
[2024-02-21T09:00:29.629+0900] {standard_task_runner.py:60} INFO - Started process 191155 to run task
[2024-02-21T09:00:29.632+0900] {standard_task_runner.py:87} INFO - Running: ['airflow', 'tasks', 'run', 'CollectCommunity', 'community_Content_Collect', 'scheduled__2024-02-20T00:00:00+00:00', '--job-id', '80', '--raw', '--subdir', 'DAGS_FOLDER/.ipynb_checkpoints/Community_Collect-checkpoint.py', '--cfg-path', '/tmp/tmpxkh1x8qz']
[2024-02-21T09:00:29.634+0900] {standard_task_runner.py:88} INFO - Job 80: Subtask community_Content_Collect
[2024-02-21T09:00:29.673+0900] {task_command.py:423} INFO - Running <TaskInstance: CollectCommunity.community_Content_Collect scheduled__2024-02-20T00:00:00+00:00 [running]> on host ip-172-31-11-88.ap-northeast-2.compute.internal
[2024-02-21T09:00:29.740+0900] {taskinstance.py:2480} INFO - Exporting env vars: AIRFLOW_CTX_DAG_OWNER='airflow' AIRFLOW_CTX_DAG_ID='CollectCommunity' AIRFLOW_CTX_TASK_ID='community_Content_Collect' AIRFLOW_CTX_EXECUTION_DATE='2024-02-20T00:00:00+00:00' AIRFLOW_CTX_TRY_NUMBER='1' AIRFLOW_CTX_DAG_RUN_ID='scheduled__2024-02-20T00:00:00+00:00'
[2024-02-21T09:00:29.753+0900] {logger.py:11} INFO - ====== WebDriver manager ======
[2024-02-21T09:00:29.834+0900] {logger.py:11} INFO - Get LATEST chromedriver version for google-chrome
[2024-02-21T09:00:29.920+0900] {logger.py:11} INFO - Get LATEST chromedriver version for google-chrome
[2024-02-21T09:00:30.002+0900] {logger.py:11} INFO - Driver [/home/ubuntu/.wdm/drivers/chromedriver/linux64/121.0.6167.184/chromedriver-linux64/chromedriver] found in cache
[2024-02-21T09:00:37.205+0900] {logger.py:11} INFO - ====== WebDriver manager ======
[2024-02-21T09:00:37.288+0900] {logger.py:11} INFO - Get LATEST chromedriver version for google-chrome
[2024-02-21T09:00:37.370+0900] {logger.py:11} INFO - Get LATEST chromedriver version for google-chrome
[2024-02-21T09:00:37.452+0900] {logger.py:11} INFO - Driver [/home/ubuntu/.wdm/drivers/chromedriver/linux64/121.0.6167.184/chromedriver-linux64/chromedriver] found in cache
[2024-02-21T09:00:45.439+0900] {logger.py:11} INFO - ====== WebDriver manager ======
[2024-02-21T09:00:45.520+0900] {logger.py:11} INFO - Get LATEST chromedriver version for google-chrome
[2024-02-21T09:00:45.601+0900] {logger.py:11} INFO - Get LATEST chromedriver version for google-chrome
[2024-02-21T09:00:45.682+0900] {logger.py:11} INFO - Driver [/home/ubuntu/.wdm/drivers/chromedriver/linux64/121.0.6167.184/chromedriver-linux64/chromedriver] found in cache
[2024-02-21T09:00:53.323+0900] {logger.py:11} INFO - ====== WebDriver manager ======
[2024-02-21T09:00:53.404+0900] {logger.py:11} INFO - Get LATEST chromedriver version for google-chrome
[2024-02-21T09:00:53.485+0900] {logger.py:11} INFO - Get LATEST chromedriver version for google-chrome
[2024-02-21T09:00:53.566+0900] {logger.py:11} INFO - Driver [/home/ubuntu/.wdm/drivers/chromedriver/linux64/121.0.6167.184/chromedriver-linux64/chromedriver] found in cache
[2024-02-21T09:00:59.912+0900] {logger.py:11} INFO - ====== WebDriver manager ======
[2024-02-21T09:00:59.992+0900] {logger.py:11} INFO - Get LATEST chromedriver version for google-chrome
[2024-02-21T09:01:00.073+0900] {logger.py:11} INFO - Get LATEST chromedriver version for google-chrome
[2024-02-21T09:01:00.154+0900] {logger.py:11} INFO - Driver [/home/ubuntu/.wdm/drivers/chromedriver/linux64/121.0.6167.184/chromedriver-linux64/chromedriver] found in cache
[2024-02-21T09:01:07.845+0900] {logger.py:11} INFO - ====== WebDriver manager ======
[2024-02-21T09:01:07.926+0900] {logger.py:11} INFO - Get LATEST chromedriver version for google-chrome
[2024-02-21T09:01:08.008+0900] {logger.py:11} INFO - Get LATEST chromedriver version for google-chrome
[2024-02-21T09:01:08.090+0900] {logger.py:11} INFO - Driver [/home/ubuntu/.wdm/drivers/chromedriver/linux64/121.0.6167.184/chromedriver-linux64/chromedriver] found in cache
[2024-02-21T09:01:15.257+0900] {logger.py:11} INFO - ====== WebDriver manager ======
[2024-02-21T09:01:15.339+0900] {logger.py:11} INFO - Get LATEST chromedriver version for google-chrome
[2024-02-21T09:01:15.421+0900] {logger.py:11} INFO - Get LATEST chromedriver version for google-chrome
[2024-02-21T09:01:15.502+0900] {logger.py:11} INFO - Driver [/home/ubuntu/.wdm/drivers/chromedriver/linux64/121.0.6167.184/chromedriver-linux64/chromedriver] found in cache
[2024-02-21T09:01:23.458+0900] {logger.py:11} INFO - ====== WebDriver manager ======
[2024-02-21T09:01:23.539+0900] {logger.py:11} INFO - Get LATEST chromedriver version for google-chrome
[2024-02-21T09:01:23.622+0900] {logger.py:11} INFO - Get LATEST chromedriver version for google-chrome
[2024-02-21T09:01:23.704+0900] {logger.py:11} INFO - Driver [/home/ubuntu/.wdm/drivers/chromedriver/linux64/121.0.6167.184/chromedriver-linux64/chromedriver] found in cache
[2024-02-21T09:01:32.464+0900] {logger.py:11} INFO - ====== WebDriver manager ======
[2024-02-21T09:01:32.545+0900] {logger.py:11} INFO - Get LATEST chromedriver version for google-chrome
[2024-02-21T09:01:32.625+0900] {logger.py:11} INFO - Get LATEST chromedriver version for google-chrome
[2024-02-21T09:01:32.706+0900] {logger.py:11} INFO - Driver [/home/ubuntu/.wdm/drivers/chromedriver/linux64/121.0.6167.184/chromedriver-linux64/chromedriver] found in cache
[2024-02-21T09:01:39.140+0900] {logger.py:11} INFO - ====== WebDriver manager ======
[2024-02-21T09:01:39.221+0900] {logger.py:11} INFO - Get LATEST chromedriver version for google-chrome
[2024-02-21T09:01:39.302+0900] {logger.py:11} INFO - Get LATEST chromedriver version for google-chrome
[2024-02-21T09:01:39.383+0900] {logger.py:11} INFO - Driver [/home/ubuntu/.wdm/drivers/chromedriver/linux64/121.0.6167.184/chromedriver-linux64/chromedriver] found in cache
[2024-02-21T09:01:47.643+0900] {logger.py:11} INFO - ====== WebDriver manager ======
[2024-02-21T09:01:47.723+0900] {logger.py:11} INFO - Get LATEST chromedriver version for google-chrome
[2024-02-21T09:01:47.805+0900] {logger.py:11} INFO - Get LATEST chromedriver version for google-chrome
[2024-02-21T09:01:47.885+0900] {logger.py:11} INFO - Driver [/home/ubuntu/.wdm/drivers/chromedriver/linux64/121.0.6167.184/chromedriver-linux64/chromedriver] found in cache
[2024-02-21T09:01:55.235+0900] {logger.py:11} INFO - ====== WebDriver manager ======
[2024-02-21T09:01:55.315+0900] {logger.py:11} INFO - Get LATEST chromedriver version for google-chrome
[2024-02-21T09:01:55.396+0900] {logger.py:11} INFO - Get LATEST chromedriver version for google-chrome
[2024-02-21T09:01:55.477+0900] {logger.py:11} INFO - Driver [/home/ubuntu/.wdm/drivers/chromedriver/linux64/121.0.6167.184/chromedriver-linux64/chromedriver] found in cache
[2024-02-21T09:02:01.998+0900] {logger.py:11} INFO - ====== WebDriver manager ======
[2024-02-21T09:02:02.078+0900] {logger.py:11} INFO - Get LATEST chromedriver version for google-chrome
[2024-02-21T09:02:02.161+0900] {logger.py:11} INFO - Get LATEST chromedriver version for google-chrome
[2024-02-21T09:02:02.242+0900] {logger.py:11} INFO - Driver [/home/ubuntu/.wdm/drivers/chromedriver/linux64/121.0.6167.184/chromedriver-linux64/chromedriver] found in cache
[2024-02-21T09:02:09.519+0900] {logger.py:11} INFO - ====== WebDriver manager ======
[2024-02-21T09:02:09.600+0900] {logger.py:11} INFO - Get LATEST chromedriver version for google-chrome
[2024-02-21T09:02:09.682+0900] {logger.py:11} INFO - Get LATEST chromedriver version for google-chrome
[2024-02-21T09:02:09.763+0900] {logger.py:11} INFO - Driver [/home/ubuntu/.wdm/drivers/chromedriver/linux64/121.0.6167.184/chromedriver-linux64/chromedriver] found in cache
[2024-02-21T09:02:17.852+0900] {logger.py:11} INFO - ====== WebDriver manager ======
[2024-02-21T09:02:17.933+0900] {logger.py:11} INFO - Get LATEST chromedriver version for google-chrome
[2024-02-21T09:02:18.015+0900] {logger.py:11} INFO - Get LATEST chromedriver version for google-chrome
[2024-02-21T09:02:18.098+0900] {logger.py:11} INFO - Driver [/home/ubuntu/.wdm/drivers/chromedriver/linux64/121.0.6167.184/chromedriver-linux64/chromedriver] found in cache
[2024-02-21T09:02:26.157+0900] {logger.py:11} INFO - ====== WebDriver manager ======
[2024-02-21T09:02:26.238+0900] {logger.py:11} INFO - Get LATEST chromedriver version for google-chrome
[2024-02-21T09:02:26.319+0900] {logger.py:11} INFO - Get LATEST chromedriver version for google-chrome
[2024-02-21T09:02:26.401+0900] {logger.py:11} INFO - Driver [/home/ubuntu/.wdm/drivers/chromedriver/linux64/121.0.6167.184/chromedriver-linux64/chromedriver] found in cache
[2024-02-21T09:02:32.920+0900] {logger.py:11} INFO - ====== WebDriver manager ======
[2024-02-21T09:02:33.002+0900] {logger.py:11} INFO - Get LATEST chromedriver version for google-chrome
[2024-02-21T09:02:33.083+0900] {logger.py:11} INFO - Get LATEST chromedriver version for google-chrome
[2024-02-21T09:02:33.166+0900] {logger.py:11} INFO - Driver [/home/ubuntu/.wdm/drivers/chromedriver/linux64/121.0.6167.184/chromedriver-linux64/chromedriver] found in cache
[2024-02-21T09:02:39.601+0900] {logger.py:11} INFO - ====== WebDriver manager ======
[2024-02-21T09:02:39.683+0900] {logger.py:11} INFO - Get LATEST chromedriver version for google-chrome
[2024-02-21T09:02:39.764+0900] {logger.py:11} INFO - Get LATEST chromedriver version for google-chrome
[2024-02-21T09:02:39.845+0900] {logger.py:11} INFO - Driver [/home/ubuntu/.wdm/drivers/chromedriver/linux64/121.0.6167.184/chromedriver-linux64/chromedriver] found in cache
[2024-02-21T09:02:46.775+0900] {logger.py:11} INFO - ====== WebDriver manager ======
[2024-02-21T09:02:46.856+0900] {logger.py:11} INFO - Get LATEST chromedriver version for google-chrome
[2024-02-21T09:02:46.938+0900] {logger.py:11} INFO - Get LATEST chromedriver version for google-chrome
[2024-02-21T09:02:47.019+0900] {logger.py:11} INFO - Driver [/home/ubuntu/.wdm/drivers/chromedriver/linux64/121.0.6167.184/chromedriver-linux64/chromedriver] found in cache
[2024-02-21T09:02:52.497+0900] {logger.py:11} INFO - ====== WebDriver manager ======
[2024-02-21T09:02:52.578+0900] {logger.py:11} INFO - Get LATEST chromedriver version for google-chrome
[2024-02-21T09:02:52.659+0900] {logger.py:11} INFO - Get LATEST chromedriver version for google-chrome
[2024-02-21T09:02:52.741+0900] {logger.py:11} INFO - Driver [/home/ubuntu/.wdm/drivers/chromedriver/linux64/121.0.6167.184/chromedriver-linux64/chromedriver] found in cache
[2024-02-21T09:02:59.327+0900] {logger.py:11} INFO - ====== WebDriver manager ======
[2024-02-21T09:02:59.408+0900] {logger.py:11} INFO - Get LATEST chromedriver version for google-chrome
[2024-02-21T09:02:59.489+0900] {logger.py:11} INFO - Get LATEST chromedriver version for google-chrome
[2024-02-21T09:02:59.570+0900] {logger.py:11} INFO - Driver [/home/ubuntu/.wdm/drivers/chromedriver/linux64/121.0.6167.184/chromedriver-linux64/chromedriver] found in cache
[2024-02-21T09:03:06.457+0900] {logger.py:11} INFO - ====== WebDriver manager ======
[2024-02-21T09:03:06.538+0900] {logger.py:11} INFO - Get LATEST chromedriver version for google-chrome
[2024-02-21T09:03:06.622+0900] {logger.py:11} INFO - Get LATEST chromedriver version for google-chrome
[2024-02-21T09:03:06.704+0900] {logger.py:11} INFO - Driver [/home/ubuntu/.wdm/drivers/chromedriver/linux64/121.0.6167.184/chromedriver-linux64/chromedriver] found in cache
[2024-02-21T09:03:13.474+0900] {logger.py:11} INFO - ====== WebDriver manager ======
[2024-02-21T09:03:13.556+0900] {logger.py:11} INFO - Get LATEST chromedriver version for google-chrome
[2024-02-21T09:03:13.637+0900] {logger.py:11} INFO - Get LATEST chromedriver version for google-chrome
[2024-02-21T09:03:13.718+0900] {logger.py:11} INFO - Driver [/home/ubuntu/.wdm/drivers/chromedriver/linux64/121.0.6167.184/chromedriver-linux64/chromedriver] found in cache
[2024-02-21T09:03:20.193+0900] {logger.py:11} INFO - ====== WebDriver manager ======
[2024-02-21T09:03:20.275+0900] {logger.py:11} INFO - Get LATEST chromedriver version for google-chrome
[2024-02-21T09:03:20.356+0900] {logger.py:11} INFO - Get LATEST chromedriver version for google-chrome
[2024-02-21T09:03:20.438+0900] {logger.py:11} INFO - Driver [/home/ubuntu/.wdm/drivers/chromedriver/linux64/121.0.6167.184/chromedriver-linux64/chromedriver] found in cache
[2024-02-21T09:03:26.828+0900] {logger.py:11} INFO - ====== WebDriver manager ======
[2024-02-21T09:03:26.910+0900] {logger.py:11} INFO - Get LATEST chromedriver version for google-chrome
[2024-02-21T09:03:26.991+0900] {logger.py:11} INFO - Get LATEST chromedriver version for google-chrome
[2024-02-21T09:03:27.072+0900] {logger.py:11} INFO - Driver [/home/ubuntu/.wdm/drivers/chromedriver/linux64/121.0.6167.184/chromedriver-linux64/chromedriver] found in cache
[2024-02-21T09:03:33.159+0900] {logger.py:11} INFO - ====== WebDriver manager ======
[2024-02-21T09:03:33.241+0900] {logger.py:11} INFO - Get LATEST chromedriver version for google-chrome
[2024-02-21T09:03:33.324+0900] {logger.py:11} INFO - Get LATEST chromedriver version for google-chrome
[2024-02-21T09:03:33.412+0900] {logger.py:11} INFO - Driver [/home/ubuntu/.wdm/drivers/chromedriver/linux64/121.0.6167.184/chromedriver-linux64/chromedriver] found in cache
[2024-02-21T09:03:39.803+0900] {logger.py:11} INFO - ====== WebDriver manager ======
[2024-02-21T09:03:39.884+0900] {logger.py:11} INFO - Get LATEST chromedriver version for google-chrome
[2024-02-21T09:03:39.967+0900] {logger.py:11} INFO - Get LATEST chromedriver version for google-chrome
[2024-02-21T09:03:40.049+0900] {logger.py:11} INFO - Driver [/home/ubuntu/.wdm/drivers/chromedriver/linux64/121.0.6167.184/chromedriver-linux64/chromedriver] found in cache
[2024-02-21T09:03:46.250+0900] {logger.py:11} INFO - ====== WebDriver manager ======
[2024-02-21T09:03:46.331+0900] {logger.py:11} INFO - Get LATEST chromedriver version for google-chrome
[2024-02-21T09:03:46.414+0900] {logger.py:11} INFO - Get LATEST chromedriver version for google-chrome
[2024-02-21T09:03:46.505+0900] {logger.py:11} INFO - Driver [/home/ubuntu/.wdm/drivers/chromedriver/linux64/121.0.6167.184/chromedriver-linux64/chromedriver] found in cache
[2024-02-21T09:03:51.779+0900] {logger.py:11} INFO - ====== WebDriver manager ======
[2024-02-21T09:03:51.862+0900] {logger.py:11} INFO - Get LATEST chromedriver version for google-chrome
[2024-02-21T09:03:51.944+0900] {logger.py:11} INFO - Get LATEST chromedriver version for google-chrome
[2024-02-21T09:03:52.027+0900] {logger.py:11} INFO - Driver [/home/ubuntu/.wdm/drivers/chromedriver/linux64/121.0.6167.184/chromedriver-linux64/chromedriver] found in cache
[2024-02-21T09:03:57.999+0900] {logger.py:11} INFO - ====== WebDriver manager ======
[2024-02-21T09:03:58.081+0900] {logger.py:11} INFO - Get LATEST chromedriver version for google-chrome
[2024-02-21T09:03:58.165+0900] {logger.py:11} INFO - Get LATEST chromedriver version for google-chrome
[2024-02-21T09:03:58.246+0900] {logger.py:11} INFO - Driver [/home/ubuntu/.wdm/drivers/chromedriver/linux64/121.0.6167.184/chromedriver-linux64/chromedriver] found in cache
[2024-02-21T09:04:04.623+0900] {logger.py:11} INFO - ====== WebDriver manager ======
[2024-02-21T09:04:04.704+0900] {logger.py:11} INFO - Get LATEST chromedriver version for google-chrome
[2024-02-21T09:04:04.786+0900] {logger.py:11} INFO - Get LATEST chromedriver version for google-chrome
[2024-02-21T09:04:04.867+0900] {logger.py:11} INFO - Driver [/home/ubuntu/.wdm/drivers/chromedriver/linux64/121.0.6167.184/chromedriver-linux64/chromedriver] found in cache
[2024-02-21T09:04:12.035+0900] {logger.py:11} INFO - ====== WebDriver manager ======
[2024-02-21T09:04:12.116+0900] {logger.py:11} INFO - Get LATEST chromedriver version for google-chrome
[2024-02-21T09:04:12.198+0900] {logger.py:11} INFO - Get LATEST chromedriver version for google-chrome
[2024-02-21T09:04:12.287+0900] {logger.py:11} INFO - Driver [/home/ubuntu/.wdm/drivers/chromedriver/linux64/121.0.6167.184/chromedriver-linux64/chromedriver] found in cache
[2024-02-21T09:04:18.093+0900] {logger.py:11} INFO - ====== WebDriver manager ======
[2024-02-21T09:04:18.173+0900] {logger.py:11} INFO - Get LATEST chromedriver version for google-chrome
[2024-02-21T09:04:18.254+0900] {logger.py:11} INFO - Get LATEST chromedriver version for google-chrome
[2024-02-21T09:04:18.335+0900] {logger.py:11} INFO - Driver [/home/ubuntu/.wdm/drivers/chromedriver/linux64/121.0.6167.184/chromedriver-linux64/chromedriver] found in cache
[2024-02-21T09:04:24.597+0900] {logger.py:11} INFO - ====== WebDriver manager ======
[2024-02-21T09:04:24.679+0900] {logger.py:11} INFO - Get LATEST chromedriver version for google-chrome
[2024-02-21T09:04:24.760+0900] {logger.py:11} INFO - Get LATEST chromedriver version for google-chrome
[2024-02-21T09:04:24.841+0900] {logger.py:11} INFO - Driver [/home/ubuntu/.wdm/drivers/chromedriver/linux64/121.0.6167.184/chromedriver-linux64/chromedriver] found in cache
[2024-02-21T09:04:31.058+0900] {logger.py:11} INFO - ====== WebDriver manager ======
[2024-02-21T09:04:31.140+0900] {logger.py:11} INFO - Get LATEST chromedriver version for google-chrome
[2024-02-21T09:04:31.222+0900] {logger.py:11} INFO - Get LATEST chromedriver version for google-chrome
[2024-02-21T09:04:31.304+0900] {logger.py:11} INFO - Driver [/home/ubuntu/.wdm/drivers/chromedriver/linux64/121.0.6167.184/chromedriver-linux64/chromedriver] found in cache
[2024-02-21T09:04:37.655+0900] {logger.py:11} INFO - ====== WebDriver manager ======
[2024-02-21T09:04:37.736+0900] {logger.py:11} INFO - Get LATEST chromedriver version for google-chrome
[2024-02-21T09:04:37.818+0900] {logger.py:11} INFO - Get LATEST chromedriver version for google-chrome
[2024-02-21T09:04:37.900+0900] {logger.py:11} INFO - Driver [/home/ubuntu/.wdm/drivers/chromedriver/linux64/121.0.6167.184/chromedriver-linux64/chromedriver] found in cache
[2024-02-21T09:04:43.570+0900] {logger.py:11} INFO - ====== WebDriver manager ======
[2024-02-21T09:04:43.651+0900] {logger.py:11} INFO - Get LATEST chromedriver version for google-chrome
[2024-02-21T09:04:43.733+0900] {logger.py:11} INFO - Get LATEST chromedriver version for google-chrome
[2024-02-21T09:04:43.814+0900] {logger.py:11} INFO - Driver [/home/ubuntu/.wdm/drivers/chromedriver/linux64/121.0.6167.184/chromedriver-linux64/chromedriver] found in cache
[2024-02-21T09:04:51.219+0900] {logger.py:11} INFO - ====== WebDriver manager ======
[2024-02-21T09:04:51.300+0900] {logger.py:11} INFO - Get LATEST chromedriver version for google-chrome
[2024-02-21T09:04:51.382+0900] {logger.py:11} INFO - Get LATEST chromedriver version for google-chrome
[2024-02-21T09:04:51.463+0900] {logger.py:11} INFO - Driver [/home/ubuntu/.wdm/drivers/chromedriver/linux64/121.0.6167.184/chromedriver-linux64/chromedriver] found in cache
[2024-02-21T09:05:06.689+0900] {logger.py:11} INFO - ====== WebDriver manager ======
[2024-02-21T09:05:06.770+0900] {logger.py:11} INFO - Get LATEST chromedriver version for google-chrome
[2024-02-21T09:05:06.852+0900] {logger.py:11} INFO - Get LATEST chromedriver version for google-chrome
[2024-02-21T09:05:06.934+0900] {logger.py:11} INFO - Driver [/home/ubuntu/.wdm/drivers/chromedriver/linux64/121.0.6167.184/chromedriver-linux64/chromedriver] found in cache
[2024-02-21T09:05:13.395+0900] {logger.py:11} INFO - ====== WebDriver manager ======
[2024-02-21T09:05:13.477+0900] {logger.py:11} INFO - Get LATEST chromedriver version for google-chrome
[2024-02-21T09:05:13.562+0900] {logger.py:11} INFO - Get LATEST chromedriver version for google-chrome
[2024-02-21T09:05:13.645+0900] {logger.py:11} INFO - Driver [/home/ubuntu/.wdm/drivers/chromedriver/linux64/121.0.6167.184/chromedriver-linux64/chromedriver] found in cache
[2024-02-21T09:05:19.138+0900] {logger.py:11} INFO - ====== WebDriver manager ======
[2024-02-21T09:05:19.220+0900] {logger.py:11} INFO - Get LATEST chromedriver version for google-chrome
[2024-02-21T09:05:19.303+0900] {logger.py:11} INFO - Get LATEST chromedriver version for google-chrome
[2024-02-21T09:05:19.385+0900] {logger.py:11} INFO - Driver [/home/ubuntu/.wdm/drivers/chromedriver/linux64/121.0.6167.184/chromedriver-linux64/chromedriver] found in cache
[2024-02-21T09:05:24.886+0900] {logger.py:11} INFO - ====== WebDriver manager ======
[2024-02-21T09:05:24.968+0900] {logger.py:11} INFO - Get LATEST chromedriver version for google-chrome
[2024-02-21T09:05:25.050+0900] {logger.py:11} INFO - Get LATEST chromedriver version for google-chrome
[2024-02-21T09:05:25.133+0900] {logger.py:11} INFO - Driver [/home/ubuntu/.wdm/drivers/chromedriver/linux64/121.0.6167.184/chromedriver-linux64/chromedriver] found in cache
[2024-02-21T09:05:31.613+0900] {logger.py:11} INFO - ====== WebDriver manager ======
[2024-02-21T09:05:31.695+0900] {logger.py:11} INFO - Get LATEST chromedriver version for google-chrome
[2024-02-21T09:05:31.776+0900] {logger.py:11} INFO - Get LATEST chromedriver version for google-chrome
[2024-02-21T09:05:31.859+0900] {logger.py:11} INFO - Driver [/home/ubuntu/.wdm/drivers/chromedriver/linux64/121.0.6167.184/chromedriver-linux64/chromedriver] found in cache
[2024-02-21T09:05:37.933+0900] {logger.py:11} INFO - ====== WebDriver manager ======
[2024-02-21T09:05:38.022+0900] {logger.py:11} INFO - Get LATEST chromedriver version for google-chrome
[2024-02-21T09:05:38.105+0900] {logger.py:11} INFO - Get LATEST chromedriver version for google-chrome
[2024-02-21T09:05:38.189+0900] {logger.py:11} INFO - Driver [/home/ubuntu/.wdm/drivers/chromedriver/linux64/121.0.6167.184/chromedriver-linux64/chromedriver] found in cache
[2024-02-21T09:05:44.533+0900] {logger.py:11} INFO - ====== WebDriver manager ======
[2024-02-21T09:05:44.619+0900] {logger.py:11} INFO - Get LATEST chromedriver version for google-chrome
[2024-02-21T09:05:44.700+0900] {logger.py:11} INFO - Get LATEST chromedriver version for google-chrome
[2024-02-21T09:05:44.781+0900] {logger.py:11} INFO - Driver [/home/ubuntu/.wdm/drivers/chromedriver/linux64/121.0.6167.184/chromedriver-linux64/chromedriver] found in cache
[2024-02-21T09:05:50.618+0900] {logger.py:11} INFO - ====== WebDriver manager ======
[2024-02-21T09:05:50.698+0900] {logger.py:11} INFO - Get LATEST chromedriver version for google-chrome
[2024-02-21T09:05:50.779+0900] {logger.py:11} INFO - Get LATEST chromedriver version for google-chrome
[2024-02-21T09:05:50.861+0900] {logger.py:11} INFO - Driver [/home/ubuntu/.wdm/drivers/chromedriver/linux64/121.0.6167.184/chromedriver-linux64/chromedriver] found in cache
[2024-02-21T09:05:56.546+0900] {logger.py:11} INFO - ====== WebDriver manager ======
[2024-02-21T09:05:56.626+0900] {logger.py:11} INFO - Get LATEST chromedriver version for google-chrome
[2024-02-21T09:05:56.708+0900] {logger.py:11} INFO - Get LATEST chromedriver version for google-chrome
[2024-02-21T09:05:56.791+0900] {logger.py:11} INFO - Driver [/home/ubuntu/.wdm/drivers/chromedriver/linux64/121.0.6167.184/chromedriver-linux64/chromedriver] found in cache
[2024-02-21T09:06:02.773+0900] {logger.py:11} INFO - ====== WebDriver manager ======
[2024-02-21T09:06:02.855+0900] {logger.py:11} INFO - Get LATEST chromedriver version for google-chrome
[2024-02-21T09:06:02.937+0900] {logger.py:11} INFO - Get LATEST chromedriver version for google-chrome
[2024-02-21T09:06:03.019+0900] {logger.py:11} INFO - Driver [/home/ubuntu/.wdm/drivers/chromedriver/linux64/121.0.6167.184/chromedriver-linux64/chromedriver] found in cache
[2024-02-21T09:06:08.567+0900] {logger.py:11} INFO - ====== WebDriver manager ======
[2024-02-21T09:06:08.649+0900] {logger.py:11} INFO - Get LATEST chromedriver version for google-chrome
[2024-02-21T09:06:08.732+0900] {logger.py:11} INFO - Get LATEST chromedriver version for google-chrome
[2024-02-21T09:06:08.813+0900] {logger.py:11} INFO - Driver [/home/ubuntu/.wdm/drivers/chromedriver/linux64/121.0.6167.184/chromedriver-linux64/chromedriver] found in cache
[2024-02-21T09:06:15.717+0900] {logger.py:11} INFO - ====== WebDriver manager ======
[2024-02-21T09:06:15.800+0900] {logger.py:11} INFO - Get LATEST chromedriver version for google-chrome
[2024-02-21T09:06:15.883+0900] {logger.py:11} INFO - Get LATEST chromedriver version for google-chrome
[2024-02-21T09:06:15.964+0900] {logger.py:11} INFO - Driver [/home/ubuntu/.wdm/drivers/chromedriver/linux64/121.0.6167.184/chromedriver-linux64/chromedriver] found in cache
[2024-02-21T09:06:22.373+0900] {logger.py:11} INFO - ====== WebDriver manager ======
[2024-02-21T09:06:22.455+0900] {logger.py:11} INFO - Get LATEST chromedriver version for google-chrome
[2024-02-21T09:06:22.536+0900] {logger.py:11} INFO - Get LATEST chromedriver version for google-chrome
[2024-02-21T09:06:22.622+0900] {logger.py:11} INFO - Driver [/home/ubuntu/.wdm/drivers/chromedriver/linux64/121.0.6167.184/chromedriver-linux64/chromedriver] found in cache
[2024-02-21T09:06:29.507+0900] {logger.py:11} INFO - ====== WebDriver manager ======
[2024-02-21T09:06:29.593+0900] {logger.py:11} INFO - Get LATEST chromedriver version for google-chrome
[2024-02-21T09:06:29.675+0900] {logger.py:11} INFO - Get LATEST chromedriver version for google-chrome
[2024-02-21T09:06:29.756+0900] {logger.py:11} INFO - Driver [/home/ubuntu/.wdm/drivers/chromedriver/linux64/121.0.6167.184/chromedriver-linux64/chromedriver] found in cache
[2024-02-21T09:06:35.906+0900] {logger.py:11} INFO - ====== WebDriver manager ======
[2024-02-21T09:06:35.986+0900] {logger.py:11} INFO - Get LATEST chromedriver version for google-chrome
[2024-02-21T09:06:36.068+0900] {logger.py:11} INFO - Get LATEST chromedriver version for google-chrome
[2024-02-21T09:06:36.148+0900] {logger.py:11} INFO - Driver [/home/ubuntu/.wdm/drivers/chromedriver/linux64/121.0.6167.184/chromedriver-linux64/chromedriver] found in cache
[2024-02-21T09:06:43.214+0900] {logger.py:11} INFO - ====== WebDriver manager ======
[2024-02-21T09:06:43.296+0900] {logger.py:11} INFO - Get LATEST chromedriver version for google-chrome
[2024-02-21T09:06:43.379+0900] {logger.py:11} INFO - Get LATEST chromedriver version for google-chrome
[2024-02-21T09:06:43.461+0900] {logger.py:11} INFO - Driver [/home/ubuntu/.wdm/drivers/chromedriver/linux64/121.0.6167.184/chromedriver-linux64/chromedriver] found in cache
[2024-02-21T09:06:50.908+0900] {logger.py:11} INFO - ====== WebDriver manager ======
[2024-02-21T09:06:50.988+0900] {logger.py:11} INFO - Get LATEST chromedriver version for google-chrome
[2024-02-21T09:06:51.069+0900] {logger.py:11} INFO - Get LATEST chromedriver version for google-chrome
[2024-02-21T09:06:51.150+0900] {logger.py:11} INFO - Driver [/home/ubuntu/.wdm/drivers/chromedriver/linux64/121.0.6167.184/chromedriver-linux64/chromedriver] found in cache
[2024-02-21T09:06:58.479+0900] {logger.py:11} INFO - ====== WebDriver manager ======
[2024-02-21T09:06:58.560+0900] {logger.py:11} INFO - Get LATEST chromedriver version for google-chrome
[2024-02-21T09:06:58.641+0900] {logger.py:11} INFO - Get LATEST chromedriver version for google-chrome
[2024-02-21T09:06:58.721+0900] {logger.py:11} INFO - Driver [/home/ubuntu/.wdm/drivers/chromedriver/linux64/121.0.6167.184/chromedriver-linux64/chromedriver] found in cache
[2024-02-21T09:07:05.655+0900] {logger.py:11} INFO - ====== WebDriver manager ======
[2024-02-21T09:07:05.736+0900] {logger.py:11} INFO - Get LATEST chromedriver version for google-chrome
[2024-02-21T09:07:05.818+0900] {logger.py:11} INFO - Get LATEST chromedriver version for google-chrome
[2024-02-21T09:07:05.898+0900] {logger.py:11} INFO - Driver [/home/ubuntu/.wdm/drivers/chromedriver/linux64/121.0.6167.184/chromedriver-linux64/chromedriver] found in cache
[2024-02-21T09:07:11.851+0900] {logger.py:11} INFO - ====== WebDriver manager ======
[2024-02-21T09:07:11.933+0900] {logger.py:11} INFO - Get LATEST chromedriver version for google-chrome
[2024-02-21T09:07:12.015+0900] {logger.py:11} INFO - Get LATEST chromedriver version for google-chrome
[2024-02-21T09:07:12.096+0900] {logger.py:11} INFO - Driver [/home/ubuntu/.wdm/drivers/chromedriver/linux64/121.0.6167.184/chromedriver-linux64/chromedriver] found in cache
[2024-02-21T09:07:18.420+0900] {logger.py:11} INFO - ====== WebDriver manager ======
[2024-02-21T09:07:18.502+0900] {logger.py:11} INFO - Get LATEST chromedriver version for google-chrome
[2024-02-21T09:07:18.584+0900] {logger.py:11} INFO - Get LATEST chromedriver version for google-chrome
[2024-02-21T09:07:18.667+0900] {logger.py:11} INFO - Driver [/home/ubuntu/.wdm/drivers/chromedriver/linux64/121.0.6167.184/chromedriver-linux64/chromedriver] found in cache
[2024-02-21T09:07:24.851+0900] {logger.py:11} INFO - ====== WebDriver manager ======
[2024-02-21T09:07:24.932+0900] {logger.py:11} INFO - Get LATEST chromedriver version for google-chrome
[2024-02-21T09:07:25.013+0900] {logger.py:11} INFO - Get LATEST chromedriver version for google-chrome
[2024-02-21T09:07:25.095+0900] {logger.py:11} INFO - Driver [/home/ubuntu/.wdm/drivers/chromedriver/linux64/121.0.6167.184/chromedriver-linux64/chromedriver] found in cache
[2024-02-21T09:07:33.696+0900] {python.py:201} INFO - Done. Returned value was: None
[2024-02-21T09:07:33.701+0900] {taskinstance.py:1138} INFO - Marking task as SUCCESS. dag_id=CollectCommunity, task_id=community_Content_Collect, execution_date=20240220T000000, start_date=20240221T000029, end_date=20240221T000733
[2024-02-21T09:07:33.755+0900] {local_task_job_runner.py:234} INFO - Task exited with return code 0
[2024-02-21T09:07:33.765+0900] {taskinstance.py:3280} INFO - 0 downstream tasks scheduled from follow-on schedule check
