[2024-02-16T09:00:33.275+0900] {taskinstance.py:1956} INFO - Dependencies all met for dep_context=non-requeueable deps ti=<TaskInstance: CollectCommunity.community_Content_Collect scheduled__2024-02-15T00:00:00+00:00 [queued]>
[2024-02-16T09:00:33.282+0900] {taskinstance.py:1956} INFO - Dependencies all met for dep_context=requeueable deps ti=<TaskInstance: CollectCommunity.community_Content_Collect scheduled__2024-02-15T00:00:00+00:00 [queued]>
[2024-02-16T09:00:33.282+0900] {taskinstance.py:2170} INFO - Starting attempt 1 of 1
[2024-02-16T09:00:33.459+0900] {taskinstance.py:2191} INFO - Executing <Task(PythonOperator): community_Content_Collect> on 2024-02-15 00:00:00+00:00
[2024-02-16T09:00:33.466+0900] {standard_task_runner.py:60} INFO - Started process 94020 to run task
[2024-02-16T09:00:33.470+0900] {standard_task_runner.py:87} INFO - Running: ['airflow', 'tasks', 'run', 'CollectCommunity', 'community_Content_Collect', 'scheduled__2024-02-15T00:00:00+00:00', '--job-id', '24', '--raw', '--subdir', 'DAGS_FOLDER/.ipynb_checkpoints/Community_Collect-checkpoint.py', '--cfg-path', '/tmp/tmpq9_wo07o']
[2024-02-16T09:00:33.472+0900] {standard_task_runner.py:88} INFO - Job 24: Subtask community_Content_Collect
[2024-02-16T09:00:33.518+0900] {task_command.py:423} INFO - Running <TaskInstance: CollectCommunity.community_Content_Collect scheduled__2024-02-15T00:00:00+00:00 [running]> on host ip-172-31-11-88.ap-northeast-2.compute.internal
[2024-02-16T09:00:33.583+0900] {taskinstance.py:2480} INFO - Exporting env vars: AIRFLOW_CTX_DAG_OWNER='airflow' AIRFLOW_CTX_DAG_ID='CollectCommunity' AIRFLOW_CTX_TASK_ID='community_Content_Collect' AIRFLOW_CTX_EXECUTION_DATE='2024-02-15T00:00:00+00:00' AIRFLOW_CTX_TRY_NUMBER='1' AIRFLOW_CTX_DAG_RUN_ID='scheduled__2024-02-15T00:00:00+00:00'
[2024-02-16T09:00:33.595+0900] {logger.py:11} INFO - ====== WebDriver manager ======
[2024-02-16T09:00:33.684+0900] {logger.py:11} INFO - Get LATEST chromedriver version for google-chrome
[2024-02-16T09:00:33.774+0900] {logger.py:11} INFO - Get LATEST chromedriver version for google-chrome
[2024-02-16T09:00:33.860+0900] {logger.py:11} INFO - Driver [/home/ubuntu/.wdm/drivers/chromedriver/linux64/121.0.6167.85/chromedriver-linux64/chromedriver] found in cache
[2024-02-16T09:00:49.396+0900] {logger.py:11} INFO - ====== WebDriver manager ======
[2024-02-16T09:00:49.487+0900] {logger.py:11} INFO - Get LATEST chromedriver version for google-chrome
[2024-02-16T09:00:49.572+0900] {logger.py:11} INFO - Get LATEST chromedriver version for google-chrome
[2024-02-16T09:00:49.656+0900] {logger.py:11} INFO - Driver [/home/ubuntu/.wdm/drivers/chromedriver/linux64/121.0.6167.85/chromedriver-linux64/chromedriver] found in cache
[2024-02-16T09:00:55.999+0900] {logger.py:11} INFO - ====== WebDriver manager ======
[2024-02-16T09:00:56.089+0900] {logger.py:11} INFO - Get LATEST chromedriver version for google-chrome
[2024-02-16T09:00:56.174+0900] {logger.py:11} INFO - Get LATEST chromedriver version for google-chrome
[2024-02-16T09:00:56.262+0900] {logger.py:11} INFO - Driver [/home/ubuntu/.wdm/drivers/chromedriver/linux64/121.0.6167.85/chromedriver-linux64/chromedriver] found in cache
[2024-02-16T09:01:03.080+0900] {logger.py:11} INFO - ====== WebDriver manager ======
[2024-02-16T09:01:03.172+0900] {logger.py:11} INFO - Get LATEST chromedriver version for google-chrome
[2024-02-16T09:01:03.256+0900] {logger.py:11} INFO - Get LATEST chromedriver version for google-chrome
[2024-02-16T09:01:03.339+0900] {logger.py:11} INFO - Driver [/home/ubuntu/.wdm/drivers/chromedriver/linux64/121.0.6167.85/chromedriver-linux64/chromedriver] found in cache
[2024-02-16T09:01:09.844+0900] {logger.py:11} INFO - ====== WebDriver manager ======
[2024-02-16T09:01:09.935+0900] {logger.py:11} INFO - Get LATEST chromedriver version for google-chrome
[2024-02-16T09:01:10.021+0900] {logger.py:11} INFO - Get LATEST chromedriver version for google-chrome
[2024-02-16T09:01:10.104+0900] {logger.py:11} INFO - Driver [/home/ubuntu/.wdm/drivers/chromedriver/linux64/121.0.6167.85/chromedriver-linux64/chromedriver] found in cache
[2024-02-16T09:01:16.134+0900] {logger.py:11} INFO - ====== WebDriver manager ======
[2024-02-16T09:01:16.224+0900] {logger.py:11} INFO - Get LATEST chromedriver version for google-chrome
[2024-02-16T09:01:16.308+0900] {logger.py:11} INFO - Get LATEST chromedriver version for google-chrome
[2024-02-16T09:01:16.391+0900] {logger.py:11} INFO - Driver [/home/ubuntu/.wdm/drivers/chromedriver/linux64/121.0.6167.85/chromedriver-linux64/chromedriver] found in cache
[2024-02-16T09:01:23.207+0900] {logger.py:11} INFO - ====== WebDriver manager ======
[2024-02-16T09:01:23.298+0900] {logger.py:11} INFO - Get LATEST chromedriver version for google-chrome
[2024-02-16T09:01:23.383+0900] {logger.py:11} INFO - Get LATEST chromedriver version for google-chrome
[2024-02-16T09:01:23.466+0900] {logger.py:11} INFO - Driver [/home/ubuntu/.wdm/drivers/chromedriver/linux64/121.0.6167.85/chromedriver-linux64/chromedriver] found in cache
[2024-02-16T09:01:29.264+0900] {logger.py:11} INFO - ====== WebDriver manager ======
[2024-02-16T09:01:29.354+0900] {logger.py:11} INFO - Get LATEST chromedriver version for google-chrome
[2024-02-16T09:01:29.438+0900] {logger.py:11} INFO - Get LATEST chromedriver version for google-chrome
[2024-02-16T09:01:29.520+0900] {logger.py:11} INFO - Driver [/home/ubuntu/.wdm/drivers/chromedriver/linux64/121.0.6167.85/chromedriver-linux64/chromedriver] found in cache
[2024-02-16T09:01:35.836+0900] {logger.py:11} INFO - ====== WebDriver manager ======
[2024-02-16T09:01:35.926+0900] {logger.py:11} INFO - Get LATEST chromedriver version for google-chrome
[2024-02-16T09:01:36.011+0900] {logger.py:11} INFO - Get LATEST chromedriver version for google-chrome
[2024-02-16T09:01:36.093+0900] {logger.py:11} INFO - Driver [/home/ubuntu/.wdm/drivers/chromedriver/linux64/121.0.6167.85/chromedriver-linux64/chromedriver] found in cache
[2024-02-16T09:01:41.001+0900] {logger.py:11} INFO - ====== WebDriver manager ======
[2024-02-16T09:01:41.092+0900] {logger.py:11} INFO - Get LATEST chromedriver version for google-chrome
[2024-02-16T09:01:41.176+0900] {logger.py:11} INFO - Get LATEST chromedriver version for google-chrome
[2024-02-16T09:01:41.260+0900] {logger.py:11} INFO - Driver [/home/ubuntu/.wdm/drivers/chromedriver/linux64/121.0.6167.85/chromedriver-linux64/chromedriver] found in cache
[2024-02-16T09:01:46.913+0900] {logger.py:11} INFO - ====== WebDriver manager ======
[2024-02-16T09:01:47.002+0900] {logger.py:11} INFO - Get LATEST chromedriver version for google-chrome
[2024-02-16T09:01:47.087+0900] {logger.py:11} INFO - Get LATEST chromedriver version for google-chrome
[2024-02-16T09:01:47.169+0900] {logger.py:11} INFO - Driver [/home/ubuntu/.wdm/drivers/chromedriver/linux64/121.0.6167.85/chromedriver-linux64/chromedriver] found in cache
[2024-02-16T09:02:01.621+0900] {logger.py:11} INFO - ====== WebDriver manager ======
[2024-02-16T09:02:01.712+0900] {logger.py:11} INFO - Get LATEST chromedriver version for google-chrome
[2024-02-16T09:02:01.796+0900] {logger.py:11} INFO - Get LATEST chromedriver version for google-chrome
[2024-02-16T09:02:01.880+0900] {logger.py:11} INFO - Driver [/home/ubuntu/.wdm/drivers/chromedriver/linux64/121.0.6167.85/chromedriver-linux64/chromedriver] found in cache
[2024-02-16T09:02:08.697+0900] {logger.py:11} INFO - ====== WebDriver manager ======
[2024-02-16T09:02:08.787+0900] {logger.py:11} INFO - Get LATEST chromedriver version for google-chrome
[2024-02-16T09:02:08.870+0900] {logger.py:11} INFO - Get LATEST chromedriver version for google-chrome
[2024-02-16T09:02:08.953+0900] {logger.py:11} INFO - Driver [/home/ubuntu/.wdm/drivers/chromedriver/linux64/121.0.6167.85/chromedriver-linux64/chromedriver] found in cache
[2024-02-16T09:02:14.690+0900] {logger.py:11} INFO - ====== WebDriver manager ======
[2024-02-16T09:02:14.779+0900] {logger.py:11} INFO - Get LATEST chromedriver version for google-chrome
[2024-02-16T09:02:14.862+0900] {logger.py:11} INFO - Get LATEST chromedriver version for google-chrome
[2024-02-16T09:02:14.945+0900] {logger.py:11} INFO - Driver [/home/ubuntu/.wdm/drivers/chromedriver/linux64/121.0.6167.85/chromedriver-linux64/chromedriver] found in cache
[2024-02-16T09:02:22.545+0900] {logger.py:11} INFO - ====== WebDriver manager ======
[2024-02-16T09:02:22.634+0900] {logger.py:11} INFO - Get LATEST chromedriver version for google-chrome
[2024-02-16T09:02:22.717+0900] {logger.py:11} INFO - Get LATEST chromedriver version for google-chrome
[2024-02-16T09:02:22.801+0900] {logger.py:11} INFO - Driver [/home/ubuntu/.wdm/drivers/chromedriver/linux64/121.0.6167.85/chromedriver-linux64/chromedriver] found in cache
[2024-02-16T09:02:29.155+0900] {logger.py:11} INFO - ====== WebDriver manager ======
[2024-02-16T09:02:29.246+0900] {logger.py:11} INFO - Get LATEST chromedriver version for google-chrome
[2024-02-16T09:02:29.331+0900] {logger.py:11} INFO - Get LATEST chromedriver version for google-chrome
[2024-02-16T09:02:29.414+0900] {logger.py:11} INFO - Driver [/home/ubuntu/.wdm/drivers/chromedriver/linux64/121.0.6167.85/chromedriver-linux64/chromedriver] found in cache
[2024-02-16T09:02:34.406+0900] {logger.py:11} INFO - ====== WebDriver manager ======
[2024-02-16T09:02:34.497+0900] {logger.py:11} INFO - Get LATEST chromedriver version for google-chrome
[2024-02-16T09:02:34.600+0900] {logger.py:11} INFO - Get LATEST chromedriver version for google-chrome
[2024-02-16T09:02:34.684+0900] {logger.py:11} INFO - Driver [/home/ubuntu/.wdm/drivers/chromedriver/linux64/121.0.6167.85/chromedriver-linux64/chromedriver] found in cache
[2024-02-16T09:02:40.004+0900] {logger.py:11} INFO - ====== WebDriver manager ======
[2024-02-16T09:02:40.095+0900] {logger.py:11} INFO - Get LATEST chromedriver version for google-chrome
[2024-02-16T09:02:40.179+0900] {logger.py:11} INFO - Get LATEST chromedriver version for google-chrome
[2024-02-16T09:02:40.262+0900] {logger.py:11} INFO - Driver [/home/ubuntu/.wdm/drivers/chromedriver/linux64/121.0.6167.85/chromedriver-linux64/chromedriver] found in cache
[2024-02-16T09:02:45.526+0900] {logger.py:11} INFO - ====== WebDriver manager ======
[2024-02-16T09:02:45.615+0900] {logger.py:11} INFO - Get LATEST chromedriver version for google-chrome
[2024-02-16T09:02:45.698+0900] {logger.py:11} INFO - Get LATEST chromedriver version for google-chrome
[2024-02-16T09:02:45.781+0900] {logger.py:11} INFO - Driver [/home/ubuntu/.wdm/drivers/chromedriver/linux64/121.0.6167.85/chromedriver-linux64/chromedriver] found in cache
[2024-02-16T09:02:51.798+0900] {logger.py:11} INFO - ====== WebDriver manager ======
[2024-02-16T09:02:51.888+0900] {logger.py:11} INFO - Get LATEST chromedriver version for google-chrome
[2024-02-16T09:02:51.970+0900] {logger.py:11} INFO - Get LATEST chromedriver version for google-chrome
[2024-02-16T09:02:52.054+0900] {logger.py:11} INFO - Driver [/home/ubuntu/.wdm/drivers/chromedriver/linux64/121.0.6167.85/chromedriver-linux64/chromedriver] found in cache
[2024-02-16T09:02:58.110+0900] {logger.py:11} INFO - ====== WebDriver manager ======
[2024-02-16T09:02:58.200+0900] {logger.py:11} INFO - Get LATEST chromedriver version for google-chrome
[2024-02-16T09:02:58.283+0900] {logger.py:11} INFO - Get LATEST chromedriver version for google-chrome
[2024-02-16T09:02:58.367+0900] {logger.py:11} INFO - Driver [/home/ubuntu/.wdm/drivers/chromedriver/linux64/121.0.6167.85/chromedriver-linux64/chromedriver] found in cache
[2024-02-16T09:03:12.622+0900] {logger.py:11} INFO - ====== WebDriver manager ======
[2024-02-16T09:03:12.710+0900] {logger.py:11} INFO - Get LATEST chromedriver version for google-chrome
[2024-02-16T09:03:12.793+0900] {logger.py:11} INFO - Get LATEST chromedriver version for google-chrome
[2024-02-16T09:03:12.875+0900] {logger.py:11} INFO - Driver [/home/ubuntu/.wdm/drivers/chromedriver/linux64/121.0.6167.85/chromedriver-linux64/chromedriver] found in cache
[2024-02-16T09:03:20.652+0900] {logger.py:11} INFO - ====== WebDriver manager ======
[2024-02-16T09:03:20.743+0900] {logger.py:11} INFO - Get LATEST chromedriver version for google-chrome
[2024-02-16T09:03:20.834+0900] {logger.py:11} INFO - Get LATEST chromedriver version for google-chrome
[2024-02-16T09:03:20.919+0900] {logger.py:11} INFO - Driver [/home/ubuntu/.wdm/drivers/chromedriver/linux64/121.0.6167.85/chromedriver-linux64/chromedriver] found in cache
[2024-02-16T09:03:26.737+0900] {logger.py:11} INFO - ====== WebDriver manager ======
[2024-02-16T09:03:26.826+0900] {logger.py:11} INFO - Get LATEST chromedriver version for google-chrome
[2024-02-16T09:03:26.910+0900] {logger.py:11} INFO - Get LATEST chromedriver version for google-chrome
[2024-02-16T09:03:26.994+0900] {logger.py:11} INFO - Driver [/home/ubuntu/.wdm/drivers/chromedriver/linux64/121.0.6167.85/chromedriver-linux64/chromedriver] found in cache
[2024-02-16T09:03:33.421+0900] {logger.py:11} INFO - ====== WebDriver manager ======
[2024-02-16T09:03:33.512+0900] {logger.py:11} INFO - Get LATEST chromedriver version for google-chrome
[2024-02-16T09:03:33.597+0900] {logger.py:11} INFO - Get LATEST chromedriver version for google-chrome
[2024-02-16T09:03:33.683+0900] {logger.py:11} INFO - Driver [/home/ubuntu/.wdm/drivers/chromedriver/linux64/121.0.6167.85/chromedriver-linux64/chromedriver] found in cache
[2024-02-16T09:03:39.860+0900] {logger.py:11} INFO - ====== WebDriver manager ======
[2024-02-16T09:03:39.949+0900] {logger.py:11} INFO - Get LATEST chromedriver version for google-chrome
[2024-02-16T09:03:40.032+0900] {logger.py:11} INFO - Get LATEST chromedriver version for google-chrome
[2024-02-16T09:03:40.116+0900] {logger.py:11} INFO - Driver [/home/ubuntu/.wdm/drivers/chromedriver/linux64/121.0.6167.85/chromedriver-linux64/chromedriver] found in cache
[2024-02-16T09:03:46.485+0900] {logger.py:11} INFO - ====== WebDriver manager ======
[2024-02-16T09:03:46.574+0900] {logger.py:11} INFO - Get LATEST chromedriver version for google-chrome
[2024-02-16T09:03:46.657+0900] {logger.py:11} INFO - Get LATEST chromedriver version for google-chrome
[2024-02-16T09:03:46.740+0900] {logger.py:11} INFO - Driver [/home/ubuntu/.wdm/drivers/chromedriver/linux64/121.0.6167.85/chromedriver-linux64/chromedriver] found in cache
[2024-02-16T09:03:52.467+0900] {logger.py:11} INFO - ====== WebDriver manager ======
[2024-02-16T09:03:52.555+0900] {logger.py:11} INFO - Get LATEST chromedriver version for google-chrome
[2024-02-16T09:03:52.651+0900] {logger.py:11} INFO - Get LATEST chromedriver version for google-chrome
[2024-02-16T09:03:52.735+0900] {logger.py:11} INFO - Driver [/home/ubuntu/.wdm/drivers/chromedriver/linux64/121.0.6167.85/chromedriver-linux64/chromedriver] found in cache
[2024-02-16T09:03:58.271+0900] {logger.py:11} INFO - ====== WebDriver manager ======
[2024-02-16T09:03:58.360+0900] {logger.py:11} INFO - Get LATEST chromedriver version for google-chrome
[2024-02-16T09:03:58.444+0900] {logger.py:11} INFO - Get LATEST chromedriver version for google-chrome
[2024-02-16T09:03:58.527+0900] {logger.py:11} INFO - Driver [/home/ubuntu/.wdm/drivers/chromedriver/linux64/121.0.6167.85/chromedriver-linux64/chromedriver] found in cache
[2024-02-16T09:04:05.618+0900] {logger.py:11} INFO - ====== WebDriver manager ======
[2024-02-16T09:04:05.707+0900] {logger.py:11} INFO - Get LATEST chromedriver version for google-chrome
[2024-02-16T09:04:05.791+0900] {logger.py:11} INFO - Get LATEST chromedriver version for google-chrome
[2024-02-16T09:04:05.874+0900] {logger.py:11} INFO - Driver [/home/ubuntu/.wdm/drivers/chromedriver/linux64/121.0.6167.85/chromedriver-linux64/chromedriver] found in cache
[2024-02-16T09:04:12.912+0900] {logger.py:11} INFO - ====== WebDriver manager ======
[2024-02-16T09:04:13.002+0900] {logger.py:11} INFO - Get LATEST chromedriver version for google-chrome
[2024-02-16T09:04:13.085+0900] {logger.py:11} INFO - Get LATEST chromedriver version for google-chrome
[2024-02-16T09:04:13.167+0900] {logger.py:11} INFO - Driver [/home/ubuntu/.wdm/drivers/chromedriver/linux64/121.0.6167.85/chromedriver-linux64/chromedriver] found in cache
[2024-02-16T09:04:29.501+0900] {logger.py:11} INFO - ====== WebDriver manager ======
[2024-02-16T09:04:29.591+0900] {logger.py:11} INFO - Get LATEST chromedriver version for google-chrome
[2024-02-16T09:04:29.675+0900] {logger.py:11} INFO - Get LATEST chromedriver version for google-chrome
[2024-02-16T09:04:29.760+0900] {logger.py:11} INFO - Driver [/home/ubuntu/.wdm/drivers/chromedriver/linux64/121.0.6167.85/chromedriver-linux64/chromedriver] found in cache
[2024-02-16T09:04:44.303+0900] {logger.py:11} INFO - ====== WebDriver manager ======
[2024-02-16T09:04:44.393+0900] {logger.py:11} INFO - Get LATEST chromedriver version for google-chrome
[2024-02-16T09:04:44.476+0900] {logger.py:11} INFO - Get LATEST chromedriver version for google-chrome
[2024-02-16T09:04:44.562+0900] {logger.py:11} INFO - Driver [/home/ubuntu/.wdm/drivers/chromedriver/linux64/121.0.6167.85/chromedriver-linux64/chromedriver] found in cache
[2024-02-16T09:04:49.898+0900] {logger.py:11} INFO - ====== WebDriver manager ======
[2024-02-16T09:04:49.986+0900] {logger.py:11} INFO - Get LATEST chromedriver version for google-chrome
[2024-02-16T09:04:50.069+0900] {logger.py:11} INFO - Get LATEST chromedriver version for google-chrome
[2024-02-16T09:04:50.152+0900] {logger.py:11} INFO - Driver [/home/ubuntu/.wdm/drivers/chromedriver/linux64/121.0.6167.85/chromedriver-linux64/chromedriver] found in cache
[2024-02-16T09:04:55.613+0900] {logger.py:11} INFO - ====== WebDriver manager ======
[2024-02-16T09:04:55.702+0900] {logger.py:11} INFO - Get LATEST chromedriver version for google-chrome
[2024-02-16T09:04:55.785+0900] {logger.py:11} INFO - Get LATEST chromedriver version for google-chrome
[2024-02-16T09:04:55.867+0900] {logger.py:11} INFO - Driver [/home/ubuntu/.wdm/drivers/chromedriver/linux64/121.0.6167.85/chromedriver-linux64/chromedriver] found in cache
[2024-02-16T09:05:01.541+0900] {logger.py:11} INFO - ====== WebDriver manager ======
[2024-02-16T09:05:01.633+0900] {logger.py:11} INFO - Get LATEST chromedriver version for google-chrome
[2024-02-16T09:05:01.717+0900] {logger.py:11} INFO - Get LATEST chromedriver version for google-chrome
[2024-02-16T09:05:01.802+0900] {logger.py:11} INFO - Driver [/home/ubuntu/.wdm/drivers/chromedriver/linux64/121.0.6167.85/chromedriver-linux64/chromedriver] found in cache
[2024-02-16T09:05:17.621+0900] {logger.py:11} INFO - ====== WebDriver manager ======
[2024-02-16T09:05:17.710+0900] {logger.py:11} INFO - Get LATEST chromedriver version for google-chrome
[2024-02-16T09:05:17.797+0900] {logger.py:11} INFO - Get LATEST chromedriver version for google-chrome
[2024-02-16T09:05:17.881+0900] {logger.py:11} INFO - Driver [/home/ubuntu/.wdm/drivers/chromedriver/linux64/121.0.6167.85/chromedriver-linux64/chromedriver] found in cache
[2024-02-16T09:05:23.433+0900] {logger.py:11} INFO - ====== WebDriver manager ======
[2024-02-16T09:05:23.524+0900] {logger.py:11} INFO - Get LATEST chromedriver version for google-chrome
[2024-02-16T09:05:23.608+0900] {logger.py:11} INFO - Get LATEST chromedriver version for google-chrome
[2024-02-16T09:05:23.693+0900] {logger.py:11} INFO - Driver [/home/ubuntu/.wdm/drivers/chromedriver/linux64/121.0.6167.85/chromedriver-linux64/chromedriver] found in cache
[2024-02-16T09:05:30.201+0900] {logger.py:11} INFO - ====== WebDriver manager ======
[2024-02-16T09:05:30.292+0900] {logger.py:11} INFO - Get LATEST chromedriver version for google-chrome
[2024-02-16T09:05:30.376+0900] {logger.py:11} INFO - Get LATEST chromedriver version for google-chrome
[2024-02-16T09:05:30.460+0900] {logger.py:11} INFO - Driver [/home/ubuntu/.wdm/drivers/chromedriver/linux64/121.0.6167.85/chromedriver-linux64/chromedriver] found in cache
[2024-02-16T09:05:36.156+0900] {logger.py:11} INFO - ====== WebDriver manager ======
[2024-02-16T09:05:36.245+0900] {logger.py:11} INFO - Get LATEST chromedriver version for google-chrome
[2024-02-16T09:05:36.328+0900] {logger.py:11} INFO - Get LATEST chromedriver version for google-chrome
[2024-02-16T09:05:36.411+0900] {logger.py:11} INFO - Driver [/home/ubuntu/.wdm/drivers/chromedriver/linux64/121.0.6167.85/chromedriver-linux64/chromedriver] found in cache
[2024-02-16T09:05:41.787+0900] {logger.py:11} INFO - ====== WebDriver manager ======
[2024-02-16T09:05:41.878+0900] {logger.py:11} INFO - Get LATEST chromedriver version for google-chrome
[2024-02-16T09:05:41.961+0900] {logger.py:11} INFO - Get LATEST chromedriver version for google-chrome
[2024-02-16T09:05:42.045+0900] {logger.py:11} INFO - Driver [/home/ubuntu/.wdm/drivers/chromedriver/linux64/121.0.6167.85/chromedriver-linux64/chromedriver] found in cache
[2024-02-16T09:05:47.464+0900] {logger.py:11} INFO - ====== WebDriver manager ======
[2024-02-16T09:05:47.554+0900] {logger.py:11} INFO - Get LATEST chromedriver version for google-chrome
[2024-02-16T09:05:47.639+0900] {logger.py:11} INFO - Get LATEST chromedriver version for google-chrome
[2024-02-16T09:05:47.722+0900] {logger.py:11} INFO - Driver [/home/ubuntu/.wdm/drivers/chromedriver/linux64/121.0.6167.85/chromedriver-linux64/chromedriver] found in cache
[2024-02-16T09:05:54.256+0900] {logger.py:11} INFO - ====== WebDriver manager ======
[2024-02-16T09:05:54.349+0900] {logger.py:11} INFO - Get LATEST chromedriver version for google-chrome
[2024-02-16T09:05:54.433+0900] {logger.py:11} INFO - Get LATEST chromedriver version for google-chrome
[2024-02-16T09:05:54.519+0900] {logger.py:11} INFO - Driver [/home/ubuntu/.wdm/drivers/chromedriver/linux64/121.0.6167.85/chromedriver-linux64/chromedriver] found in cache
[2024-02-16T09:06:09.897+0900] {logger.py:11} INFO - ====== WebDriver manager ======
[2024-02-16T09:06:09.988+0900] {logger.py:11} INFO - Get LATEST chromedriver version for google-chrome
[2024-02-16T09:06:10.072+0900] {logger.py:11} INFO - Get LATEST chromedriver version for google-chrome
[2024-02-16T09:06:10.156+0900] {logger.py:11} INFO - Driver [/home/ubuntu/.wdm/drivers/chromedriver/linux64/121.0.6167.85/chromedriver-linux64/chromedriver] found in cache
[2024-02-16T09:06:16.250+0900] {logger.py:11} INFO - ====== WebDriver manager ======
[2024-02-16T09:06:16.339+0900] {logger.py:11} INFO - Get LATEST chromedriver version for google-chrome
[2024-02-16T09:06:16.424+0900] {logger.py:11} INFO - Get LATEST chromedriver version for google-chrome
[2024-02-16T09:06:16.507+0900] {logger.py:11} INFO - Driver [/home/ubuntu/.wdm/drivers/chromedriver/linux64/121.0.6167.85/chromedriver-linux64/chromedriver] found in cache
[2024-02-16T09:06:25.337+0900] {logger.py:11} INFO - ====== WebDriver manager ======
[2024-02-16T09:06:25.426+0900] {logger.py:11} INFO - Get LATEST chromedriver version for google-chrome
[2024-02-16T09:06:25.510+0900] {logger.py:11} INFO - Get LATEST chromedriver version for google-chrome
[2024-02-16T09:06:25.593+0900] {logger.py:11} INFO - Driver [/home/ubuntu/.wdm/drivers/chromedriver/linux64/121.0.6167.85/chromedriver-linux64/chromedriver] found in cache
[2024-02-16T09:06:53.955+0900] {logger.py:11} INFO - ====== WebDriver manager ======
[2024-02-16T09:06:54.045+0900] {logger.py:11} INFO - Get LATEST chromedriver version for google-chrome
[2024-02-16T09:06:54.128+0900] {logger.py:11} INFO - Get LATEST chromedriver version for google-chrome
[2024-02-16T09:06:54.211+0900] {logger.py:11} INFO - Driver [/home/ubuntu/.wdm/drivers/chromedriver/linux64/121.0.6167.85/chromedriver-linux64/chromedriver] found in cache
[2024-02-16T09:07:00.405+0900] {logger.py:11} INFO - ====== WebDriver manager ======
[2024-02-16T09:07:00.494+0900] {logger.py:11} INFO - Get LATEST chromedriver version for google-chrome
[2024-02-16T09:07:00.577+0900] {logger.py:11} INFO - Get LATEST chromedriver version for google-chrome
[2024-02-16T09:07:00.661+0900] {logger.py:11} INFO - Driver [/home/ubuntu/.wdm/drivers/chromedriver/linux64/121.0.6167.85/chromedriver-linux64/chromedriver] found in cache
[2024-02-16T09:07:07.898+0900] {logger.py:11} INFO - ====== WebDriver manager ======
[2024-02-16T09:07:07.988+0900] {logger.py:11} INFO - Get LATEST chromedriver version for google-chrome
[2024-02-16T09:07:08.071+0900] {logger.py:11} INFO - Get LATEST chromedriver version for google-chrome
[2024-02-16T09:07:08.162+0900] {logger.py:11} INFO - Driver [/home/ubuntu/.wdm/drivers/chromedriver/linux64/121.0.6167.85/chromedriver-linux64/chromedriver] found in cache
[2024-02-16T09:07:13.746+0900] {logger.py:11} INFO - ====== WebDriver manager ======
[2024-02-16T09:07:13.837+0900] {logger.py:11} INFO - Get LATEST chromedriver version for google-chrome
[2024-02-16T09:07:13.923+0900] {logger.py:11} INFO - Get LATEST chromedriver version for google-chrome
[2024-02-16T09:07:14.007+0900] {logger.py:11} INFO - Driver [/home/ubuntu/.wdm/drivers/chromedriver/linux64/121.0.6167.85/chromedriver-linux64/chromedriver] found in cache
[2024-02-16T09:07:29.271+0900] {logger.py:11} INFO - ====== WebDriver manager ======
[2024-02-16T09:07:29.359+0900] {logger.py:11} INFO - Get LATEST chromedriver version for google-chrome
[2024-02-16T09:07:29.443+0900] {logger.py:11} INFO - Get LATEST chromedriver version for google-chrome
[2024-02-16T09:07:29.525+0900] {logger.py:11} INFO - Driver [/home/ubuntu/.wdm/drivers/chromedriver/linux64/121.0.6167.85/chromedriver-linux64/chromedriver] found in cache
[2024-02-16T09:07:44.908+0900] {logger.py:11} INFO - ====== WebDriver manager ======
[2024-02-16T09:07:44.999+0900] {logger.py:11} INFO - Get LATEST chromedriver version for google-chrome
[2024-02-16T09:07:45.082+0900] {logger.py:11} INFO - Get LATEST chromedriver version for google-chrome
[2024-02-16T09:07:45.166+0900] {logger.py:11} INFO - Driver [/home/ubuntu/.wdm/drivers/chromedriver/linux64/121.0.6167.85/chromedriver-linux64/chromedriver] found in cache
[2024-02-16T09:07:50.973+0900] {logger.py:11} INFO - ====== WebDriver manager ======
[2024-02-16T09:07:51.064+0900] {logger.py:11} INFO - Get LATEST chromedriver version for google-chrome
[2024-02-16T09:07:51.147+0900] {logger.py:11} INFO - Get LATEST chromedriver version for google-chrome
[2024-02-16T09:07:51.230+0900] {logger.py:11} INFO - Driver [/home/ubuntu/.wdm/drivers/chromedriver/linux64/121.0.6167.85/chromedriver-linux64/chromedriver] found in cache
[2024-02-16T09:07:57.583+0900] {logger.py:11} INFO - ====== WebDriver manager ======
[2024-02-16T09:07:57.675+0900] {logger.py:11} INFO - Get LATEST chromedriver version for google-chrome
[2024-02-16T09:07:57.758+0900] {logger.py:11} INFO - Get LATEST chromedriver version for google-chrome
[2024-02-16T09:07:57.841+0900] {logger.py:11} INFO - Driver [/home/ubuntu/.wdm/drivers/chromedriver/linux64/121.0.6167.85/chromedriver-linux64/chromedriver] found in cache
[2024-02-16T09:08:05.215+0900] {logger.py:11} INFO - ====== WebDriver manager ======
[2024-02-16T09:08:05.305+0900] {logger.py:11} INFO - Get LATEST chromedriver version for google-chrome
[2024-02-16T09:08:05.388+0900] {logger.py:11} INFO - Get LATEST chromedriver version for google-chrome
[2024-02-16T09:08:05.471+0900] {logger.py:11} INFO - Driver [/home/ubuntu/.wdm/drivers/chromedriver/linux64/121.0.6167.85/chromedriver-linux64/chromedriver] found in cache
[2024-02-16T09:08:11.972+0900] {logger.py:11} INFO - ====== WebDriver manager ======
[2024-02-16T09:08:12.061+0900] {logger.py:11} INFO - Get LATEST chromedriver version for google-chrome
[2024-02-16T09:08:12.146+0900] {logger.py:11} INFO - Get LATEST chromedriver version for google-chrome
[2024-02-16T09:08:12.229+0900] {logger.py:11} INFO - Driver [/home/ubuntu/.wdm/drivers/chromedriver/linux64/121.0.6167.85/chromedriver-linux64/chromedriver] found in cache
[2024-02-16T09:08:19.231+0900] {logger.py:11} INFO - ====== WebDriver manager ======
[2024-02-16T09:08:19.321+0900] {logger.py:11} INFO - Get LATEST chromedriver version for google-chrome
[2024-02-16T09:08:19.406+0900] {logger.py:11} INFO - Get LATEST chromedriver version for google-chrome
[2024-02-16T09:08:19.489+0900] {logger.py:11} INFO - Driver [/home/ubuntu/.wdm/drivers/chromedriver/linux64/121.0.6167.85/chromedriver-linux64/chromedriver] found in cache
[2024-02-16T09:08:26.479+0900] {logger.py:11} INFO - ====== WebDriver manager ======
[2024-02-16T09:08:26.569+0900] {logger.py:11} INFO - Get LATEST chromedriver version for google-chrome
[2024-02-16T09:08:26.653+0900] {logger.py:11} INFO - Get LATEST chromedriver version for google-chrome
[2024-02-16T09:08:26.736+0900] {logger.py:11} INFO - Driver [/home/ubuntu/.wdm/drivers/chromedriver/linux64/121.0.6167.85/chromedriver-linux64/chromedriver] found in cache
[2024-02-16T09:08:41.943+0900] {logger.py:11} INFO - ====== WebDriver manager ======
[2024-02-16T09:08:42.031+0900] {logger.py:11} INFO - Get LATEST chromedriver version for google-chrome
[2024-02-16T09:08:42.115+0900] {logger.py:11} INFO - Get LATEST chromedriver version for google-chrome
[2024-02-16T09:08:42.196+0900] {logger.py:11} INFO - Driver [/home/ubuntu/.wdm/drivers/chromedriver/linux64/121.0.6167.85/chromedriver-linux64/chromedriver] found in cache
[2024-02-16T09:09:01.650+0900] {logger.py:11} INFO - ====== WebDriver manager ======
[2024-02-16T09:09:01.740+0900] {logger.py:11} INFO - Get LATEST chromedriver version for google-chrome
[2024-02-16T09:09:01.825+0900] {logger.py:11} INFO - Get LATEST chromedriver version for google-chrome
[2024-02-16T09:09:01.909+0900] {logger.py:11} INFO - Driver [/home/ubuntu/.wdm/drivers/chromedriver/linux64/121.0.6167.85/chromedriver-linux64/chromedriver] found in cache
[2024-02-16T09:09:08.782+0900] {taskinstance.py:2698} ERROR - Task failed with exception
Traceback (most recent call last):
  File "/usr/local/lib/python3.10/dist-packages/airflow/models/taskinstance.py", line 433, in _execute_task
    result = execute_callable(context=context, **execute_callable_kwargs)
  File "/usr/local/lib/python3.10/dist-packages/airflow/operators/python.py", line 199, in execute
    return_value = self.execute_callable()
  File "/usr/local/lib/python3.10/dist-packages/airflow/operators/python.py", line 216, in execute_callable
    return self.python_callable(*self.op_args, **self.op_kwargs)
  File "/home/ubuntu/airflow/dags/.ipynb_checkpoints/Community_Collect-checkpoint.py", line 169, in community_Content_Collect
    df.to_csv(f"/home/hyunwoo/airflow/naver_news/{today}_IT.csv", index = None)
  File "/home/ubuntu/.local/lib/python3.10/site-packages/pandas/util/_decorators.py", line 333, in wrapper
    return func(*args, **kwargs)
  File "/home/ubuntu/.local/lib/python3.10/site-packages/pandas/core/generic.py", line 3961, in to_csv
    return DataFrameRenderer(formatter).to_csv(
  File "/home/ubuntu/.local/lib/python3.10/site-packages/pandas/io/formats/format.py", line 1014, in to_csv
    csv_formatter.save()
  File "/home/ubuntu/.local/lib/python3.10/site-packages/pandas/io/formats/csvs.py", line 251, in save
    with get_handle(
  File "/home/ubuntu/.local/lib/python3.10/site-packages/pandas/io/common.py", line 749, in get_handle
    check_parent_directory(str(handle))
  File "/home/ubuntu/.local/lib/python3.10/site-packages/pandas/io/common.py", line 616, in check_parent_directory
    raise OSError(rf"Cannot save file into a non-existent directory: '{parent}'")
OSError: Cannot save file into a non-existent directory: '/home/hyunwoo/airflow/naver_news'
[2024-02-16T09:09:08.790+0900] {taskinstance.py:1138} INFO - Marking task as FAILED. dag_id=CollectCommunity, task_id=community_Content_Collect, execution_date=20240215T000000, start_date=20240216T000033, end_date=20240216T000908
[2024-02-16T09:09:08.805+0900] {standard_task_runner.py:107} ERROR - Failed to execute job 24 for task community_Content_Collect (Cannot save file into a non-existent directory: '/home/hyunwoo/airflow/naver_news'; 94020)
[2024-02-16T09:09:08.838+0900] {local_task_job_runner.py:234} INFO - Task exited with return code 1
[2024-02-16T09:09:08.848+0900] {taskinstance.py:3280} INFO - 0 downstream tasks scheduled from follow-on schedule check
[2024-02-16T14:50:33.399+0900] {taskinstance.py:1956} INFO - Dependencies all met for dep_context=non-requeueable deps ti=<TaskInstance: CollectCommunity.community_Content_Collect scheduled__2024-02-15T00:00:00+00:00 [queued]>
[2024-02-16T14:50:33.408+0900] {taskinstance.py:1956} INFO - Dependencies all met for dep_context=requeueable deps ti=<TaskInstance: CollectCommunity.community_Content_Collect scheduled__2024-02-15T00:00:00+00:00 [queued]>
[2024-02-16T14:50:33.408+0900] {taskinstance.py:2170} INFO - Starting attempt 1 of 1
[2024-02-16T14:50:33.581+0900] {taskinstance.py:2191} INFO - Executing <Task(PythonOperator): community_Content_Collect> on 2024-02-15 00:00:00+00:00
[2024-02-16T14:50:33.588+0900] {standard_task_runner.py:60} INFO - Started process 156226 to run task
[2024-02-16T14:50:33.592+0900] {standard_task_runner.py:87} INFO - Running: ['airflow', 'tasks', 'run', 'CollectCommunity', 'community_Content_Collect', 'scheduled__2024-02-15T00:00:00+00:00', '--job-id', '32', '--raw', '--subdir', 'DAGS_FOLDER/Community_Collect.py', '--cfg-path', '/tmp/tmp96s1nr3k']
[2024-02-16T14:50:33.595+0900] {standard_task_runner.py:88} INFO - Job 32: Subtask community_Content_Collect
[2024-02-16T14:50:33.640+0900] {task_command.py:423} INFO - Running <TaskInstance: CollectCommunity.community_Content_Collect scheduled__2024-02-15T00:00:00+00:00 [running]> on host ip-172-31-11-88.ap-northeast-2.compute.internal
[2024-02-16T14:50:33.703+0900] {taskinstance.py:2480} INFO - Exporting env vars: AIRFLOW_CTX_DAG_OWNER='airflow' AIRFLOW_CTX_DAG_ID='CollectCommunity' AIRFLOW_CTX_TASK_ID='community_Content_Collect' AIRFLOW_CTX_EXECUTION_DATE='2024-02-15T00:00:00+00:00' AIRFLOW_CTX_TRY_NUMBER='1' AIRFLOW_CTX_DAG_RUN_ID='scheduled__2024-02-15T00:00:00+00:00'
[2024-02-16T14:50:33.715+0900] {logger.py:11} INFO - ====== WebDriver manager ======
[2024-02-16T14:50:33.809+0900] {logger.py:11} INFO - Get LATEST chromedriver version for google-chrome
[2024-02-16T14:50:33.902+0900] {logger.py:11} INFO - Get LATEST chromedriver version for google-chrome
[2024-02-16T14:50:33.986+0900] {logger.py:11} INFO - Driver [/home/ubuntu/.wdm/drivers/chromedriver/linux64/121.0.6167.85/chromedriver-linux64/chromedriver] found in cache
[2024-02-16T14:50:39.513+0900] {logger.py:11} INFO - ====== WebDriver manager ======
[2024-02-16T14:50:39.605+0900] {logger.py:11} INFO - Get LATEST chromedriver version for google-chrome
[2024-02-16T14:50:39.689+0900] {logger.py:11} INFO - Get LATEST chromedriver version for google-chrome
[2024-02-16T14:50:39.772+0900] {logger.py:11} INFO - Driver [/home/ubuntu/.wdm/drivers/chromedriver/linux64/121.0.6167.85/chromedriver-linux64/chromedriver] found in cache
[2024-02-16T14:50:45.530+0900] {logger.py:11} INFO - ====== WebDriver manager ======
[2024-02-16T14:50:45.622+0900] {logger.py:11} INFO - Get LATEST chromedriver version for google-chrome
[2024-02-16T14:50:45.721+0900] {logger.py:11} INFO - Get LATEST chromedriver version for google-chrome
[2024-02-16T14:50:45.872+0900] {logger.py:11} INFO - Driver [/home/ubuntu/.wdm/drivers/chromedriver/linux64/121.0.6167.85/chromedriver-linux64/chromedriver] found in cache
[2024-02-16T14:50:52.177+0900] {logger.py:11} INFO - ====== WebDriver manager ======
[2024-02-16T14:50:52.267+0900] {logger.py:11} INFO - Get LATEST chromedriver version for google-chrome
[2024-02-16T14:50:52.353+0900] {logger.py:11} INFO - Get LATEST chromedriver version for google-chrome
[2024-02-16T14:50:52.437+0900] {logger.py:11} INFO - Driver [/home/ubuntu/.wdm/drivers/chromedriver/linux64/121.0.6167.85/chromedriver-linux64/chromedriver] found in cache
[2024-02-16T14:50:58.524+0900] {logger.py:11} INFO - ====== WebDriver manager ======
[2024-02-16T14:50:58.685+0900] {logger.py:11} INFO - Get LATEST chromedriver version for google-chrome
[2024-02-16T14:50:58.774+0900] {logger.py:11} INFO - Get LATEST chromedriver version for google-chrome
[2024-02-16T14:50:58.858+0900] {logger.py:11} INFO - Driver [/home/ubuntu/.wdm/drivers/chromedriver/linux64/121.0.6167.85/chromedriver-linux64/chromedriver] found in cache
[2024-02-16T14:51:04.301+0900] {logger.py:11} INFO - ====== WebDriver manager ======
[2024-02-16T14:51:04.395+0900] {logger.py:11} INFO - Get LATEST chromedriver version for google-chrome
[2024-02-16T14:51:04.483+0900] {logger.py:11} INFO - Get LATEST chromedriver version for google-chrome
[2024-02-16T14:51:04.569+0900] {logger.py:11} INFO - Driver [/home/ubuntu/.wdm/drivers/chromedriver/linux64/121.0.6167.85/chromedriver-linux64/chromedriver] found in cache
[2024-02-16T14:51:09.973+0900] {logger.py:11} INFO - ====== WebDriver manager ======
[2024-02-16T14:51:10.064+0900] {logger.py:11} INFO - Get LATEST chromedriver version for google-chrome
[2024-02-16T14:51:10.150+0900] {logger.py:11} INFO - Get LATEST chromedriver version for google-chrome
[2024-02-16T14:51:10.235+0900] {logger.py:11} INFO - Driver [/home/ubuntu/.wdm/drivers/chromedriver/linux64/121.0.6167.85/chromedriver-linux64/chromedriver] found in cache
[2024-02-16T14:51:16.337+0900] {logger.py:11} INFO - ====== WebDriver manager ======
[2024-02-16T14:51:16.429+0900] {logger.py:11} INFO - Get LATEST chromedriver version for google-chrome
[2024-02-16T14:51:16.515+0900] {logger.py:11} INFO - Get LATEST chromedriver version for google-chrome
[2024-02-16T14:51:16.641+0900] {logger.py:11} INFO - Driver [/home/ubuntu/.wdm/drivers/chromedriver/linux64/121.0.6167.85/chromedriver-linux64/chromedriver] found in cache
[2024-02-16T14:51:22.669+0900] {logger.py:11} INFO - ====== WebDriver manager ======
[2024-02-16T14:51:22.759+0900] {logger.py:11} INFO - Get LATEST chromedriver version for google-chrome
[2024-02-16T14:51:22.844+0900] {logger.py:11} INFO - Get LATEST chromedriver version for google-chrome
[2024-02-16T14:51:22.927+0900] {logger.py:11} INFO - Driver [/home/ubuntu/.wdm/drivers/chromedriver/linux64/121.0.6167.85/chromedriver-linux64/chromedriver] found in cache
[2024-02-16T14:51:29.154+0900] {logger.py:11} INFO - ====== WebDriver manager ======
[2024-02-16T14:51:29.243+0900] {logger.py:11} INFO - Get LATEST chromedriver version for google-chrome
[2024-02-16T14:51:29.326+0900] {logger.py:11} INFO - Get LATEST chromedriver version for google-chrome
[2024-02-16T14:51:29.409+0900] {logger.py:11} INFO - Driver [/home/ubuntu/.wdm/drivers/chromedriver/linux64/121.0.6167.85/chromedriver-linux64/chromedriver] found in cache
[2024-02-16T14:51:35.156+0900] {logger.py:11} INFO - ====== WebDriver manager ======
[2024-02-16T14:51:35.247+0900] {logger.py:11} INFO - Get LATEST chromedriver version for google-chrome
[2024-02-16T14:51:35.332+0900] {logger.py:11} INFO - Get LATEST chromedriver version for google-chrome
[2024-02-16T14:51:35.415+0900] {logger.py:11} INFO - Driver [/home/ubuntu/.wdm/drivers/chromedriver/linux64/121.0.6167.85/chromedriver-linux64/chromedriver] found in cache
[2024-02-16T14:51:42.374+0900] {logger.py:11} INFO - ====== WebDriver manager ======
[2024-02-16T14:51:42.465+0900] {logger.py:11} INFO - Get LATEST chromedriver version for google-chrome
[2024-02-16T14:51:42.549+0900] {logger.py:11} INFO - Get LATEST chromedriver version for google-chrome
[2024-02-16T14:51:42.645+0900] {logger.py:11} INFO - Driver [/home/ubuntu/.wdm/drivers/chromedriver/linux64/121.0.6167.85/chromedriver-linux64/chromedriver] found in cache
[2024-02-16T14:51:48.817+0900] {logger.py:11} INFO - ====== WebDriver manager ======
[2024-02-16T14:51:48.909+0900] {logger.py:11} INFO - Get LATEST chromedriver version for google-chrome
[2024-02-16T14:51:48.994+0900] {logger.py:11} INFO - Get LATEST chromedriver version for google-chrome
[2024-02-16T14:51:49.079+0900] {logger.py:11} INFO - Driver [/home/ubuntu/.wdm/drivers/chromedriver/linux64/121.0.6167.85/chromedriver-linux64/chromedriver] found in cache
[2024-02-16T14:51:55.031+0900] {logger.py:11} INFO - ====== WebDriver manager ======
[2024-02-16T14:51:55.121+0900] {logger.py:11} INFO - Get LATEST chromedriver version for google-chrome
[2024-02-16T14:51:55.204+0900] {logger.py:11} INFO - Get LATEST chromedriver version for google-chrome
[2024-02-16T14:51:55.287+0900] {logger.py:11} INFO - Driver [/home/ubuntu/.wdm/drivers/chromedriver/linux64/121.0.6167.85/chromedriver-linux64/chromedriver] found in cache
[2024-02-16T14:52:01.656+0900] {logger.py:11} INFO - ====== WebDriver manager ======
[2024-02-16T14:52:01.745+0900] {logger.py:11} INFO - Get LATEST chromedriver version for google-chrome
[2024-02-16T14:52:01.830+0900] {logger.py:11} INFO - Get LATEST chromedriver version for google-chrome
[2024-02-16T14:52:01.914+0900] {logger.py:11} INFO - Driver [/home/ubuntu/.wdm/drivers/chromedriver/linux64/121.0.6167.85/chromedriver-linux64/chromedriver] found in cache
[2024-02-16T14:52:08.357+0900] {logger.py:11} INFO - ====== WebDriver manager ======
[2024-02-16T14:52:08.450+0900] {logger.py:11} INFO - Get LATEST chromedriver version for google-chrome
[2024-02-16T14:52:08.534+0900] {logger.py:11} INFO - Get LATEST chromedriver version for google-chrome
[2024-02-16T14:52:08.617+0900] {logger.py:11} INFO - Driver [/home/ubuntu/.wdm/drivers/chromedriver/linux64/121.0.6167.85/chromedriver-linux64/chromedriver] found in cache
[2024-02-16T14:52:16.802+0900] {logger.py:11} INFO - ====== WebDriver manager ======
[2024-02-16T14:52:16.894+0900] {logger.py:11} INFO - Get LATEST chromedriver version for google-chrome
[2024-02-16T14:52:16.981+0900] {logger.py:11} INFO - Get LATEST chromedriver version for google-chrome
[2024-02-16T14:52:17.064+0900] {logger.py:11} INFO - Driver [/home/ubuntu/.wdm/drivers/chromedriver/linux64/121.0.6167.85/chromedriver-linux64/chromedriver] found in cache
[2024-02-16T14:52:23.413+0900] {logger.py:11} INFO - ====== WebDriver manager ======
[2024-02-16T14:52:23.506+0900] {logger.py:11} INFO - Get LATEST chromedriver version for google-chrome
[2024-02-16T14:52:23.591+0900] {logger.py:11} INFO - Get LATEST chromedriver version for google-chrome
[2024-02-16T14:52:23.676+0900] {logger.py:11} INFO - Driver [/home/ubuntu/.wdm/drivers/chromedriver/linux64/121.0.6167.85/chromedriver-linux64/chromedriver] found in cache
[2024-02-16T14:52:30.005+0900] {logger.py:11} INFO - ====== WebDriver manager ======
[2024-02-16T14:52:30.094+0900] {logger.py:11} INFO - Get LATEST chromedriver version for google-chrome
[2024-02-16T14:52:30.178+0900] {logger.py:11} INFO - Get LATEST chromedriver version for google-chrome
[2024-02-16T14:52:30.261+0900] {logger.py:11} INFO - Driver [/home/ubuntu/.wdm/drivers/chromedriver/linux64/121.0.6167.85/chromedriver-linux64/chromedriver] found in cache
[2024-02-16T14:52:36.772+0900] {logger.py:11} INFO - ====== WebDriver manager ======
[2024-02-16T14:52:36.861+0900] {logger.py:11} INFO - Get LATEST chromedriver version for google-chrome
[2024-02-16T14:52:36.945+0900] {logger.py:11} INFO - Get LATEST chromedriver version for google-chrome
[2024-02-16T14:52:37.028+0900] {logger.py:11} INFO - Driver [/home/ubuntu/.wdm/drivers/chromedriver/linux64/121.0.6167.85/chromedriver-linux64/chromedriver] found in cache
[2024-02-16T14:52:43.498+0900] {logger.py:11} INFO - ====== WebDriver manager ======
[2024-02-16T14:52:43.589+0900] {logger.py:11} INFO - Get LATEST chromedriver version for google-chrome
[2024-02-16T14:52:43.674+0900] {logger.py:11} INFO - Get LATEST chromedriver version for google-chrome
[2024-02-16T14:52:43.758+0900] {logger.py:11} INFO - Driver [/home/ubuntu/.wdm/drivers/chromedriver/linux64/121.0.6167.85/chromedriver-linux64/chromedriver] found in cache
[2024-02-16T14:52:49.418+0900] {logger.py:11} INFO - ====== WebDriver manager ======
[2024-02-16T14:52:49.509+0900] {logger.py:11} INFO - Get LATEST chromedriver version for google-chrome
[2024-02-16T14:52:49.593+0900] {logger.py:11} INFO - Get LATEST chromedriver version for google-chrome
[2024-02-16T14:52:49.677+0900] {logger.py:11} INFO - Driver [/home/ubuntu/.wdm/drivers/chromedriver/linux64/121.0.6167.85/chromedriver-linux64/chromedriver] found in cache
[2024-02-16T14:52:55.962+0900] {logger.py:11} INFO - ====== WebDriver manager ======
[2024-02-16T14:52:56.052+0900] {logger.py:11} INFO - Get LATEST chromedriver version for google-chrome
[2024-02-16T14:52:56.135+0900] {logger.py:11} INFO - Get LATEST chromedriver version for google-chrome
[2024-02-16T14:52:56.218+0900] {logger.py:11} INFO - Driver [/home/ubuntu/.wdm/drivers/chromedriver/linux64/121.0.6167.85/chromedriver-linux64/chromedriver] found in cache
[2024-02-16T14:53:01.659+0900] {logger.py:11} INFO - ====== WebDriver manager ======
[2024-02-16T14:53:01.751+0900] {logger.py:11} INFO - Get LATEST chromedriver version for google-chrome
[2024-02-16T14:53:01.842+0900] {logger.py:11} INFO - Get LATEST chromedriver version for google-chrome
[2024-02-16T14:53:01.930+0900] {logger.py:11} INFO - Driver [/home/ubuntu/.wdm/drivers/chromedriver/linux64/121.0.6167.85/chromedriver-linux64/chromedriver] found in cache
[2024-02-16T14:53:08.529+0900] {logger.py:11} INFO - ====== WebDriver manager ======
[2024-02-16T14:53:08.623+0900] {logger.py:11} INFO - Get LATEST chromedriver version for google-chrome
[2024-02-16T14:53:08.707+0900] {logger.py:11} INFO - Get LATEST chromedriver version for google-chrome
[2024-02-16T14:53:08.795+0900] {logger.py:11} INFO - Driver [/home/ubuntu/.wdm/drivers/chromedriver/linux64/121.0.6167.85/chromedriver-linux64/chromedriver] found in cache
[2024-02-16T14:53:15.281+0900] {logger.py:11} INFO - ====== WebDriver manager ======
[2024-02-16T14:53:15.372+0900] {logger.py:11} INFO - Get LATEST chromedriver version for google-chrome
[2024-02-16T14:53:15.458+0900] {logger.py:11} INFO - Get LATEST chromedriver version for google-chrome
[2024-02-16T14:53:15.542+0900] {logger.py:11} INFO - Driver [/home/ubuntu/.wdm/drivers/chromedriver/linux64/121.0.6167.85/chromedriver-linux64/chromedriver] found in cache
[2024-02-16T14:53:21.989+0900] {logger.py:11} INFO - ====== WebDriver manager ======
[2024-02-16T14:53:22.080+0900] {logger.py:11} INFO - Get LATEST chromedriver version for google-chrome
[2024-02-16T14:53:22.164+0900] {logger.py:11} INFO - Get LATEST chromedriver version for google-chrome
[2024-02-16T14:53:22.247+0900] {logger.py:11} INFO - Driver [/home/ubuntu/.wdm/drivers/chromedriver/linux64/121.0.6167.85/chromedriver-linux64/chromedriver] found in cache
[2024-02-16T14:53:29.169+0900] {logger.py:11} INFO - ====== WebDriver manager ======
[2024-02-16T14:53:29.258+0900] {logger.py:11} INFO - Get LATEST chromedriver version for google-chrome
[2024-02-16T14:53:29.342+0900] {logger.py:11} INFO - Get LATEST chromedriver version for google-chrome
[2024-02-16T14:53:29.426+0900] {logger.py:11} INFO - Driver [/home/ubuntu/.wdm/drivers/chromedriver/linux64/121.0.6167.85/chromedriver-linux64/chromedriver] found in cache
[2024-02-16T14:53:35.121+0900] {logger.py:11} INFO - ====== WebDriver manager ======
[2024-02-16T14:53:35.214+0900] {logger.py:11} INFO - Get LATEST chromedriver version for google-chrome
[2024-02-16T14:53:35.298+0900] {logger.py:11} INFO - Get LATEST chromedriver version for google-chrome
[2024-02-16T14:53:35.382+0900] {logger.py:11} INFO - Driver [/home/ubuntu/.wdm/drivers/chromedriver/linux64/121.0.6167.85/chromedriver-linux64/chromedriver] found in cache
[2024-02-16T14:53:41.593+0900] {logger.py:11} INFO - ====== WebDriver manager ======
[2024-02-16T14:53:41.682+0900] {logger.py:11} INFO - Get LATEST chromedriver version for google-chrome
[2024-02-16T14:53:41.792+0900] {logger.py:11} INFO - Get LATEST chromedriver version for google-chrome
[2024-02-16T14:53:41.885+0900] {logger.py:11} INFO - Driver [/home/ubuntu/.wdm/drivers/chromedriver/linux64/121.0.6167.85/chromedriver-linux64/chromedriver] found in cache
[2024-02-16T14:53:47.961+0900] {logger.py:11} INFO - ====== WebDriver manager ======
[2024-02-16T14:53:48.051+0900] {logger.py:11} INFO - Get LATEST chromedriver version for google-chrome
[2024-02-16T14:53:48.136+0900] {logger.py:11} INFO - Get LATEST chromedriver version for google-chrome
[2024-02-16T14:53:48.218+0900] {logger.py:11} INFO - Driver [/home/ubuntu/.wdm/drivers/chromedriver/linux64/121.0.6167.85/chromedriver-linux64/chromedriver] found in cache
[2024-02-16T14:53:54.212+0900] {logger.py:11} INFO - ====== WebDriver manager ======
[2024-02-16T14:53:54.303+0900] {logger.py:11} INFO - Get LATEST chromedriver version for google-chrome
[2024-02-16T14:53:54.387+0900] {logger.py:11} INFO - Get LATEST chromedriver version for google-chrome
[2024-02-16T14:53:54.471+0900] {logger.py:11} INFO - Driver [/home/ubuntu/.wdm/drivers/chromedriver/linux64/121.0.6167.85/chromedriver-linux64/chromedriver] found in cache
[2024-02-16T14:53:58.948+0900] {logger.py:11} INFO - ====== WebDriver manager ======
[2024-02-16T14:53:59.037+0900] {logger.py:11} INFO - Get LATEST chromedriver version for google-chrome
[2024-02-16T14:53:59.122+0900] {logger.py:11} INFO - Get LATEST chromedriver version for google-chrome
[2024-02-16T14:53:59.205+0900] {logger.py:11} INFO - Driver [/home/ubuntu/.wdm/drivers/chromedriver/linux64/121.0.6167.85/chromedriver-linux64/chromedriver] found in cache
[2024-02-16T14:54:04.300+0900] {logger.py:11} INFO - ====== WebDriver manager ======
[2024-02-16T14:54:04.393+0900] {logger.py:11} INFO - Get LATEST chromedriver version for google-chrome
[2024-02-16T14:54:04.476+0900] {logger.py:11} INFO - Get LATEST chromedriver version for google-chrome
[2024-02-16T14:54:04.562+0900] {logger.py:11} INFO - Driver [/home/ubuntu/.wdm/drivers/chromedriver/linux64/121.0.6167.85/chromedriver-linux64/chromedriver] found in cache
[2024-02-16T14:54:09.360+0900] {logger.py:11} INFO - ====== WebDriver manager ======
[2024-02-16T14:54:09.452+0900] {logger.py:11} INFO - Get LATEST chromedriver version for google-chrome
[2024-02-16T14:54:09.537+0900] {logger.py:11} INFO - Get LATEST chromedriver version for google-chrome
[2024-02-16T14:54:09.621+0900] {logger.py:11} INFO - Driver [/home/ubuntu/.wdm/drivers/chromedriver/linux64/121.0.6167.85/chromedriver-linux64/chromedriver] found in cache
[2024-02-16T14:54:16.188+0900] {logger.py:11} INFO - ====== WebDriver manager ======
[2024-02-16T14:54:16.280+0900] {logger.py:11} INFO - Get LATEST chromedriver version for google-chrome
[2024-02-16T14:54:16.365+0900] {logger.py:11} INFO - Get LATEST chromedriver version for google-chrome
[2024-02-16T14:54:16.448+0900] {logger.py:11} INFO - Driver [/home/ubuntu/.wdm/drivers/chromedriver/linux64/121.0.6167.85/chromedriver-linux64/chromedriver] found in cache
[2024-02-16T14:54:22.401+0900] {logger.py:11} INFO - ====== WebDriver manager ======
[2024-02-16T14:54:22.492+0900] {logger.py:11} INFO - Get LATEST chromedriver version for google-chrome
[2024-02-16T14:54:22.576+0900] {logger.py:11} INFO - Get LATEST chromedriver version for google-chrome
[2024-02-16T14:54:22.659+0900] {logger.py:11} INFO - Driver [/home/ubuntu/.wdm/drivers/chromedriver/linux64/121.0.6167.85/chromedriver-linux64/chromedriver] found in cache
[2024-02-16T14:54:27.665+0900] {logger.py:11} INFO - ====== WebDriver manager ======
[2024-02-16T14:54:27.755+0900] {logger.py:11} INFO - Get LATEST chromedriver version for google-chrome
[2024-02-16T14:54:27.840+0900] {logger.py:11} INFO - Get LATEST chromedriver version for google-chrome
[2024-02-16T14:54:27.923+0900] {logger.py:11} INFO - Driver [/home/ubuntu/.wdm/drivers/chromedriver/linux64/121.0.6167.85/chromedriver-linux64/chromedriver] found in cache
[2024-02-16T14:54:44.480+0900] {logger.py:11} INFO - ====== WebDriver manager ======
[2024-02-16T14:54:44.572+0900] {logger.py:11} INFO - Get LATEST chromedriver version for google-chrome
[2024-02-16T14:54:44.657+0900] {logger.py:11} INFO - Get LATEST chromedriver version for google-chrome
[2024-02-16T14:54:44.740+0900] {logger.py:11} INFO - Driver [/home/ubuntu/.wdm/drivers/chromedriver/linux64/121.0.6167.85/chromedriver-linux64/chromedriver] found in cache
[2024-02-16T14:54:51.253+0900] {logger.py:11} INFO - ====== WebDriver manager ======
[2024-02-16T14:54:51.342+0900] {logger.py:11} INFO - Get LATEST chromedriver version for google-chrome
[2024-02-16T14:54:51.427+0900] {logger.py:11} INFO - Get LATEST chromedriver version for google-chrome
[2024-02-16T14:54:51.511+0900] {logger.py:11} INFO - Driver [/home/ubuntu/.wdm/drivers/chromedriver/linux64/121.0.6167.85/chromedriver-linux64/chromedriver] found in cache
[2024-02-16T14:54:57.217+0900] {logger.py:11} INFO - ====== WebDriver manager ======
[2024-02-16T14:54:57.310+0900] {logger.py:11} INFO - Get LATEST chromedriver version for google-chrome
[2024-02-16T14:54:57.396+0900] {logger.py:11} INFO - Get LATEST chromedriver version for google-chrome
[2024-02-16T14:54:57.480+0900] {logger.py:11} INFO - Driver [/home/ubuntu/.wdm/drivers/chromedriver/linux64/121.0.6167.85/chromedriver-linux64/chromedriver] found in cache
[2024-02-16T14:55:11.913+0900] {logger.py:11} INFO - ====== WebDriver manager ======
[2024-02-16T14:55:12.004+0900] {logger.py:11} INFO - Get LATEST chromedriver version for google-chrome
[2024-02-16T14:55:12.089+0900] {logger.py:11} INFO - Get LATEST chromedriver version for google-chrome
[2024-02-16T14:55:12.173+0900] {logger.py:11} INFO - Driver [/home/ubuntu/.wdm/drivers/chromedriver/linux64/121.0.6167.85/chromedriver-linux64/chromedriver] found in cache
[2024-02-16T14:55:17.848+0900] {logger.py:11} INFO - ====== WebDriver manager ======
[2024-02-16T14:55:17.939+0900] {logger.py:11} INFO - Get LATEST chromedriver version for google-chrome
[2024-02-16T14:55:18.034+0900] {logger.py:11} INFO - Get LATEST chromedriver version for google-chrome
[2024-02-16T14:55:18.118+0900] {logger.py:11} INFO - Driver [/home/ubuntu/.wdm/drivers/chromedriver/linux64/121.0.6167.85/chromedriver-linux64/chromedriver] found in cache
[2024-02-16T14:55:23.644+0900] {logger.py:11} INFO - ====== WebDriver manager ======
[2024-02-16T14:55:23.735+0900] {logger.py:11} INFO - Get LATEST chromedriver version for google-chrome
[2024-02-16T14:55:23.819+0900] {logger.py:11} INFO - Get LATEST chromedriver version for google-chrome
[2024-02-16T14:55:23.904+0900] {logger.py:11} INFO - Driver [/home/ubuntu/.wdm/drivers/chromedriver/linux64/121.0.6167.85/chromedriver-linux64/chromedriver] found in cache
[2024-02-16T14:55:29.766+0900] {logger.py:11} INFO - ====== WebDriver manager ======
[2024-02-16T14:55:29.856+0900] {logger.py:11} INFO - Get LATEST chromedriver version for google-chrome
[2024-02-16T14:55:29.940+0900] {logger.py:11} INFO - Get LATEST chromedriver version for google-chrome
[2024-02-16T14:55:30.023+0900] {logger.py:11} INFO - Driver [/home/ubuntu/.wdm/drivers/chromedriver/linux64/121.0.6167.85/chromedriver-linux64/chromedriver] found in cache
[2024-02-16T14:55:36.209+0900] {logger.py:11} INFO - ====== WebDriver manager ======
[2024-02-16T14:55:36.307+0900] {logger.py:11} INFO - Get LATEST chromedriver version for google-chrome
[2024-02-16T14:55:36.392+0900] {logger.py:11} INFO - Get LATEST chromedriver version for google-chrome
[2024-02-16T14:55:36.476+0900] {logger.py:11} INFO - Driver [/home/ubuntu/.wdm/drivers/chromedriver/linux64/121.0.6167.85/chromedriver-linux64/chromedriver] found in cache
[2024-02-16T14:55:42.531+0900] {logger.py:11} INFO - ====== WebDriver manager ======
[2024-02-16T14:55:42.623+0900] {logger.py:11} INFO - Get LATEST chromedriver version for google-chrome
[2024-02-16T14:55:42.707+0900] {logger.py:11} INFO - Get LATEST chromedriver version for google-chrome
[2024-02-16T14:55:42.791+0900] {logger.py:11} INFO - Driver [/home/ubuntu/.wdm/drivers/chromedriver/linux64/121.0.6167.85/chromedriver-linux64/chromedriver] found in cache
[2024-02-16T14:55:49.522+0900] {logger.py:11} INFO - ====== WebDriver manager ======
[2024-02-16T14:55:49.614+0900] {logger.py:11} INFO - Get LATEST chromedriver version for google-chrome
[2024-02-16T14:55:49.705+0900] {logger.py:11} INFO - Get LATEST chromedriver version for google-chrome
[2024-02-16T14:55:49.789+0900] {logger.py:11} INFO - Driver [/home/ubuntu/.wdm/drivers/chromedriver/linux64/121.0.6167.85/chromedriver-linux64/chromedriver] found in cache
[2024-02-16T14:56:05.449+0900] {logger.py:11} INFO - ====== WebDriver manager ======
[2024-02-16T14:56:05.540+0900] {logger.py:11} INFO - Get LATEST chromedriver version for google-chrome
[2024-02-16T14:56:05.623+0900] {logger.py:11} INFO - Get LATEST chromedriver version for google-chrome
[2024-02-16T14:56:05.707+0900] {logger.py:11} INFO - Driver [/home/ubuntu/.wdm/drivers/chromedriver/linux64/121.0.6167.85/chromedriver-linux64/chromedriver] found in cache
[2024-02-16T14:56:10.421+0900] {logger.py:11} INFO - ====== WebDriver manager ======
[2024-02-16T14:56:10.515+0900] {logger.py:11} INFO - Get LATEST chromedriver version for google-chrome
[2024-02-16T14:56:10.624+0900] {logger.py:11} INFO - Get LATEST chromedriver version for google-chrome
[2024-02-16T14:56:10.708+0900] {logger.py:11} INFO - Driver [/home/ubuntu/.wdm/drivers/chromedriver/linux64/121.0.6167.85/chromedriver-linux64/chromedriver] found in cache
[2024-02-16T14:56:17.899+0900] {logger.py:11} INFO - ====== WebDriver manager ======
[2024-02-16T14:56:17.989+0900] {logger.py:11} INFO - Get LATEST chromedriver version for google-chrome
[2024-02-16T14:56:18.074+0900] {logger.py:11} INFO - Get LATEST chromedriver version for google-chrome
[2024-02-16T14:56:18.158+0900] {logger.py:11} INFO - Driver [/home/ubuntu/.wdm/drivers/chromedriver/linux64/121.0.6167.85/chromedriver-linux64/chromedriver] found in cache
[2024-02-16T14:56:45.818+0900] {logger.py:11} INFO - ====== WebDriver manager ======
[2024-02-16T14:56:45.907+0900] {logger.py:11} INFO - Get LATEST chromedriver version for google-chrome
[2024-02-16T14:56:45.993+0900] {logger.py:11} INFO - Get LATEST chromedriver version for google-chrome
[2024-02-16T14:56:46.076+0900] {logger.py:11} INFO - Driver [/home/ubuntu/.wdm/drivers/chromedriver/linux64/121.0.6167.85/chromedriver-linux64/chromedriver] found in cache
[2024-02-16T14:56:52.260+0900] {logger.py:11} INFO - ====== WebDriver manager ======
[2024-02-16T14:56:52.351+0900] {logger.py:11} INFO - Get LATEST chromedriver version for google-chrome
[2024-02-16T14:56:52.437+0900] {logger.py:11} INFO - Get LATEST chromedriver version for google-chrome
[2024-02-16T14:56:52.521+0900] {logger.py:11} INFO - Driver [/home/ubuntu/.wdm/drivers/chromedriver/linux64/121.0.6167.85/chromedriver-linux64/chromedriver] found in cache
[2024-02-16T14:56:58.857+0900] {logger.py:11} INFO - ====== WebDriver manager ======
[2024-02-16T14:56:58.947+0900] {logger.py:11} INFO - Get LATEST chromedriver version for google-chrome
[2024-02-16T14:56:59.031+0900] {logger.py:11} INFO - Get LATEST chromedriver version for google-chrome
[2024-02-16T14:56:59.114+0900] {logger.py:11} INFO - Driver [/home/ubuntu/.wdm/drivers/chromedriver/linux64/121.0.6167.85/chromedriver-linux64/chromedriver] found in cache
[2024-02-16T14:57:04.613+0900] {logger.py:11} INFO - ====== WebDriver manager ======
[2024-02-16T14:57:04.706+0900] {logger.py:11} INFO - Get LATEST chromedriver version for google-chrome
[2024-02-16T14:57:04.791+0900] {logger.py:11} INFO - Get LATEST chromedriver version for google-chrome
[2024-02-16T14:57:04.875+0900] {logger.py:11} INFO - Driver [/home/ubuntu/.wdm/drivers/chromedriver/linux64/121.0.6167.85/chromedriver-linux64/chromedriver] found in cache
[2024-02-16T14:57:20.826+0900] {logger.py:11} INFO - ====== WebDriver manager ======
[2024-02-16T14:57:20.915+0900] {logger.py:11} INFO - Get LATEST chromedriver version for google-chrome
[2024-02-16T14:57:21.002+0900] {logger.py:11} INFO - Get LATEST chromedriver version for google-chrome
[2024-02-16T14:57:21.085+0900] {logger.py:11} INFO - Driver [/home/ubuntu/.wdm/drivers/chromedriver/linux64/121.0.6167.85/chromedriver-linux64/chromedriver] found in cache
[2024-02-16T14:57:36.551+0900] {logger.py:11} INFO - ====== WebDriver manager ======
[2024-02-16T14:57:36.642+0900] {logger.py:11} INFO - Get LATEST chromedriver version for google-chrome
[2024-02-16T14:57:36.728+0900] {logger.py:11} INFO - Get LATEST chromedriver version for google-chrome
[2024-02-16T14:57:36.811+0900] {logger.py:11} INFO - Driver [/home/ubuntu/.wdm/drivers/chromedriver/linux64/121.0.6167.85/chromedriver-linux64/chromedriver] found in cache
[2024-02-16T14:57:43.459+0900] {logger.py:11} INFO - ====== WebDriver manager ======
[2024-02-16T14:57:43.550+0900] {logger.py:11} INFO - Get LATEST chromedriver version for google-chrome
[2024-02-16T14:57:43.634+0900] {logger.py:11} INFO - Get LATEST chromedriver version for google-chrome
[2024-02-16T14:57:43.718+0900] {logger.py:11} INFO - Driver [/home/ubuntu/.wdm/drivers/chromedriver/linux64/121.0.6167.85/chromedriver-linux64/chromedriver] found in cache
[2024-02-16T14:57:49.101+0900] {logger.py:11} INFO - ====== WebDriver manager ======
[2024-02-16T14:57:49.389+0900] {logger.py:11} INFO - Get LATEST chromedriver version for google-chrome
[2024-02-16T14:57:49.475+0900] {logger.py:11} INFO - Get LATEST chromedriver version for google-chrome
[2024-02-16T14:57:49.558+0900] {logger.py:11} INFO - Driver [/home/ubuntu/.wdm/drivers/chromedriver/linux64/121.0.6167.85/chromedriver-linux64/chromedriver] found in cache
[2024-02-16T14:57:56.946+0900] {logger.py:11} INFO - ====== WebDriver manager ======
[2024-02-16T14:57:57.036+0900] {logger.py:11} INFO - Get LATEST chromedriver version for google-chrome
[2024-02-16T14:57:57.121+0900] {logger.py:11} INFO - Get LATEST chromedriver version for google-chrome
[2024-02-16T14:57:57.204+0900] {logger.py:11} INFO - Driver [/home/ubuntu/.wdm/drivers/chromedriver/linux64/121.0.6167.85/chromedriver-linux64/chromedriver] found in cache
[2024-02-16T14:58:02.463+0900] {python.py:201} INFO - Done. Returned value was: None
[2024-02-16T14:58:02.469+0900] {taskinstance.py:1138} INFO - Marking task as SUCCESS. dag_id=CollectCommunity, task_id=community_Content_Collect, execution_date=20240215T000000, start_date=20240216T055033, end_date=20240216T055802
[2024-02-16T14:58:02.507+0900] {local_task_job_runner.py:234} INFO - Task exited with return code 0
[2024-02-16T14:58:02.518+0900] {taskinstance.py:3280} INFO - 0 downstream tasks scheduled from follow-on schedule check
