[2024-02-19T09:29:35.892+0900] {taskinstance.py:1956} INFO - Dependencies all met for dep_context=non-requeueable deps ti=<TaskInstance: CollectCommunity.community_Content_Collect scheduled__2024-02-18T00:00:00+00:00 [queued]>
[2024-02-19T09:29:35.902+0900] {taskinstance.py:1956} INFO - Dependencies all met for dep_context=requeueable deps ti=<TaskInstance: CollectCommunity.community_Content_Collect scheduled__2024-02-18T00:00:00+00:00 [queued]>
[2024-02-19T09:29:35.902+0900] {taskinstance.py:2170} INFO - Starting attempt 1 of 1
[2024-02-19T09:29:36.142+0900] {taskinstance.py:2191} INFO - Executing <Task(PythonOperator): community_Content_Collect> on 2024-02-18 00:00:00+00:00
[2024-02-19T09:29:36.150+0900] {standard_task_runner.py:60} INFO - Started process 835301 to run task
[2024-02-19T09:29:36.159+0900] {standard_task_runner.py:87} INFO - Running: ['airflow', 'tasks', 'run', 'CollectCommunity', 'community_Content_Collect', 'scheduled__2024-02-18T00:00:00+00:00', '--job-id', '62', '--raw', '--subdir', 'DAGS_FOLDER/.ipynb_checkpoints/Community_Collect-checkpoint.py', '--cfg-path', '/tmp/tmpwc67jji9']
[2024-02-19T09:29:36.162+0900] {standard_task_runner.py:88} INFO - Job 62: Subtask community_Content_Collect
[2024-02-19T09:29:36.204+0900] {task_command.py:423} INFO - Running <TaskInstance: CollectCommunity.community_Content_Collect scheduled__2024-02-18T00:00:00+00:00 [running]> on host ip-172-31-11-88.ap-northeast-2.compute.internal
[2024-02-19T09:29:36.269+0900] {taskinstance.py:2480} INFO - Exporting env vars: AIRFLOW_CTX_DAG_OWNER='airflow' AIRFLOW_CTX_DAG_ID='CollectCommunity' AIRFLOW_CTX_TASK_ID='community_Content_Collect' AIRFLOW_CTX_EXECUTION_DATE='2024-02-18T00:00:00+00:00' AIRFLOW_CTX_TRY_NUMBER='1' AIRFLOW_CTX_DAG_RUN_ID='scheduled__2024-02-18T00:00:00+00:00'
[2024-02-19T09:29:36.283+0900] {logger.py:11} INFO - ====== WebDriver manager ======
[2024-02-19T09:29:36.371+0900] {logger.py:11} INFO - Get LATEST chromedriver version for google-chrome
[2024-02-19T09:29:36.476+0900] {logger.py:11} INFO - Get LATEST chromedriver version for google-chrome
[2024-02-19T09:29:36.558+0900] {logger.py:11} INFO - Driver [/home/ubuntu/.wdm/drivers/chromedriver/linux64/121.0.6167.184/chromedriver-linux64/chromedriver] found in cache
[2024-02-19T09:29:42.933+0900] {logger.py:11} INFO - ====== WebDriver manager ======
[2024-02-19T09:29:43.030+0900] {logger.py:11} INFO - Get LATEST chromedriver version for google-chrome
[2024-02-19T09:29:43.115+0900] {logger.py:11} INFO - Get LATEST chromedriver version for google-chrome
[2024-02-19T09:29:43.197+0900] {logger.py:11} INFO - Driver [/home/ubuntu/.wdm/drivers/chromedriver/linux64/121.0.6167.184/chromedriver-linux64/chromedriver] found in cache
[2024-02-19T09:29:50.631+0900] {logger.py:11} INFO - ====== WebDriver manager ======
[2024-02-19T09:29:50.767+0900] {logger.py:11} INFO - Get LATEST chromedriver version for google-chrome
[2024-02-19T09:29:50.933+0900] {logger.py:11} INFO - Get LATEST chromedriver version for google-chrome
[2024-02-19T09:29:51.100+0900] {logger.py:11} INFO - Driver [/home/ubuntu/.wdm/drivers/chromedriver/linux64/121.0.6167.184/chromedriver-linux64/chromedriver] found in cache
[2024-02-19T09:29:58.181+0900] {logger.py:11} INFO - ====== WebDriver manager ======
[2024-02-19T09:29:58.275+0900] {logger.py:11} INFO - Get LATEST chromedriver version for google-chrome
[2024-02-19T09:29:58.393+0900] {logger.py:11} INFO - Get LATEST chromedriver version for google-chrome
[2024-02-19T09:29:58.477+0900] {logger.py:11} INFO - Driver [/home/ubuntu/.wdm/drivers/chromedriver/linux64/121.0.6167.184/chromedriver-linux64/chromedriver] found in cache
[2024-02-19T09:30:06.049+0900] {logger.py:11} INFO - ====== WebDriver manager ======
[2024-02-19T09:30:06.147+0900] {logger.py:11} INFO - Get LATEST chromedriver version for google-chrome
[2024-02-19T09:30:06.252+0900] {logger.py:11} INFO - Get LATEST chromedriver version for google-chrome
[2024-02-19T09:30:06.355+0900] {logger.py:11} INFO - Driver [/home/ubuntu/.wdm/drivers/chromedriver/linux64/121.0.6167.184/chromedriver-linux64/chromedriver] found in cache
[2024-02-19T09:30:13.657+0900] {logger.py:11} INFO - ====== WebDriver manager ======
[2024-02-19T09:30:13.756+0900] {logger.py:11} INFO - Get LATEST chromedriver version for google-chrome
[2024-02-19T09:30:13.841+0900] {logger.py:11} INFO - Get LATEST chromedriver version for google-chrome
[2024-02-19T09:30:13.934+0900] {logger.py:11} INFO - Driver [/home/ubuntu/.wdm/drivers/chromedriver/linux64/121.0.6167.184/chromedriver-linux64/chromedriver] found in cache
[2024-02-19T09:30:20.873+0900] {logger.py:11} INFO - ====== WebDriver manager ======
[2024-02-19T09:30:20.972+0900] {logger.py:11} INFO - Get LATEST chromedriver version for google-chrome
[2024-02-19T09:30:21.093+0900] {logger.py:11} INFO - Get LATEST chromedriver version for google-chrome
[2024-02-19T09:30:21.202+0900] {logger.py:11} INFO - Driver [/home/ubuntu/.wdm/drivers/chromedriver/linux64/121.0.6167.184/chromedriver-linux64/chromedriver] found in cache
[2024-02-19T09:30:27.620+0900] {logger.py:11} INFO - ====== WebDriver manager ======
[2024-02-19T09:30:27.711+0900] {logger.py:11} INFO - Get LATEST chromedriver version for google-chrome
[2024-02-19T09:30:27.796+0900] {logger.py:11} INFO - Get LATEST chromedriver version for google-chrome
[2024-02-19T09:30:27.880+0900] {logger.py:11} INFO - Driver [/home/ubuntu/.wdm/drivers/chromedriver/linux64/121.0.6167.184/chromedriver-linux64/chromedriver] found in cache
[2024-02-19T09:30:35.717+0900] {logger.py:11} INFO - ====== WebDriver manager ======
[2024-02-19T09:30:35.834+0900] {logger.py:11} INFO - Get LATEST chromedriver version for google-chrome
[2024-02-19T09:30:35.950+0900] {logger.py:11} INFO - Get LATEST chromedriver version for google-chrome
[2024-02-19T09:30:36.065+0900] {logger.py:11} INFO - Driver [/home/ubuntu/.wdm/drivers/chromedriver/linux64/121.0.6167.184/chromedriver-linux64/chromedriver] found in cache
[2024-02-19T09:30:44.654+0900] {logger.py:11} INFO - ====== WebDriver manager ======
[2024-02-19T09:30:44.744+0900] {logger.py:11} INFO - Get LATEST chromedriver version for google-chrome
[2024-02-19T09:30:44.828+0900] {logger.py:11} INFO - Get LATEST chromedriver version for google-chrome
[2024-02-19T09:30:44.911+0900] {logger.py:11} INFO - Driver [/home/ubuntu/.wdm/drivers/chromedriver/linux64/121.0.6167.184/chromedriver-linux64/chromedriver] found in cache
[2024-02-19T09:30:49.477+0900] {logger.py:11} INFO - ====== WebDriver manager ======
[2024-02-19T09:30:49.568+0900] {logger.py:11} INFO - Get LATEST chromedriver version for google-chrome
[2024-02-19T09:30:49.652+0900] {logger.py:11} INFO - Get LATEST chromedriver version for google-chrome
[2024-02-19T09:30:49.738+0900] {logger.py:11} INFO - Driver [/home/ubuntu/.wdm/drivers/chromedriver/linux64/121.0.6167.184/chromedriver-linux64/chromedriver] found in cache
