[2024-02-16T09:00:04.720+0900] {taskinstance.py:1956} INFO - Dependencies all met for dep_context=non-requeueable deps ti=<TaskInstance: CollectCommunity.community_Collect scheduled__2024-02-15T00:00:00+00:00 [queued]>
[2024-02-16T09:00:04.727+0900] {taskinstance.py:1956} INFO - Dependencies all met for dep_context=requeueable deps ti=<TaskInstance: CollectCommunity.community_Collect scheduled__2024-02-15T00:00:00+00:00 [queued]>
[2024-02-16T09:00:04.727+0900] {taskinstance.py:2170} INFO - Starting attempt 1 of 1
[2024-02-16T09:00:04.901+0900] {taskinstance.py:2191} INFO - Executing <Task(PythonOperator): community_Collect> on 2024-02-15 00:00:00+00:00
[2024-02-16T09:00:04.908+0900] {standard_task_runner.py:60} INFO - Started process 93911 to run task
[2024-02-16T09:00:04.912+0900] {standard_task_runner.py:87} INFO - Running: ['airflow', 'tasks', 'run', 'CollectCommunity', 'community_Collect', 'scheduled__2024-02-15T00:00:00+00:00', '--job-id', '22', '--raw', '--subdir', 'DAGS_FOLDER/.ipynb_checkpoints/Community_Collect-checkpoint.py', '--cfg-path', '/tmp/tmpfkp1racq']
[2024-02-16T09:00:04.914+0900] {standard_task_runner.py:88} INFO - Job 22: Subtask community_Collect
[2024-02-16T09:00:04.959+0900] {task_command.py:423} INFO - Running <TaskInstance: CollectCommunity.community_Collect scheduled__2024-02-15T00:00:00+00:00 [running]> on host ip-172-31-11-88.ap-northeast-2.compute.internal
[2024-02-16T09:00:05.024+0900] {taskinstance.py:2480} INFO - Exporting env vars: AIRFLOW_CTX_DAG_OWNER='airflow' AIRFLOW_CTX_DAG_ID='CollectCommunity' AIRFLOW_CTX_TASK_ID='community_Collect' AIRFLOW_CTX_EXECUTION_DATE='2024-02-15T00:00:00+00:00' AIRFLOW_CTX_TRY_NUMBER='1' AIRFLOW_CTX_DAG_RUN_ID='scheduled__2024-02-15T00:00:00+00:00'
[2024-02-16T09:00:08.697+0900] {python.py:201} INFO - Done. Returned value was: None
[2024-02-16T09:00:08.703+0900] {taskinstance.py:1138} INFO - Marking task as SUCCESS. dag_id=CollectCommunity, task_id=community_Collect, execution_date=20240215T000000, start_date=20240216T000004, end_date=20240216T000008
[2024-02-16T09:00:08.741+0900] {local_task_job_runner.py:234} INFO - Task exited with return code 0
[2024-02-16T09:00:08.760+0900] {taskinstance.py:3280} INFO - 1 downstream tasks scheduled from follow-on schedule check
[2024-02-16T14:49:19.233+0900] {taskinstance.py:1956} INFO - Dependencies all met for dep_context=non-requeueable deps ti=<TaskInstance: CollectCommunity.community_Collect scheduled__2024-02-15T00:00:00+00:00 [queued]>
[2024-02-16T14:49:19.241+0900] {taskinstance.py:1956} INFO - Dependencies all met for dep_context=requeueable deps ti=<TaskInstance: CollectCommunity.community_Collect scheduled__2024-02-15T00:00:00+00:00 [queued]>
[2024-02-16T14:49:19.249+0900] {taskinstance.py:2170} INFO - Starting attempt 1 of 1
[2024-02-16T14:49:19.449+0900] {taskinstance.py:2191} INFO - Executing <Task(PythonOperator): community_Collect> on 2024-02-15 00:00:00+00:00
[2024-02-16T14:49:19.456+0900] {standard_task_runner.py:60} INFO - Started process 155786 to run task
[2024-02-16T14:49:19.460+0900] {standard_task_runner.py:87} INFO - Running: ['airflow', 'tasks', 'run', 'CollectCommunity', 'community_Collect', 'scheduled__2024-02-15T00:00:00+00:00', '--job-id', '30', '--raw', '--subdir', 'DAGS_FOLDER/Community_Collect.py', '--cfg-path', '/tmp/tmprn45clc2']
[2024-02-16T14:49:19.463+0900] {standard_task_runner.py:88} INFO - Job 30: Subtask community_Collect
[2024-02-16T14:49:19.508+0900] {task_command.py:423} INFO - Running <TaskInstance: CollectCommunity.community_Collect scheduled__2024-02-15T00:00:00+00:00 [running]> on host ip-172-31-11-88.ap-northeast-2.compute.internal
[2024-02-16T14:49:19.575+0900] {taskinstance.py:2480} INFO - Exporting env vars: AIRFLOW_CTX_DAG_OWNER='airflow' AIRFLOW_CTX_DAG_ID='CollectCommunity' AIRFLOW_CTX_TASK_ID='community_Collect' AIRFLOW_CTX_EXECUTION_DATE='2024-02-15T00:00:00+00:00' AIRFLOW_CTX_TRY_NUMBER='1' AIRFLOW_CTX_DAG_RUN_ID='scheduled__2024-02-15T00:00:00+00:00'
[2024-02-16T14:49:22.274+0900] {python.py:201} INFO - Done. Returned value was: None
[2024-02-16T14:49:22.280+0900] {taskinstance.py:1138} INFO - Marking task as SUCCESS. dag_id=CollectCommunity, task_id=community_Collect, execution_date=20240215T000000, start_date=20240216T054919, end_date=20240216T054922
[2024-02-16T14:49:22.323+0900] {local_task_job_runner.py:234} INFO - Task exited with return code 0
[2024-02-16T14:49:22.341+0900] {taskinstance.py:3280} INFO - 1 downstream tasks scheduled from follow-on schedule check
