[2024-02-20T18:00:03.709+0900] {taskinstance.py:1956} INFO - Dependencies all met for dep_context=non-requeueable deps ti=<TaskInstance: Community_Spark_Submit.Community_Spark_task scheduled__2024-02-19T09:00:00+00:00 [queued]>
[2024-02-20T18:00:03.715+0900] {taskinstance.py:1956} INFO - Dependencies all met for dep_context=requeueable deps ti=<TaskInstance: Community_Spark_Submit.Community_Spark_task scheduled__2024-02-19T09:00:00+00:00 [queued]>
[2024-02-20T18:00:03.715+0900] {taskinstance.py:2170} INFO - Starting attempt 1 of 1
[2024-02-20T18:00:03.732+0900] {taskinstance.py:2191} INFO - Executing <Task(SparkSubmitOperator): Community_Spark_task> on 2024-02-19 09:00:00+00:00
[2024-02-20T18:00:03.736+0900] {standard_task_runner.py:60} INFO - Started process 161137 to run task
[2024-02-20T18:00:03.740+0900] {standard_task_runner.py:87} INFO - Running: ['airflow', 'tasks', 'run', 'Community_Spark_Submit', 'Community_Spark_task', 'scheduled__2024-02-19T09:00:00+00:00', '--job-id', '76', '--raw', '--subdir', 'DAGS_FOLDER/community_spark.py', '--cfg-path', '/tmp/tmp6nwwq0vk']
[2024-02-20T18:00:03.742+0900] {standard_task_runner.py:88} INFO - Job 76: Subtask Community_Spark_task
[2024-02-20T18:00:03.778+0900] {task_command.py:423} INFO - Running <TaskInstance: Community_Spark_Submit.Community_Spark_task scheduled__2024-02-19T09:00:00+00:00 [running]> on host ip-172-31-11-88.ap-northeast-2.compute.internal
[2024-02-20T18:00:03.845+0900] {taskinstance.py:2480} INFO - Exporting env vars: AIRFLOW_CTX_DAG_OWNER='airflow' AIRFLOW_CTX_DAG_ID='Community_Spark_Submit' AIRFLOW_CTX_TASK_ID='Community_Spark_task' AIRFLOW_CTX_EXECUTION_DATE='2024-02-19T09:00:00+00:00' AIRFLOW_CTX_TRY_NUMBER='1' AIRFLOW_CTX_DAG_RUN_ID='scheduled__2024-02-19T09:00:00+00:00'
[2024-02-20T18:00:03.850+0900] {base.py:83} INFO - Using connection ID 'spark_default' for task execution.
[2024-02-20T18:00:03.851+0900] {spark_submit.py:401} INFO - Spark-Submit cmd: spark-submit --master local --name arrow-spark --queue root.default --deploy-mode client /home/ubuntu/spark_file/community_spark.py
[2024-02-20T18:00:06.991+0900] {spark_submit.py:571} INFO - 24/02/20 09:00:06 INFO SparkContext: Running Spark version 3.5.0
[2024-02-20T18:00:06.994+0900] {spark_submit.py:571} INFO - 24/02/20 09:00:06 INFO SparkContext: OS info Linux, 6.2.0-1018-aws, amd64
[2024-02-20T18:00:06.995+0900] {spark_submit.py:571} INFO - 24/02/20 09:00:06 INFO SparkContext: Java version 17.0.9
[2024-02-20T18:00:07.070+0900] {spark_submit.py:571} INFO - 24/02/20 09:00:07 WARN NativeCodeLoader: Unable to load native-hadoop library for your platform... using builtin-java classes where applicable
[2024-02-20T18:00:07.202+0900] {spark_submit.py:571} INFO - 24/02/20 09:00:07 INFO ResourceUtils: ==============================================================
[2024-02-20T18:00:07.203+0900] {spark_submit.py:571} INFO - 24/02/20 09:00:07 INFO ResourceUtils: No custom resources configured for spark.driver.
[2024-02-20T18:00:07.203+0900] {spark_submit.py:571} INFO - 24/02/20 09:00:07 INFO ResourceUtils: ==============================================================
[2024-02-20T18:00:07.204+0900] {spark_submit.py:571} INFO - 24/02/20 09:00:07 INFO SparkContext: Submitted application: CommunityToPostgresql
[2024-02-20T18:00:07.226+0900] {spark_submit.py:571} INFO - 24/02/20 09:00:07 INFO ResourceProfile: Default ResourceProfile created, executor resources: Map(cores -> name: cores, amount: 1, script: , vendor: , memory -> name: memory, amount: 1024, script: , vendor: , offHeap -> name: offHeap, amount: 0, script: , vendor: ), task resources: Map(cpus -> name: cpus, amount: 1.0)
[2024-02-20T18:00:07.236+0900] {spark_submit.py:571} INFO - 24/02/20 09:00:07 INFO ResourceProfile: Limiting resource is cpu
[2024-02-20T18:00:07.237+0900] {spark_submit.py:571} INFO - 24/02/20 09:00:07 INFO ResourceProfileManager: Added ResourceProfile id: 0
[2024-02-20T18:00:07.294+0900] {spark_submit.py:571} INFO - 24/02/20 09:00:07 INFO SecurityManager: Changing view acls to: ubuntu
[2024-02-20T18:00:07.295+0900] {spark_submit.py:571} INFO - 24/02/20 09:00:07 INFO SecurityManager: Changing modify acls to: ubuntu
[2024-02-20T18:00:07.296+0900] {spark_submit.py:571} INFO - 24/02/20 09:00:07 INFO SecurityManager: Changing view acls groups to:
[2024-02-20T18:00:07.297+0900] {spark_submit.py:571} INFO - 24/02/20 09:00:07 INFO SecurityManager: Changing modify acls groups to:
[2024-02-20T18:00:07.298+0900] {spark_submit.py:571} INFO - 24/02/20 09:00:07 INFO SecurityManager: SecurityManager: authentication disabled; ui acls disabled; users with view permissions: ubuntu; groups with view permissions: EMPTY; users with modify permissions: ubuntu; groups with modify permissions: EMPTY
[2024-02-20T18:00:07.562+0900] {spark_submit.py:571} INFO - 24/02/20 09:00:07 INFO Utils: Successfully started service 'sparkDriver' on port 43259.
[2024-02-20T18:00:07.593+0900] {spark_submit.py:571} INFO - 24/02/20 09:00:07 INFO SparkEnv: Registering MapOutputTracker
[2024-02-20T18:00:07.633+0900] {spark_submit.py:571} INFO - 24/02/20 09:00:07 INFO SparkEnv: Registering BlockManagerMaster
[2024-02-20T18:00:07.653+0900] {spark_submit.py:571} INFO - 24/02/20 09:00:07 INFO BlockManagerMasterEndpoint: Using org.apache.spark.storage.DefaultTopologyMapper for getting topology information
[2024-02-20T18:00:07.654+0900] {spark_submit.py:571} INFO - 24/02/20 09:00:07 INFO BlockManagerMasterEndpoint: BlockManagerMasterEndpoint up
[2024-02-20T18:00:07.658+0900] {spark_submit.py:571} INFO - 24/02/20 09:00:07 INFO SparkEnv: Registering BlockManagerMasterHeartbeat
[2024-02-20T18:00:07.681+0900] {spark_submit.py:571} INFO - 24/02/20 09:00:07 INFO DiskBlockManager: Created local directory at /tmp/blockmgr-31a102be-2e76-4250-846e-198f0b4acc84
[2024-02-20T18:00:07.697+0900] {spark_submit.py:571} INFO - 24/02/20 09:00:07 INFO MemoryStore: MemoryStore started with capacity 434.4 MiB
[2024-02-20T18:00:07.714+0900] {spark_submit.py:571} INFO - 24/02/20 09:00:07 INFO SparkEnv: Registering OutputCommitCoordinator
[2024-02-20T18:00:07.902+0900] {spark_submit.py:571} INFO - 24/02/20 09:00:07 INFO JettyUtils: Start Jetty 0.0.0.0:4040 for SparkUI
[2024-02-20T18:00:07.975+0900] {spark_submit.py:571} INFO - 24/02/20 09:00:07 INFO Utils: Successfully started service 'SparkUI' on port 4040.
[2024-02-20T18:00:08.132+0900] {spark_submit.py:571} INFO - 24/02/20 09:00:08 INFO Executor: Starting executor ID driver on host ip-172-31-11-88.ap-northeast-2.compute.internal
[2024-02-20T18:00:08.133+0900] {spark_submit.py:571} INFO - 24/02/20 09:00:08 INFO Executor: OS info Linux, 6.2.0-1018-aws, amd64
[2024-02-20T18:00:08.134+0900] {spark_submit.py:571} INFO - 24/02/20 09:00:08 INFO Executor: Java version 17.0.9
[2024-02-20T18:00:08.143+0900] {spark_submit.py:571} INFO - 24/02/20 09:00:08 INFO Executor: Starting executor with user classpath (userClassPathFirst = false): ''
[2024-02-20T18:00:08.145+0900] {spark_submit.py:571} INFO - 24/02/20 09:00:08 INFO Executor: Created or updated repl class loader org.apache.spark.util.MutableURLClassLoader@4f5ec76e for default.
[2024-02-20T18:00:08.173+0900] {spark_submit.py:571} INFO - 24/02/20 09:00:08 INFO Utils: Successfully started service 'org.apache.spark.network.netty.NettyBlockTransferService' on port 43157.
[2024-02-20T18:00:08.173+0900] {spark_submit.py:571} INFO - 24/02/20 09:00:08 INFO NettyBlockTransferService: Server created on ip-172-31-11-88.ap-northeast-2.compute.internal:43157
[2024-02-20T18:00:08.174+0900] {spark_submit.py:571} INFO - 24/02/20 09:00:08 INFO BlockManager: Using org.apache.spark.storage.RandomBlockReplicationPolicy for block replication policy
[2024-02-20T18:00:08.182+0900] {spark_submit.py:571} INFO - 24/02/20 09:00:08 INFO BlockManagerMaster: Registering BlockManager BlockManagerId(driver, ip-172-31-11-88.ap-northeast-2.compute.internal, 43157, None)
[2024-02-20T18:00:08.186+0900] {spark_submit.py:571} INFO - 24/02/20 09:00:08 INFO BlockManagerMasterEndpoint: Registering block manager ip-172-31-11-88.ap-northeast-2.compute.internal:43157 with 434.4 MiB RAM, BlockManagerId(driver, ip-172-31-11-88.ap-northeast-2.compute.internal, 43157, None)
[2024-02-20T18:00:08.188+0900] {spark_submit.py:571} INFO - 24/02/20 09:00:08 INFO BlockManagerMaster: Registered BlockManager BlockManagerId(driver, ip-172-31-11-88.ap-northeast-2.compute.internal, 43157, None)
[2024-02-20T18:00:08.189+0900] {spark_submit.py:571} INFO - 24/02/20 09:00:08 INFO BlockManager: Initialized BlockManager: BlockManagerId(driver, ip-172-31-11-88.ap-northeast-2.compute.internal, 43157, None)
[2024-02-20T18:00:08.706+0900] {spark_submit.py:571} INFO - 24/02/20 09:00:08 INFO SharedState: Setting hive.metastore.warehouse.dir ('null') to the value of spark.sql.warehouse.dir.
[2024-02-20T18:00:08.715+0900] {spark_submit.py:571} INFO - 24/02/20 09:00:08 INFO SharedState: Warehouse path is 'file:/home/ubuntu/airflow/spark-warehouse'.
[2024-02-20T18:00:09.714+0900] {spark_submit.py:571} INFO - 24/02/20 09:00:09 WARN MetricsConfig: Cannot locate configuration: tried hadoop-metrics2-s3a-file-system.properties,hadoop-metrics2.properties
[2024-02-20T18:00:09.733+0900] {spark_submit.py:571} INFO - 24/02/20 09:00:09 INFO MetricsSystemImpl: Scheduled Metric snapshot period at 10 second(s).
[2024-02-20T18:00:09.733+0900] {spark_submit.py:571} INFO - 24/02/20 09:00:09 INFO MetricsSystemImpl: s3a-file-system metrics system started
[2024-02-20T18:00:11.215+0900] {spark_submit.py:571} INFO - 24/02/20 09:00:11 INFO InMemoryFileIndex: It took 92 ms to list leaf files for 1 paths.
[2024-02-20T18:00:11.805+0900] {spark_submit.py:571} INFO - 24/02/20 09:00:11 INFO SparkContext: Starting job: parquet at NativeMethodAccessorImpl.java:0
[2024-02-20T18:00:11.824+0900] {spark_submit.py:571} INFO - 24/02/20 09:00:11 INFO DAGScheduler: Got job 0 (parquet at NativeMethodAccessorImpl.java:0) with 1 output partitions
[2024-02-20T18:00:11.825+0900] {spark_submit.py:571} INFO - 24/02/20 09:00:11 INFO DAGScheduler: Final stage: ResultStage 0 (parquet at NativeMethodAccessorImpl.java:0)
[2024-02-20T18:00:11.826+0900] {spark_submit.py:571} INFO - 24/02/20 09:00:11 INFO DAGScheduler: Parents of final stage: List()
[2024-02-20T18:00:11.828+0900] {spark_submit.py:571} INFO - 24/02/20 09:00:11 INFO DAGScheduler: Missing parents: List()
[2024-02-20T18:00:11.844+0900] {spark_submit.py:571} INFO - 24/02/20 09:00:11 INFO DAGScheduler: Submitting ResultStage 0 (MapPartitionsRDD[1] at parquet at NativeMethodAccessorImpl.java:0), which has no missing parents
[2024-02-20T18:00:11.961+0900] {spark_submit.py:571} INFO - 24/02/20 09:00:11 INFO MemoryStore: Block broadcast_0 stored as values in memory (estimated size 103.9 KiB, free 434.3 MiB)
[2024-02-20T18:00:11.998+0900] {spark_submit.py:571} INFO - 24/02/20 09:00:11 INFO MemoryStore: Block broadcast_0_piece0 stored as bytes in memory (estimated size 37.6 KiB, free 434.3 MiB)
[2024-02-20T18:00:12.002+0900] {spark_submit.py:571} INFO - 24/02/20 09:00:12 INFO BlockManagerInfo: Added broadcast_0_piece0 in memory on ip-172-31-11-88.ap-northeast-2.compute.internal:43157 (size: 37.6 KiB, free: 434.4 MiB)
[2024-02-20T18:00:12.006+0900] {spark_submit.py:571} INFO - 24/02/20 09:00:12 INFO SparkContext: Created broadcast 0 from broadcast at DAGScheduler.scala:1580
[2024-02-20T18:00:12.023+0900] {spark_submit.py:571} INFO - 24/02/20 09:00:12 INFO DAGScheduler: Submitting 1 missing tasks from ResultStage 0 (MapPartitionsRDD[1] at parquet at NativeMethodAccessorImpl.java:0) (first 15 tasks are for partitions Vector(0))
[2024-02-20T18:00:12.024+0900] {spark_submit.py:571} INFO - 24/02/20 09:00:12 INFO TaskSchedulerImpl: Adding task set 0.0 with 1 tasks resource profile 0
[2024-02-20T18:00:12.089+0900] {spark_submit.py:571} INFO - 24/02/20 09:00:12 INFO TaskSetManager: Starting task 0.0 in stage 0.0 (TID 0) (ip-172-31-11-88.ap-northeast-2.compute.internal, executor driver, partition 0, PROCESS_LOCAL, 7779 bytes)
[2024-02-20T18:00:12.117+0900] {spark_submit.py:571} INFO - 24/02/20 09:00:12 INFO Executor: Running task 0.0 in stage 0.0 (TID 0)
[2024-02-20T18:00:12.382+0900] {spark_submit.py:571} INFO - 24/02/20 09:00:12 INFO S3AInputStream: Switching to Random IO seek policy
[2024-02-20T18:00:12.607+0900] {spark_submit.py:571} INFO - 24/02/20 09:00:12 INFO Executor: Finished task 0.0 in stage 0.0 (TID 0). 1828 bytes result sent to driver
[2024-02-20T18:00:12.627+0900] {spark_submit.py:571} INFO - 24/02/20 09:00:12 INFO TaskSetManager: Finished task 0.0 in stage 0.0 (TID 0) in 565 ms on ip-172-31-11-88.ap-northeast-2.compute.internal (executor driver) (1/1)
[2024-02-20T18:00:12.629+0900] {spark_submit.py:571} INFO - 24/02/20 09:00:12 INFO TaskSchedulerImpl: Removed TaskSet 0.0, whose tasks have all completed, from pool
[2024-02-20T18:00:12.642+0900] {spark_submit.py:571} INFO - 24/02/20 09:00:12 INFO DAGScheduler: ResultStage 0 (parquet at NativeMethodAccessorImpl.java:0) finished in 0.768 s
[2024-02-20T18:00:12.673+0900] {spark_submit.py:571} INFO - 24/02/20 09:00:12 INFO DAGScheduler: Job 0 is finished. Cancelling potential speculative or zombie tasks for this job
[2024-02-20T18:00:12.674+0900] {spark_submit.py:571} INFO - 24/02/20 09:00:12 INFO TaskSchedulerImpl: Killing all running tasks in stage 0: Stage finished
[2024-02-20T18:00:12.676+0900] {spark_submit.py:571} INFO - 24/02/20 09:00:12 INFO DAGScheduler: Job 0 finished: parquet at NativeMethodAccessorImpl.java:0, took 0.872375 s
[2024-02-20T18:00:14.164+0900] {spark_submit.py:571} INFO - 24/02/20 09:00:14 INFO BlockManagerInfo: Removed broadcast_0_piece0 on ip-172-31-11-88.ap-northeast-2.compute.internal:43157 in memory (size: 37.6 KiB, free: 434.4 MiB)
[2024-02-20T18:00:14.759+0900] {spark_submit.py:571} INFO - 24/02/20 09:00:14 INFO FileSourceStrategy: Pushed Filters:
[2024-02-20T18:00:14.760+0900] {spark_submit.py:571} INFO - 24/02/20 09:00:14 INFO FileSourceStrategy: Post-Scan Filters: atleastnnonnulls(7, title#0, url#1, datetime#2, content#3, c_author#4, c_datetime#5, c_content#6)
[2024-02-20T18:00:15.204+0900] {spark_submit.py:571} INFO - 24/02/20 09:00:15 INFO CodeGenerator: Code generated in 214.63912 ms
[2024-02-20T18:00:15.238+0900] {spark_submit.py:571} INFO - 24/02/20 09:00:15 INFO MemoryStore: Block broadcast_1 stored as values in memory (estimated size 202.5 KiB, free 434.2 MiB)
[2024-02-20T18:00:15.255+0900] {spark_submit.py:571} INFO - 24/02/20 09:00:15 INFO MemoryStore: Block broadcast_1_piece0 stored as bytes in memory (estimated size 35.3 KiB, free 434.2 MiB)
[2024-02-20T18:00:15.255+0900] {spark_submit.py:571} INFO - 24/02/20 09:00:15 INFO BlockManagerInfo: Added broadcast_1_piece0 in memory on ip-172-31-11-88.ap-northeast-2.compute.internal:43157 (size: 35.3 KiB, free: 434.4 MiB)
[2024-02-20T18:00:15.261+0900] {spark_submit.py:571} INFO - 24/02/20 09:00:15 INFO SparkContext: Created broadcast 1 from save at NativeMethodAccessorImpl.java:0
[2024-02-20T18:00:15.296+0900] {spark_submit.py:571} INFO - 24/02/20 09:00:15 INFO FileSourceScanExec: Planning scan with bin packing, max size: 4251645 bytes, open cost is considered as scanning 4194304 bytes.
[2024-02-20T18:00:15.359+0900] {spark_submit.py:571} INFO - 24/02/20 09:00:15 INFO DAGScheduler: Registering RDD 6 (save at NativeMethodAccessorImpl.java:0) as input to shuffle 0
[2024-02-20T18:00:15.365+0900] {spark_submit.py:571} INFO - 24/02/20 09:00:15 INFO DAGScheduler: Got map stage job 1 (save at NativeMethodAccessorImpl.java:0) with 1 output partitions
[2024-02-20T18:00:15.366+0900] {spark_submit.py:571} INFO - 24/02/20 09:00:15 INFO DAGScheduler: Final stage: ShuffleMapStage 1 (save at NativeMethodAccessorImpl.java:0)
[2024-02-20T18:00:15.366+0900] {spark_submit.py:571} INFO - 24/02/20 09:00:15 INFO DAGScheduler: Parents of final stage: List()
[2024-02-20T18:00:15.367+0900] {spark_submit.py:571} INFO - 24/02/20 09:00:15 INFO DAGScheduler: Missing parents: List()
[2024-02-20T18:00:15.372+0900] {spark_submit.py:571} INFO - 24/02/20 09:00:15 INFO DAGScheduler: Submitting ShuffleMapStage 1 (MapPartitionsRDD[6] at save at NativeMethodAccessorImpl.java:0), which has no missing parents
[2024-02-20T18:00:15.389+0900] {spark_submit.py:571} INFO - 24/02/20 09:00:15 INFO CodeGenerator: Code generated in 27.241481 ms
[2024-02-20T18:00:15.431+0900] {spark_submit.py:571} INFO - 24/02/20 09:00:15 INFO MemoryStore: Block broadcast_2 stored as values in memory (estimated size 24.1 KiB, free 434.1 MiB)
[2024-02-20T18:00:15.434+0900] {spark_submit.py:571} INFO - 24/02/20 09:00:15 INFO MemoryStore: Block broadcast_2_piece0 stored as bytes in memory (estimated size 9.2 KiB, free 434.1 MiB)
[2024-02-20T18:00:15.435+0900] {spark_submit.py:571} INFO - 24/02/20 09:00:15 INFO BlockManagerInfo: Added broadcast_2_piece0 in memory on ip-172-31-11-88.ap-northeast-2.compute.internal:43157 (size: 9.2 KiB, free: 434.4 MiB)
[2024-02-20T18:00:15.436+0900] {spark_submit.py:571} INFO - 24/02/20 09:00:15 INFO SparkContext: Created broadcast 2 from broadcast at DAGScheduler.scala:1580
[2024-02-20T18:00:15.441+0900] {spark_submit.py:571} INFO - 24/02/20 09:00:15 INFO DAGScheduler: Submitting 1 missing tasks from ShuffleMapStage 1 (MapPartitionsRDD[6] at save at NativeMethodAccessorImpl.java:0) (first 15 tasks are for partitions Vector(0))
[2024-02-20T18:00:15.441+0900] {spark_submit.py:571} INFO - 24/02/20 09:00:15 INFO TaskSchedulerImpl: Adding task set 1.0 with 1 tasks resource profile 0
[2024-02-20T18:00:15.447+0900] {spark_submit.py:571} INFO - 24/02/20 09:00:15 INFO DAGScheduler: Registering RDD 8 (save at NativeMethodAccessorImpl.java:0) as input to shuffle 1
[2024-02-20T18:00:15.447+0900] {spark_submit.py:571} INFO - 24/02/20 09:00:15 INFO DAGScheduler: Got map stage job 2 (save at NativeMethodAccessorImpl.java:0) with 1 output partitions
[2024-02-20T18:00:15.447+0900] {spark_submit.py:571} INFO - 24/02/20 09:00:15 INFO DAGScheduler: Final stage: ShuffleMapStage 2 (save at NativeMethodAccessorImpl.java:0)
[2024-02-20T18:00:15.447+0900] {spark_submit.py:571} INFO - 24/02/20 09:00:15 INFO DAGScheduler: Parents of final stage: List()
[2024-02-20T18:00:15.448+0900] {spark_submit.py:571} INFO - 24/02/20 09:00:15 INFO TaskSetManager: Starting task 0.0 in stage 1.0 (TID 1) (ip-172-31-11-88.ap-northeast-2.compute.internal, executor driver, partition 0, PROCESS_LOCAL, 8236 bytes)
[2024-02-20T18:00:15.453+0900] {spark_submit.py:571} INFO - 24/02/20 09:00:15 INFO Executor: Running task 0.0 in stage 1.0 (TID 1)
[2024-02-20T18:00:15.461+0900] {spark_submit.py:571} INFO - 24/02/20 09:00:15 INFO DAGScheduler: Missing parents: List()
[2024-02-20T18:00:15.463+0900] {spark_submit.py:571} INFO - 24/02/20 09:00:15 INFO DAGScheduler: Submitting ShuffleMapStage 2 (MapPartitionsRDD[8] at save at NativeMethodAccessorImpl.java:0), which has no missing parents
[2024-02-20T18:00:15.491+0900] {spark_submit.py:571} INFO - 24/02/20 09:00:15 INFO MemoryStore: Block broadcast_3 stored as values in memory (estimated size 13.9 KiB, free 434.1 MiB)
[2024-02-20T18:00:15.509+0900] {spark_submit.py:571} INFO - 24/02/20 09:00:15 INFO MemoryStore: Block broadcast_3_piece0 stored as bytes in memory (estimated size 7.3 KiB, free 434.1 MiB)
[2024-02-20T18:00:15.509+0900] {spark_submit.py:571} INFO - 24/02/20 09:00:15 INFO BlockManagerInfo: Added broadcast_3_piece0 in memory on ip-172-31-11-88.ap-northeast-2.compute.internal:43157 (size: 7.3 KiB, free: 434.3 MiB)
[2024-02-20T18:00:15.513+0900] {spark_submit.py:571} INFO - 24/02/20 09:00:15 INFO SparkContext: Created broadcast 3 from broadcast at DAGScheduler.scala:1580
[2024-02-20T18:00:15.513+0900] {spark_submit.py:571} INFO - 24/02/20 09:00:15 INFO DAGScheduler: Submitting 1 missing tasks from ShuffleMapStage 2 (MapPartitionsRDD[8] at save at NativeMethodAccessorImpl.java:0) (first 15 tasks are for partitions Vector(0))
[2024-02-20T18:00:15.513+0900] {spark_submit.py:571} INFO - 24/02/20 09:00:15 INFO TaskSchedulerImpl: Adding task set 2.0 with 1 tasks resource profile 0
[2024-02-20T18:00:15.596+0900] {spark_submit.py:571} INFO - 24/02/20 09:00:15 INFO CodeGenerator: Code generated in 57.751973 ms
[2024-02-20T18:00:15.648+0900] {spark_submit.py:571} INFO - 24/02/20 09:00:15 INFO CodeGenerator: Code generated in 30.623639 ms
[2024-02-20T18:00:15.658+0900] {spark_submit.py:571} INFO - 24/02/20 09:00:15 INFO FileScanRDD: Reading File path: s3a://hyunwoo-toy-project-bucket/community/20240220_community.parquet, range: 0-57341, partition values: [empty row]
[2024-02-20T18:00:15.716+0900] {spark_submit.py:571} INFO - 24/02/20 09:00:15 INFO S3AInputStream: Switching to Random IO seek policy
[2024-02-20T18:00:15.939+0900] {spark_submit.py:571} INFO - 24/02/20 09:00:15 INFO CodecPool: Got brand-new decompressor [.snappy]
[2024-02-20T18:00:16.254+0900] {spark_submit.py:571} INFO - 24/02/20 09:00:16 INFO Executor: Finished task 0.0 in stage 1.0 (TID 1). 2377 bytes result sent to driver
[2024-02-20T18:00:16.256+0900] {spark_submit.py:571} INFO - 24/02/20 09:00:16 INFO TaskSetManager: Starting task 0.0 in stage 2.0 (TID 2) (ip-172-31-11-88.ap-northeast-2.compute.internal, executor driver, partition 0, PROCESS_LOCAL, 7450 bytes)
[2024-02-20T18:00:16.256+0900] {spark_submit.py:571} INFO - 24/02/20 09:00:16 INFO Executor: Running task 0.0 in stage 2.0 (TID 2)
[2024-02-20T18:00:16.267+0900] {spark_submit.py:571} INFO - 24/02/20 09:00:16 INFO TaskSetManager: Finished task 0.0 in stage 1.0 (TID 1) in 823 ms on ip-172-31-11-88.ap-northeast-2.compute.internal (executor driver) (1/1)
[2024-02-20T18:00:16.267+0900] {spark_submit.py:571} INFO - 24/02/20 09:00:16 INFO TaskSchedulerImpl: Removed TaskSet 1.0, whose tasks have all completed, from pool
[2024-02-20T18:00:16.270+0900] {spark_submit.py:571} INFO - 24/02/20 09:00:16 INFO DAGScheduler: ShuffleMapStage 1 (save at NativeMethodAccessorImpl.java:0) finished in 0.893 s
[2024-02-20T18:00:16.270+0900] {spark_submit.py:571} INFO - 24/02/20 09:00:16 INFO DAGScheduler: looking for newly runnable stages
[2024-02-20T18:00:16.270+0900] {spark_submit.py:571} INFO - 24/02/20 09:00:16 INFO DAGScheduler: running: Set(ShuffleMapStage 2)
[2024-02-20T18:00:16.271+0900] {spark_submit.py:571} INFO - 24/02/20 09:00:16 INFO DAGScheduler: waiting: Set()
[2024-02-20T18:00:16.271+0900] {spark_submit.py:571} INFO - 24/02/20 09:00:16 INFO DAGScheduler: failed: Set()
[2024-02-20T18:00:16.390+0900] {spark_submit.py:571} INFO - 24/02/20 09:00:16 INFO CodeGenerator: Code generated in 19.960012 ms
[2024-02-20T18:00:16.422+0900] {spark_submit.py:571} INFO - 24/02/20 09:00:16 INFO CodeGenerator: Code generated in 24.489809 ms
[2024-02-20T18:00:16.494+0900] {spark_submit.py:571} INFO - 24/02/20 09:00:16 INFO JDBCRDD: closed connection
[2024-02-20T18:00:16.558+0900] {spark_submit.py:571} INFO - 24/02/20 09:00:16 INFO Executor: Finished task 0.0 in stage 2.0 (TID 2). 2070 bytes result sent to driver
[2024-02-20T18:00:16.561+0900] {spark_submit.py:571} INFO - 24/02/20 09:00:16 INFO BlockManagerInfo: Removed broadcast_2_piece0 on ip-172-31-11-88.ap-northeast-2.compute.internal:43157 in memory (size: 9.2 KiB, free: 434.4 MiB)
[2024-02-20T18:00:16.571+0900] {spark_submit.py:571} INFO - 24/02/20 09:00:16 INFO TaskSetManager: Finished task 0.0 in stage 2.0 (TID 2) in 308 ms on ip-172-31-11-88.ap-northeast-2.compute.internal (executor driver) (1/1)
[2024-02-20T18:00:16.574+0900] {spark_submit.py:571} INFO - 24/02/20 09:00:16 INFO DAGScheduler: ShuffleMapStage 2 (save at NativeMethodAccessorImpl.java:0) finished in 1.108 s
[2024-02-20T18:00:16.574+0900] {spark_submit.py:571} INFO - 24/02/20 09:00:16 INFO DAGScheduler: looking for newly runnable stages
[2024-02-20T18:00:16.574+0900] {spark_submit.py:571} INFO - 24/02/20 09:00:16 INFO DAGScheduler: running: Set()
[2024-02-20T18:00:16.574+0900] {spark_submit.py:571} INFO - 24/02/20 09:00:16 INFO DAGScheduler: waiting: Set()
[2024-02-20T18:00:16.574+0900] {spark_submit.py:571} INFO - 24/02/20 09:00:16 INFO DAGScheduler: failed: Set()
[2024-02-20T18:00:16.576+0900] {spark_submit.py:571} INFO - 24/02/20 09:00:16 INFO TaskSchedulerImpl: Removed TaskSet 2.0, whose tasks have all completed, from pool
[2024-02-20T18:00:16.609+0900] {spark_submit.py:571} INFO - 24/02/20 09:00:16 INFO ShufflePartitionsUtil: For shuffle(1), advisory target size: 67108864, actual target size 1048576, minimum partition size: 1048576
[2024-02-20T18:00:16.698+0900] {spark_submit.py:571} INFO - 24/02/20 09:00:16 INFO SparkContext: Starting job: $anonfun$withThreadLocalCaptured$1 at FutureTask.java:264
[2024-02-20T18:00:16.701+0900] {spark_submit.py:571} INFO - 24/02/20 09:00:16 INFO DAGScheduler: Got job 3 ($anonfun$withThreadLocalCaptured$1 at FutureTask.java:264) with 1 output partitions
[2024-02-20T18:00:16.701+0900] {spark_submit.py:571} INFO - 24/02/20 09:00:16 INFO DAGScheduler: Final stage: ResultStage 4 ($anonfun$withThreadLocalCaptured$1 at FutureTask.java:264)
[2024-02-20T18:00:16.701+0900] {spark_submit.py:571} INFO - 24/02/20 09:00:16 INFO DAGScheduler: Parents of final stage: List(ShuffleMapStage 3)
[2024-02-20T18:00:16.701+0900] {spark_submit.py:571} INFO - 24/02/20 09:00:16 INFO DAGScheduler: Missing parents: List()
[2024-02-20T18:00:16.701+0900] {spark_submit.py:571} INFO - 24/02/20 09:00:16 INFO DAGScheduler: Submitting ResultStage 4 (MapPartitionsRDD[10] at $anonfun$withThreadLocalCaptured$1 at FutureTask.java:264), which has no missing parents
[2024-02-20T18:00:16.715+0900] {spark_submit.py:571} INFO - 24/02/20 09:00:16 INFO MemoryStore: Block broadcast_4 stored as values in memory (estimated size 8.2 KiB, free 434.1 MiB)
[2024-02-20T18:00:16.731+0900] {spark_submit.py:571} INFO - 24/02/20 09:00:16 INFO MemoryStore: Block broadcast_4_piece0 stored as bytes in memory (estimated size 4.2 KiB, free 434.1 MiB)
[2024-02-20T18:00:16.732+0900] {spark_submit.py:571} INFO - 24/02/20 09:00:16 INFO BlockManagerInfo: Added broadcast_4_piece0 in memory on ip-172-31-11-88.ap-northeast-2.compute.internal:43157 (size: 4.2 KiB, free: 434.4 MiB)
[2024-02-20T18:00:16.733+0900] {spark_submit.py:571} INFO - 24/02/20 09:00:16 INFO SparkContext: Created broadcast 4 from broadcast at DAGScheduler.scala:1580
[2024-02-20T18:00:16.736+0900] {spark_submit.py:571} INFO - 24/02/20 09:00:16 INFO DAGScheduler: Submitting 1 missing tasks from ResultStage 4 (MapPartitionsRDD[10] at $anonfun$withThreadLocalCaptured$1 at FutureTask.java:264) (first 15 tasks are for partitions Vector(0))
[2024-02-20T18:00:16.737+0900] {spark_submit.py:571} INFO - 24/02/20 09:00:16 INFO TaskSchedulerImpl: Adding task set 4.0 with 1 tasks resource profile 0
[2024-02-20T18:00:16.743+0900] {spark_submit.py:571} INFO - 24/02/20 09:00:16 INFO TaskSetManager: Starting task 0.0 in stage 4.0 (TID 3) (ip-172-31-11-88.ap-northeast-2.compute.internal, executor driver, partition 0, NODE_LOCAL, 7634 bytes)
[2024-02-20T18:00:16.743+0900] {spark_submit.py:571} INFO - 24/02/20 09:00:16 INFO Executor: Running task 0.0 in stage 4.0 (TID 3)
[2024-02-20T18:00:16.757+0900] {spark_submit.py:571} INFO - 24/02/20 09:00:16 INFO BlockManagerInfo: Removed broadcast_3_piece0 on ip-172-31-11-88.ap-northeast-2.compute.internal:43157 in memory (size: 7.3 KiB, free: 434.4 MiB)
[2024-02-20T18:00:16.840+0900] {spark_submit.py:571} INFO - 24/02/20 09:00:16 INFO ShuffleBlockFetcherIterator: Getting 1 (218.3 KiB) non-empty blocks including 1 (218.3 KiB) local and 0 (0.0 B) host-local and 0 (0.0 B) push-merged-local and 0 (0.0 B) remote blocks
[2024-02-20T18:00:16.842+0900] {spark_submit.py:571} INFO - 24/02/20 09:00:16 INFO ShuffleBlockFetcherIterator: Started 0 remote fetches in 30 ms
[2024-02-20T18:00:16.893+0900] {spark_submit.py:571} INFO - 24/02/20 09:00:16 INFO Executor: Finished task 0.0 in stage 4.0 (TID 3). 196724 bytes result sent to driver
[2024-02-20T18:00:16.905+0900] {spark_submit.py:571} INFO - 24/02/20 09:00:16 INFO TaskSetManager: Finished task 0.0 in stage 4.0 (TID 3) in 164 ms on ip-172-31-11-88.ap-northeast-2.compute.internal (executor driver) (1/1)
[2024-02-20T18:00:16.908+0900] {spark_submit.py:571} INFO - 24/02/20 09:00:16 INFO TaskSchedulerImpl: Removed TaskSet 4.0, whose tasks have all completed, from pool
[2024-02-20T18:00:16.915+0900] {spark_submit.py:571} INFO - 24/02/20 09:00:16 INFO DAGScheduler: ResultStage 4 ($anonfun$withThreadLocalCaptured$1 at FutureTask.java:264) finished in 0.205 s
[2024-02-20T18:00:16.915+0900] {spark_submit.py:571} INFO - 24/02/20 09:00:16 INFO DAGScheduler: Job 3 is finished. Cancelling potential speculative or zombie tasks for this job
[2024-02-20T18:00:16.916+0900] {spark_submit.py:571} INFO - 24/02/20 09:00:16 INFO TaskSchedulerImpl: Killing all running tasks in stage 4: Stage finished
[2024-02-20T18:00:16.916+0900] {spark_submit.py:571} INFO - 24/02/20 09:00:16 INFO DAGScheduler: Job 3 finished: $anonfun$withThreadLocalCaptured$1 at FutureTask.java:264, took 0.212062 s
[2024-02-20T18:00:16.939+0900] {spark_submit.py:571} INFO - 24/02/20 09:00:16 INFO CodeGenerator: Code generated in 12.345531 ms
[2024-02-20T18:00:16.967+0900] {spark_submit.py:571} INFO - 24/02/20 09:00:16 INFO BlockManagerInfo: Removed broadcast_4_piece0 on ip-172-31-11-88.ap-northeast-2.compute.internal:43157 in memory (size: 4.2 KiB, free: 434.4 MiB)
[2024-02-20T18:00:16.994+0900] {spark_submit.py:571} INFO - 24/02/20 09:00:16 INFO MemoryStore: Block broadcast_5 stored as values in memory (estimated size 16.1 MiB, free 418.0 MiB)
[2024-02-20T18:00:17.019+0900] {spark_submit.py:571} INFO - 24/02/20 09:00:17 INFO MemoryStore: Block broadcast_5_piece0 stored as bytes in memory (estimated size 231.1 KiB, free 417.8 MiB)
[2024-02-20T18:00:17.021+0900] {spark_submit.py:571} INFO - 24/02/20 09:00:17 INFO BlockManagerInfo: Added broadcast_5_piece0 in memory on ip-172-31-11-88.ap-northeast-2.compute.internal:43157 (size: 231.1 KiB, free: 434.1 MiB)
[2024-02-20T18:00:17.021+0900] {spark_submit.py:571} INFO - 24/02/20 09:00:17 INFO SparkContext: Created broadcast 5 from $anonfun$withThreadLocalCaptured$1 at FutureTask.java:264
[2024-02-20T18:00:17.044+0900] {spark_submit.py:571} INFO - 24/02/20 09:00:17 INFO ShufflePartitionsUtil: For shuffle(0), advisory target size: 67108864, actual target size 1048576, minimum partition size: 1048576
[2024-02-20T18:00:17.111+0900] {spark_submit.py:571} INFO - 24/02/20 09:00:17 INFO CodeGenerator: Code generated in 40.078717 ms
[2024-02-20T18:00:17.164+0900] {spark_submit.py:571} INFO - 24/02/20 09:00:17 INFO SparkContext: Starting job: save at NativeMethodAccessorImpl.java:0
[2024-02-20T18:00:17.169+0900] {spark_submit.py:571} INFO - 24/02/20 09:00:17 INFO DAGScheduler: Got job 4 (save at NativeMethodAccessorImpl.java:0) with 1 output partitions
[2024-02-20T18:00:17.169+0900] {spark_submit.py:571} INFO - 24/02/20 09:00:17 INFO DAGScheduler: Final stage: ResultStage 6 (save at NativeMethodAccessorImpl.java:0)
[2024-02-20T18:00:17.169+0900] {spark_submit.py:571} INFO - 24/02/20 09:00:17 INFO DAGScheduler: Parents of final stage: List(ShuffleMapStage 5)
[2024-02-20T18:00:17.169+0900] {spark_submit.py:571} INFO - 24/02/20 09:00:17 INFO DAGScheduler: Missing parents: List()
[2024-02-20T18:00:17.170+0900] {spark_submit.py:571} INFO - 24/02/20 09:00:17 INFO DAGScheduler: Submitting ResultStage 6 (MapPartitionsRDD[15] at save at NativeMethodAccessorImpl.java:0), which has no missing parents
[2024-02-20T18:00:17.244+0900] {spark_submit.py:571} INFO - 24/02/20 09:00:17 INFO MemoryStore: Block broadcast_6 stored as values in memory (estimated size 52.4 KiB, free 417.8 MiB)
[2024-02-20T18:00:17.256+0900] {spark_submit.py:571} INFO - 24/02/20 09:00:17 INFO MemoryStore: Block broadcast_6_piece0 stored as bytes in memory (estimated size 23.7 KiB, free 417.7 MiB)
[2024-02-20T18:00:17.257+0900] {spark_submit.py:571} INFO - 24/02/20 09:00:17 INFO BlockManagerInfo: Added broadcast_6_piece0 in memory on ip-172-31-11-88.ap-northeast-2.compute.internal:43157 (size: 23.7 KiB, free: 434.1 MiB)
[2024-02-20T18:00:17.258+0900] {spark_submit.py:571} INFO - 24/02/20 09:00:17 INFO SparkContext: Created broadcast 6 from broadcast at DAGScheduler.scala:1580
[2024-02-20T18:00:17.260+0900] {spark_submit.py:571} INFO - 24/02/20 09:00:17 INFO DAGScheduler: Submitting 1 missing tasks from ResultStage 6 (MapPartitionsRDD[15] at save at NativeMethodAccessorImpl.java:0) (first 15 tasks are for partitions Vector(0))
[2024-02-20T18:00:17.260+0900] {spark_submit.py:571} INFO - 24/02/20 09:00:17 INFO TaskSchedulerImpl: Adding task set 6.0 with 1 tasks resource profile 0
[2024-02-20T18:00:17.262+0900] {spark_submit.py:571} INFO - 24/02/20 09:00:17 INFO TaskSetManager: Starting task 0.0 in stage 6.0 (TID 4) (ip-172-31-11-88.ap-northeast-2.compute.internal, executor driver, partition 0, NODE_LOCAL, 7634 bytes)
[2024-02-20T18:00:17.263+0900] {spark_submit.py:571} INFO - 24/02/20 09:00:17 INFO Executor: Running task 0.0 in stage 6.0 (TID 4)
[2024-02-20T18:00:17.325+0900] {spark_submit.py:571} INFO - 24/02/20 09:00:17 INFO ShuffleBlockFetcherIterator: Getting 1 (232.7 KiB) non-empty blocks including 1 (232.7 KiB) local and 0 (0.0 B) host-local and 0 (0.0 B) push-merged-local and 0 (0.0 B) remote blocks
[2024-02-20T18:00:17.327+0900] {spark_submit.py:571} INFO - 24/02/20 09:00:17 INFO ShuffleBlockFetcherIterator: Started 0 remote fetches in 4 ms
[2024-02-20T18:00:17.367+0900] {spark_submit.py:571} INFO - 24/02/20 09:00:17 INFO CodeGenerator: Code generated in 39.250896 ms
[2024-02-20T18:00:18.576+0900] {spark_submit.py:571} INFO - 24/02/20 09:00:18 INFO CodeGenerator: Code generated in 34.385239 ms
[2024-02-20T18:00:18.727+0900] {spark_submit.py:571} INFO - 24/02/20 09:00:18 INFO Executor: Finished task 0.0 in stage 6.0 (TID 4). 6175 bytes result sent to driver
[2024-02-20T18:00:18.734+0900] {spark_submit.py:571} INFO - 24/02/20 09:00:18 INFO TaskSetManager: Finished task 0.0 in stage 6.0 (TID 4) in 1468 ms on ip-172-31-11-88.ap-northeast-2.compute.internal (executor driver) (1/1)
[2024-02-20T18:00:18.735+0900] {spark_submit.py:571} INFO - 24/02/20 09:00:18 INFO TaskSchedulerImpl: Removed TaskSet 6.0, whose tasks have all completed, from pool
[2024-02-20T18:00:18.735+0900] {spark_submit.py:571} INFO - 24/02/20 09:00:18 INFO DAGScheduler: ResultStage 6 (save at NativeMethodAccessorImpl.java:0) finished in 1.559 s
[2024-02-20T18:00:18.735+0900] {spark_submit.py:571} INFO - 24/02/20 09:00:18 INFO DAGScheduler: Job 4 is finished. Cancelling potential speculative or zombie tasks for this job
[2024-02-20T18:00:18.735+0900] {spark_submit.py:571} INFO - 24/02/20 09:00:18 INFO TaskSchedulerImpl: Killing all running tasks in stage 6: Stage finished
[2024-02-20T18:00:18.735+0900] {spark_submit.py:571} INFO - 24/02/20 09:00:18 INFO DAGScheduler: Job 4 finished: save at NativeMethodAccessorImpl.java:0, took 1.568115 s
[2024-02-20T18:00:18.973+0900] {spark_submit.py:571} INFO - 24/02/20 09:00:18 INFO FileSourceStrategy: Pushed Filters:
[2024-02-20T18:00:18.973+0900] {spark_submit.py:571} INFO - 24/02/20 09:00:18 INFO FileSourceStrategy: Post-Scan Filters: atleastnnonnulls(7, title#0, url#1, datetime#2, content#3, c_author#4, c_datetime#5, c_content#6)
[2024-02-20T18:00:19.074+0900] {spark_submit.py:571} INFO - 24/02/20 09:00:19 INFO CodeGenerator: Code generated in 34.341284 ms
[2024-02-20T18:00:19.079+0900] {spark_submit.py:571} INFO - 24/02/20 09:00:19 INFO MemoryStore: Block broadcast_7 stored as values in memory (estimated size 202.5 KiB, free 417.5 MiB)
[2024-02-20T18:00:19.109+0900] {spark_submit.py:571} INFO - 24/02/20 09:00:19 INFO MemoryStore: Block broadcast_7_piece0 stored as bytes in memory (estimated size 35.3 KiB, free 417.5 MiB)
[2024-02-20T18:00:19.110+0900] {spark_submit.py:571} INFO - 24/02/20 09:00:19 INFO BlockManagerInfo: Added broadcast_7_piece0 in memory on ip-172-31-11-88.ap-northeast-2.compute.internal:43157 (size: 35.3 KiB, free: 434.1 MiB)
[2024-02-20T18:00:19.117+0900] {spark_submit.py:571} INFO - 24/02/20 09:00:19 INFO SparkContext: Created broadcast 7 from count at NativeMethodAccessorImpl.java:0
[2024-02-20T18:00:19.118+0900] {spark_submit.py:571} INFO - 24/02/20 09:00:19 INFO FileSourceScanExec: Planning scan with bin packing, max size: 4251645 bytes, open cost is considered as scanning 4194304 bytes.
[2024-02-20T18:00:19.126+0900] {spark_submit.py:571} INFO - 24/02/20 09:00:19 INFO DAGScheduler: Registering RDD 20 (count at NativeMethodAccessorImpl.java:0) as input to shuffle 2
[2024-02-20T18:00:19.130+0900] {spark_submit.py:571} INFO - 24/02/20 09:00:19 INFO DAGScheduler: Got map stage job 5 (count at NativeMethodAccessorImpl.java:0) with 1 output partitions
[2024-02-20T18:00:19.130+0900] {spark_submit.py:571} INFO - 24/02/20 09:00:19 INFO DAGScheduler: Final stage: ShuffleMapStage 7 (count at NativeMethodAccessorImpl.java:0)
[2024-02-20T18:00:19.131+0900] {spark_submit.py:571} INFO - 24/02/20 09:00:19 INFO DAGScheduler: Parents of final stage: List()
[2024-02-20T18:00:19.131+0900] {spark_submit.py:571} INFO - 24/02/20 09:00:19 INFO DAGScheduler: Missing parents: List()
[2024-02-20T18:00:19.131+0900] {spark_submit.py:571} INFO - 24/02/20 09:00:19 INFO DAGScheduler: Submitting ShuffleMapStage 7 (MapPartitionsRDD[20] at count at NativeMethodAccessorImpl.java:0), which has no missing parents
[2024-02-20T18:00:19.132+0900] {spark_submit.py:571} INFO - 24/02/20 09:00:19 INFO MemoryStore: Block broadcast_8 stored as values in memory (estimated size 22.0 KiB, free 417.5 MiB)
[2024-02-20T18:00:19.134+0900] {spark_submit.py:571} INFO - 24/02/20 09:00:19 INFO MemoryStore: Block broadcast_8_piece0 stored as bytes in memory (estimated size 8.7 KiB, free 417.5 MiB)
[2024-02-20T18:00:19.136+0900] {spark_submit.py:571} INFO - 24/02/20 09:00:19 INFO BlockManagerInfo: Added broadcast_8_piece0 in memory on ip-172-31-11-88.ap-northeast-2.compute.internal:43157 (size: 8.7 KiB, free: 434.1 MiB)
[2024-02-20T18:00:19.137+0900] {spark_submit.py:571} INFO - 24/02/20 09:00:19 INFO SparkContext: Created broadcast 8 from broadcast at DAGScheduler.scala:1580
[2024-02-20T18:00:19.137+0900] {spark_submit.py:571} INFO - 24/02/20 09:00:19 INFO DAGScheduler: Submitting 1 missing tasks from ShuffleMapStage 7 (MapPartitionsRDD[20] at count at NativeMethodAccessorImpl.java:0) (first 15 tasks are for partitions Vector(0))
[2024-02-20T18:00:19.146+0900] {spark_submit.py:571} INFO - 24/02/20 09:00:19 INFO TaskSchedulerImpl: Adding task set 7.0 with 1 tasks resource profile 0
[2024-02-20T18:00:19.148+0900] {spark_submit.py:571} INFO - 24/02/20 09:00:19 INFO TaskSetManager: Starting task 0.0 in stage 7.0 (TID 5) (ip-172-31-11-88.ap-northeast-2.compute.internal, executor driver, partition 0, PROCESS_LOCAL, 8236 bytes)
[2024-02-20T18:00:19.149+0900] {spark_submit.py:571} INFO - 24/02/20 09:00:19 INFO Executor: Running task 0.0 in stage 7.0 (TID 5)
[2024-02-20T18:00:19.153+0900] {spark_submit.py:571} INFO - 24/02/20 09:00:19 INFO DAGScheduler: Registering RDD 22 (count at NativeMethodAccessorImpl.java:0) as input to shuffle 3
[2024-02-20T18:00:19.161+0900] {spark_submit.py:571} INFO - 24/02/20 09:00:19 INFO DAGScheduler: Got map stage job 6 (count at NativeMethodAccessorImpl.java:0) with 1 output partitions
[2024-02-20T18:00:19.161+0900] {spark_submit.py:571} INFO - 24/02/20 09:00:19 INFO DAGScheduler: Final stage: ShuffleMapStage 8 (count at NativeMethodAccessorImpl.java:0)
[2024-02-20T18:00:19.162+0900] {spark_submit.py:571} INFO - 24/02/20 09:00:19 INFO DAGScheduler: Parents of final stage: List()
[2024-02-20T18:00:19.162+0900] {spark_submit.py:571} INFO - 24/02/20 09:00:19 INFO DAGScheduler: Missing parents: List()
[2024-02-20T18:00:19.163+0900] {spark_submit.py:571} INFO - 24/02/20 09:00:19 INFO DAGScheduler: Submitting ShuffleMapStage 8 (MapPartitionsRDD[22] at count at NativeMethodAccessorImpl.java:0), which has no missing parents
[2024-02-20T18:00:19.165+0900] {spark_submit.py:571} INFO - 24/02/20 09:00:19 INFO MemoryStore: Block broadcast_9 stored as values in memory (estimated size 13.9 KiB, free 417.5 MiB)
[2024-02-20T18:00:19.178+0900] {spark_submit.py:571} INFO - 24/02/20 09:00:19 INFO MemoryStore: Block broadcast_9_piece0 stored as bytes in memory (estimated size 7.3 KiB, free 417.5 MiB)
[2024-02-20T18:00:19.195+0900] {spark_submit.py:571} INFO - 24/02/20 09:00:19 INFO BlockManagerInfo: Added broadcast_9_piece0 in memory on ip-172-31-11-88.ap-northeast-2.compute.internal:43157 (size: 7.3 KiB, free: 434.1 MiB)
[2024-02-20T18:00:19.197+0900] {spark_submit.py:571} INFO - 24/02/20 09:00:19 INFO SparkContext: Created broadcast 9 from broadcast at DAGScheduler.scala:1580
[2024-02-20T18:00:19.197+0900] {spark_submit.py:571} INFO - 24/02/20 09:00:19 INFO DAGScheduler: Submitting 1 missing tasks from ShuffleMapStage 8 (MapPartitionsRDD[22] at count at NativeMethodAccessorImpl.java:0) (first 15 tasks are for partitions Vector(0))
[2024-02-20T18:00:19.197+0900] {spark_submit.py:571} INFO - 24/02/20 09:00:19 INFO TaskSchedulerImpl: Adding task set 8.0 with 1 tasks resource profile 0
[2024-02-20T18:00:19.208+0900] {spark_submit.py:571} INFO - 24/02/20 09:00:19 INFO BlockManagerInfo: Removed broadcast_1_piece0 on ip-172-31-11-88.ap-northeast-2.compute.internal:43157 in memory (size: 35.3 KiB, free: 434.1 MiB)
[2024-02-20T18:00:19.232+0900] {spark_submit.py:571} INFO - 24/02/20 09:00:19 INFO CodeGenerator: Code generated in 74.624128 ms
[2024-02-20T18:00:19.244+0900] {spark_submit.py:571} INFO - 24/02/20 09:00:19 INFO FileScanRDD: Reading File path: s3a://hyunwoo-toy-project-bucket/community/20240220_community.parquet, range: 0-57341, partition values: [empty row]
[2024-02-20T18:00:19.258+0900] {spark_submit.py:571} INFO - 24/02/20 09:00:19 INFO BlockManagerInfo: Removed broadcast_5_piece0 on ip-172-31-11-88.ap-northeast-2.compute.internal:43157 in memory (size: 231.1 KiB, free: 434.3 MiB)
[2024-02-20T18:00:19.297+0900] {spark_submit.py:571} INFO - 24/02/20 09:00:19 INFO S3AInputStream: Switching to Random IO seek policy
[2024-02-20T18:00:19.479+0900] {spark_submit.py:571} INFO - 24/02/20 09:00:19 INFO Executor: Finished task 0.0 in stage 7.0 (TID 5). 2377 bytes result sent to driver
[2024-02-20T18:00:19.481+0900] {spark_submit.py:571} INFO - 24/02/20 09:00:19 INFO TaskSetManager: Starting task 0.0 in stage 8.0 (TID 6) (ip-172-31-11-88.ap-northeast-2.compute.internal, executor driver, partition 0, PROCESS_LOCAL, 7450 bytes)
[2024-02-20T18:00:19.481+0900] {spark_submit.py:571} INFO - 24/02/20 09:00:19 INFO TaskSetManager: Finished task 0.0 in stage 7.0 (TID 5) in 334 ms on ip-172-31-11-88.ap-northeast-2.compute.internal (executor driver) (1/1)
[2024-02-20T18:00:19.482+0900] {spark_submit.py:571} INFO - 24/02/20 09:00:19 INFO TaskSchedulerImpl: Removed TaskSet 7.0, whose tasks have all completed, from pool
[2024-02-20T18:00:19.484+0900] {spark_submit.py:571} INFO - 24/02/20 09:00:19 INFO DAGScheduler: ShuffleMapStage 7 (count at NativeMethodAccessorImpl.java:0) finished in 0.354 s
[2024-02-20T18:00:19.485+0900] {spark_submit.py:571} INFO - 24/02/20 09:00:19 INFO DAGScheduler: looking for newly runnable stages
[2024-02-20T18:00:19.485+0900] {spark_submit.py:571} INFO - 24/02/20 09:00:19 INFO DAGScheduler: running: Set(ShuffleMapStage 8)
[2024-02-20T18:00:19.485+0900] {spark_submit.py:571} INFO - 24/02/20 09:00:19 INFO DAGScheduler: waiting: Set()
[2024-02-20T18:00:19.485+0900] {spark_submit.py:571} INFO - 24/02/20 09:00:19 INFO DAGScheduler: failed: Set()
[2024-02-20T18:00:19.489+0900] {spark_submit.py:571} INFO - 24/02/20 09:00:19 INFO Executor: Running task 0.0 in stage 8.0 (TID 6)
[2024-02-20T18:00:19.636+0900] {spark_submit.py:571} INFO - 24/02/20 09:00:19 INFO JDBCRDD: closed connection
[2024-02-20T18:00:19.669+0900] {spark_submit.py:571} INFO - 24/02/20 09:00:19 INFO BlockManagerInfo: Removed broadcast_6_piece0 on ip-172-31-11-88.ap-northeast-2.compute.internal:43157 in memory (size: 23.7 KiB, free: 434.3 MiB)
[2024-02-20T18:00:19.703+0900] {spark_submit.py:571} INFO - 24/02/20 09:00:19 INFO Executor: Finished task 0.0 in stage 8.0 (TID 6). 1984 bytes result sent to driver
[2024-02-20T18:00:19.704+0900] {spark_submit.py:571} INFO - 24/02/20 09:00:19 INFO TaskSetManager: Finished task 0.0 in stage 8.0 (TID 6) in 224 ms on ip-172-31-11-88.ap-northeast-2.compute.internal (executor driver) (1/1)
[2024-02-20T18:00:19.704+0900] {spark_submit.py:571} INFO - 24/02/20 09:00:19 INFO TaskSchedulerImpl: Removed TaskSet 8.0, whose tasks have all completed, from pool
[2024-02-20T18:00:19.705+0900] {spark_submit.py:571} INFO - 24/02/20 09:00:19 INFO DAGScheduler: ShuffleMapStage 8 (count at NativeMethodAccessorImpl.java:0) finished in 0.541 s
[2024-02-20T18:00:19.705+0900] {spark_submit.py:571} INFO - 24/02/20 09:00:19 INFO DAGScheduler: looking for newly runnable stages
[2024-02-20T18:00:19.706+0900] {spark_submit.py:571} INFO - 24/02/20 09:00:19 INFO DAGScheduler: running: Set()
[2024-02-20T18:00:19.706+0900] {spark_submit.py:571} INFO - 24/02/20 09:00:19 INFO DAGScheduler: waiting: Set()
[2024-02-20T18:00:19.706+0900] {spark_submit.py:571} INFO - 24/02/20 09:00:19 INFO DAGScheduler: failed: Set()
[2024-02-20T18:00:19.717+0900] {spark_submit.py:571} INFO - 24/02/20 09:00:19 INFO ShufflePartitionsUtil: For shuffle(3), advisory target size: 67108864, actual target size 1048576, minimum partition size: 1048576
[2024-02-20T18:00:19.774+0900] {spark_submit.py:571} INFO - 24/02/20 09:00:19 INFO SparkContext: Starting job: $anonfun$withThreadLocalCaptured$1 at FutureTask.java:264
[2024-02-20T18:00:19.776+0900] {spark_submit.py:571} INFO - 24/02/20 09:00:19 INFO DAGScheduler: Got job 7 ($anonfun$withThreadLocalCaptured$1 at FutureTask.java:264) with 1 output partitions
[2024-02-20T18:00:19.776+0900] {spark_submit.py:571} INFO - 24/02/20 09:00:19 INFO DAGScheduler: Final stage: ResultStage 10 ($anonfun$withThreadLocalCaptured$1 at FutureTask.java:264)
[2024-02-20T18:00:19.776+0900] {spark_submit.py:571} INFO - 24/02/20 09:00:19 INFO DAGScheduler: Parents of final stage: List(ShuffleMapStage 9)
[2024-02-20T18:00:19.776+0900] {spark_submit.py:571} INFO - 24/02/20 09:00:19 INFO DAGScheduler: Missing parents: List()
[2024-02-20T18:00:19.777+0900] {spark_submit.py:571} INFO - 24/02/20 09:00:19 INFO DAGScheduler: Submitting ResultStage 10 (MapPartitionsRDD[24] at $anonfun$withThreadLocalCaptured$1 at FutureTask.java:264), which has no missing parents
[2024-02-20T18:00:19.779+0900] {spark_submit.py:571} INFO - 24/02/20 09:00:19 INFO MemoryStore: Block broadcast_10 stored as values in memory (estimated size 8.2 KiB, free 434.1 MiB)
[2024-02-20T18:00:19.786+0900] {spark_submit.py:571} INFO - 24/02/20 09:00:19 INFO MemoryStore: Block broadcast_10_piece0 stored as bytes in memory (estimated size 4.2 KiB, free 434.1 MiB)
[2024-02-20T18:00:19.787+0900] {spark_submit.py:571} INFO - 24/02/20 09:00:19 INFO BlockManagerInfo: Added broadcast_10_piece0 in memory on ip-172-31-11-88.ap-northeast-2.compute.internal:43157 (size: 4.2 KiB, free: 434.3 MiB)
[2024-02-20T18:00:19.789+0900] {spark_submit.py:571} INFO - 24/02/20 09:00:19 INFO SparkContext: Created broadcast 10 from broadcast at DAGScheduler.scala:1580
[2024-02-20T18:00:19.790+0900] {spark_submit.py:571} INFO - 24/02/20 09:00:19 INFO DAGScheduler: Submitting 1 missing tasks from ResultStage 10 (MapPartitionsRDD[24] at $anonfun$withThreadLocalCaptured$1 at FutureTask.java:264) (first 15 tasks are for partitions Vector(0))
[2024-02-20T18:00:19.790+0900] {spark_submit.py:571} INFO - 24/02/20 09:00:19 INFO TaskSchedulerImpl: Adding task set 10.0 with 1 tasks resource profile 0
[2024-02-20T18:00:19.791+0900] {spark_submit.py:571} INFO - 24/02/20 09:00:19 INFO TaskSetManager: Starting task 0.0 in stage 10.0 (TID 7) (ip-172-31-11-88.ap-northeast-2.compute.internal, executor driver, partition 0, NODE_LOCAL, 7634 bytes)
[2024-02-20T18:00:19.792+0900] {spark_submit.py:571} INFO - 24/02/20 09:00:19 INFO Executor: Running task 0.0 in stage 10.0 (TID 7)
[2024-02-20T18:00:19.797+0900] {spark_submit.py:571} INFO - 24/02/20 09:00:19 INFO ShuffleBlockFetcherIterator: Getting 1 (231.3 KiB) non-empty blocks including 1 (231.3 KiB) local and 0 (0.0 B) host-local and 0 (0.0 B) push-merged-local and 0 (0.0 B) remote blocks
[2024-02-20T18:00:19.798+0900] {spark_submit.py:571} INFO - 24/02/20 09:00:19 INFO ShuffleBlockFetcherIterator: Started 0 remote fetches in 1 ms
[2024-02-20T18:00:19.810+0900] {spark_submit.py:571} INFO - 24/02/20 09:00:19 INFO Executor: Finished task 0.0 in stage 10.0 (TID 7). 208231 bytes result sent to driver
[2024-02-20T18:00:19.812+0900] {spark_submit.py:571} INFO - 24/02/20 09:00:19 INFO TaskSetManager: Finished task 0.0 in stage 10.0 (TID 7) in 21 ms on ip-172-31-11-88.ap-northeast-2.compute.internal (executor driver) (1/1)
[2024-02-20T18:00:19.812+0900] {spark_submit.py:571} INFO - 24/02/20 09:00:19 INFO TaskSchedulerImpl: Removed TaskSet 10.0, whose tasks have all completed, from pool
[2024-02-20T18:00:19.821+0900] {spark_submit.py:571} INFO - 24/02/20 09:00:19 INFO DAGScheduler: ResultStage 10 ($anonfun$withThreadLocalCaptured$1 at FutureTask.java:264) finished in 0.036 s
[2024-02-20T18:00:19.821+0900] {spark_submit.py:571} INFO - 24/02/20 09:00:19 INFO DAGScheduler: Job 7 is finished. Cancelling potential speculative or zombie tasks for this job
[2024-02-20T18:00:19.821+0900] {spark_submit.py:571} INFO - 24/02/20 09:00:19 INFO TaskSchedulerImpl: Killing all running tasks in stage 10: Stage finished
[2024-02-20T18:00:19.821+0900] {spark_submit.py:571} INFO - 24/02/20 09:00:19 INFO DAGScheduler: Job 7 finished: $anonfun$withThreadLocalCaptured$1 at FutureTask.java:264, took 0.039785 s
[2024-02-20T18:00:19.830+0900] {spark_submit.py:571} INFO - 24/02/20 09:00:19 INFO MemoryStore: Block broadcast_11 stored as values in memory (estimated size 16.1 MiB, free 418.0 MiB)
[2024-02-20T18:00:19.836+0900] {spark_submit.py:571} INFO - 24/02/20 09:00:19 INFO MemoryStore: Block broadcast_11_piece0 stored as bytes in memory (estimated size 246.7 KiB, free 417.7 MiB)
[2024-02-20T18:00:19.837+0900] {spark_submit.py:571} INFO - 24/02/20 09:00:19 INFO BlockManagerInfo: Added broadcast_11_piece0 in memory on ip-172-31-11-88.ap-northeast-2.compute.internal:43157 (size: 246.7 KiB, free: 434.1 MiB)
[2024-02-20T18:00:19.838+0900] {spark_submit.py:571} INFO - 24/02/20 09:00:19 INFO SparkContext: Created broadcast 11 from $anonfun$withThreadLocalCaptured$1 at FutureTask.java:264
[2024-02-20T18:00:19.847+0900] {spark_submit.py:571} INFO - 24/02/20 09:00:19 INFO ShufflePartitionsUtil: For shuffle(2), advisory target size: 67108864, actual target size 1048576, minimum partition size: 1048576
[2024-02-20T18:00:19.920+0900] {spark_submit.py:571} INFO - 24/02/20 09:00:19 INFO CodeGenerator: Code generated in 21.901158 ms
[2024-02-20T18:00:19.929+0900] {spark_submit.py:571} INFO - 24/02/20 09:00:19 INFO DAGScheduler: Registering RDD 27 (count at NativeMethodAccessorImpl.java:0) as input to shuffle 4
[2024-02-20T18:00:19.929+0900] {spark_submit.py:571} INFO - 24/02/20 09:00:19 INFO DAGScheduler: Got map stage job 8 (count at NativeMethodAccessorImpl.java:0) with 1 output partitions
[2024-02-20T18:00:19.929+0900] {spark_submit.py:571} INFO - 24/02/20 09:00:19 INFO DAGScheduler: Final stage: ShuffleMapStage 12 (count at NativeMethodAccessorImpl.java:0)
[2024-02-20T18:00:19.929+0900] {spark_submit.py:571} INFO - 24/02/20 09:00:19 INFO DAGScheduler: Parents of final stage: List(ShuffleMapStage 11)
[2024-02-20T18:00:19.929+0900] {spark_submit.py:571} INFO - 24/02/20 09:00:19 INFO DAGScheduler: Missing parents: List()
[2024-02-20T18:00:19.930+0900] {spark_submit.py:571} INFO - 24/02/20 09:00:19 INFO DAGScheduler: Submitting ShuffleMapStage 12 (MapPartitionsRDD[27] at count at NativeMethodAccessorImpl.java:0), which has no missing parents
[2024-02-20T18:00:19.933+0900] {spark_submit.py:571} INFO - 24/02/20 09:00:19 INFO MemoryStore: Block broadcast_12 stored as values in memory (estimated size 15.9 KiB, free 417.7 MiB)
[2024-02-20T18:00:19.935+0900] {spark_submit.py:571} INFO - 24/02/20 09:00:19 INFO MemoryStore: Block broadcast_12_piece0 stored as bytes in memory (estimated size 7.6 KiB, free 417.7 MiB)
[2024-02-20T18:00:19.936+0900] {spark_submit.py:571} INFO - 24/02/20 09:00:19 INFO BlockManagerInfo: Added broadcast_12_piece0 in memory on ip-172-31-11-88.ap-northeast-2.compute.internal:43157 (size: 7.6 KiB, free: 434.1 MiB)
[2024-02-20T18:00:19.936+0900] {spark_submit.py:571} INFO - 24/02/20 09:00:19 INFO SparkContext: Created broadcast 12 from broadcast at DAGScheduler.scala:1580
[2024-02-20T18:00:19.937+0900] {spark_submit.py:571} INFO - 24/02/20 09:00:19 INFO DAGScheduler: Submitting 1 missing tasks from ShuffleMapStage 12 (MapPartitionsRDD[27] at count at NativeMethodAccessorImpl.java:0) (first 15 tasks are for partitions Vector(0))
[2024-02-20T18:00:19.938+0900] {spark_submit.py:571} INFO - 24/02/20 09:00:19 INFO TaskSchedulerImpl: Adding task set 12.0 with 1 tasks resource profile 0
[2024-02-20T18:00:19.940+0900] {spark_submit.py:571} INFO - 24/02/20 09:00:19 INFO TaskSetManager: Starting task 0.0 in stage 12.0 (TID 8) (ip-172-31-11-88.ap-northeast-2.compute.internal, executor driver, partition 0, NODE_LOCAL, 7623 bytes)
[2024-02-20T18:00:19.940+0900] {spark_submit.py:571} INFO - 24/02/20 09:00:19 INFO Executor: Running task 0.0 in stage 12.0 (TID 8)
[2024-02-20T18:00:19.945+0900] {spark_submit.py:571} INFO - 24/02/20 09:00:19 INFO ShuffleBlockFetcherIterator: Getting 1 (29.3 KiB) non-empty blocks including 1 (29.3 KiB) local and 0 (0.0 B) host-local and 0 (0.0 B) push-merged-local and 0 (0.0 B) remote blocks
[2024-02-20T18:00:19.946+0900] {spark_submit.py:571} INFO - 24/02/20 09:00:19 INFO ShuffleBlockFetcherIterator: Started 0 remote fetches in 1 ms
[2024-02-20T18:00:19.958+0900] {spark_submit.py:571} INFO - 24/02/20 09:00:19 INFO CodeGenerator: Code generated in 11.628983 ms
[2024-02-20T18:00:19.964+0900] {spark_submit.py:571} INFO - 24/02/20 09:00:19 INFO Executor: Finished task 0.0 in stage 12.0 (TID 8). 4273 bytes result sent to driver
[2024-02-20T18:00:19.969+0900] {spark_submit.py:571} INFO - 24/02/20 09:00:19 INFO TaskSetManager: Finished task 0.0 in stage 12.0 (TID 8) in 27 ms on ip-172-31-11-88.ap-northeast-2.compute.internal (executor driver) (1/1)
[2024-02-20T18:00:19.969+0900] {spark_submit.py:571} INFO - 24/02/20 09:00:19 INFO TaskSchedulerImpl: Removed TaskSet 12.0, whose tasks have all completed, from pool
[2024-02-20T18:00:19.969+0900] {spark_submit.py:571} INFO - 24/02/20 09:00:19 INFO DAGScheduler: ShuffleMapStage 12 (count at NativeMethodAccessorImpl.java:0) finished in 0.039 s
[2024-02-20T18:00:19.970+0900] {spark_submit.py:571} INFO - 24/02/20 09:00:19 INFO DAGScheduler: looking for newly runnable stages
[2024-02-20T18:00:19.970+0900] {spark_submit.py:571} INFO - 24/02/20 09:00:19 INFO DAGScheduler: running: Set()
[2024-02-20T18:00:19.970+0900] {spark_submit.py:571} INFO - 24/02/20 09:00:19 INFO DAGScheduler: waiting: Set()
[2024-02-20T18:00:19.970+0900] {spark_submit.py:571} INFO - 24/02/20 09:00:19 INFO DAGScheduler: failed: Set()
[2024-02-20T18:00:19.995+0900] {spark_submit.py:571} INFO - 24/02/20 09:00:19 INFO CodeGenerator: Code generated in 8.554443 ms
[2024-02-20T18:00:20.009+0900] {spark_submit.py:571} INFO - 24/02/20 09:00:20 INFO SparkContext: Starting job: count at NativeMethodAccessorImpl.java:0
[2024-02-20T18:00:20.015+0900] {spark_submit.py:571} INFO - 24/02/20 09:00:20 INFO DAGScheduler: Got job 9 (count at NativeMethodAccessorImpl.java:0) with 1 output partitions
[2024-02-20T18:00:20.015+0900] {spark_submit.py:571} INFO - 24/02/20 09:00:20 INFO DAGScheduler: Final stage: ResultStage 15 (count at NativeMethodAccessorImpl.java:0)
[2024-02-20T18:00:20.015+0900] {spark_submit.py:571} INFO - 24/02/20 09:00:20 INFO DAGScheduler: Parents of final stage: List(ShuffleMapStage 14)
[2024-02-20T18:00:20.015+0900] {spark_submit.py:571} INFO - 24/02/20 09:00:20 INFO DAGScheduler: Missing parents: List()
[2024-02-20T18:00:20.016+0900] {spark_submit.py:571} INFO - 24/02/20 09:00:20 INFO DAGScheduler: Submitting ResultStage 15 (MapPartitionsRDD[30] at count at NativeMethodAccessorImpl.java:0), which has no missing parents
[2024-02-20T18:00:20.022+0900] {spark_submit.py:571} INFO - 24/02/20 09:00:20 INFO MemoryStore: Block broadcast_13 stored as values in memory (estimated size 12.5 KiB, free 417.7 MiB)
[2024-02-20T18:00:20.024+0900] {spark_submit.py:571} INFO - 24/02/20 09:00:20 INFO MemoryStore: Block broadcast_13_piece0 stored as bytes in memory (estimated size 5.9 KiB, free 417.7 MiB)
[2024-02-20T18:00:20.025+0900] {spark_submit.py:571} INFO - 24/02/20 09:00:20 INFO BlockManagerInfo: Added broadcast_13_piece0 in memory on ip-172-31-11-88.ap-northeast-2.compute.internal:43157 (size: 5.9 KiB, free: 434.1 MiB)
[2024-02-20T18:00:20.026+0900] {spark_submit.py:571} INFO - 24/02/20 09:00:20 INFO SparkContext: Created broadcast 13 from broadcast at DAGScheduler.scala:1580
[2024-02-20T18:00:20.026+0900] {spark_submit.py:571} INFO - 24/02/20 09:00:20 INFO DAGScheduler: Submitting 1 missing tasks from ResultStage 15 (MapPartitionsRDD[30] at count at NativeMethodAccessorImpl.java:0) (first 15 tasks are for partitions Vector(0))
[2024-02-20T18:00:20.027+0900] {spark_submit.py:571} INFO - 24/02/20 09:00:20 INFO TaskSchedulerImpl: Adding task set 15.0 with 1 tasks resource profile 0
[2024-02-20T18:00:20.029+0900] {spark_submit.py:571} INFO - 24/02/20 09:00:20 INFO TaskSetManager: Starting task 0.0 in stage 15.0 (TID 9) (ip-172-31-11-88.ap-northeast-2.compute.internal, executor driver, partition 0, NODE_LOCAL, 7615 bytes)
[2024-02-20T18:00:20.030+0900] {spark_submit.py:571} INFO - 24/02/20 09:00:20 INFO Executor: Running task 0.0 in stage 15.0 (TID 9)
[2024-02-20T18:00:20.034+0900] {spark_submit.py:571} INFO - 24/02/20 09:00:20 INFO ShuffleBlockFetcherIterator: Getting 1 (60.0 B) non-empty blocks including 1 (60.0 B) local and 0 (0.0 B) host-local and 0 (0.0 B) push-merged-local and 0 (0.0 B) remote blocks
[2024-02-20T18:00:20.034+0900] {spark_submit.py:571} INFO - 24/02/20 09:00:20 INFO ShuffleBlockFetcherIterator: Started 0 remote fetches in 0 ms
[2024-02-20T18:00:20.048+0900] {spark_submit.py:571} INFO - 24/02/20 09:00:20 INFO CodeGenerator: Code generated in 13.504783 ms
[2024-02-20T18:00:20.053+0900] {spark_submit.py:571} INFO - 24/02/20 09:00:20 INFO Executor: Finished task 0.0 in stage 15.0 (TID 9). 3988 bytes result sent to driver
[2024-02-20T18:00:20.058+0900] {spark_submit.py:571} INFO - 24/02/20 09:00:20 INFO TaskSetManager: Finished task 0.0 in stage 15.0 (TID 9) in 30 ms on ip-172-31-11-88.ap-northeast-2.compute.internal (executor driver) (1/1)
[2024-02-20T18:00:20.058+0900] {spark_submit.py:571} INFO - 24/02/20 09:00:20 INFO TaskSchedulerImpl: Removed TaskSet 15.0, whose tasks have all completed, from pool
[2024-02-20T18:00:20.063+0900] {spark_submit.py:571} INFO - 24/02/20 09:00:20 INFO DAGScheduler: ResultStage 15 (count at NativeMethodAccessorImpl.java:0) finished in 0.039 s
[2024-02-20T18:00:20.064+0900] {spark_submit.py:571} INFO - 24/02/20 09:00:20 INFO DAGScheduler: Job 9 is finished. Cancelling potential speculative or zombie tasks for this job
[2024-02-20T18:00:20.064+0900] {spark_submit.py:571} INFO - 24/02/20 09:00:20 INFO TaskSchedulerImpl: Killing all running tasks in stage 15: Stage finished
[2024-02-20T18:00:20.064+0900] {spark_submit.py:571} INFO - 24/02/20 09:00:20 INFO DAGScheduler: Job 9 finished: count at NativeMethodAccessorImpl.java:0, took 0.050848 s
[2024-02-20T18:00:20.067+0900] {spark_submit.py:571} INFO - 24/02/20 09:00:20 INFO SparkContext: SparkContext is stopping with exitCode 0.
[2024-02-20T18:00:20.082+0900] {spark_submit.py:571} INFO - 24/02/20 09:00:20 INFO SparkUI: Stopped Spark web UI at http://ip-172-31-11-88.ap-northeast-2.compute.internal:4040
[2024-02-20T18:00:20.099+0900] {spark_submit.py:571} INFO - 24/02/20 09:00:20 INFO MapOutputTrackerMasterEndpoint: MapOutputTrackerMasterEndpoint stopped!
[2024-02-20T18:00:20.116+0900] {spark_submit.py:571} INFO - 24/02/20 09:00:20 INFO MemoryStore: MemoryStore cleared
[2024-02-20T18:00:20.117+0900] {spark_submit.py:571} INFO - 24/02/20 09:00:20 INFO BlockManager: BlockManager stopped
[2024-02-20T18:00:20.121+0900] {spark_submit.py:571} INFO - 24/02/20 09:00:20 INFO BlockManagerMaster: BlockManagerMaster stopped
[2024-02-20T18:00:20.123+0900] {spark_submit.py:571} INFO - 24/02/20 09:00:20 INFO OutputCommitCoordinator$OutputCommitCoordinatorEndpoint: OutputCommitCoordinator stopped!
[2024-02-20T18:00:20.130+0900] {spark_submit.py:571} INFO - 24/02/20 09:00:20 INFO SparkContext: Successfully stopped SparkContext
[2024-02-20T18:00:20.523+0900] {spark_submit.py:571} INFO - 24/02/20 09:00:20 INFO ShutdownHookManager: Shutdown hook called
[2024-02-20T18:00:20.524+0900] {spark_submit.py:571} INFO - 24/02/20 09:00:20 INFO ShutdownHookManager: Deleting directory /tmp/spark-3eaa18a1-d9a9-4389-8706-7c01192a66b0/pyspark-0bd5f0c3-75c8-4c51-8e79-5c6c4bbf6fc2
[2024-02-20T18:00:20.527+0900] {spark_submit.py:571} INFO - 24/02/20 09:00:20 INFO ShutdownHookManager: Deleting directory /tmp/spark-3eaa18a1-d9a9-4389-8706-7c01192a66b0
[2024-02-20T18:00:20.530+0900] {spark_submit.py:571} INFO - 24/02/20 09:00:20 INFO ShutdownHookManager: Deleting directory /tmp/spark-287649a5-58c2-4652-bca3-038c2d997829
[2024-02-20T18:00:20.535+0900] {spark_submit.py:571} INFO - 24/02/20 09:00:20 INFO MetricsSystemImpl: Stopping s3a-file-system metrics system...
[2024-02-20T18:00:20.535+0900] {spark_submit.py:571} INFO - 24/02/20 09:00:20 INFO MetricsSystemImpl: s3a-file-system metrics system stopped.
[2024-02-20T18:00:20.535+0900] {spark_submit.py:571} INFO - 24/02/20 09:00:20 INFO MetricsSystemImpl: s3a-file-system metrics system shutdown complete.
[2024-02-20T18:00:20.595+0900] {taskinstance.py:1138} INFO - Marking task as SUCCESS. dag_id=Community_Spark_Submit, task_id=Community_Spark_task, execution_date=20240219T090000, start_date=20240220T090003, end_date=20240220T090020
[2024-02-20T18:00:20.641+0900] {local_task_job_runner.py:234} INFO - Task exited with return code 0
[2024-02-20T18:00:20.651+0900] {taskinstance.py:3280} INFO - 0 downstream tasks scheduled from follow-on schedule check
