[2024-02-17T09:24:10.479+0900] {taskinstance.py:1956} INFO - Dependencies all met for dep_context=non-requeueable deps ti=<TaskInstance: CollectNaverNews.news_Content_Comment_Collect scheduled__2024-02-16T00:00:00+00:00 [queued]>
[2024-02-17T09:24:10.485+0900] {taskinstance.py:1956} INFO - Dependencies all met for dep_context=requeueable deps ti=<TaskInstance: CollectNaverNews.news_Content_Comment_Collect scheduled__2024-02-16T00:00:00+00:00 [queued]>
[2024-02-17T09:24:10.486+0900] {taskinstance.py:2170} INFO - Starting attempt 1 of 1
[2024-02-17T09:24:10.662+0900] {taskinstance.py:2191} INFO - Executing <Task(PythonOperator): news_Content_Comment_Collect> on 2024-02-16 00:00:00+00:00
[2024-02-17T09:24:10.669+0900] {standard_task_runner.py:60} INFO - Started process 211019 to run task
[2024-02-17T09:24:10.674+0900] {standard_task_runner.py:87} INFO - Running: ['airflow', 'tasks', 'run', 'CollectNaverNews', 'news_Content_Comment_Collect', 'scheduled__2024-02-16T00:00:00+00:00', '--job-id', '49', '--raw', '--subdir', 'DAGS_FOLDER/Naver_News_Collect.py', '--cfg-path', '/tmp/tmplu_gzm4u']
[2024-02-17T09:24:10.676+0900] {standard_task_runner.py:88} INFO - Job 49: Subtask news_Content_Comment_Collect
[2024-02-17T09:24:10.718+0900] {task_command.py:423} INFO - Running <TaskInstance: CollectNaverNews.news_Content_Comment_Collect scheduled__2024-02-16T00:00:00+00:00 [running]> on host ip-172-31-11-88.ap-northeast-2.compute.internal
[2024-02-17T09:24:10.786+0900] {taskinstance.py:2480} INFO - Exporting env vars: AIRFLOW_CTX_DAG_OWNER='airflow' AIRFLOW_CTX_DAG_ID='CollectNaverNews' AIRFLOW_CTX_TASK_ID='news_Content_Comment_Collect' AIRFLOW_CTX_EXECUTION_DATE='2024-02-16T00:00:00+00:00' AIRFLOW_CTX_TRY_NUMBER='1' AIRFLOW_CTX_DAG_RUN_ID='scheduled__2024-02-16T00:00:00+00:00'
[2024-02-17T09:24:10.800+0900] {logger.py:11} INFO - ====== WebDriver manager ======
[2024-02-17T09:24:10.890+0900] {logger.py:11} INFO - Get LATEST chromedriver version for google-chrome
[2024-02-17T09:24:10.981+0900] {logger.py:11} INFO - Get LATEST chromedriver version for google-chrome
[2024-02-17T09:24:11.064+0900] {logger.py:11} INFO - Driver [/home/ubuntu/.wdm/drivers/chromedriver/linux64/121.0.6167.184/chromedriver-linux64/chromedriver] found in cache
[2024-02-17T09:24:11.742+0900] {Naver_News_Collect.py:118} INFO - 접속완료
[2024-02-17T09:24:12.499+0900] {Naver_News_Collect.py:121} INFO - 0 Start
[2024-02-17T09:24:35.124+0900] {Naver_News_Collect.py:157} INFO - 1 End
[2024-02-17T09:24:38.128+0900] {logger.py:11} INFO - ====== WebDriver manager ======
[2024-02-17T09:24:38.217+0900] {logger.py:11} INFO - Get LATEST chromedriver version for google-chrome
[2024-02-17T09:24:38.300+0900] {logger.py:11} INFO - Get LATEST chromedriver version for google-chrome
[2024-02-17T09:24:38.383+0900] {logger.py:11} INFO - Driver [/home/ubuntu/.wdm/drivers/chromedriver/linux64/121.0.6167.184/chromedriver-linux64/chromedriver] found in cache
[2024-02-17T09:24:39.067+0900] {Naver_News_Collect.py:118} INFO - 접속완료
[2024-02-17T09:24:39.862+0900] {Naver_News_Collect.py:121} INFO - 1 Start
[2024-02-17T09:24:52.626+0900] {Naver_News_Collect.py:157} INFO - 2 End
[2024-02-17T09:24:54.629+0900] {logger.py:11} INFO - ====== WebDriver manager ======
[2024-02-17T09:24:54.718+0900] {logger.py:11} INFO - Get LATEST chromedriver version for google-chrome
[2024-02-17T09:24:54.803+0900] {logger.py:11} INFO - Get LATEST chromedriver version for google-chrome
[2024-02-17T09:24:54.892+0900] {logger.py:11} INFO - Driver [/home/ubuntu/.wdm/drivers/chromedriver/linux64/121.0.6167.184/chromedriver-linux64/chromedriver] found in cache
[2024-02-17T09:24:55.571+0900] {Naver_News_Collect.py:118} INFO - 접속완료
[2024-02-17T09:24:56.644+0900] {Naver_News_Collect.py:121} INFO - 2 Start
[2024-02-17T09:25:19.727+0900] {Naver_News_Collect.py:157} INFO - 3 End
[2024-02-17T09:25:22.731+0900] {logger.py:11} INFO - ====== WebDriver manager ======
[2024-02-17T09:25:22.821+0900] {logger.py:11} INFO - Get LATEST chromedriver version for google-chrome
[2024-02-17T09:25:22.934+0900] {logger.py:11} INFO - Get LATEST chromedriver version for google-chrome
[2024-02-17T09:25:23.018+0900] {logger.py:11} INFO - Driver [/home/ubuntu/.wdm/drivers/chromedriver/linux64/121.0.6167.184/chromedriver-linux64/chromedriver] found in cache
[2024-02-17T09:25:23.707+0900] {Naver_News_Collect.py:118} INFO - 접속완료
[2024-02-17T09:25:24.508+0900] {Naver_News_Collect.py:121} INFO - 3 Start
[2024-02-17T09:25:47.259+0900] {Naver_News_Collect.py:157} INFO - 4 End
[2024-02-17T09:25:49.261+0900] {logger.py:11} INFO - ====== WebDriver manager ======
[2024-02-17T09:25:49.352+0900] {logger.py:11} INFO - Get LATEST chromedriver version for google-chrome
[2024-02-17T09:25:49.445+0900] {logger.py:11} INFO - Get LATEST chromedriver version for google-chrome
[2024-02-17T09:25:49.535+0900] {logger.py:11} INFO - Driver [/home/ubuntu/.wdm/drivers/chromedriver/linux64/121.0.6167.184/chromedriver-linux64/chromedriver] found in cache
[2024-02-17T09:25:50.224+0900] {Naver_News_Collect.py:118} INFO - 접속완료
[2024-02-17T09:25:51.313+0900] {Naver_News_Collect.py:121} INFO - 4 Start
[2024-02-17T09:26:14.468+0900] {Naver_News_Collect.py:157} INFO - 5 End
[2024-02-17T09:26:16.469+0900] {logger.py:11} INFO - ====== WebDriver manager ======
[2024-02-17T09:26:16.559+0900] {logger.py:11} INFO - Get LATEST chromedriver version for google-chrome
[2024-02-17T09:26:16.645+0900] {logger.py:11} INFO - Get LATEST chromedriver version for google-chrome
[2024-02-17T09:26:16.735+0900] {logger.py:11} INFO - Driver [/home/ubuntu/.wdm/drivers/chromedriver/linux64/121.0.6167.184/chromedriver-linux64/chromedriver] found in cache
[2024-02-17T09:26:17.436+0900] {Naver_News_Collect.py:118} INFO - 접속완료
[2024-02-17T09:26:18.500+0900] {Naver_News_Collect.py:121} INFO - 5 Start
[2024-02-17T09:26:31.617+0900] {Naver_News_Collect.py:157} INFO - 6 End
[2024-02-17T09:26:34.621+0900] {logger.py:11} INFO - ====== WebDriver manager ======
[2024-02-17T09:26:34.710+0900] {logger.py:11} INFO - Get LATEST chromedriver version for google-chrome
[2024-02-17T09:26:34.799+0900] {logger.py:11} INFO - Get LATEST chromedriver version for google-chrome
[2024-02-17T09:26:34.884+0900] {logger.py:11} INFO - Driver [/home/ubuntu/.wdm/drivers/chromedriver/linux64/121.0.6167.184/chromedriver-linux64/chromedriver] found in cache
[2024-02-17T09:26:35.581+0900] {Naver_News_Collect.py:118} INFO - 접속완료
[2024-02-17T09:26:36.646+0900] {Naver_News_Collect.py:121} INFO - 6 Start
[2024-02-17T09:26:59.760+0900] {Naver_News_Collect.py:157} INFO - 7 End
[2024-02-17T09:27:02.764+0900] {logger.py:11} INFO - ====== WebDriver manager ======
[2024-02-17T09:27:02.853+0900] {logger.py:11} INFO - Get LATEST chromedriver version for google-chrome
[2024-02-17T09:27:02.947+0900] {logger.py:11} INFO - Get LATEST chromedriver version for google-chrome
[2024-02-17T09:27:03.040+0900] {logger.py:11} INFO - Driver [/home/ubuntu/.wdm/drivers/chromedriver/linux64/121.0.6167.184/chromedriver-linux64/chromedriver] found in cache
[2024-02-17T09:27:03.735+0900] {Naver_News_Collect.py:118} INFO - 접속완료
[2024-02-17T09:27:04.763+0900] {Naver_News_Collect.py:121} INFO - 7 Start
[2024-02-17T09:27:27.838+0900] {Naver_News_Collect.py:157} INFO - 8 End
[2024-02-17T09:27:30.842+0900] {logger.py:11} INFO - ====== WebDriver manager ======
[2024-02-17T09:27:30.932+0900] {logger.py:11} INFO - Get LATEST chromedriver version for google-chrome
[2024-02-17T09:27:31.021+0900] {logger.py:11} INFO - Get LATEST chromedriver version for google-chrome
[2024-02-17T09:27:31.109+0900] {logger.py:11} INFO - Driver [/home/ubuntu/.wdm/drivers/chromedriver/linux64/121.0.6167.184/chromedriver-linux64/chromedriver] found in cache
[2024-02-17T09:27:31.787+0900] {Naver_News_Collect.py:118} INFO - 접속완료
[2024-02-17T09:27:33.000+0900] {Naver_News_Collect.py:121} INFO - 8 Start
[2024-02-17T09:27:46.325+0900] {Naver_News_Collect.py:157} INFO - 9 End
[2024-02-17T09:27:49.328+0900] {logger.py:11} INFO - ====== WebDriver manager ======
[2024-02-17T09:27:49.416+0900] {logger.py:11} INFO - Get LATEST chromedriver version for google-chrome
[2024-02-17T09:27:49.502+0900] {logger.py:11} INFO - Get LATEST chromedriver version for google-chrome
[2024-02-17T09:27:49.586+0900] {logger.py:11} INFO - Driver [/home/ubuntu/.wdm/drivers/chromedriver/linux64/121.0.6167.184/chromedriver-linux64/chromedriver] found in cache
[2024-02-17T09:27:50.262+0900] {Naver_News_Collect.py:118} INFO - 접속완료
[2024-02-17T09:27:51.557+0900] {Naver_News_Collect.py:121} INFO - 9 Start
[2024-02-17T09:28:04.903+0900] {Naver_News_Collect.py:157} INFO - 10 End
[2024-02-17T09:28:07.907+0900] {logger.py:11} INFO - ====== WebDriver manager ======
[2024-02-17T09:28:07.996+0900] {logger.py:11} INFO - Get LATEST chromedriver version for google-chrome
[2024-02-17T09:28:08.079+0900] {logger.py:11} INFO - Get LATEST chromedriver version for google-chrome
[2024-02-17T09:28:08.164+0900] {logger.py:11} INFO - Driver [/home/ubuntu/.wdm/drivers/chromedriver/linux64/121.0.6167.184/chromedriver-linux64/chromedriver] found in cache
[2024-02-17T09:28:08.862+0900] {Naver_News_Collect.py:118} INFO - 접속완료
[2024-02-17T09:28:09.729+0900] {Naver_News_Collect.py:121} INFO - 10 Start
[2024-02-17T09:28:32.358+0900] {Naver_News_Collect.py:157} INFO - 11 End
[2024-02-17T09:28:35.362+0900] {logger.py:11} INFO - ====== WebDriver manager ======
[2024-02-17T09:28:35.451+0900] {logger.py:11} INFO - Get LATEST chromedriver version for google-chrome
[2024-02-17T09:28:35.536+0900] {logger.py:11} INFO - Get LATEST chromedriver version for google-chrome
[2024-02-17T09:28:35.625+0900] {logger.py:11} INFO - Driver [/home/ubuntu/.wdm/drivers/chromedriver/linux64/121.0.6167.184/chromedriver-linux64/chromedriver] found in cache
[2024-02-17T09:28:36.304+0900] {Naver_News_Collect.py:118} INFO - 접속완료
[2024-02-17T09:28:37.606+0900] {Naver_News_Collect.py:121} INFO - 11 Start
[2024-02-17T09:29:01.091+0900] {Naver_News_Collect.py:157} INFO - 12 End
[2024-02-17T09:29:03.093+0900] {logger.py:11} INFO - ====== WebDriver manager ======
[2024-02-17T09:29:03.182+0900] {logger.py:11} INFO - Get LATEST chromedriver version for google-chrome
[2024-02-17T09:29:03.272+0900] {logger.py:11} INFO - Get LATEST chromedriver version for google-chrome
[2024-02-17T09:29:03.361+0900] {logger.py:11} INFO - Driver [/home/ubuntu/.wdm/drivers/chromedriver/linux64/121.0.6167.184/chromedriver-linux64/chromedriver] found in cache
[2024-02-17T09:29:04.051+0900] {Naver_News_Collect.py:118} INFO - 접속완료
[2024-02-17T09:29:05.386+0900] {Naver_News_Collect.py:121} INFO - 12 Start
[2024-02-17T09:29:28.324+0900] {Naver_News_Collect.py:157} INFO - 13 End
[2024-02-17T09:29:30.325+0900] {logger.py:11} INFO - ====== WebDriver manager ======
[2024-02-17T09:29:30.414+0900] {logger.py:11} INFO - Get LATEST chromedriver version for google-chrome
[2024-02-17T09:29:30.503+0900] {logger.py:11} INFO - Get LATEST chromedriver version for google-chrome
[2024-02-17T09:29:30.598+0900] {logger.py:11} INFO - Driver [/home/ubuntu/.wdm/drivers/chromedriver/linux64/121.0.6167.184/chromedriver-linux64/chromedriver] found in cache
[2024-02-17T09:29:31.280+0900] {Naver_News_Collect.py:118} INFO - 접속완료
[2024-02-17T09:29:32.457+0900] {Naver_News_Collect.py:121} INFO - 13 Start
[2024-02-17T09:29:55.550+0900] {Naver_News_Collect.py:157} INFO - 14 End
[2024-02-17T09:29:58.553+0900] {logger.py:11} INFO - ====== WebDriver manager ======
[2024-02-17T09:29:58.642+0900] {logger.py:11} INFO - Get LATEST chromedriver version for google-chrome
[2024-02-17T09:29:58.728+0900] {logger.py:11} INFO - Get LATEST chromedriver version for google-chrome
[2024-02-17T09:29:58.812+0900] {logger.py:11} INFO - Driver [/home/ubuntu/.wdm/drivers/chromedriver/linux64/121.0.6167.184/chromedriver-linux64/chromedriver] found in cache
[2024-02-17T09:29:59.495+0900] {Naver_News_Collect.py:118} INFO - 접속완료
[2024-02-17T09:30:00.707+0900] {Naver_News_Collect.py:121} INFO - 14 Start
[2024-02-17T09:30:23.899+0900] {Naver_News_Collect.py:157} INFO - 15 End
[2024-02-17T09:30:25.902+0900] {logger.py:11} INFO - ====== WebDriver manager ======
[2024-02-17T09:30:25.992+0900] {logger.py:11} INFO - Get LATEST chromedriver version for google-chrome
[2024-02-17T09:30:26.081+0900] {logger.py:11} INFO - Get LATEST chromedriver version for google-chrome
[2024-02-17T09:30:26.177+0900] {logger.py:11} INFO - Driver [/home/ubuntu/.wdm/drivers/chromedriver/linux64/121.0.6167.184/chromedriver-linux64/chromedriver] found in cache
[2024-02-17T09:30:26.855+0900] {Naver_News_Collect.py:118} INFO - 접속완료
[2024-02-17T09:30:28.039+0900] {Naver_News_Collect.py:121} INFO - 15 Start
[2024-02-17T09:30:50.723+0900] {Naver_News_Collect.py:157} INFO - 16 End
[2024-02-17T09:30:53.726+0900] {logger.py:11} INFO - ====== WebDriver manager ======
[2024-02-17T09:30:53.816+0900] {logger.py:11} INFO - Get LATEST chromedriver version for google-chrome
[2024-02-17T09:30:53.899+0900] {logger.py:11} INFO - Get LATEST chromedriver version for google-chrome
[2024-02-17T09:30:53.984+0900] {logger.py:11} INFO - Driver [/home/ubuntu/.wdm/drivers/chromedriver/linux64/121.0.6167.184/chromedriver-linux64/chromedriver] found in cache
[2024-02-17T09:30:54.666+0900] {Naver_News_Collect.py:118} INFO - 접속완료
[2024-02-17T09:30:55.882+0900] {Naver_News_Collect.py:121} INFO - 16 Start
[2024-02-17T09:31:08.750+0900] {Naver_News_Collect.py:157} INFO - 17 End
[2024-02-17T09:31:10.752+0900] {logger.py:11} INFO - ====== WebDriver manager ======
[2024-02-17T09:31:10.843+0900] {logger.py:11} INFO - Get LATEST chromedriver version for google-chrome
[2024-02-17T09:31:10.927+0900] {logger.py:11} INFO - Get LATEST chromedriver version for google-chrome
[2024-02-17T09:31:11.012+0900] {logger.py:11} INFO - Driver [/home/ubuntu/.wdm/drivers/chromedriver/linux64/121.0.6167.184/chromedriver-linux64/chromedriver] found in cache
[2024-02-17T09:31:11.691+0900] {Naver_News_Collect.py:118} INFO - 접속완료
[2024-02-17T09:31:12.892+0900] {Naver_News_Collect.py:121} INFO - 17 Start
[2024-02-17T09:31:26.462+0900] {Naver_News_Collect.py:157} INFO - 18 End
[2024-02-17T09:31:29.465+0900] {logger.py:11} INFO - ====== WebDriver manager ======
[2024-02-17T09:31:29.555+0900] {logger.py:11} INFO - Get LATEST chromedriver version for google-chrome
[2024-02-17T09:31:29.641+0900] {logger.py:11} INFO - Get LATEST chromedriver version for google-chrome
[2024-02-17T09:31:29.726+0900] {logger.py:11} INFO - Driver [/home/ubuntu/.wdm/drivers/chromedriver/linux64/121.0.6167.184/chromedriver-linux64/chromedriver] found in cache
[2024-02-17T09:31:30.422+0900] {Naver_News_Collect.py:118} INFO - 접속완료
[2024-02-17T09:31:31.605+0900] {Naver_News_Collect.py:121} INFO - 18 Start
[2024-02-17T09:31:54.648+0900] {Naver_News_Collect.py:157} INFO - 19 End
[2024-02-17T09:31:56.651+0900] {logger.py:11} INFO - ====== WebDriver manager ======
[2024-02-17T09:31:56.741+0900] {logger.py:11} INFO - Get LATEST chromedriver version for google-chrome
[2024-02-17T09:31:56.824+0900] {logger.py:11} INFO - Get LATEST chromedriver version for google-chrome
[2024-02-17T09:31:56.907+0900] {logger.py:11} INFO - Driver [/home/ubuntu/.wdm/drivers/chromedriver/linux64/121.0.6167.184/chromedriver-linux64/chromedriver] found in cache
[2024-02-17T09:31:57.594+0900] {Naver_News_Collect.py:118} INFO - 접속완료
[2024-02-17T09:31:58.761+0900] {Naver_News_Collect.py:121} INFO - 19 Start
[2024-02-17T09:32:12.378+0900] {Naver_News_Collect.py:157} INFO - 20 End
[2024-02-17T09:32:14.380+0900] {logger.py:11} INFO - ====== WebDriver manager ======
[2024-02-17T09:32:14.470+0900] {logger.py:11} INFO - Get LATEST chromedriver version for google-chrome
[2024-02-17T09:32:14.557+0900] {logger.py:11} INFO - Get LATEST chromedriver version for google-chrome
[2024-02-17T09:32:14.640+0900] {logger.py:11} INFO - Driver [/home/ubuntu/.wdm/drivers/chromedriver/linux64/121.0.6167.184/chromedriver-linux64/chromedriver] found in cache
[2024-02-17T09:32:15.318+0900] {Naver_News_Collect.py:118} INFO - 접속완료
[2024-02-17T09:32:16.468+0900] {Naver_News_Collect.py:121} INFO - 20 Start
[2024-02-17T09:32:29.640+0900] {Naver_News_Collect.py:157} INFO - 21 End
[2024-02-17T09:32:31.641+0900] {logger.py:11} INFO - ====== WebDriver manager ======
[2024-02-17T09:32:31.729+0900] {logger.py:11} INFO - Get LATEST chromedriver version for google-chrome
[2024-02-17T09:32:31.812+0900] {logger.py:11} INFO - Get LATEST chromedriver version for google-chrome
[2024-02-17T09:32:31.896+0900] {logger.py:11} INFO - Driver [/home/ubuntu/.wdm/drivers/chromedriver/linux64/121.0.6167.184/chromedriver-linux64/chromedriver] found in cache
[2024-02-17T09:32:32.577+0900] {Naver_News_Collect.py:118} INFO - 접속완료
[2024-02-17T09:32:33.775+0900] {Naver_News_Collect.py:121} INFO - 21 Start
[2024-02-17T09:32:46.946+0900] {Naver_News_Collect.py:157} INFO - 22 End
[2024-02-17T09:32:48.949+0900] {logger.py:11} INFO - ====== WebDriver manager ======
[2024-02-17T09:32:49.037+0900] {logger.py:11} INFO - Get LATEST chromedriver version for google-chrome
[2024-02-17T09:32:49.120+0900] {logger.py:11} INFO - Get LATEST chromedriver version for google-chrome
[2024-02-17T09:32:49.201+0900] {logger.py:11} INFO - Driver [/home/ubuntu/.wdm/drivers/chromedriver/linux64/121.0.6167.184/chromedriver-linux64/chromedriver] found in cache
[2024-02-17T09:32:49.876+0900] {Naver_News_Collect.py:118} INFO - 접속완료
[2024-02-17T09:32:51.074+0900] {Naver_News_Collect.py:121} INFO - 22 Start
[2024-02-17T09:33:13.699+0900] {Naver_News_Collect.py:157} INFO - 23 End
[2024-02-17T09:33:15.701+0900] {logger.py:11} INFO - ====== WebDriver manager ======
[2024-02-17T09:33:15.788+0900] {logger.py:11} INFO - Get LATEST chromedriver version for google-chrome
[2024-02-17T09:33:15.871+0900] {logger.py:11} INFO - Get LATEST chromedriver version for google-chrome
[2024-02-17T09:33:15.953+0900] {logger.py:11} INFO - Driver [/home/ubuntu/.wdm/drivers/chromedriver/linux64/121.0.6167.184/chromedriver-linux64/chromedriver] found in cache
[2024-02-17T09:33:16.662+0900] {Naver_News_Collect.py:118} INFO - 접속완료
[2024-02-17T09:33:17.830+0900] {Naver_News_Collect.py:121} INFO - 23 Start
[2024-02-17T09:33:40.388+0900] {Naver_News_Collect.py:157} INFO - 24 End
[2024-02-17T09:33:43.392+0900] {logger.py:11} INFO - ====== WebDriver manager ======
[2024-02-17T09:33:43.480+0900] {logger.py:11} INFO - Get LATEST chromedriver version for google-chrome
[2024-02-17T09:33:43.566+0900] {logger.py:11} INFO - Get LATEST chromedriver version for google-chrome
[2024-02-17T09:33:43.649+0900] {logger.py:11} INFO - Driver [/home/ubuntu/.wdm/drivers/chromedriver/linux64/121.0.6167.184/chromedriver-linux64/chromedriver] found in cache
[2024-02-17T09:33:44.342+0900] {Naver_News_Collect.py:118} INFO - 접속완료
[2024-02-17T09:33:45.561+0900] {Naver_News_Collect.py:121} INFO - 24 Start
[2024-02-17T09:34:08.676+0900] {Naver_News_Collect.py:157} INFO - 25 End
[2024-02-17T09:34:11.679+0900] {logger.py:11} INFO - ====== WebDriver manager ======
[2024-02-17T09:34:11.767+0900] {logger.py:11} INFO - Get LATEST chromedriver version for google-chrome
[2024-02-17T09:34:11.849+0900] {logger.py:11} INFO - Get LATEST chromedriver version for google-chrome
[2024-02-17T09:34:11.931+0900] {logger.py:11} INFO - Driver [/home/ubuntu/.wdm/drivers/chromedriver/linux64/121.0.6167.184/chromedriver-linux64/chromedriver] found in cache
[2024-02-17T09:34:12.606+0900] {Naver_News_Collect.py:118} INFO - 접속완료
[2024-02-17T09:34:13.743+0900] {Naver_News_Collect.py:121} INFO - 25 Start
[2024-02-17T09:34:37.913+0900] {Naver_News_Collect.py:157} INFO - 26 End
[2024-02-17T09:34:39.916+0900] {logger.py:11} INFO - ====== WebDriver manager ======
[2024-02-17T09:34:40.007+0900] {logger.py:11} INFO - Get LATEST chromedriver version for google-chrome
[2024-02-17T09:34:40.090+0900] {logger.py:11} INFO - Get LATEST chromedriver version for google-chrome
[2024-02-17T09:34:40.173+0900] {logger.py:11} INFO - Driver [/home/ubuntu/.wdm/drivers/chromedriver/linux64/121.0.6167.184/chromedriver-linux64/chromedriver] found in cache
[2024-02-17T09:34:40.849+0900] {Naver_News_Collect.py:118} INFO - 접속완료
[2024-02-17T09:34:41.706+0900] {Naver_News_Collect.py:121} INFO - 26 Start
[2024-02-17T09:35:04.359+0900] {Naver_News_Collect.py:157} INFO - 27 End
[2024-02-17T09:35:06.361+0900] {logger.py:11} INFO - ====== WebDriver manager ======
[2024-02-17T09:35:06.451+0900] {logger.py:11} INFO - Get LATEST chromedriver version for google-chrome
[2024-02-17T09:35:06.534+0900] {logger.py:11} INFO - Get LATEST chromedriver version for google-chrome
[2024-02-17T09:35:06.618+0900] {logger.py:11} INFO - Driver [/home/ubuntu/.wdm/drivers/chromedriver/linux64/121.0.6167.184/chromedriver-linux64/chromedriver] found in cache
[2024-02-17T09:35:07.288+0900] {Naver_News_Collect.py:118} INFO - 접속완료
[2024-02-17T09:35:08.443+0900] {Naver_News_Collect.py:121} INFO - 27 Start
[2024-02-17T09:35:21.864+0900] {Naver_News_Collect.py:157} INFO - 28 End
[2024-02-17T09:35:23.866+0900] {logger.py:11} INFO - ====== WebDriver manager ======
[2024-02-17T09:35:23.956+0900] {logger.py:11} INFO - Get LATEST chromedriver version for google-chrome
[2024-02-17T09:35:24.041+0900] {logger.py:11} INFO - Get LATEST chromedriver version for google-chrome
[2024-02-17T09:35:24.127+0900] {logger.py:11} INFO - Driver [/home/ubuntu/.wdm/drivers/chromedriver/linux64/121.0.6167.184/chromedriver-linux64/chromedriver] found in cache
[2024-02-17T09:35:24.826+0900] {Naver_News_Collect.py:118} INFO - 접속완료
[2024-02-17T09:35:26.012+0900] {Naver_News_Collect.py:121} INFO - 28 Start
[2024-02-17T09:35:49.242+0900] {Naver_News_Collect.py:157} INFO - 29 End
[2024-02-17T09:35:51.245+0900] {logger.py:11} INFO - ====== WebDriver manager ======
[2024-02-17T09:35:51.335+0900] {logger.py:11} INFO - Get LATEST chromedriver version for google-chrome
[2024-02-17T09:35:51.423+0900] {logger.py:11} INFO - Get LATEST chromedriver version for google-chrome
[2024-02-17T09:35:51.518+0900] {logger.py:11} INFO - Driver [/home/ubuntu/.wdm/drivers/chromedriver/linux64/121.0.6167.184/chromedriver-linux64/chromedriver] found in cache
[2024-02-17T09:35:52.203+0900] {Naver_News_Collect.py:118} INFO - 접속완료
[2024-02-17T09:35:53.385+0900] {Naver_News_Collect.py:121} INFO - 29 Start
[2024-02-17T09:36:06.626+0900] {Naver_News_Collect.py:157} INFO - 30 End
[2024-02-17T09:36:08.629+0900] {logger.py:11} INFO - ====== WebDriver manager ======
[2024-02-17T09:36:08.718+0900] {logger.py:11} INFO - Get LATEST chromedriver version for google-chrome
[2024-02-17T09:36:08.806+0900] {logger.py:11} INFO - Get LATEST chromedriver version for google-chrome
[2024-02-17T09:36:08.892+0900] {logger.py:11} INFO - Driver [/home/ubuntu/.wdm/drivers/chromedriver/linux64/121.0.6167.184/chromedriver-linux64/chromedriver] found in cache
[2024-02-17T09:36:09.567+0900] {Naver_News_Collect.py:118} INFO - 접속완료
[2024-02-17T09:36:10.819+0900] {Naver_News_Collect.py:121} INFO - 30 Start
[2024-02-17T09:36:24.236+0900] {Naver_News_Collect.py:157} INFO - 31 End
[2024-02-17T09:36:26.239+0900] {logger.py:11} INFO - ====== WebDriver manager ======
[2024-02-17T09:36:26.329+0900] {logger.py:11} INFO - Get LATEST chromedriver version for google-chrome
[2024-02-17T09:36:26.416+0900] {logger.py:11} INFO - Get LATEST chromedriver version for google-chrome
[2024-02-17T09:36:26.508+0900] {logger.py:11} INFO - Driver [/home/ubuntu/.wdm/drivers/chromedriver/linux64/121.0.6167.184/chromedriver-linux64/chromedriver] found in cache
[2024-02-17T09:36:27.189+0900] {Naver_News_Collect.py:118} INFO - 접속완료
[2024-02-17T09:36:28.320+0900] {Naver_News_Collect.py:121} INFO - 31 Start
[2024-02-17T09:36:51.349+0900] {Naver_News_Collect.py:157} INFO - 32 End
[2024-02-17T09:36:53.351+0900] {logger.py:11} INFO - ====== WebDriver manager ======
[2024-02-17T09:36:53.439+0900] {logger.py:11} INFO - Get LATEST chromedriver version for google-chrome
[2024-02-17T09:36:53.521+0900] {logger.py:11} INFO - Get LATEST chromedriver version for google-chrome
[2024-02-17T09:36:53.607+0900] {logger.py:11} INFO - Driver [/home/ubuntu/.wdm/drivers/chromedriver/linux64/121.0.6167.184/chromedriver-linux64/chromedriver] found in cache
[2024-02-17T09:36:54.323+0900] {Naver_News_Collect.py:118} INFO - 접속완료
[2024-02-17T09:36:55.443+0900] {Naver_News_Collect.py:121} INFO - 32 Start
[2024-02-17T09:37:18.479+0900] {Naver_News_Collect.py:157} INFO - 33 End
[2024-02-17T09:37:20.482+0900] {logger.py:11} INFO - ====== WebDriver manager ======
[2024-02-17T09:37:20.569+0900] {logger.py:11} INFO - Get LATEST chromedriver version for google-chrome
[2024-02-17T09:37:20.654+0900] {logger.py:11} INFO - Get LATEST chromedriver version for google-chrome
[2024-02-17T09:37:20.738+0900] {logger.py:11} INFO - Driver [/home/ubuntu/.wdm/drivers/chromedriver/linux64/121.0.6167.184/chromedriver-linux64/chromedriver] found in cache
[2024-02-17T09:37:21.459+0900] {Naver_News_Collect.py:118} INFO - 접속완료
[2024-02-17T09:37:22.599+0900] {Naver_News_Collect.py:121} INFO - 33 Start
[2024-02-17T09:37:45.691+0900] {Naver_News_Collect.py:157} INFO - 34 End
[2024-02-17T09:37:48.693+0900] {logger.py:11} INFO - ====== WebDriver manager ======
[2024-02-17T09:37:48.782+0900] {logger.py:11} INFO - Get LATEST chromedriver version for google-chrome
[2024-02-17T09:37:48.865+0900] {logger.py:11} INFO - Get LATEST chromedriver version for google-chrome
[2024-02-17T09:37:48.948+0900] {logger.py:11} INFO - Driver [/home/ubuntu/.wdm/drivers/chromedriver/linux64/121.0.6167.184/chromedriver-linux64/chromedriver] found in cache
[2024-02-17T09:37:49.624+0900] {Naver_News_Collect.py:118} INFO - 접속완료
[2024-02-17T09:37:50.884+0900] {Naver_News_Collect.py:121} INFO - 34 Start
[2024-02-17T09:38:04.008+0900] {Naver_News_Collect.py:157} INFO - 35 End
[2024-02-17T09:38:07.012+0900] {logger.py:11} INFO - ====== WebDriver manager ======
[2024-02-17T09:38:07.104+0900] {logger.py:11} INFO - Get LATEST chromedriver version for google-chrome
[2024-02-17T09:38:07.192+0900] {logger.py:11} INFO - Get LATEST chromedriver version for google-chrome
[2024-02-17T09:38:07.278+0900] {logger.py:11} INFO - Driver [/home/ubuntu/.wdm/drivers/chromedriver/linux64/121.0.6167.184/chromedriver-linux64/chromedriver] found in cache
[2024-02-17T09:38:07.960+0900] {Naver_News_Collect.py:118} INFO - 접속완료
[2024-02-17T09:38:09.154+0900] {Naver_News_Collect.py:121} INFO - 35 Start
[2024-02-17T09:38:22.730+0900] {Naver_News_Collect.py:157} INFO - 36 End
[2024-02-17T09:38:24.733+0900] {logger.py:11} INFO - ====== WebDriver manager ======
[2024-02-17T09:38:24.820+0900] {logger.py:11} INFO - Get LATEST chromedriver version for google-chrome
[2024-02-17T09:38:24.904+0900] {logger.py:11} INFO - Get LATEST chromedriver version for google-chrome
[2024-02-17T09:38:24.987+0900] {logger.py:11} INFO - Driver [/home/ubuntu/.wdm/drivers/chromedriver/linux64/121.0.6167.184/chromedriver-linux64/chromedriver] found in cache
[2024-02-17T09:38:25.737+0900] {Naver_News_Collect.py:118} INFO - 접속완료
[2024-02-17T09:38:26.983+0900] {Naver_News_Collect.py:121} INFO - 36 Start
[2024-02-17T09:38:50.057+0900] {Naver_News_Collect.py:157} INFO - 37 End
[2024-02-17T09:38:52.060+0900] {logger.py:11} INFO - ====== WebDriver manager ======
[2024-02-17T09:38:52.148+0900] {logger.py:11} INFO - Get LATEST chromedriver version for google-chrome
[2024-02-17T09:38:52.236+0900] {logger.py:11} INFO - Get LATEST chromedriver version for google-chrome
[2024-02-17T09:38:52.326+0900] {logger.py:11} INFO - Driver [/home/ubuntu/.wdm/drivers/chromedriver/linux64/121.0.6167.184/chromedriver-linux64/chromedriver] found in cache
[2024-02-17T09:38:53.014+0900] {Naver_News_Collect.py:118} INFO - 접속완료
[2024-02-17T09:38:54.320+0900] {Naver_News_Collect.py:121} INFO - 37 Start
[2024-02-17T09:39:17.252+0900] {Naver_News_Collect.py:157} INFO - 38 End
[2024-02-17T09:39:20.256+0900] {logger.py:11} INFO - ====== WebDriver manager ======
[2024-02-17T09:39:20.347+0900] {logger.py:11} INFO - Get LATEST chromedriver version for google-chrome
[2024-02-17T09:39:20.435+0900] {logger.py:11} INFO - Get LATEST chromedriver version for google-chrome
[2024-02-17T09:39:20.528+0900] {logger.py:11} INFO - Driver [/home/ubuntu/.wdm/drivers/chromedriver/linux64/121.0.6167.184/chromedriver-linux64/chromedriver] found in cache
[2024-02-17T09:39:21.229+0900] {Naver_News_Collect.py:118} INFO - 접속완료
[2024-02-17T09:39:22.130+0900] {Naver_News_Collect.py:121} INFO - 38 Start
[2024-02-17T09:39:44.713+0900] {Naver_News_Collect.py:157} INFO - 39 End
[2024-02-17T09:39:47.717+0900] {logger.py:11} INFO - ====== WebDriver manager ======
[2024-02-17T09:39:47.808+0900] {logger.py:11} INFO - Get LATEST chromedriver version for google-chrome
[2024-02-17T09:39:47.893+0900] {logger.py:11} INFO - Get LATEST chromedriver version for google-chrome
[2024-02-17T09:39:47.974+0900] {logger.py:11} INFO - Driver [/home/ubuntu/.wdm/drivers/chromedriver/linux64/121.0.6167.184/chromedriver-linux64/chromedriver] found in cache
[2024-02-17T09:39:48.650+0900] {Naver_News_Collect.py:118} INFO - 접속완료
[2024-02-17T09:39:49.791+0900] {Naver_News_Collect.py:121} INFO - 39 Start
[2024-02-17T09:40:12.986+0900] {Naver_News_Collect.py:157} INFO - 40 End
[2024-02-17T09:40:15.990+0900] {logger.py:11} INFO - ====== WebDriver manager ======
[2024-02-17T09:40:16.079+0900] {logger.py:11} INFO - Get LATEST chromedriver version for google-chrome
[2024-02-17T09:40:16.164+0900] {logger.py:11} INFO - Get LATEST chromedriver version for google-chrome
[2024-02-17T09:40:16.247+0900] {logger.py:11} INFO - Driver [/home/ubuntu/.wdm/drivers/chromedriver/linux64/121.0.6167.184/chromedriver-linux64/chromedriver] found in cache
[2024-02-17T09:40:16.924+0900] {Naver_News_Collect.py:118} INFO - 접속완료
[2024-02-17T09:40:18.094+0900] {Naver_News_Collect.py:121} INFO - 40 Start
[2024-02-17T09:40:30.923+0900] {Naver_News_Collect.py:157} INFO - 41 End
[2024-02-17T09:40:32.925+0900] {logger.py:11} INFO - ====== WebDriver manager ======
[2024-02-17T09:40:33.015+0900] {logger.py:11} INFO - Get LATEST chromedriver version for google-chrome
[2024-02-17T09:40:33.099+0900] {logger.py:11} INFO - Get LATEST chromedriver version for google-chrome
[2024-02-17T09:40:33.190+0900] {logger.py:11} INFO - Driver [/home/ubuntu/.wdm/drivers/chromedriver/linux64/121.0.6167.184/chromedriver-linux64/chromedriver] found in cache
[2024-02-17T09:40:33.870+0900] {Naver_News_Collect.py:118} INFO - 접속완료
[2024-02-17T09:40:35.097+0900] {Naver_News_Collect.py:121} INFO - 41 Start
[2024-02-17T09:40:58.302+0900] {Naver_News_Collect.py:157} INFO - 42 End
[2024-02-17T09:41:01.306+0900] {logger.py:11} INFO - ====== WebDriver manager ======
[2024-02-17T09:41:01.397+0900] {logger.py:11} INFO - Get LATEST chromedriver version for google-chrome
[2024-02-17T09:41:01.480+0900] {logger.py:11} INFO - Get LATEST chromedriver version for google-chrome
[2024-02-17T09:41:01.562+0900] {logger.py:11} INFO - Driver [/home/ubuntu/.wdm/drivers/chromedriver/linux64/121.0.6167.184/chromedriver-linux64/chromedriver] found in cache
[2024-02-17T09:41:02.251+0900] {Naver_News_Collect.py:118} INFO - 접속완료
[2024-02-17T09:41:03.550+0900] {Naver_News_Collect.py:121} INFO - 42 Start
[2024-02-17T09:41:26.639+0900] {Naver_News_Collect.py:157} INFO - 43 End
[2024-02-17T09:41:29.643+0900] {logger.py:11} INFO - ====== WebDriver manager ======
[2024-02-17T09:41:29.731+0900] {logger.py:11} INFO - Get LATEST chromedriver version for google-chrome
[2024-02-17T09:41:29.814+0900] {logger.py:11} INFO - Get LATEST chromedriver version for google-chrome
[2024-02-17T09:41:29.896+0900] {logger.py:11} INFO - Driver [/home/ubuntu/.wdm/drivers/chromedriver/linux64/121.0.6167.184/chromedriver-linux64/chromedriver] found in cache
[2024-02-17T09:41:30.609+0900] {Naver_News_Collect.py:118} INFO - 접속완료
[2024-02-17T09:41:31.801+0900] {Naver_News_Collect.py:121} INFO - 43 Start
[2024-02-17T09:41:45.241+0900] {Naver_News_Collect.py:157} INFO - 44 End
[2024-02-17T09:41:47.243+0900] {logger.py:11} INFO - ====== WebDriver manager ======
[2024-02-17T09:41:47.335+0900] {logger.py:11} INFO - Get LATEST chromedriver version for google-chrome
[2024-02-17T09:41:47.423+0900] {logger.py:11} INFO - Get LATEST chromedriver version for google-chrome
[2024-02-17T09:41:47.510+0900] {logger.py:11} INFO - Driver [/home/ubuntu/.wdm/drivers/chromedriver/linux64/121.0.6167.184/chromedriver-linux64/chromedriver] found in cache
[2024-02-17T09:41:48.186+0900] {Naver_News_Collect.py:118} INFO - 접속완료
[2024-02-17T09:41:49.322+0900] {Naver_News_Collect.py:121} INFO - 44 Start
[2024-02-17T09:42:02.540+0900] {Naver_News_Collect.py:157} INFO - 45 End
[2024-02-17T09:42:05.541+0900] {logger.py:11} INFO - ====== WebDriver manager ======
[2024-02-17T09:42:05.631+0900] {logger.py:11} INFO - Get LATEST chromedriver version for google-chrome
[2024-02-17T09:42:05.715+0900] {logger.py:11} INFO - Get LATEST chromedriver version for google-chrome
[2024-02-17T09:42:05.799+0900] {logger.py:11} INFO - Driver [/home/ubuntu/.wdm/drivers/chromedriver/linux64/121.0.6167.184/chromedriver-linux64/chromedriver] found in cache
[2024-02-17T09:42:06.485+0900] {Naver_News_Collect.py:118} INFO - 접속완료
[2024-02-17T09:42:07.649+0900] {Naver_News_Collect.py:121} INFO - 45 Start
[2024-02-17T09:42:30.728+0900] {Naver_News_Collect.py:157} INFO - 46 End
[2024-02-17T09:42:32.730+0900] {logger.py:11} INFO - ====== WebDriver manager ======
[2024-02-17T09:42:32.819+0900] {logger.py:11} INFO - Get LATEST chromedriver version for google-chrome
[2024-02-17T09:42:32.904+0900] {logger.py:11} INFO - Get LATEST chromedriver version for google-chrome
[2024-02-17T09:42:32.987+0900] {logger.py:11} INFO - Driver [/home/ubuntu/.wdm/drivers/chromedriver/linux64/121.0.6167.184/chromedriver-linux64/chromedriver] found in cache
[2024-02-17T09:42:33.677+0900] {Naver_News_Collect.py:118} INFO - 접속완료
[2024-02-17T09:42:34.859+0900] {Naver_News_Collect.py:121} INFO - 46 Start
[2024-02-17T09:42:57.459+0900] {Naver_News_Collect.py:157} INFO - 47 End
[2024-02-17T09:42:59.461+0900] {logger.py:11} INFO - ====== WebDriver manager ======
[2024-02-17T09:42:59.551+0900] {logger.py:11} INFO - Get LATEST chromedriver version for google-chrome
[2024-02-17T09:42:59.633+0900] {logger.py:11} INFO - Get LATEST chromedriver version for google-chrome
[2024-02-17T09:42:59.716+0900] {logger.py:11} INFO - Driver [/home/ubuntu/.wdm/drivers/chromedriver/linux64/121.0.6167.184/chromedriver-linux64/chromedriver] found in cache
[2024-02-17T09:43:00.400+0900] {Naver_News_Collect.py:118} INFO - 접속완료
[2024-02-17T09:43:01.710+0900] {Naver_News_Collect.py:121} INFO - 47 Start
[2024-02-17T09:43:14.701+0900] {Naver_News_Collect.py:157} INFO - 48 End
[2024-02-17T09:43:17.705+0900] {logger.py:11} INFO - ====== WebDriver manager ======
[2024-02-17T09:43:17.793+0900] {logger.py:11} INFO - Get LATEST chromedriver version for google-chrome
[2024-02-17T09:43:17.876+0900] {logger.py:11} INFO - Get LATEST chromedriver version for google-chrome
[2024-02-17T09:43:17.960+0900] {logger.py:11} INFO - Driver [/home/ubuntu/.wdm/drivers/chromedriver/linux64/121.0.6167.184/chromedriver-linux64/chromedriver] found in cache
[2024-02-17T09:43:18.638+0900] {Naver_News_Collect.py:118} INFO - 접속완료
[2024-02-17T09:43:19.738+0900] {Naver_News_Collect.py:121} INFO - 48 Start
[2024-02-17T09:43:42.778+0900] {Naver_News_Collect.py:157} INFO - 49 End
[2024-02-17T09:43:44.781+0900] {logger.py:11} INFO - ====== WebDriver manager ======
[2024-02-17T09:43:44.870+0900] {logger.py:11} INFO - Get LATEST chromedriver version for google-chrome
[2024-02-17T09:43:44.954+0900] {logger.py:11} INFO - Get LATEST chromedriver version for google-chrome
[2024-02-17T09:43:45.038+0900] {logger.py:11} INFO - Driver [/home/ubuntu/.wdm/drivers/chromedriver/linux64/121.0.6167.184/chromedriver-linux64/chromedriver] found in cache
[2024-02-17T09:43:45.715+0900] {Naver_News_Collect.py:118} INFO - 접속완료
[2024-02-17T09:43:46.893+0900] {Naver_News_Collect.py:121} INFO - 49 Start
[2024-02-17T09:44:10.806+0900] {Naver_News_Collect.py:157} INFO - 50 End
[2024-02-17T09:44:13.809+0900] {logger.py:11} INFO - ====== WebDriver manager ======
[2024-02-17T09:44:13.899+0900] {logger.py:11} INFO - Get LATEST chromedriver version for google-chrome
[2024-02-17T09:44:13.987+0900] {logger.py:11} INFO - Get LATEST chromedriver version for google-chrome
[2024-02-17T09:44:14.078+0900] {logger.py:11} INFO - Driver [/home/ubuntu/.wdm/drivers/chromedriver/linux64/121.0.6167.184/chromedriver-linux64/chromedriver] found in cache
[2024-02-17T09:44:14.754+0900] {Naver_News_Collect.py:118} INFO - 접속완료
[2024-02-17T09:44:15.887+0900] {Naver_News_Collect.py:121} INFO - 50 Start
[2024-02-17T09:44:29.034+0900] {Naver_News_Collect.py:157} INFO - 51 End
[2024-02-17T09:44:31.036+0900] {logger.py:11} INFO - ====== WebDriver manager ======
[2024-02-17T09:44:31.126+0900] {logger.py:11} INFO - Get LATEST chromedriver version for google-chrome
[2024-02-17T09:44:31.217+0900] {logger.py:11} INFO - Get LATEST chromedriver version for google-chrome
[2024-02-17T09:44:31.306+0900] {logger.py:11} INFO - Driver [/home/ubuntu/.wdm/drivers/chromedriver/linux64/121.0.6167.184/chromedriver-linux64/chromedriver] found in cache
[2024-02-17T09:44:32.000+0900] {Naver_News_Collect.py:118} INFO - 접속완료
[2024-02-17T09:44:33.178+0900] {Naver_News_Collect.py:121} INFO - 51 Start
[2024-02-17T09:44:57.161+0900] {Naver_News_Collect.py:157} INFO - 52 End
[2024-02-17T09:44:59.163+0900] {logger.py:11} INFO - ====== WebDriver manager ======
[2024-02-17T09:44:59.253+0900] {logger.py:11} INFO - Get LATEST chromedriver version for google-chrome
[2024-02-17T09:44:59.340+0900] {logger.py:11} INFO - Get LATEST chromedriver version for google-chrome
[2024-02-17T09:44:59.427+0900] {logger.py:11} INFO - Driver [/home/ubuntu/.wdm/drivers/chromedriver/linux64/121.0.6167.184/chromedriver-linux64/chromedriver] found in cache
[2024-02-17T09:45:00.106+0900] {Naver_News_Collect.py:118} INFO - 접속완료
[2024-02-17T09:45:01.320+0900] {Naver_News_Collect.py:121} INFO - 52 Start
[2024-02-17T09:45:24.444+0900] {Naver_News_Collect.py:157} INFO - 53 End
[2024-02-17T09:45:27.448+0900] {logger.py:11} INFO - ====== WebDriver manager ======
[2024-02-17T09:45:27.542+0900] {logger.py:11} INFO - Get LATEST chromedriver version for google-chrome
[2024-02-17T09:45:27.628+0900] {logger.py:11} INFO - Get LATEST chromedriver version for google-chrome
[2024-02-17T09:45:27.718+0900] {logger.py:11} INFO - Driver [/home/ubuntu/.wdm/drivers/chromedriver/linux64/121.0.6167.184/chromedriver-linux64/chromedriver] found in cache
[2024-02-17T09:45:28.407+0900] {Naver_News_Collect.py:118} INFO - 접속완료
[2024-02-17T09:45:29.648+0900] {Naver_News_Collect.py:121} INFO - 53 Start
[2024-02-17T09:45:43.192+0900] {Naver_News_Collect.py:157} INFO - 54 End
[2024-02-17T09:45:45.195+0900] {logger.py:11} INFO - ====== WebDriver manager ======
[2024-02-17T09:45:45.290+0900] {logger.py:11} INFO - Get LATEST chromedriver version for google-chrome
[2024-02-17T09:45:45.380+0900] {logger.py:11} INFO - Get LATEST chromedriver version for google-chrome
[2024-02-17T09:45:45.468+0900] {logger.py:11} INFO - Driver [/home/ubuntu/.wdm/drivers/chromedriver/linux64/121.0.6167.184/chromedriver-linux64/chromedriver] found in cache
[2024-02-17T09:45:46.155+0900] {Naver_News_Collect.py:118} INFO - 접속완료
[2024-02-17T09:45:47.436+0900] {Naver_News_Collect.py:121} INFO - 54 Start
[2024-02-17T09:46:10.110+0900] {Naver_News_Collect.py:157} INFO - 55 End
[2024-02-17T09:46:12.113+0900] {logger.py:11} INFO - ====== WebDriver manager ======
[2024-02-17T09:46:12.204+0900] {logger.py:11} INFO - Get LATEST chromedriver version for google-chrome
[2024-02-17T09:46:12.290+0900] {logger.py:11} INFO - Get LATEST chromedriver version for google-chrome
[2024-02-17T09:46:12.375+0900] {logger.py:11} INFO - Driver [/home/ubuntu/.wdm/drivers/chromedriver/linux64/121.0.6167.184/chromedriver-linux64/chromedriver] found in cache
[2024-02-17T09:46:13.084+0900] {Naver_News_Collect.py:118} INFO - 접속완료
[2024-02-17T09:46:14.310+0900] {Naver_News_Collect.py:121} INFO - 55 Start
[2024-02-17T09:46:27.903+0900] {Naver_News_Collect.py:157} INFO - 56 End
[2024-02-17T09:46:30.907+0900] {logger.py:11} INFO - ====== WebDriver manager ======
[2024-02-17T09:46:30.997+0900] {logger.py:11} INFO - Get LATEST chromedriver version for google-chrome
[2024-02-17T09:46:31.082+0900] {logger.py:11} INFO - Get LATEST chromedriver version for google-chrome
[2024-02-17T09:46:31.166+0900] {logger.py:11} INFO - Driver [/home/ubuntu/.wdm/drivers/chromedriver/linux64/121.0.6167.184/chromedriver-linux64/chromedriver] found in cache
[2024-02-17T09:46:31.889+0900] {Naver_News_Collect.py:118} INFO - 접속완료
[2024-02-17T09:46:33.111+0900] {Naver_News_Collect.py:121} INFO - 56 Start
[2024-02-17T09:47:58.858+0900] {Naver_News_Collect.py:157} INFO - 57 End
[2024-02-17T09:48:01.861+0900] {logger.py:11} INFO - ====== WebDriver manager ======
[2024-02-17T09:48:01.952+0900] {logger.py:11} INFO - Get LATEST chromedriver version for google-chrome
[2024-02-17T09:48:02.047+0900] {logger.py:11} INFO - Get LATEST chromedriver version for google-chrome
[2024-02-17T09:48:02.140+0900] {logger.py:11} INFO - Driver [/home/ubuntu/.wdm/drivers/chromedriver/linux64/121.0.6167.184/chromedriver-linux64/chromedriver] found in cache
[2024-02-17T09:48:02.832+0900] {Naver_News_Collect.py:118} INFO - 접속완료
[2024-02-17T09:48:04.196+0900] {Naver_News_Collect.py:121} INFO - 57 Start
[2024-02-17T09:48:27.321+0900] {Naver_News_Collect.py:157} INFO - 58 End
[2024-02-17T09:48:30.324+0900] {logger.py:11} INFO - ====== WebDriver manager ======
[2024-02-17T09:48:30.414+0900] {logger.py:11} INFO - Get LATEST chromedriver version for google-chrome
[2024-02-17T09:48:30.504+0900] {logger.py:11} INFO - Get LATEST chromedriver version for google-chrome
[2024-02-17T09:48:30.595+0900] {logger.py:11} INFO - Driver [/home/ubuntu/.wdm/drivers/chromedriver/linux64/121.0.6167.184/chromedriver-linux64/chromedriver] found in cache
[2024-02-17T09:48:31.302+0900] {Naver_News_Collect.py:118} INFO - 접속완료
[2024-02-17T09:48:32.495+0900] {Naver_News_Collect.py:121} INFO - 58 Start
[2024-02-17T09:48:55.582+0900] {Naver_News_Collect.py:157} INFO - 59 End
[2024-02-17T09:48:57.584+0900] {logger.py:11} INFO - ====== WebDriver manager ======
[2024-02-17T09:48:57.674+0900] {logger.py:11} INFO - Get LATEST chromedriver version for google-chrome
[2024-02-17T09:48:57.756+0900] {logger.py:11} INFO - Get LATEST chromedriver version for google-chrome
[2024-02-17T09:48:57.840+0900] {logger.py:11} INFO - Driver [/home/ubuntu/.wdm/drivers/chromedriver/linux64/121.0.6167.184/chromedriver-linux64/chromedriver] found in cache
[2024-02-17T09:48:58.534+0900] {Naver_News_Collect.py:118} INFO - 접속완료
[2024-02-17T09:48:59.660+0900] {Naver_News_Collect.py:121} INFO - 59 Start
[2024-02-17T09:49:22.718+0900] {Naver_News_Collect.py:157} INFO - 60 End
[2024-02-17T09:49:24.721+0900] {logger.py:11} INFO - ====== WebDriver manager ======
[2024-02-17T09:49:24.810+0900] {logger.py:11} INFO - Get LATEST chromedriver version for google-chrome
[2024-02-17T09:49:24.897+0900] {logger.py:11} INFO - Get LATEST chromedriver version for google-chrome
[2024-02-17T09:49:24.985+0900] {logger.py:11} INFO - Driver [/home/ubuntu/.wdm/drivers/chromedriver/linux64/121.0.6167.184/chromedriver-linux64/chromedriver] found in cache
[2024-02-17T09:49:25.670+0900] {Naver_News_Collect.py:118} INFO - 접속완료
[2024-02-17T09:49:26.837+0900] {Naver_News_Collect.py:121} INFO - 60 Start
[2024-02-17T09:49:50.912+0900] {Naver_News_Collect.py:157} INFO - 61 End
[2024-02-17T09:49:53.916+0900] {logger.py:11} INFO - ====== WebDriver manager ======
[2024-02-17T09:49:54.006+0900] {logger.py:11} INFO - Get LATEST chromedriver version for google-chrome
[2024-02-17T09:49:54.097+0900] {logger.py:11} INFO - Get LATEST chromedriver version for google-chrome
[2024-02-17T09:49:54.187+0900] {logger.py:11} INFO - Driver [/home/ubuntu/.wdm/drivers/chromedriver/linux64/121.0.6167.184/chromedriver-linux64/chromedriver] found in cache
[2024-02-17T09:49:54.861+0900] {Naver_News_Collect.py:118} INFO - 접속완료
[2024-02-17T09:50:24.954+0900] {Naver_News_Collect.py:121} INFO - 61 Start
[2024-02-17T09:50:35.029+0900] {Naver_News_Collect.py:157} INFO - 61 End
[2024-02-17T09:50:37.032+0900] {logger.py:11} INFO - ====== WebDriver manager ======
[2024-02-17T09:50:37.123+0900] {logger.py:11} INFO - Get LATEST chromedriver version for google-chrome
[2024-02-17T09:50:37.208+0900] {logger.py:11} INFO - Get LATEST chromedriver version for google-chrome
[2024-02-17T09:50:37.294+0900] {logger.py:11} INFO - Driver [/home/ubuntu/.wdm/drivers/chromedriver/linux64/121.0.6167.184/chromedriver-linux64/chromedriver] found in cache
[2024-02-17T09:50:37.977+0900] {Naver_News_Collect.py:118} INFO - 접속완료
[2024-02-17T09:50:39.125+0900] {Naver_News_Collect.py:121} INFO - 61 Start
[2024-02-17T09:51:01.731+0900] {Naver_News_Collect.py:157} INFO - 62 End
[2024-02-17T09:51:04.735+0900] {logger.py:11} INFO - ====== WebDriver manager ======
[2024-02-17T09:51:04.826+0900] {logger.py:11} INFO - Get LATEST chromedriver version for google-chrome
[2024-02-17T09:51:04.909+0900] {logger.py:11} INFO - Get LATEST chromedriver version for google-chrome
[2024-02-17T09:51:04.992+0900] {logger.py:11} INFO - Driver [/home/ubuntu/.wdm/drivers/chromedriver/linux64/121.0.6167.184/chromedriver-linux64/chromedriver] found in cache
[2024-02-17T09:51:05.676+0900] {Naver_News_Collect.py:118} INFO - 접속완료
[2024-02-17T09:51:06.690+0900] {Naver_News_Collect.py:121} INFO - 62 Start
[2024-02-17T09:51:19.902+0900] {Naver_News_Collect.py:157} INFO - 63 End
[2024-02-17T09:51:22.905+0900] {logger.py:11} INFO - ====== WebDriver manager ======
[2024-02-17T09:51:22.999+0900] {logger.py:11} INFO - Get LATEST chromedriver version for google-chrome
[2024-02-17T09:51:23.082+0900] {logger.py:11} INFO - Get LATEST chromedriver version for google-chrome
[2024-02-17T09:51:23.164+0900] {logger.py:11} INFO - Driver [/home/ubuntu/.wdm/drivers/chromedriver/linux64/121.0.6167.184/chromedriver-linux64/chromedriver] found in cache
[2024-02-17T09:51:23.853+0900] {Naver_News_Collect.py:118} INFO - 접속완료
[2024-02-17T09:51:24.888+0900] {Naver_News_Collect.py:121} INFO - 63 Start
[2024-02-17T09:51:48.000+0900] {Naver_News_Collect.py:157} INFO - 64 End
[2024-02-17T09:51:51.004+0900] {logger.py:11} INFO - ====== WebDriver manager ======
[2024-02-17T09:51:51.095+0900] {logger.py:11} INFO - Get LATEST chromedriver version for google-chrome
[2024-02-17T09:51:51.178+0900] {logger.py:11} INFO - Get LATEST chromedriver version for google-chrome
[2024-02-17T09:51:51.261+0900] {logger.py:11} INFO - Driver [/home/ubuntu/.wdm/drivers/chromedriver/linux64/121.0.6167.184/chromedriver-linux64/chromedriver] found in cache
[2024-02-17T09:51:51.939+0900] {Naver_News_Collect.py:118} INFO - 접속완료
[2024-02-17T09:51:52.996+0900] {Naver_News_Collect.py:121} INFO - 64 Start
[2024-02-17T09:52:06.219+0900] {Naver_News_Collect.py:157} INFO - 65 End
[2024-02-17T09:52:09.223+0900] {logger.py:11} INFO - ====== WebDriver manager ======
[2024-02-17T09:52:09.312+0900] {logger.py:11} INFO - Get LATEST chromedriver version for google-chrome
[2024-02-17T09:52:09.395+0900] {logger.py:11} INFO - Get LATEST chromedriver version for google-chrome
[2024-02-17T09:52:09.478+0900] {logger.py:11} INFO - Driver [/home/ubuntu/.wdm/drivers/chromedriver/linux64/121.0.6167.184/chromedriver-linux64/chromedriver] found in cache
[2024-02-17T09:52:10.146+0900] {Naver_News_Collect.py:118} INFO - 접속완료
[2024-02-17T09:52:11.263+0900] {Naver_News_Collect.py:121} INFO - 65 Start
[2024-02-17T09:52:34.033+0900] {Naver_News_Collect.py:157} INFO - 66 End
[2024-02-17T09:52:36.036+0900] {logger.py:11} INFO - ====== WebDriver manager ======
[2024-02-17T09:52:36.124+0900] {logger.py:11} INFO - Get LATEST chromedriver version for google-chrome
[2024-02-17T09:52:36.208+0900] {logger.py:11} INFO - Get LATEST chromedriver version for google-chrome
[2024-02-17T09:52:36.294+0900] {logger.py:11} INFO - Driver [/home/ubuntu/.wdm/drivers/chromedriver/linux64/121.0.6167.184/chromedriver-linux64/chromedriver] found in cache
[2024-02-17T09:52:36.973+0900] {Naver_News_Collect.py:118} INFO - 접속완료
[2024-02-17T09:53:07.057+0900] {Naver_News_Collect.py:121} INFO - 66 Start
[2024-02-17T09:53:17.154+0900] {Naver_News_Collect.py:157} INFO - 66 End
[2024-02-17T09:53:19.157+0900] {logger.py:11} INFO - ====== WebDriver manager ======
[2024-02-17T09:53:19.246+0900] {logger.py:11} INFO - Get LATEST chromedriver version for google-chrome
[2024-02-17T09:53:19.333+0900] {logger.py:11} INFO - Get LATEST chromedriver version for google-chrome
[2024-02-17T09:53:19.417+0900] {logger.py:11} INFO - Driver [/home/ubuntu/.wdm/drivers/chromedriver/linux64/121.0.6167.184/chromedriver-linux64/chromedriver] found in cache
[2024-02-17T09:53:20.123+0900] {Naver_News_Collect.py:118} INFO - 접속완료
[2024-02-17T09:53:21.159+0900] {Naver_News_Collect.py:121} INFO - 66 Start
[2024-02-17T09:53:43.660+0900] {Naver_News_Collect.py:157} INFO - 67 End
[2024-02-17T09:53:46.662+0900] {logger.py:11} INFO - ====== WebDriver manager ======
[2024-02-17T09:53:46.751+0900] {logger.py:11} INFO - Get LATEST chromedriver version for google-chrome
[2024-02-17T09:53:46.836+0900] {logger.py:11} INFO - Get LATEST chromedriver version for google-chrome
[2024-02-17T09:53:46.917+0900] {logger.py:11} INFO - Driver [/home/ubuntu/.wdm/drivers/chromedriver/linux64/121.0.6167.184/chromedriver-linux64/chromedriver] found in cache
[2024-02-17T09:53:47.596+0900] {Naver_News_Collect.py:118} INFO - 접속완료
[2024-02-17T09:53:48.649+0900] {Naver_News_Collect.py:121} INFO - 67 Start
[2024-02-17T09:54:11.856+0900] {Naver_News_Collect.py:157} INFO - 68 End
[2024-02-17T09:54:13.857+0900] {logger.py:11} INFO - ====== WebDriver manager ======
[2024-02-17T09:54:13.945+0900] {logger.py:11} INFO - Get LATEST chromedriver version for google-chrome
[2024-02-17T09:54:14.028+0900] {logger.py:11} INFO - Get LATEST chromedriver version for google-chrome
[2024-02-17T09:54:14.114+0900] {logger.py:11} INFO - Driver [/home/ubuntu/.wdm/drivers/chromedriver/linux64/121.0.6167.184/chromedriver-linux64/chromedriver] found in cache
[2024-02-17T09:54:14.789+0900] {Naver_News_Collect.py:118} INFO - 접속완료
[2024-02-17T09:54:15.852+0900] {Naver_News_Collect.py:121} INFO - 68 Start
[2024-02-17T09:54:40.084+0900] {Naver_News_Collect.py:157} INFO - 69 End
[2024-02-17T09:54:43.088+0900] {logger.py:11} INFO - ====== WebDriver manager ======
[2024-02-17T09:54:43.178+0900] {logger.py:11} INFO - Get LATEST chromedriver version for google-chrome
[2024-02-17T09:54:43.263+0900] {logger.py:11} INFO - Get LATEST chromedriver version for google-chrome
[2024-02-17T09:54:43.344+0900] {logger.py:11} INFO - Driver [/home/ubuntu/.wdm/drivers/chromedriver/linux64/121.0.6167.184/chromedriver-linux64/chromedriver] found in cache
[2024-02-17T09:54:44.024+0900] {Naver_News_Collect.py:118} INFO - 접속완료
[2024-02-17T09:54:45.072+0900] {Naver_News_Collect.py:121} INFO - 69 Start
[2024-02-17T09:54:58.263+0900] {Naver_News_Collect.py:157} INFO - 70 End
[2024-02-17T09:55:01.267+0900] {logger.py:11} INFO - ====== WebDriver manager ======
[2024-02-17T09:55:01.357+0900] {logger.py:11} INFO - Get LATEST chromedriver version for google-chrome
[2024-02-17T09:55:01.439+0900] {logger.py:11} INFO - Get LATEST chromedriver version for google-chrome
[2024-02-17T09:55:01.523+0900] {logger.py:11} INFO - Driver [/home/ubuntu/.wdm/drivers/chromedriver/linux64/121.0.6167.184/chromedriver-linux64/chromedriver] found in cache
[2024-02-17T09:55:02.200+0900] {Naver_News_Collect.py:118} INFO - 접속완료
[2024-02-17T09:55:03.370+0900] {Naver_News_Collect.py:121} INFO - 70 Start
[2024-02-17T09:55:26.353+0900] {Naver_News_Collect.py:157} INFO - 71 End
[2024-02-17T09:55:29.356+0900] {logger.py:11} INFO - ====== WebDriver manager ======
[2024-02-17T09:55:29.446+0900] {logger.py:11} INFO - Get LATEST chromedriver version for google-chrome
[2024-02-17T09:55:29.530+0900] {logger.py:11} INFO - Get LATEST chromedriver version for google-chrome
[2024-02-17T09:55:29.620+0900] {logger.py:11} INFO - Driver [/home/ubuntu/.wdm/drivers/chromedriver/linux64/121.0.6167.184/chromedriver-linux64/chromedriver] found in cache
[2024-02-17T09:55:30.296+0900] {Naver_News_Collect.py:118} INFO - 접속완료
[2024-02-17T09:55:31.391+0900] {Naver_News_Collect.py:121} INFO - 71 Start
[2024-02-17T09:55:54.519+0900] {Naver_News_Collect.py:157} INFO - 72 End
[2024-02-17T09:55:56.522+0900] {logger.py:11} INFO - ====== WebDriver manager ======
[2024-02-17T09:55:56.612+0900] {logger.py:11} INFO - Get LATEST chromedriver version for google-chrome
[2024-02-17T09:55:56.696+0900] {logger.py:11} INFO - Get LATEST chromedriver version for google-chrome
[2024-02-17T09:55:56.784+0900] {logger.py:11} INFO - Driver [/home/ubuntu/.wdm/drivers/chromedriver/linux64/121.0.6167.184/chromedriver-linux64/chromedriver] found in cache
[2024-02-17T09:55:57.476+0900] {Naver_News_Collect.py:118} INFO - 접속완료
[2024-02-17T09:55:58.260+0900] {Naver_News_Collect.py:121} INFO - 72 Start
[2024-02-17T09:56:20.984+0900] {Naver_News_Collect.py:157} INFO - 73 End
[2024-02-17T09:56:23.986+0900] {logger.py:11} INFO - ====== WebDriver manager ======
[2024-02-17T09:56:24.075+0900] {logger.py:11} INFO - Get LATEST chromedriver version for google-chrome
[2024-02-17T09:56:24.157+0900] {logger.py:11} INFO - Get LATEST chromedriver version for google-chrome
[2024-02-17T09:56:24.240+0900] {logger.py:11} INFO - Driver [/home/ubuntu/.wdm/drivers/chromedriver/linux64/121.0.6167.184/chromedriver-linux64/chromedriver] found in cache
[2024-02-17T09:56:24.916+0900] {Naver_News_Collect.py:118} INFO - 접속완료
[2024-02-17T09:56:25.650+0900] {Naver_News_Collect.py:121} INFO - 73 Start
[2024-02-17T09:56:59.104+0900] {Naver_News_Collect.py:157} INFO - 74 End
[2024-02-17T09:57:02.107+0900] {logger.py:11} INFO - ====== WebDriver manager ======
[2024-02-17T09:57:02.197+0900] {logger.py:11} INFO - Get LATEST chromedriver version for google-chrome
[2024-02-17T09:57:02.282+0900] {logger.py:11} INFO - Get LATEST chromedriver version for google-chrome
[2024-02-17T09:57:02.365+0900] {logger.py:11} INFO - Driver [/home/ubuntu/.wdm/drivers/chromedriver/linux64/121.0.6167.184/chromedriver-linux64/chromedriver] found in cache
[2024-02-17T09:57:03.055+0900] {Naver_News_Collect.py:118} INFO - 접속완료
[2024-02-17T09:57:04.115+0900] {Naver_News_Collect.py:121} INFO - 74 Start
[2024-02-17T09:57:17.608+0900] {Naver_News_Collect.py:157} INFO - 75 End
[2024-02-17T09:57:19.610+0900] {logger.py:11} INFO - ====== WebDriver manager ======
[2024-02-17T09:57:19.699+0900] {logger.py:11} INFO - Get LATEST chromedriver version for google-chrome
[2024-02-17T09:57:19.784+0900] {logger.py:11} INFO - Get LATEST chromedriver version for google-chrome
[2024-02-17T09:57:19.868+0900] {logger.py:11} INFO - Driver [/home/ubuntu/.wdm/drivers/chromedriver/linux64/121.0.6167.184/chromedriver-linux64/chromedriver] found in cache
[2024-02-17T09:57:20.585+0900] {Naver_News_Collect.py:118} INFO - 접속완료
[2024-02-17T09:57:21.685+0900] {Naver_News_Collect.py:121} INFO - 75 Start
[2024-02-17T09:57:44.718+0900] {Naver_News_Collect.py:157} INFO - 76 End
[2024-02-17T09:57:47.722+0900] {logger.py:11} INFO - ====== WebDriver manager ======
[2024-02-17T09:57:47.812+0900] {logger.py:11} INFO - Get LATEST chromedriver version for google-chrome
[2024-02-17T09:57:47.905+0900] {logger.py:11} INFO - Get LATEST chromedriver version for google-chrome
[2024-02-17T09:57:47.987+0900] {logger.py:11} INFO - Driver [/home/ubuntu/.wdm/drivers/chromedriver/linux64/121.0.6167.184/chromedriver-linux64/chromedriver] found in cache
[2024-02-17T09:57:48.664+0900] {Naver_News_Collect.py:118} INFO - 접속완료
[2024-02-17T09:57:49.456+0900] {Naver_News_Collect.py:121} INFO - 76 Start
[2024-02-17T09:58:11.985+0900] {Naver_News_Collect.py:157} INFO - 77 End
[2024-02-17T09:58:13.987+0900] {logger.py:11} INFO - ====== WebDriver manager ======
[2024-02-17T09:58:14.077+0900] {logger.py:11} INFO - Get LATEST chromedriver version for google-chrome
[2024-02-17T09:58:14.160+0900] {logger.py:11} INFO - Get LATEST chromedriver version for google-chrome
[2024-02-17T09:58:14.244+0900] {logger.py:11} INFO - Driver [/home/ubuntu/.wdm/drivers/chromedriver/linux64/121.0.6167.184/chromedriver-linux64/chromedriver] found in cache
[2024-02-17T09:58:14.926+0900] {Naver_News_Collect.py:118} INFO - 접속완료
[2024-02-17T09:58:15.841+0900] {Naver_News_Collect.py:121} INFO - 77 Start
[2024-02-17T09:58:38.536+0900] {Naver_News_Collect.py:157} INFO - 78 End
[2024-02-17T09:58:40.539+0900] {logger.py:11} INFO - ====== WebDriver manager ======
[2024-02-17T09:58:40.627+0900] {logger.py:11} INFO - Get LATEST chromedriver version for google-chrome
[2024-02-17T09:58:40.712+0900] {logger.py:11} INFO - Get LATEST chromedriver version for google-chrome
[2024-02-17T09:58:40.794+0900] {logger.py:11} INFO - Driver [/home/ubuntu/.wdm/drivers/chromedriver/linux64/121.0.6167.184/chromedriver-linux64/chromedriver] found in cache
[2024-02-17T09:58:41.473+0900] {Naver_News_Collect.py:118} INFO - 접속완료
[2024-02-17T09:58:42.751+0900] {Naver_News_Collect.py:121} INFO - 78 Start
[2024-02-17T09:59:05.686+0900] {Naver_News_Collect.py:157} INFO - 79 End
[2024-02-17T09:59:08.688+0900] {logger.py:11} INFO - ====== WebDriver manager ======
[2024-02-17T09:59:08.779+0900] {logger.py:11} INFO - Get LATEST chromedriver version for google-chrome
[2024-02-17T09:59:08.863+0900] {logger.py:11} INFO - Get LATEST chromedriver version for google-chrome
[2024-02-17T09:59:08.946+0900] {logger.py:11} INFO - Driver [/home/ubuntu/.wdm/drivers/chromedriver/linux64/121.0.6167.184/chromedriver-linux64/chromedriver] found in cache
[2024-02-17T09:59:09.627+0900] {Naver_News_Collect.py:118} INFO - 접속완료
[2024-02-17T09:59:10.549+0900] {Naver_News_Collect.py:121} INFO - 79 Start
[2024-02-17T09:59:33.167+0900] {Naver_News_Collect.py:157} INFO - 80 End
[2024-02-17T09:59:35.169+0900] {logger.py:11} INFO - ====== WebDriver manager ======
[2024-02-17T09:59:35.258+0900] {logger.py:11} INFO - Get LATEST chromedriver version for google-chrome
[2024-02-17T09:59:35.341+0900] {logger.py:11} INFO - Get LATEST chromedriver version for google-chrome
[2024-02-17T09:59:35.423+0900] {logger.py:11} INFO - Driver [/home/ubuntu/.wdm/drivers/chromedriver/linux64/121.0.6167.184/chromedriver-linux64/chromedriver] found in cache
[2024-02-17T09:59:36.110+0900] {Naver_News_Collect.py:118} INFO - 접속완료
[2024-02-17T09:59:37.302+0900] {Naver_News_Collect.py:121} INFO - 80 Start
[2024-02-17T10:00:00.372+0900] {Naver_News_Collect.py:157} INFO - 81 End
[2024-02-17T10:00:03.373+0900] {logger.py:11} INFO - ====== WebDriver manager ======
[2024-02-17T10:00:03.467+0900] {logger.py:11} INFO - Get LATEST chromedriver version for google-chrome
[2024-02-17T10:00:03.558+0900] {logger.py:11} INFO - Get LATEST chromedriver version for google-chrome
[2024-02-17T10:00:03.641+0900] {logger.py:11} INFO - Driver [/home/ubuntu/.wdm/drivers/chromedriver/linux64/121.0.6167.184/chromedriver-linux64/chromedriver] found in cache
[2024-02-17T10:00:04.344+0900] {Naver_News_Collect.py:118} INFO - 접속완료
[2024-02-17T10:00:05.715+0900] {Naver_News_Collect.py:121} INFO - 81 Start
[2024-02-17T10:00:28.277+0900] {Naver_News_Collect.py:157} INFO - 82 End
[2024-02-17T10:00:31.280+0900] {logger.py:11} INFO - ====== WebDriver manager ======
[2024-02-17T10:00:31.371+0900] {logger.py:11} INFO - Get LATEST chromedriver version for google-chrome
[2024-02-17T10:00:31.455+0900] {logger.py:11} INFO - Get LATEST chromedriver version for google-chrome
[2024-02-17T10:00:31.538+0900] {logger.py:11} INFO - Driver [/home/ubuntu/.wdm/drivers/chromedriver/linux64/121.0.6167.184/chromedriver-linux64/chromedriver] found in cache
[2024-02-17T10:00:32.218+0900] {Naver_News_Collect.py:118} INFO - 접속완료
[2024-02-17T10:00:33.577+0900] {Naver_News_Collect.py:121} INFO - 82 Start
[2024-02-17T10:00:56.691+0900] {Naver_News_Collect.py:157} INFO - 83 End
[2024-02-17T10:00:59.695+0900] {logger.py:11} INFO - ====== WebDriver manager ======
[2024-02-17T10:00:59.785+0900] {logger.py:11} INFO - Get LATEST chromedriver version for google-chrome
[2024-02-17T10:00:59.871+0900] {logger.py:11} INFO - Get LATEST chromedriver version for google-chrome
[2024-02-17T10:00:59.956+0900] {logger.py:11} INFO - Driver [/home/ubuntu/.wdm/drivers/chromedriver/linux64/121.0.6167.184/chromedriver-linux64/chromedriver] found in cache
[2024-02-17T10:01:00.636+0900] {Naver_News_Collect.py:118} INFO - 접속완료
[2024-02-17T10:01:02.038+0900] {Naver_News_Collect.py:121} INFO - 83 Start
[2024-02-17T10:01:25.084+0900] {Naver_News_Collect.py:157} INFO - 84 End
[2024-02-17T10:01:27.087+0900] {logger.py:11} INFO - ====== WebDriver manager ======
[2024-02-17T10:01:27.178+0900] {logger.py:11} INFO - Get LATEST chromedriver version for google-chrome
[2024-02-17T10:01:27.264+0900] {logger.py:11} INFO - Get LATEST chromedriver version for google-chrome
[2024-02-17T10:01:27.349+0900] {logger.py:11} INFO - Driver [/home/ubuntu/.wdm/drivers/chromedriver/linux64/121.0.6167.184/chromedriver-linux64/chromedriver] found in cache
[2024-02-17T10:01:28.031+0900] {Naver_News_Collect.py:118} INFO - 접속완료
[2024-02-17T10:01:28.901+0900] {Naver_News_Collect.py:121} INFO - 84 Start
[2024-02-17T10:01:51.542+0900] {Naver_News_Collect.py:157} INFO - 85 End
[2024-02-17T10:01:54.545+0900] {logger.py:11} INFO - ====== WebDriver manager ======
[2024-02-17T10:01:54.633+0900] {logger.py:11} INFO - Get LATEST chromedriver version for google-chrome
[2024-02-17T10:01:54.717+0900] {logger.py:11} INFO - Get LATEST chromedriver version for google-chrome
[2024-02-17T10:01:54.800+0900] {logger.py:11} INFO - Driver [/home/ubuntu/.wdm/drivers/chromedriver/linux64/121.0.6167.184/chromedriver-linux64/chromedriver] found in cache
[2024-02-17T10:01:55.476+0900] {Naver_News_Collect.py:118} INFO - 접속완료
[2024-02-17T10:01:56.862+0900] {Naver_News_Collect.py:121} INFO - 85 Start
[2024-02-17T10:02:19.798+0900] {Naver_News_Collect.py:157} INFO - 86 End
[2024-02-17T10:02:22.801+0900] {logger.py:11} INFO - ====== WebDriver manager ======
[2024-02-17T10:02:22.892+0900] {logger.py:11} INFO - Get LATEST chromedriver version for google-chrome
[2024-02-17T10:02:22.976+0900] {logger.py:11} INFO - Get LATEST chromedriver version for google-chrome
[2024-02-17T10:02:23.059+0900] {logger.py:11} INFO - Driver [/home/ubuntu/.wdm/drivers/chromedriver/linux64/121.0.6167.184/chromedriver-linux64/chromedriver] found in cache
[2024-02-17T10:02:23.832+0900] {Naver_News_Collect.py:118} INFO - 접속완료
[2024-02-17T10:02:25.086+0900] {Naver_News_Collect.py:121} INFO - 86 Start
[2024-02-17T10:02:48.176+0900] {Naver_News_Collect.py:157} INFO - 87 End
[2024-02-17T10:02:50.178+0900] {logger.py:11} INFO - ====== WebDriver manager ======
[2024-02-17T10:02:50.268+0900] {logger.py:11} INFO - Get LATEST chromedriver version for google-chrome
[2024-02-17T10:02:50.351+0900] {logger.py:11} INFO - Get LATEST chromedriver version for google-chrome
[2024-02-17T10:02:50.433+0900] {logger.py:11} INFO - Driver [/home/ubuntu/.wdm/drivers/chromedriver/linux64/121.0.6167.184/chromedriver-linux64/chromedriver] found in cache
[2024-02-17T10:02:51.128+0900] {Naver_News_Collect.py:118} INFO - 접속완료
[2024-02-17T10:02:52.033+0900] {Naver_News_Collect.py:121} INFO - 87 Start
[2024-02-17T10:03:14.650+0900] {Naver_News_Collect.py:157} INFO - 88 End
[2024-02-17T10:03:17.654+0900] {logger.py:11} INFO - ====== WebDriver manager ======
[2024-02-17T10:03:17.743+0900] {logger.py:11} INFO - Get LATEST chromedriver version for google-chrome
[2024-02-17T10:03:17.826+0900] {logger.py:11} INFO - Get LATEST chromedriver version for google-chrome
[2024-02-17T10:03:17.908+0900] {logger.py:11} INFO - Driver [/home/ubuntu/.wdm/drivers/chromedriver/linux64/121.0.6167.184/chromedriver-linux64/chromedriver] found in cache
[2024-02-17T10:03:18.609+0900] {Naver_News_Collect.py:118} INFO - 접속완료
[2024-02-17T10:03:19.770+0900] {Naver_News_Collect.py:121} INFO - 88 Start
[2024-02-17T10:03:33.042+0900] {Naver_News_Collect.py:157} INFO - 89 End
[2024-02-17T10:03:36.045+0900] {logger.py:11} INFO - ====== WebDriver manager ======
[2024-02-17T10:03:36.135+0900] {logger.py:11} INFO - Get LATEST chromedriver version for google-chrome
[2024-02-17T10:03:36.217+0900] {logger.py:11} INFO - Get LATEST chromedriver version for google-chrome
[2024-02-17T10:03:36.299+0900] {logger.py:11} INFO - Driver [/home/ubuntu/.wdm/drivers/chromedriver/linux64/121.0.6167.184/chromedriver-linux64/chromedriver] found in cache
[2024-02-17T10:03:36.986+0900] {Naver_News_Collect.py:118} INFO - 접속완료
[2024-02-17T10:03:38.186+0900] {Naver_News_Collect.py:121} INFO - 89 Start
[2024-02-17T10:04:01.229+0900] {Naver_News_Collect.py:157} INFO - 90 End
[2024-02-17T10:04:04.232+0900] {logger.py:11} INFO - ====== WebDriver manager ======
[2024-02-17T10:04:04.323+0900] {logger.py:11} INFO - Get LATEST chromedriver version for google-chrome
[2024-02-17T10:04:04.410+0900] {logger.py:11} INFO - Get LATEST chromedriver version for google-chrome
[2024-02-17T10:04:04.492+0900] {logger.py:11} INFO - Driver [/home/ubuntu/.wdm/drivers/chromedriver/linux64/121.0.6167.184/chromedriver-linux64/chromedriver] found in cache
[2024-02-17T10:04:05.178+0900] {Naver_News_Collect.py:118} INFO - 접속완료
[2024-02-17T10:04:06.499+0900] {Naver_News_Collect.py:121} INFO - 90 Start
[2024-02-17T10:04:29.556+0900] {Naver_News_Collect.py:157} INFO - 91 End
[2024-02-17T10:04:32.557+0900] {logger.py:11} INFO - ====== WebDriver manager ======
[2024-02-17T10:04:32.645+0900] {logger.py:11} INFO - Get LATEST chromedriver version for google-chrome
[2024-02-17T10:04:32.728+0900] {logger.py:11} INFO - Get LATEST chromedriver version for google-chrome
[2024-02-17T10:04:32.809+0900] {logger.py:11} INFO - Driver [/home/ubuntu/.wdm/drivers/chromedriver/linux64/121.0.6167.184/chromedriver-linux64/chromedriver] found in cache
[2024-02-17T10:04:33.521+0900] {Naver_News_Collect.py:118} INFO - 접속완료
[2024-02-17T10:04:34.786+0900] {Naver_News_Collect.py:121} INFO - 91 Start
[2024-02-17T10:04:57.752+0900] {Naver_News_Collect.py:157} INFO - 92 End
[2024-02-17T10:05:00.753+0900] {logger.py:11} INFO - ====== WebDriver manager ======
[2024-02-17T10:05:00.843+0900] {logger.py:11} INFO - Get LATEST chromedriver version for google-chrome
[2024-02-17T10:05:00.926+0900] {logger.py:11} INFO - Get LATEST chromedriver version for google-chrome
[2024-02-17T10:05:01.011+0900] {logger.py:11} INFO - Driver [/home/ubuntu/.wdm/drivers/chromedriver/linux64/121.0.6167.184/chromedriver-linux64/chromedriver] found in cache
[2024-02-17T10:05:01.698+0900] {Naver_News_Collect.py:118} INFO - 접속완료
[2024-02-17T10:05:03.443+0900] {Naver_News_Collect.py:121} INFO - 92 Start
[2024-02-17T10:05:26.482+0900] {Naver_News_Collect.py:157} INFO - 93 End
[2024-02-17T10:05:28.485+0900] {logger.py:11} INFO - ====== WebDriver manager ======
[2024-02-17T10:05:28.575+0900] {logger.py:11} INFO - Get LATEST chromedriver version for google-chrome
[2024-02-17T10:05:28.659+0900] {logger.py:11} INFO - Get LATEST chromedriver version for google-chrome
[2024-02-17T10:05:28.742+0900] {logger.py:11} INFO - Driver [/home/ubuntu/.wdm/drivers/chromedriver/linux64/121.0.6167.184/chromedriver-linux64/chromedriver] found in cache
[2024-02-17T10:05:29.422+0900] {Naver_News_Collect.py:118} INFO - 접속완료
[2024-02-17T10:05:30.380+0900] {Naver_News_Collect.py:121} INFO - 93 Start
[2024-02-17T10:05:53.036+0900] {Naver_News_Collect.py:157} INFO - 94 End
[2024-02-17T10:05:55.039+0900] {logger.py:11} INFO - ====== WebDriver manager ======
[2024-02-17T10:05:55.139+0900] {logger.py:11} INFO - Get LATEST chromedriver version for google-chrome
[2024-02-17T10:05:55.223+0900] {logger.py:11} INFO - Get LATEST chromedriver version for google-chrome
[2024-02-17T10:05:55.305+0900] {logger.py:11} INFO - Driver [/home/ubuntu/.wdm/drivers/chromedriver/linux64/121.0.6167.184/chromedriver-linux64/chromedriver] found in cache
[2024-02-17T10:05:55.996+0900] {Naver_News_Collect.py:118} INFO - 접속완료
[2024-02-17T10:05:57.406+0900] {Naver_News_Collect.py:121} INFO - 94 Start
[2024-02-17T10:06:19.977+0900] {Naver_News_Collect.py:157} INFO - 95 End
[2024-02-17T10:06:21.980+0900] {logger.py:11} INFO - ====== WebDriver manager ======
[2024-02-17T10:06:22.073+0900] {logger.py:11} INFO - Get LATEST chromedriver version for google-chrome
[2024-02-17T10:06:22.156+0900] {logger.py:11} INFO - Get LATEST chromedriver version for google-chrome
[2024-02-17T10:06:22.241+0900] {logger.py:11} INFO - Driver [/home/ubuntu/.wdm/drivers/chromedriver/linux64/121.0.6167.184/chromedriver-linux64/chromedriver] found in cache
[2024-02-17T10:06:22.930+0900] {Naver_News_Collect.py:118} INFO - 접속완료
[2024-02-17T10:06:24.125+0900] {Naver_News_Collect.py:121} INFO - 95 Start
[2024-02-17T10:06:47.134+0900] {Naver_News_Collect.py:157} INFO - 96 End
[2024-02-17T10:06:49.135+0900] {logger.py:11} INFO - ====== WebDriver manager ======
[2024-02-17T10:06:49.223+0900] {logger.py:11} INFO - Get LATEST chromedriver version for google-chrome
[2024-02-17T10:06:49.307+0900] {logger.py:11} INFO - Get LATEST chromedriver version for google-chrome
[2024-02-17T10:06:49.391+0900] {logger.py:11} INFO - Driver [/home/ubuntu/.wdm/drivers/chromedriver/linux64/121.0.6167.184/chromedriver-linux64/chromedriver] found in cache
[2024-02-17T10:06:50.079+0900] {Naver_News_Collect.py:118} INFO - 접속완료
[2024-02-17T10:06:50.971+0900] {Naver_News_Collect.py:121} INFO - 96 Start
[2024-02-17T10:07:13.698+0900] {Naver_News_Collect.py:157} INFO - 97 End
[2024-02-17T10:07:15.700+0900] {logger.py:11} INFO - ====== WebDriver manager ======
[2024-02-17T10:07:15.789+0900] {logger.py:11} INFO - Get LATEST chromedriver version for google-chrome
[2024-02-17T10:07:15.872+0900] {logger.py:11} INFO - Get LATEST chromedriver version for google-chrome
[2024-02-17T10:07:15.955+0900] {logger.py:11} INFO - Driver [/home/ubuntu/.wdm/drivers/chromedriver/linux64/121.0.6167.184/chromedriver-linux64/chromedriver] found in cache
[2024-02-17T10:07:16.632+0900] {Naver_News_Collect.py:118} INFO - 접속완료
[2024-02-17T10:07:17.803+0900] {Naver_News_Collect.py:121} INFO - 97 Start
[2024-02-17T10:07:40.820+0900] {Naver_News_Collect.py:157} INFO - 98 End
[2024-02-17T10:07:42.823+0900] {logger.py:11} INFO - ====== WebDriver manager ======
[2024-02-17T10:07:42.910+0900] {logger.py:11} INFO - Get LATEST chromedriver version for google-chrome
[2024-02-17T10:07:42.994+0900] {logger.py:11} INFO - Get LATEST chromedriver version for google-chrome
[2024-02-17T10:07:43.078+0900] {logger.py:11} INFO - Driver [/home/ubuntu/.wdm/drivers/chromedriver/linux64/121.0.6167.184/chromedriver-linux64/chromedriver] found in cache
[2024-02-17T10:07:43.763+0900] {Naver_News_Collect.py:118} INFO - 접속완료
[2024-02-17T10:07:45.112+0900] {Naver_News_Collect.py:121} INFO - 98 Start
[2024-02-17T10:08:09.005+0900] {Naver_News_Collect.py:157} INFO - 99 End
[2024-02-17T10:08:11.008+0900] {logger.py:11} INFO - ====== WebDriver manager ======
[2024-02-17T10:08:11.099+0900] {logger.py:11} INFO - Get LATEST chromedriver version for google-chrome
[2024-02-17T10:08:11.186+0900] {logger.py:11} INFO - Get LATEST chromedriver version for google-chrome
[2024-02-17T10:08:11.270+0900] {logger.py:11} INFO - Driver [/home/ubuntu/.wdm/drivers/chromedriver/linux64/121.0.6167.184/chromedriver-linux64/chromedriver] found in cache
[2024-02-17T10:08:11.948+0900] {Naver_News_Collect.py:118} INFO - 접속완료
[2024-02-17T10:08:13.090+0900] {Naver_News_Collect.py:121} INFO - 99 Start
[2024-02-17T10:08:36.246+0900] {Naver_News_Collect.py:157} INFO - 100 End
[2024-02-17T10:08:39.250+0900] {logger.py:11} INFO - ====== WebDriver manager ======
[2024-02-17T10:08:39.341+0900] {logger.py:11} INFO - Get LATEST chromedriver version for google-chrome
[2024-02-17T10:08:39.425+0900] {logger.py:11} INFO - Get LATEST chromedriver version for google-chrome
[2024-02-17T10:08:39.508+0900] {logger.py:11} INFO - Driver [/home/ubuntu/.wdm/drivers/chromedriver/linux64/121.0.6167.184/chromedriver-linux64/chromedriver] found in cache
[2024-02-17T10:08:40.185+0900] {Naver_News_Collect.py:118} INFO - 접속완료
[2024-02-17T10:08:41.329+0900] {Naver_News_Collect.py:121} INFO - 100 Start
[2024-02-17T10:08:54.581+0900] {Naver_News_Collect.py:157} INFO - 101 End
[2024-02-17T10:08:56.584+0900] {logger.py:11} INFO - ====== WebDriver manager ======
[2024-02-17T10:08:56.673+0900] {logger.py:11} INFO - Get LATEST chromedriver version for google-chrome
[2024-02-17T10:08:56.757+0900] {logger.py:11} INFO - Get LATEST chromedriver version for google-chrome
[2024-02-17T10:08:56.839+0900] {logger.py:11} INFO - Driver [/home/ubuntu/.wdm/drivers/chromedriver/linux64/121.0.6167.184/chromedriver-linux64/chromedriver] found in cache
[2024-02-17T10:08:57.517+0900] {Naver_News_Collect.py:118} INFO - 접속완료
[2024-02-17T10:08:58.468+0900] {Naver_News_Collect.py:121} INFO - 101 Start
[2024-02-17T10:09:21.054+0900] {Naver_News_Collect.py:157} INFO - 102 End
[2024-02-17T10:09:23.057+0900] {logger.py:11} INFO - ====== WebDriver manager ======
[2024-02-17T10:09:23.146+0900] {logger.py:11} INFO - Get LATEST chromedriver version for google-chrome
[2024-02-17T10:09:23.231+0900] {logger.py:11} INFO - Get LATEST chromedriver version for google-chrome
[2024-02-17T10:09:23.314+0900] {logger.py:11} INFO - Driver [/home/ubuntu/.wdm/drivers/chromedriver/linux64/121.0.6167.184/chromedriver-linux64/chromedriver] found in cache
[2024-02-17T10:09:23.990+0900] {Naver_News_Collect.py:118} INFO - 접속완료
[2024-02-17T10:09:25.325+0900] {Naver_News_Collect.py:121} INFO - 102 Start
[2024-02-17T10:09:48.399+0900] {Naver_News_Collect.py:157} INFO - 103 End
[2024-02-17T10:09:50.402+0900] {logger.py:11} INFO - ====== WebDriver manager ======
[2024-02-17T10:09:50.491+0900] {logger.py:11} INFO - Get LATEST chromedriver version for google-chrome
[2024-02-17T10:09:50.574+0900] {logger.py:11} INFO - Get LATEST chromedriver version for google-chrome
[2024-02-17T10:09:50.658+0900] {logger.py:11} INFO - Driver [/home/ubuntu/.wdm/drivers/chromedriver/linux64/121.0.6167.184/chromedriver-linux64/chromedriver] found in cache
[2024-02-17T10:09:51.349+0900] {Naver_News_Collect.py:118} INFO - 접속완료
[2024-02-17T10:09:52.579+0900] {Naver_News_Collect.py:121} INFO - 103 Start
[2024-02-17T10:10:15.531+0900] {Naver_News_Collect.py:157} INFO - 104 End
[2024-02-17T10:10:18.535+0900] {logger.py:11} INFO - ====== WebDriver manager ======
[2024-02-17T10:10:18.625+0900] {logger.py:11} INFO - Get LATEST chromedriver version for google-chrome
[2024-02-17T10:10:18.710+0900] {logger.py:11} INFO - Get LATEST chromedriver version for google-chrome
[2024-02-17T10:10:18.798+0900] {logger.py:11} INFO - Driver [/home/ubuntu/.wdm/drivers/chromedriver/linux64/121.0.6167.184/chromedriver-linux64/chromedriver] found in cache
[2024-02-17T10:10:19.474+0900] {Naver_News_Collect.py:118} INFO - 접속완료
[2024-02-17T10:10:20.775+0900] {Naver_News_Collect.py:121} INFO - 104 Start
[2024-02-17T10:10:43.951+0900] {Naver_News_Collect.py:157} INFO - 105 End
[2024-02-17T10:10:45.954+0900] {logger.py:11} INFO - ====== WebDriver manager ======
[2024-02-17T10:10:46.045+0900] {logger.py:11} INFO - Get LATEST chromedriver version for google-chrome
[2024-02-17T10:10:46.128+0900] {logger.py:11} INFO - Get LATEST chromedriver version for google-chrome
[2024-02-17T10:10:46.211+0900] {logger.py:11} INFO - Driver [/home/ubuntu/.wdm/drivers/chromedriver/linux64/121.0.6167.184/chromedriver-linux64/chromedriver] found in cache
[2024-02-17T10:10:46.899+0900] {Naver_News_Collect.py:118} INFO - 접속완료
[2024-02-17T10:10:48.081+0900] {Naver_News_Collect.py:121} INFO - 105 Start
[2024-02-17T10:11:11.366+0900] {Naver_News_Collect.py:157} INFO - 106 End
[2024-02-17T10:11:13.368+0900] {logger.py:11} INFO - ====== WebDriver manager ======
[2024-02-17T10:11:13.458+0900] {logger.py:11} INFO - Get LATEST chromedriver version for google-chrome
[2024-02-17T10:11:13.560+0900] {logger.py:11} INFO - Get LATEST chromedriver version for google-chrome
[2024-02-17T10:11:13.642+0900] {logger.py:11} INFO - Driver [/home/ubuntu/.wdm/drivers/chromedriver/linux64/121.0.6167.184/chromedriver-linux64/chromedriver] found in cache
[2024-02-17T10:11:14.322+0900] {Naver_News_Collect.py:118} INFO - 접속완료
[2024-02-17T10:11:15.475+0900] {Naver_News_Collect.py:121} INFO - 106 Start
[2024-02-17T10:11:38.474+0900] {Naver_News_Collect.py:157} INFO - 107 End
[2024-02-17T10:11:41.478+0900] {logger.py:11} INFO - ====== WebDriver manager ======
[2024-02-17T10:11:41.567+0900] {logger.py:11} INFO - Get LATEST chromedriver version for google-chrome
[2024-02-17T10:11:41.650+0900] {logger.py:11} INFO - Get LATEST chromedriver version for google-chrome
[2024-02-17T10:11:41.731+0900] {logger.py:11} INFO - Driver [/home/ubuntu/.wdm/drivers/chromedriver/linux64/121.0.6167.184/chromedriver-linux64/chromedriver] found in cache
[2024-02-17T10:11:42.416+0900] {Naver_News_Collect.py:118} INFO - 접속완료
[2024-02-17T10:11:43.936+0900] {Naver_News_Collect.py:121} INFO - 107 Start
[2024-02-17T10:12:06.772+0900] {Naver_News_Collect.py:157} INFO - 108 End
[2024-02-17T10:12:09.775+0900] {logger.py:11} INFO - ====== WebDriver manager ======
[2024-02-17T10:12:09.864+0900] {logger.py:11} INFO - Get LATEST chromedriver version for google-chrome
[2024-02-17T10:12:09.954+0900] {logger.py:11} INFO - Get LATEST chromedriver version for google-chrome
[2024-02-17T10:12:10.037+0900] {logger.py:11} INFO - Driver [/home/ubuntu/.wdm/drivers/chromedriver/linux64/121.0.6167.184/chromedriver-linux64/chromedriver] found in cache
[2024-02-17T10:12:10.720+0900] {Naver_News_Collect.py:118} INFO - 접속완료
[2024-02-17T10:12:11.976+0900] {Naver_News_Collect.py:121} INFO - 108 Start
[2024-02-17T10:12:35.077+0900] {Naver_News_Collect.py:157} INFO - 109 End
[2024-02-17T10:12:37.080+0900] {logger.py:11} INFO - ====== WebDriver manager ======
[2024-02-17T10:12:37.178+0900] {logger.py:11} INFO - Get LATEST chromedriver version for google-chrome
[2024-02-17T10:12:37.260+0900] {logger.py:11} INFO - Get LATEST chromedriver version for google-chrome
[2024-02-17T10:12:37.342+0900] {logger.py:11} INFO - Driver [/home/ubuntu/.wdm/drivers/chromedriver/linux64/121.0.6167.184/chromedriver-linux64/chromedriver] found in cache
[2024-02-17T10:12:38.018+0900] {Naver_News_Collect.py:118} INFO - 접속완료
[2024-02-17T10:12:39.080+0900] {Naver_News_Collect.py:121} INFO - 109 Start
[2024-02-17T10:12:52.735+0900] {Naver_News_Collect.py:157} INFO - 110 End
[2024-02-17T10:12:54.737+0900] {logger.py:11} INFO - ====== WebDriver manager ======
[2024-02-17T10:12:54.825+0900] {logger.py:11} INFO - Get LATEST chromedriver version for google-chrome
[2024-02-17T10:12:54.908+0900] {logger.py:11} INFO - Get LATEST chromedriver version for google-chrome
[2024-02-17T10:12:54.991+0900] {logger.py:11} INFO - Driver [/home/ubuntu/.wdm/drivers/chromedriver/linux64/121.0.6167.184/chromedriver-linux64/chromedriver] found in cache
[2024-02-17T10:12:55.667+0900] {Naver_News_Collect.py:118} INFO - 접속완료
[2024-02-17T10:12:56.705+0900] {Naver_News_Collect.py:121} INFO - 110 Start
[2024-02-17T10:13:09.829+0900] {Naver_News_Collect.py:157} INFO - 111 End
[2024-02-17T10:13:12.833+0900] {logger.py:11} INFO - ====== WebDriver manager ======
[2024-02-17T10:13:12.922+0900] {logger.py:11} INFO - Get LATEST chromedriver version for google-chrome
[2024-02-17T10:13:13.006+0900] {logger.py:11} INFO - Get LATEST chromedriver version for google-chrome
[2024-02-17T10:13:13.088+0900] {logger.py:11} INFO - Driver [/home/ubuntu/.wdm/drivers/chromedriver/linux64/121.0.6167.184/chromedriver-linux64/chromedriver] found in cache
[2024-02-17T10:13:13.765+0900] {Naver_News_Collect.py:118} INFO - 접속완료
[2024-02-17T10:13:14.887+0900] {Naver_News_Collect.py:121} INFO - 111 Start
[2024-02-17T10:13:28.560+0900] {Naver_News_Collect.py:157} INFO - 112 End
[2024-02-17T10:13:31.563+0900] {logger.py:11} INFO - ====== WebDriver manager ======
[2024-02-17T10:13:31.666+0900] {logger.py:11} INFO - Get LATEST chromedriver version for google-chrome
[2024-02-17T10:13:31.750+0900] {logger.py:11} INFO - Get LATEST chromedriver version for google-chrome
[2024-02-17T10:13:31.831+0900] {logger.py:11} INFO - Driver [/home/ubuntu/.wdm/drivers/chromedriver/linux64/121.0.6167.184/chromedriver-linux64/chromedriver] found in cache
[2024-02-17T10:13:32.512+0900] {Naver_News_Collect.py:118} INFO - 접속완료
[2024-02-17T10:13:33.608+0900] {Naver_News_Collect.py:121} INFO - 112 Start
[2024-02-17T10:13:47.329+0900] {Naver_News_Collect.py:157} INFO - 113 End
[2024-02-17T10:13:50.333+0900] {logger.py:11} INFO - ====== WebDriver manager ======
[2024-02-17T10:13:50.424+0900] {logger.py:11} INFO - Get LATEST chromedriver version for google-chrome
[2024-02-17T10:13:50.520+0900] {logger.py:11} INFO - Get LATEST chromedriver version for google-chrome
[2024-02-17T10:13:50.604+0900] {logger.py:11} INFO - Driver [/home/ubuntu/.wdm/drivers/chromedriver/linux64/121.0.6167.184/chromedriver-linux64/chromedriver] found in cache
[2024-02-17T10:13:51.285+0900] {Naver_News_Collect.py:118} INFO - 접속완료
[2024-02-17T10:13:52.333+0900] {Naver_News_Collect.py:121} INFO - 113 Start
[2024-02-17T10:14:20.617+0900] {Naver_News_Collect.py:157} INFO - 114 End
[2024-02-17T10:14:22.620+0900] {logger.py:11} INFO - ====== WebDriver manager ======
[2024-02-17T10:14:22.711+0900] {logger.py:11} INFO - Get LATEST chromedriver version for google-chrome
[2024-02-17T10:14:22.795+0900] {logger.py:11} INFO - Get LATEST chromedriver version for google-chrome
[2024-02-17T10:14:22.877+0900] {logger.py:11} INFO - Driver [/home/ubuntu/.wdm/drivers/chromedriver/linux64/121.0.6167.184/chromedriver-linux64/chromedriver] found in cache
[2024-02-17T10:14:23.554+0900] {Naver_News_Collect.py:118} INFO - 접속완료
[2024-02-17T10:14:24.579+0900] {Naver_News_Collect.py:121} INFO - 114 Start
[2024-02-17T10:14:39.270+0900] {Naver_News_Collect.py:157} INFO - 115 End
[2024-02-17T10:14:41.272+0900] {logger.py:11} INFO - ====== WebDriver manager ======
[2024-02-17T10:14:41.362+0900] {logger.py:11} INFO - Get LATEST chromedriver version for google-chrome
[2024-02-17T10:14:41.448+0900] {logger.py:11} INFO - Get LATEST chromedriver version for google-chrome
[2024-02-17T10:14:41.532+0900] {logger.py:11} INFO - Driver [/home/ubuntu/.wdm/drivers/chromedriver/linux64/121.0.6167.184/chromedriver-linux64/chromedriver] found in cache
[2024-02-17T10:14:42.217+0900] {Naver_News_Collect.py:118} INFO - 접속완료
[2024-02-17T10:14:43.241+0900] {Naver_News_Collect.py:121} INFO - 115 Start
[2024-02-17T10:15:06.388+0900] {Naver_News_Collect.py:157} INFO - 116 End
[2024-02-17T10:15:08.391+0900] {logger.py:11} INFO - ====== WebDriver manager ======
[2024-02-17T10:15:08.485+0900] {logger.py:11} INFO - Get LATEST chromedriver version for google-chrome
[2024-02-17T10:15:08.569+0900] {logger.py:11} INFO - Get LATEST chromedriver version for google-chrome
[2024-02-17T10:15:08.653+0900] {logger.py:11} INFO - Driver [/home/ubuntu/.wdm/drivers/chromedriver/linux64/121.0.6167.184/chromedriver-linux64/chromedriver] found in cache
[2024-02-17T10:15:09.354+0900] {Naver_News_Collect.py:118} INFO - 접속완료
[2024-02-17T10:15:10.130+0900] {Naver_News_Collect.py:121} INFO - 116 Start
[2024-02-17T10:15:23.196+0900] {Naver_News_Collect.py:157} INFO - 117 End
[2024-02-17T10:15:26.200+0900] {logger.py:11} INFO - ====== WebDriver manager ======
[2024-02-17T10:15:26.290+0900] {logger.py:11} INFO - Get LATEST chromedriver version for google-chrome
[2024-02-17T10:15:26.374+0900] {logger.py:11} INFO - Get LATEST chromedriver version for google-chrome
[2024-02-17T10:15:26.459+0900] {logger.py:11} INFO - Driver [/home/ubuntu/.wdm/drivers/chromedriver/linux64/121.0.6167.184/chromedriver-linux64/chromedriver] found in cache
[2024-02-17T10:15:27.135+0900] {Naver_News_Collect.py:118} INFO - 접속완료
[2024-02-17T10:15:28.196+0900] {Naver_News_Collect.py:121} INFO - 117 Start
[2024-02-17T10:15:51.295+0900] {Naver_News_Collect.py:157} INFO - 118 End
[2024-02-17T10:15:53.297+0900] {logger.py:11} INFO - ====== WebDriver manager ======
[2024-02-17T10:15:53.387+0900] {logger.py:11} INFO - Get LATEST chromedriver version for google-chrome
[2024-02-17T10:15:53.472+0900] {logger.py:11} INFO - Get LATEST chromedriver version for google-chrome
[2024-02-17T10:15:53.555+0900] {logger.py:11} INFO - Driver [/home/ubuntu/.wdm/drivers/chromedriver/linux64/121.0.6167.184/chromedriver-linux64/chromedriver] found in cache
[2024-02-17T10:15:54.242+0900] {Naver_News_Collect.py:118} INFO - 접속완료
[2024-02-17T10:16:24.336+0900] {Naver_News_Collect.py:121} INFO - 118 Start
[2024-02-17T10:16:34.425+0900] {Naver_News_Collect.py:157} INFO - 118 End
[2024-02-17T10:16:36.427+0900] {logger.py:11} INFO - ====== WebDriver manager ======
[2024-02-17T10:16:36.517+0900] {logger.py:11} INFO - Get LATEST chromedriver version for google-chrome
[2024-02-17T10:16:36.601+0900] {logger.py:11} INFO - Get LATEST chromedriver version for google-chrome
[2024-02-17T10:16:36.684+0900] {logger.py:11} INFO - Driver [/home/ubuntu/.wdm/drivers/chromedriver/linux64/121.0.6167.184/chromedriver-linux64/chromedriver] found in cache
[2024-02-17T10:16:37.371+0900] {Naver_News_Collect.py:118} INFO - 접속완료
[2024-02-17T10:16:38.583+0900] {Naver_News_Collect.py:121} INFO - 118 Start
[2024-02-17T10:17:14.107+0900] {Naver_News_Collect.py:157} INFO - 119 End
[2024-02-17T10:17:17.110+0900] {logger.py:11} INFO - ====== WebDriver manager ======
[2024-02-17T10:17:17.198+0900] {logger.py:11} INFO - Get LATEST chromedriver version for google-chrome
[2024-02-17T10:17:17.285+0900] {logger.py:11} INFO - Get LATEST chromedriver version for google-chrome
[2024-02-17T10:17:17.367+0900] {logger.py:11} INFO - Driver [/home/ubuntu/.wdm/drivers/chromedriver/linux64/121.0.6167.184/chromedriver-linux64/chromedriver] found in cache
[2024-02-17T10:17:18.042+0900] {Naver_News_Collect.py:118} INFO - 접속완료
[2024-02-17T10:17:19.073+0900] {Naver_News_Collect.py:121} INFO - 119 Start
[2024-02-17T10:17:32.267+0900] {Naver_News_Collect.py:157} INFO - 120 End
[2024-02-17T10:17:35.271+0900] {logger.py:11} INFO - ====== WebDriver manager ======
[2024-02-17T10:17:35.363+0900] {logger.py:11} INFO - Get LATEST chromedriver version for google-chrome
[2024-02-17T10:17:35.447+0900] {logger.py:11} INFO - Get LATEST chromedriver version for google-chrome
[2024-02-17T10:17:35.531+0900] {logger.py:11} INFO - Driver [/home/ubuntu/.wdm/drivers/chromedriver/linux64/121.0.6167.184/chromedriver-linux64/chromedriver] found in cache
[2024-02-17T10:17:36.212+0900] {Naver_News_Collect.py:118} INFO - 접속완료
[2024-02-17T10:17:37.253+0900] {Naver_News_Collect.py:121} INFO - 120 Start
[2024-02-17T10:17:52.319+0900] {Naver_News_Collect.py:157} INFO - 121 End
[2024-02-17T10:17:54.321+0900] {logger.py:11} INFO - ====== WebDriver manager ======
[2024-02-17T10:17:54.411+0900] {logger.py:11} INFO - Get LATEST chromedriver version for google-chrome
[2024-02-17T10:17:54.494+0900] {logger.py:11} INFO - Get LATEST chromedriver version for google-chrome
[2024-02-17T10:17:54.577+0900] {logger.py:11} INFO - Driver [/home/ubuntu/.wdm/drivers/chromedriver/linux64/121.0.6167.184/chromedriver-linux64/chromedriver] found in cache
[2024-02-17T10:17:55.290+0900] {Naver_News_Collect.py:118} INFO - 접속완료
[2024-02-17T10:17:56.281+0900] {Naver_News_Collect.py:121} INFO - 121 Start
[2024-02-17T10:18:19.340+0900] {Naver_News_Collect.py:157} INFO - 122 End
[2024-02-17T10:18:22.343+0900] {logger.py:11} INFO - ====== WebDriver manager ======
[2024-02-17T10:18:22.441+0900] {logger.py:11} INFO - Get LATEST chromedriver version for google-chrome
[2024-02-17T10:18:22.525+0900] {logger.py:11} INFO - Get LATEST chromedriver version for google-chrome
[2024-02-17T10:18:22.609+0900] {logger.py:11} INFO - Driver [/home/ubuntu/.wdm/drivers/chromedriver/linux64/121.0.6167.184/chromedriver-linux64/chromedriver] found in cache
[2024-02-17T10:18:23.320+0900] {Naver_News_Collect.py:118} INFO - 접속완료
[2024-02-17T10:18:24.561+0900] {Naver_News_Collect.py:121} INFO - 122 Start
[2024-02-17T10:18:37.947+0900] {Naver_News_Collect.py:157} INFO - 123 End
[2024-02-17T10:18:39.950+0900] {logger.py:11} INFO - ====== WebDriver manager ======
[2024-02-17T10:18:40.039+0900] {logger.py:11} INFO - Get LATEST chromedriver version for google-chrome
[2024-02-17T10:18:40.122+0900] {logger.py:11} INFO - Get LATEST chromedriver version for google-chrome
[2024-02-17T10:18:40.205+0900] {logger.py:11} INFO - Driver [/home/ubuntu/.wdm/drivers/chromedriver/linux64/121.0.6167.184/chromedriver-linux64/chromedriver] found in cache
[2024-02-17T10:18:40.889+0900] {Naver_News_Collect.py:118} INFO - 접속완료
[2024-02-17T10:18:41.665+0900] {Naver_News_Collect.py:121} INFO - 123 Start
[2024-02-17T10:18:54.607+0900] {Naver_News_Collect.py:157} INFO - 124 End
[2024-02-17T10:18:57.611+0900] {logger.py:11} INFO - ====== WebDriver manager ======
[2024-02-17T10:18:57.700+0900] {logger.py:11} INFO - Get LATEST chromedriver version for google-chrome
[2024-02-17T10:18:57.783+0900] {logger.py:11} INFO - Get LATEST chromedriver version for google-chrome
[2024-02-17T10:18:57.864+0900] {logger.py:11} INFO - Driver [/home/ubuntu/.wdm/drivers/chromedriver/linux64/121.0.6167.184/chromedriver-linux64/chromedriver] found in cache
[2024-02-17T10:18:58.552+0900] {Naver_News_Collect.py:118} INFO - 접속완료
[2024-02-17T10:18:59.665+0900] {Naver_News_Collect.py:121} INFO - 124 Start
[2024-02-17T10:19:24.671+0900] {Naver_News_Collect.py:157} INFO - 125 End
[2024-02-17T10:19:27.042+0900] {python.py:201} INFO - Done. Returned value was: None
[2024-02-17T10:19:27.048+0900] {taskinstance.py:1138} INFO - Marking task as SUCCESS. dag_id=CollectNaverNews, task_id=news_Content_Comment_Collect, execution_date=20240216T000000, start_date=20240217T002410, end_date=20240217T011927
[2024-02-17T10:19:27.097+0900] {local_task_job_runner.py:234} INFO - Task exited with return code 0
[2024-02-17T10:19:27.108+0900] {taskinstance.py:3280} INFO - 0 downstream tasks scheduled from follow-on schedule check
