[2024-02-15T20:41:26.455+0900] {taskinstance.py:1956} INFO - Dependencies all met for dep_context=non-requeueable deps ti=<TaskInstance: CollectCommunity.community_Content_Collect scheduled__2024-01-28T00:00:00+00:00 [queued]>
[2024-02-15T20:41:26.462+0900] {taskinstance.py:1956} INFO - Dependencies all met for dep_context=requeueable deps ti=<TaskInstance: CollectCommunity.community_Content_Collect scheduled__2024-01-28T00:00:00+00:00 [queued]>
[2024-02-15T20:41:26.462+0900] {taskinstance.py:2170} INFO - Starting attempt 1 of 1
[2024-02-15T20:41:26.634+0900] {taskinstance.py:2191} INFO - Executing <Task(PythonOperator): community_Content_Collect> on 2024-01-28 00:00:00+00:00
[2024-02-15T20:41:26.642+0900] {standard_task_runner.py:60} INFO - Started process 57666 to run task
[2024-02-15T20:41:26.646+0900] {standard_task_runner.py:87} INFO - Running: ['airflow', 'tasks', 'run', 'CollectCommunity', 'community_Content_Collect', 'scheduled__2024-01-28T00:00:00+00:00', '--job-id', '19', '--raw', '--subdir', 'DAGS_FOLDER/Community_Collect.py', '--cfg-path', '/tmp/tmp9den_x7_']
[2024-02-15T20:41:26.648+0900] {standard_task_runner.py:88} INFO - Job 19: Subtask community_Content_Collect
[2024-02-15T20:41:26.692+0900] {task_command.py:423} INFO - Running <TaskInstance: CollectCommunity.community_Content_Collect scheduled__2024-01-28T00:00:00+00:00 [running]> on host ip-172-31-11-88.ap-northeast-2.compute.internal
[2024-02-15T20:41:26.754+0900] {taskinstance.py:2480} INFO - Exporting env vars: AIRFLOW_CTX_DAG_OWNER='airflow' AIRFLOW_CTX_DAG_ID='CollectCommunity' AIRFLOW_CTX_TASK_ID='community_Content_Collect' AIRFLOW_CTX_EXECUTION_DATE='2024-01-28T00:00:00+00:00' AIRFLOW_CTX_TRY_NUMBER='1' AIRFLOW_CTX_DAG_RUN_ID='scheduled__2024-01-28T00:00:00+00:00'
[2024-02-15T20:41:26.766+0900] {logger.py:11} INFO - ====== WebDriver manager ======
[2024-02-15T20:41:26.855+0900] {logger.py:11} INFO - Get LATEST chromedriver version for google-chrome
[2024-02-15T20:41:26.947+0900] {logger.py:11} INFO - Get LATEST chromedriver version for google-chrome
[2024-02-15T20:41:27.033+0900] {logger.py:11} INFO - Driver [/home/ubuntu/.wdm/drivers/chromedriver/linux64/121.0.6167.85/chromedriver-linux64/chromedriver] found in cache
[2024-02-15T20:41:31.941+0900] {logger.py:11} INFO - ====== WebDriver manager ======
[2024-02-15T20:41:32.030+0900] {logger.py:11} INFO - Get LATEST chromedriver version for google-chrome
[2024-02-15T20:41:32.113+0900] {logger.py:11} INFO - Get LATEST chromedriver version for google-chrome
[2024-02-15T20:41:32.195+0900] {logger.py:11} INFO - Driver [/home/ubuntu/.wdm/drivers/chromedriver/linux64/121.0.6167.85/chromedriver-linux64/chromedriver] found in cache
[2024-02-15T20:41:37.841+0900] {logger.py:11} INFO - ====== WebDriver manager ======
[2024-02-15T20:41:37.929+0900] {logger.py:11} INFO - Get LATEST chromedriver version for google-chrome
[2024-02-15T20:41:38.011+0900] {logger.py:11} INFO - Get LATEST chromedriver version for google-chrome
[2024-02-15T20:41:38.093+0900] {logger.py:11} INFO - Driver [/home/ubuntu/.wdm/drivers/chromedriver/linux64/121.0.6167.85/chromedriver-linux64/chromedriver] found in cache
[2024-02-15T20:41:44.543+0900] {logger.py:11} INFO - ====== WebDriver manager ======
[2024-02-15T20:41:44.634+0900] {logger.py:11} INFO - Get LATEST chromedriver version for google-chrome
[2024-02-15T20:41:44.716+0900] {logger.py:11} INFO - Get LATEST chromedriver version for google-chrome
[2024-02-15T20:41:44.799+0900] {logger.py:11} INFO - Driver [/home/ubuntu/.wdm/drivers/chromedriver/linux64/121.0.6167.85/chromedriver-linux64/chromedriver] found in cache
[2024-02-15T20:41:50.610+0900] {logger.py:11} INFO - ====== WebDriver manager ======
[2024-02-15T20:41:50.700+0900] {logger.py:11} INFO - Get LATEST chromedriver version for google-chrome
[2024-02-15T20:41:50.790+0900] {logger.py:11} INFO - Get LATEST chromedriver version for google-chrome
[2024-02-15T20:41:50.876+0900] {logger.py:11} INFO - Driver [/home/ubuntu/.wdm/drivers/chromedriver/linux64/121.0.6167.85/chromedriver-linux64/chromedriver] found in cache
[2024-02-15T20:41:56.611+0900] {logger.py:11} INFO - ====== WebDriver manager ======
[2024-02-15T20:41:56.699+0900] {logger.py:11} INFO - Get LATEST chromedriver version for google-chrome
[2024-02-15T20:41:56.782+0900] {logger.py:11} INFO - Get LATEST chromedriver version for google-chrome
[2024-02-15T20:41:56.864+0900] {logger.py:11} INFO - Driver [/home/ubuntu/.wdm/drivers/chromedriver/linux64/121.0.6167.85/chromedriver-linux64/chromedriver] found in cache
[2024-02-15T20:42:02.700+0900] {logger.py:11} INFO - ====== WebDriver manager ======
[2024-02-15T20:42:02.790+0900] {logger.py:11} INFO - Get LATEST chromedriver version for google-chrome
[2024-02-15T20:42:02.876+0900] {logger.py:11} INFO - Get LATEST chromedriver version for google-chrome
[2024-02-15T20:42:02.962+0900] {logger.py:11} INFO - Driver [/home/ubuntu/.wdm/drivers/chromedriver/linux64/121.0.6167.85/chromedriver-linux64/chromedriver] found in cache
[2024-02-15T20:42:09.515+0900] {logger.py:11} INFO - ====== WebDriver manager ======
[2024-02-15T20:42:09.603+0900] {logger.py:11} INFO - Get LATEST chromedriver version for google-chrome
[2024-02-15T20:42:09.687+0900] {logger.py:11} INFO - Get LATEST chromedriver version for google-chrome
[2024-02-15T20:42:09.771+0900] {logger.py:11} INFO - Driver [/home/ubuntu/.wdm/drivers/chromedriver/linux64/121.0.6167.85/chromedriver-linux64/chromedriver] found in cache
[2024-02-15T20:42:17.726+0900] {logger.py:11} INFO - ====== WebDriver manager ======
[2024-02-15T20:42:17.814+0900] {logger.py:11} INFO - Get LATEST chromedriver version for google-chrome
[2024-02-15T20:42:17.898+0900] {logger.py:11} INFO - Get LATEST chromedriver version for google-chrome
[2024-02-15T20:42:17.980+0900] {logger.py:11} INFO - Driver [/home/ubuntu/.wdm/drivers/chromedriver/linux64/121.0.6167.85/chromedriver-linux64/chromedriver] found in cache
[2024-02-15T20:42:24.563+0900] {logger.py:11} INFO - ====== WebDriver manager ======
[2024-02-15T20:42:24.651+0900] {logger.py:11} INFO - Get LATEST chromedriver version for google-chrome
[2024-02-15T20:42:24.735+0900] {logger.py:11} INFO - Get LATEST chromedriver version for google-chrome
[2024-02-15T20:42:24.816+0900] {logger.py:11} INFO - Driver [/home/ubuntu/.wdm/drivers/chromedriver/linux64/121.0.6167.85/chromedriver-linux64/chromedriver] found in cache
[2024-02-15T20:42:31.446+0900] {logger.py:11} INFO - ====== WebDriver manager ======
[2024-02-15T20:42:31.535+0900] {logger.py:11} INFO - Get LATEST chromedriver version for google-chrome
[2024-02-15T20:42:31.622+0900] {logger.py:11} INFO - Get LATEST chromedriver version for google-chrome
[2024-02-15T20:42:31.704+0900] {logger.py:11} INFO - Driver [/home/ubuntu/.wdm/drivers/chromedriver/linux64/121.0.6167.85/chromedriver-linux64/chromedriver] found in cache
[2024-02-15T20:42:37.827+0900] {logger.py:11} INFO - ====== WebDriver manager ======
[2024-02-15T20:42:37.916+0900] {logger.py:11} INFO - Get LATEST chromedriver version for google-chrome
[2024-02-15T20:42:38.001+0900] {logger.py:11} INFO - Get LATEST chromedriver version for google-chrome
[2024-02-15T20:42:38.085+0900] {logger.py:11} INFO - Driver [/home/ubuntu/.wdm/drivers/chromedriver/linux64/121.0.6167.85/chromedriver-linux64/chromedriver] found in cache
[2024-02-15T20:42:42.993+0900] {logger.py:11} INFO - ====== WebDriver manager ======
[2024-02-15T20:42:43.083+0900] {logger.py:11} INFO - Get LATEST chromedriver version for google-chrome
[2024-02-15T20:42:43.177+0900] {logger.py:11} INFO - Get LATEST chromedriver version for google-chrome
[2024-02-15T20:42:43.263+0900] {logger.py:11} INFO - Driver [/home/ubuntu/.wdm/drivers/chromedriver/linux64/121.0.6167.85/chromedriver-linux64/chromedriver] found in cache
[2024-02-15T20:42:49.103+0900] {logger.py:11} INFO - ====== WebDriver manager ======
[2024-02-15T20:42:49.192+0900] {logger.py:11} INFO - Get LATEST chromedriver version for google-chrome
[2024-02-15T20:42:49.278+0900] {logger.py:11} INFO - Get LATEST chromedriver version for google-chrome
[2024-02-15T20:42:49.361+0900] {logger.py:11} INFO - Driver [/home/ubuntu/.wdm/drivers/chromedriver/linux64/121.0.6167.85/chromedriver-linux64/chromedriver] found in cache
[2024-02-15T20:42:56.110+0900] {logger.py:11} INFO - ====== WebDriver manager ======
[2024-02-15T20:42:56.198+0900] {logger.py:11} INFO - Get LATEST chromedriver version for google-chrome
[2024-02-15T20:42:56.281+0900] {logger.py:11} INFO - Get LATEST chromedriver version for google-chrome
[2024-02-15T20:42:56.365+0900] {logger.py:11} INFO - Driver [/home/ubuntu/.wdm/drivers/chromedriver/linux64/121.0.6167.85/chromedriver-linux64/chromedriver] found in cache
[2024-02-15T20:43:01.517+0900] {logger.py:11} INFO - ====== WebDriver manager ======
[2024-02-15T20:43:01.607+0900] {logger.py:11} INFO - Get LATEST chromedriver version for google-chrome
[2024-02-15T20:43:01.708+0900] {logger.py:11} INFO - Get LATEST chromedriver version for google-chrome
[2024-02-15T20:43:01.790+0900] {logger.py:11} INFO - Driver [/home/ubuntu/.wdm/drivers/chromedriver/linux64/121.0.6167.85/chromedriver-linux64/chromedriver] found in cache
[2024-02-15T20:43:08.374+0900] {logger.py:11} INFO - ====== WebDriver manager ======
[2024-02-15T20:43:08.463+0900] {logger.py:11} INFO - Get LATEST chromedriver version for google-chrome
[2024-02-15T20:43:08.548+0900] {logger.py:11} INFO - Get LATEST chromedriver version for google-chrome
[2024-02-15T20:43:08.632+0900] {logger.py:11} INFO - Driver [/home/ubuntu/.wdm/drivers/chromedriver/linux64/121.0.6167.85/chromedriver-linux64/chromedriver] found in cache
[2024-02-15T20:43:14.529+0900] {logger.py:11} INFO - ====== WebDriver manager ======
[2024-02-15T20:43:14.618+0900] {logger.py:11} INFO - Get LATEST chromedriver version for google-chrome
[2024-02-15T20:43:14.703+0900] {logger.py:11} INFO - Get LATEST chromedriver version for google-chrome
[2024-02-15T20:43:14.791+0900] {logger.py:11} INFO - Driver [/home/ubuntu/.wdm/drivers/chromedriver/linux64/121.0.6167.85/chromedriver-linux64/chromedriver] found in cache
[2024-02-15T20:43:20.808+0900] {logger.py:11} INFO - ====== WebDriver manager ======
[2024-02-15T20:43:20.898+0900] {logger.py:11} INFO - Get LATEST chromedriver version for google-chrome
[2024-02-15T20:43:20.983+0900] {logger.py:11} INFO - Get LATEST chromedriver version for google-chrome
[2024-02-15T20:43:21.065+0900] {logger.py:11} INFO - Driver [/home/ubuntu/.wdm/drivers/chromedriver/linux64/121.0.6167.85/chromedriver-linux64/chromedriver] found in cache
[2024-02-15T20:43:25.992+0900] {logger.py:11} INFO - ====== WebDriver manager ======
[2024-02-15T20:43:26.080+0900] {logger.py:11} INFO - Get LATEST chromedriver version for google-chrome
[2024-02-15T20:43:26.164+0900] {logger.py:11} INFO - Get LATEST chromedriver version for google-chrome
[2024-02-15T20:43:26.248+0900] {logger.py:11} INFO - Driver [/home/ubuntu/.wdm/drivers/chromedriver/linux64/121.0.6167.85/chromedriver-linux64/chromedriver] found in cache
[2024-02-15T20:43:30.931+0900] {logger.py:11} INFO - ====== WebDriver manager ======
[2024-02-15T20:43:31.020+0900] {logger.py:11} INFO - Get LATEST chromedriver version for google-chrome
[2024-02-15T20:43:31.186+0900] {logger.py:11} INFO - Get LATEST chromedriver version for google-chrome
[2024-02-15T20:43:31.269+0900] {logger.py:11} INFO - Driver [/home/ubuntu/.wdm/drivers/chromedriver/linux64/121.0.6167.85/chromedriver-linux64/chromedriver] found in cache
[2024-02-15T20:43:37.589+0900] {logger.py:11} INFO - ====== WebDriver manager ======
[2024-02-15T20:43:37.677+0900] {logger.py:11} INFO - Get LATEST chromedriver version for google-chrome
[2024-02-15T20:43:37.760+0900] {logger.py:11} INFO - Get LATEST chromedriver version for google-chrome
[2024-02-15T20:43:37.842+0900] {logger.py:11} INFO - Driver [/home/ubuntu/.wdm/drivers/chromedriver/linux64/121.0.6167.85/chromedriver-linux64/chromedriver] found in cache
[2024-02-15T20:43:43.618+0900] {logger.py:11} INFO - ====== WebDriver manager ======
[2024-02-15T20:43:43.706+0900] {logger.py:11} INFO - Get LATEST chromedriver version for google-chrome
[2024-02-15T20:43:43.792+0900] {logger.py:11} INFO - Get LATEST chromedriver version for google-chrome
[2024-02-15T20:43:43.874+0900] {logger.py:11} INFO - Driver [/home/ubuntu/.wdm/drivers/chromedriver/linux64/121.0.6167.85/chromedriver-linux64/chromedriver] found in cache
[2024-02-15T20:43:50.393+0900] {logger.py:11} INFO - ====== WebDriver manager ======
[2024-02-15T20:43:50.481+0900] {logger.py:11} INFO - Get LATEST chromedriver version for google-chrome
[2024-02-15T20:43:50.565+0900] {logger.py:11} INFO - Get LATEST chromedriver version for google-chrome
[2024-02-15T20:43:50.646+0900] {logger.py:11} INFO - Driver [/home/ubuntu/.wdm/drivers/chromedriver/linux64/121.0.6167.85/chromedriver-linux64/chromedriver] found in cache
[2024-02-15T20:43:56.893+0900] {logger.py:11} INFO - ====== WebDriver manager ======
[2024-02-15T20:43:56.982+0900] {logger.py:11} INFO - Get LATEST chromedriver version for google-chrome
[2024-02-15T20:43:57.080+0900] {logger.py:11} INFO - Get LATEST chromedriver version for google-chrome
[2024-02-15T20:43:57.167+0900] {logger.py:11} INFO - Driver [/home/ubuntu/.wdm/drivers/chromedriver/linux64/121.0.6167.85/chromedriver-linux64/chromedriver] found in cache
[2024-02-15T20:44:13.197+0900] {logger.py:11} INFO - ====== WebDriver manager ======
[2024-02-15T20:44:13.285+0900] {logger.py:11} INFO - Get LATEST chromedriver version for google-chrome
[2024-02-15T20:44:13.371+0900] {logger.py:11} INFO - Get LATEST chromedriver version for google-chrome
[2024-02-15T20:44:13.456+0900] {logger.py:11} INFO - Driver [/home/ubuntu/.wdm/drivers/chromedriver/linux64/121.0.6167.85/chromedriver-linux64/chromedriver] found in cache
[2024-02-15T20:44:19.527+0900] {logger.py:11} INFO - ====== WebDriver manager ======
[2024-02-15T20:44:19.616+0900] {logger.py:11} INFO - Get LATEST chromedriver version for google-chrome
[2024-02-15T20:44:19.702+0900] {logger.py:11} INFO - Get LATEST chromedriver version for google-chrome
[2024-02-15T20:44:19.790+0900] {logger.py:11} INFO - Driver [/home/ubuntu/.wdm/drivers/chromedriver/linux64/121.0.6167.85/chromedriver-linux64/chromedriver] found in cache
[2024-02-15T20:44:24.985+0900] {logger.py:11} INFO - ====== WebDriver manager ======
[2024-02-15T20:44:25.074+0900] {logger.py:11} INFO - Get LATEST chromedriver version for google-chrome
[2024-02-15T20:44:25.159+0900] {logger.py:11} INFO - Get LATEST chromedriver version for google-chrome
[2024-02-15T20:44:25.243+0900] {logger.py:11} INFO - Driver [/home/ubuntu/.wdm/drivers/chromedriver/linux64/121.0.6167.85/chromedriver-linux64/chromedriver] found in cache
[2024-02-15T20:44:31.794+0900] {logger.py:11} INFO - ====== WebDriver manager ======
[2024-02-15T20:44:31.883+0900] {logger.py:11} INFO - Get LATEST chromedriver version for google-chrome
[2024-02-15T20:44:31.968+0900] {logger.py:11} INFO - Get LATEST chromedriver version for google-chrome
[2024-02-15T20:44:32.050+0900] {logger.py:11} INFO - Driver [/home/ubuntu/.wdm/drivers/chromedriver/linux64/121.0.6167.85/chromedriver-linux64/chromedriver] found in cache
[2024-02-15T20:44:38.956+0900] {logger.py:11} INFO - ====== WebDriver manager ======
[2024-02-15T20:44:39.045+0900] {logger.py:11} INFO - Get LATEST chromedriver version for google-chrome
[2024-02-15T20:44:39.130+0900] {logger.py:11} INFO - Get LATEST chromedriver version for google-chrome
[2024-02-15T20:44:39.211+0900] {logger.py:11} INFO - Driver [/home/ubuntu/.wdm/drivers/chromedriver/linux64/121.0.6167.85/chromedriver-linux64/chromedriver] found in cache
[2024-02-15T20:44:45.715+0900] {logger.py:11} INFO - ====== WebDriver manager ======
[2024-02-15T20:44:45.803+0900] {logger.py:11} INFO - Get LATEST chromedriver version for google-chrome
[2024-02-15T20:44:45.887+0900] {logger.py:11} INFO - Get LATEST chromedriver version for google-chrome
[2024-02-15T20:44:45.968+0900] {logger.py:11} INFO - There is no [linux64] chromedriver "121.0.6167.184" for browser google-chrome "121.0.6167" in cache
[2024-02-15T20:44:45.968+0900] {logger.py:11} INFO - Get LATEST chromedriver version for google-chrome
[2024-02-15T20:44:46.149+0900] {logger.py:11} INFO - WebDriver version 121.0.6167.85 selected
[2024-02-15T20:44:46.152+0900] {logger.py:11} INFO - Modern chrome version https://edgedl.me.gvt1.com/edgedl/chrome/chrome-for-testing/121.0.6167.85/linux64/chromedriver-linux64.zip
[2024-02-15T20:44:46.152+0900] {logger.py:11} INFO - About to download new driver from https://edgedl.me.gvt1.com/edgedl/chrome/chrome-for-testing/121.0.6167.85/linux64/chromedriver-linux64.zip
[2024-02-15T20:44:46.418+0900] {logger.py:11} INFO - Driver downloading response is 200
[2024-02-15T20:44:46.799+0900] {logger.py:11} INFO - Get LATEST chromedriver version for google-chrome
[2024-02-15T20:44:47.031+0900] {logger.py:11} INFO - Driver has been saved in cache [/home/ubuntu/.wdm/drivers/chromedriver/linux64/121.0.6167.184]
[2024-02-15T20:45:02.521+0900] {logger.py:11} INFO - ====== WebDriver manager ======
[2024-02-15T20:45:02.610+0900] {logger.py:11} INFO - Get LATEST chromedriver version for google-chrome
[2024-02-15T20:45:02.695+0900] {logger.py:11} INFO - Get LATEST chromedriver version for google-chrome
[2024-02-15T20:45:02.777+0900] {logger.py:11} INFO - Driver [/home/ubuntu/.wdm/drivers/chromedriver/linux64/121.0.6167.184/chromedriver-linux64/chromedriver] found in cache
[2024-02-15T20:45:08.342+0900] {logger.py:11} INFO - ====== WebDriver manager ======
[2024-02-15T20:45:08.432+0900] {logger.py:11} INFO - Get LATEST chromedriver version for google-chrome
[2024-02-15T20:45:08.516+0900] {logger.py:11} INFO - Get LATEST chromedriver version for google-chrome
[2024-02-15T20:45:08.599+0900] {logger.py:11} INFO - Driver [/home/ubuntu/.wdm/drivers/chromedriver/linux64/121.0.6167.184/chromedriver-linux64/chromedriver] found in cache
[2024-02-15T20:45:14.670+0900] {logger.py:11} INFO - ====== WebDriver manager ======
[2024-02-15T20:45:14.760+0900] {logger.py:11} INFO - Get LATEST chromedriver version for google-chrome
[2024-02-15T20:45:14.846+0900] {logger.py:11} INFO - Get LATEST chromedriver version for google-chrome
[2024-02-15T20:45:14.935+0900] {logger.py:11} INFO - Driver [/home/ubuntu/.wdm/drivers/chromedriver/linux64/121.0.6167.184/chromedriver-linux64/chromedriver] found in cache
[2024-02-15T20:45:20.947+0900] {logger.py:11} INFO - ====== WebDriver manager ======
[2024-02-15T20:45:21.036+0900] {logger.py:11} INFO - Get LATEST chromedriver version for google-chrome
[2024-02-15T20:45:21.121+0900] {logger.py:11} INFO - Get LATEST chromedriver version for google-chrome
[2024-02-15T20:45:21.206+0900] {logger.py:11} INFO - Driver [/home/ubuntu/.wdm/drivers/chromedriver/linux64/121.0.6167.184/chromedriver-linux64/chromedriver] found in cache
[2024-02-15T20:45:27.096+0900] {logger.py:11} INFO - ====== WebDriver manager ======
[2024-02-15T20:45:27.187+0900] {logger.py:11} INFO - Get LATEST chromedriver version for google-chrome
[2024-02-15T20:45:27.271+0900] {logger.py:11} INFO - Get LATEST chromedriver version for google-chrome
[2024-02-15T20:45:27.355+0900] {logger.py:11} INFO - Driver [/home/ubuntu/.wdm/drivers/chromedriver/linux64/121.0.6167.184/chromedriver-linux64/chromedriver] found in cache
[2024-02-15T20:45:32.195+0900] {logger.py:11} INFO - ====== WebDriver manager ======
[2024-02-15T20:45:32.284+0900] {logger.py:11} INFO - Get LATEST chromedriver version for google-chrome
[2024-02-15T20:45:32.375+0900] {logger.py:11} INFO - Get LATEST chromedriver version for google-chrome
[2024-02-15T20:45:32.468+0900] {logger.py:11} INFO - Driver [/home/ubuntu/.wdm/drivers/chromedriver/linux64/121.0.6167.184/chromedriver-linux64/chromedriver] found in cache
[2024-02-15T20:45:38.181+0900] {logger.py:11} INFO - ====== WebDriver manager ======
[2024-02-15T20:45:38.270+0900] {logger.py:11} INFO - Get LATEST chromedriver version for google-chrome
[2024-02-15T20:45:38.355+0900] {logger.py:11} INFO - Get LATEST chromedriver version for google-chrome
[2024-02-15T20:45:38.438+0900] {logger.py:11} INFO - Driver [/home/ubuntu/.wdm/drivers/chromedriver/linux64/121.0.6167.184/chromedriver-linux64/chromedriver] found in cache
[2024-02-15T20:45:53.906+0900] {logger.py:11} INFO - ====== WebDriver manager ======
[2024-02-15T20:45:53.995+0900] {logger.py:11} INFO - Get LATEST chromedriver version for google-chrome
[2024-02-15T20:45:54.080+0900] {logger.py:11} INFO - Get LATEST chromedriver version for google-chrome
[2024-02-15T20:45:54.164+0900] {logger.py:11} INFO - Driver [/home/ubuntu/.wdm/drivers/chromedriver/linux64/121.0.6167.184/chromedriver-linux64/chromedriver] found in cache
[2024-02-15T20:45:59.812+0900] {logger.py:11} INFO - ====== WebDriver manager ======
[2024-02-15T20:45:59.902+0900] {logger.py:11} INFO - Get LATEST chromedriver version for google-chrome
[2024-02-15T20:45:59.985+0900] {logger.py:11} INFO - Get LATEST chromedriver version for google-chrome
[2024-02-15T20:46:00.069+0900] {logger.py:11} INFO - Driver [/home/ubuntu/.wdm/drivers/chromedriver/linux64/121.0.6167.184/chromedriver-linux64/chromedriver] found in cache
[2024-02-15T20:46:08.594+0900] {logger.py:11} INFO - ====== WebDriver manager ======
[2024-02-15T20:46:08.683+0900] {logger.py:11} INFO - Get LATEST chromedriver version for google-chrome
[2024-02-15T20:46:08.766+0900] {logger.py:11} INFO - Get LATEST chromedriver version for google-chrome
[2024-02-15T20:46:08.859+0900] {logger.py:11} INFO - Driver [/home/ubuntu/.wdm/drivers/chromedriver/linux64/121.0.6167.184/chromedriver-linux64/chromedriver] found in cache
[2024-02-15T20:46:37.029+0900] {logger.py:11} INFO - ====== WebDriver manager ======
[2024-02-15T20:46:37.118+0900] {logger.py:11} INFO - Get LATEST chromedriver version for google-chrome
[2024-02-15T20:46:37.202+0900] {logger.py:11} INFO - Get LATEST chromedriver version for google-chrome
[2024-02-15T20:46:37.285+0900] {logger.py:11} INFO - Driver [/home/ubuntu/.wdm/drivers/chromedriver/linux64/121.0.6167.184/chromedriver-linux64/chromedriver] found in cache
[2024-02-15T20:46:42.101+0900] {logger.py:11} INFO - ====== WebDriver manager ======
[2024-02-15T20:46:42.189+0900] {logger.py:11} INFO - Get LATEST chromedriver version for google-chrome
[2024-02-15T20:46:42.276+0900] {logger.py:11} INFO - Get LATEST chromedriver version for google-chrome
[2024-02-15T20:46:42.360+0900] {logger.py:11} INFO - Driver [/home/ubuntu/.wdm/drivers/chromedriver/linux64/121.0.6167.184/chromedriver-linux64/chromedriver] found in cache
[2024-02-15T20:46:48.145+0900] {logger.py:11} INFO - ====== WebDriver manager ======
[2024-02-15T20:46:48.233+0900] {logger.py:11} INFO - Get LATEST chromedriver version for google-chrome
[2024-02-15T20:46:48.317+0900] {logger.py:11} INFO - Get LATEST chromedriver version for google-chrome
[2024-02-15T20:46:48.399+0900] {logger.py:11} INFO - Driver [/home/ubuntu/.wdm/drivers/chromedriver/linux64/121.0.6167.184/chromedriver-linux64/chromedriver] found in cache
[2024-02-15T20:46:54.247+0900] {logger.py:11} INFO - ====== WebDriver manager ======
[2024-02-15T20:46:54.334+0900] {logger.py:11} INFO - Get LATEST chromedriver version for google-chrome
[2024-02-15T20:46:54.417+0900] {logger.py:11} INFO - Get LATEST chromedriver version for google-chrome
[2024-02-15T20:46:54.500+0900] {logger.py:11} INFO - Driver [/home/ubuntu/.wdm/drivers/chromedriver/linux64/121.0.6167.184/chromedriver-linux64/chromedriver] found in cache
[2024-02-15T20:47:09.197+0900] {logger.py:11} INFO - ====== WebDriver manager ======
[2024-02-15T20:47:09.285+0900] {logger.py:11} INFO - Get LATEST chromedriver version for google-chrome
[2024-02-15T20:47:09.370+0900] {logger.py:11} INFO - Get LATEST chromedriver version for google-chrome
[2024-02-15T20:47:09.453+0900] {logger.py:11} INFO - Driver [/home/ubuntu/.wdm/drivers/chromedriver/linux64/121.0.6167.184/chromedriver-linux64/chromedriver] found in cache
[2024-02-15T20:47:25.107+0900] {logger.py:11} INFO - ====== WebDriver manager ======
[2024-02-15T20:47:25.195+0900] {logger.py:11} INFO - Get LATEST chromedriver version for google-chrome
[2024-02-15T20:47:25.287+0900] {logger.py:11} INFO - Get LATEST chromedriver version for google-chrome
[2024-02-15T20:47:25.376+0900] {logger.py:11} INFO - Driver [/home/ubuntu/.wdm/drivers/chromedriver/linux64/121.0.6167.184/chromedriver-linux64/chromedriver] found in cache
[2024-02-15T20:47:30.986+0900] {logger.py:11} INFO - ====== WebDriver manager ======
[2024-02-15T20:47:31.075+0900] {logger.py:11} INFO - Get LATEST chromedriver version for google-chrome
[2024-02-15T20:47:31.159+0900] {logger.py:11} INFO - Get LATEST chromedriver version for google-chrome
[2024-02-15T20:47:31.241+0900] {logger.py:11} INFO - Driver [/home/ubuntu/.wdm/drivers/chromedriver/linux64/121.0.6167.184/chromedriver-linux64/chromedriver] found in cache
[2024-02-15T20:47:36.131+0900] {logger.py:11} INFO - ====== WebDriver manager ======
[2024-02-15T20:47:36.219+0900] {logger.py:11} INFO - Get LATEST chromedriver version for google-chrome
[2024-02-15T20:47:36.311+0900] {logger.py:11} INFO - Get LATEST chromedriver version for google-chrome
[2024-02-15T20:47:36.405+0900] {logger.py:11} INFO - Driver [/home/ubuntu/.wdm/drivers/chromedriver/linux64/121.0.6167.184/chromedriver-linux64/chromedriver] found in cache
[2024-02-15T20:47:42.472+0900] {logger.py:11} INFO - ====== WebDriver manager ======
[2024-02-15T20:47:42.562+0900] {logger.py:11} INFO - Get LATEST chromedriver version for google-chrome
[2024-02-15T20:47:42.651+0900] {logger.py:11} INFO - Get LATEST chromedriver version for google-chrome
[2024-02-15T20:47:42.743+0900] {logger.py:11} INFO - Driver [/home/ubuntu/.wdm/drivers/chromedriver/linux64/121.0.6167.184/chromedriver-linux64/chromedriver] found in cache
[2024-02-15T20:47:47.757+0900] {logger.py:11} INFO - ====== WebDriver manager ======
[2024-02-15T20:47:47.847+0900] {logger.py:11} INFO - Get LATEST chromedriver version for google-chrome
[2024-02-15T20:47:47.933+0900] {logger.py:11} INFO - Get LATEST chromedriver version for google-chrome
[2024-02-15T20:47:48.017+0900] {logger.py:11} INFO - Driver [/home/ubuntu/.wdm/drivers/chromedriver/linux64/121.0.6167.184/chromedriver-linux64/chromedriver] found in cache
[2024-02-15T20:47:53.926+0900] {logger.py:11} INFO - ====== WebDriver manager ======
[2024-02-15T20:47:54.015+0900] {logger.py:11} INFO - Get LATEST chromedriver version for google-chrome
[2024-02-15T20:47:54.107+0900] {logger.py:11} INFO - Get LATEST chromedriver version for google-chrome
[2024-02-15T20:47:54.198+0900] {logger.py:11} INFO - Driver [/home/ubuntu/.wdm/drivers/chromedriver/linux64/121.0.6167.184/chromedriver-linux64/chromedriver] found in cache
[2024-02-15T20:48:01.696+0900] {logger.py:11} INFO - ====== WebDriver manager ======
[2024-02-15T20:48:01.787+0900] {logger.py:11} INFO - Get LATEST chromedriver version for google-chrome
[2024-02-15T20:48:01.875+0900] {logger.py:11} INFO - Get LATEST chromedriver version for google-chrome
[2024-02-15T20:48:01.969+0900] {logger.py:11} INFO - Driver [/home/ubuntu/.wdm/drivers/chromedriver/linux64/121.0.6167.184/chromedriver-linux64/chromedriver] found in cache
[2024-02-15T20:48:16.458+0900] {logger.py:11} INFO - ====== WebDriver manager ======
[2024-02-15T20:48:16.546+0900] {logger.py:11} INFO - Get LATEST chromedriver version for google-chrome
[2024-02-15T20:48:16.635+0900] {logger.py:11} INFO - Get LATEST chromedriver version for google-chrome
[2024-02-15T20:48:16.719+0900] {logger.py:11} INFO - Driver [/home/ubuntu/.wdm/drivers/chromedriver/linux64/121.0.6167.184/chromedriver-linux64/chromedriver] found in cache
[2024-02-15T20:48:24.521+0900] {logger.py:11} INFO - ====== WebDriver manager ======
[2024-02-15T20:48:24.608+0900] {logger.py:11} INFO - Get LATEST chromedriver version for google-chrome
[2024-02-15T20:48:24.694+0900] {logger.py:11} INFO - Get LATEST chromedriver version for google-chrome
[2024-02-15T20:48:24.776+0900] {logger.py:11} INFO - Driver [/home/ubuntu/.wdm/drivers/chromedriver/linux64/121.0.6167.184/chromedriver-linux64/chromedriver] found in cache
[2024-02-15T20:48:30.308+0900] {logger.py:11} INFO - ====== WebDriver manager ======
[2024-02-15T20:48:30.397+0900] {logger.py:11} INFO - Get LATEST chromedriver version for google-chrome
[2024-02-15T20:48:30.482+0900] {logger.py:11} INFO - Get LATEST chromedriver version for google-chrome
[2024-02-15T20:48:30.567+0900] {logger.py:11} INFO - Driver [/home/ubuntu/.wdm/drivers/chromedriver/linux64/121.0.6167.184/chromedriver-linux64/chromedriver] found in cache
[2024-02-15T20:48:37.399+0900] {logger.py:11} INFO - ====== WebDriver manager ======
[2024-02-15T20:48:37.486+0900] {logger.py:11} INFO - Get LATEST chromedriver version for google-chrome
[2024-02-15T20:48:37.581+0900] {logger.py:11} INFO - Get LATEST chromedriver version for google-chrome
[2024-02-15T20:48:37.681+0900] {logger.py:11} INFO - Driver [/home/ubuntu/.wdm/drivers/chromedriver/linux64/121.0.6167.184/chromedriver-linux64/chromedriver] found in cache
[2024-02-15T20:48:43.180+0900] {logger.py:11} INFO - ====== WebDriver manager ======
[2024-02-15T20:48:43.269+0900] {logger.py:11} INFO - Get LATEST chromedriver version for google-chrome
[2024-02-15T20:48:43.354+0900] {logger.py:11} INFO - Get LATEST chromedriver version for google-chrome
[2024-02-15T20:48:43.437+0900] {logger.py:11} INFO - Driver [/home/ubuntu/.wdm/drivers/chromedriver/linux64/121.0.6167.184/chromedriver-linux64/chromedriver] found in cache
[2024-02-15T20:48:50.236+0900] {logger.py:11} INFO - ====== WebDriver manager ======
[2024-02-15T20:48:50.326+0900] {logger.py:11} INFO - Get LATEST chromedriver version for google-chrome
[2024-02-15T20:48:50.423+0900] {logger.py:11} INFO - Get LATEST chromedriver version for google-chrome
[2024-02-15T20:48:50.511+0900] {logger.py:11} INFO - Driver [/home/ubuntu/.wdm/drivers/chromedriver/linux64/121.0.6167.184/chromedriver-linux64/chromedriver] found in cache
[2024-02-15T20:48:55.631+0900] {logger.py:11} INFO - ====== WebDriver manager ======
[2024-02-15T20:48:55.719+0900] {logger.py:11} INFO - Get LATEST chromedriver version for google-chrome
[2024-02-15T20:48:55.809+0900] {logger.py:11} INFO - Get LATEST chromedriver version for google-chrome
[2024-02-15T20:48:55.896+0900] {logger.py:11} INFO - Driver [/home/ubuntu/.wdm/drivers/chromedriver/linux64/121.0.6167.184/chromedriver-linux64/chromedriver] found in cache
[2024-02-15T20:49:01.731+0900] {taskinstance.py:2698} ERROR - Task failed with exception
Traceback (most recent call last):
  File "/usr/local/lib/python3.10/dist-packages/airflow/models/taskinstance.py", line 433, in _execute_task
    result = execute_callable(context=context, **execute_callable_kwargs)
  File "/usr/local/lib/python3.10/dist-packages/airflow/operators/python.py", line 199, in execute
    return_value = self.execute_callable()
  File "/usr/local/lib/python3.10/dist-packages/airflow/operators/python.py", line 216, in execute_callable
    return self.python_callable(*self.op_args, **self.op_kwargs)
  File "/home/ubuntu/airflow/dags/Community_Collect.py", line 169, in community_Content_Collect
    df.to_csv(f"/home/hyunwoo/airflow/naver_news/{today}_IT.csv", index = None)
  File "/home/ubuntu/.local/lib/python3.10/site-packages/pandas/util/_decorators.py", line 333, in wrapper
    return func(*args, **kwargs)
  File "/home/ubuntu/.local/lib/python3.10/site-packages/pandas/core/generic.py", line 3961, in to_csv
    return DataFrameRenderer(formatter).to_csv(
  File "/home/ubuntu/.local/lib/python3.10/site-packages/pandas/io/formats/format.py", line 1014, in to_csv
    csv_formatter.save()
  File "/home/ubuntu/.local/lib/python3.10/site-packages/pandas/io/formats/csvs.py", line 251, in save
    with get_handle(
  File "/home/ubuntu/.local/lib/python3.10/site-packages/pandas/io/common.py", line 749, in get_handle
    check_parent_directory(str(handle))
  File "/home/ubuntu/.local/lib/python3.10/site-packages/pandas/io/common.py", line 616, in check_parent_directory
    raise OSError(rf"Cannot save file into a non-existent directory: '{parent}'")
OSError: Cannot save file into a non-existent directory: '/home/hyunwoo/airflow/naver_news'
[2024-02-15T20:49:01.739+0900] {taskinstance.py:1138} INFO - Marking task as FAILED. dag_id=CollectCommunity, task_id=community_Content_Collect, execution_date=20240128T000000, start_date=20240215T114126, end_date=20240215T114901
[2024-02-15T20:49:01.752+0900] {standard_task_runner.py:107} ERROR - Failed to execute job 19 for task community_Content_Collect (Cannot save file into a non-existent directory: '/home/hyunwoo/airflow/naver_news'; 57666)
[2024-02-15T20:49:01.797+0900] {local_task_job_runner.py:234} INFO - Task exited with return code 1
[2024-02-15T20:49:01.808+0900] {taskinstance.py:3280} INFO - 0 downstream tasks scheduled from follow-on schedule check
