[2024-02-22T09:00:27.830+0900] {taskinstance.py:1956} INFO - Dependencies all met for dep_context=non-requeueable deps ti=<TaskInstance: CollectCommunity.community_Content_Collect scheduled__2024-02-21T00:00:00+00:00 [queued]>
[2024-02-22T09:00:27.837+0900] {taskinstance.py:1956} INFO - Dependencies all met for dep_context=requeueable deps ti=<TaskInstance: CollectCommunity.community_Content_Collect scheduled__2024-02-21T00:00:00+00:00 [queued]>
[2024-02-22T09:00:27.837+0900] {taskinstance.py:2170} INFO - Starting attempt 1 of 1
[2024-02-22T09:00:27.963+0900] {taskinstance.py:2191} INFO - Executing <Task(PythonOperator): community_Content_Collect> on 2024-02-21 00:00:00+00:00
[2024-02-22T09:00:27.969+0900] {standard_task_runner.py:60} INFO - Started process 256524 to run task
[2024-02-22T09:00:27.973+0900] {standard_task_runner.py:87} INFO - Running: ['airflow', 'tasks', 'run', 'CollectCommunity', 'community_Content_Collect', 'scheduled__2024-02-21T00:00:00+00:00', '--job-id', '86', '--raw', '--subdir', 'DAGS_FOLDER/.ipynb_checkpoints/Community_Collect-checkpoint.py', '--cfg-path', '/tmp/tmpsb5wxdxc']
[2024-02-22T09:00:27.975+0900] {standard_task_runner.py:88} INFO - Job 86: Subtask community_Content_Collect
[2024-02-22T09:00:28.014+0900] {task_command.py:423} INFO - Running <TaskInstance: CollectCommunity.community_Content_Collect scheduled__2024-02-21T00:00:00+00:00 [running]> on host ip-172-31-11-88.ap-northeast-2.compute.internal
[2024-02-22T09:00:28.078+0900] {taskinstance.py:2480} INFO - Exporting env vars: AIRFLOW_CTX_DAG_OWNER='airflow' AIRFLOW_CTX_DAG_ID='CollectCommunity' AIRFLOW_CTX_TASK_ID='community_Content_Collect' AIRFLOW_CTX_EXECUTION_DATE='2024-02-21T00:00:00+00:00' AIRFLOW_CTX_TRY_NUMBER='1' AIRFLOW_CTX_DAG_RUN_ID='scheduled__2024-02-21T00:00:00+00:00'
[2024-02-22T09:00:28.091+0900] {logger.py:11} INFO - ====== WebDriver manager ======
[2024-02-22T09:00:28.172+0900] {logger.py:11} INFO - Get LATEST chromedriver version for google-chrome
[2024-02-22T09:00:28.258+0900] {logger.py:11} INFO - Get LATEST chromedriver version for google-chrome
[2024-02-22T09:00:28.340+0900] {logger.py:11} INFO - Driver [/home/ubuntu/.wdm/drivers/chromedriver/linux64/121.0.6167.184/chromedriver-linux64/chromedriver] found in cache
[2024-02-22T09:00:35.669+0900] {logger.py:11} INFO - ====== WebDriver manager ======
[2024-02-22T09:00:35.752+0900] {logger.py:11} INFO - Get LATEST chromedriver version for google-chrome
[2024-02-22T09:00:35.833+0900] {logger.py:11} INFO - Get LATEST chromedriver version for google-chrome
[2024-02-22T09:00:35.913+0900] {logger.py:11} INFO - Driver [/home/ubuntu/.wdm/drivers/chromedriver/linux64/121.0.6167.184/chromedriver-linux64/chromedriver] found in cache
[2024-02-22T09:00:42.622+0900] {logger.py:11} INFO - ====== WebDriver manager ======
[2024-02-22T09:00:42.705+0900] {logger.py:11} INFO - Get LATEST chromedriver version for google-chrome
[2024-02-22T09:00:42.789+0900] {logger.py:11} INFO - Get LATEST chromedriver version for google-chrome
[2024-02-22T09:00:42.869+0900] {logger.py:11} INFO - Driver [/home/ubuntu/.wdm/drivers/chromedriver/linux64/121.0.6167.184/chromedriver-linux64/chromedriver] found in cache
[2024-02-22T09:01:00.078+0900] {logger.py:11} INFO - ====== WebDriver manager ======
[2024-02-22T09:01:00.160+0900] {logger.py:11} INFO - Get LATEST chromedriver version for google-chrome
[2024-02-22T09:01:00.241+0900] {logger.py:11} INFO - Get LATEST chromedriver version for google-chrome
[2024-02-22T09:01:00.322+0900] {logger.py:11} INFO - Driver [/home/ubuntu/.wdm/drivers/chromedriver/linux64/121.0.6167.184/chromedriver-linux64/chromedriver] found in cache
[2024-02-22T09:01:08.819+0900] {logger.py:11} INFO - ====== WebDriver manager ======
[2024-02-22T09:01:08.900+0900] {logger.py:11} INFO - Get LATEST chromedriver version for google-chrome
[2024-02-22T09:01:08.982+0900] {logger.py:11} INFO - Get LATEST chromedriver version for google-chrome
[2024-02-22T09:01:09.062+0900] {logger.py:11} INFO - Driver [/home/ubuntu/.wdm/drivers/chromedriver/linux64/121.0.6167.184/chromedriver-linux64/chromedriver] found in cache
[2024-02-22T09:01:15.537+0900] {logger.py:11} INFO - ====== WebDriver manager ======
[2024-02-22T09:01:15.619+0900] {logger.py:11} INFO - Get LATEST chromedriver version for google-chrome
[2024-02-22T09:01:15.701+0900] {logger.py:11} INFO - Get LATEST chromedriver version for google-chrome
[2024-02-22T09:01:15.782+0900] {logger.py:11} INFO - Driver [/home/ubuntu/.wdm/drivers/chromedriver/linux64/121.0.6167.184/chromedriver-linux64/chromedriver] found in cache
[2024-02-22T09:01:31.585+0900] {logger.py:11} INFO - ====== WebDriver manager ======
[2024-02-22T09:01:31.665+0900] {logger.py:11} INFO - Get LATEST chromedriver version for google-chrome
[2024-02-22T09:01:31.747+0900] {logger.py:11} INFO - Get LATEST chromedriver version for google-chrome
[2024-02-22T09:01:31.828+0900] {logger.py:11} INFO - Driver [/home/ubuntu/.wdm/drivers/chromedriver/linux64/121.0.6167.184/chromedriver-linux64/chromedriver] found in cache
[2024-02-22T09:01:39.259+0900] {logger.py:11} INFO - ====== WebDriver manager ======
[2024-02-22T09:01:39.341+0900] {logger.py:11} INFO - Get LATEST chromedriver version for google-chrome
[2024-02-22T09:01:39.421+0900] {logger.py:11} INFO - Get LATEST chromedriver version for google-chrome
[2024-02-22T09:01:39.502+0900] {logger.py:11} INFO - Driver [/home/ubuntu/.wdm/drivers/chromedriver/linux64/121.0.6167.184/chromedriver-linux64/chromedriver] found in cache
[2024-02-22T09:01:46.165+0900] {logger.py:11} INFO - ====== WebDriver manager ======
[2024-02-22T09:01:46.246+0900] {logger.py:11} INFO - Get LATEST chromedriver version for google-chrome
[2024-02-22T09:01:46.326+0900] {logger.py:11} INFO - Get LATEST chromedriver version for google-chrome
[2024-02-22T09:01:46.407+0900] {logger.py:11} INFO - Driver [/home/ubuntu/.wdm/drivers/chromedriver/linux64/121.0.6167.184/chromedriver-linux64/chromedriver] found in cache
[2024-02-22T09:01:54.061+0900] {logger.py:11} INFO - ====== WebDriver manager ======
[2024-02-22T09:01:54.142+0900] {logger.py:11} INFO - Get LATEST chromedriver version for google-chrome
[2024-02-22T09:01:54.223+0900] {logger.py:11} INFO - Get LATEST chromedriver version for google-chrome
[2024-02-22T09:01:54.303+0900] {logger.py:11} INFO - Driver [/home/ubuntu/.wdm/drivers/chromedriver/linux64/121.0.6167.184/chromedriver-linux64/chromedriver] found in cache
[2024-02-22T09:02:00.780+0900] {logger.py:11} INFO - ====== WebDriver manager ======
[2024-02-22T09:02:00.861+0900] {logger.py:11} INFO - Get LATEST chromedriver version for google-chrome
[2024-02-22T09:02:00.947+0900] {logger.py:11} INFO - Get LATEST chromedriver version for google-chrome
[2024-02-22T09:02:01.027+0900] {logger.py:11} INFO - Driver [/home/ubuntu/.wdm/drivers/chromedriver/linux64/121.0.6167.184/chromedriver-linux64/chromedriver] found in cache
[2024-02-22T09:02:09.103+0900] {logger.py:11} INFO - ====== WebDriver manager ======
[2024-02-22T09:02:09.184+0900] {logger.py:11} INFO - Get LATEST chromedriver version for google-chrome
[2024-02-22T09:02:09.265+0900] {logger.py:11} INFO - Get LATEST chromedriver version for google-chrome
[2024-02-22T09:02:09.346+0900] {logger.py:11} INFO - Driver [/home/ubuntu/.wdm/drivers/chromedriver/linux64/121.0.6167.184/chromedriver-linux64/chromedriver] found in cache
[2024-02-22T09:02:16.223+0900] {logger.py:11} INFO - ====== WebDriver manager ======
[2024-02-22T09:02:16.303+0900] {logger.py:11} INFO - Get LATEST chromedriver version for google-chrome
[2024-02-22T09:02:16.388+0900] {logger.py:11} INFO - Get LATEST chromedriver version for google-chrome
[2024-02-22T09:02:16.469+0900] {logger.py:11} INFO - Driver [/home/ubuntu/.wdm/drivers/chromedriver/linux64/121.0.6167.184/chromedriver-linux64/chromedriver] found in cache
[2024-02-22T09:02:24.621+0900] {logger.py:11} INFO - ====== WebDriver manager ======
[2024-02-22T09:02:24.703+0900] {logger.py:11} INFO - Get LATEST chromedriver version for google-chrome
[2024-02-22T09:02:24.783+0900] {logger.py:11} INFO - Get LATEST chromedriver version for google-chrome
[2024-02-22T09:02:24.864+0900] {logger.py:11} INFO - Driver [/home/ubuntu/.wdm/drivers/chromedriver/linux64/121.0.6167.184/chromedriver-linux64/chromedriver] found in cache
[2024-02-22T09:02:33.059+0900] {logger.py:11} INFO - ====== WebDriver manager ======
[2024-02-22T09:02:33.141+0900] {logger.py:11} INFO - Get LATEST chromedriver version for google-chrome
[2024-02-22T09:02:33.223+0900] {logger.py:11} INFO - Get LATEST chromedriver version for google-chrome
[2024-02-22T09:02:33.304+0900] {logger.py:11} INFO - Driver [/home/ubuntu/.wdm/drivers/chromedriver/linux64/121.0.6167.184/chromedriver-linux64/chromedriver] found in cache
[2024-02-22T09:02:40.249+0900] {logger.py:11} INFO - ====== WebDriver manager ======
[2024-02-22T09:02:40.329+0900] {logger.py:11} INFO - Get LATEST chromedriver version for google-chrome
[2024-02-22T09:02:40.410+0900] {logger.py:11} INFO - Get LATEST chromedriver version for google-chrome
[2024-02-22T09:02:40.490+0900] {logger.py:11} INFO - Driver [/home/ubuntu/.wdm/drivers/chromedriver/linux64/121.0.6167.184/chromedriver-linux64/chromedriver] found in cache
[2024-02-22T09:02:48.440+0900] {logger.py:11} INFO - ====== WebDriver manager ======
[2024-02-22T09:02:48.522+0900] {logger.py:11} INFO - Get LATEST chromedriver version for google-chrome
[2024-02-22T09:02:48.604+0900] {logger.py:11} INFO - Get LATEST chromedriver version for google-chrome
[2024-02-22T09:02:48.686+0900] {logger.py:11} INFO - Driver [/home/ubuntu/.wdm/drivers/chromedriver/linux64/121.0.6167.184/chromedriver-linux64/chromedriver] found in cache
[2024-02-22T09:02:56.667+0900] {logger.py:11} INFO - ====== WebDriver manager ======
[2024-02-22T09:02:56.748+0900] {logger.py:11} INFO - Get LATEST chromedriver version for google-chrome
[2024-02-22T09:02:56.831+0900] {logger.py:11} INFO - Get LATEST chromedriver version for google-chrome
[2024-02-22T09:02:56.912+0900] {logger.py:11} INFO - Driver [/home/ubuntu/.wdm/drivers/chromedriver/linux64/121.0.6167.184/chromedriver-linux64/chromedriver] found in cache
[2024-02-22T09:03:04.195+0900] {logger.py:11} INFO - ====== WebDriver manager ======
[2024-02-22T09:03:04.276+0900] {logger.py:11} INFO - Get LATEST chromedriver version for google-chrome
[2024-02-22T09:03:04.357+0900] {logger.py:11} INFO - Get LATEST chromedriver version for google-chrome
[2024-02-22T09:03:04.441+0900] {logger.py:11} INFO - Driver [/home/ubuntu/.wdm/drivers/chromedriver/linux64/121.0.6167.184/chromedriver-linux64/chromedriver] found in cache
[2024-02-22T09:03:11.878+0900] {logger.py:11} INFO - ====== WebDriver manager ======
[2024-02-22T09:03:11.961+0900] {logger.py:11} INFO - Get LATEST chromedriver version for google-chrome
[2024-02-22T09:03:12.042+0900] {logger.py:11} INFO - Get LATEST chromedriver version for google-chrome
[2024-02-22T09:03:12.124+0900] {logger.py:11} INFO - Driver [/home/ubuntu/.wdm/drivers/chromedriver/linux64/121.0.6167.184/chromedriver-linux64/chromedriver] found in cache
[2024-02-22T09:03:19.973+0900] {logger.py:11} INFO - ====== WebDriver manager ======
[2024-02-22T09:03:20.056+0900] {logger.py:11} INFO - Get LATEST chromedriver version for google-chrome
[2024-02-22T09:03:20.139+0900] {logger.py:11} INFO - Get LATEST chromedriver version for google-chrome
[2024-02-22T09:03:20.219+0900] {logger.py:11} INFO - Driver [/home/ubuntu/.wdm/drivers/chromedriver/linux64/121.0.6167.184/chromedriver-linux64/chromedriver] found in cache
[2024-02-22T09:03:27.720+0900] {logger.py:11} INFO - ====== WebDriver manager ======
[2024-02-22T09:03:27.802+0900] {logger.py:11} INFO - Get LATEST chromedriver version for google-chrome
[2024-02-22T09:03:27.883+0900] {logger.py:11} INFO - Get LATEST chromedriver version for google-chrome
[2024-02-22T09:03:27.963+0900] {logger.py:11} INFO - Driver [/home/ubuntu/.wdm/drivers/chromedriver/linux64/121.0.6167.184/chromedriver-linux64/chromedriver] found in cache
[2024-02-22T09:03:35.154+0900] {logger.py:11} INFO - ====== WebDriver manager ======
[2024-02-22T09:03:35.234+0900] {logger.py:11} INFO - Get LATEST chromedriver version for google-chrome
[2024-02-22T09:03:35.328+0900] {logger.py:11} INFO - Get LATEST chromedriver version for google-chrome
[2024-02-22T09:03:35.408+0900] {logger.py:11} INFO - Driver [/home/ubuntu/.wdm/drivers/chromedriver/linux64/121.0.6167.184/chromedriver-linux64/chromedriver] found in cache
[2024-02-22T09:03:43.156+0900] {logger.py:11} INFO - ====== WebDriver manager ======
[2024-02-22T09:03:43.236+0900] {logger.py:11} INFO - Get LATEST chromedriver version for google-chrome
[2024-02-22T09:03:43.317+0900] {logger.py:11} INFO - Get LATEST chromedriver version for google-chrome
[2024-02-22T09:03:43.397+0900] {logger.py:11} INFO - Driver [/home/ubuntu/.wdm/drivers/chromedriver/linux64/121.0.6167.184/chromedriver-linux64/chromedriver] found in cache
[2024-02-22T09:03:50.610+0900] {logger.py:11} INFO - ====== WebDriver manager ======
[2024-02-22T09:03:50.689+0900] {logger.py:11} INFO - Get LATEST chromedriver version for google-chrome
[2024-02-22T09:03:50.771+0900] {logger.py:11} INFO - Get LATEST chromedriver version for google-chrome
[2024-02-22T09:03:50.851+0900] {logger.py:11} INFO - Driver [/home/ubuntu/.wdm/drivers/chromedriver/linux64/121.0.6167.184/chromedriver-linux64/chromedriver] found in cache
[2024-02-22T09:03:58.821+0900] {logger.py:11} INFO - ====== WebDriver manager ======
[2024-02-22T09:03:58.901+0900] {logger.py:11} INFO - Get LATEST chromedriver version for google-chrome
[2024-02-22T09:03:58.982+0900] {logger.py:11} INFO - Get LATEST chromedriver version for google-chrome
[2024-02-22T09:03:59.062+0900] {logger.py:11} INFO - Driver [/home/ubuntu/.wdm/drivers/chromedriver/linux64/121.0.6167.184/chromedriver-linux64/chromedriver] found in cache
[2024-02-22T09:04:05.560+0900] {logger.py:11} INFO - ====== WebDriver manager ======
[2024-02-22T09:04:05.640+0900] {logger.py:11} INFO - Get LATEST chromedriver version for google-chrome
[2024-02-22T09:04:05.721+0900] {logger.py:11} INFO - Get LATEST chromedriver version for google-chrome
[2024-02-22T09:04:05.802+0900] {logger.py:11} INFO - Driver [/home/ubuntu/.wdm/drivers/chromedriver/linux64/121.0.6167.184/chromedriver-linux64/chromedriver] found in cache
[2024-02-22T09:04:12.399+0900] {logger.py:11} INFO - ====== WebDriver manager ======
[2024-02-22T09:04:12.480+0900] {logger.py:11} INFO - Get LATEST chromedriver version for google-chrome
[2024-02-22T09:04:12.562+0900] {logger.py:11} INFO - Get LATEST chromedriver version for google-chrome
[2024-02-22T09:04:12.643+0900] {logger.py:11} INFO - Driver [/home/ubuntu/.wdm/drivers/chromedriver/linux64/121.0.6167.184/chromedriver-linux64/chromedriver] found in cache
[2024-02-22T09:04:19.735+0900] {logger.py:11} INFO - ====== WebDriver manager ======
[2024-02-22T09:04:19.817+0900] {logger.py:11} INFO - Get LATEST chromedriver version for google-chrome
[2024-02-22T09:04:19.897+0900] {logger.py:11} INFO - Get LATEST chromedriver version for google-chrome
[2024-02-22T09:04:19.978+0900] {logger.py:11} INFO - Driver [/home/ubuntu/.wdm/drivers/chromedriver/linux64/121.0.6167.184/chromedriver-linux64/chromedriver] found in cache
[2024-02-22T09:04:27.209+0900] {logger.py:11} INFO - ====== WebDriver manager ======
[2024-02-22T09:04:27.291+0900] {logger.py:11} INFO - Get LATEST chromedriver version for google-chrome
[2024-02-22T09:04:27.372+0900] {logger.py:11} INFO - Get LATEST chromedriver version for google-chrome
[2024-02-22T09:04:27.452+0900] {logger.py:11} INFO - Driver [/home/ubuntu/.wdm/drivers/chromedriver/linux64/121.0.6167.184/chromedriver-linux64/chromedriver] found in cache
[2024-02-22T09:04:34.508+0900] {logger.py:11} INFO - ====== WebDriver manager ======
[2024-02-22T09:04:34.590+0900] {logger.py:11} INFO - Get LATEST chromedriver version for google-chrome
[2024-02-22T09:04:34.673+0900] {logger.py:11} INFO - Get LATEST chromedriver version for google-chrome
[2024-02-22T09:04:34.755+0900] {logger.py:11} INFO - Driver [/home/ubuntu/.wdm/drivers/chromedriver/linux64/121.0.6167.184/chromedriver-linux64/chromedriver] found in cache
[2024-02-22T09:04:41.059+0900] {logger.py:11} INFO - ====== WebDriver manager ======
[2024-02-22T09:04:41.139+0900] {logger.py:11} INFO - Get LATEST chromedriver version for google-chrome
[2024-02-22T09:04:41.221+0900] {logger.py:11} INFO - Get LATEST chromedriver version for google-chrome
[2024-02-22T09:04:41.301+0900] {logger.py:11} INFO - Driver [/home/ubuntu/.wdm/drivers/chromedriver/linux64/121.0.6167.184/chromedriver-linux64/chromedriver] found in cache
[2024-02-22T09:04:48.495+0900] {logger.py:11} INFO - ====== WebDriver manager ======
[2024-02-22T09:04:48.576+0900] {logger.py:11} INFO - Get LATEST chromedriver version for google-chrome
[2024-02-22T09:04:48.657+0900] {logger.py:11} INFO - Get LATEST chromedriver version for google-chrome
[2024-02-22T09:04:48.738+0900] {logger.py:11} INFO - Driver [/home/ubuntu/.wdm/drivers/chromedriver/linux64/121.0.6167.184/chromedriver-linux64/chromedriver] found in cache
[2024-02-22T09:04:55.799+0900] {logger.py:11} INFO - ====== WebDriver manager ======
[2024-02-22T09:04:55.881+0900] {logger.py:11} INFO - Get LATEST chromedriver version for google-chrome
[2024-02-22T09:04:55.963+0900] {logger.py:11} INFO - Get LATEST chromedriver version for google-chrome
[2024-02-22T09:04:56.044+0900] {logger.py:11} INFO - Driver [/home/ubuntu/.wdm/drivers/chromedriver/linux64/121.0.6167.184/chromedriver-linux64/chromedriver] found in cache
[2024-02-22T09:05:02.478+0900] {logger.py:11} INFO - ====== WebDriver manager ======
[2024-02-22T09:05:02.560+0900] {logger.py:11} INFO - Get LATEST chromedriver version for google-chrome
[2024-02-22T09:05:02.642+0900] {logger.py:11} INFO - Get LATEST chromedriver version for google-chrome
[2024-02-22T09:05:02.723+0900] {logger.py:11} INFO - Driver [/home/ubuntu/.wdm/drivers/chromedriver/linux64/121.0.6167.184/chromedriver-linux64/chromedriver] found in cache
[2024-02-22T09:05:09.448+0900] {logger.py:11} INFO - ====== WebDriver manager ======
[2024-02-22T09:05:09.529+0900] {logger.py:11} INFO - Get LATEST chromedriver version for google-chrome
[2024-02-22T09:05:09.611+0900] {logger.py:11} INFO - Get LATEST chromedriver version for google-chrome
[2024-02-22T09:05:09.692+0900] {logger.py:11} INFO - Driver [/home/ubuntu/.wdm/drivers/chromedriver/linux64/121.0.6167.184/chromedriver-linux64/chromedriver] found in cache
[2024-02-22T09:05:16.154+0900] {logger.py:11} INFO - ====== WebDriver manager ======
[2024-02-22T09:05:16.236+0900] {logger.py:11} INFO - Get LATEST chromedriver version for google-chrome
[2024-02-22T09:05:16.320+0900] {logger.py:11} INFO - Get LATEST chromedriver version for google-chrome
[2024-02-22T09:05:16.400+0900] {logger.py:11} INFO - Driver [/home/ubuntu/.wdm/drivers/chromedriver/linux64/121.0.6167.184/chromedriver-linux64/chromedriver] found in cache
[2024-02-22T09:05:21.802+0900] {logger.py:11} INFO - ====== WebDriver manager ======
[2024-02-22T09:05:21.884+0900] {logger.py:11} INFO - Get LATEST chromedriver version for google-chrome
[2024-02-22T09:05:21.966+0900] {logger.py:11} INFO - Get LATEST chromedriver version for google-chrome
[2024-02-22T09:05:22.047+0900] {logger.py:11} INFO - Driver [/home/ubuntu/.wdm/drivers/chromedriver/linux64/121.0.6167.184/chromedriver-linux64/chromedriver] found in cache
[2024-02-22T09:05:28.275+0900] {logger.py:11} INFO - ====== WebDriver manager ======
[2024-02-22T09:05:28.357+0900] {logger.py:11} INFO - Get LATEST chromedriver version for google-chrome
[2024-02-22T09:05:28.439+0900] {logger.py:11} INFO - Get LATEST chromedriver version for google-chrome
[2024-02-22T09:05:28.520+0900] {logger.py:11} INFO - Driver [/home/ubuntu/.wdm/drivers/chromedriver/linux64/121.0.6167.184/chromedriver-linux64/chromedriver] found in cache
[2024-02-22T09:05:34.298+0900] {logger.py:11} INFO - ====== WebDriver manager ======
[2024-02-22T09:05:34.381+0900] {logger.py:11} INFO - Get LATEST chromedriver version for google-chrome
[2024-02-22T09:05:34.463+0900] {logger.py:11} INFO - Get LATEST chromedriver version for google-chrome
[2024-02-22T09:05:34.545+0900] {logger.py:11} INFO - Driver [/home/ubuntu/.wdm/drivers/chromedriver/linux64/121.0.6167.184/chromedriver-linux64/chromedriver] found in cache
[2024-02-22T09:05:40.662+0900] {logger.py:11} INFO - ====== WebDriver manager ======
[2024-02-22T09:05:40.745+0900] {logger.py:11} INFO - Get LATEST chromedriver version for google-chrome
[2024-02-22T09:05:40.827+0900] {logger.py:11} INFO - Get LATEST chromedriver version for google-chrome
[2024-02-22T09:05:40.908+0900] {logger.py:11} INFO - Driver [/home/ubuntu/.wdm/drivers/chromedriver/linux64/121.0.6167.184/chromedriver-linux64/chromedriver] found in cache
[2024-02-22T09:05:57.739+0900] {logger.py:11} INFO - ====== WebDriver manager ======
[2024-02-22T09:05:57.821+0900] {logger.py:11} INFO - Get LATEST chromedriver version for google-chrome
[2024-02-22T09:05:57.902+0900] {logger.py:11} INFO - Get LATEST chromedriver version for google-chrome
[2024-02-22T09:05:57.983+0900] {logger.py:11} INFO - Driver [/home/ubuntu/.wdm/drivers/chromedriver/linux64/121.0.6167.184/chromedriver-linux64/chromedriver] found in cache
[2024-02-22T09:06:04.936+0900] {logger.py:11} INFO - ====== WebDriver manager ======
[2024-02-22T09:06:05.019+0900] {logger.py:11} INFO - Get LATEST chromedriver version for google-chrome
[2024-02-22T09:06:05.100+0900] {logger.py:11} INFO - Get LATEST chromedriver version for google-chrome
[2024-02-22T09:06:05.180+0900] {logger.py:11} INFO - Driver [/home/ubuntu/.wdm/drivers/chromedriver/linux64/121.0.6167.184/chromedriver-linux64/chromedriver] found in cache
[2024-02-22T09:06:12.382+0900] {logger.py:11} INFO - ====== WebDriver manager ======
[2024-02-22T09:06:12.463+0900] {logger.py:11} INFO - Get LATEST chromedriver version for google-chrome
[2024-02-22T09:06:12.545+0900] {logger.py:11} INFO - Get LATEST chromedriver version for google-chrome
[2024-02-22T09:06:12.626+0900] {logger.py:11} INFO - Driver [/home/ubuntu/.wdm/drivers/chromedriver/linux64/121.0.6167.184/chromedriver-linux64/chromedriver] found in cache
[2024-02-22T09:06:19.584+0900] {logger.py:11} INFO - ====== WebDriver manager ======
[2024-02-22T09:06:19.665+0900] {logger.py:11} INFO - Get LATEST chromedriver version for google-chrome
[2024-02-22T09:06:19.745+0900] {logger.py:11} INFO - Get LATEST chromedriver version for google-chrome
[2024-02-22T09:06:19.825+0900] {logger.py:11} INFO - Driver [/home/ubuntu/.wdm/drivers/chromedriver/linux64/121.0.6167.184/chromedriver-linux64/chromedriver] found in cache
[2024-02-22T09:06:26.994+0900] {logger.py:11} INFO - ====== WebDriver manager ======
[2024-02-22T09:06:27.074+0900] {logger.py:11} INFO - Get LATEST chromedriver version for google-chrome
[2024-02-22T09:06:27.155+0900] {logger.py:11} INFO - Get LATEST chromedriver version for google-chrome
[2024-02-22T09:06:27.235+0900] {logger.py:11} INFO - Driver [/home/ubuntu/.wdm/drivers/chromedriver/linux64/121.0.6167.184/chromedriver-linux64/chromedriver] found in cache
[2024-02-22T09:06:34.105+0900] {logger.py:11} INFO - ====== WebDriver manager ======
[2024-02-22T09:06:34.184+0900] {logger.py:11} INFO - Get LATEST chromedriver version for google-chrome
[2024-02-22T09:06:34.267+0900] {logger.py:11} INFO - Get LATEST chromedriver version for google-chrome
[2024-02-22T09:06:34.363+0900] {logger.py:11} INFO - Driver [/home/ubuntu/.wdm/drivers/chromedriver/linux64/121.0.6167.184/chromedriver-linux64/chromedriver] found in cache
[2024-02-22T09:06:39.695+0900] {logger.py:11} INFO - ====== WebDriver manager ======
[2024-02-22T09:06:39.775+0900] {logger.py:11} INFO - Get LATEST chromedriver version for google-chrome
[2024-02-22T09:06:39.855+0900] {logger.py:11} INFO - Get LATEST chromedriver version for google-chrome
[2024-02-22T09:06:39.936+0900] {logger.py:11} INFO - Driver [/home/ubuntu/.wdm/drivers/chromedriver/linux64/121.0.6167.184/chromedriver-linux64/chromedriver] found in cache
[2024-02-22T09:06:47.299+0900] {logger.py:11} INFO - ====== WebDriver manager ======
[2024-02-22T09:06:47.379+0900] {logger.py:11} INFO - Get LATEST chromedriver version for google-chrome
[2024-02-22T09:06:47.462+0900] {logger.py:11} INFO - Get LATEST chromedriver version for google-chrome
[2024-02-22T09:06:47.545+0900] {logger.py:11} INFO - Driver [/home/ubuntu/.wdm/drivers/chromedriver/linux64/121.0.6167.184/chromedriver-linux64/chromedriver] found in cache
[2024-02-22T09:06:52.815+0900] {logger.py:11} INFO - ====== WebDriver manager ======
[2024-02-22T09:06:52.897+0900] {logger.py:11} INFO - Get LATEST chromedriver version for google-chrome
[2024-02-22T09:06:52.978+0900] {logger.py:11} INFO - Get LATEST chromedriver version for google-chrome
[2024-02-22T09:06:53.058+0900] {logger.py:11} INFO - Driver [/home/ubuntu/.wdm/drivers/chromedriver/linux64/121.0.6167.184/chromedriver-linux64/chromedriver] found in cache
[2024-02-22T09:06:58.809+0900] {logger.py:11} INFO - ====== WebDriver manager ======
[2024-02-22T09:06:58.892+0900] {logger.py:11} INFO - Get LATEST chromedriver version for google-chrome
[2024-02-22T09:06:58.975+0900] {logger.py:11} INFO - Get LATEST chromedriver version for google-chrome
[2024-02-22T09:06:59.055+0900] {logger.py:11} INFO - Driver [/home/ubuntu/.wdm/drivers/chromedriver/linux64/121.0.6167.184/chromedriver-linux64/chromedriver] found in cache
[2024-02-22T09:07:04.734+0900] {logger.py:11} INFO - ====== WebDriver manager ======
[2024-02-22T09:07:04.814+0900] {logger.py:11} INFO - Get LATEST chromedriver version for google-chrome
[2024-02-22T09:07:04.901+0900] {logger.py:11} INFO - Get LATEST chromedriver version for google-chrome
[2024-02-22T09:07:04.983+0900] {logger.py:11} INFO - Driver [/home/ubuntu/.wdm/drivers/chromedriver/linux64/121.0.6167.184/chromedriver-linux64/chromedriver] found in cache
[2024-02-22T09:07:12.155+0900] {logger.py:11} INFO - ====== WebDriver manager ======
[2024-02-22T09:07:12.237+0900] {logger.py:11} INFO - Get LATEST chromedriver version for google-chrome
[2024-02-22T09:07:12.319+0900] {logger.py:11} INFO - Get LATEST chromedriver version for google-chrome
[2024-02-22T09:07:12.399+0900] {logger.py:11} INFO - Driver [/home/ubuntu/.wdm/drivers/chromedriver/linux64/121.0.6167.184/chromedriver-linux64/chromedriver] found in cache
[2024-02-22T09:07:19.248+0900] {logger.py:11} INFO - ====== WebDriver manager ======
[2024-02-22T09:07:19.330+0900] {logger.py:11} INFO - Get LATEST chromedriver version for google-chrome
[2024-02-22T09:07:19.410+0900] {logger.py:11} INFO - Get LATEST chromedriver version for google-chrome
[2024-02-22T09:07:19.490+0900] {logger.py:11} INFO - Driver [/home/ubuntu/.wdm/drivers/chromedriver/linux64/121.0.6167.184/chromedriver-linux64/chromedriver] found in cache
[2024-02-22T09:07:29.303+0900] {logger.py:11} INFO - ====== WebDriver manager ======
[2024-02-22T09:07:29.383+0900] {logger.py:11} INFO - Get LATEST chromedriver version for google-chrome
[2024-02-22T09:07:29.464+0900] {logger.py:11} INFO - Get LATEST chromedriver version for google-chrome
[2024-02-22T09:07:29.544+0900] {logger.py:11} INFO - Driver [/home/ubuntu/.wdm/drivers/chromedriver/linux64/121.0.6167.184/chromedriver-linux64/chromedriver] found in cache
[2024-02-22T09:07:45.613+0900] {logger.py:11} INFO - ====== WebDriver manager ======
[2024-02-22T09:07:45.694+0900] {logger.py:11} INFO - Get LATEST chromedriver version for google-chrome
[2024-02-22T09:07:45.776+0900] {logger.py:11} INFO - Get LATEST chromedriver version for google-chrome
[2024-02-22T09:07:45.859+0900] {logger.py:11} INFO - Driver [/home/ubuntu/.wdm/drivers/chromedriver/linux64/121.0.6167.184/chromedriver-linux64/chromedriver] found in cache
[2024-02-22T09:07:52.037+0900] {logger.py:11} INFO - ====== WebDriver manager ======
[2024-02-22T09:07:52.118+0900] {logger.py:11} INFO - Get LATEST chromedriver version for google-chrome
[2024-02-22T09:07:52.199+0900] {logger.py:11} INFO - Get LATEST chromedriver version for google-chrome
[2024-02-22T09:07:52.280+0900] {logger.py:11} INFO - Driver [/home/ubuntu/.wdm/drivers/chromedriver/linux64/121.0.6167.184/chromedriver-linux64/chromedriver] found in cache
[2024-02-22T09:07:59.037+0900] {logger.py:11} INFO - ====== WebDriver manager ======
[2024-02-22T09:07:59.118+0900] {logger.py:11} INFO - Get LATEST chromedriver version for google-chrome
[2024-02-22T09:07:59.199+0900] {logger.py:11} INFO - Get LATEST chromedriver version for google-chrome
[2024-02-22T09:07:59.281+0900] {logger.py:11} INFO - Driver [/home/ubuntu/.wdm/drivers/chromedriver/linux64/121.0.6167.184/chromedriver-linux64/chromedriver] found in cache
[2024-02-22T09:08:05.335+0900] {logger.py:11} INFO - ====== WebDriver manager ======
[2024-02-22T09:08:05.417+0900] {logger.py:11} INFO - Get LATEST chromedriver version for google-chrome
[2024-02-22T09:08:05.498+0900] {logger.py:11} INFO - Get LATEST chromedriver version for google-chrome
[2024-02-22T09:08:05.579+0900] {logger.py:11} INFO - Driver [/home/ubuntu/.wdm/drivers/chromedriver/linux64/121.0.6167.184/chromedriver-linux64/chromedriver] found in cache
[2024-02-22T09:08:12.538+0900] {logger.py:11} INFO - ====== WebDriver manager ======
[2024-02-22T09:08:12.619+0900] {logger.py:11} INFO - Get LATEST chromedriver version for google-chrome
[2024-02-22T09:08:12.700+0900] {logger.py:11} INFO - Get LATEST chromedriver version for google-chrome
[2024-02-22T09:08:12.779+0900] {logger.py:11} INFO - Driver [/home/ubuntu/.wdm/drivers/chromedriver/linux64/121.0.6167.184/chromedriver-linux64/chromedriver] found in cache
[2024-02-22T09:08:20.729+0900] {python.py:201} INFO - Done. Returned value was: None
[2024-02-22T09:08:20.734+0900] {taskinstance.py:1138} INFO - Marking task as SUCCESS. dag_id=CollectCommunity, task_id=community_Content_Collect, execution_date=20240221T000000, start_date=20240222T000027, end_date=20240222T000820
[2024-02-22T09:08:20.785+0900] {local_task_job_runner.py:234} INFO - Task exited with return code 0
[2024-02-22T09:08:20.795+0900] {taskinstance.py:3280} INFO - 0 downstream tasks scheduled from follow-on schedule check
