[2024-02-15T19:21:28.905+0900] {taskinstance.py:1956} INFO - Dependencies all met for dep_context=non-requeueable deps ti=<TaskInstance: CollectNaverNews.news_Content_Comment_Collect scheduled__2024-01-25T00:00:00+00:00 [queued]>
[2024-02-15T19:21:28.912+0900] {taskinstance.py:1956} INFO - Dependencies all met for dep_context=requeueable deps ti=<TaskInstance: CollectNaverNews.news_Content_Comment_Collect scheduled__2024-01-25T00:00:00+00:00 [queued]>
[2024-02-15T19:21:28.912+0900] {taskinstance.py:2170} INFO - Starting attempt 1 of 1
[2024-02-15T19:21:29.086+0900] {taskinstance.py:2191} INFO - Executing <Task(PythonOperator): news_Content_Comment_Collect> on 2024-01-25 00:00:00+00:00
[2024-02-15T19:21:29.094+0900] {standard_task_runner.py:60} INFO - Started process 29178 to run task
[2024-02-15T19:21:29.098+0900] {standard_task_runner.py:87} INFO - Running: ['airflow', 'tasks', 'run', 'CollectNaverNews', 'news_Content_Comment_Collect', 'scheduled__2024-01-25T00:00:00+00:00', '--job-id', '13', '--raw', '--subdir', 'DAGS_FOLDER/Naver_News_Collect.py', '--cfg-path', '/tmp/tmpr_rnmbdf']
[2024-02-15T19:21:29.100+0900] {standard_task_runner.py:88} INFO - Job 13: Subtask news_Content_Comment_Collect
[2024-02-15T19:21:29.143+0900] {task_command.py:423} INFO - Running <TaskInstance: CollectNaverNews.news_Content_Comment_Collect scheduled__2024-01-25T00:00:00+00:00 [running]> on host ip-172-31-11-88.ap-northeast-2.compute.internal
[2024-02-15T19:21:29.210+0900] {taskinstance.py:2480} INFO - Exporting env vars: AIRFLOW_CTX_DAG_OWNER='airflow' AIRFLOW_CTX_DAG_ID='CollectNaverNews' AIRFLOW_CTX_TASK_ID='news_Content_Comment_Collect' AIRFLOW_CTX_EXECUTION_DATE='2024-01-25T00:00:00+00:00' AIRFLOW_CTX_TRY_NUMBER='1' AIRFLOW_CTX_DAG_RUN_ID='scheduled__2024-01-25T00:00:00+00:00'
[2024-02-15T19:21:29.224+0900] {logger.py:11} INFO - ====== WebDriver manager ======
[2024-02-15T19:21:29.314+0900] {logger.py:11} INFO - Get LATEST chromedriver version for google-chrome
[2024-02-15T19:21:29.404+0900] {logger.py:11} INFO - Get LATEST chromedriver version for google-chrome
[2024-02-15T19:21:29.488+0900] {logger.py:11} INFO - Driver [/home/ubuntu/.wdm/drivers/chromedriver/linux64/121.0.6167.85/chromedriver-linux64/chromedriver] found in cache
[2024-02-15T19:21:30.163+0900] {Naver_News_Collect.py:117} INFO - 접속완료
[2024-02-15T19:21:31.124+0900] {Naver_News_Collect.py:120} INFO - 0 Start
[2024-02-15T19:22:05.665+0900] {Naver_News_Collect.py:156} INFO - 1 End
[2024-02-15T19:22:08.668+0900] {logger.py:11} INFO - ====== WebDriver manager ======
[2024-02-15T19:22:08.756+0900] {logger.py:11} INFO - Get LATEST chromedriver version for google-chrome
[2024-02-15T19:22:08.843+0900] {logger.py:11} INFO - Get LATEST chromedriver version for google-chrome
[2024-02-15T19:22:08.925+0900] {logger.py:11} INFO - Driver [/home/ubuntu/.wdm/drivers/chromedriver/linux64/121.0.6167.85/chromedriver-linux64/chromedriver] found in cache
[2024-02-15T19:22:09.604+0900] {Naver_News_Collect.py:117} INFO - 접속완료
[2024-02-15T19:22:10.544+0900] {Naver_News_Collect.py:120} INFO - 1 Start
[2024-02-15T19:22:33.106+0900] {Naver_News_Collect.py:156} INFO - 2 End
[2024-02-15T19:22:35.108+0900] {logger.py:11} INFO - ====== WebDriver manager ======
[2024-02-15T19:22:35.196+0900] {logger.py:11} INFO - Get LATEST chromedriver version for google-chrome
[2024-02-15T19:22:35.280+0900] {logger.py:11} INFO - Get LATEST chromedriver version for google-chrome
[2024-02-15T19:22:35.361+0900] {logger.py:11} INFO - Driver [/home/ubuntu/.wdm/drivers/chromedriver/linux64/121.0.6167.85/chromedriver-linux64/chromedriver] found in cache
[2024-02-15T19:22:36.035+0900] {Naver_News_Collect.py:117} INFO - 접속완료
[2024-02-15T19:22:36.934+0900] {Naver_News_Collect.py:120} INFO - 2 Start
[2024-02-15T19:22:59.576+0900] {Naver_News_Collect.py:156} INFO - 3 End
[2024-02-15T19:23:02.580+0900] {logger.py:11} INFO - ====== WebDriver manager ======
[2024-02-15T19:23:02.669+0900] {logger.py:11} INFO - Get LATEST chromedriver version for google-chrome
[2024-02-15T19:23:02.757+0900] {logger.py:11} INFO - Get LATEST chromedriver version for google-chrome
[2024-02-15T19:23:02.842+0900] {logger.py:11} INFO - Driver [/home/ubuntu/.wdm/drivers/chromedriver/linux64/121.0.6167.85/chromedriver-linux64/chromedriver] found in cache
[2024-02-15T19:23:03.527+0900] {Naver_News_Collect.py:117} INFO - 접속완료
[2024-02-15T19:23:04.218+0900] {Naver_News_Collect.py:120} INFO - 3 Start
[2024-02-15T19:23:26.576+0900] {Naver_News_Collect.py:156} INFO - 4 End
[2024-02-15T19:23:29.580+0900] {logger.py:11} INFO - ====== WebDriver manager ======
[2024-02-15T19:23:29.668+0900] {logger.py:11} INFO - Get LATEST chromedriver version for google-chrome
[2024-02-15T19:23:29.751+0900] {logger.py:11} INFO - Get LATEST chromedriver version for google-chrome
[2024-02-15T19:23:29.832+0900] {logger.py:11} INFO - Driver [/home/ubuntu/.wdm/drivers/chromedriver/linux64/121.0.6167.85/chromedriver-linux64/chromedriver] found in cache
[2024-02-15T19:23:30.512+0900] {Naver_News_Collect.py:117} INFO - 접속완료
[2024-02-15T19:23:31.434+0900] {Naver_News_Collect.py:120} INFO - 4 Start
[2024-02-15T19:23:53.914+0900] {Naver_News_Collect.py:156} INFO - 5 End
[2024-02-15T19:23:56.917+0900] {logger.py:11} INFO - ====== WebDriver manager ======
[2024-02-15T19:23:57.007+0900] {logger.py:11} INFO - Get LATEST chromedriver version for google-chrome
[2024-02-15T19:23:57.093+0900] {logger.py:11} INFO - Get LATEST chromedriver version for google-chrome
[2024-02-15T19:23:57.177+0900] {logger.py:11} INFO - Driver [/home/ubuntu/.wdm/drivers/chromedriver/linux64/121.0.6167.85/chromedriver-linux64/chromedriver] found in cache
[2024-02-15T19:23:57.849+0900] {Naver_News_Collect.py:117} INFO - 접속완료
[2024-02-15T19:23:58.796+0900] {Naver_News_Collect.py:120} INFO - 5 Start
[2024-02-15T19:24:21.325+0900] {Naver_News_Collect.py:156} INFO - 6 End
[2024-02-15T19:24:24.329+0900] {logger.py:11} INFO - ====== WebDriver manager ======
[2024-02-15T19:24:24.417+0900] {logger.py:11} INFO - Get LATEST chromedriver version for google-chrome
[2024-02-15T19:24:24.503+0900] {logger.py:11} INFO - Get LATEST chromedriver version for google-chrome
[2024-02-15T19:24:24.585+0900] {logger.py:11} INFO - Driver [/home/ubuntu/.wdm/drivers/chromedriver/linux64/121.0.6167.85/chromedriver-linux64/chromedriver] found in cache
[2024-02-15T19:24:25.262+0900] {Naver_News_Collect.py:117} INFO - 접속완료
[2024-02-15T19:24:26.203+0900] {Naver_News_Collect.py:120} INFO - 6 Start
[2024-02-15T19:24:39.480+0900] {Naver_News_Collect.py:156} INFO - 7 End
[2024-02-15T19:24:42.484+0900] {logger.py:11} INFO - ====== WebDriver manager ======
[2024-02-15T19:24:42.571+0900] {logger.py:11} INFO - Get LATEST chromedriver version for google-chrome
[2024-02-15T19:24:42.657+0900] {logger.py:11} INFO - Get LATEST chromedriver version for google-chrome
[2024-02-15T19:24:42.742+0900] {logger.py:11} INFO - Driver [/home/ubuntu/.wdm/drivers/chromedriver/linux64/121.0.6167.85/chromedriver-linux64/chromedriver] found in cache
[2024-02-15T19:24:43.429+0900] {Naver_News_Collect.py:117} INFO - 접속완료
[2024-02-15T19:24:44.355+0900] {Naver_News_Collect.py:120} INFO - 7 Start
[2024-02-15T19:24:57.088+0900] {Naver_News_Collect.py:156} INFO - 8 End
[2024-02-15T19:24:59.091+0900] {logger.py:11} INFO - ====== WebDriver manager ======
[2024-02-15T19:24:59.180+0900] {logger.py:11} INFO - Get LATEST chromedriver version for google-chrome
[2024-02-15T19:24:59.275+0900] {logger.py:11} INFO - Get LATEST chromedriver version for google-chrome
[2024-02-15T19:24:59.365+0900] {logger.py:11} INFO - Driver [/home/ubuntu/.wdm/drivers/chromedriver/linux64/121.0.6167.85/chromedriver-linux64/chromedriver] found in cache
[2024-02-15T19:25:00.047+0900] {Naver_News_Collect.py:117} INFO - 접속완료
[2024-02-15T19:25:01.030+0900] {Naver_News_Collect.py:120} INFO - 8 Start
[2024-02-15T19:25:26.654+0900] {Naver_News_Collect.py:156} INFO - 9 End
[2024-02-15T19:25:29.658+0900] {logger.py:11} INFO - ====== WebDriver manager ======
[2024-02-15T19:25:29.749+0900] {logger.py:11} INFO - Get LATEST chromedriver version for google-chrome
[2024-02-15T19:25:29.842+0900] {logger.py:11} INFO - Get LATEST chromedriver version for google-chrome
[2024-02-15T19:25:29.963+0900] {logger.py:11} INFO - Driver [/home/ubuntu/.wdm/drivers/chromedriver/linux64/121.0.6167.85/chromedriver-linux64/chromedriver] found in cache
[2024-02-15T19:25:30.652+0900] {Naver_News_Collect.py:117} INFO - 접속완료
[2024-02-15T19:25:31.648+0900] {Naver_News_Collect.py:120} INFO - 9 Start
[2024-02-15T19:25:53.909+0900] {Naver_News_Collect.py:156} INFO - 10 End
[2024-02-15T19:25:56.913+0900] {logger.py:11} INFO - ====== WebDriver manager ======
[2024-02-15T19:25:57.002+0900] {logger.py:11} INFO - Get LATEST chromedriver version for google-chrome
[2024-02-15T19:25:57.091+0900] {logger.py:11} INFO - Get LATEST chromedriver version for google-chrome
[2024-02-15T19:25:57.183+0900] {logger.py:11} INFO - Driver [/home/ubuntu/.wdm/drivers/chromedriver/linux64/121.0.6167.85/chromedriver-linux64/chromedriver] found in cache
[2024-02-15T19:25:57.862+0900] {Naver_News_Collect.py:117} INFO - 접속완료
[2024-02-15T19:25:58.872+0900] {Naver_News_Collect.py:120} INFO - 10 Start
[2024-02-15T19:26:11.923+0900] {Naver_News_Collect.py:156} INFO - 11 End
[2024-02-15T19:26:13.926+0900] {logger.py:11} INFO - ====== WebDriver manager ======
[2024-02-15T19:26:14.016+0900] {logger.py:11} INFO - Get LATEST chromedriver version for google-chrome
[2024-02-15T19:26:14.103+0900] {logger.py:11} INFO - Get LATEST chromedriver version for google-chrome
[2024-02-15T19:26:14.193+0900] {logger.py:11} INFO - Driver [/home/ubuntu/.wdm/drivers/chromedriver/linux64/121.0.6167.85/chromedriver-linux64/chromedriver] found in cache
[2024-02-15T19:26:14.868+0900] {Naver_News_Collect.py:117} INFO - 접속완료
[2024-02-15T19:26:15.939+0900] {Naver_News_Collect.py:120} INFO - 11 Start
[2024-02-15T19:26:38.608+0900] {Naver_News_Collect.py:156} INFO - 12 End
[2024-02-15T19:26:40.610+0900] {logger.py:11} INFO - ====== WebDriver manager ======
[2024-02-15T19:26:40.700+0900] {logger.py:11} INFO - Get LATEST chromedriver version for google-chrome
[2024-02-15T19:26:40.800+0900] {logger.py:11} INFO - Get LATEST chromedriver version for google-chrome
[2024-02-15T19:26:40.896+0900] {logger.py:11} INFO - Driver [/home/ubuntu/.wdm/drivers/chromedriver/linux64/121.0.6167.85/chromedriver-linux64/chromedriver] found in cache
[2024-02-15T19:26:41.582+0900] {Naver_News_Collect.py:117} INFO - 접속완료
[2024-02-15T19:26:42.562+0900] {Naver_News_Collect.py:120} INFO - 12 Start
[2024-02-15T19:27:06.523+0900] {Naver_News_Collect.py:156} INFO - 13 End
[2024-02-15T19:27:09.527+0900] {logger.py:11} INFO - ====== WebDriver manager ======
[2024-02-15T19:27:09.616+0900] {logger.py:11} INFO - Get LATEST chromedriver version for google-chrome
[2024-02-15T19:27:09.705+0900] {logger.py:11} INFO - Get LATEST chromedriver version for google-chrome
[2024-02-15T19:27:09.790+0900] {logger.py:11} INFO - Driver [/home/ubuntu/.wdm/drivers/chromedriver/linux64/121.0.6167.85/chromedriver-linux64/chromedriver] found in cache
[2024-02-15T19:27:10.468+0900] {Naver_News_Collect.py:117} INFO - 접속완료
[2024-02-15T19:27:11.436+0900] {Naver_News_Collect.py:120} INFO - 13 Start
[2024-02-15T19:27:24.268+0900] {Naver_News_Collect.py:156} INFO - 14 End
[2024-02-15T19:27:26.271+0900] {logger.py:11} INFO - ====== WebDriver manager ======
[2024-02-15T19:27:26.359+0900] {logger.py:11} INFO - Get LATEST chromedriver version for google-chrome
[2024-02-15T19:27:26.453+0900] {logger.py:11} INFO - Get LATEST chromedriver version for google-chrome
[2024-02-15T19:27:26.554+0900] {logger.py:11} INFO - Driver [/home/ubuntu/.wdm/drivers/chromedriver/linux64/121.0.6167.85/chromedriver-linux64/chromedriver] found in cache
[2024-02-15T19:27:27.231+0900] {Naver_News_Collect.py:117} INFO - 접속완료
[2024-02-15T19:27:27.920+0900] {Naver_News_Collect.py:120} INFO - 14 Start
[2024-02-15T19:27:50.103+0900] {Naver_News_Collect.py:156} INFO - 15 End
[2024-02-15T19:27:52.106+0900] {logger.py:11} INFO - ====== WebDriver manager ======
[2024-02-15T19:27:52.194+0900] {logger.py:11} INFO - Get LATEST chromedriver version for google-chrome
[2024-02-15T19:27:52.283+0900] {logger.py:11} INFO - Get LATEST chromedriver version for google-chrome
[2024-02-15T19:27:52.366+0900] {logger.py:11} INFO - Driver [/home/ubuntu/.wdm/drivers/chromedriver/linux64/121.0.6167.85/chromedriver-linux64/chromedriver] found in cache
[2024-02-15T19:27:53.042+0900] {Naver_News_Collect.py:117} INFO - 접속완료
[2024-02-15T19:27:53.968+0900] {Naver_News_Collect.py:120} INFO - 15 Start
[2024-02-15T19:28:18.377+0900] {Naver_News_Collect.py:156} INFO - 16 End
[2024-02-15T19:28:20.379+0900] {logger.py:11} INFO - ====== WebDriver manager ======
[2024-02-15T19:28:20.468+0900] {logger.py:11} INFO - Get LATEST chromedriver version for google-chrome
[2024-02-15T19:28:20.557+0900] {logger.py:11} INFO - Get LATEST chromedriver version for google-chrome
[2024-02-15T19:28:20.640+0900] {logger.py:11} INFO - Driver [/home/ubuntu/.wdm/drivers/chromedriver/linux64/121.0.6167.85/chromedriver-linux64/chromedriver] found in cache
[2024-02-15T19:28:21.319+0900] {Naver_News_Collect.py:117} INFO - 접속완료
[2024-02-15T19:28:22.345+0900] {Naver_News_Collect.py:120} INFO - 16 Start
[2024-02-15T19:28:44.898+0900] {Naver_News_Collect.py:156} INFO - 17 End
[2024-02-15T19:28:47.902+0900] {logger.py:11} INFO - ====== WebDriver manager ======
[2024-02-15T19:28:47.991+0900] {logger.py:11} INFO - Get LATEST chromedriver version for google-chrome
[2024-02-15T19:28:48.077+0900] {logger.py:11} INFO - Get LATEST chromedriver version for google-chrome
[2024-02-15T19:28:48.159+0900] {logger.py:11} INFO - Driver [/home/ubuntu/.wdm/drivers/chromedriver/linux64/121.0.6167.85/chromedriver-linux64/chromedriver] found in cache
[2024-02-15T19:28:48.843+0900] {Naver_News_Collect.py:117} INFO - 접속완료
[2024-02-15T19:28:49.796+0900] {Naver_News_Collect.py:120} INFO - 17 Start
[2024-02-15T19:29:12.325+0900] {Naver_News_Collect.py:156} INFO - 18 End
[2024-02-15T19:29:15.329+0900] {logger.py:11} INFO - ====== WebDriver manager ======
[2024-02-15T19:29:15.419+0900] {logger.py:11} INFO - Get LATEST chromedriver version for google-chrome
[2024-02-15T19:29:15.505+0900] {logger.py:11} INFO - Get LATEST chromedriver version for google-chrome
[2024-02-15T19:29:15.589+0900] {logger.py:11} INFO - Driver [/home/ubuntu/.wdm/drivers/chromedriver/linux64/121.0.6167.85/chromedriver-linux64/chromedriver] found in cache
[2024-02-15T19:29:16.265+0900] {Naver_News_Collect.py:117} INFO - 접속완료
[2024-02-15T19:29:17.249+0900] {Naver_News_Collect.py:120} INFO - 18 Start
[2024-02-15T19:29:39.823+0900] {Naver_News_Collect.py:156} INFO - 19 End
[2024-02-15T19:29:41.825+0900] {logger.py:11} INFO - ====== WebDriver manager ======
[2024-02-15T19:29:41.914+0900] {logger.py:11} INFO - Get LATEST chromedriver version for google-chrome
[2024-02-15T19:29:42.002+0900] {logger.py:11} INFO - Get LATEST chromedriver version for google-chrome
[2024-02-15T19:29:42.087+0900] {logger.py:11} INFO - Driver [/home/ubuntu/.wdm/drivers/chromedriver/linux64/121.0.6167.85/chromedriver-linux64/chromedriver] found in cache
[2024-02-15T19:29:42.770+0900] {Naver_News_Collect.py:117} INFO - 접속완료
[2024-02-15T19:30:12.854+0900] {Naver_News_Collect.py:120} INFO - 19 Start
[2024-02-15T19:30:22.971+0900] {Naver_News_Collect.py:156} INFO - 19 End
[2024-02-15T19:30:25.974+0900] {logger.py:11} INFO - ====== WebDriver manager ======
[2024-02-15T19:30:26.067+0900] {logger.py:11} INFO - Get LATEST chromedriver version for google-chrome
[2024-02-15T19:30:26.160+0900] {logger.py:11} INFO - Get LATEST chromedriver version for google-chrome
[2024-02-15T19:30:26.275+0900] {logger.py:11} INFO - Driver [/home/ubuntu/.wdm/drivers/chromedriver/linux64/121.0.6167.85/chromedriver-linux64/chromedriver] found in cache
[2024-02-15T19:30:26.953+0900] {Naver_News_Collect.py:117} INFO - 접속완료
[2024-02-15T19:30:28.046+0900] {Naver_News_Collect.py:120} INFO - 19 Start
[2024-02-15T19:30:40.749+0900] {Naver_News_Collect.py:156} INFO - 20 End
[2024-02-15T19:30:42.751+0900] {logger.py:11} INFO - ====== WebDriver manager ======
[2024-02-15T19:30:42.842+0900] {logger.py:11} INFO - Get LATEST chromedriver version for google-chrome
[2024-02-15T19:30:42.926+0900] {logger.py:11} INFO - Get LATEST chromedriver version for google-chrome
[2024-02-15T19:30:43.010+0900] {logger.py:11} INFO - Driver [/home/ubuntu/.wdm/drivers/chromedriver/linux64/121.0.6167.85/chromedriver-linux64/chromedriver] found in cache
[2024-02-15T19:30:43.690+0900] {Naver_News_Collect.py:117} INFO - 접속완료
[2024-02-15T19:31:13.774+0900] {Naver_News_Collect.py:120} INFO - 20 Start
[2024-02-15T19:31:23.874+0900] {Naver_News_Collect.py:156} INFO - 20 End
[2024-02-15T19:31:25.877+0900] {logger.py:11} INFO - ====== WebDriver manager ======
[2024-02-15T19:31:25.968+0900] {logger.py:11} INFO - Get LATEST chromedriver version for google-chrome
[2024-02-15T19:31:26.066+0900] {logger.py:11} INFO - Get LATEST chromedriver version for google-chrome
[2024-02-15T19:31:26.158+0900] {logger.py:11} INFO - Driver [/home/ubuntu/.wdm/drivers/chromedriver/linux64/121.0.6167.85/chromedriver-linux64/chromedriver] found in cache
[2024-02-15T19:31:26.843+0900] {Naver_News_Collect.py:117} INFO - 접속완료
[2024-02-15T19:31:56.929+0900] {Naver_News_Collect.py:120} INFO - 20 Start
[2024-02-15T19:32:07.030+0900] {Naver_News_Collect.py:156} INFO - 20 End
[2024-02-15T19:32:10.031+0900] {logger.py:11} INFO - ====== WebDriver manager ======
[2024-02-15T19:32:10.120+0900] {logger.py:11} INFO - Get LATEST chromedriver version for google-chrome
[2024-02-15T19:32:10.207+0900] {logger.py:11} INFO - Get LATEST chromedriver version for google-chrome
[2024-02-15T19:32:10.293+0900] {logger.py:11} INFO - Driver [/home/ubuntu/.wdm/drivers/chromedriver/linux64/121.0.6167.85/chromedriver-linux64/chromedriver] found in cache
[2024-02-15T19:32:10.972+0900] {Naver_News_Collect.py:117} INFO - 접속완료
[2024-02-15T19:32:12.139+0900] {Naver_News_Collect.py:120} INFO - 20 Start
[2024-02-15T19:32:34.664+0900] {Naver_News_Collect.py:156} INFO - 21 End
[2024-02-15T19:32:37.667+0900] {logger.py:11} INFO - ====== WebDriver manager ======
[2024-02-15T19:32:37.755+0900] {logger.py:11} INFO - Get LATEST chromedriver version for google-chrome
[2024-02-15T19:32:37.837+0900] {logger.py:11} INFO - Get LATEST chromedriver version for google-chrome
[2024-02-15T19:32:37.925+0900] {logger.py:11} INFO - Driver [/home/ubuntu/.wdm/drivers/chromedriver/linux64/121.0.6167.85/chromedriver-linux64/chromedriver] found in cache
[2024-02-15T19:32:38.607+0900] {Naver_News_Collect.py:117} INFO - 접속완료
[2024-02-15T19:32:39.807+0900] {Naver_News_Collect.py:120} INFO - 21 Start
[2024-02-15T19:33:02.342+0900] {Naver_News_Collect.py:156} INFO - 22 End
[2024-02-15T19:33:04.344+0900] {logger.py:11} INFO - ====== WebDriver manager ======
[2024-02-15T19:33:04.433+0900] {logger.py:11} INFO - Get LATEST chromedriver version for google-chrome
[2024-02-15T19:33:04.518+0900] {logger.py:11} INFO - Get LATEST chromedriver version for google-chrome
[2024-02-15T19:33:04.603+0900] {logger.py:11} INFO - Driver [/home/ubuntu/.wdm/drivers/chromedriver/linux64/121.0.6167.85/chromedriver-linux64/chromedriver] found in cache
[2024-02-15T19:33:05.279+0900] {Naver_News_Collect.py:117} INFO - 접속완료
[2024-02-15T19:33:06.372+0900] {Naver_News_Collect.py:120} INFO - 22 Start
[2024-02-15T19:33:28.950+0900] {Naver_News_Collect.py:156} INFO - 23 End
[2024-02-15T19:33:30.952+0900] {logger.py:11} INFO - ====== WebDriver manager ======
[2024-02-15T19:33:31.040+0900] {logger.py:11} INFO - Get LATEST chromedriver version for google-chrome
[2024-02-15T19:33:31.124+0900] {logger.py:11} INFO - Get LATEST chromedriver version for google-chrome
[2024-02-15T19:33:31.207+0900] {logger.py:11} INFO - Driver [/home/ubuntu/.wdm/drivers/chromedriver/linux64/121.0.6167.85/chromedriver-linux64/chromedriver] found in cache
[2024-02-15T19:33:31.886+0900] {Naver_News_Collect.py:117} INFO - 접속완료
[2024-02-15T19:33:32.936+0900] {Naver_News_Collect.py:120} INFO - 23 Start
[2024-02-15T19:33:45.880+0900] {Naver_News_Collect.py:156} INFO - 24 End
[2024-02-15T19:33:48.884+0900] {logger.py:11} INFO - ====== WebDriver manager ======
[2024-02-15T19:33:48.973+0900] {logger.py:11} INFO - Get LATEST chromedriver version for google-chrome
[2024-02-15T19:33:49.057+0900] {logger.py:11} INFO - Get LATEST chromedriver version for google-chrome
[2024-02-15T19:33:49.143+0900] {logger.py:11} INFO - Driver [/home/ubuntu/.wdm/drivers/chromedriver/linux64/121.0.6167.85/chromedriver-linux64/chromedriver] found in cache
[2024-02-15T19:33:49.820+0900] {Naver_News_Collect.py:117} INFO - 접속완료
[2024-02-15T19:33:50.906+0900] {Naver_News_Collect.py:120} INFO - 24 Start
[2024-02-15T19:34:05.034+0900] {Naver_News_Collect.py:156} INFO - 25 End
[2024-02-15T19:34:08.038+0900] {logger.py:11} INFO - ====== WebDriver manager ======
[2024-02-15T19:34:08.127+0900] {logger.py:11} INFO - Get LATEST chromedriver version for google-chrome
[2024-02-15T19:34:08.212+0900] {logger.py:11} INFO - Get LATEST chromedriver version for google-chrome
[2024-02-15T19:34:08.293+0900] {logger.py:11} INFO - Driver [/home/ubuntu/.wdm/drivers/chromedriver/linux64/121.0.6167.85/chromedriver-linux64/chromedriver] found in cache
[2024-02-15T19:34:08.985+0900] {Naver_News_Collect.py:117} INFO - 접속완료
[2024-02-15T19:34:10.135+0900] {Naver_News_Collect.py:120} INFO - 25 Start
[2024-02-15T19:34:32.637+0900] {Naver_News_Collect.py:156} INFO - 26 End
[2024-02-15T19:34:35.640+0900] {logger.py:11} INFO - ====== WebDriver manager ======
[2024-02-15T19:34:35.729+0900] {logger.py:11} INFO - Get LATEST chromedriver version for google-chrome
[2024-02-15T19:34:35.813+0900] {logger.py:11} INFO - Get LATEST chromedriver version for google-chrome
[2024-02-15T19:34:35.897+0900] {logger.py:11} INFO - Driver [/home/ubuntu/.wdm/drivers/chromedriver/linux64/121.0.6167.85/chromedriver-linux64/chromedriver] found in cache
[2024-02-15T19:34:36.577+0900] {Naver_News_Collect.py:117} INFO - 접속완료
[2024-02-15T19:34:37.653+0900] {Naver_News_Collect.py:120} INFO - 26 Start
[2024-02-15T19:35:00.332+0900] {Naver_News_Collect.py:156} INFO - 27 End
[2024-02-15T19:35:02.335+0900] {logger.py:11} INFO - ====== WebDriver manager ======
[2024-02-15T19:35:02.425+0900] {logger.py:11} INFO - Get LATEST chromedriver version for google-chrome
[2024-02-15T19:35:02.516+0900] {logger.py:11} INFO - Get LATEST chromedriver version for google-chrome
[2024-02-15T19:35:02.611+0900] {logger.py:11} INFO - Driver [/home/ubuntu/.wdm/drivers/chromedriver/linux64/121.0.6167.85/chromedriver-linux64/chromedriver] found in cache
[2024-02-15T19:35:03.291+0900] {Naver_News_Collect.py:117} INFO - 접속완료
[2024-02-15T19:35:04.356+0900] {Naver_News_Collect.py:120} INFO - 27 Start
[2024-02-15T19:35:27.044+0900] {Naver_News_Collect.py:156} INFO - 28 End
[2024-02-15T19:35:30.047+0900] {logger.py:11} INFO - ====== WebDriver manager ======
[2024-02-15T19:35:30.136+0900] {logger.py:11} INFO - Get LATEST chromedriver version for google-chrome
[2024-02-15T19:35:30.237+0900] {logger.py:11} INFO - Get LATEST chromedriver version for google-chrome
[2024-02-15T19:35:30.331+0900] {logger.py:11} INFO - Driver [/home/ubuntu/.wdm/drivers/chromedriver/linux64/121.0.6167.85/chromedriver-linux64/chromedriver] found in cache
[2024-02-15T19:35:31.011+0900] {Naver_News_Collect.py:117} INFO - 접속완료
[2024-02-15T19:35:32.175+0900] {Naver_News_Collect.py:120} INFO - 28 Start
[2024-02-15T19:35:54.882+0900] {Naver_News_Collect.py:156} INFO - 29 End
[2024-02-15T19:35:56.885+0900] {logger.py:11} INFO - ====== WebDriver manager ======
[2024-02-15T19:35:56.974+0900] {logger.py:11} INFO - Get LATEST chromedriver version for google-chrome
[2024-02-15T19:35:57.067+0900] {logger.py:11} INFO - Get LATEST chromedriver version for google-chrome
[2024-02-15T19:35:57.161+0900] {logger.py:11} INFO - Driver [/home/ubuntu/.wdm/drivers/chromedriver/linux64/121.0.6167.85/chromedriver-linux64/chromedriver] found in cache
[2024-02-15T19:35:57.840+0900] {Naver_News_Collect.py:117} INFO - 접속완료
[2024-02-15T19:35:59.048+0900] {Naver_News_Collect.py:120} INFO - 29 Start
[2024-02-15T19:36:21.616+0900] {Naver_News_Collect.py:156} INFO - 30 End
[2024-02-15T19:36:24.619+0900] {logger.py:11} INFO - ====== WebDriver manager ======
[2024-02-15T19:36:24.707+0900] {logger.py:11} INFO - Get LATEST chromedriver version for google-chrome
[2024-02-15T19:36:24.798+0900] {logger.py:11} INFO - Get LATEST chromedriver version for google-chrome
[2024-02-15T19:36:24.890+0900] {logger.py:11} INFO - Driver [/home/ubuntu/.wdm/drivers/chromedriver/linux64/121.0.6167.85/chromedriver-linux64/chromedriver] found in cache
[2024-02-15T19:36:25.574+0900] {Naver_News_Collect.py:117} INFO - 접속완료
[2024-02-15T19:36:26.775+0900] {Naver_News_Collect.py:120} INFO - 30 Start
[2024-02-15T19:36:49.319+0900] {Naver_News_Collect.py:156} INFO - 31 End
[2024-02-15T19:36:52.323+0900] {logger.py:11} INFO - ====== WebDriver manager ======
[2024-02-15T19:36:52.412+0900] {logger.py:11} INFO - Get LATEST chromedriver version for google-chrome
[2024-02-15T19:36:52.502+0900] {logger.py:11} INFO - Get LATEST chromedriver version for google-chrome
[2024-02-15T19:36:52.595+0900] {logger.py:11} INFO - Driver [/home/ubuntu/.wdm/drivers/chromedriver/linux64/121.0.6167.85/chromedriver-linux64/chromedriver] found in cache
[2024-02-15T19:36:53.278+0900] {Naver_News_Collect.py:117} INFO - 접속완료
[2024-02-15T19:36:54.495+0900] {Naver_News_Collect.py:120} INFO - 31 Start
[2024-02-15T19:37:17.104+0900] {Naver_News_Collect.py:156} INFO - 32 End
[2024-02-15T19:37:19.107+0900] {logger.py:11} INFO - ====== WebDriver manager ======
[2024-02-15T19:37:19.195+0900] {logger.py:11} INFO - Get LATEST chromedriver version for google-chrome
[2024-02-15T19:37:19.289+0900] {logger.py:11} INFO - Get LATEST chromedriver version for google-chrome
[2024-02-15T19:37:19.381+0900] {logger.py:11} INFO - Driver [/home/ubuntu/.wdm/drivers/chromedriver/linux64/121.0.6167.85/chromedriver-linux64/chromedriver] found in cache
[2024-02-15T19:37:20.068+0900] {Naver_News_Collect.py:117} INFO - 접속완료
[2024-02-15T19:37:20.972+0900] {Naver_News_Collect.py:120} INFO - 32 Start
[2024-02-15T19:37:43.205+0900] {Naver_News_Collect.py:156} INFO - 33 End
[2024-02-15T19:37:46.209+0900] {logger.py:11} INFO - ====== WebDriver manager ======
[2024-02-15T19:37:46.297+0900] {logger.py:11} INFO - Get LATEST chromedriver version for google-chrome
[2024-02-15T19:37:46.385+0900] {logger.py:11} INFO - Get LATEST chromedriver version for google-chrome
[2024-02-15T19:37:46.470+0900] {logger.py:11} INFO - Driver [/home/ubuntu/.wdm/drivers/chromedriver/linux64/121.0.6167.85/chromedriver-linux64/chromedriver] found in cache
[2024-02-15T19:37:47.146+0900] {Naver_News_Collect.py:117} INFO - 접속완료
[2024-02-15T19:37:48.076+0900] {Naver_News_Collect.py:120} INFO - 33 Start
[2024-02-15T19:38:10.335+0900] {Naver_News_Collect.py:156} INFO - 34 End
[2024-02-15T19:38:13.339+0900] {logger.py:11} INFO - ====== WebDriver manager ======
[2024-02-15T19:38:13.428+0900] {logger.py:11} INFO - Get LATEST chromedriver version for google-chrome
[2024-02-15T19:38:13.519+0900] {logger.py:11} INFO - Get LATEST chromedriver version for google-chrome
[2024-02-15T19:38:13.609+0900] {logger.py:11} INFO - Driver [/home/ubuntu/.wdm/drivers/chromedriver/linux64/121.0.6167.85/chromedriver-linux64/chromedriver] found in cache
[2024-02-15T19:38:14.284+0900] {Naver_News_Collect.py:117} INFO - 접속완료
[2024-02-15T19:38:15.225+0900] {Naver_News_Collect.py:120} INFO - 34 Start
[2024-02-15T19:38:37.512+0900] {Naver_News_Collect.py:156} INFO - 35 End
[2024-02-15T19:38:40.516+0900] {logger.py:11} INFO - ====== WebDriver manager ======
[2024-02-15T19:38:40.605+0900] {logger.py:11} INFO - Get LATEST chromedriver version for google-chrome
[2024-02-15T19:38:40.701+0900] {logger.py:11} INFO - Get LATEST chromedriver version for google-chrome
[2024-02-15T19:38:40.795+0900] {logger.py:11} INFO - Driver [/home/ubuntu/.wdm/drivers/chromedriver/linux64/121.0.6167.85/chromedriver-linux64/chromedriver] found in cache
[2024-02-15T19:38:41.473+0900] {Naver_News_Collect.py:117} INFO - 접속완료
[2024-02-15T19:38:42.568+0900] {Naver_News_Collect.py:120} INFO - 35 Start
[2024-02-15T19:39:16.585+0900] {Naver_News_Collect.py:156} INFO - 36 End
[2024-02-15T19:39:19.588+0900] {logger.py:11} INFO - ====== WebDriver manager ======
[2024-02-15T19:39:19.679+0900] {logger.py:11} INFO - Get LATEST chromedriver version for google-chrome
[2024-02-15T19:39:19.766+0900] {logger.py:11} INFO - Get LATEST chromedriver version for google-chrome
[2024-02-15T19:39:19.854+0900] {logger.py:11} INFO - Driver [/home/ubuntu/.wdm/drivers/chromedriver/linux64/121.0.6167.85/chromedriver-linux64/chromedriver] found in cache
[2024-02-15T19:39:20.541+0900] {Naver_News_Collect.py:117} INFO - 접속완료
[2024-02-15T19:39:21.707+0900] {Naver_News_Collect.py:120} INFO - 36 Start
[2024-02-15T19:39:44.278+0900] {Naver_News_Collect.py:156} INFO - 37 End
[2024-02-15T19:39:47.281+0900] {logger.py:11} INFO - ====== WebDriver manager ======
[2024-02-15T19:39:47.368+0900] {logger.py:11} INFO - Get LATEST chromedriver version for google-chrome
[2024-02-15T19:39:47.455+0900] {logger.py:11} INFO - Get LATEST chromedriver version for google-chrome
[2024-02-15T19:39:47.542+0900] {logger.py:11} INFO - Driver [/home/ubuntu/.wdm/drivers/chromedriver/linux64/121.0.6167.85/chromedriver-linux64/chromedriver] found in cache
[2024-02-15T19:39:48.220+0900] {Naver_News_Collect.py:117} INFO - 접속완료
[2024-02-15T19:39:49.532+0900] {Naver_News_Collect.py:120} INFO - 37 Start
[2024-02-15T19:40:11.609+0900] {Naver_News_Collect.py:156} INFO - 38 End
[2024-02-15T19:40:13.612+0900] {logger.py:11} INFO - ====== WebDriver manager ======
[2024-02-15T19:40:13.703+0900] {logger.py:11} INFO - Get LATEST chromedriver version for google-chrome
[2024-02-15T19:40:13.798+0900] {logger.py:11} INFO - Get LATEST chromedriver version for google-chrome
[2024-02-15T19:40:13.890+0900] {logger.py:11} INFO - Driver [/home/ubuntu/.wdm/drivers/chromedriver/linux64/121.0.6167.85/chromedriver-linux64/chromedriver] found in cache
[2024-02-15T19:40:14.571+0900] {Naver_News_Collect.py:117} INFO - 접속완료
[2024-02-15T19:40:15.704+0900] {Naver_News_Collect.py:120} INFO - 38 Start
[2024-02-15T19:40:38.249+0900] {Naver_News_Collect.py:156} INFO - 39 End
[2024-02-15T19:40:40.252+0900] {logger.py:11} INFO - ====== WebDriver manager ======
[2024-02-15T19:40:40.344+0900] {logger.py:11} INFO - Get LATEST chromedriver version for google-chrome
[2024-02-15T19:40:40.439+0900] {logger.py:11} INFO - Get LATEST chromedriver version for google-chrome
[2024-02-15T19:40:40.532+0900] {logger.py:11} INFO - Driver [/home/ubuntu/.wdm/drivers/chromedriver/linux64/121.0.6167.85/chromedriver-linux64/chromedriver] found in cache
[2024-02-15T19:40:41.212+0900] {Naver_News_Collect.py:117} INFO - 접속완료
[2024-02-15T19:40:42.389+0900] {Naver_News_Collect.py:120} INFO - 39 Start
[2024-02-15T19:41:04.997+0900] {Naver_News_Collect.py:156} INFO - 40 End
[2024-02-15T19:41:07.000+0900] {logger.py:11} INFO - ====== WebDriver manager ======
[2024-02-15T19:41:07.090+0900] {logger.py:11} INFO - Get LATEST chromedriver version for google-chrome
[2024-02-15T19:41:07.182+0900] {logger.py:11} INFO - Get LATEST chromedriver version for google-chrome
[2024-02-15T19:41:07.278+0900] {logger.py:11} INFO - Driver [/home/ubuntu/.wdm/drivers/chromedriver/linux64/121.0.6167.85/chromedriver-linux64/chromedriver] found in cache
[2024-02-15T19:41:07.956+0900] {Naver_News_Collect.py:117} INFO - 접속완료
[2024-02-15T19:41:09.164+0900] {Naver_News_Collect.py:120} INFO - 40 Start
[2024-02-15T19:41:32.849+0900] {Naver_News_Collect.py:156} INFO - 41 End
[2024-02-15T19:41:34.851+0900] {logger.py:11} INFO - ====== WebDriver manager ======
[2024-02-15T19:41:34.939+0900] {logger.py:11} INFO - Get LATEST chromedriver version for google-chrome
[2024-02-15T19:41:35.031+0900] {logger.py:11} INFO - Get LATEST chromedriver version for google-chrome
[2024-02-15T19:41:35.124+0900] {logger.py:11} INFO - Driver [/home/ubuntu/.wdm/drivers/chromedriver/linux64/121.0.6167.85/chromedriver-linux64/chromedriver] found in cache
[2024-02-15T19:41:35.799+0900] {Naver_News_Collect.py:117} INFO - 접속완료
[2024-02-15T19:41:36.981+0900] {Naver_News_Collect.py:120} INFO - 41 Start
[2024-02-15T19:41:59.598+0900] {Naver_News_Collect.py:156} INFO - 42 End
[2024-02-15T19:42:02.601+0900] {logger.py:11} INFO - ====== WebDriver manager ======
[2024-02-15T19:42:02.691+0900] {logger.py:11} INFO - Get LATEST chromedriver version for google-chrome
[2024-02-15T19:42:02.782+0900] {logger.py:11} INFO - Get LATEST chromedriver version for google-chrome
[2024-02-15T19:42:02.881+0900] {logger.py:11} INFO - Driver [/home/ubuntu/.wdm/drivers/chromedriver/linux64/121.0.6167.85/chromedriver-linux64/chromedriver] found in cache
[2024-02-15T19:42:03.578+0900] {Naver_News_Collect.py:117} INFO - 접속완료
[2024-02-15T19:42:04.672+0900] {Naver_News_Collect.py:120} INFO - 42 Start
[2024-02-15T19:42:26.730+0900] {Naver_News_Collect.py:156} INFO - 43 End
[2024-02-15T19:42:28.733+0900] {logger.py:11} INFO - ====== WebDriver manager ======
[2024-02-15T19:42:28.825+0900] {logger.py:11} INFO - Get LATEST chromedriver version for google-chrome
[2024-02-15T19:42:28.922+0900] {logger.py:11} INFO - Get LATEST chromedriver version for google-chrome
[2024-02-15T19:42:29.023+0900] {logger.py:11} INFO - Driver [/home/ubuntu/.wdm/drivers/chromedriver/linux64/121.0.6167.85/chromedriver-linux64/chromedriver] found in cache
[2024-02-15T19:42:29.711+0900] {Naver_News_Collect.py:117} INFO - 접속완료
[2024-02-15T19:42:30.512+0900] {Naver_News_Collect.py:120} INFO - 43 Start
[2024-02-15T19:42:42.993+0900] {Naver_News_Collect.py:156} INFO - 44 End
[2024-02-15T19:42:44.996+0900] {logger.py:11} INFO - ====== WebDriver manager ======
[2024-02-15T19:42:45.085+0900] {logger.py:11} INFO - Get LATEST chromedriver version for google-chrome
[2024-02-15T19:42:45.175+0900] {logger.py:11} INFO - Get LATEST chromedriver version for google-chrome
[2024-02-15T19:42:45.265+0900] {logger.py:11} INFO - Driver [/home/ubuntu/.wdm/drivers/chromedriver/linux64/121.0.6167.85/chromedriver-linux64/chromedriver] found in cache
[2024-02-15T19:42:45.948+0900] {Naver_News_Collect.py:117} INFO - 접속완료
[2024-02-15T19:42:46.772+0900] {Naver_News_Collect.py:120} INFO - 44 Start
[2024-02-15T19:43:09.058+0900] {Naver_News_Collect.py:156} INFO - 45 End
[2024-02-15T19:43:11.061+0900] {logger.py:11} INFO - ====== WebDriver manager ======
[2024-02-15T19:43:11.150+0900] {logger.py:11} INFO - Get LATEST chromedriver version for google-chrome
[2024-02-15T19:43:11.240+0900] {logger.py:11} INFO - Get LATEST chromedriver version for google-chrome
[2024-02-15T19:43:11.335+0900] {logger.py:11} INFO - Driver [/home/ubuntu/.wdm/drivers/chromedriver/linux64/121.0.6167.85/chromedriver-linux64/chromedriver] found in cache
[2024-02-15T19:43:12.018+0900] {Naver_News_Collect.py:117} INFO - 접속완료
[2024-02-15T19:43:13.132+0900] {Naver_News_Collect.py:120} INFO - 45 Start
[2024-02-15T19:43:25.903+0900] {Naver_News_Collect.py:156} INFO - 46 End
[2024-02-15T19:43:28.907+0900] {logger.py:11} INFO - ====== WebDriver manager ======
[2024-02-15T19:43:28.995+0900] {logger.py:11} INFO - Get LATEST chromedriver version for google-chrome
[2024-02-15T19:43:29.096+0900] {logger.py:11} INFO - Get LATEST chromedriver version for google-chrome
[2024-02-15T19:43:29.191+0900] {logger.py:11} INFO - Driver [/home/ubuntu/.wdm/drivers/chromedriver/linux64/121.0.6167.85/chromedriver-linux64/chromedriver] found in cache
[2024-02-15T19:43:29.866+0900] {Naver_News_Collect.py:117} INFO - 접속완료
[2024-02-15T19:43:31.014+0900] {Naver_News_Collect.py:120} INFO - 46 Start
[2024-02-15T19:43:54.609+0900] {Naver_News_Collect.py:156} INFO - 47 End
[2024-02-15T19:43:57.613+0900] {logger.py:11} INFO - ====== WebDriver manager ======
[2024-02-15T19:43:57.701+0900] {logger.py:11} INFO - Get LATEST chromedriver version for google-chrome
[2024-02-15T19:43:57.788+0900] {logger.py:11} INFO - Get LATEST chromedriver version for google-chrome
[2024-02-15T19:43:57.876+0900] {logger.py:11} INFO - Driver [/home/ubuntu/.wdm/drivers/chromedriver/linux64/121.0.6167.85/chromedriver-linux64/chromedriver] found in cache
[2024-02-15T19:43:58.558+0900] {Naver_News_Collect.py:117} INFO - 접속완료
[2024-02-15T19:43:59.716+0900] {Naver_News_Collect.py:120} INFO - 47 Start
[2024-02-15T19:44:22.324+0900] {Naver_News_Collect.py:156} INFO - 48 End
[2024-02-15T19:44:24.326+0900] {logger.py:11} INFO - ====== WebDriver manager ======
[2024-02-15T19:44:24.416+0900] {logger.py:11} INFO - Get LATEST chromedriver version for google-chrome
[2024-02-15T19:44:24.515+0900] {logger.py:11} INFO - Get LATEST chromedriver version for google-chrome
[2024-02-15T19:44:24.610+0900] {logger.py:11} INFO - Driver [/home/ubuntu/.wdm/drivers/chromedriver/linux64/121.0.6167.85/chromedriver-linux64/chromedriver] found in cache
[2024-02-15T19:44:25.292+0900] {Naver_News_Collect.py:117} INFO - 접속완료
[2024-02-15T19:44:26.233+0900] {Naver_News_Collect.py:120} INFO - 48 Start
[2024-02-15T19:44:48.515+0900] {Naver_News_Collect.py:156} INFO - 49 End
[2024-02-15T19:44:50.518+0900] {logger.py:11} INFO - ====== WebDriver manager ======
[2024-02-15T19:44:50.608+0900] {logger.py:11} INFO - Get LATEST chromedriver version for google-chrome
[2024-02-15T19:44:50.701+0900] {logger.py:11} INFO - Get LATEST chromedriver version for google-chrome
[2024-02-15T19:44:50.792+0900] {logger.py:11} INFO - Driver [/home/ubuntu/.wdm/drivers/chromedriver/linux64/121.0.6167.85/chromedriver-linux64/chromedriver] found in cache
[2024-02-15T19:44:51.469+0900] {Naver_News_Collect.py:117} INFO - 접속완료
[2024-02-15T19:44:52.631+0900] {Naver_News_Collect.py:120} INFO - 49 Start
[2024-02-15T19:45:05.352+0900] {Naver_News_Collect.py:156} INFO - 50 End
[2024-02-15T19:45:08.355+0900] {logger.py:11} INFO - ====== WebDriver manager ======
[2024-02-15T19:45:08.444+0900] {logger.py:11} INFO - Get LATEST chromedriver version for google-chrome
[2024-02-15T19:45:08.537+0900] {logger.py:11} INFO - Get LATEST chromedriver version for google-chrome
[2024-02-15T19:45:08.638+0900] {logger.py:11} INFO - Driver [/home/ubuntu/.wdm/drivers/chromedriver/linux64/121.0.6167.85/chromedriver-linux64/chromedriver] found in cache
[2024-02-15T19:45:09.315+0900] {Naver_News_Collect.py:117} INFO - 접속완료
[2024-02-15T19:45:10.269+0900] {Naver_News_Collect.py:120} INFO - 50 Start
[2024-02-15T19:45:32.105+0900] {Naver_News_Collect.py:156} INFO - 51 End
[2024-02-15T19:45:35.109+0900] {logger.py:11} INFO - ====== WebDriver manager ======
[2024-02-15T19:45:35.199+0900] {logger.py:11} INFO - Get LATEST chromedriver version for google-chrome
[2024-02-15T19:45:35.296+0900] {logger.py:11} INFO - Get LATEST chromedriver version for google-chrome
[2024-02-15T19:45:35.393+0900] {logger.py:11} INFO - Driver [/home/ubuntu/.wdm/drivers/chromedriver/linux64/121.0.6167.85/chromedriver-linux64/chromedriver] found in cache
[2024-02-15T19:45:36.070+0900] {Naver_News_Collect.py:117} INFO - 접속완료
[2024-02-15T19:45:37.304+0900] {Naver_News_Collect.py:120} INFO - 51 Start
[2024-02-15T19:46:00.089+0900] {Naver_News_Collect.py:156} INFO - 52 End
[2024-02-15T19:46:02.092+0900] {logger.py:11} INFO - ====== WebDriver manager ======
[2024-02-15T19:46:02.184+0900] {logger.py:11} INFO - Get LATEST chromedriver version for google-chrome
[2024-02-15T19:46:02.283+0900] {logger.py:11} INFO - Get LATEST chromedriver version for google-chrome
[2024-02-15T19:46:02.378+0900] {logger.py:11} INFO - Driver [/home/ubuntu/.wdm/drivers/chromedriver/linux64/121.0.6167.85/chromedriver-linux64/chromedriver] found in cache
[2024-02-15T19:46:03.059+0900] {Naver_News_Collect.py:117} INFO - 접속완료
[2024-02-15T19:46:04.221+0900] {Naver_News_Collect.py:120} INFO - 52 Start
[2024-02-15T19:46:17.075+0900] {Naver_News_Collect.py:156} INFO - 53 End
[2024-02-15T19:46:20.079+0900] {logger.py:11} INFO - ====== WebDriver manager ======
[2024-02-15T19:46:20.169+0900] {logger.py:11} INFO - Get LATEST chromedriver version for google-chrome
[2024-02-15T19:46:20.261+0900] {logger.py:11} INFO - Get LATEST chromedriver version for google-chrome
[2024-02-15T19:46:20.346+0900] {logger.py:11} INFO - Driver [/home/ubuntu/.wdm/drivers/chromedriver/linux64/121.0.6167.85/chromedriver-linux64/chromedriver] found in cache
[2024-02-15T19:46:21.024+0900] {Naver_News_Collect.py:117} INFO - 접속완료
[2024-02-15T19:46:22.140+0900] {Naver_News_Collect.py:120} INFO - 53 Start
[2024-02-15T19:46:44.784+0900] {Naver_News_Collect.py:156} INFO - 54 End
[2024-02-15T19:46:46.787+0900] {logger.py:11} INFO - ====== WebDriver manager ======
[2024-02-15T19:46:46.875+0900] {logger.py:11} INFO - Get LATEST chromedriver version for google-chrome
[2024-02-15T19:46:46.972+0900] {logger.py:11} INFO - Get LATEST chromedriver version for google-chrome
[2024-02-15T19:46:47.062+0900] {logger.py:11} INFO - Driver [/home/ubuntu/.wdm/drivers/chromedriver/linux64/121.0.6167.85/chromedriver-linux64/chromedriver] found in cache
[2024-02-15T19:46:47.738+0900] {Naver_News_Collect.py:117} INFO - 접속완료
[2024-02-15T19:46:48.833+0900] {Naver_News_Collect.py:120} INFO - 54 Start
[2024-02-15T19:47:11.508+0900] {Naver_News_Collect.py:156} INFO - 55 End
[2024-02-15T19:47:14.511+0900] {logger.py:11} INFO - ====== WebDriver manager ======
[2024-02-15T19:47:14.599+0900] {logger.py:11} INFO - Get LATEST chromedriver version for google-chrome
[2024-02-15T19:47:14.683+0900] {logger.py:11} INFO - Get LATEST chromedriver version for google-chrome
[2024-02-15T19:47:14.769+0900] {logger.py:11} INFO - Driver [/home/ubuntu/.wdm/drivers/chromedriver/linux64/121.0.6167.85/chromedriver-linux64/chromedriver] found in cache
[2024-02-15T19:47:15.446+0900] {Naver_News_Collect.py:117} INFO - 접속완료
[2024-02-15T19:47:16.602+0900] {Naver_News_Collect.py:120} INFO - 55 Start
[2024-02-15T19:47:39.341+0900] {Naver_News_Collect.py:156} INFO - 56 End
[2024-02-15T19:47:42.344+0900] {logger.py:11} INFO - ====== WebDriver manager ======
[2024-02-15T19:47:42.433+0900] {logger.py:11} INFO - Get LATEST chromedriver version for google-chrome
[2024-02-15T19:47:42.517+0900] {logger.py:11} INFO - Get LATEST chromedriver version for google-chrome
[2024-02-15T19:47:42.598+0900] {logger.py:11} INFO - Driver [/home/ubuntu/.wdm/drivers/chromedriver/linux64/121.0.6167.85/chromedriver-linux64/chromedriver] found in cache
[2024-02-15T19:47:43.275+0900] {Naver_News_Collect.py:117} INFO - 접속완료
[2024-02-15T19:47:44.445+0900] {Naver_News_Collect.py:120} INFO - 56 Start
[2024-02-15T19:48:06.957+0900] {Naver_News_Collect.py:156} INFO - 57 End
[2024-02-15T19:48:09.961+0900] {logger.py:11} INFO - ====== WebDriver manager ======
[2024-02-15T19:48:10.050+0900] {logger.py:11} INFO - Get LATEST chromedriver version for google-chrome
[2024-02-15T19:48:10.132+0900] {logger.py:11} INFO - Get LATEST chromedriver version for google-chrome
[2024-02-15T19:48:10.216+0900] {logger.py:11} INFO - Driver [/home/ubuntu/.wdm/drivers/chromedriver/linux64/121.0.6167.85/chromedriver-linux64/chromedriver] found in cache
[2024-02-15T19:48:10.897+0900] {Naver_News_Collect.py:117} INFO - 접속완료
[2024-02-15T19:48:12.057+0900] {Naver_News_Collect.py:120} INFO - 57 Start
[2024-02-15T19:48:34.654+0900] {Naver_News_Collect.py:156} INFO - 58 End
[2024-02-15T19:48:36.657+0900] {logger.py:11} INFO - ====== WebDriver manager ======
[2024-02-15T19:48:36.745+0900] {logger.py:11} INFO - Get LATEST chromedriver version for google-chrome
[2024-02-15T19:48:36.829+0900] {logger.py:11} INFO - Get LATEST chromedriver version for google-chrome
[2024-02-15T19:48:36.911+0900] {logger.py:11} INFO - Driver [/home/ubuntu/.wdm/drivers/chromedriver/linux64/121.0.6167.85/chromedriver-linux64/chromedriver] found in cache
[2024-02-15T19:48:37.585+0900] {Naver_News_Collect.py:117} INFO - 접속완료
[2024-02-15T19:48:38.660+0900] {Naver_News_Collect.py:120} INFO - 58 Start
[2024-02-15T19:48:51.385+0900] {Naver_News_Collect.py:156} INFO - 59 End
[2024-02-15T19:48:54.388+0900] {logger.py:11} INFO - ====== WebDriver manager ======
[2024-02-15T19:48:54.476+0900] {logger.py:11} INFO - Get LATEST chromedriver version for google-chrome
[2024-02-15T19:48:54.561+0900] {logger.py:11} INFO - Get LATEST chromedriver version for google-chrome
[2024-02-15T19:48:54.643+0900] {logger.py:11} INFO - Driver [/home/ubuntu/.wdm/drivers/chromedriver/linux64/121.0.6167.85/chromedriver-linux64/chromedriver] found in cache
[2024-02-15T19:48:55.317+0900] {Naver_News_Collect.py:117} INFO - 접속완료
[2024-02-15T19:48:56.447+0900] {Naver_News_Collect.py:120} INFO - 59 Start
[2024-02-15T19:49:19.076+0900] {Naver_News_Collect.py:156} INFO - 60 End
[2024-02-15T19:49:21.078+0900] {logger.py:11} INFO - ====== WebDriver manager ======
[2024-02-15T19:49:21.167+0900] {logger.py:11} INFO - Get LATEST chromedriver version for google-chrome
[2024-02-15T19:49:21.252+0900] {logger.py:11} INFO - Get LATEST chromedriver version for google-chrome
[2024-02-15T19:49:21.335+0900] {logger.py:11} INFO - Driver [/home/ubuntu/.wdm/drivers/chromedriver/linux64/121.0.6167.85/chromedriver-linux64/chromedriver] found in cache
[2024-02-15T19:49:22.028+0900] {Naver_News_Collect.py:117} INFO - 접속완료
[2024-02-15T19:49:23.280+0900] {Naver_News_Collect.py:120} INFO - 60 Start
[2024-02-15T19:49:46.826+0900] {Naver_News_Collect.py:156} INFO - 61 End
[2024-02-15T19:49:49.830+0900] {logger.py:11} INFO - ====== WebDriver manager ======
[2024-02-15T19:49:49.918+0900] {logger.py:11} INFO - Get LATEST chromedriver version for google-chrome
[2024-02-15T19:49:50.002+0900] {logger.py:11} INFO - Get LATEST chromedriver version for google-chrome
[2024-02-15T19:49:50.085+0900] {logger.py:11} INFO - Driver [/home/ubuntu/.wdm/drivers/chromedriver/linux64/121.0.6167.85/chromedriver-linux64/chromedriver] found in cache
[2024-02-15T19:49:50.761+0900] {Naver_News_Collect.py:117} INFO - 접속완료
[2024-02-15T19:49:51.605+0900] {Naver_News_Collect.py:120} INFO - 61 Start
[2024-02-15T19:50:13.870+0900] {Naver_News_Collect.py:156} INFO - 62 End
[2024-02-15T19:50:15.873+0900] {logger.py:11} INFO - ====== WebDriver manager ======
[2024-02-15T19:50:15.965+0900] {logger.py:11} INFO - Get LATEST chromedriver version for google-chrome
[2024-02-15T19:50:16.057+0900] {logger.py:11} INFO - Get LATEST chromedriver version for google-chrome
[2024-02-15T19:50:16.154+0900] {logger.py:11} INFO - Driver [/home/ubuntu/.wdm/drivers/chromedriver/linux64/121.0.6167.85/chromedriver-linux64/chromedriver] found in cache
[2024-02-15T19:50:16.842+0900] {Naver_News_Collect.py:117} INFO - 접속완료
[2024-02-15T19:50:18.074+0900] {Naver_News_Collect.py:120} INFO - 62 Start
[2024-02-15T19:50:40.710+0900] {Naver_News_Collect.py:156} INFO - 63 End
[2024-02-15T19:50:42.713+0900] {logger.py:11} INFO - ====== WebDriver manager ======
[2024-02-15T19:50:42.803+0900] {logger.py:11} INFO - Get LATEST chromedriver version for google-chrome
[2024-02-15T19:50:42.889+0900] {logger.py:11} INFO - Get LATEST chromedriver version for google-chrome
[2024-02-15T19:50:42.973+0900] {logger.py:11} INFO - Driver [/home/ubuntu/.wdm/drivers/chromedriver/linux64/121.0.6167.85/chromedriver-linux64/chromedriver] found in cache
[2024-02-15T19:50:43.656+0900] {Naver_News_Collect.py:117} INFO - 접속완료
[2024-02-15T19:50:44.870+0900] {Naver_News_Collect.py:120} INFO - 63 Start
[2024-02-15T19:51:07.375+0900] {Naver_News_Collect.py:156} INFO - 64 End
[2024-02-15T19:51:09.378+0900] {logger.py:11} INFO - ====== WebDriver manager ======
[2024-02-15T19:51:09.468+0900] {logger.py:11} INFO - Get LATEST chromedriver version for google-chrome
[2024-02-15T19:51:09.556+0900] {logger.py:11} INFO - Get LATEST chromedriver version for google-chrome
[2024-02-15T19:51:09.639+0900] {logger.py:11} INFO - Driver [/home/ubuntu/.wdm/drivers/chromedriver/linux64/121.0.6167.85/chromedriver-linux64/chromedriver] found in cache
[2024-02-15T19:51:10.318+0900] {Naver_News_Collect.py:117} INFO - 접속완료
[2024-02-15T19:51:40.408+0900] {Naver_News_Collect.py:120} INFO - 64 Start
[2024-02-15T19:51:50.482+0900] {Naver_News_Collect.py:156} INFO - 64 End
[2024-02-15T19:51:53.486+0900] {logger.py:11} INFO - ====== WebDriver manager ======
[2024-02-15T19:51:53.574+0900] {logger.py:11} INFO - Get LATEST chromedriver version for google-chrome
[2024-02-15T19:51:53.658+0900] {logger.py:11} INFO - Get LATEST chromedriver version for google-chrome
[2024-02-15T19:51:53.746+0900] {logger.py:11} INFO - Driver [/home/ubuntu/.wdm/drivers/chromedriver/linux64/121.0.6167.85/chromedriver-linux64/chromedriver] found in cache
[2024-02-15T19:51:54.422+0900] {Naver_News_Collect.py:117} INFO - 접속완료
[2024-02-15T19:52:24.512+0900] {Naver_News_Collect.py:120} INFO - 64 Start
[2024-02-15T19:52:34.577+0900] {Naver_News_Collect.py:156} INFO - 64 End
[2024-02-15T19:52:37.581+0900] {logger.py:11} INFO - ====== WebDriver manager ======
[2024-02-15T19:52:37.670+0900] {logger.py:11} INFO - Get LATEST chromedriver version for google-chrome
[2024-02-15T19:52:37.756+0900] {logger.py:11} INFO - Get LATEST chromedriver version for google-chrome
[2024-02-15T19:52:37.840+0900] {logger.py:11} INFO - Driver [/home/ubuntu/.wdm/drivers/chromedriver/linux64/121.0.6167.85/chromedriver-linux64/chromedriver] found in cache
[2024-02-15T19:52:38.529+0900] {Naver_News_Collect.py:117} INFO - 접속완료
[2024-02-15T19:53:08.615+0900] {Naver_News_Collect.py:120} INFO - 64 Start
[2024-02-15T19:53:18.713+0900] {Naver_News_Collect.py:156} INFO - 64 End
[2024-02-15T19:53:20.716+0900] {logger.py:11} INFO - ====== WebDriver manager ======
[2024-02-15T19:53:20.803+0900] {logger.py:11} INFO - Get LATEST chromedriver version for google-chrome
[2024-02-15T19:53:20.888+0900] {logger.py:11} INFO - Get LATEST chromedriver version for google-chrome
[2024-02-15T19:53:20.971+0900] {logger.py:11} INFO - Driver [/home/ubuntu/.wdm/drivers/chromedriver/linux64/121.0.6167.85/chromedriver-linux64/chromedriver] found in cache
[2024-02-15T19:53:21.650+0900] {Naver_News_Collect.py:117} INFO - 접속완료
[2024-02-15T19:53:22.711+0900] {Naver_News_Collect.py:120} INFO - 64 Start
[2024-02-15T19:53:35.516+0900] {Naver_News_Collect.py:156} INFO - 65 End
[2024-02-15T19:53:38.520+0900] {logger.py:11} INFO - ====== WebDriver manager ======
[2024-02-15T19:53:38.609+0900] {logger.py:11} INFO - Get LATEST chromedriver version for google-chrome
[2024-02-15T19:53:38.695+0900] {logger.py:11} INFO - Get LATEST chromedriver version for google-chrome
[2024-02-15T19:53:38.778+0900] {logger.py:11} INFO - Driver [/home/ubuntu/.wdm/drivers/chromedriver/linux64/121.0.6167.85/chromedriver-linux64/chromedriver] found in cache
[2024-02-15T19:53:39.453+0900] {Naver_News_Collect.py:117} INFO - 접속완료
[2024-02-15T19:53:40.687+0900] {Naver_News_Collect.py:120} INFO - 65 Start
[2024-02-15T19:54:03.312+0900] {Naver_News_Collect.py:156} INFO - 66 End
[2024-02-15T19:54:06.316+0900] {logger.py:11} INFO - ====== WebDriver manager ======
[2024-02-15T19:54:06.404+0900] {logger.py:11} INFO - Get LATEST chromedriver version for google-chrome
[2024-02-15T19:54:06.487+0900] {logger.py:11} INFO - Get LATEST chromedriver version for google-chrome
[2024-02-15T19:54:06.569+0900] {logger.py:11} INFO - Driver [/home/ubuntu/.wdm/drivers/chromedriver/linux64/121.0.6167.85/chromedriver-linux64/chromedriver] found in cache
[2024-02-15T19:54:07.254+0900] {Naver_News_Collect.py:117} INFO - 접속완료
[2024-02-15T19:54:08.332+0900] {Naver_News_Collect.py:120} INFO - 66 Start
[2024-02-15T19:54:30.949+0900] {Naver_News_Collect.py:156} INFO - 67 End
[2024-02-15T19:54:33.953+0900] {logger.py:11} INFO - ====== WebDriver manager ======
[2024-02-15T19:54:34.042+0900] {logger.py:11} INFO - Get LATEST chromedriver version for google-chrome
[2024-02-15T19:54:34.125+0900] {logger.py:11} INFO - Get LATEST chromedriver version for google-chrome
[2024-02-15T19:54:34.208+0900] {logger.py:11} INFO - Driver [/home/ubuntu/.wdm/drivers/chromedriver/linux64/121.0.6167.85/chromedriver-linux64/chromedriver] found in cache
[2024-02-15T19:54:34.890+0900] {Naver_News_Collect.py:117} INFO - 접속완료
[2024-02-15T19:54:35.954+0900] {Naver_News_Collect.py:120} INFO - 67 Start
[2024-02-15T19:54:58.532+0900] {Naver_News_Collect.py:156} INFO - 68 End
[2024-02-15T19:55:00.535+0900] {logger.py:11} INFO - ====== WebDriver manager ======
[2024-02-15T19:55:00.624+0900] {logger.py:11} INFO - Get LATEST chromedriver version for google-chrome
[2024-02-15T19:55:00.708+0900] {logger.py:11} INFO - Get LATEST chromedriver version for google-chrome
[2024-02-15T19:55:00.793+0900] {logger.py:11} INFO - Driver [/home/ubuntu/.wdm/drivers/chromedriver/linux64/121.0.6167.85/chromedriver-linux64/chromedriver] found in cache
[2024-02-15T19:55:01.489+0900] {Naver_News_Collect.py:117} INFO - 접속완료
[2024-02-15T19:55:02.673+0900] {Naver_News_Collect.py:120} INFO - 68 Start
[2024-02-15T19:55:15.575+0900] {Naver_News_Collect.py:156} INFO - 69 End
[2024-02-15T19:55:17.578+0900] {logger.py:11} INFO - ====== WebDriver manager ======
[2024-02-15T19:55:17.668+0900] {logger.py:11} INFO - Get LATEST chromedriver version for google-chrome
[2024-02-15T19:55:17.755+0900] {logger.py:11} INFO - Get LATEST chromedriver version for google-chrome
[2024-02-15T19:55:17.839+0900] {logger.py:11} INFO - Driver [/home/ubuntu/.wdm/drivers/chromedriver/linux64/121.0.6167.85/chromedriver-linux64/chromedriver] found in cache
[2024-02-15T19:55:18.519+0900] {Naver_News_Collect.py:117} INFO - 접속완료
[2024-02-15T19:55:19.619+0900] {Naver_News_Collect.py:120} INFO - 69 Start
[2024-02-15T19:55:43.903+0900] {Naver_News_Collect.py:156} INFO - 70 End
[2024-02-15T19:55:46.907+0900] {logger.py:11} INFO - ====== WebDriver manager ======
[2024-02-15T19:55:46.997+0900] {logger.py:11} INFO - Get LATEST chromedriver version for google-chrome
[2024-02-15T19:55:47.083+0900] {logger.py:11} INFO - Get LATEST chromedriver version for google-chrome
[2024-02-15T19:55:47.167+0900] {logger.py:11} INFO - Driver [/home/ubuntu/.wdm/drivers/chromedriver/linux64/121.0.6167.85/chromedriver-linux64/chromedriver] found in cache
[2024-02-15T19:55:47.848+0900] {Naver_News_Collect.py:117} INFO - 접속완료
[2024-02-15T19:55:49.055+0900] {Naver_News_Collect.py:120} INFO - 70 Start
[2024-02-15T19:56:11.980+0900] {Naver_News_Collect.py:156} INFO - 71 End
[2024-02-15T19:56:14.984+0900] {logger.py:11} INFO - ====== WebDriver manager ======
[2024-02-15T19:56:15.074+0900] {logger.py:11} INFO - Get LATEST chromedriver version for google-chrome
[2024-02-15T19:56:15.171+0900] {logger.py:11} INFO - Get LATEST chromedriver version for google-chrome
[2024-02-15T19:56:15.259+0900] {logger.py:11} INFO - Driver [/home/ubuntu/.wdm/drivers/chromedriver/linux64/121.0.6167.85/chromedriver-linux64/chromedriver] found in cache
[2024-02-15T19:56:15.936+0900] {Naver_News_Collect.py:117} INFO - 접속완료
[2024-02-15T19:56:17.098+0900] {Naver_News_Collect.py:120} INFO - 71 Start
[2024-02-15T19:56:39.720+0900] {Naver_News_Collect.py:156} INFO - 72 End
[2024-02-15T19:56:42.724+0900] {logger.py:11} INFO - ====== WebDriver manager ======
[2024-02-15T19:56:42.814+0900] {logger.py:11} INFO - Get LATEST chromedriver version for google-chrome
[2024-02-15T19:56:42.902+0900] {logger.py:11} INFO - Get LATEST chromedriver version for google-chrome
[2024-02-15T19:56:42.988+0900] {logger.py:11} INFO - Driver [/home/ubuntu/.wdm/drivers/chromedriver/linux64/121.0.6167.85/chromedriver-linux64/chromedriver] found in cache
[2024-02-15T19:56:43.663+0900] {Naver_News_Collect.py:117} INFO - 접속완료
[2024-02-15T19:56:44.820+0900] {Naver_News_Collect.py:120} INFO - 72 Start
[2024-02-15T19:57:07.479+0900] {Naver_News_Collect.py:156} INFO - 73 End
[2024-02-15T19:57:10.482+0900] {logger.py:11} INFO - ====== WebDriver manager ======
[2024-02-15T19:57:10.571+0900] {logger.py:11} INFO - Get LATEST chromedriver version for google-chrome
[2024-02-15T19:57:10.656+0900] {logger.py:11} INFO - Get LATEST chromedriver version for google-chrome
[2024-02-15T19:57:10.738+0900] {logger.py:11} INFO - Driver [/home/ubuntu/.wdm/drivers/chromedriver/linux64/121.0.6167.85/chromedriver-linux64/chromedriver] found in cache
[2024-02-15T19:57:11.427+0900] {Naver_News_Collect.py:117} INFO - 접속완료
[2024-02-15T19:57:12.523+0900] {Naver_News_Collect.py:120} INFO - 73 Start
[2024-02-15T19:57:25.306+0900] {Naver_News_Collect.py:156} INFO - 74 End
[2024-02-15T19:57:28.310+0900] {logger.py:11} INFO - ====== WebDriver manager ======
[2024-02-15T19:57:28.400+0900] {logger.py:11} INFO - Get LATEST chromedriver version for google-chrome
[2024-02-15T19:57:28.484+0900] {logger.py:11} INFO - Get LATEST chromedriver version for google-chrome
[2024-02-15T19:57:28.566+0900] {logger.py:11} INFO - Driver [/home/ubuntu/.wdm/drivers/chromedriver/linux64/121.0.6167.85/chromedriver-linux64/chromedriver] found in cache
[2024-02-15T19:57:29.241+0900] {Naver_News_Collect.py:117} INFO - 접속완료
[2024-02-15T19:57:30.318+0900] {Naver_News_Collect.py:120} INFO - 74 Start
[2024-02-15T19:57:52.932+0900] {Naver_News_Collect.py:156} INFO - 75 End
[2024-02-15T19:57:55.933+0900] {logger.py:11} INFO - ====== WebDriver manager ======
[2024-02-15T19:57:56.021+0900] {logger.py:11} INFO - Get LATEST chromedriver version for google-chrome
[2024-02-15T19:57:56.106+0900] {logger.py:11} INFO - Get LATEST chromedriver version for google-chrome
[2024-02-15T19:57:56.188+0900] {logger.py:11} INFO - Driver [/home/ubuntu/.wdm/drivers/chromedriver/linux64/121.0.6167.85/chromedriver-linux64/chromedriver] found in cache
[2024-02-15T19:57:56.875+0900] {Naver_News_Collect.py:117} INFO - 접속완료
[2024-02-15T19:57:57.928+0900] {Naver_News_Collect.py:120} INFO - 75 Start
[2024-02-15T19:58:20.510+0900] {Naver_News_Collect.py:156} INFO - 76 End
[2024-02-15T19:58:22.512+0900] {logger.py:11} INFO - ====== WebDriver manager ======
[2024-02-15T19:58:22.602+0900] {logger.py:11} INFO - Get LATEST chromedriver version for google-chrome
[2024-02-15T19:58:22.685+0900] {logger.py:11} INFO - Get LATEST chromedriver version for google-chrome
[2024-02-15T19:58:22.767+0900] {logger.py:11} INFO - Driver [/home/ubuntu/.wdm/drivers/chromedriver/linux64/121.0.6167.85/chromedriver-linux64/chromedriver] found in cache
[2024-02-15T19:58:23.444+0900] {Naver_News_Collect.py:117} INFO - 접속완료
[2024-02-15T19:58:24.537+0900] {Naver_News_Collect.py:120} INFO - 76 Start
[2024-02-15T19:58:47.038+0900] {Naver_News_Collect.py:156} INFO - 77 End
[2024-02-15T19:58:49.040+0900] {logger.py:11} INFO - ====== WebDriver manager ======
[2024-02-15T19:58:49.128+0900] {logger.py:11} INFO - Get LATEST chromedriver version for google-chrome
[2024-02-15T19:58:49.212+0900] {logger.py:11} INFO - Get LATEST chromedriver version for google-chrome
[2024-02-15T19:58:49.294+0900] {logger.py:11} INFO - Driver [/home/ubuntu/.wdm/drivers/chromedriver/linux64/121.0.6167.85/chromedriver-linux64/chromedriver] found in cache
[2024-02-15T19:58:49.964+0900] {Naver_News_Collect.py:117} INFO - 접속완료
[2024-02-15T19:58:50.996+0900] {Naver_News_Collect.py:120} INFO - 77 Start
[2024-02-15T19:59:03.846+0900] {Naver_News_Collect.py:156} INFO - 78 End
[2024-02-15T19:59:05.849+0900] {logger.py:11} INFO - ====== WebDriver manager ======
[2024-02-15T19:59:05.936+0900] {logger.py:11} INFO - Get LATEST chromedriver version for google-chrome
[2024-02-15T19:59:06.019+0900] {logger.py:11} INFO - Get LATEST chromedriver version for google-chrome
[2024-02-15T19:59:06.102+0900] {logger.py:11} INFO - Driver [/home/ubuntu/.wdm/drivers/chromedriver/linux64/121.0.6167.85/chromedriver-linux64/chromedriver] found in cache
[2024-02-15T19:59:06.779+0900] {Naver_News_Collect.py:117} INFO - 접속완료
[2024-02-15T19:59:07.909+0900] {Naver_News_Collect.py:120} INFO - 78 Start
[2024-02-15T19:59:51.733+0900] {Naver_News_Collect.py:156} INFO - 79 End
[2024-02-15T19:59:54.737+0900] {logger.py:11} INFO - ====== WebDriver manager ======
[2024-02-15T19:59:54.826+0900] {logger.py:11} INFO - Get LATEST chromedriver version for google-chrome
[2024-02-15T19:59:54.912+0900] {logger.py:11} INFO - Get LATEST chromedriver version for google-chrome
[2024-02-15T19:59:55.000+0900] {logger.py:11} INFO - Driver [/home/ubuntu/.wdm/drivers/chromedriver/linux64/121.0.6167.85/chromedriver-linux64/chromedriver] found in cache
[2024-02-15T19:59:55.677+0900] {Naver_News_Collect.py:117} INFO - 접속완료
[2024-02-15T19:59:56.826+0900] {Naver_News_Collect.py:120} INFO - 79 Start
[2024-02-15T20:00:19.481+0900] {Naver_News_Collect.py:156} INFO - 80 End
[2024-02-15T20:00:22.484+0900] {logger.py:11} INFO - ====== WebDriver manager ======
[2024-02-15T20:00:22.575+0900] {logger.py:11} INFO - Get LATEST chromedriver version for google-chrome
[2024-02-15T20:00:22.662+0900] {logger.py:11} INFO - Get LATEST chromedriver version for google-chrome
[2024-02-15T20:00:22.751+0900] {logger.py:11} INFO - Driver [/home/ubuntu/.wdm/drivers/chromedriver/linux64/121.0.6167.85/chromedriver-linux64/chromedriver] found in cache
[2024-02-15T20:00:23.427+0900] {Naver_News_Collect.py:117} INFO - 접속완료
[2024-02-15T20:00:24.609+0900] {Naver_News_Collect.py:120} INFO - 80 Start
[2024-02-15T20:00:47.368+0900] {Naver_News_Collect.py:156} INFO - 81 End
[2024-02-15T20:00:49.371+0900] {logger.py:11} INFO - ====== WebDriver manager ======
[2024-02-15T20:00:49.461+0900] {logger.py:11} INFO - Get LATEST chromedriver version for google-chrome
[2024-02-15T20:00:49.544+0900] {logger.py:11} INFO - Get LATEST chromedriver version for google-chrome
[2024-02-15T20:00:49.628+0900] {logger.py:11} INFO - Driver [/home/ubuntu/.wdm/drivers/chromedriver/linux64/121.0.6167.85/chromedriver-linux64/chromedriver] found in cache
[2024-02-15T20:00:50.305+0900] {Naver_News_Collect.py:117} INFO - 접속완료
[2024-02-15T20:00:51.301+0900] {Naver_News_Collect.py:120} INFO - 81 Start
[2024-02-15T20:01:04.057+0900] {Naver_News_Collect.py:156} INFO - 82 End
[2024-02-15T20:01:07.061+0900] {logger.py:11} INFO - ====== WebDriver manager ======
[2024-02-15T20:01:07.152+0900] {logger.py:11} INFO - Get LATEST chromedriver version for google-chrome
[2024-02-15T20:01:07.237+0900] {logger.py:11} INFO - Get LATEST chromedriver version for google-chrome
[2024-02-15T20:01:07.319+0900] {logger.py:11} INFO - Driver [/home/ubuntu/.wdm/drivers/chromedriver/linux64/121.0.6167.85/chromedriver-linux64/chromedriver] found in cache
[2024-02-15T20:01:07.996+0900] {Naver_News_Collect.py:117} INFO - 접속완료
[2024-02-15T20:01:38.081+0900] {Naver_News_Collect.py:120} INFO - 82 Start
[2024-02-15T20:01:48.187+0900] {Naver_News_Collect.py:156} INFO - 82 End
[2024-02-15T20:01:50.189+0900] {logger.py:11} INFO - ====== WebDriver manager ======
[2024-02-15T20:01:50.279+0900] {logger.py:11} INFO - Get LATEST chromedriver version for google-chrome
[2024-02-15T20:01:50.366+0900] {logger.py:11} INFO - Get LATEST chromedriver version for google-chrome
[2024-02-15T20:01:50.448+0900] {logger.py:11} INFO - Driver [/home/ubuntu/.wdm/drivers/chromedriver/linux64/121.0.6167.85/chromedriver-linux64/chromedriver] found in cache
[2024-02-15T20:01:51.124+0900] {Naver_News_Collect.py:117} INFO - 접속완료
[2024-02-15T20:01:52.220+0900] {Naver_News_Collect.py:120} INFO - 82 Start
[2024-02-15T20:02:14.792+0900] {Naver_News_Collect.py:156} INFO - 83 End
[2024-02-15T20:02:16.793+0900] {logger.py:11} INFO - ====== WebDriver manager ======
[2024-02-15T20:02:16.884+0900] {logger.py:11} INFO - Get LATEST chromedriver version for google-chrome
[2024-02-15T20:02:16.967+0900] {logger.py:11} INFO - Get LATEST chromedriver version for google-chrome
[2024-02-15T20:02:17.050+0900] {logger.py:11} INFO - Driver [/home/ubuntu/.wdm/drivers/chromedriver/linux64/121.0.6167.85/chromedriver-linux64/chromedriver] found in cache
[2024-02-15T20:02:17.727+0900] {Naver_News_Collect.py:117} INFO - 접속완료
[2024-02-15T20:02:18.797+0900] {Naver_News_Collect.py:120} INFO - 83 Start
[2024-02-15T20:02:31.513+0900] {Naver_News_Collect.py:156} INFO - 84 End
[2024-02-15T20:02:33.516+0900] {logger.py:11} INFO - ====== WebDriver manager ======
[2024-02-15T20:02:33.603+0900] {logger.py:11} INFO - Get LATEST chromedriver version for google-chrome
[2024-02-15T20:02:33.686+0900] {logger.py:11} INFO - Get LATEST chromedriver version for google-chrome
[2024-02-15T20:02:33.769+0900] {logger.py:11} INFO - Driver [/home/ubuntu/.wdm/drivers/chromedriver/linux64/121.0.6167.85/chromedriver-linux64/chromedriver] found in cache
[2024-02-15T20:02:34.450+0900] {Naver_News_Collect.py:117} INFO - 접속완료
[2024-02-15T20:02:35.471+0900] {Naver_News_Collect.py:120} INFO - 84 Start
[2024-02-15T20:02:49.331+0900] {Naver_News_Collect.py:156} INFO - 85 End
[2024-02-15T20:02:52.335+0900] {logger.py:11} INFO - ====== WebDriver manager ======
[2024-02-15T20:02:52.424+0900] {logger.py:11} INFO - Get LATEST chromedriver version for google-chrome
[2024-02-15T20:02:52.515+0900] {logger.py:11} INFO - Get LATEST chromedriver version for google-chrome
[2024-02-15T20:02:52.597+0900] {logger.py:11} INFO - Driver [/home/ubuntu/.wdm/drivers/chromedriver/linux64/121.0.6167.85/chromedriver-linux64/chromedriver] found in cache
[2024-02-15T20:02:53.271+0900] {Naver_News_Collect.py:117} INFO - 접속완료
[2024-02-15T20:02:54.804+0900] {Naver_News_Collect.py:120} INFO - 85 Start
[2024-02-15T20:03:17.338+0900] {Naver_News_Collect.py:156} INFO - 86 End
[2024-02-15T20:03:19.341+0900] {logger.py:11} INFO - ====== WebDriver manager ======
[2024-02-15T20:03:19.430+0900] {logger.py:11} INFO - Get LATEST chromedriver version for google-chrome
[2024-02-15T20:03:19.513+0900] {logger.py:11} INFO - Get LATEST chromedriver version for google-chrome
[2024-02-15T20:03:19.595+0900] {logger.py:11} INFO - Driver [/home/ubuntu/.wdm/drivers/chromedriver/linux64/121.0.6167.85/chromedriver-linux64/chromedriver] found in cache
[2024-02-15T20:03:20.271+0900] {Naver_News_Collect.py:117} INFO - 접속완료
[2024-02-15T20:03:21.456+0900] {Naver_News_Collect.py:120} INFO - 86 Start
[2024-02-15T20:03:44.089+0900] {Naver_News_Collect.py:156} INFO - 87 End
[2024-02-15T20:03:46.091+0900] {logger.py:11} INFO - ====== WebDriver manager ======
[2024-02-15T20:03:46.180+0900] {logger.py:11} INFO - Get LATEST chromedriver version for google-chrome
[2024-02-15T20:03:46.265+0900] {logger.py:11} INFO - Get LATEST chromedriver version for google-chrome
[2024-02-15T20:03:46.347+0900] {logger.py:11} INFO - Driver [/home/ubuntu/.wdm/drivers/chromedriver/linux64/121.0.6167.85/chromedriver-linux64/chromedriver] found in cache
[2024-02-15T20:03:47.022+0900] {Naver_News_Collect.py:117} INFO - 접속완료
[2024-02-15T20:03:47.886+0900] {Naver_News_Collect.py:120} INFO - 87 Start
[2024-02-15T20:04:10.197+0900] {Naver_News_Collect.py:156} INFO - 88 End
[2024-02-15T20:04:12.200+0900] {logger.py:11} INFO - ====== WebDriver manager ======
[2024-02-15T20:04:12.289+0900] {logger.py:11} INFO - Get LATEST chromedriver version for google-chrome
[2024-02-15T20:04:12.374+0900] {logger.py:11} INFO - Get LATEST chromedriver version for google-chrome
[2024-02-15T20:04:12.459+0900] {logger.py:11} INFO - Driver [/home/ubuntu/.wdm/drivers/chromedriver/linux64/121.0.6167.85/chromedriver-linux64/chromedriver] found in cache
[2024-02-15T20:04:13.165+0900] {Naver_News_Collect.py:117} INFO - 접속완료
[2024-02-15T20:04:14.352+0900] {Naver_News_Collect.py:120} INFO - 88 Start
[2024-02-15T20:04:37.900+0900] {Naver_News_Collect.py:156} INFO - 89 End
[2024-02-15T20:04:40.904+0900] {logger.py:11} INFO - ====== WebDriver manager ======
[2024-02-15T20:04:40.994+0900] {logger.py:11} INFO - Get LATEST chromedriver version for google-chrome
[2024-02-15T20:04:41.078+0900] {logger.py:11} INFO - Get LATEST chromedriver version for google-chrome
[2024-02-15T20:04:41.161+0900] {logger.py:11} INFO - Driver [/home/ubuntu/.wdm/drivers/chromedriver/linux64/121.0.6167.85/chromedriver-linux64/chromedriver] found in cache
[2024-02-15T20:04:41.837+0900] {Naver_News_Collect.py:117} INFO - 접속완료
[2024-02-15T20:04:42.967+0900] {Naver_News_Collect.py:120} INFO - 89 Start
[2024-02-15T20:04:55.632+0900] {Naver_News_Collect.py:156} INFO - 90 End
[2024-02-15T20:04:57.635+0900] {logger.py:11} INFO - ====== WebDriver manager ======
[2024-02-15T20:04:57.723+0900] {logger.py:11} INFO - Get LATEST chromedriver version for google-chrome
[2024-02-15T20:04:57.808+0900] {logger.py:11} INFO - Get LATEST chromedriver version for google-chrome
[2024-02-15T20:04:57.890+0900] {logger.py:11} INFO - Driver [/home/ubuntu/.wdm/drivers/chromedriver/linux64/121.0.6167.85/chromedriver-linux64/chromedriver] found in cache
[2024-02-15T20:04:58.569+0900] {Naver_News_Collect.py:117} INFO - 접속완료
[2024-02-15T20:04:59.629+0900] {Naver_News_Collect.py:120} INFO - 90 Start
[2024-02-15T20:05:22.396+0900] {Naver_News_Collect.py:156} INFO - 91 End
[2024-02-15T20:05:24.398+0900] {logger.py:11} INFO - ====== WebDriver manager ======
[2024-02-15T20:05:24.487+0900] {logger.py:11} INFO - Get LATEST chromedriver version for google-chrome
[2024-02-15T20:05:24.571+0900] {logger.py:11} INFO - Get LATEST chromedriver version for google-chrome
[2024-02-15T20:05:24.654+0900] {logger.py:11} INFO - Driver [/home/ubuntu/.wdm/drivers/chromedriver/linux64/121.0.6167.85/chromedriver-linux64/chromedriver] found in cache
[2024-02-15T20:05:25.348+0900] {Naver_News_Collect.py:117} INFO - 접속완료
[2024-02-15T20:05:26.494+0900] {Naver_News_Collect.py:120} INFO - 91 Start
[2024-02-15T20:05:39.332+0900] {Naver_News_Collect.py:156} INFO - 92 End
[2024-02-15T20:05:42.336+0900] {logger.py:11} INFO - ====== WebDriver manager ======
[2024-02-15T20:05:42.425+0900] {logger.py:11} INFO - Get LATEST chromedriver version for google-chrome
[2024-02-15T20:05:42.509+0900] {logger.py:11} INFO - Get LATEST chromedriver version for google-chrome
[2024-02-15T20:05:42.595+0900] {logger.py:11} INFO - Driver [/home/ubuntu/.wdm/drivers/chromedriver/linux64/121.0.6167.85/chromedriver-linux64/chromedriver] found in cache
[2024-02-15T20:05:43.272+0900] {Naver_News_Collect.py:117} INFO - 접속완료
[2024-02-15T20:05:44.334+0900] {Naver_News_Collect.py:120} INFO - 92 Start
[2024-02-15T20:06:06.912+0900] {Naver_News_Collect.py:156} INFO - 93 End
[2024-02-15T20:06:08.915+0900] {logger.py:11} INFO - ====== WebDriver manager ======
[2024-02-15T20:06:09.004+0900] {logger.py:11} INFO - Get LATEST chromedriver version for google-chrome
[2024-02-15T20:06:09.100+0900] {logger.py:11} INFO - Get LATEST chromedriver version for google-chrome
[2024-02-15T20:06:09.193+0900] {logger.py:11} INFO - Driver [/home/ubuntu/.wdm/drivers/chromedriver/linux64/121.0.6167.85/chromedriver-linux64/chromedriver] found in cache
[2024-02-15T20:06:09.870+0900] {Naver_News_Collect.py:117} INFO - 접속완료
[2024-02-15T20:06:11.058+0900] {Naver_News_Collect.py:120} INFO - 93 Start
[2024-02-15T20:06:33.687+0900] {Naver_News_Collect.py:156} INFO - 94 End
[2024-02-15T20:06:36.691+0900] {logger.py:11} INFO - ====== WebDriver manager ======
[2024-02-15T20:06:36.781+0900] {logger.py:11} INFO - Get LATEST chromedriver version for google-chrome
[2024-02-15T20:06:36.867+0900] {logger.py:11} INFO - Get LATEST chromedriver version for google-chrome
[2024-02-15T20:06:36.954+0900] {logger.py:11} INFO - Driver [/home/ubuntu/.wdm/drivers/chromedriver/linux64/121.0.6167.85/chromedriver-linux64/chromedriver] found in cache
[2024-02-15T20:06:37.638+0900] {Naver_News_Collect.py:117} INFO - 접속완료
[2024-02-15T20:07:07.730+0900] {Naver_News_Collect.py:120} INFO - 94 Start
[2024-02-15T20:07:17.823+0900] {Naver_News_Collect.py:156} INFO - 94 End
[2024-02-15T20:07:19.825+0900] {logger.py:11} INFO - ====== WebDriver manager ======
[2024-02-15T20:07:19.914+0900] {logger.py:11} INFO - Get LATEST chromedriver version for google-chrome
[2024-02-15T20:07:20.003+0900] {logger.py:11} INFO - Get LATEST chromedriver version for google-chrome
[2024-02-15T20:07:20.086+0900] {logger.py:11} INFO - Driver [/home/ubuntu/.wdm/drivers/chromedriver/linux64/121.0.6167.85/chromedriver-linux64/chromedriver] found in cache
[2024-02-15T20:07:20.785+0900] {Naver_News_Collect.py:117} INFO - 접속완료
[2024-02-15T20:07:21.732+0900] {Naver_News_Collect.py:120} INFO - 94 Start
[2024-02-15T20:07:34.898+0900] {Naver_News_Collect.py:156} INFO - 95 End
[2024-02-15T20:07:36.900+0900] {logger.py:11} INFO - ====== WebDriver manager ======
[2024-02-15T20:07:36.989+0900] {logger.py:11} INFO - Get LATEST chromedriver version for google-chrome
[2024-02-15T20:07:37.075+0900] {logger.py:11} INFO - Get LATEST chromedriver version for google-chrome
[2024-02-15T20:07:37.169+0900] {logger.py:11} INFO - Driver [/home/ubuntu/.wdm/drivers/chromedriver/linux64/121.0.6167.85/chromedriver-linux64/chromedriver] found in cache
[2024-02-15T20:07:37.863+0900] {Naver_News_Collect.py:117} INFO - 접속완료
[2024-02-15T20:07:38.814+0900] {Naver_News_Collect.py:120} INFO - 95 Start
[2024-02-15T20:08:12.575+0900] {Naver_News_Collect.py:156} INFO - 96 End
[2024-02-15T20:08:15.579+0900] {logger.py:11} INFO - ====== WebDriver manager ======
[2024-02-15T20:08:15.668+0900] {logger.py:11} INFO - Get LATEST chromedriver version for google-chrome
[2024-02-15T20:08:15.750+0900] {logger.py:11} INFO - Get LATEST chromedriver version for google-chrome
[2024-02-15T20:08:15.833+0900] {logger.py:11} INFO - Driver [/home/ubuntu/.wdm/drivers/chromedriver/linux64/121.0.6167.85/chromedriver-linux64/chromedriver] found in cache
[2024-02-15T20:08:16.511+0900] {Naver_News_Collect.py:117} INFO - 접속완료
[2024-02-15T20:08:17.495+0900] {Naver_News_Collect.py:120} INFO - 96 Start
[2024-02-15T20:09:37.340+0900] {Naver_News_Collect.py:156} INFO - 97 End
[2024-02-15T20:09:40.344+0900] {logger.py:11} INFO - ====== WebDriver manager ======
[2024-02-15T20:09:40.433+0900] {logger.py:11} INFO - Get LATEST chromedriver version for google-chrome
[2024-02-15T20:09:40.517+0900] {logger.py:11} INFO - Get LATEST chromedriver version for google-chrome
[2024-02-15T20:09:40.599+0900] {logger.py:11} INFO - Driver [/home/ubuntu/.wdm/drivers/chromedriver/linux64/121.0.6167.85/chromedriver-linux64/chromedriver] found in cache
[2024-02-15T20:09:41.284+0900] {Naver_News_Collect.py:117} INFO - 접속완료
[2024-02-15T20:09:42.365+0900] {Naver_News_Collect.py:120} INFO - 97 Start
[2024-02-15T20:10:04.658+0900] {Naver_News_Collect.py:156} INFO - 98 End
[2024-02-15T20:10:07.662+0900] {logger.py:11} INFO - ====== WebDriver manager ======
[2024-02-15T20:10:07.750+0900] {logger.py:11} INFO - Get LATEST chromedriver version for google-chrome
[2024-02-15T20:10:07.832+0900] {logger.py:11} INFO - Get LATEST chromedriver version for google-chrome
[2024-02-15T20:10:07.915+0900] {logger.py:11} INFO - Driver [/home/ubuntu/.wdm/drivers/chromedriver/linux64/121.0.6167.85/chromedriver-linux64/chromedriver] found in cache
[2024-02-15T20:10:08.597+0900] {Naver_News_Collect.py:117} INFO - 접속완료
[2024-02-15T20:10:09.688+0900] {Naver_News_Collect.py:120} INFO - 98 Start
[2024-02-15T20:10:22.905+0900] {Naver_News_Collect.py:156} INFO - 99 End
[2024-02-15T20:10:24.908+0900] {logger.py:11} INFO - ====== WebDriver manager ======
[2024-02-15T20:10:24.996+0900] {logger.py:11} INFO - Get LATEST chromedriver version for google-chrome
[2024-02-15T20:10:25.080+0900] {logger.py:11} INFO - Get LATEST chromedriver version for google-chrome
[2024-02-15T20:10:25.162+0900] {logger.py:11} INFO - Driver [/home/ubuntu/.wdm/drivers/chromedriver/linux64/121.0.6167.85/chromedriver-linux64/chromedriver] found in cache
[2024-02-15T20:10:25.844+0900] {Naver_News_Collect.py:117} INFO - 접속완료
[2024-02-15T20:10:26.927+0900] {Naver_News_Collect.py:120} INFO - 99 Start
[2024-02-15T20:10:41.294+0900] {Naver_News_Collect.py:156} INFO - 100 End
[2024-02-15T20:10:44.297+0900] {logger.py:11} INFO - ====== WebDriver manager ======
[2024-02-15T20:10:44.386+0900] {logger.py:11} INFO - Get LATEST chromedriver version for google-chrome
[2024-02-15T20:10:44.468+0900] {logger.py:11} INFO - Get LATEST chromedriver version for google-chrome
[2024-02-15T20:10:44.550+0900] {logger.py:11} INFO - Driver [/home/ubuntu/.wdm/drivers/chromedriver/linux64/121.0.6167.85/chromedriver-linux64/chromedriver] found in cache
[2024-02-15T20:10:45.227+0900] {Naver_News_Collect.py:117} INFO - 접속완료
[2024-02-15T20:10:46.343+0900] {Naver_News_Collect.py:120} INFO - 100 Start
[2024-02-15T20:11:20.405+0900] {Naver_News_Collect.py:156} INFO - 101 End
[2024-02-15T20:11:23.408+0900] {logger.py:11} INFO - ====== WebDriver manager ======
[2024-02-15T20:11:23.498+0900] {logger.py:11} INFO - Get LATEST chromedriver version for google-chrome
[2024-02-15T20:11:23.580+0900] {logger.py:11} INFO - Get LATEST chromedriver version for google-chrome
[2024-02-15T20:11:23.662+0900] {logger.py:11} INFO - Driver [/home/ubuntu/.wdm/drivers/chromedriver/linux64/121.0.6167.85/chromedriver-linux64/chromedriver] found in cache
[2024-02-15T20:11:24.342+0900] {Naver_News_Collect.py:117} INFO - 접속완료
[2024-02-15T20:11:25.480+0900] {Naver_News_Collect.py:120} INFO - 101 Start
[2024-02-15T20:11:38.913+0900] {Naver_News_Collect.py:156} INFO - 102 End
[2024-02-15T20:11:40.916+0900] {logger.py:11} INFO - ====== WebDriver manager ======
[2024-02-15T20:11:41.005+0900] {logger.py:11} INFO - Get LATEST chromedriver version for google-chrome
[2024-02-15T20:11:41.088+0900] {logger.py:11} INFO - Get LATEST chromedriver version for google-chrome
[2024-02-15T20:11:41.170+0900] {logger.py:11} INFO - Driver [/home/ubuntu/.wdm/drivers/chromedriver/linux64/121.0.6167.85/chromedriver-linux64/chromedriver] found in cache
[2024-02-15T20:11:41.847+0900] {Naver_News_Collect.py:117} INFO - 접속완료
[2024-02-15T20:11:42.955+0900] {Naver_News_Collect.py:120} INFO - 102 Start
[2024-02-15T20:11:55.938+0900] {Naver_News_Collect.py:156} INFO - 103 End
[2024-02-15T20:11:57.940+0900] {logger.py:11} INFO - ====== WebDriver manager ======
[2024-02-15T20:11:58.030+0900] {logger.py:11} INFO - Get LATEST chromedriver version for google-chrome
[2024-02-15T20:11:58.113+0900] {logger.py:11} INFO - Get LATEST chromedriver version for google-chrome
[2024-02-15T20:11:58.194+0900] {logger.py:11} INFO - Driver [/home/ubuntu/.wdm/drivers/chromedriver/linux64/121.0.6167.85/chromedriver-linux64/chromedriver] found in cache
[2024-02-15T20:11:58.881+0900] {Naver_News_Collect.py:117} INFO - 접속완료
[2024-02-15T20:11:59.982+0900] {Naver_News_Collect.py:120} INFO - 103 Start
[2024-02-15T20:12:12.881+0900] {Naver_News_Collect.py:156} INFO - 104 End
[2024-02-15T20:12:15.884+0900] {logger.py:11} INFO - ====== WebDriver manager ======
[2024-02-15T20:12:15.972+0900] {logger.py:11} INFO - Get LATEST chromedriver version for google-chrome
[2024-02-15T20:12:16.056+0900] {logger.py:11} INFO - Get LATEST chromedriver version for google-chrome
[2024-02-15T20:12:16.137+0900] {logger.py:11} INFO - Driver [/home/ubuntu/.wdm/drivers/chromedriver/linux64/121.0.6167.85/chromedriver-linux64/chromedriver] found in cache
[2024-02-15T20:12:16.814+0900] {Naver_News_Collect.py:117} INFO - 접속완료
[2024-02-15T20:12:17.966+0900] {Naver_News_Collect.py:120} INFO - 104 Start
[2024-02-15T20:12:40.803+0900] {Naver_News_Collect.py:156} INFO - 105 End
[2024-02-15T20:12:42.806+0900] {logger.py:11} INFO - ====== WebDriver manager ======
[2024-02-15T20:12:42.894+0900] {logger.py:11} INFO - Get LATEST chromedriver version for google-chrome
[2024-02-15T20:12:43.174+0900] {logger.py:11} INFO - Get LATEST chromedriver version for google-chrome
[2024-02-15T20:12:43.258+0900] {logger.py:11} INFO - Driver [/home/ubuntu/.wdm/drivers/chromedriver/linux64/121.0.6167.85/chromedriver-linux64/chromedriver] found in cache
[2024-02-15T20:12:43.933+0900] {Naver_News_Collect.py:117} INFO - 접속완료
[2024-02-15T20:12:45.044+0900] {Naver_News_Collect.py:120} INFO - 105 Start
[2024-02-15T20:13:07.625+0900] {Naver_News_Collect.py:156} INFO - 106 End
[2024-02-15T20:13:09.627+0900] {logger.py:11} INFO - ====== WebDriver manager ======
[2024-02-15T20:13:09.717+0900] {logger.py:11} INFO - Get LATEST chromedriver version for google-chrome
[2024-02-15T20:13:09.802+0900] {logger.py:11} INFO - Get LATEST chromedriver version for google-chrome
[2024-02-15T20:13:09.885+0900] {logger.py:11} INFO - Driver [/home/ubuntu/.wdm/drivers/chromedriver/linux64/121.0.6167.85/chromedriver-linux64/chromedriver] found in cache
[2024-02-15T20:13:10.564+0900] {Naver_News_Collect.py:117} INFO - 접속완료
[2024-02-15T20:13:11.709+0900] {Naver_News_Collect.py:120} INFO - 106 Start
[2024-02-15T20:13:34.581+0900] {Naver_News_Collect.py:156} INFO - 107 End
[2024-02-15T20:13:37.974+0900] {python.py:201} INFO - Done. Returned value was: None
[2024-02-15T20:13:37.980+0900] {taskinstance.py:1138} INFO - Marking task as SUCCESS. dag_id=CollectNaverNews, task_id=news_Content_Comment_Collect, execution_date=20240125T000000, start_date=20240215T102128, end_date=20240215T111337
[2024-02-15T20:13:38.011+0900] {local_task_job_runner.py:234} INFO - Task exited with return code 0
[2024-02-15T20:13:38.022+0900] {taskinstance.py:3280} INFO - 0 downstream tasks scheduled from follow-on schedule check
