[2024-02-22T09:08:23.693+0900] {taskinstance.py:1956} INFO - Dependencies all met for dep_context=non-requeueable deps ti=<TaskInstance: CollectNaverNews.news_Content_Comment_Collect scheduled__2024-02-21T00:00:00+00:00 [queued]>
[2024-02-22T09:08:23.700+0900] {taskinstance.py:1956} INFO - Dependencies all met for dep_context=requeueable deps ti=<TaskInstance: CollectNaverNews.news_Content_Comment_Collect scheduled__2024-02-21T00:00:00+00:00 [queued]>
[2024-02-22T09:08:23.700+0900] {taskinstance.py:2170} INFO - Starting attempt 1 of 1
[2024-02-22T09:08:23.812+0900] {taskinstance.py:2191} INFO - Executing <Task(PythonOperator): news_Content_Comment_Collect> on 2024-02-21 00:00:00+00:00
[2024-02-22T09:08:23.818+0900] {standard_task_runner.py:60} INFO - Started process 262293 to run task
[2024-02-22T09:08:23.822+0900] {standard_task_runner.py:87} INFO - Running: ['airflow', 'tasks', 'run', 'CollectNaverNews', 'news_Content_Comment_Collect', 'scheduled__2024-02-21T00:00:00+00:00', '--job-id', '87', '--raw', '--subdir', 'DAGS_FOLDER/Naver_News_Collect.py', '--cfg-path', '/tmp/tmpbne8n76g']
[2024-02-22T09:08:23.824+0900] {standard_task_runner.py:88} INFO - Job 87: Subtask news_Content_Comment_Collect
[2024-02-22T09:08:23.860+0900] {task_command.py:423} INFO - Running <TaskInstance: CollectNaverNews.news_Content_Comment_Collect scheduled__2024-02-21T00:00:00+00:00 [running]> on host ip-172-31-11-88.ap-northeast-2.compute.internal
[2024-02-22T09:08:23.920+0900] {taskinstance.py:2480} INFO - Exporting env vars: AIRFLOW_CTX_DAG_OWNER='airflow' AIRFLOW_CTX_DAG_ID='CollectNaverNews' AIRFLOW_CTX_TASK_ID='news_Content_Comment_Collect' AIRFLOW_CTX_EXECUTION_DATE='2024-02-21T00:00:00+00:00' AIRFLOW_CTX_TRY_NUMBER='1' AIRFLOW_CTX_DAG_RUN_ID='scheduled__2024-02-21T00:00:00+00:00'
[2024-02-22T09:08:23.932+0900] {logger.py:11} INFO - ====== WebDriver manager ======
[2024-02-22T09:08:24.012+0900] {logger.py:11} INFO - Get LATEST chromedriver version for google-chrome
[2024-02-22T09:08:24.099+0900] {logger.py:11} INFO - Get LATEST chromedriver version for google-chrome
[2024-02-22T09:08:24.180+0900] {logger.py:11} INFO - Driver [/home/ubuntu/.wdm/drivers/chromedriver/linux64/121.0.6167.184/chromedriver-linux64/chromedriver] found in cache
[2024-02-22T09:08:24.854+0900] {Naver_News_Collect.py:118} INFO - 접속완료
[2024-02-22T09:08:25.815+0900] {Naver_News_Collect.py:121} INFO - 0 Start
[2024-02-22T09:08:40.598+0900] {Naver_News_Collect.py:157} INFO - 1 End
[2024-02-22T09:08:43.602+0900] {logger.py:11} INFO - ====== WebDriver manager ======
[2024-02-22T09:08:43.683+0900] {logger.py:11} INFO - Get LATEST chromedriver version for google-chrome
[2024-02-22T09:08:43.765+0900] {logger.py:11} INFO - Get LATEST chromedriver version for google-chrome
[2024-02-22T09:08:43.846+0900] {logger.py:11} INFO - Driver [/home/ubuntu/.wdm/drivers/chromedriver/linux64/121.0.6167.184/chromedriver-linux64/chromedriver] found in cache
[2024-02-22T09:08:44.520+0900] {Naver_News_Collect.py:118} INFO - 접속완료
[2024-02-22T09:08:45.519+0900] {Naver_News_Collect.py:121} INFO - 1 Start
[2024-02-22T09:09:09.325+0900] {Naver_News_Collect.py:157} INFO - 2 End
[2024-02-22T09:09:12.328+0900] {logger.py:11} INFO - ====== WebDriver manager ======
[2024-02-22T09:09:12.409+0900] {logger.py:11} INFO - Get LATEST chromedriver version for google-chrome
[2024-02-22T09:09:12.491+0900] {logger.py:11} INFO - Get LATEST chromedriver version for google-chrome
[2024-02-22T09:09:12.573+0900] {logger.py:11} INFO - Driver [/home/ubuntu/.wdm/drivers/chromedriver/linux64/121.0.6167.184/chromedriver-linux64/chromedriver] found in cache
[2024-02-22T09:09:13.228+0900] {Naver_News_Collect.py:118} INFO - 접속완료
[2024-02-22T09:09:14.234+0900] {Naver_News_Collect.py:121} INFO - 2 Start
[2024-02-22T09:09:29.186+0900] {Naver_News_Collect.py:157} INFO - 3 End
[2024-02-22T09:09:31.189+0900] {logger.py:11} INFO - ====== WebDriver manager ======
[2024-02-22T09:09:31.269+0900] {logger.py:11} INFO - Get LATEST chromedriver version for google-chrome
[2024-02-22T09:09:31.352+0900] {logger.py:11} INFO - Get LATEST chromedriver version for google-chrome
[2024-02-22T09:09:31.434+0900] {logger.py:11} INFO - Driver [/home/ubuntu/.wdm/drivers/chromedriver/linux64/121.0.6167.184/chromedriver-linux64/chromedriver] found in cache
[2024-02-22T09:09:32.108+0900] {Naver_News_Collect.py:118} INFO - 접속완료
[2024-02-22T09:09:33.095+0900] {Naver_News_Collect.py:121} INFO - 3 Start
[2024-02-22T09:09:55.918+0900] {Naver_News_Collect.py:157} INFO - 4 End
[2024-02-22T09:09:58.919+0900] {logger.py:11} INFO - ====== WebDriver manager ======
[2024-02-22T09:09:58.999+0900] {logger.py:11} INFO - Get LATEST chromedriver version for google-chrome
[2024-02-22T09:09:59.081+0900] {logger.py:11} INFO - Get LATEST chromedriver version for google-chrome
[2024-02-22T09:09:59.163+0900] {logger.py:11} INFO - Driver [/home/ubuntu/.wdm/drivers/chromedriver/linux64/121.0.6167.184/chromedriver-linux64/chromedriver] found in cache
[2024-02-22T09:09:59.838+0900] {Naver_News_Collect.py:118} INFO - 접속완료
[2024-02-22T09:10:00.950+0900] {Naver_News_Collect.py:121} INFO - 4 Start
[2024-02-22T09:10:13.846+0900] {Naver_News_Collect.py:157} INFO - 5 End
[2024-02-22T09:10:16.849+0900] {logger.py:11} INFO - ====== WebDriver manager ======
[2024-02-22T09:10:16.931+0900] {logger.py:11} INFO - Get LATEST chromedriver version for google-chrome
[2024-02-22T09:10:17.015+0900] {logger.py:11} INFO - Get LATEST chromedriver version for google-chrome
[2024-02-22T09:10:17.098+0900] {logger.py:11} INFO - Driver [/home/ubuntu/.wdm/drivers/chromedriver/linux64/121.0.6167.184/chromedriver-linux64/chromedriver] found in cache
[2024-02-22T09:10:17.766+0900] {Naver_News_Collect.py:118} INFO - 접속완료
[2024-02-22T09:10:18.748+0900] {Naver_News_Collect.py:121} INFO - 5 Start
[2024-02-22T09:10:32.226+0900] {Naver_News_Collect.py:157} INFO - 6 End
[2024-02-22T09:10:35.229+0900] {logger.py:11} INFO - ====== WebDriver manager ======
[2024-02-22T09:10:35.309+0900] {logger.py:11} INFO - Get LATEST chromedriver version for google-chrome
[2024-02-22T09:10:35.391+0900] {logger.py:11} INFO - Get LATEST chromedriver version for google-chrome
[2024-02-22T09:10:35.473+0900] {logger.py:11} INFO - Driver [/home/ubuntu/.wdm/drivers/chromedriver/linux64/121.0.6167.184/chromedriver-linux64/chromedriver] found in cache
[2024-02-22T09:10:36.140+0900] {Naver_News_Collect.py:118} INFO - 접속완료
[2024-02-22T09:10:37.236+0900] {Naver_News_Collect.py:121} INFO - 6 Start
[2024-02-22T09:10:59.990+0900] {Naver_News_Collect.py:157} INFO - 7 End
[2024-02-22T09:11:02.994+0900] {logger.py:11} INFO - ====== WebDriver manager ======
[2024-02-22T09:11:03.075+0900] {logger.py:11} INFO - Get LATEST chromedriver version for google-chrome
[2024-02-22T09:11:03.159+0900] {logger.py:11} INFO - Get LATEST chromedriver version for google-chrome
[2024-02-22T09:11:03.241+0900] {logger.py:11} INFO - Driver [/home/ubuntu/.wdm/drivers/chromedriver/linux64/121.0.6167.184/chromedriver-linux64/chromedriver] found in cache
[2024-02-22T09:11:03.907+0900] {Naver_News_Collect.py:118} INFO - 접속완료
[2024-02-22T09:11:04.941+0900] {Naver_News_Collect.py:121} INFO - 7 Start
[2024-02-22T09:11:18.750+0900] {Naver_News_Collect.py:157} INFO - 8 End
[2024-02-22T09:11:20.752+0900] {logger.py:11} INFO - ====== WebDriver manager ======
[2024-02-22T09:11:20.833+0900] {logger.py:11} INFO - Get LATEST chromedriver version for google-chrome
[2024-02-22T09:11:20.915+0900] {logger.py:11} INFO - Get LATEST chromedriver version for google-chrome
[2024-02-22T09:11:20.997+0900] {logger.py:11} INFO - Driver [/home/ubuntu/.wdm/drivers/chromedriver/linux64/121.0.6167.184/chromedriver-linux64/chromedriver] found in cache
[2024-02-22T09:11:21.672+0900] {Naver_News_Collect.py:118} INFO - 접속완료
[2024-02-22T09:11:22.792+0900] {Naver_News_Collect.py:121} INFO - 8 Start
[2024-02-22T09:11:45.455+0900] {Naver_News_Collect.py:157} INFO - 9 End
[2024-02-22T09:11:47.458+0900] {logger.py:11} INFO - ====== WebDriver manager ======
[2024-02-22T09:11:47.539+0900] {logger.py:11} INFO - Get LATEST chromedriver version for google-chrome
[2024-02-22T09:11:47.621+0900] {logger.py:11} INFO - Get LATEST chromedriver version for google-chrome
[2024-02-22T09:11:47.703+0900] {logger.py:11} INFO - Driver [/home/ubuntu/.wdm/drivers/chromedriver/linux64/121.0.6167.184/chromedriver-linux64/chromedriver] found in cache
[2024-02-22T09:11:48.376+0900] {Naver_News_Collect.py:118} INFO - 접속완료
[2024-02-22T09:12:18.462+0900] {Naver_News_Collect.py:121} INFO - 9 Start
[2024-02-22T09:12:28.533+0900] {Naver_News_Collect.py:157} INFO - 9 End
[2024-02-22T09:12:30.535+0900] {logger.py:11} INFO - ====== WebDriver manager ======
[2024-02-22T09:12:30.617+0900] {logger.py:11} INFO - Get LATEST chromedriver version for google-chrome
[2024-02-22T09:12:30.700+0900] {logger.py:11} INFO - Get LATEST chromedriver version for google-chrome
[2024-02-22T09:12:30.781+0900] {logger.py:11} INFO - Driver [/home/ubuntu/.wdm/drivers/chromedriver/linux64/121.0.6167.184/chromedriver-linux64/chromedriver] found in cache
[2024-02-22T09:12:31.455+0900] {Naver_News_Collect.py:118} INFO - 접속완료
[2024-02-22T09:12:32.465+0900] {Naver_News_Collect.py:121} INFO - 9 Start
[2024-02-22T09:12:45.316+0900] {Naver_News_Collect.py:157} INFO - 10 End
[2024-02-22T09:12:47.319+0900] {logger.py:11} INFO - ====== WebDriver manager ======
[2024-02-22T09:12:47.399+0900] {logger.py:11} INFO - Get LATEST chromedriver version for google-chrome
[2024-02-22T09:12:47.482+0900] {logger.py:11} INFO - Get LATEST chromedriver version for google-chrome
[2024-02-22T09:12:47.564+0900] {logger.py:11} INFO - Driver [/home/ubuntu/.wdm/drivers/chromedriver/linux64/121.0.6167.184/chromedriver-linux64/chromedriver] found in cache
[2024-02-22T09:12:48.229+0900] {Naver_News_Collect.py:118} INFO - 접속완료
[2024-02-22T09:12:49.372+0900] {Naver_News_Collect.py:121} INFO - 10 Start
[2024-02-22T09:13:03.892+0900] {Naver_News_Collect.py:157} INFO - 11 End
[2024-02-22T09:13:06.896+0900] {logger.py:11} INFO - ====== WebDriver manager ======
[2024-02-22T09:13:06.979+0900] {logger.py:11} INFO - Get LATEST chromedriver version for google-chrome
[2024-02-22T09:13:07.061+0900] {logger.py:11} INFO - Get LATEST chromedriver version for google-chrome
[2024-02-22T09:13:07.142+0900] {logger.py:11} INFO - Driver [/home/ubuntu/.wdm/drivers/chromedriver/linux64/121.0.6167.184/chromedriver-linux64/chromedriver] found in cache
[2024-02-22T09:13:07.820+0900] {Naver_News_Collect.py:118} INFO - 접속완료
[2024-02-22T09:13:37.901+0900] {Naver_News_Collect.py:121} INFO - 11 Start
[2024-02-22T09:13:48.018+0900] {Naver_News_Collect.py:157} INFO - 11 End
[2024-02-22T09:13:51.021+0900] {logger.py:11} INFO - ====== WebDriver manager ======
[2024-02-22T09:13:51.102+0900] {logger.py:11} INFO - Get LATEST chromedriver version for google-chrome
[2024-02-22T09:13:51.185+0900] {logger.py:11} INFO - Get LATEST chromedriver version for google-chrome
[2024-02-22T09:13:51.266+0900] {logger.py:11} INFO - Driver [/home/ubuntu/.wdm/drivers/chromedriver/linux64/121.0.6167.184/chromedriver-linux64/chromedriver] found in cache
[2024-02-22T09:13:51.942+0900] {Naver_News_Collect.py:118} INFO - 접속완료
[2024-02-22T09:13:52.957+0900] {Naver_News_Collect.py:121} INFO - 11 Start
[2024-02-22T09:14:15.779+0900] {Naver_News_Collect.py:157} INFO - 12 End
[2024-02-22T09:14:17.781+0900] {logger.py:11} INFO - ====== WebDriver manager ======
[2024-02-22T09:14:17.862+0900] {logger.py:11} INFO - Get LATEST chromedriver version for google-chrome
[2024-02-22T09:14:17.945+0900] {logger.py:11} INFO - Get LATEST chromedriver version for google-chrome
[2024-02-22T09:14:18.028+0900] {logger.py:11} INFO - Driver [/home/ubuntu/.wdm/drivers/chromedriver/linux64/121.0.6167.184/chromedriver-linux64/chromedriver] found in cache
[2024-02-22T09:14:18.691+0900] {Naver_News_Collect.py:118} INFO - 접속완료
[2024-02-22T09:14:19.724+0900] {Naver_News_Collect.py:121} INFO - 12 Start
[2024-02-22T09:14:33.016+0900] {Naver_News_Collect.py:157} INFO - 13 End
[2024-02-22T09:14:35.019+0900] {logger.py:11} INFO - ====== WebDriver manager ======
[2024-02-22T09:14:35.100+0900] {logger.py:11} INFO - Get LATEST chromedriver version for google-chrome
[2024-02-22T09:14:35.182+0900] {logger.py:11} INFO - Get LATEST chromedriver version for google-chrome
[2024-02-22T09:14:35.264+0900] {logger.py:11} INFO - Driver [/home/ubuntu/.wdm/drivers/chromedriver/linux64/121.0.6167.184/chromedriver-linux64/chromedriver] found in cache
[2024-02-22T09:14:35.922+0900] {Naver_News_Collect.py:118} INFO - 접속완료
[2024-02-22T09:14:36.917+0900] {Naver_News_Collect.py:121} INFO - 13 Start
[2024-02-22T09:14:50.399+0900] {Naver_News_Collect.py:157} INFO - 14 End
[2024-02-22T09:14:53.402+0900] {logger.py:11} INFO - ====== WebDriver manager ======
[2024-02-22T09:14:53.484+0900] {logger.py:11} INFO - Get LATEST chromedriver version for google-chrome
[2024-02-22T09:14:53.565+0900] {logger.py:11} INFO - Get LATEST chromedriver version for google-chrome
[2024-02-22T09:14:53.647+0900] {logger.py:11} INFO - Driver [/home/ubuntu/.wdm/drivers/chromedriver/linux64/121.0.6167.184/chromedriver-linux64/chromedriver] found in cache
[2024-02-22T09:14:54.321+0900] {Naver_News_Collect.py:118} INFO - 접속완료
[2024-02-22T09:14:55.315+0900] {Naver_News_Collect.py:121} INFO - 14 Start
[2024-02-22T09:15:18.122+0900] {Naver_News_Collect.py:157} INFO - 15 End
[2024-02-22T09:15:21.125+0900] {logger.py:11} INFO - ====== WebDriver manager ======
[2024-02-22T09:15:21.208+0900] {logger.py:11} INFO - Get LATEST chromedriver version for google-chrome
[2024-02-22T09:15:21.293+0900] {logger.py:11} INFO - Get LATEST chromedriver version for google-chrome
[2024-02-22T09:15:21.375+0900] {logger.py:11} INFO - Driver [/home/ubuntu/.wdm/drivers/chromedriver/linux64/121.0.6167.184/chromedriver-linux64/chromedriver] found in cache
[2024-02-22T09:15:22.052+0900] {Naver_News_Collect.py:118} INFO - 접속완료
[2024-02-22T09:15:23.100+0900] {Naver_News_Collect.py:121} INFO - 15 Start
[2024-02-22T09:15:36.196+0900] {Naver_News_Collect.py:157} INFO - 16 End
[2024-02-22T09:15:38.199+0900] {logger.py:11} INFO - ====== WebDriver manager ======
[2024-02-22T09:15:38.280+0900] {logger.py:11} INFO - Get LATEST chromedriver version for google-chrome
[2024-02-22T09:15:38.362+0900] {logger.py:11} INFO - Get LATEST chromedriver version for google-chrome
[2024-02-22T09:15:38.444+0900] {logger.py:11} INFO - Driver [/home/ubuntu/.wdm/drivers/chromedriver/linux64/121.0.6167.184/chromedriver-linux64/chromedriver] found in cache
[2024-02-22T09:15:39.125+0900] {Naver_News_Collect.py:118} INFO - 접속완료
[2024-02-22T09:15:40.185+0900] {Naver_News_Collect.py:121} INFO - 16 Start
[2024-02-22T09:15:53.592+0900] {Naver_News_Collect.py:157} INFO - 17 End
[2024-02-22T09:15:55.595+0900] {logger.py:11} INFO - ====== WebDriver manager ======
[2024-02-22T09:15:55.676+0900] {logger.py:11} INFO - Get LATEST chromedriver version for google-chrome
[2024-02-22T09:15:55.757+0900] {logger.py:11} INFO - Get LATEST chromedriver version for google-chrome
[2024-02-22T09:15:55.840+0900] {logger.py:11} INFO - Driver [/home/ubuntu/.wdm/drivers/chromedriver/linux64/121.0.6167.184/chromedriver-linux64/chromedriver] found in cache
[2024-02-22T09:15:56.514+0900] {Naver_News_Collect.py:118} INFO - 접속완료
[2024-02-22T09:15:57.497+0900] {Naver_News_Collect.py:121} INFO - 17 Start
[2024-02-22T09:16:11.467+0900] {Naver_News_Collect.py:157} INFO - 18 End
[2024-02-22T09:16:14.471+0900] {logger.py:11} INFO - ====== WebDriver manager ======
[2024-02-22T09:16:14.551+0900] {logger.py:11} INFO - Get LATEST chromedriver version for google-chrome
[2024-02-22T09:16:14.634+0900] {logger.py:11} INFO - Get LATEST chromedriver version for google-chrome
[2024-02-22T09:16:14.716+0900] {logger.py:11} INFO - Driver [/home/ubuntu/.wdm/drivers/chromedriver/linux64/121.0.6167.184/chromedriver-linux64/chromedriver] found in cache
[2024-02-22T09:16:15.390+0900] {Naver_News_Collect.py:118} INFO - 접속완료
[2024-02-22T09:16:16.359+0900] {Naver_News_Collect.py:121} INFO - 18 Start
[2024-02-22T09:16:29.302+0900] {Naver_News_Collect.py:157} INFO - 19 End
[2024-02-22T09:16:32.306+0900] {logger.py:11} INFO - ====== WebDriver manager ======
[2024-02-22T09:16:32.387+0900] {logger.py:11} INFO - Get LATEST chromedriver version for google-chrome
[2024-02-22T09:16:32.470+0900] {logger.py:11} INFO - Get LATEST chromedriver version for google-chrome
[2024-02-22T09:16:32.553+0900] {logger.py:11} INFO - Driver [/home/ubuntu/.wdm/drivers/chromedriver/linux64/121.0.6167.184/chromedriver-linux64/chromedriver] found in cache
[2024-02-22T09:16:33.221+0900] {Naver_News_Collect.py:118} INFO - 접속완료
[2024-02-22T09:16:34.224+0900] {Naver_News_Collect.py:121} INFO - 19 Start
[2024-02-22T09:16:47.374+0900] {Naver_News_Collect.py:157} INFO - 20 End
[2024-02-22T09:16:50.378+0900] {logger.py:11} INFO - ====== WebDriver manager ======
[2024-02-22T09:16:50.459+0900] {logger.py:11} INFO - Get LATEST chromedriver version for google-chrome
[2024-02-22T09:16:50.543+0900] {logger.py:11} INFO - Get LATEST chromedriver version for google-chrome
[2024-02-22T09:16:50.626+0900] {logger.py:11} INFO - Driver [/home/ubuntu/.wdm/drivers/chromedriver/linux64/121.0.6167.184/chromedriver-linux64/chromedriver] found in cache
[2024-02-22T09:16:51.302+0900] {Naver_News_Collect.py:118} INFO - 접속완료
[2024-02-22T09:16:52.334+0900] {Naver_News_Collect.py:121} INFO - 20 Start
[2024-02-22T09:17:06.223+0900] {Naver_News_Collect.py:157} INFO - 21 End
[2024-02-22T09:17:09.227+0900] {logger.py:11} INFO - ====== WebDriver manager ======
[2024-02-22T09:17:09.307+0900] {logger.py:11} INFO - Get LATEST chromedriver version for google-chrome
[2024-02-22T09:17:09.390+0900] {logger.py:11} INFO - Get LATEST chromedriver version for google-chrome
[2024-02-22T09:17:09.472+0900] {logger.py:11} INFO - Driver [/home/ubuntu/.wdm/drivers/chromedriver/linux64/121.0.6167.184/chromedriver-linux64/chromedriver] found in cache
[2024-02-22T09:17:10.147+0900] {Naver_News_Collect.py:118} INFO - 접속완료
[2024-02-22T09:17:11.145+0900] {Naver_News_Collect.py:121} INFO - 21 Start
[2024-02-22T09:17:33.935+0900] {Naver_News_Collect.py:157} INFO - 22 End
[2024-02-22T09:17:36.938+0900] {logger.py:11} INFO - ====== WebDriver manager ======
[2024-02-22T09:17:37.019+0900] {logger.py:11} INFO - Get LATEST chromedriver version for google-chrome
[2024-02-22T09:17:37.101+0900] {logger.py:11} INFO - Get LATEST chromedriver version for google-chrome
[2024-02-22T09:17:37.183+0900] {logger.py:11} INFO - Driver [/home/ubuntu/.wdm/drivers/chromedriver/linux64/121.0.6167.184/chromedriver-linux64/chromedriver] found in cache
[2024-02-22T09:17:37.856+0900] {Naver_News_Collect.py:118} INFO - 접속완료
[2024-02-22T09:18:07.927+0900] {Naver_News_Collect.py:121} INFO - 22 Start
[2024-02-22T09:18:17.996+0900] {Naver_News_Collect.py:157} INFO - 22 End
[2024-02-22T09:18:20.999+0900] {logger.py:11} INFO - ====== WebDriver manager ======
[2024-02-22T09:18:21.082+0900] {logger.py:11} INFO - Get LATEST chromedriver version for google-chrome
[2024-02-22T09:18:21.164+0900] {logger.py:11} INFO - Get LATEST chromedriver version for google-chrome
[2024-02-22T09:18:21.245+0900] {logger.py:11} INFO - Driver [/home/ubuntu/.wdm/drivers/chromedriver/linux64/121.0.6167.184/chromedriver-linux64/chromedriver] found in cache
[2024-02-22T09:18:21.922+0900] {Naver_News_Collect.py:118} INFO - 접속완료
[2024-02-22T09:18:52.006+0900] {Naver_News_Collect.py:121} INFO - 22 Start
[2024-02-22T09:19:02.070+0900] {Naver_News_Collect.py:157} INFO - 22 End
[2024-02-22T09:19:04.072+0900] {logger.py:11} INFO - ====== WebDriver manager ======
[2024-02-22T09:19:04.153+0900] {logger.py:11} INFO - Get LATEST chromedriver version for google-chrome
[2024-02-22T09:19:04.235+0900] {logger.py:11} INFO - Get LATEST chromedriver version for google-chrome
[2024-02-22T09:19:04.317+0900] {logger.py:11} INFO - Driver [/home/ubuntu/.wdm/drivers/chromedriver/linux64/121.0.6167.184/chromedriver-linux64/chromedriver] found in cache
[2024-02-22T09:19:04.992+0900] {Naver_News_Collect.py:118} INFO - 접속완료
[2024-02-22T09:19:05.961+0900] {Naver_News_Collect.py:121} INFO - 22 Start
[2024-02-22T09:19:20.781+0900] {Naver_News_Collect.py:157} INFO - 23 End
[2024-02-22T09:19:22.783+0900] {logger.py:11} INFO - ====== WebDriver manager ======
[2024-02-22T09:19:22.864+0900] {logger.py:11} INFO - Get LATEST chromedriver version for google-chrome
[2024-02-22T09:19:22.946+0900] {logger.py:11} INFO - Get LATEST chromedriver version for google-chrome
[2024-02-22T09:19:23.027+0900] {logger.py:11} INFO - Driver [/home/ubuntu/.wdm/drivers/chromedriver/linux64/121.0.6167.184/chromedriver-linux64/chromedriver] found in cache
[2024-02-22T09:19:23.699+0900] {Naver_News_Collect.py:118} INFO - 접속완료
[2024-02-22T09:19:24.799+0900] {Naver_News_Collect.py:121} INFO - 23 Start
[2024-02-22T09:19:38.047+0900] {Naver_News_Collect.py:157} INFO - 24 End
[2024-02-22T09:19:40.049+0900] {logger.py:11} INFO - ====== WebDriver manager ======
[2024-02-22T09:19:40.129+0900] {logger.py:11} INFO - Get LATEST chromedriver version for google-chrome
[2024-02-22T09:19:40.211+0900] {logger.py:11} INFO - Get LATEST chromedriver version for google-chrome
[2024-02-22T09:19:40.292+0900] {logger.py:11} INFO - Driver [/home/ubuntu/.wdm/drivers/chromedriver/linux64/121.0.6167.184/chromedriver-linux64/chromedriver] found in cache
[2024-02-22T09:19:40.970+0900] {Naver_News_Collect.py:118} INFO - 접속완료
[2024-02-22T09:19:41.943+0900] {Naver_News_Collect.py:121} INFO - 24 Start
[2024-02-22T09:20:16.215+0900] {Naver_News_Collect.py:157} INFO - 25 End
[2024-02-22T09:20:19.216+0900] {logger.py:11} INFO - ====== WebDriver manager ======
[2024-02-22T09:20:19.298+0900] {logger.py:11} INFO - Get LATEST chromedriver version for google-chrome
[2024-02-22T09:20:19.381+0900] {logger.py:11} INFO - Get LATEST chromedriver version for google-chrome
[2024-02-22T09:20:19.462+0900] {logger.py:11} INFO - Driver [/home/ubuntu/.wdm/drivers/chromedriver/linux64/121.0.6167.184/chromedriver-linux64/chromedriver] found in cache
[2024-02-22T09:20:20.135+0900] {Naver_News_Collect.py:118} INFO - 접속완료
[2024-02-22T09:20:21.150+0900] {Naver_News_Collect.py:121} INFO - 25 Start
[2024-02-22T09:20:43.925+0900] {Naver_News_Collect.py:157} INFO - 26 End
[2024-02-22T09:20:46.929+0900] {logger.py:11} INFO - ====== WebDriver manager ======
[2024-02-22T09:20:47.010+0900] {logger.py:11} INFO - Get LATEST chromedriver version for google-chrome
[2024-02-22T09:20:47.095+0900] {logger.py:11} INFO - Get LATEST chromedriver version for google-chrome
[2024-02-22T09:20:47.176+0900] {logger.py:11} INFO - Driver [/home/ubuntu/.wdm/drivers/chromedriver/linux64/121.0.6167.184/chromedriver-linux64/chromedriver] found in cache
[2024-02-22T09:20:47.835+0900] {Naver_News_Collect.py:118} INFO - 접속완료
[2024-02-22T09:20:48.816+0900] {Naver_News_Collect.py:121} INFO - 26 Start
[2024-02-22T09:21:02.602+0900] {Naver_News_Collect.py:157} INFO - 27 End
[2024-02-22T09:21:04.605+0900] {logger.py:11} INFO - ====== WebDriver manager ======
[2024-02-22T09:21:04.687+0900] {logger.py:11} INFO - Get LATEST chromedriver version for google-chrome
[2024-02-22T09:21:04.793+0900] {logger.py:11} INFO - Get LATEST chromedriver version for google-chrome
[2024-02-22T09:21:04.877+0900] {logger.py:11} INFO - Driver [/home/ubuntu/.wdm/drivers/chromedriver/linux64/121.0.6167.184/chromedriver-linux64/chromedriver] found in cache
[2024-02-22T09:21:05.562+0900] {Naver_News_Collect.py:118} INFO - 접속완료
[2024-02-22T09:21:35.635+0900] {Naver_News_Collect.py:121} INFO - 27 Start
[2024-02-22T09:21:45.709+0900] {Naver_News_Collect.py:157} INFO - 27 End
[2024-02-22T09:21:47.711+0900] {logger.py:11} INFO - ====== WebDriver manager ======
[2024-02-22T09:21:47.791+0900] {logger.py:11} INFO - Get LATEST chromedriver version for google-chrome
[2024-02-22T09:21:47.874+0900] {logger.py:11} INFO - Get LATEST chromedriver version for google-chrome
[2024-02-22T09:21:47.957+0900] {logger.py:11} INFO - Driver [/home/ubuntu/.wdm/drivers/chromedriver/linux64/121.0.6167.184/chromedriver-linux64/chromedriver] found in cache
[2024-02-22T09:21:48.631+0900] {Naver_News_Collect.py:118} INFO - 접속완료
[2024-02-22T09:21:49.594+0900] {Naver_News_Collect.py:121} INFO - 27 Start
[2024-02-22T09:22:02.522+0900] {Naver_News_Collect.py:157} INFO - 28 End
[2024-02-22T09:22:04.525+0900] {logger.py:11} INFO - ====== WebDriver manager ======
[2024-02-22T09:22:04.605+0900] {logger.py:11} INFO - Get LATEST chromedriver version for google-chrome
[2024-02-22T09:22:04.687+0900] {logger.py:11} INFO - Get LATEST chromedriver version for google-chrome
[2024-02-22T09:22:04.771+0900] {logger.py:11} INFO - Driver [/home/ubuntu/.wdm/drivers/chromedriver/linux64/121.0.6167.184/chromedriver-linux64/chromedriver] found in cache
[2024-02-22T09:22:05.425+0900] {Naver_News_Collect.py:118} INFO - 접속완료
[2024-02-22T09:22:06.411+0900] {Naver_News_Collect.py:121} INFO - 28 Start
[2024-02-22T09:22:19.455+0900] {Naver_News_Collect.py:157} INFO - 29 End
[2024-02-22T09:22:22.458+0900] {logger.py:11} INFO - ====== WebDriver manager ======
[2024-02-22T09:22:22.539+0900] {logger.py:11} INFO - Get LATEST chromedriver version for google-chrome
[2024-02-22T09:22:22.621+0900] {logger.py:11} INFO - Get LATEST chromedriver version for google-chrome
[2024-02-22T09:22:22.704+0900] {logger.py:11} INFO - Driver [/home/ubuntu/.wdm/drivers/chromedriver/linux64/121.0.6167.184/chromedriver-linux64/chromedriver] found in cache
[2024-02-22T09:22:23.362+0900] {Naver_News_Collect.py:118} INFO - 접속완료
[2024-02-22T09:22:24.322+0900] {Naver_News_Collect.py:121} INFO - 29 Start
[2024-02-22T09:22:47.138+0900] {Naver_News_Collect.py:157} INFO - 30 End
[2024-02-22T09:22:50.142+0900] {logger.py:11} INFO - ====== WebDriver manager ======
[2024-02-22T09:22:50.221+0900] {logger.py:11} INFO - Get LATEST chromedriver version for google-chrome
[2024-02-22T09:22:50.303+0900] {logger.py:11} INFO - Get LATEST chromedriver version for google-chrome
[2024-02-22T09:22:50.385+0900] {logger.py:11} INFO - Driver [/home/ubuntu/.wdm/drivers/chromedriver/linux64/121.0.6167.184/chromedriver-linux64/chromedriver] found in cache
[2024-02-22T09:22:51.059+0900] {Naver_News_Collect.py:118} INFO - 접속완료
[2024-02-22T09:22:52.065+0900] {Naver_News_Collect.py:121} INFO - 30 Start
[2024-02-22T09:23:14.823+0900] {Naver_News_Collect.py:157} INFO - 31 End
[2024-02-22T09:23:17.827+0900] {logger.py:11} INFO - ====== WebDriver manager ======
[2024-02-22T09:23:17.907+0900] {logger.py:11} INFO - Get LATEST chromedriver version for google-chrome
[2024-02-22T09:23:17.989+0900] {logger.py:11} INFO - Get LATEST chromedriver version for google-chrome
[2024-02-22T09:23:18.071+0900] {logger.py:11} INFO - Driver [/home/ubuntu/.wdm/drivers/chromedriver/linux64/121.0.6167.184/chromedriver-linux64/chromedriver] found in cache
[2024-02-22T09:23:18.744+0900] {Naver_News_Collect.py:118} INFO - 접속완료
[2024-02-22T09:23:19.731+0900] {Naver_News_Collect.py:121} INFO - 31 Start
[2024-02-22T09:23:42.655+0900] {Naver_News_Collect.py:157} INFO - 32 End
[2024-02-22T09:23:44.657+0900] {logger.py:11} INFO - ====== WebDriver manager ======
[2024-02-22T09:23:44.738+0900] {logger.py:11} INFO - Get LATEST chromedriver version for google-chrome
[2024-02-22T09:23:44.821+0900] {logger.py:11} INFO - Get LATEST chromedriver version for google-chrome
[2024-02-22T09:23:44.903+0900] {logger.py:11} INFO - Driver [/home/ubuntu/.wdm/drivers/chromedriver/linux64/121.0.6167.184/chromedriver-linux64/chromedriver] found in cache
[2024-02-22T09:23:45.576+0900] {Naver_News_Collect.py:118} INFO - 접속완료
[2024-02-22T09:23:46.589+0900] {Naver_News_Collect.py:121} INFO - 32 Start
[2024-02-22T09:23:59.569+0900] {Naver_News_Collect.py:157} INFO - 33 End
[2024-02-22T09:24:02.572+0900] {logger.py:11} INFO - ====== WebDriver manager ======
[2024-02-22T09:24:02.656+0900] {logger.py:11} INFO - Get LATEST chromedriver version for google-chrome
[2024-02-22T09:24:02.739+0900] {logger.py:11} INFO - Get LATEST chromedriver version for google-chrome
[2024-02-22T09:24:02.822+0900] {logger.py:11} INFO - Driver [/home/ubuntu/.wdm/drivers/chromedriver/linux64/121.0.6167.184/chromedriver-linux64/chromedriver] found in cache
[2024-02-22T09:24:03.495+0900] {Naver_News_Collect.py:118} INFO - 접속완료
[2024-02-22T09:24:04.490+0900] {Naver_News_Collect.py:121} INFO - 33 Start
[2024-02-22T09:24:27.246+0900] {Naver_News_Collect.py:157} INFO - 34 End
[2024-02-22T09:24:29.249+0900] {logger.py:11} INFO - ====== WebDriver manager ======
[2024-02-22T09:24:29.331+0900] {logger.py:11} INFO - Get LATEST chromedriver version for google-chrome
[2024-02-22T09:24:29.415+0900] {logger.py:11} INFO - Get LATEST chromedriver version for google-chrome
[2024-02-22T09:24:29.496+0900] {logger.py:11} INFO - Driver [/home/ubuntu/.wdm/drivers/chromedriver/linux64/121.0.6167.184/chromedriver-linux64/chromedriver] found in cache
[2024-02-22T09:24:30.147+0900] {Naver_News_Collect.py:118} INFO - 접속완료
[2024-02-22T09:24:31.141+0900] {Naver_News_Collect.py:121} INFO - 34 Start
[2024-02-22T09:24:44.216+0900] {Naver_News_Collect.py:157} INFO - 35 End
[2024-02-22T09:24:46.219+0900] {logger.py:11} INFO - ====== WebDriver manager ======
[2024-02-22T09:24:46.299+0900] {logger.py:11} INFO - Get LATEST chromedriver version for google-chrome
[2024-02-22T09:24:46.383+0900] {logger.py:11} INFO - Get LATEST chromedriver version for google-chrome
[2024-02-22T09:24:46.466+0900] {logger.py:11} INFO - Driver [/home/ubuntu/.wdm/drivers/chromedriver/linux64/121.0.6167.184/chromedriver-linux64/chromedriver] found in cache
[2024-02-22T09:24:47.133+0900] {Naver_News_Collect.py:118} INFO - 접속완료
[2024-02-22T09:24:48.129+0900] {Naver_News_Collect.py:121} INFO - 35 Start
[2024-02-22T09:25:01.158+0900] {Naver_News_Collect.py:157} INFO - 36 End
[2024-02-22T09:25:04.162+0900] {logger.py:11} INFO - ====== WebDriver manager ======
[2024-02-22T09:25:04.246+0900] {logger.py:11} INFO - Get LATEST chromedriver version for google-chrome
[2024-02-22T09:25:04.330+0900] {logger.py:11} INFO - Get LATEST chromedriver version for google-chrome
[2024-02-22T09:25:04.413+0900] {logger.py:11} INFO - Driver [/home/ubuntu/.wdm/drivers/chromedriver/linux64/121.0.6167.184/chromedriver-linux64/chromedriver] found in cache
[2024-02-22T09:25:05.089+0900] {Naver_News_Collect.py:118} INFO - 접속완료
[2024-02-22T09:25:06.118+0900] {Naver_News_Collect.py:121} INFO - 36 Start
[2024-02-22T09:25:29.034+0900] {Naver_News_Collect.py:157} INFO - 37 End
[2024-02-22T09:25:31.037+0900] {logger.py:11} INFO - ====== WebDriver manager ======
[2024-02-22T09:25:31.119+0900] {logger.py:11} INFO - Get LATEST chromedriver version for google-chrome
[2024-02-22T09:25:31.202+0900] {logger.py:11} INFO - Get LATEST chromedriver version for google-chrome
[2024-02-22T09:25:31.285+0900] {logger.py:11} INFO - Driver [/home/ubuntu/.wdm/drivers/chromedriver/linux64/121.0.6167.184/chromedriver-linux64/chromedriver] found in cache
[2024-02-22T09:25:31.947+0900] {Naver_News_Collect.py:118} INFO - 접속완료
[2024-02-22T09:25:32.972+0900] {Naver_News_Collect.py:121} INFO - 37 Start
[2024-02-22T09:25:55.863+0900] {Naver_News_Collect.py:157} INFO - 38 End
[2024-02-22T09:25:58.866+0900] {logger.py:11} INFO - ====== WebDriver manager ======
[2024-02-22T09:25:58.947+0900] {logger.py:11} INFO - Get LATEST chromedriver version for google-chrome
[2024-02-22T09:25:59.031+0900] {logger.py:11} INFO - Get LATEST chromedriver version for google-chrome
[2024-02-22T09:25:59.113+0900] {logger.py:11} INFO - Driver [/home/ubuntu/.wdm/drivers/chromedriver/linux64/121.0.6167.184/chromedriver-linux64/chromedriver] found in cache
[2024-02-22T09:25:59.773+0900] {Naver_News_Collect.py:118} INFO - 접속완료
[2024-02-22T09:26:00.778+0900] {Naver_News_Collect.py:121} INFO - 38 Start
[2024-02-22T09:26:23.577+0900] {Naver_News_Collect.py:157} INFO - 39 End
[2024-02-22T09:26:26.581+0900] {logger.py:11} INFO - ====== WebDriver manager ======
[2024-02-22T09:26:26.661+0900] {logger.py:11} INFO - Get LATEST chromedriver version for google-chrome
[2024-02-22T09:26:26.743+0900] {logger.py:11} INFO - Get LATEST chromedriver version for google-chrome
[2024-02-22T09:26:26.825+0900] {logger.py:11} INFO - Driver [/home/ubuntu/.wdm/drivers/chromedriver/linux64/121.0.6167.184/chromedriver-linux64/chromedriver] found in cache
[2024-02-22T09:26:27.492+0900] {Naver_News_Collect.py:118} INFO - 접속완료
[2024-02-22T09:26:28.493+0900] {Naver_News_Collect.py:121} INFO - 39 Start
[2024-02-22T09:26:51.275+0900] {Naver_News_Collect.py:157} INFO - 40 End
[2024-02-22T09:26:54.279+0900] {logger.py:11} INFO - ====== WebDriver manager ======
[2024-02-22T09:26:54.361+0900] {logger.py:11} INFO - Get LATEST chromedriver version for google-chrome
[2024-02-22T09:26:54.443+0900] {logger.py:11} INFO - Get LATEST chromedriver version for google-chrome
[2024-02-22T09:26:54.525+0900] {logger.py:11} INFO - Driver [/home/ubuntu/.wdm/drivers/chromedriver/linux64/121.0.6167.184/chromedriver-linux64/chromedriver] found in cache
[2024-02-22T09:26:55.203+0900] {Naver_News_Collect.py:118} INFO - 접속완료
[2024-02-22T09:26:56.188+0900] {Naver_News_Collect.py:121} INFO - 40 Start
[2024-02-22T09:27:09.095+0900] {Naver_News_Collect.py:157} INFO - 41 End
[2024-02-22T09:27:11.097+0900] {logger.py:11} INFO - ====== WebDriver manager ======
[2024-02-22T09:27:11.178+0900] {logger.py:11} INFO - Get LATEST chromedriver version for google-chrome
[2024-02-22T09:27:11.261+0900] {logger.py:11} INFO - Get LATEST chromedriver version for google-chrome
[2024-02-22T09:27:11.342+0900] {logger.py:11} INFO - Driver [/home/ubuntu/.wdm/drivers/chromedriver/linux64/121.0.6167.184/chromedriver-linux64/chromedriver] found in cache
[2024-02-22T09:27:12.021+0900] {Naver_News_Collect.py:118} INFO - 접속완료
[2024-02-22T09:27:13.005+0900] {Naver_News_Collect.py:121} INFO - 41 Start
[2024-02-22T09:27:26.021+0900] {Naver_News_Collect.py:157} INFO - 42 End
[2024-02-22T09:27:29.024+0900] {logger.py:11} INFO - ====== WebDriver manager ======
[2024-02-22T09:27:29.104+0900] {logger.py:11} INFO - Get LATEST chromedriver version for google-chrome
[2024-02-22T09:27:29.186+0900] {logger.py:11} INFO - Get LATEST chromedriver version for google-chrome
[2024-02-22T09:27:29.269+0900] {logger.py:11} INFO - Driver [/home/ubuntu/.wdm/drivers/chromedriver/linux64/121.0.6167.184/chromedriver-linux64/chromedriver] found in cache
[2024-02-22T09:27:29.943+0900] {Naver_News_Collect.py:118} INFO - 접속완료
[2024-02-22T09:27:30.641+0900] {Naver_News_Collect.py:121} INFO - 42 Start
[2024-02-22T09:27:53.052+0900] {Naver_News_Collect.py:157} INFO - 43 End
[2024-02-22T09:27:56.056+0900] {logger.py:11} INFO - ====== WebDriver manager ======
[2024-02-22T09:27:56.135+0900] {logger.py:11} INFO - Get LATEST chromedriver version for google-chrome
[2024-02-22T09:27:56.217+0900] {logger.py:11} INFO - Get LATEST chromedriver version for google-chrome
[2024-02-22T09:27:56.298+0900] {logger.py:11} INFO - Driver [/home/ubuntu/.wdm/drivers/chromedriver/linux64/121.0.6167.184/chromedriver-linux64/chromedriver] found in cache
[2024-02-22T09:27:56.954+0900] {Naver_News_Collect.py:118} INFO - 접속완료
[2024-02-22T09:27:57.960+0900] {Naver_News_Collect.py:121} INFO - 43 Start
[2024-02-22T09:28:10.893+0900] {Naver_News_Collect.py:157} INFO - 44 End
[2024-02-22T09:28:13.897+0900] {logger.py:11} INFO - ====== WebDriver manager ======
[2024-02-22T09:28:13.977+0900] {logger.py:11} INFO - Get LATEST chromedriver version for google-chrome
[2024-02-22T09:28:14.062+0900] {logger.py:11} INFO - Get LATEST chromedriver version for google-chrome
[2024-02-22T09:28:14.146+0900] {logger.py:11} INFO - Driver [/home/ubuntu/.wdm/drivers/chromedriver/linux64/121.0.6167.184/chromedriver-linux64/chromedriver] found in cache
[2024-02-22T09:28:14.821+0900] {Naver_News_Collect.py:118} INFO - 접속완료
[2024-02-22T09:28:15.859+0900] {Naver_News_Collect.py:121} INFO - 44 Start
[2024-02-22T09:28:28.732+0900] {Naver_News_Collect.py:157} INFO - 45 End
[2024-02-22T09:28:31.736+0900] {logger.py:11} INFO - ====== WebDriver manager ======
[2024-02-22T09:28:31.817+0900] {logger.py:11} INFO - Get LATEST chromedriver version for google-chrome
[2024-02-22T09:28:31.916+0900] {logger.py:11} INFO - Get LATEST chromedriver version for google-chrome
[2024-02-22T09:28:31.998+0900] {logger.py:11} INFO - Driver [/home/ubuntu/.wdm/drivers/chromedriver/linux64/121.0.6167.184/chromedriver-linux64/chromedriver] found in cache
[2024-02-22T09:28:32.675+0900] {Naver_News_Collect.py:118} INFO - 접속완료
[2024-02-22T09:28:33.600+0900] {Naver_News_Collect.py:121} INFO - 45 Start
[2024-02-22T09:28:56.147+0900] {Naver_News_Collect.py:157} INFO - 46 End
[2024-02-22T09:28:59.151+0900] {logger.py:11} INFO - ====== WebDriver manager ======
[2024-02-22T09:28:59.231+0900] {logger.py:11} INFO - Get LATEST chromedriver version for google-chrome
[2024-02-22T09:28:59.313+0900] {logger.py:11} INFO - Get LATEST chromedriver version for google-chrome
[2024-02-22T09:28:59.395+0900] {logger.py:11} INFO - Driver [/home/ubuntu/.wdm/drivers/chromedriver/linux64/121.0.6167.184/chromedriver-linux64/chromedriver] found in cache
[2024-02-22T09:29:00.069+0900] {Naver_News_Collect.py:118} INFO - 접속완료
[2024-02-22T09:29:01.054+0900] {Naver_News_Collect.py:121} INFO - 46 Start
[2024-02-22T09:29:14.808+0900] {Naver_News_Collect.py:157} INFO - 47 End
[2024-02-22T09:29:17.811+0900] {logger.py:11} INFO - ====== WebDriver manager ======
[2024-02-22T09:29:17.893+0900] {logger.py:11} INFO - Get LATEST chromedriver version for google-chrome
[2024-02-22T09:29:17.975+0900] {logger.py:11} INFO - Get LATEST chromedriver version for google-chrome
[2024-02-22T09:29:18.056+0900] {logger.py:11} INFO - Driver [/home/ubuntu/.wdm/drivers/chromedriver/linux64/121.0.6167.184/chromedriver-linux64/chromedriver] found in cache
[2024-02-22T09:29:18.731+0900] {Naver_News_Collect.py:118} INFO - 접속완료
[2024-02-22T09:29:19.708+0900] {Naver_News_Collect.py:121} INFO - 47 Start
[2024-02-22T09:29:33.267+0900] {Naver_News_Collect.py:157} INFO - 48 End
[2024-02-22T09:29:36.271+0900] {logger.py:11} INFO - ====== WebDriver manager ======
[2024-02-22T09:29:36.352+0900] {logger.py:11} INFO - Get LATEST chromedriver version for google-chrome
[2024-02-22T09:29:36.435+0900] {logger.py:11} INFO - Get LATEST chromedriver version for google-chrome
[2024-02-22T09:29:36.517+0900] {logger.py:11} INFO - Driver [/home/ubuntu/.wdm/drivers/chromedriver/linux64/121.0.6167.184/chromedriver-linux64/chromedriver] found in cache
[2024-02-22T09:29:37.192+0900] {Naver_News_Collect.py:118} INFO - 접속완료
[2024-02-22T09:29:38.199+0900] {Naver_News_Collect.py:121} INFO - 48 Start
[2024-02-22T09:30:00.880+0900] {Naver_News_Collect.py:157} INFO - 49 End
[2024-02-22T09:30:03.884+0900] {logger.py:11} INFO - ====== WebDriver manager ======
[2024-02-22T09:30:03.967+0900] {logger.py:11} INFO - Get LATEST chromedriver version for google-chrome
[2024-02-22T09:30:04.050+0900] {logger.py:11} INFO - Get LATEST chromedriver version for google-chrome
[2024-02-22T09:30:04.133+0900] {logger.py:11} INFO - Driver [/home/ubuntu/.wdm/drivers/chromedriver/linux64/121.0.6167.184/chromedriver-linux64/chromedriver] found in cache
[2024-02-22T09:30:04.798+0900] {Naver_News_Collect.py:118} INFO - 접속완료
[2024-02-22T09:30:05.797+0900] {Naver_News_Collect.py:121} INFO - 49 Start
[2024-02-22T09:30:28.657+0900] {Naver_News_Collect.py:157} INFO - 50 End
[2024-02-22T09:30:30.660+0900] {logger.py:11} INFO - ====== WebDriver manager ======
[2024-02-22T09:30:30.741+0900] {logger.py:11} INFO - Get LATEST chromedriver version for google-chrome
[2024-02-22T09:30:30.823+0900] {logger.py:11} INFO - Get LATEST chromedriver version for google-chrome
[2024-02-22T09:30:30.905+0900] {logger.py:11} INFO - Driver [/home/ubuntu/.wdm/drivers/chromedriver/linux64/121.0.6167.184/chromedriver-linux64/chromedriver] found in cache
[2024-02-22T09:30:31.578+0900] {Naver_News_Collect.py:118} INFO - 접속완료
[2024-02-22T09:30:32.559+0900] {Naver_News_Collect.py:121} INFO - 50 Start
[2024-02-22T09:30:55.470+0900] {Naver_News_Collect.py:157} INFO - 51 End
[2024-02-22T09:30:57.472+0900] {logger.py:11} INFO - ====== WebDriver manager ======
[2024-02-22T09:30:57.554+0900] {logger.py:11} INFO - Get LATEST chromedriver version for google-chrome
[2024-02-22T09:30:57.637+0900] {logger.py:11} INFO - Get LATEST chromedriver version for google-chrome
[2024-02-22T09:30:57.719+0900] {logger.py:11} INFO - Driver [/home/ubuntu/.wdm/drivers/chromedriver/linux64/121.0.6167.184/chromedriver-linux64/chromedriver] found in cache
[2024-02-22T09:30:58.380+0900] {Naver_News_Collect.py:118} INFO - 접속완료
[2024-02-22T09:30:59.098+0900] {Naver_News_Collect.py:121} INFO - 51 Start
[2024-02-22T09:31:21.474+0900] {Naver_News_Collect.py:157} INFO - 52 End
[2024-02-22T09:31:24.477+0900] {logger.py:11} INFO - ====== WebDriver manager ======
[2024-02-22T09:31:24.557+0900] {logger.py:11} INFO - Get LATEST chromedriver version for google-chrome
[2024-02-22T09:31:24.641+0900] {logger.py:11} INFO - Get LATEST chromedriver version for google-chrome
[2024-02-22T09:31:24.723+0900] {logger.py:11} INFO - Driver [/home/ubuntu/.wdm/drivers/chromedriver/linux64/121.0.6167.184/chromedriver-linux64/chromedriver] found in cache
[2024-02-22T09:31:25.399+0900] {Naver_News_Collect.py:118} INFO - 접속완료
[2024-02-22T09:31:26.492+0900] {Naver_News_Collect.py:121} INFO - 52 Start
[2024-02-22T09:31:49.177+0900] {Naver_News_Collect.py:157} INFO - 53 End
[2024-02-22T09:31:51.180+0900] {logger.py:11} INFO - ====== WebDriver manager ======
[2024-02-22T09:31:51.262+0900] {logger.py:11} INFO - Get LATEST chromedriver version for google-chrome
[2024-02-22T09:31:51.344+0900] {logger.py:11} INFO - Get LATEST chromedriver version for google-chrome
[2024-02-22T09:31:51.427+0900] {logger.py:11} INFO - Driver [/home/ubuntu/.wdm/drivers/chromedriver/linux64/121.0.6167.184/chromedriver-linux64/chromedriver] found in cache
[2024-02-22T09:31:52.100+0900] {Naver_News_Collect.py:118} INFO - 접속완료
[2024-02-22T09:31:53.116+0900] {Naver_News_Collect.py:121} INFO - 53 Start
[2024-02-22T09:32:06.269+0900] {Naver_News_Collect.py:157} INFO - 54 End
[2024-02-22T09:32:08.271+0900] {logger.py:11} INFO - ====== WebDriver manager ======
[2024-02-22T09:32:08.352+0900] {logger.py:11} INFO - Get LATEST chromedriver version for google-chrome
[2024-02-22T09:32:08.434+0900] {logger.py:11} INFO - Get LATEST chromedriver version for google-chrome
[2024-02-22T09:32:08.517+0900] {logger.py:11} INFO - Driver [/home/ubuntu/.wdm/drivers/chromedriver/linux64/121.0.6167.184/chromedriver-linux64/chromedriver] found in cache
[2024-02-22T09:32:09.190+0900] {Naver_News_Collect.py:118} INFO - 접속완료
[2024-02-22T09:32:10.149+0900] {Naver_News_Collect.py:121} INFO - 54 Start
[2024-02-22T09:32:32.944+0900] {Naver_News_Collect.py:157} INFO - 55 End
[2024-02-22T09:32:35.947+0900] {logger.py:11} INFO - ====== WebDriver manager ======
[2024-02-22T09:32:36.032+0900] {logger.py:11} INFO - Get LATEST chromedriver version for google-chrome
[2024-02-22T09:32:36.114+0900] {logger.py:11} INFO - Get LATEST chromedriver version for google-chrome
[2024-02-22T09:32:36.197+0900] {logger.py:11} INFO - Driver [/home/ubuntu/.wdm/drivers/chromedriver/linux64/121.0.6167.184/chromedriver-linux64/chromedriver] found in cache
[2024-02-22T09:32:36.870+0900] {Naver_News_Collect.py:118} INFO - 접속완료
[2024-02-22T09:33:06.950+0900] {Naver_News_Collect.py:121} INFO - 55 Start
[2024-02-22T09:33:17.021+0900] {Naver_News_Collect.py:157} INFO - 55 End
[2024-02-22T09:33:20.024+0900] {logger.py:11} INFO - ====== WebDriver manager ======
[2024-02-22T09:33:20.103+0900] {logger.py:11} INFO - Get LATEST chromedriver version for google-chrome
[2024-02-22T09:33:20.185+0900] {logger.py:11} INFO - Get LATEST chromedriver version for google-chrome
[2024-02-22T09:33:20.267+0900] {logger.py:11} INFO - Driver [/home/ubuntu/.wdm/drivers/chromedriver/linux64/121.0.6167.184/chromedriver-linux64/chromedriver] found in cache
[2024-02-22T09:33:20.941+0900] {Naver_News_Collect.py:118} INFO - 접속완료
[2024-02-22T09:33:21.871+0900] {Naver_News_Collect.py:121} INFO - 55 Start
[2024-02-22T09:33:44.673+0900] {Naver_News_Collect.py:157} INFO - 56 End
[2024-02-22T09:33:47.677+0900] {logger.py:11} INFO - ====== WebDriver manager ======
[2024-02-22T09:33:47.758+0900] {logger.py:11} INFO - Get LATEST chromedriver version for google-chrome
[2024-02-22T09:33:47.840+0900] {logger.py:11} INFO - Get LATEST chromedriver version for google-chrome
[2024-02-22T09:33:47.922+0900] {logger.py:11} INFO - Driver [/home/ubuntu/.wdm/drivers/chromedriver/linux64/121.0.6167.184/chromedriver-linux64/chromedriver] found in cache
[2024-02-22T09:33:48.594+0900] {Naver_News_Collect.py:118} INFO - 접속완료
[2024-02-22T09:33:49.614+0900] {Naver_News_Collect.py:121} INFO - 56 Start
[2024-02-22T09:34:12.401+0900] {Naver_News_Collect.py:157} INFO - 57 End
[2024-02-22T09:34:15.405+0900] {logger.py:11} INFO - ====== WebDriver manager ======
[2024-02-22T09:34:15.488+0900] {logger.py:11} INFO - Get LATEST chromedriver version for google-chrome
[2024-02-22T09:34:15.573+0900] {logger.py:11} INFO - Get LATEST chromedriver version for google-chrome
[2024-02-22T09:34:15.656+0900] {logger.py:11} INFO - Driver [/home/ubuntu/.wdm/drivers/chromedriver/linux64/121.0.6167.184/chromedriver-linux64/chromedriver] found in cache
[2024-02-22T09:34:16.321+0900] {Naver_News_Collect.py:118} INFO - 접속완료
[2024-02-22T09:34:17.283+0900] {Naver_News_Collect.py:121} INFO - 57 Start
[2024-02-22T09:34:40.065+0900] {Naver_News_Collect.py:157} INFO - 58 End
[2024-02-22T09:34:42.067+0900] {logger.py:11} INFO - ====== WebDriver manager ======
[2024-02-22T09:34:42.147+0900] {logger.py:11} INFO - Get LATEST chromedriver version for google-chrome
[2024-02-22T09:34:42.230+0900] {logger.py:11} INFO - Get LATEST chromedriver version for google-chrome
[2024-02-22T09:34:42.312+0900] {logger.py:11} INFO - Driver [/home/ubuntu/.wdm/drivers/chromedriver/linux64/121.0.6167.184/chromedriver-linux64/chromedriver] found in cache
[2024-02-22T09:34:42.993+0900] {Naver_News_Collect.py:118} INFO - 접속완료
[2024-02-22T09:35:13.079+0900] {Naver_News_Collect.py:121} INFO - 58 Start
[2024-02-22T09:35:23.169+0900] {Naver_News_Collect.py:157} INFO - 58 End
[2024-02-22T09:35:25.172+0900] {logger.py:11} INFO - ====== WebDriver manager ======
[2024-02-22T09:35:25.252+0900] {logger.py:11} INFO - Get LATEST chromedriver version for google-chrome
[2024-02-22T09:35:25.336+0900] {logger.py:11} INFO - Get LATEST chromedriver version for google-chrome
[2024-02-22T09:35:25.419+0900] {logger.py:11} INFO - Driver [/home/ubuntu/.wdm/drivers/chromedriver/linux64/121.0.6167.184/chromedriver-linux64/chromedriver] found in cache
[2024-02-22T09:35:26.088+0900] {Naver_News_Collect.py:118} INFO - 접속완료
[2024-02-22T09:35:27.059+0900] {Naver_News_Collect.py:121} INFO - 58 Start
[2024-02-22T09:35:49.939+0900] {Naver_News_Collect.py:157} INFO - 59 End
[2024-02-22T09:35:52.943+0900] {logger.py:11} INFO - ====== WebDriver manager ======
[2024-02-22T09:35:53.023+0900] {logger.py:11} INFO - Get LATEST chromedriver version for google-chrome
[2024-02-22T09:35:53.106+0900] {logger.py:11} INFO - Get LATEST chromedriver version for google-chrome
[2024-02-22T09:35:53.188+0900] {logger.py:11} INFO - Driver [/home/ubuntu/.wdm/drivers/chromedriver/linux64/121.0.6167.184/chromedriver-linux64/chromedriver] found in cache
[2024-02-22T09:35:53.855+0900] {Naver_News_Collect.py:118} INFO - 접속완료
[2024-02-22T09:35:54.842+0900] {Naver_News_Collect.py:121} INFO - 59 Start
[2024-02-22T09:36:07.810+0900] {Naver_News_Collect.py:157} INFO - 60 End
[2024-02-22T09:36:10.813+0900] {logger.py:11} INFO - ====== WebDriver manager ======
[2024-02-22T09:36:10.896+0900] {logger.py:11} INFO - Get LATEST chromedriver version for google-chrome
[2024-02-22T09:36:10.978+0900] {logger.py:11} INFO - Get LATEST chromedriver version for google-chrome
[2024-02-22T09:36:11.061+0900] {logger.py:11} INFO - Driver [/home/ubuntu/.wdm/drivers/chromedriver/linux64/121.0.6167.184/chromedriver-linux64/chromedriver] found in cache
[2024-02-22T09:36:11.737+0900] {Naver_News_Collect.py:118} INFO - 접속완료
[2024-02-22T09:36:41.819+0900] {Naver_News_Collect.py:121} INFO - 60 Start
[2024-02-22T09:36:51.932+0900] {Naver_News_Collect.py:157} INFO - 60 End
[2024-02-22T09:36:53.934+0900] {logger.py:11} INFO - ====== WebDriver manager ======
[2024-02-22T09:36:54.016+0900] {logger.py:11} INFO - Get LATEST chromedriver version for google-chrome
[2024-02-22T09:36:54.101+0900] {logger.py:11} INFO - Get LATEST chromedriver version for google-chrome
[2024-02-22T09:36:54.182+0900] {logger.py:11} INFO - Driver [/home/ubuntu/.wdm/drivers/chromedriver/linux64/121.0.6167.184/chromedriver-linux64/chromedriver] found in cache
[2024-02-22T09:36:54.856+0900] {Naver_News_Collect.py:118} INFO - 접속완료
[2024-02-22T09:36:55.862+0900] {Naver_News_Collect.py:121} INFO - 60 Start
[2024-02-22T09:37:18.597+0900] {Naver_News_Collect.py:157} INFO - 61 End
[2024-02-22T09:37:21.600+0900] {logger.py:11} INFO - ====== WebDriver manager ======
[2024-02-22T09:37:21.681+0900] {logger.py:11} INFO - Get LATEST chromedriver version for google-chrome
[2024-02-22T09:37:21.764+0900] {logger.py:11} INFO - Get LATEST chromedriver version for google-chrome
[2024-02-22T09:37:21.846+0900] {logger.py:11} INFO - Driver [/home/ubuntu/.wdm/drivers/chromedriver/linux64/121.0.6167.184/chromedriver-linux64/chromedriver] found in cache
[2024-02-22T09:37:22.503+0900] {Naver_News_Collect.py:118} INFO - 접속완료
[2024-02-22T09:37:23.508+0900] {Naver_News_Collect.py:121} INFO - 61 Start
[2024-02-22T09:37:46.281+0900] {Naver_News_Collect.py:157} INFO - 62 End
[2024-02-22T09:37:48.284+0900] {logger.py:11} INFO - ====== WebDriver manager ======
[2024-02-22T09:37:48.364+0900] {logger.py:11} INFO - Get LATEST chromedriver version for google-chrome
[2024-02-22T09:37:48.446+0900] {logger.py:11} INFO - Get LATEST chromedriver version for google-chrome
[2024-02-22T09:37:48.528+0900] {logger.py:11} INFO - Driver [/home/ubuntu/.wdm/drivers/chromedriver/linux64/121.0.6167.184/chromedriver-linux64/chromedriver] found in cache
[2024-02-22T09:37:49.205+0900] {Naver_News_Collect.py:118} INFO - 접속완료
[2024-02-22T09:37:50.288+0900] {Naver_News_Collect.py:121} INFO - 62 Start
[2024-02-22T09:38:13.284+0900] {Naver_News_Collect.py:157} INFO - 63 End
[2024-02-22T09:38:15.286+0900] {logger.py:11} INFO - ====== WebDriver manager ======
[2024-02-22T09:38:15.367+0900] {logger.py:11} INFO - Get LATEST chromedriver version for google-chrome
[2024-02-22T09:38:15.448+0900] {logger.py:11} INFO - Get LATEST chromedriver version for google-chrome
[2024-02-22T09:38:15.531+0900] {logger.py:11} INFO - Driver [/home/ubuntu/.wdm/drivers/chromedriver/linux64/121.0.6167.184/chromedriver-linux64/chromedriver] found in cache
[2024-02-22T09:38:16.188+0900] {Naver_News_Collect.py:118} INFO - 접속완료
[2024-02-22T09:38:17.255+0900] {Naver_News_Collect.py:121} INFO - 63 Start
[2024-02-22T09:38:40.057+0900] {Naver_News_Collect.py:157} INFO - 64 End
[2024-02-22T09:38:42.060+0900] {logger.py:11} INFO - ====== WebDriver manager ======
[2024-02-22T09:38:42.140+0900] {logger.py:11} INFO - Get LATEST chromedriver version for google-chrome
[2024-02-22T09:38:42.222+0900] {logger.py:11} INFO - Get LATEST chromedriver version for google-chrome
[2024-02-22T09:38:42.304+0900] {logger.py:11} INFO - Driver [/home/ubuntu/.wdm/drivers/chromedriver/linux64/121.0.6167.184/chromedriver-linux64/chromedriver] found in cache
[2024-02-22T09:38:42.978+0900] {Naver_News_Collect.py:118} INFO - 접속완료
[2024-02-22T09:38:43.669+0900] {Naver_News_Collect.py:121} INFO - 64 Start
[2024-02-22T09:39:06.116+0900] {Naver_News_Collect.py:157} INFO - 65 End
[2024-02-22T09:39:08.118+0900] {logger.py:11} INFO - ====== WebDriver manager ======
[2024-02-22T09:39:08.199+0900] {logger.py:11} INFO - Get LATEST chromedriver version for google-chrome
[2024-02-22T09:39:08.282+0900] {logger.py:11} INFO - Get LATEST chromedriver version for google-chrome
[2024-02-22T09:39:08.365+0900] {logger.py:11} INFO - Driver [/home/ubuntu/.wdm/drivers/chromedriver/linux64/121.0.6167.184/chromedriver-linux64/chromedriver] found in cache
[2024-02-22T09:39:09.023+0900] {Naver_News_Collect.py:118} INFO - 접속완료
[2024-02-22T09:39:09.734+0900] {Naver_News_Collect.py:121} INFO - 65 Start
[2024-02-22T09:39:32.139+0900] {Naver_News_Collect.py:157} INFO - 66 End
[2024-02-22T09:39:34.142+0900] {logger.py:11} INFO - ====== WebDriver manager ======
[2024-02-22T09:39:34.222+0900] {logger.py:11} INFO - Get LATEST chromedriver version for google-chrome
[2024-02-22T09:39:34.317+0900] {logger.py:11} INFO - Get LATEST chromedriver version for google-chrome
[2024-02-22T09:39:34.399+0900] {logger.py:11} INFO - Driver [/home/ubuntu/.wdm/drivers/chromedriver/linux64/121.0.6167.184/chromedriver-linux64/chromedriver] found in cache
[2024-02-22T09:39:35.075+0900] {Naver_News_Collect.py:118} INFO - 접속완료
[2024-02-22T09:39:36.031+0900] {Naver_News_Collect.py:121} INFO - 66 Start
[2024-02-22T09:39:48.878+0900] {Naver_News_Collect.py:157} INFO - 67 End
[2024-02-22T09:39:50.881+0900] {logger.py:11} INFO - ====== WebDriver manager ======
[2024-02-22T09:39:50.962+0900] {logger.py:11} INFO - Get LATEST chromedriver version for google-chrome
[2024-02-22T09:39:51.043+0900] {logger.py:11} INFO - Get LATEST chromedriver version for google-chrome
[2024-02-22T09:39:51.126+0900] {logger.py:11} INFO - Driver [/home/ubuntu/.wdm/drivers/chromedriver/linux64/121.0.6167.184/chromedriver-linux64/chromedriver] found in cache
[2024-02-22T09:39:51.791+0900] {Naver_News_Collect.py:118} INFO - 접속완료
[2024-02-22T09:39:52.768+0900] {Naver_News_Collect.py:121} INFO - 67 Start
[2024-02-22T09:40:05.648+0900] {Naver_News_Collect.py:157} INFO - 68 End
[2024-02-22T09:40:08.652+0900] {logger.py:11} INFO - ====== WebDriver manager ======
[2024-02-22T09:40:08.734+0900] {logger.py:11} INFO - Get LATEST chromedriver version for google-chrome
[2024-02-22T09:40:08.817+0900] {logger.py:11} INFO - Get LATEST chromedriver version for google-chrome
[2024-02-22T09:40:08.899+0900] {logger.py:11} INFO - Driver [/home/ubuntu/.wdm/drivers/chromedriver/linux64/121.0.6167.184/chromedriver-linux64/chromedriver] found in cache
[2024-02-22T09:40:09.573+0900] {Naver_News_Collect.py:118} INFO - 접속완료
[2024-02-22T09:40:10.269+0900] {Naver_News_Collect.py:121} INFO - 68 Start
[2024-02-22T09:40:32.980+0900] {Naver_News_Collect.py:157} INFO - 69 End
[2024-02-22T09:40:34.983+0900] {logger.py:11} INFO - ====== WebDriver manager ======
[2024-02-22T09:40:35.064+0900] {logger.py:11} INFO - Get LATEST chromedriver version for google-chrome
[2024-02-22T09:40:35.146+0900] {logger.py:11} INFO - Get LATEST chromedriver version for google-chrome
[2024-02-22T09:40:35.229+0900] {logger.py:11} INFO - Driver [/home/ubuntu/.wdm/drivers/chromedriver/linux64/121.0.6167.184/chromedriver-linux64/chromedriver] found in cache
[2024-02-22T09:40:35.910+0900] {Naver_News_Collect.py:118} INFO - 접속완료
[2024-02-22T09:40:36.921+0900] {Naver_News_Collect.py:121} INFO - 69 Start
[2024-02-22T09:40:59.794+0900] {Naver_News_Collect.py:157} INFO - 70 End
[2024-02-22T09:41:01.796+0900] {logger.py:11} INFO - ====== WebDriver manager ======
[2024-02-22T09:41:01.878+0900] {logger.py:11} INFO - Get LATEST chromedriver version for google-chrome
[2024-02-22T09:41:01.962+0900] {logger.py:11} INFO - Get LATEST chromedriver version for google-chrome
[2024-02-22T09:41:02.045+0900] {logger.py:11} INFO - Driver [/home/ubuntu/.wdm/drivers/chromedriver/linux64/121.0.6167.184/chromedriver-linux64/chromedriver] found in cache
[2024-02-22T09:41:02.722+0900] {Naver_News_Collect.py:118} INFO - 접속완료
[2024-02-22T09:41:03.724+0900] {Naver_News_Collect.py:121} INFO - 70 Start
[2024-02-22T09:41:16.753+0900] {Naver_News_Collect.py:157} INFO - 71 End
[2024-02-22T09:41:18.755+0900] {logger.py:11} INFO - ====== WebDriver manager ======
[2024-02-22T09:41:18.835+0900] {logger.py:11} INFO - Get LATEST chromedriver version for google-chrome
[2024-02-22T09:41:18.918+0900] {logger.py:11} INFO - Get LATEST chromedriver version for google-chrome
[2024-02-22T09:41:18.998+0900] {logger.py:11} INFO - Driver [/home/ubuntu/.wdm/drivers/chromedriver/linux64/121.0.6167.184/chromedriver-linux64/chromedriver] found in cache
[2024-02-22T09:41:19.659+0900] {Naver_News_Collect.py:118} INFO - 접속완료
[2024-02-22T09:41:20.637+0900] {Naver_News_Collect.py:121} INFO - 71 Start
[2024-02-22T09:41:43.436+0900] {Naver_News_Collect.py:157} INFO - 72 End
[2024-02-22T09:41:45.438+0900] {logger.py:11} INFO - ====== WebDriver manager ======
[2024-02-22T09:41:45.519+0900] {logger.py:11} INFO - Get LATEST chromedriver version for google-chrome
[2024-02-22T09:41:45.601+0900] {logger.py:11} INFO - Get LATEST chromedriver version for google-chrome
[2024-02-22T09:41:45.683+0900] {logger.py:11} INFO - Driver [/home/ubuntu/.wdm/drivers/chromedriver/linux64/121.0.6167.184/chromedriver-linux64/chromedriver] found in cache
[2024-02-22T09:41:46.350+0900] {Naver_News_Collect.py:118} INFO - 접속완료
[2024-02-22T09:41:47.388+0900] {Naver_News_Collect.py:121} INFO - 72 Start
[2024-02-22T09:42:10.204+0900] {Naver_News_Collect.py:157} INFO - 73 End
[2024-02-22T09:42:13.208+0900] {logger.py:11} INFO - ====== WebDriver manager ======
[2024-02-22T09:42:13.288+0900] {logger.py:11} INFO - Get LATEST chromedriver version for google-chrome
[2024-02-22T09:42:13.372+0900] {logger.py:11} INFO - Get LATEST chromedriver version for google-chrome
[2024-02-22T09:42:13.454+0900] {logger.py:11} INFO - Driver [/home/ubuntu/.wdm/drivers/chromedriver/linux64/121.0.6167.184/chromedriver-linux64/chromedriver] found in cache
[2024-02-22T09:42:14.126+0900] {Naver_News_Collect.py:118} INFO - 접속완료
[2024-02-22T09:42:15.157+0900] {Naver_News_Collect.py:121} INFO - 73 Start
[2024-02-22T09:42:37.907+0900] {Naver_News_Collect.py:157} INFO - 74 End
[2024-02-22T09:42:40.910+0900] {logger.py:11} INFO - ====== WebDriver manager ======
[2024-02-22T09:42:40.990+0900] {logger.py:11} INFO - Get LATEST chromedriver version for google-chrome
[2024-02-22T09:42:41.073+0900] {logger.py:11} INFO - Get LATEST chromedriver version for google-chrome
[2024-02-22T09:42:41.155+0900] {logger.py:11} INFO - Driver [/home/ubuntu/.wdm/drivers/chromedriver/linux64/121.0.6167.184/chromedriver-linux64/chromedriver] found in cache
[2024-02-22T09:42:41.814+0900] {Naver_News_Collect.py:118} INFO - 접속완료
[2024-02-22T09:42:42.785+0900] {Naver_News_Collect.py:121} INFO - 74 Start
[2024-02-22T09:43:05.569+0900] {Naver_News_Collect.py:157} INFO - 75 End
[2024-02-22T09:43:08.573+0900] {logger.py:11} INFO - ====== WebDriver manager ======
[2024-02-22T09:43:08.652+0900] {logger.py:11} INFO - Get LATEST chromedriver version for google-chrome
[2024-02-22T09:43:08.734+0900] {logger.py:11} INFO - Get LATEST chromedriver version for google-chrome
[2024-02-22T09:43:08.815+0900] {logger.py:11} INFO - Driver [/home/ubuntu/.wdm/drivers/chromedriver/linux64/121.0.6167.184/chromedriver-linux64/chromedriver] found in cache
[2024-02-22T09:43:09.471+0900] {Naver_News_Collect.py:118} INFO - 접속완료
[2024-02-22T09:43:10.476+0900] {Naver_News_Collect.py:121} INFO - 75 Start
[2024-02-22T09:43:23.396+0900] {Naver_News_Collect.py:157} INFO - 76 End
[2024-02-22T09:43:25.398+0900] {logger.py:11} INFO - ====== WebDriver manager ======
[2024-02-22T09:43:25.479+0900] {logger.py:11} INFO - Get LATEST chromedriver version for google-chrome
[2024-02-22T09:43:25.561+0900] {logger.py:11} INFO - Get LATEST chromedriver version for google-chrome
[2024-02-22T09:43:25.642+0900] {logger.py:11} INFO - Driver [/home/ubuntu/.wdm/drivers/chromedriver/linux64/121.0.6167.184/chromedriver-linux64/chromedriver] found in cache
[2024-02-22T09:43:26.311+0900] {Naver_News_Collect.py:118} INFO - 접속완료
[2024-02-22T09:43:27.029+0900] {Naver_News_Collect.py:121} INFO - 76 Start
[2024-02-22T09:43:49.372+0900] {Naver_News_Collect.py:157} INFO - 77 End
[2024-02-22T09:43:51.375+0900] {logger.py:11} INFO - ====== WebDriver manager ======
[2024-02-22T09:43:51.457+0900] {logger.py:11} INFO - Get LATEST chromedriver version for google-chrome
[2024-02-22T09:43:51.539+0900] {logger.py:11} INFO - Get LATEST chromedriver version for google-chrome
[2024-02-22T09:43:51.621+0900] {logger.py:11} INFO - Driver [/home/ubuntu/.wdm/drivers/chromedriver/linux64/121.0.6167.184/chromedriver-linux64/chromedriver] found in cache
[2024-02-22T09:43:52.296+0900] {Naver_News_Collect.py:118} INFO - 접속완료
[2024-02-22T09:43:53.368+0900] {Naver_News_Collect.py:121} INFO - 77 Start
[2024-02-22T09:44:16.090+0900] {Naver_News_Collect.py:157} INFO - 78 End
[2024-02-22T09:44:18.093+0900] {logger.py:11} INFO - ====== WebDriver manager ======
[2024-02-22T09:44:18.173+0900] {logger.py:11} INFO - Get LATEST chromedriver version for google-chrome
[2024-02-22T09:44:18.255+0900] {logger.py:11} INFO - Get LATEST chromedriver version for google-chrome
[2024-02-22T09:44:18.337+0900] {logger.py:11} INFO - Driver [/home/ubuntu/.wdm/drivers/chromedriver/linux64/121.0.6167.184/chromedriver-linux64/chromedriver] found in cache
[2024-02-22T09:44:19.009+0900] {Naver_News_Collect.py:118} INFO - 접속완료
[2024-02-22T09:44:19.994+0900] {Naver_News_Collect.py:121} INFO - 78 Start
[2024-02-22T09:44:42.815+0900] {Naver_News_Collect.py:157} INFO - 79 End
[2024-02-22T09:44:45.818+0900] {logger.py:11} INFO - ====== WebDriver manager ======
[2024-02-22T09:44:45.899+0900] {logger.py:11} INFO - Get LATEST chromedriver version for google-chrome
[2024-02-22T09:44:45.982+0900] {logger.py:11} INFO - Get LATEST chromedriver version for google-chrome
[2024-02-22T09:44:46.063+0900] {logger.py:11} INFO - Driver [/home/ubuntu/.wdm/drivers/chromedriver/linux64/121.0.6167.184/chromedriver-linux64/chromedriver] found in cache
[2024-02-22T09:44:46.736+0900] {Naver_News_Collect.py:118} INFO - 접속완료
[2024-02-22T09:44:47.743+0900] {Naver_News_Collect.py:121} INFO - 79 Start
[2024-02-22T09:45:10.551+0900] {Naver_News_Collect.py:157} INFO - 80 End
[2024-02-22T09:45:13.554+0900] {logger.py:11} INFO - ====== WebDriver manager ======
[2024-02-22T09:45:13.637+0900] {logger.py:11} INFO - Get LATEST chromedriver version for google-chrome
[2024-02-22T09:45:13.719+0900] {logger.py:11} INFO - Get LATEST chromedriver version for google-chrome
[2024-02-22T09:45:13.801+0900] {logger.py:11} INFO - Driver [/home/ubuntu/.wdm/drivers/chromedriver/linux64/121.0.6167.184/chromedriver-linux64/chromedriver] found in cache
[2024-02-22T09:45:14.482+0900] {Naver_News_Collect.py:118} INFO - 접속완료
[2024-02-22T09:45:15.532+0900] {Naver_News_Collect.py:121} INFO - 80 Start
[2024-02-22T09:45:38.439+0900] {Naver_News_Collect.py:157} INFO - 81 End
[2024-02-22T09:45:40.441+0900] {logger.py:11} INFO - ====== WebDriver manager ======
[2024-02-22T09:45:40.523+0900] {logger.py:11} INFO - Get LATEST chromedriver version for google-chrome
[2024-02-22T09:45:40.606+0900] {logger.py:11} INFO - Get LATEST chromedriver version for google-chrome
[2024-02-22T09:45:40.688+0900] {logger.py:11} INFO - Driver [/home/ubuntu/.wdm/drivers/chromedriver/linux64/121.0.6167.184/chromedriver-linux64/chromedriver] found in cache
[2024-02-22T09:45:41.361+0900] {Naver_News_Collect.py:118} INFO - 접속완료
[2024-02-22T09:45:42.373+0900] {Naver_News_Collect.py:121} INFO - 81 Start
[2024-02-22T09:46:05.307+0900] {Naver_News_Collect.py:157} INFO - 82 End
[2024-02-22T09:46:08.311+0900] {logger.py:11} INFO - ====== WebDriver manager ======
[2024-02-22T09:46:08.391+0900] {logger.py:11} INFO - Get LATEST chromedriver version for google-chrome
[2024-02-22T09:46:08.473+0900] {logger.py:11} INFO - Get LATEST chromedriver version for google-chrome
[2024-02-22T09:46:08.556+0900] {logger.py:11} INFO - Driver [/home/ubuntu/.wdm/drivers/chromedriver/linux64/121.0.6167.184/chromedriver-linux64/chromedriver] found in cache
[2024-02-22T09:46:09.230+0900] {Naver_News_Collect.py:118} INFO - 접속완료
[2024-02-22T09:46:09.953+0900] {Naver_News_Collect.py:121} INFO - 82 Start
[2024-02-22T09:46:33.307+0900] {Naver_News_Collect.py:157} INFO - 83 End
[2024-02-22T09:46:36.310+0900] {logger.py:11} INFO - ====== WebDriver manager ======
[2024-02-22T09:46:36.392+0900] {logger.py:11} INFO - Get LATEST chromedriver version for google-chrome
[2024-02-22T09:46:36.473+0900] {logger.py:11} INFO - Get LATEST chromedriver version for google-chrome
[2024-02-22T09:46:36.555+0900] {logger.py:11} INFO - Driver [/home/ubuntu/.wdm/drivers/chromedriver/linux64/121.0.6167.184/chromedriver-linux64/chromedriver] found in cache
[2024-02-22T09:46:37.230+0900] {Naver_News_Collect.py:118} INFO - 접속완료
[2024-02-22T09:47:07.303+0900] {Naver_News_Collect.py:121} INFO - 83 Start
[2024-02-22T09:47:17.373+0900] {Naver_News_Collect.py:157} INFO - 83 End
[2024-02-22T09:47:20.377+0900] {logger.py:11} INFO - ====== WebDriver manager ======
[2024-02-22T09:47:20.458+0900] {logger.py:11} INFO - Get LATEST chromedriver version for google-chrome
[2024-02-22T09:47:20.543+0900] {logger.py:11} INFO - Get LATEST chromedriver version for google-chrome
[2024-02-22T09:47:20.625+0900] {logger.py:11} INFO - Driver [/home/ubuntu/.wdm/drivers/chromedriver/linux64/121.0.6167.184/chromedriver-linux64/chromedriver] found in cache
[2024-02-22T09:47:21.300+0900] {Naver_News_Collect.py:118} INFO - 접속완료
[2024-02-22T09:47:22.324+0900] {Naver_News_Collect.py:121} INFO - 83 Start
[2024-02-22T09:47:35.196+0900] {Naver_News_Collect.py:157} INFO - 84 End
[2024-02-22T09:47:37.199+0900] {logger.py:11} INFO - ====== WebDriver manager ======
[2024-02-22T09:47:37.279+0900] {logger.py:11} INFO - Get LATEST chromedriver version for google-chrome
[2024-02-22T09:47:37.363+0900] {logger.py:11} INFO - Get LATEST chromedriver version for google-chrome
[2024-02-22T09:47:37.444+0900] {logger.py:11} INFO - Driver [/home/ubuntu/.wdm/drivers/chromedriver/linux64/121.0.6167.184/chromedriver-linux64/chromedriver] found in cache
[2024-02-22T09:47:38.119+0900] {Naver_News_Collect.py:118} INFO - 접속완료
[2024-02-22T09:47:39.137+0900] {Naver_News_Collect.py:121} INFO - 84 Start
[2024-02-22T09:48:01.808+0900] {Naver_News_Collect.py:157} INFO - 85 End
[2024-02-22T09:48:04.812+0900] {logger.py:11} INFO - ====== WebDriver manager ======
[2024-02-22T09:48:04.893+0900] {logger.py:11} INFO - Get LATEST chromedriver version for google-chrome
[2024-02-22T09:48:04.975+0900] {logger.py:11} INFO - Get LATEST chromedriver version for google-chrome
[2024-02-22T09:48:05.057+0900] {logger.py:11} INFO - Driver [/home/ubuntu/.wdm/drivers/chromedriver/linux64/121.0.6167.184/chromedriver-linux64/chromedriver] found in cache
[2024-02-22T09:48:05.734+0900] {Naver_News_Collect.py:118} INFO - 접속완료
[2024-02-22T09:48:06.843+0900] {Naver_News_Collect.py:121} INFO - 85 Start
[2024-02-22T09:48:29.632+0900] {Naver_News_Collect.py:157} INFO - 86 End
[2024-02-22T09:48:32.636+0900] {logger.py:11} INFO - ====== WebDriver manager ======
[2024-02-22T09:48:32.717+0900] {logger.py:11} INFO - Get LATEST chromedriver version for google-chrome
[2024-02-22T09:48:32.801+0900] {logger.py:11} INFO - Get LATEST chromedriver version for google-chrome
[2024-02-22T09:48:32.883+0900] {logger.py:11} INFO - Driver [/home/ubuntu/.wdm/drivers/chromedriver/linux64/121.0.6167.184/chromedriver-linux64/chromedriver] found in cache
[2024-02-22T09:48:33.544+0900] {Naver_News_Collect.py:118} INFO - 접속완료
[2024-02-22T09:48:34.552+0900] {Naver_News_Collect.py:121} INFO - 86 Start
[2024-02-22T09:48:57.343+0900] {Naver_News_Collect.py:157} INFO - 87 End
[2024-02-22T09:49:00.347+0900] {logger.py:11} INFO - ====== WebDriver manager ======
[2024-02-22T09:49:00.428+0900] {logger.py:11} INFO - Get LATEST chromedriver version for google-chrome
[2024-02-22T09:49:00.510+0900] {logger.py:11} INFO - Get LATEST chromedriver version for google-chrome
[2024-02-22T09:49:00.591+0900] {logger.py:11} INFO - Driver [/home/ubuntu/.wdm/drivers/chromedriver/linux64/121.0.6167.184/chromedriver-linux64/chromedriver] found in cache
[2024-02-22T09:49:01.254+0900] {Naver_News_Collect.py:118} INFO - 접속완료
[2024-02-22T09:49:02.220+0900] {Naver_News_Collect.py:121} INFO - 87 Start
[2024-02-22T09:49:25.079+0900] {Naver_News_Collect.py:157} INFO - 88 End
[2024-02-22T09:49:28.082+0900] {logger.py:11} INFO - ====== WebDriver manager ======
[2024-02-22T09:49:28.163+0900] {logger.py:11} INFO - Get LATEST chromedriver version for google-chrome
[2024-02-22T09:49:28.245+0900] {logger.py:11} INFO - Get LATEST chromedriver version for google-chrome
[2024-02-22T09:49:28.327+0900] {logger.py:11} INFO - Driver [/home/ubuntu/.wdm/drivers/chromedriver/linux64/121.0.6167.184/chromedriver-linux64/chromedriver] found in cache
[2024-02-22T09:49:28.984+0900] {Naver_News_Collect.py:118} INFO - 접속완료
[2024-02-22T09:49:30.027+0900] {Naver_News_Collect.py:121} INFO - 88 Start
[2024-02-22T09:49:42.999+0900] {Naver_News_Collect.py:157} INFO - 89 End
[2024-02-22T09:49:46.003+0900] {logger.py:11} INFO - ====== WebDriver manager ======
[2024-02-22T09:49:46.085+0900] {logger.py:11} INFO - Get LATEST chromedriver version for google-chrome
[2024-02-22T09:49:46.171+0900] {logger.py:11} INFO - Get LATEST chromedriver version for google-chrome
[2024-02-22T09:49:46.254+0900] {logger.py:11} INFO - Driver [/home/ubuntu/.wdm/drivers/chromedriver/linux64/121.0.6167.184/chromedriver-linux64/chromedriver] found in cache
[2024-02-22T09:49:46.930+0900] {Naver_News_Collect.py:118} INFO - 접속완료
[2024-02-22T09:49:47.925+0900] {Naver_News_Collect.py:121} INFO - 89 Start
[2024-02-22T09:50:01.102+0900] {Naver_News_Collect.py:157} INFO - 90 End
[2024-02-22T09:50:03.105+0900] {logger.py:11} INFO - ====== WebDriver manager ======
[2024-02-22T09:50:03.187+0900] {logger.py:11} INFO - Get LATEST chromedriver version for google-chrome
[2024-02-22T09:50:03.269+0900] {logger.py:11} INFO - Get LATEST chromedriver version for google-chrome
[2024-02-22T09:50:03.350+0900] {logger.py:11} INFO - Driver [/home/ubuntu/.wdm/drivers/chromedriver/linux64/121.0.6167.184/chromedriver-linux64/chromedriver] found in cache
[2024-02-22T09:50:04.025+0900] {Naver_News_Collect.py:118} INFO - 접속완료
[2024-02-22T09:50:05.093+0900] {Naver_News_Collect.py:121} INFO - 90 Start
[2024-02-22T09:50:28.003+0900] {Naver_News_Collect.py:157} INFO - 91 End
[2024-02-22T09:50:31.007+0900] {logger.py:11} INFO - ====== WebDriver manager ======
[2024-02-22T09:50:31.089+0900] {logger.py:11} INFO - Get LATEST chromedriver version for google-chrome
[2024-02-22T09:50:31.171+0900] {logger.py:11} INFO - Get LATEST chromedriver version for google-chrome
[2024-02-22T09:50:31.253+0900] {logger.py:11} INFO - Driver [/home/ubuntu/.wdm/drivers/chromedriver/linux64/121.0.6167.184/chromedriver-linux64/chromedriver] found in cache
[2024-02-22T09:50:31.925+0900] {Naver_News_Collect.py:118} INFO - 접속완료
[2024-02-22T09:50:33.048+0900] {Naver_News_Collect.py:121} INFO - 91 Start
[2024-02-22T09:50:55.837+0900] {Naver_News_Collect.py:157} INFO - 92 End
[2024-02-22T09:50:58.840+0900] {logger.py:11} INFO - ====== WebDriver manager ======
[2024-02-22T09:50:58.920+0900] {logger.py:11} INFO - Get LATEST chromedriver version for google-chrome
[2024-02-22T09:50:59.003+0900] {logger.py:11} INFO - Get LATEST chromedriver version for google-chrome
[2024-02-22T09:50:59.084+0900] {logger.py:11} INFO - Driver [/home/ubuntu/.wdm/drivers/chromedriver/linux64/121.0.6167.184/chromedriver-linux64/chromedriver] found in cache
[2024-02-22T09:50:59.756+0900] {Naver_News_Collect.py:118} INFO - 접속완료
[2024-02-22T09:51:00.764+0900] {Naver_News_Collect.py:121} INFO - 92 Start
[2024-02-22T09:51:23.571+0900] {Naver_News_Collect.py:157} INFO - 93 End
[2024-02-22T09:51:25.574+0900] {logger.py:11} INFO - ====== WebDriver manager ======
[2024-02-22T09:51:25.654+0900] {logger.py:11} INFO - Get LATEST chromedriver version for google-chrome
[2024-02-22T09:51:25.735+0900] {logger.py:11} INFO - Get LATEST chromedriver version for google-chrome
[2024-02-22T09:51:25.818+0900] {logger.py:11} INFO - Driver [/home/ubuntu/.wdm/drivers/chromedriver/linux64/121.0.6167.184/chromedriver-linux64/chromedriver] found in cache
[2024-02-22T09:51:26.493+0900] {Naver_News_Collect.py:118} INFO - 접속완료
[2024-02-22T09:51:27.482+0900] {Naver_News_Collect.py:121} INFO - 93 Start
[2024-02-22T09:51:50.218+0900] {Naver_News_Collect.py:157} INFO - 94 End
[2024-02-22T09:51:53.221+0900] {logger.py:11} INFO - ====== WebDriver manager ======
[2024-02-22T09:51:53.301+0900] {logger.py:11} INFO - Get LATEST chromedriver version for google-chrome
[2024-02-22T09:51:53.385+0900] {logger.py:11} INFO - Get LATEST chromedriver version for google-chrome
[2024-02-22T09:51:53.467+0900] {logger.py:11} INFO - Driver [/home/ubuntu/.wdm/drivers/chromedriver/linux64/121.0.6167.184/chromedriver-linux64/chromedriver] found in cache
[2024-02-22T09:51:54.142+0900] {Naver_News_Collect.py:118} INFO - 접속완료
[2024-02-22T09:51:55.154+0900] {Naver_News_Collect.py:121} INFO - 94 Start
[2024-02-22T09:52:08.036+0900] {Naver_News_Collect.py:157} INFO - 95 End
[2024-02-22T09:52:10.038+0900] {logger.py:11} INFO - ====== WebDriver manager ======
[2024-02-22T09:52:10.119+0900] {logger.py:11} INFO - Get LATEST chromedriver version for google-chrome
[2024-02-22T09:52:10.203+0900] {logger.py:11} INFO - Get LATEST chromedriver version for google-chrome
[2024-02-22T09:52:10.285+0900] {logger.py:11} INFO - Driver [/home/ubuntu/.wdm/drivers/chromedriver/linux64/121.0.6167.184/chromedriver-linux64/chromedriver] found in cache
[2024-02-22T09:52:10.942+0900] {Naver_News_Collect.py:118} INFO - 접속완료
[2024-02-22T09:52:12.035+0900] {Naver_News_Collect.py:121} INFO - 95 Start
[2024-02-22T09:52:34.787+0900] {Naver_News_Collect.py:157} INFO - 96 End
[2024-02-22T09:52:36.789+0900] {logger.py:11} INFO - ====== WebDriver manager ======
[2024-02-22T09:52:36.869+0900] {logger.py:11} INFO - Get LATEST chromedriver version for google-chrome
[2024-02-22T09:52:36.953+0900] {logger.py:11} INFO - Get LATEST chromedriver version for google-chrome
[2024-02-22T09:52:37.035+0900] {logger.py:11} INFO - Driver [/home/ubuntu/.wdm/drivers/chromedriver/linux64/121.0.6167.184/chromedriver-linux64/chromedriver] found in cache
[2024-02-22T09:52:37.707+0900] {Naver_News_Collect.py:118} INFO - 접속완료
[2024-02-22T09:52:38.661+0900] {Naver_News_Collect.py:121} INFO - 96 Start
[2024-02-22T09:53:01.512+0900] {Naver_News_Collect.py:157} INFO - 97 End
[2024-02-22T09:53:03.513+0900] {logger.py:11} INFO - ====== WebDriver manager ======
[2024-02-22T09:53:03.593+0900] {logger.py:11} INFO - Get LATEST chromedriver version for google-chrome
[2024-02-22T09:53:03.675+0900] {logger.py:11} INFO - Get LATEST chromedriver version for google-chrome
[2024-02-22T09:53:03.757+0900] {logger.py:11} INFO - Driver [/home/ubuntu/.wdm/drivers/chromedriver/linux64/121.0.6167.184/chromedriver-linux64/chromedriver] found in cache
[2024-02-22T09:53:04.433+0900] {Naver_News_Collect.py:118} INFO - 접속완료
[2024-02-22T09:53:05.417+0900] {Naver_News_Collect.py:121} INFO - 97 Start
[2024-02-22T09:53:18.467+0900] {Naver_News_Collect.py:157} INFO - 98 End
[2024-02-22T09:53:21.471+0900] {logger.py:11} INFO - ====== WebDriver manager ======
[2024-02-22T09:53:21.553+0900] {logger.py:11} INFO - Get LATEST chromedriver version for google-chrome
[2024-02-22T09:53:21.635+0900] {logger.py:11} INFO - Get LATEST chromedriver version for google-chrome
[2024-02-22T09:53:21.718+0900] {logger.py:11} INFO - Driver [/home/ubuntu/.wdm/drivers/chromedriver/linux64/121.0.6167.184/chromedriver-linux64/chromedriver] found in cache
[2024-02-22T09:53:22.390+0900] {Naver_News_Collect.py:118} INFO - 접속완료
[2024-02-22T09:53:23.421+0900] {Naver_News_Collect.py:121} INFO - 98 Start
[2024-02-22T09:53:46.212+0900] {Naver_News_Collect.py:157} INFO - 99 End
[2024-02-22T09:53:49.216+0900] {logger.py:11} INFO - ====== WebDriver manager ======
[2024-02-22T09:53:49.296+0900] {logger.py:11} INFO - Get LATEST chromedriver version for google-chrome
[2024-02-22T09:53:49.378+0900] {logger.py:11} INFO - Get LATEST chromedriver version for google-chrome
[2024-02-22T09:53:49.459+0900] {logger.py:11} INFO - Driver [/home/ubuntu/.wdm/drivers/chromedriver/linux64/121.0.6167.184/chromedriver-linux64/chromedriver] found in cache
[2024-02-22T09:53:50.132+0900] {Naver_News_Collect.py:118} INFO - 접속완료
[2024-02-22T09:54:20.205+0900] {Naver_News_Collect.py:121} INFO - 99 Start
[2024-02-22T09:54:30.324+0900] {Naver_News_Collect.py:157} INFO - 99 End
[2024-02-22T09:54:32.326+0900] {logger.py:11} INFO - ====== WebDriver manager ======
[2024-02-22T09:54:32.407+0900] {logger.py:11} INFO - Get LATEST chromedriver version for google-chrome
[2024-02-22T09:54:32.489+0900] {logger.py:11} INFO - Get LATEST chromedriver version for google-chrome
[2024-02-22T09:54:32.571+0900] {logger.py:11} INFO - Driver [/home/ubuntu/.wdm/drivers/chromedriver/linux64/121.0.6167.184/chromedriver-linux64/chromedriver] found in cache
[2024-02-22T09:54:33.245+0900] {Naver_News_Collect.py:118} INFO - 접속완료
[2024-02-22T09:54:34.308+0900] {Naver_News_Collect.py:121} INFO - 99 Start
[2024-02-22T09:54:57.128+0900] {Naver_News_Collect.py:157} INFO - 100 End
[2024-02-22T09:54:59.129+0900] {logger.py:11} INFO - ====== WebDriver manager ======
[2024-02-22T09:54:59.208+0900] {logger.py:11} INFO - Get LATEST chromedriver version for google-chrome
[2024-02-22T09:54:59.290+0900] {logger.py:11} INFO - Get LATEST chromedriver version for google-chrome
[2024-02-22T09:54:59.373+0900] {logger.py:11} INFO - Driver [/home/ubuntu/.wdm/drivers/chromedriver/linux64/121.0.6167.184/chromedriver-linux64/chromedriver] found in cache
[2024-02-22T09:55:00.049+0900] {Naver_News_Collect.py:118} INFO - 접속완료
[2024-02-22T09:55:01.045+0900] {Naver_News_Collect.py:121} INFO - 100 Start
[2024-02-22T09:55:23.972+0900] {Naver_News_Collect.py:157} INFO - 101 End
[2024-02-22T09:55:26.975+0900] {logger.py:11} INFO - ====== WebDriver manager ======
[2024-02-22T09:55:27.056+0900] {logger.py:11} INFO - Get LATEST chromedriver version for google-chrome
[2024-02-22T09:55:27.139+0900] {logger.py:11} INFO - Get LATEST chromedriver version for google-chrome
[2024-02-22T09:55:27.221+0900] {logger.py:11} INFO - Driver [/home/ubuntu/.wdm/drivers/chromedriver/linux64/121.0.6167.184/chromedriver-linux64/chromedriver] found in cache
[2024-02-22T09:55:27.890+0900] {Naver_News_Collect.py:118} INFO - 접속완료
[2024-02-22T09:55:28.947+0900] {Naver_News_Collect.py:121} INFO - 101 Start
[2024-02-22T09:55:42.299+0900] {Naver_News_Collect.py:157} INFO - 102 End
[2024-02-22T09:55:45.302+0900] {logger.py:11} INFO - ====== WebDriver manager ======
[2024-02-22T09:55:45.385+0900] {logger.py:11} INFO - Get LATEST chromedriver version for google-chrome
[2024-02-22T09:55:45.468+0900] {logger.py:11} INFO - Get LATEST chromedriver version for google-chrome
[2024-02-22T09:55:45.551+0900] {logger.py:11} INFO - Driver [/home/ubuntu/.wdm/drivers/chromedriver/linux64/121.0.6167.184/chromedriver-linux64/chromedriver] found in cache
[2024-02-22T09:55:46.227+0900] {Naver_News_Collect.py:118} INFO - 접속완료
[2024-02-22T09:55:47.231+0900] {Naver_News_Collect.py:121} INFO - 102 Start
[2024-02-22T09:56:00.112+0900] {Naver_News_Collect.py:157} INFO - 103 End
[2024-02-22T09:56:03.116+0900] {logger.py:11} INFO - ====== WebDriver manager ======
[2024-02-22T09:56:03.197+0900] {logger.py:11} INFO - Get LATEST chromedriver version for google-chrome
[2024-02-22T09:56:03.279+0900] {logger.py:11} INFO - Get LATEST chromedriver version for google-chrome
[2024-02-22T09:56:03.362+0900] {logger.py:11} INFO - Driver [/home/ubuntu/.wdm/drivers/chromedriver/linux64/121.0.6167.184/chromedriver-linux64/chromedriver] found in cache
[2024-02-22T09:56:04.036+0900] {Naver_News_Collect.py:118} INFO - 접속완료
[2024-02-22T09:56:05.059+0900] {Naver_News_Collect.py:121} INFO - 103 Start
[2024-02-22T09:56:29.409+0900] {Naver_News_Collect.py:157} INFO - 104 End
[2024-02-22T09:56:32.413+0900] {logger.py:11} INFO - ====== WebDriver manager ======
[2024-02-22T09:56:32.493+0900] {logger.py:11} INFO - Get LATEST chromedriver version for google-chrome
[2024-02-22T09:56:32.576+0900] {logger.py:11} INFO - Get LATEST chromedriver version for google-chrome
[2024-02-22T09:56:32.658+0900] {logger.py:11} INFO - Driver [/home/ubuntu/.wdm/drivers/chromedriver/linux64/121.0.6167.184/chromedriver-linux64/chromedriver] found in cache
[2024-02-22T09:56:33.330+0900] {Naver_News_Collect.py:118} INFO - 접속완료
[2024-02-22T09:56:34.337+0900] {Naver_News_Collect.py:121} INFO - 104 Start
[2024-02-22T09:56:47.439+0900] {Naver_News_Collect.py:157} INFO - 105 End
[2024-02-22T09:56:50.442+0900] {logger.py:11} INFO - ====== WebDriver manager ======
[2024-02-22T09:56:50.523+0900] {logger.py:11} INFO - Get LATEST chromedriver version for google-chrome
[2024-02-22T09:56:50.605+0900] {logger.py:11} INFO - Get LATEST chromedriver version for google-chrome
[2024-02-22T09:56:50.688+0900] {logger.py:11} INFO - Driver [/home/ubuntu/.wdm/drivers/chromedriver/linux64/121.0.6167.184/chromedriver-linux64/chromedriver] found in cache
[2024-02-22T09:56:51.356+0900] {Naver_News_Collect.py:118} INFO - 접속완료
[2024-02-22T09:56:52.263+0900] {Naver_News_Collect.py:121} INFO - 105 Start
[2024-02-22T09:57:15.089+0900] {Naver_News_Collect.py:157} INFO - 106 End
[2024-02-22T09:57:18.092+0900] {logger.py:11} INFO - ====== WebDriver manager ======
[2024-02-22T09:57:18.174+0900] {logger.py:11} INFO - Get LATEST chromedriver version for google-chrome
[2024-02-22T09:57:18.257+0900] {logger.py:11} INFO - Get LATEST chromedriver version for google-chrome
[2024-02-22T09:57:18.340+0900] {logger.py:11} INFO - Driver [/home/ubuntu/.wdm/drivers/chromedriver/linux64/121.0.6167.184/chromedriver-linux64/chromedriver] found in cache
[2024-02-22T09:57:19.003+0900] {Naver_News_Collect.py:118} INFO - 접속완료
[2024-02-22T09:57:19.981+0900] {Naver_News_Collect.py:121} INFO - 106 Start
[2024-02-22T09:59:53.425+0900] {Naver_News_Collect.py:157} INFO - 107 End
[2024-02-22T09:59:56.428+0900] {logger.py:11} INFO - ====== WebDriver manager ======
[2024-02-22T09:59:56.509+0900] {logger.py:11} INFO - Get LATEST chromedriver version for google-chrome
[2024-02-22T09:59:56.593+0900] {logger.py:11} INFO - Get LATEST chromedriver version for google-chrome
[2024-02-22T09:59:56.675+0900] {logger.py:11} INFO - Driver [/home/ubuntu/.wdm/drivers/chromedriver/linux64/121.0.6167.184/chromedriver-linux64/chromedriver] found in cache
[2024-02-22T09:59:57.341+0900] {Naver_News_Collect.py:118} INFO - 접속완료
[2024-02-22T09:59:58.379+0900] {Naver_News_Collect.py:121} INFO - 107 Start
[2024-02-22T10:00:11.768+0900] {Naver_News_Collect.py:157} INFO - 108 End
[2024-02-22T10:00:13.770+0900] {logger.py:11} INFO - ====== WebDriver manager ======
[2024-02-22T10:00:13.854+0900] {logger.py:11} INFO - Get LATEST chromedriver version for google-chrome
[2024-02-22T10:00:13.937+0900] {logger.py:11} INFO - Get LATEST chromedriver version for google-chrome
[2024-02-22T10:00:14.021+0900] {logger.py:11} INFO - Driver [/home/ubuntu/.wdm/drivers/chromedriver/linux64/121.0.6167.184/chromedriver-linux64/chromedriver] found in cache
[2024-02-22T10:00:14.713+0900] {Naver_News_Collect.py:118} INFO - 접속완료
[2024-02-22T10:00:15.514+0900] {Naver_News_Collect.py:121} INFO - 108 Start
[2024-02-22T10:00:38.105+0900] {Naver_News_Collect.py:157} INFO - 109 End
[2024-02-22T10:00:41.109+0900] {logger.py:11} INFO - ====== WebDriver manager ======
[2024-02-22T10:00:41.191+0900] {logger.py:11} INFO - Get LATEST chromedriver version for google-chrome
[2024-02-22T10:00:41.273+0900] {logger.py:11} INFO - Get LATEST chromedriver version for google-chrome
[2024-02-22T10:00:41.357+0900] {logger.py:11} INFO - Driver [/home/ubuntu/.wdm/drivers/chromedriver/linux64/121.0.6167.184/chromedriver-linux64/chromedriver] found in cache
[2024-02-22T10:00:42.030+0900] {Naver_News_Collect.py:118} INFO - 접속완료
[2024-02-22T10:00:43.046+0900] {Naver_News_Collect.py:121} INFO - 109 Start
[2024-02-22T10:01:18.167+0900] {Naver_News_Collect.py:157} INFO - 110 End
[2024-02-22T10:01:20.169+0900] {logger.py:11} INFO - ====== WebDriver manager ======
[2024-02-22T10:01:20.249+0900] {logger.py:11} INFO - Get LATEST chromedriver version for google-chrome
[2024-02-22T10:01:20.331+0900] {logger.py:11} INFO - Get LATEST chromedriver version for google-chrome
[2024-02-22T10:01:20.412+0900] {logger.py:11} INFO - Driver [/home/ubuntu/.wdm/drivers/chromedriver/linux64/121.0.6167.184/chromedriver-linux64/chromedriver] found in cache
[2024-02-22T10:01:21.078+0900] {Naver_News_Collect.py:118} INFO - 접속완료
[2024-02-22T10:01:22.109+0900] {Naver_News_Collect.py:121} INFO - 110 Start
[2024-02-22T10:01:35.189+0900] {Naver_News_Collect.py:157} INFO - 111 End
[2024-02-22T10:01:38.192+0900] {logger.py:11} INFO - ====== WebDriver manager ======
[2024-02-22T10:01:38.273+0900] {logger.py:11} INFO - Get LATEST chromedriver version for google-chrome
[2024-02-22T10:01:38.356+0900] {logger.py:11} INFO - Get LATEST chromedriver version for google-chrome
[2024-02-22T10:01:38.438+0900] {logger.py:11} INFO - Driver [/home/ubuntu/.wdm/drivers/chromedriver/linux64/121.0.6167.184/chromedriver-linux64/chromedriver] found in cache
[2024-02-22T10:01:39.115+0900] {Naver_News_Collect.py:118} INFO - 접속완료
[2024-02-22T10:01:40.075+0900] {Naver_News_Collect.py:121} INFO - 111 Start
[2024-02-22T10:02:02.865+0900] {Naver_News_Collect.py:157} INFO - 112 End
[2024-02-22T10:02:05.869+0900] {logger.py:11} INFO - ====== WebDriver manager ======
[2024-02-22T10:02:05.950+0900] {logger.py:11} INFO - Get LATEST chromedriver version for google-chrome
[2024-02-22T10:02:06.032+0900] {logger.py:11} INFO - Get LATEST chromedriver version for google-chrome
[2024-02-22T10:02:06.114+0900] {logger.py:11} INFO - Driver [/home/ubuntu/.wdm/drivers/chromedriver/linux64/121.0.6167.184/chromedriver-linux64/chromedriver] found in cache
[2024-02-22T10:02:06.788+0900] {Naver_News_Collect.py:118} INFO - 접속완료
[2024-02-22T10:02:07.773+0900] {Naver_News_Collect.py:121} INFO - 112 Start
[2024-02-22T10:02:20.924+0900] {Naver_News_Collect.py:157} INFO - 113 End
[2024-02-22T10:02:22.926+0900] {logger.py:11} INFO - ====== WebDriver manager ======
[2024-02-22T10:02:23.008+0900] {logger.py:11} INFO - Get LATEST chromedriver version for google-chrome
[2024-02-22T10:02:23.093+0900] {logger.py:11} INFO - Get LATEST chromedriver version for google-chrome
[2024-02-22T10:02:23.177+0900] {logger.py:11} INFO - Driver [/home/ubuntu/.wdm/drivers/chromedriver/linux64/121.0.6167.184/chromedriver-linux64/chromedriver] found in cache
[2024-02-22T10:02:23.824+0900] {Naver_News_Collect.py:118} INFO - 접속완료
[2024-02-22T10:02:24.917+0900] {Naver_News_Collect.py:121} INFO - 113 Start
[2024-02-22T10:02:47.865+0900] {Naver_News_Collect.py:157} INFO - 114 End
[2024-02-22T10:02:49.867+0900] {logger.py:11} INFO - ====== WebDriver manager ======
[2024-02-22T10:02:49.947+0900] {logger.py:11} INFO - Get LATEST chromedriver version for google-chrome
[2024-02-22T10:02:50.030+0900] {logger.py:11} INFO - Get LATEST chromedriver version for google-chrome
[2024-02-22T10:02:50.112+0900] {logger.py:11} INFO - Driver [/home/ubuntu/.wdm/drivers/chromedriver/linux64/121.0.6167.184/chromedriver-linux64/chromedriver] found in cache
[2024-02-22T10:02:50.767+0900] {Naver_News_Collect.py:118} INFO - 접속완료
[2024-02-22T10:02:51.760+0900] {Naver_News_Collect.py:121} INFO - 114 Start
[2024-02-22T10:03:14.654+0900] {Naver_News_Collect.py:157} INFO - 115 End
[2024-02-22T10:03:17.657+0900] {logger.py:11} INFO - ====== WebDriver manager ======
[2024-02-22T10:03:17.742+0900] {logger.py:11} INFO - Get LATEST chromedriver version for google-chrome
[2024-02-22T10:03:17.826+0900] {logger.py:11} INFO - Get LATEST chromedriver version for google-chrome
[2024-02-22T10:03:17.908+0900] {logger.py:11} INFO - Driver [/home/ubuntu/.wdm/drivers/chromedriver/linux64/121.0.6167.184/chromedriver-linux64/chromedriver] found in cache
[2024-02-22T10:03:18.583+0900] {Naver_News_Collect.py:118} INFO - 접속완료
[2024-02-22T10:03:19.593+0900] {Naver_News_Collect.py:121} INFO - 115 Start
[2024-02-22T10:03:42.448+0900] {Naver_News_Collect.py:157} INFO - 116 End
[2024-02-22T10:03:45.451+0900] {logger.py:11} INFO - ====== WebDriver manager ======
[2024-02-22T10:03:45.532+0900] {logger.py:11} INFO - Get LATEST chromedriver version for google-chrome
[2024-02-22T10:03:45.615+0900] {logger.py:11} INFO - Get LATEST chromedriver version for google-chrome
[2024-02-22T10:03:45.697+0900] {logger.py:11} INFO - Driver [/home/ubuntu/.wdm/drivers/chromedriver/linux64/121.0.6167.184/chromedriver-linux64/chromedriver] found in cache
[2024-02-22T10:03:46.371+0900] {Naver_News_Collect.py:118} INFO - 접속완료
[2024-02-22T10:03:47.393+0900] {Naver_News_Collect.py:121} INFO - 116 Start
[2024-02-22T10:04:00.694+0900] {Naver_News_Collect.py:157} INFO - 117 End
[2024-02-22T10:04:02.697+0900] {logger.py:11} INFO - ====== WebDriver manager ======
[2024-02-22T10:04:02.777+0900] {logger.py:11} INFO - Get LATEST chromedriver version for google-chrome
[2024-02-22T10:04:02.863+0900] {logger.py:11} INFO - Get LATEST chromedriver version for google-chrome
[2024-02-22T10:04:02.945+0900] {logger.py:11} INFO - Driver [/home/ubuntu/.wdm/drivers/chromedriver/linux64/121.0.6167.184/chromedriver-linux64/chromedriver] found in cache
[2024-02-22T10:04:03.595+0900] {Naver_News_Collect.py:118} INFO - 접속완료
[2024-02-22T10:04:04.606+0900] {Naver_News_Collect.py:121} INFO - 117 Start
[2024-02-22T10:04:17.577+0900] {Naver_News_Collect.py:157} INFO - 118 End
[2024-02-22T10:04:20.006+0900] {python.py:201} INFO - Done. Returned value was: None
[2024-02-22T10:04:20.011+0900] {taskinstance.py:1138} INFO - Marking task as SUCCESS. dag_id=CollectNaverNews, task_id=news_Content_Comment_Collect, execution_date=20240221T000000, start_date=20240222T000823, end_date=20240222T010420
[2024-02-22T10:04:20.062+0900] {local_task_job_runner.py:234} INFO - Task exited with return code 0
[2024-02-22T10:04:20.071+0900] {taskinstance.py:3280} INFO - 0 downstream tasks scheduled from follow-on schedule check
